(17, 26)	false	2.5580	0.3835	0.4069	2.4220	0.4366	0.4724	0.1360	0.0531	0.0655
(17, 26)	false	2.5220	0.3401	0.4379	2.5500	0.3737	0.4241	-0.0280	0.0336	-0.0138
(17, 26)	false	2.1060	0.4374	0.4724	2.5140	0.4146	0.4931	-0.4080	-0.0227	0.0207
(17, 26)	true	2.4000	0.3408	0.3931	2.2860	0.3830	0.3310	-0.1140	-0.0423	0.0621
(17, 26)	false	2.2720	0.4606	0.4621	2.6520	0.4083	0.4690	-0.3800	-0.0523	0.0069
(17, 26)	false	2.3860	0.4454	0.5621	2.1660	0.4503	0.4931	0.2200	0.0049	-0.0690
(17, 26)	true	2.3300	0.4460	0.5828	2.2640	0.4373	0.5276	-0.0660	0.0087	0.0552
(17, 26)	false	2.2960	0.3697	0.4724	2.5980	0.3522	0.4448	-0.3020	-0.0176	-0.0276
(17, 26)	false	2.7460	0.3197	0.4552	2.8640	0.3620	0.4276	-0.1180	0.0422	-0.0276
(17, 26)	true	2.4180	0.3921	0.4414	2.3140	0.3574	0.4414	-0.1040	0.0347	0.0000
(16, 23)	false	2.5580	0.3835	0.4069	2.3060	0.4162	0.4483	0.2520	0.0327	0.0414
(16, 23)	true	2.5220	0.3401	0.4379	2.5940	0.3551	0.4172	0.0720	-0.0150	0.0207
(16, 23)	true	2.1060	0.4374	0.4724	2.1020	0.4550	0.4414	-0.0040	-0.0176	0.0310
(16, 23)	false	2.4000	0.3408	0.3931	2.8540	0.3712	0.4103	-0.4540	0.0304	0.0172
(16, 23)	true	2.2720	0.4606	0.4621	2.2320	0.3954	0.4897	-0.0400	0.0652	-0.0276
(16, 23)	true	2.3860	0.4454	0.5621	2.3580	0.4515	0.5207	-0.0280	-0.0061	0.0414
(16, 23)	false	2.3300	0.4460	0.5828	1.9760	0.4985	0.5379	0.3540	0.0525	-0.0448
(16, 23)	false	2.2960	0.3697	0.4724	2.3880	0.3550	0.4862	-0.0920	-0.0147	0.0138
(16, 23)	true	2.7460	0.3197	0.4552	2.9140	0.3047	0.4759	0.1680	0.0150	-0.0207
(16, 23)	true	2.4180	0.3921	0.4414	2.3040	0.4129	0.4345	-0.1140	-0.0208	0.0069
(21, 27)	false	2.5580	0.3835	0.4069	2.5000	0.3584	0.4069	0.0580	-0.0251	0.0000
(21, 27)	false	2.5220	0.3401	0.4379	2.9360	0.3610	0.4172	-0.4140	0.0209	-0.0207
(21, 27)	true	2.1060	0.4374	0.4724	2.5260	0.4185	0.4379	0.4200	0.0188	0.0345
(21, 27)	true	2.4000	0.3408	0.3931	2.4220	0.3941	0.4552	0.0220	-0.0533	-0.0621
(21, 27)	false	2.2720	0.4606	0.4621	2.2800	0.4793	0.4552	-0.0080	0.0187	-0.0069
(21, 27)	false	2.3860	0.4454	0.5621	2.3160	0.4236	0.4931	0.0700	-0.0218	-0.0690
(21, 27)	false	2.3300	0.4460	0.5828	2.4940	0.4074	0.5241	-0.1640	-0.0386	-0.0586
(21, 27)	true	2.2960	0.3697	0.4724	2.2940	0.3904	0.5034	-0.0020	-0.0207	-0.0310
(21, 27)	false	2.7460	0.3197	0.4552	2.6620	0.3619	0.4483	0.0840	0.0421	-0.0069
(21, 27)	true	2.4180	0.3921	0.4414	2.2940	0.3710	0.4379	-0.1240	0.0212	0.0034
(17, 27)	false	2.5580	0.3835	0.4069	2.3720	0.4111	0.4586	0.1860	0.0276	0.0517
(17, 27)	false	2.5220	0.3401	0.4379	2.1940	0.3902	0.4552	0.3280	0.0501	0.0172
(17, 27)	true	2.1060	0.4374	0.4724	2.1180	0.4375	0.4345	0.0120	-0.0001	0.0379
(17, 27)	false	2.4000	0.3408	0.3931	2.5120	0.3772	0.4172	-0.1120	0.0364	0.0241
(17, 27)	true	2.2720	0.4606	0.4621	2.2600	0.4654	0.4621	-0.0120	-0.0048	0.0000
(17, 27)	false	2.3860	0.4454	0.5621	2.2340	0.4427	0.5414	0.1520	-0.0026	-0.0207
(17, 27)	false	2.3300	0.4460	0.5828	2.2640	0.3802	0.5241	0.0660	-0.0658	-0.0586
(17, 27)	true	2.2960	0.3697	0.4724	2.3040	0.3502	0.4379	0.0080	0.0195	0.0345
(17, 27)	true	2.7460	0.3197	0.4552	2.6280	0.2864	0.4000	-0.1180	0.0334	0.0552
(17, 27)	true	2.4180	0.3921	0.4414	2.2700	0.3810	0.4517	-0.1480	0.0112	-0.0103
(14, 20)	true	2.5580	0.3835	0.4069	2.4020	0.3938	0.4103	-0.1560	-0.0103	-0.0034
(14, 20)	false	2.5220	0.3401	0.4379	2.5980	0.4009	0.4345	-0.0760	0.0608	-0.0034
(14, 20)	false	2.1060	0.4374	0.4724	2.2560	0.4675	0.4345	-0.1500	0.0301	-0.0379
(14, 20)	false	2.4000	0.3408	0.3931	2.6280	0.3318	0.3828	-0.2280	-0.0090	-0.0103
(14, 20)	false	2.2720	0.4606	0.4621	2.3700	0.3914	0.4655	-0.0980	-0.0692	0.0034
(14, 20)	false	2.3860	0.4454	0.5621	2.1600	0.4496	0.5621	0.2260	0.0042	0.0000
(14, 20)	false	2.3300	0.4460	0.5828	2.2680	0.4313	0.5207	0.0620	-0.0147	-0.0621
(14, 20)	false	2.2960	0.3697	0.4724	2.3760	0.3370	0.5034	-0.0800	-0.0328	0.0310
(14, 20)	true	2.7460	0.3197	0.4552	2.8360	0.3469	0.4172	0.0900	-0.0271	0.0379
(14, 20)	true	2.4180	0.3921	0.4414	2.2720	0.3826	0.4724	-0.1460	0.0095	-0.0310
(2, 22)	false	2.5580	0.3835	0.4069	2.4400	0.3884	0.4276	0.1180	0.0049	0.0207
(2, 22)	true	2.5220	0.3401	0.4379	2.6740	0.3303	0.3966	0.1520	0.0098	0.0414
(2, 22)	false	2.1060	0.4374	0.4724	2.6540	0.4053	0.4586	-0.5480	-0.0321	-0.0138
(2, 22)	false	2.4000	0.3408	0.3931	2.4520	0.4000	0.4931	-0.0520	0.0593	0.1000
(2, 22)	false	2.2720	0.4606	0.4621	2.7000	0.4021	0.4862	-0.4280	-0.0585	0.0241
(2, 22)	false	2.3860	0.4454	0.5621	1.8740	0.4937	0.6241	0.5120	0.0483	0.0621
(2, 22)	false	2.3300	0.4460	0.5828	2.1260	0.4813	0.5690	0.2040	0.0353	-0.0138
(2, 22)	false	2.2960	0.3697	0.4724	2.3460	0.4001	0.5172	-0.0500	0.0303	0.0448
(2, 22)	false	2.7460	0.3197	0.4552	2.2260	0.4262	0.5448	0.5200	0.1064	0.0897
(2, 22)	true	2.4180	0.3921	0.4414	2.1640	0.3787	0.3552	-0.2540	0.0135	0.0862
(13, 26)	false	2.5580	0.3835	0.4069	2.5920	0.3735	0.3931	-0.0340	-0.0100	-0.0138
(13, 26)	false	2.5220	0.3401	0.4379	2.9620	0.3433	0.3621	-0.4400	0.0032	-0.0759
(13, 26)	false	2.1060	0.4374	0.4724	2.1540	0.4437	0.4517	-0.0480	0.0064	-0.0207
(13, 26)	false	2.4000	0.3408	0.3931	2.0720	0.4174	0.4793	0.3280	0.0766	0.0862
(13, 26)	false	2.2720	0.4606	0.4621	2.2720	0.4366	0.5276	0.0000	-0.0240	0.0655
(13, 26)	false	2.3860	0.4454	0.5621	1.9660	0.5175	0.5793	0.4200	0.0721	0.0172
(13, 26)	false	2.3300	0.4460	0.5828	2.2620	0.4003	0.5310	0.0680	-0.0457	-0.0517
(13, 26)	false	2.2960	0.3697	0.4724	2.5460	0.3652	0.5103	-0.2500	-0.0045	0.0379
(13, 26)	false	2.7460	0.3197	0.4552	2.6120	0.3388	0.4379	0.1340	0.0191	-0.0172
(13, 26)	true	2.4180	0.3921	0.4414	2.3020	0.3971	0.4241	-0.1160	-0.0050	0.0172
(16, 30)	true	2.5580	0.3835	0.4069	2.5420	0.4010	0.4000	-0.0160	-0.0176	0.0069
(16, 30)	false	2.5220	0.3401	0.4379	2.0860	0.4657	0.5276	0.4360	0.1256	0.0897
(16, 30)	false	2.1060	0.4374	0.4724	2.4020	0.3777	0.4276	-0.2960	-0.0597	-0.0448
(16, 30)	true	2.4000	0.3408	0.3931	2.3620	0.3869	0.4586	-0.0380	-0.0461	-0.0655
(16, 30)	false	2.2720	0.4606	0.4621	2.4020	0.4350	0.4517	-0.1300	-0.0255	-0.0103
(16, 30)	false	2.3860	0.4454	0.5621	2.2680	0.4410	0.5552	0.1180	-0.0044	-0.0069
(16, 30)	false	2.3300	0.4460	0.5828	2.5640	0.3940	0.4931	-0.2340	-0.0520	-0.0897
(16, 30)	false	2.2960	0.3697	0.4724	2.6280	0.3457	0.4966	-0.3320	-0.0240	0.0241
(16, 30)	false	2.7460	0.3197	0.4552	2.5160	0.3420	0.4862	0.2300	0.0222	0.0310
(16, 30)	true	2.4180	0.3921	0.4414	2.2940	0.3891	0.4103	-0.1240	0.0031	0.0310
(11, 26)	false	2.5580	0.3835	0.4069	2.6340	0.4011	0.4414	-0.0760	0.0177	0.0345
(11, 26)	true	2.5220	0.3401	0.4379	2.5020	0.3602	0.3621	-0.0200	-0.0201	0.0759
(11, 26)	false	2.1060	0.4374	0.4724	2.2160	0.4541	0.4552	-0.1100	0.0167	-0.0172
(11, 26)	false	2.4000	0.3408	0.3931	2.4700	0.4155	0.4759	-0.0700	0.0747	0.0828
(11, 26)	true	2.2720	0.4606	0.4621	2.4340	0.4404	0.4345	0.1620	0.0201	0.0276
(11, 26)	false	2.3860	0.4454	0.5621	1.9840	0.4584	0.5931	0.4020	0.0130	0.0310
(11, 26)	true	2.3300	0.4460	0.5828	2.2640	0.4607	0.5345	-0.0660	-0.0147	0.0483
(11, 26)	false	2.2960	0.3697	0.4724	2.7000	0.3872	0.4793	-0.4040	0.0175	0.0069
(11, 26)	false	2.7460	0.3197	0.4552	2.4060	0.3499	0.4828	0.3400	0.0301	0.0276
(11, 26)	true	2.4180	0.3921	0.4414	2.4260	0.3880	0.4103	0.0080	0.0041	0.0310
(16, 22)	false	2.5580	0.3835	0.4069	2.2920	0.4002	0.4414	0.2660	0.0167	0.0345
(16, 22)	true	2.5220	0.3401	0.4379	2.4640	0.3617	0.4655	-0.0580	-0.0216	-0.0276
(16, 22)	false	2.1060	0.4374	0.4724	2.2060	0.4118	0.4586	-0.1000	-0.0255	-0.0138
(16, 22)	false	2.4000	0.3408	0.3931	2.4600	0.3793	0.4069	-0.0600	0.0385	0.0138
(16, 22)	false	2.2720	0.4606	0.4621	2.0300	0.5231	0.4552	0.2420	0.0625	-0.0069
(16, 22)	false	2.3860	0.4454	0.5621	1.8180	0.5202	0.5552	0.5680	0.0748	-0.0069
(16, 22)	false	2.3300	0.4460	0.5828	2.3520	0.4219	0.5207	-0.0220	-0.0241	-0.0621
(16, 22)	false	2.2960	0.3697	0.4724	2.2440	0.3705	0.5069	0.0520	0.0008	0.0345
(16, 22)	true	2.7460	0.3197	0.4552	2.5600	0.3566	0.5034	-0.1860	-0.0369	-0.0483
(16, 22)	true	2.4180	0.3921	0.4414	2.6040	0.3784	0.4034	0.1860	0.0138	0.0379
(1, 19)	true	2.5580	0.3835	0.4069	2.4660	0.4173	0.4414	-0.0920	-0.0338	-0.0345
(1, 19)	true	2.5220	0.3401	0.4379	2.4460	0.3460	0.3793	-0.0760	-0.0059	0.0586
(1, 19)	false	2.1060	0.4374	0.4724	2.2380	0.4351	0.5483	-0.1320	-0.0022	0.0759
(1, 19)	false	2.4000	0.3408	0.3931	2.4440	0.4045	0.4517	-0.0440	0.0638	0.0586
(1, 19)	true	2.2720	0.4606	0.4621	2.9200	0.3724	0.3586	0.6480	0.0882	0.1034
(1, 19)	false	2.3860	0.4454	0.5621	1.9460	0.4797	0.5862	0.4400	0.0343	0.0241
(1, 19)	false	2.3300	0.4460	0.5828	2.0980	0.4461	0.5241	0.2320	0.0001	-0.0586
(1, 19)	false	2.2960	0.3697	0.4724	2.5420	0.3808	0.5379	-0.2460	0.0110	0.0655
(1, 19)	false	2.7460	0.3197	0.4552	2.4980	0.3181	0.5241	0.2480	-0.0016	0.0690
(1, 19)	true	2.4180	0.3921	0.4414	2.9600	0.3730	0.3759	0.5420	0.0192	0.0655
(13, 31)	false	2.5580	0.3835	0.4069	2.5640	0.4044	0.4586	-0.0060	0.0209	0.0517
(13, 31)	false	2.5220	0.3401	0.4379	2.4980	0.3856	0.4759	0.0240	0.0455	0.0379
(13, 31)	false	2.1060	0.4374	0.4724	2.2060	0.4309	0.4759	-0.1000	-0.0065	0.0034
(13, 31)	true	2.4000	0.3408	0.3931	2.6880	0.3591	0.4069	0.2880	-0.0183	-0.0138
(13, 31)	false	2.2720	0.4606	0.4621	2.3380	0.4326	0.4897	-0.0660	-0.0280	0.0276
(13, 31)	false	2.3860	0.4454	0.5621	1.9440	0.4932	0.5414	0.4420	0.0478	-0.0207
(13, 31)	false	2.3300	0.4460	0.5828	2.1240	0.4780	0.5724	0.2060	0.0320	-0.0103
(13, 31)	false	2.2960	0.3697	0.4724	2.6020	0.3606	0.5138	-0.3060	-0.0091	0.0414
(13, 31)	false	2.7460	0.3197	0.4552	2.4240	0.3827	0.4586	0.3220	0.0630	0.0034
(13, 31)	true	2.4180	0.3921	0.4414	2.6900	0.3291	0.3897	0.2720	0.0631	0.0517
(10, 30)	true	2.5580	0.3835	0.4069	2.4680	0.3650	0.3966	-0.0900	0.0184	0.0103
(10, 30)	true	2.5220	0.3401	0.4379	2.6940	0.3517	0.3862	0.1720	-0.0116	0.0517
(10, 30)	true	2.1060	0.4374	0.4724	2.3620	0.4483	0.4828	0.2560	-0.0109	-0.0103
(10, 30)	false	2.4000	0.3408	0.3931	2.6380	0.4017	0.4310	-0.2380	0.0610	0.0379
(10, 30)	false	2.2720	0.4606	0.4621	2.0300	0.4178	0.4310	0.2420	-0.0428	-0.0310
(10, 30)	true	2.3860	0.4454	0.5621	2.1660	0.4806	0.5103	-0.2200	-0.0352	0.0517
(10, 30)	true	2.3300	0.4460	0.5828	2.2860	0.4404	0.5931	-0.0440	0.0056	-0.0103
(10, 30)	false	2.2960	0.3697	0.4724	2.4120	0.3923	0.5207	-0.1160	0.0225	0.0483
(10, 30)	false	2.7460	0.3197	0.4552	2.5360	0.3328	0.4207	0.2100	0.0131	-0.0345
(10, 30)	true	2.4180	0.3921	0.4414	2.4000	0.3703	0.4276	-0.0180	0.0219	0.0138
(11, 30)	true	2.5580	0.3835	0.4069	2.4480	0.3990	0.4138	-0.1100	-0.0155	-0.0069
(11, 30)	false	2.5220	0.3401	0.4379	2.3220	0.3723	0.4138	0.2000	0.0322	-0.0241
(11, 30)	false	2.1060	0.4374	0.4724	2.2240	0.4480	0.4379	-0.1180	0.0106	-0.0345
(11, 30)	true	2.4000	0.3408	0.3931	2.5760	0.3903	0.4552	0.1760	-0.0496	-0.0621
(11, 30)	false	2.2720	0.4606	0.4621	2.3700	0.4112	0.4310	-0.0980	-0.0494	-0.0310
(11, 30)	false	2.3860	0.4454	0.5621	2.3020	0.4334	0.5310	0.0840	-0.0120	-0.0310
(11, 30)	true	2.3300	0.4460	0.5828	2.0520	0.4755	0.5241	-0.2780	-0.0295	0.0586
(11, 30)	false	2.2960	0.3697	0.4724	2.2680	0.3490	0.4897	0.0280	-0.0208	0.0172
(11, 30)	false	2.7460	0.3197	0.4552	2.5180	0.3013	0.4552	0.2280	-0.0184	-0.0000
(11, 30)	true	2.4180	0.3921	0.4414	2.4440	0.3718	0.4138	0.0260	0.0203	0.0276
(24, 30)	false	2.5580	0.3835	0.4069	2.6120	0.4130	0.4379	-0.0540	0.0295	0.0310
(24, 30)	true	2.5220	0.3401	0.4379	2.5460	0.3377	0.4034	0.0240	0.0024	0.0345
(24, 30)	false	2.1060	0.4374	0.4724	2.3060	0.4252	0.4655	-0.2000	-0.0122	-0.0069
(24, 30)	false	2.4000	0.3408	0.3931	2.5540	0.3299	0.4172	-0.1540	-0.0108	0.0241
(24, 30)	false	2.2720	0.4606	0.4621	2.0660	0.5066	0.4759	0.2060	0.0460	0.0138
(24, 30)	false	2.3860	0.4454	0.5621	2.1640	0.4188	0.5172	0.2220	-0.0266	-0.0448
(24, 30)	false	2.3300	0.4460	0.5828	2.1660	0.4559	0.5517	0.1640	0.0099	-0.0310
(24, 30)	true	2.2960	0.3697	0.4724	2.4940	0.3925	0.4621	0.1980	-0.0228	0.0103
(24, 30)	false	2.7460	0.3197	0.4552	2.8880	0.3077	0.4000	-0.1420	-0.0121	-0.0552
(24, 30)	true	2.4180	0.3921	0.4414	2.6420	0.3765	0.4069	0.2240	0.0157	0.0345
(1, 7)	false	2.5580	0.3835	0.4069	2.4740	0.4062	0.4103	0.0840	0.0228	0.0034
(1, 7)	false	2.5220	0.3401	0.4379	2.6160	0.3568	0.3724	-0.0940	0.0167	-0.0655
(1, 7)	false	2.1060	0.4374	0.4724	2.2080	0.4010	0.4138	-0.1020	-0.0364	-0.0586
(1, 7)	false	2.4000	0.3408	0.3931	2.8680	0.3994	0.4345	-0.4680	0.0586	0.0414
(1, 7)	false	2.2720	0.4606	0.4621	2.2520	0.4762	0.4724	0.0200	0.0156	0.0103
(1, 7)	false	2.3860	0.4454	0.5621	2.1080	0.4431	0.5483	0.2780	-0.0023	-0.0138
(1, 7)	false	2.3300	0.4460	0.5828	2.0780	0.4503	0.5552	0.2520	0.0043	-0.0276
(1, 7)	false	2.2960	0.3697	0.4724	2.3400	0.3983	0.4862	-0.0440	0.0286	0.0138
(1, 7)	false	2.7460	0.3197	0.4552	2.7480	0.3033	0.3724	-0.0020	-0.0165	-0.0828
(1, 7)	true	2.4180	0.3921	0.4414	2.6440	0.3579	0.4103	0.2260	0.0342	0.0310
(1, 23)	false	2.5580	0.3835	0.4069	2.3920	0.4026	0.4586	0.1660	0.0191	0.0517
(1, 23)	false	2.5220	0.3401	0.4379	2.5500	0.3786	0.4690	-0.0280	0.0385	0.0310
(1, 23)	false	2.1060	0.4374	0.4724	2.2380	0.4526	0.4655	-0.1320	0.0152	-0.0069
(1, 23)	false	2.4000	0.3408	0.3931	2.5400	0.3769	0.4690	-0.1400	0.0361	0.0759
(1, 23)	false	2.2720	0.4606	0.4621	2.5920	0.3866	0.4862	-0.3200	-0.0740	0.0241
(1, 23)	false	2.3860	0.4454	0.5621	2.1420	0.4635	0.5690	0.2440	0.0181	0.0069
(1, 23)	false	2.3300	0.4460	0.5828	2.4220	0.4257	0.5517	-0.0920	-0.0203	-0.0310
(1, 23)	true	2.2960	0.3697	0.4724	2.3120	0.3719	0.4828	0.0160	-0.0022	-0.0103
(1, 23)	false	2.7460	0.3197	0.4552	2.4260	0.3528	0.4345	0.3200	0.0331	-0.0207
(1, 23)	true	2.4180	0.3921	0.4414	2.3480	0.4057	0.4621	-0.0700	-0.0135	-0.0207
(15, 21)	false	2.5580	0.3835	0.4069	2.5220	0.3745	0.4310	0.0360	-0.0090	0.0241
(15, 21)	false	2.5220	0.3401	0.4379	2.3720	0.3829	0.4345	0.1500	0.0428	-0.0034
(15, 21)	true	2.1060	0.4374	0.4724	2.3640	0.4176	0.4241	0.2580	0.0198	0.0483
(15, 21)	false	2.4000	0.3408	0.3931	2.4080	0.3737	0.4517	-0.0080	0.0329	0.0586
(15, 21)	false	2.2720	0.4606	0.4621	2.2720	0.4450	0.4621	0.0000	-0.0156	0.0000
(15, 21)	false	2.3860	0.4454	0.5621	2.0960	0.4558	0.5517	0.2900	0.0105	-0.0103
(15, 21)	false	2.3300	0.4460	0.5828	2.1360	0.4390	0.5483	0.1940	-0.0071	-0.0345
(15, 21)	true	2.2960	0.3697	0.4724	2.2840	0.3441	0.4103	-0.0120	0.0256	0.0621
(15, 21)	false	2.7460	0.3197	0.4552	2.6820	0.3340	0.4759	0.0640	0.0142	0.0207
(15, 21)	false	2.4180	0.3921	0.4414	2.2540	0.3860	0.5103	0.1640	-0.0061	0.0690
(12, 29)	true	2.5580	0.3835	0.4069	2.5300	0.3808	0.3897	-0.0280	0.0027	0.0172
(12, 29)	false	2.5220	0.3401	0.4379	2.4900	0.3780	0.4759	0.0320	0.0379	0.0379
(12, 29)	false	2.1060	0.4374	0.4724	2.5440	0.4551	0.5207	-0.4380	0.0177	0.0483
(12, 29)	false	2.4000	0.3408	0.3931	2.6360	0.3617	0.5103	-0.2360	0.0210	0.1172
(12, 29)	true	2.2720	0.4606	0.4621	2.3040	0.4188	0.4690	0.0320	0.0418	-0.0069
(12, 29)	true	2.3860	0.4454	0.5621	2.4100	0.4402	0.5517	0.0240	0.0052	0.0103
(12, 29)	false	2.3300	0.4460	0.5828	2.2020	0.4573	0.5276	0.1280	0.0113	-0.0552
(12, 29)	false	2.2960	0.3697	0.4724	2.5640	0.3749	0.5207	-0.2680	0.0052	0.0483
(12, 29)	false	2.7460	0.3197	0.4552	3.0820	0.3298	0.4345	-0.3360	0.0101	-0.0207
(12, 29)	false	2.4180	0.3921	0.4414	2.3960	0.3687	0.5310	0.0220	-0.0234	0.0897
(1, 22)	true	2.5580	0.3835	0.4069	2.6120	0.4086	0.3931	0.0540	-0.0252	0.0138
(1, 22)	false	2.5220	0.3401	0.4379	2.4740	0.3500	0.4034	0.0480	0.0100	-0.0345
(1, 22)	true	2.1060	0.4374	0.4724	2.1840	0.4250	0.4517	0.0780	0.0124	0.0207
(1, 22)	false	2.4000	0.3408	0.3931	2.5460	0.3971	0.4966	-0.1460	0.0563	0.1034
(1, 22)	false	2.2720	0.4606	0.4621	2.4220	0.4206	0.4379	-0.1500	-0.0400	-0.0241
(1, 22)	false	2.3860	0.4454	0.5621	2.0220	0.4664	0.6034	0.3640	0.0210	0.0414
(1, 22)	false	2.3300	0.4460	0.5828	2.1400	0.4537	0.5483	0.1900	0.0077	-0.0345
(1, 22)	false	2.2960	0.3697	0.4724	2.5420	0.3424	0.4655	-0.2460	-0.0274	-0.0069
(1, 22)	false	2.7460	0.3197	0.4552	2.7600	0.2985	0.3759	-0.0140	-0.0212	-0.0793
(1, 22)	false	2.4180	0.3921	0.4414	2.6100	0.3851	0.4517	-0.1920	-0.0070	0.0103
(13, 27)	true	2.5580	0.3835	0.4069	2.7120	0.3748	0.3759	0.1540	0.0087	0.0310
(13, 27)	false	2.5220	0.3401	0.4379	2.3320	0.3872	0.4621	0.1900	0.0471	0.0241
(13, 27)	true	2.1060	0.4374	0.4724	2.6800	0.4085	0.5000	0.5740	0.0288	-0.0276
(13, 27)	true	2.4000	0.3408	0.3931	2.4880	0.4069	0.3897	0.0880	-0.0661	0.0034
(13, 27)	false	2.2720	0.4606	0.4621	2.4380	0.3749	0.4793	-0.1660	-0.0857	0.0172
(13, 27)	false	2.3860	0.4454	0.5621	2.0920	0.4919	0.5793	0.2940	0.0466	0.0172
(13, 27)	false	2.3300	0.4460	0.5828	2.6220	0.3661	0.5276	-0.2920	-0.0799	-0.0552
(13, 27)	false	2.2960	0.3697	0.4724	2.3900	0.3362	0.4172	-0.0940	-0.0335	-0.0552
(13, 27)	false	2.7460	0.3197	0.4552	3.0560	0.3374	0.4207	-0.3100	0.0176	-0.0345
(13, 27)	false	2.4180	0.3921	0.4414	2.4400	0.3810	0.4759	-0.0220	-0.0112	0.0345
(17, 23)	false	2.5580	0.3835	0.4069	2.2580	0.4645	0.4690	0.3000	0.0810	0.0621
(17, 23)	false	2.5220	0.3401	0.4379	2.3960	0.3909	0.3759	0.1260	0.0508	-0.0621
(17, 23)	false	2.1060	0.4374	0.4724	2.4240	0.4122	0.4241	-0.3180	-0.0252	-0.0483
(17, 23)	false	2.4000	0.3408	0.3931	2.3660	0.3610	0.4414	0.0340	0.0202	0.0483
(17, 23)	false	2.2720	0.4606	0.4621	2.0640	0.4812	0.4690	0.2080	0.0206	0.0069
(17, 23)	false	2.3860	0.4454	0.5621	1.9740	0.4643	0.5759	0.4120	0.0189	0.0138
(17, 23)	true	2.3300	0.4460	0.5828	2.2580	0.4180	0.5345	-0.0720	0.0280	0.0483
(17, 23)	false	2.2960	0.3697	0.4724	2.4840	0.3715	0.4759	-0.1880	0.0017	0.0034
(17, 23)	true	2.7460	0.3197	0.4552	2.7920	0.3045	0.4690	0.0460	0.0153	-0.0138
(17, 23)	false	2.4180	0.3921	0.4414	2.3420	0.4042	0.4241	0.0760	0.0121	-0.0172
(11, 28)	false	2.5580	0.3835	0.4069	2.3880	0.4392	0.4310	0.1700	0.0557	0.0241
(11, 28)	false	2.5220	0.3401	0.4379	2.4720	0.3697	0.4586	0.0500	0.0296	0.0207
(11, 28)	false	2.1060	0.4374	0.4724	2.0980	0.4170	0.5000	0.0080	-0.0203	0.0276
(11, 28)	true	2.4000	0.3408	0.3931	2.1800	0.3654	0.3793	-0.2200	-0.0246	0.0138
(11, 28)	true	2.2720	0.4606	0.4621	2.3780	0.4189	0.4207	0.1060	0.0417	0.0414
(11, 28)	false	2.3860	0.4454	0.5621	1.8780	0.5255	0.6483	0.5080	0.0801	0.0862
(11, 28)	true	2.3300	0.4460	0.5828	2.1140	0.4305	0.5241	-0.2160	0.0155	0.0586
(11, 28)	false	2.2960	0.3697	0.4724	2.6020	0.4023	0.5448	-0.3060	0.0326	0.0724
(11, 28)	true	2.7460	0.3197	0.4552	2.9080	0.3130	0.3828	0.1620	0.0068	0.0724
(11, 28)	false	2.4180	0.3921	0.4414	2.3740	0.4089	0.5138	0.0440	0.0167	0.0724
(25, 31)	false	2.5580	0.3835	0.4069	2.3540	0.4125	0.4483	0.2040	0.0290	0.0414
(25, 31)	false	2.5220	0.3401	0.4379	2.6120	0.3393	0.4069	-0.0900	-0.0007	-0.0310
(25, 31)	false	2.1060	0.4374	0.4724	2.2360	0.3896	0.4517	-0.1300	-0.0478	-0.0207
(25, 31)	true	2.4000	0.3408	0.3931	2.7260	0.3676	0.3862	0.3260	-0.0268	0.0069
(25, 31)	false	2.2720	0.4606	0.4621	2.1980	0.4085	0.5000	0.0740	-0.0521	0.0379
(25, 31)	false	2.3860	0.4454	0.5621	2.3600	0.4530	0.5000	0.0260	0.0076	-0.0621
(25, 31)	false	2.3300	0.4460	0.5828	2.0680	0.4783	0.5172	0.2620	0.0323	-0.0655
(25, 31)	false	2.2960	0.3697	0.4724	2.3820	0.3383	0.4931	-0.0860	-0.0314	0.0207
(25, 31)	true	2.7460	0.3197	0.4552	2.4120	0.3921	0.4966	-0.3340	-0.0724	-0.0414
(25, 31)	false	2.4180	0.3921	0.4414	2.6760	0.3660	0.4517	-0.2580	-0.0261	0.0103
(10, 29)	false	2.5580	0.3835	0.4069	2.3060	0.4212	0.4241	0.2520	0.0378	0.0172
(10, 29)	true	2.5220	0.3401	0.4379	2.6000	0.3622	0.3793	0.0780	-0.0221	0.0586
(10, 29)	true	2.1060	0.4374	0.4724	2.4400	0.4039	0.4172	0.3340	0.0335	0.0552
(10, 29)	false	2.4000	0.3408	0.3931	2.7040	0.3840	0.4690	-0.3040	0.0432	0.0759
(10, 29)	false	2.2720	0.4606	0.4621	2.3760	0.4013	0.4483	-0.1040	-0.0593	-0.0138
(10, 29)	false	2.3860	0.4454	0.5621	2.0860	0.4458	0.5759	0.3000	0.0004	0.0138
(10, 29)	true	2.3300	0.4460	0.5828	2.2640	0.3993	0.4828	-0.0660	0.0467	0.1000
(10, 29)	false	2.2960	0.3697	0.4724	2.2600	0.4103	0.5448	0.0360	0.0405	0.0724
(10, 29)	true	2.7460	0.3197	0.4552	2.6500	0.3106	0.3345	-0.0960	0.0091	0.1207
(10, 29)	false	2.4180	0.3921	0.4414	2.2660	0.3785	0.4103	0.1520	-0.0136	-0.0310
(13, 19)	true	2.5580	0.3835	0.4069	2.5660	0.4240	0.3897	0.0080	-0.0406	0.0172
(13, 19)	false	2.5220	0.3401	0.4379	2.7520	0.3198	0.4000	-0.2300	-0.0203	-0.0379
(13, 19)	false	2.1060	0.4374	0.4724	2.3420	0.4314	0.5034	-0.2360	-0.0059	0.0310
(13, 19)	false	2.4000	0.3408	0.3931	2.7580	0.3880	0.4759	-0.3580	0.0472	0.0828
(13, 19)	false	2.2720	0.4606	0.4621	2.3840	0.4493	0.4310	-0.1120	-0.0113	-0.0310
(13, 19)	false	2.3860	0.4454	0.5621	2.3440	0.4221	0.5483	0.0420	-0.0233	-0.0138
(13, 19)	false	2.3300	0.4460	0.5828	2.0440	0.4864	0.5483	0.2860	0.0404	-0.0345
(13, 19)	true	2.2960	0.3697	0.4724	2.7800	0.3805	0.5103	0.4840	-0.0108	-0.0379
(13, 19)	false	2.7460	0.3197	0.4552	3.0520	0.3148	0.4862	-0.3060	-0.0050	0.0310
(13, 19)	false	2.4180	0.3921	0.4414	2.3060	0.3821	0.4276	0.1120	-0.0101	-0.0138
(2, 21)	false	2.5580	0.3835	0.4069	2.5680	0.3927	0.4276	-0.0100	0.0093	0.0207
(2, 21)	false	2.5220	0.3401	0.4379	2.7000	0.3350	0.3586	-0.1780	-0.0051	-0.0793
(2, 21)	false	2.1060	0.4374	0.4724	2.3800	0.4000	0.4310	-0.2740	-0.0373	-0.0414
(2, 21)	false	2.4000	0.3408	0.3931	2.4940	0.3579	0.4897	-0.0940	0.0172	0.0966
(2, 21)	false	2.2720	0.4606	0.4621	2.3780	0.3786	0.5207	-0.1060	-0.0820	0.0586
(2, 21)	false	2.3860	0.4454	0.5621	2.3260	0.4181	0.5483	0.0600	-0.0273	-0.0138
(2, 21)	true	2.3300	0.4460	0.5828	2.4580	0.4284	0.5448	0.1280	0.0176	0.0379
(2, 21)	false	2.2960	0.3697	0.4724	2.4420	0.3707	0.5138	-0.1460	0.0009	0.0414
(2, 21)	false	2.7460	0.3197	0.4552	2.5320	0.4098	0.5069	0.2140	0.0900	0.0517
(2, 21)	false	2.4180	0.3921	0.4414	2.4520	0.3703	0.4759	-0.0340	-0.0218	0.0345
(17, 24)	false	2.5580	0.3835	0.4069	2.4400	0.3591	0.4862	0.1180	-0.0244	0.0793
(17, 24)	true	2.5220	0.3401	0.4379	2.7140	0.3233	0.3379	0.1920	0.0168	0.1000
(17, 24)	false	2.1060	0.4374	0.4724	2.1020	0.4227	0.4966	0.0040	-0.0146	0.0241
(17, 24)	false	2.4000	0.3408	0.3931	2.6920	0.3858	0.4034	-0.2920	0.0451	0.0103
(17, 24)	false	2.2720	0.4606	0.4621	2.3800	0.3511	0.4897	-0.1080	-0.1095	0.0276
(17, 24)	false	2.3860	0.4454	0.5621	2.1140	0.4701	0.6034	0.2720	0.0247	0.0414
(17, 24)	false	2.3300	0.4460	0.5828	2.4620	0.3503	0.5379	-0.1320	-0.0957	-0.0448
(17, 24)	false	2.2960	0.3697	0.4724	2.3460	0.3653	0.5034	-0.0500	-0.0045	0.0310
(17, 24)	false	2.7460	0.3197	0.4552	2.9700	0.2913	0.3448	-0.2240	-0.0285	-0.1103
(17, 24)	false	2.4180	0.3921	0.4414	2.4720	0.3768	0.3897	-0.0540	-0.0153	-0.0517
(12, 30)	true	2.5580	0.3835	0.4069	2.6820	0.3617	0.3828	0.1240	0.0218	0.0241
(12, 30)	false	2.5220	0.3401	0.4379	2.3220	0.4009	0.4966	0.2000	0.0608	0.0586
(12, 30)	true	2.1060	0.4374	0.4724	2.5700	0.3959	0.4034	0.4640	0.0414	0.0690
(12, 30)	false	2.4000	0.3408	0.3931	2.4220	0.3703	0.4483	-0.0220	0.0295	0.0552
(12, 30)	true	2.2720	0.4606	0.4621	2.2220	0.4650	0.5034	-0.0500	-0.0044	-0.0414
(12, 30)	false	2.3860	0.4454	0.5621	2.1520	0.4405	0.5103	0.2340	-0.0049	-0.0517
(12, 30)	false	2.3300	0.4460	0.5828	2.4940	0.3922	0.5586	-0.1640	-0.0538	-0.0241
(12, 30)	true	2.2960	0.3697	0.4724	2.5400	0.3786	0.4759	0.2440	-0.0089	-0.0034
(12, 30)	false	2.7460	0.3197	0.4552	2.7680	0.3342	0.4586	-0.0220	0.0144	0.0034
(12, 30)	false	2.4180	0.3921	0.4414	2.6640	0.3374	0.4483	-0.2460	-0.0547	0.0069
(2, 16)	false	2.5580	0.3835	0.4069	2.4800	0.4384	0.4655	0.0780	0.0549	0.0586
(2, 16)	false	2.5220	0.3401	0.4379	2.6860	0.3474	0.3862	-0.1640	0.0073	-0.0517
(2, 16)	false	2.1060	0.4374	0.4724	2.2080	0.4322	0.5172	-0.1020	-0.0052	0.0448
(2, 16)	true	2.4000	0.3408	0.3931	2.2940	0.3749	0.3690	-0.1060	-0.0341	0.0241
(2, 16)	false	2.2720	0.4606	0.4621	2.2180	0.3920	0.4931	0.0540	-0.0686	0.0310
(2, 16)	false	2.3860	0.4454	0.5621	2.2500	0.4439	0.5414	0.1360	-0.0015	-0.0207
(2, 16)	false	2.3300	0.4460	0.5828	2.3720	0.4168	0.5379	-0.0420	-0.0292	-0.0448
(2, 16)	false	2.2960	0.3697	0.4724	2.2280	0.4113	0.5069	0.0680	0.0415	0.0345
(2, 16)	false	2.7460	0.3197	0.4552	2.6980	0.3196	0.4379	0.0480	-0.0001	-0.0172
(2, 16)	false	2.4180	0.3921	0.4414	2.5780	0.3710	0.4862	-0.1600	-0.0211	0.0448
(11, 31)	false	2.5580	0.3835	0.4069	2.4360	0.3814	0.4448	0.1220	-0.0021	0.0379
(11, 31)	false	2.5220	0.3401	0.4379	2.5220	0.3604	0.4207	0.0000	0.0203	-0.0172
(11, 31)	false	2.1060	0.4374	0.4724	2.3300	0.3898	0.4138	-0.2240	-0.0476	-0.0586
(11, 31)	true	2.4000	0.3408	0.3931	2.2820	0.3704	0.4345	-0.1180	-0.0297	-0.0414
(11, 31)	false	2.2720	0.4606	0.4621	2.1880	0.4833	0.4655	0.0840	0.0227	0.0034
(11, 31)	false	2.3860	0.4454	0.5621	1.9980	0.5200	0.5966	0.3880	0.0746	0.0345
(11, 31)	false	2.3300	0.4460	0.5828	2.3020	0.4495	0.5690	0.0280	0.0035	-0.0138
(11, 31)	false	2.2960	0.3697	0.4724	2.6000	0.3459	0.5172	-0.3040	-0.0239	0.0448
(11, 31)	false	2.7460	0.3197	0.4552	2.5700	0.3206	0.5241	0.1760	0.0008	0.0690
(11, 31)	false	2.4180	0.3921	0.4414	2.3160	0.3948	0.4276	0.1020	0.0027	-0.0138
(12, 18)	true	2.5580	0.3835	0.4069	2.6940	0.3949	0.4448	0.1360	-0.0114	-0.0379
(12, 18)	true	2.5220	0.3401	0.4379	2.7380	0.3331	0.4034	0.2160	0.0070	0.0345
(12, 18)	false	2.1060	0.4374	0.4724	2.1680	0.4507	0.4345	-0.0620	0.0133	-0.0379
(12, 18)	true	2.4000	0.3408	0.3931	2.4480	0.4283	0.4448	0.0480	-0.0875	-0.0517
(12, 18)	true	2.2720	0.4606	0.4621	2.4500	0.3855	0.5069	0.1780	0.0750	-0.0448
(12, 18)	false	2.3860	0.4454	0.5621	2.1960	0.4677	0.5828	0.1900	0.0223	0.0207
(12, 18)	true	2.3300	0.4460	0.5828	2.1940	0.4310	0.5414	-0.1360	0.0150	0.0414
(12, 18)	false	2.2960	0.3697	0.4724	2.3540	0.3550	0.4310	-0.0580	-0.0147	-0.0414
(12, 18)	true	2.7460	0.3197	0.4552	2.6860	0.3322	0.4586	-0.0600	-0.0125	-0.0034
(12, 18)	false	2.4180	0.3921	0.4414	2.4140	0.3636	0.4103	0.0040	-0.0285	-0.0310
(17, 30)	false	2.5580	0.3835	0.4069	2.2880	0.4320	0.5414	0.2700	0.0485	0.1345
(17, 30)	false	2.5220	0.3401	0.4379	2.1640	0.4401	0.5345	0.3580	0.1000	0.0966
(17, 30)	false	2.1060	0.4374	0.4724	2.3120	0.4269	0.4793	-0.2060	-0.0105	0.0069
(17, 30)	false	2.4000	0.3408	0.3931	2.8360	0.3797	0.3966	-0.4360	0.0390	0.0034
(17, 30)	true	2.2720	0.4606	0.4621	2.3760	0.4400	0.4586	0.1040	0.0206	0.0034
(17, 30)	true	2.3860	0.4454	0.5621	2.2360	0.4600	0.5069	-0.1500	-0.0146	0.0552
(17, 30)	false	2.3300	0.4460	0.5828	2.1180	0.5326	0.5793	0.2120	0.0866	-0.0034
(17, 30)	false	2.2960	0.3697	0.4724	2.3840	0.3793	0.4897	-0.0880	0.0096	0.0172
(17, 30)	false	2.7460	0.3197	0.4552	2.5960	0.4245	0.5276	0.1500	0.1048	0.0724
(17, 30)	false	2.4180	0.3921	0.4414	2.3620	0.3837	0.4000	0.0560	-0.0085	-0.0414
(16, 27)	false	2.5580	0.3835	0.4069	2.3020	0.4112	0.4897	0.2560	0.0277	0.0828
(16, 27)	false	2.5220	0.3401	0.4379	2.4080	0.3668	0.4793	0.1140	0.0267	0.0414
(16, 27)	false	2.1060	0.4374	0.4724	2.7660	0.3602	0.4379	-0.6600	-0.0771	-0.0345
(16, 27)	true	2.4000	0.3408	0.3931	2.3020	0.4642	0.4897	-0.0980	-0.1235	-0.0966
(16, 27)	false	2.2720	0.4606	0.4621	2.2900	0.4159	0.4207	-0.0180	-0.0447	-0.0414
(16, 27)	true	2.3860	0.4454	0.5621	2.3380	0.4266	0.5690	-0.0480	0.0188	-0.0069
(16, 27)	true	2.3300	0.4460	0.5828	2.5080	0.4112	0.4966	0.1780	0.0349	0.0862
(16, 27)	false	2.2960	0.3697	0.4724	2.4800	0.3788	0.4621	-0.1840	0.0090	-0.0103
(16, 27)	true	2.7460	0.3197	0.4552	2.6420	0.3043	0.4724	-0.1040	0.0154	-0.0172
(16, 27)	false	2.4180	0.3921	0.4414	2.4720	0.3722	0.4345	-0.0540	-0.0200	-0.0069
(12, 27)	true	2.5580	0.3835	0.4069	2.3860	0.4322	0.4517	-0.1720	-0.0487	-0.0448
(12, 27)	false	2.5220	0.3401	0.4379	2.3920	0.3818	0.4517	0.1300	0.0417	0.0138
(12, 27)	false	2.1060	0.4374	0.4724	2.2300	0.4500	0.4552	-0.1240	0.0127	-0.0172
(12, 27)	false	2.4000	0.3408	0.3931	2.6680	0.3492	0.4310	-0.2680	0.0085	0.0379
(12, 27)	true	2.2720	0.4606	0.4621	2.1960	0.4374	0.4586	-0.0760	0.0232	0.0034
(12, 27)	false	2.3860	0.4454	0.5621	2.1360	0.4688	0.6000	0.2500	0.0235	0.0379
(12, 27)	false	2.3300	0.4460	0.5828	2.3580	0.4203	0.5621	-0.0280	-0.0257	-0.0207
(12, 27)	true	2.2960	0.3697	0.4724	2.4220	0.3546	0.4759	0.1260	0.0151	-0.0034
(12, 27)	false	2.7460	0.3197	0.4552	2.9800	0.3185	0.4414	-0.2340	-0.0012	-0.0138
(12, 27)	false	2.4180	0.3921	0.4414	2.3820	0.3817	0.4552	0.0360	-0.0104	0.0138
(2, 26)	false	2.5580	0.3835	0.4069	2.5120	0.4245	0.3862	0.0460	0.0410	-0.0207
(2, 26)	false	2.5220	0.3401	0.4379	2.9660	0.3358	0.4103	-0.4440	-0.0043	-0.0276
(2, 26)	true	2.1060	0.4374	0.4724	2.2400	0.4136	0.4138	0.1340	0.0237	0.0586
(2, 26)	false	2.4000	0.3408	0.3931	2.5120	0.3588	0.4552	-0.1120	0.0180	0.0621
(2, 26)	false	2.2720	0.4606	0.4621	2.2620	0.4699	0.4724	0.0100	0.0093	0.0103
(2, 26)	false	2.3860	0.4454	0.5621	2.1020	0.4743	0.5621	0.2840	0.0290	0.0000
(2, 26)	false	2.3300	0.4460	0.5828	2.0780	0.4732	0.5621	0.2520	0.0272	-0.0207
(2, 26)	true	2.2960	0.3697	0.4724	2.6760	0.3546	0.5034	0.3800	0.0151	-0.0310
(2, 26)	false	2.7460	0.3197	0.4552	2.4860	0.3714	0.4414	0.2600	0.0516	-0.0138
(2, 26)	false	2.4180	0.3921	0.4414	2.2100	0.4173	0.4586	0.2080	0.0251	0.0172
(22, 28)	false	2.5580	0.3835	0.4069	2.5820	0.3980	0.3897	-0.0240	0.0145	-0.0172
(22, 28)	false	2.5220	0.3401	0.4379	2.3220	0.3451	0.4241	0.2000	0.0050	-0.0138
(22, 28)	true	2.1060	0.4374	0.4724	2.0980	0.4275	0.4621	-0.0080	0.0098	0.0103
(22, 28)	true	2.4000	0.3408	0.3931	2.3340	0.3513	0.4379	-0.0660	-0.0106	-0.0448
(22, 28)	true	2.2720	0.4606	0.4621	2.2260	0.4090	0.4655	-0.0460	0.0515	-0.0034
(22, 28)	false	2.3860	0.4454	0.5621	2.2700	0.4330	0.5000	0.1160	-0.0124	-0.0621
(22, 28)	false	2.3300	0.4460	0.5828	2.1660	0.4357	0.5759	0.1640	-0.0103	-0.0069
(22, 28)	false	2.2960	0.3697	0.4724	2.6780	0.3729	0.4690	-0.3820	0.0032	-0.0034
(22, 28)	false	2.7460	0.3197	0.4552	2.0800	0.3467	0.3931	0.6660	0.0270	-0.0621
(22, 28)	false	2.4180	0.3921	0.4414	2.2900	0.4132	0.4862	0.1280	0.0211	0.0448
(1, 21)	false	2.5580	0.3835	0.4069	2.7700	0.3771	0.3862	-0.2120	-0.0064	-0.0207
(1, 21)	true	2.5220	0.3401	0.4379	2.8300	0.3323	0.4034	0.3080	0.0078	0.0345
(1, 21)	false	2.1060	0.4374	0.4724	2.5640	0.3839	0.4310	-0.4580	-0.0534	-0.0414
(1, 21)	false	2.4000	0.3408	0.3931	2.1820	0.4161	0.4897	0.2180	0.0753	0.0966
(1, 21)	false	2.2720	0.4606	0.4621	2.1740	0.4509	0.5138	0.0980	-0.0097	0.0517
(1, 21)	false	2.3860	0.4454	0.5621	2.1300	0.5057	0.5517	0.2560	0.0603	-0.0103
(1, 21)	false	2.3300	0.4460	0.5828	2.1360	0.4925	0.5655	0.1940	0.0465	-0.0172
(1, 21)	false	2.2960	0.3697	0.4724	2.3140	0.3950	0.4621	-0.0180	0.0252	-0.0103
(1, 21)	false	2.7460	0.3197	0.4552	2.5520	0.3123	0.4034	0.1940	-0.0074	-0.0517
(1, 21)	false	2.4180	0.3921	0.4414	2.2660	0.4278	0.4379	0.1520	0.0357	-0.0034
(1, 16)	false	2.5580	0.3835	0.4069	2.3720	0.4511	0.4690	0.1860	0.0676	0.0621
(1, 16)	true	2.5220	0.3401	0.4379	2.6520	0.3235	0.3931	0.1300	0.0166	0.0448
(1, 16)	false	2.1060	0.4374	0.4724	2.0560	0.4141	0.4448	0.0500	-0.0232	-0.0276
(1, 16)	false	2.4000	0.3408	0.3931	2.7140	0.3594	0.4241	-0.3140	0.0186	0.0310
(1, 16)	false	2.2720	0.4606	0.4621	2.4440	0.4181	0.5069	-0.1720	-0.0425	0.0448
(1, 16)	false	2.3860	0.4454	0.5621	2.3240	0.4119	0.5931	0.0620	-0.0335	0.0310
(1, 16)	false	2.3300	0.4460	0.5828	2.0240	0.4580	0.5586	0.3060	0.0120	-0.0241
(1, 16)	false	2.2960	0.3697	0.4724	2.4560	0.3387	0.4586	-0.1600	-0.0311	-0.0138
(1, 16)	true	2.7460	0.3197	0.4552	2.5380	0.3139	0.4621	-0.2080	0.0059	-0.0069
(1, 16)	false	2.4180	0.3921	0.4414	2.2620	0.3977	0.4586	0.1560	0.0056	0.0172
(11, 27)	false	2.5580	0.3835	0.4069	2.5880	0.3673	0.4241	-0.0300	-0.0161	0.0172
(11, 27)	false	2.5220	0.3401	0.4379	2.6840	0.3469	0.4172	-0.1620	0.0068	-0.0207
(11, 27)	false	2.1060	0.4374	0.4724	2.3180	0.4378	0.4759	-0.2120	0.0004	0.0034
(11, 27)	false	2.4000	0.3408	0.3931	2.7380	0.3861	0.4345	-0.3380	0.0453	0.0414
(11, 27)	true	2.2720	0.4606	0.4621	2.3240	0.3732	0.4897	0.0520	0.0874	-0.0276
(11, 27)	false	2.3860	0.4454	0.5621	2.0800	0.4534	0.5966	0.3060	0.0080	0.0345
(11, 27)	false	2.3300	0.4460	0.5828	2.2960	0.4526	0.5655	0.0340	0.0066	-0.0172
(11, 27)	true	2.2960	0.3697	0.4724	2.3760	0.3901	0.4690	0.0800	-0.0203	0.0034
(11, 27)	false	2.7460	0.3197	0.4552	2.6800	0.3406	0.4724	0.0660	0.0209	0.0172
(11, 27)	false	2.4180	0.3921	0.4414	2.5880	0.3429	0.4655	-0.1700	-0.0492	0.0241
(13, 22)	false	2.5580	0.3835	0.4069	2.5680	0.4386	0.4793	-0.0100	0.0551	0.0724
(13, 22)	true	2.5220	0.3401	0.4379	2.6280	0.3671	0.3690	0.1060	-0.0270	0.0690
(13, 22)	false	2.1060	0.4374	0.4724	2.4140	0.4398	0.4345	-0.3080	0.0025	-0.0379
(13, 22)	false	2.4000	0.3408	0.3931	2.6240	0.3758	0.4276	-0.2240	0.0350	0.0345
(13, 22)	false	2.2720	0.4606	0.4621	2.2040	0.4894	0.5759	0.0680	0.0288	0.1138
(13, 22)	false	2.3860	0.4454	0.5621	1.9740	0.4808	0.5483	0.4120	0.0354	-0.0138
(13, 22)	true	2.3300	0.4460	0.5828	2.3940	0.4181	0.5138	0.0640	0.0280	0.0690
(13, 22)	false	2.2960	0.3697	0.4724	2.7560	0.3511	0.4724	-0.4600	-0.0186	0.0000
(13, 22)	true	2.7460	0.3197	0.4552	2.6720	0.3181	0.3103	-0.0740	0.0017	0.1448
(13, 22)	false	2.4180	0.3921	0.4414	2.1720	0.3746	0.4414	0.2460	-0.0175	0.0000
(12, 31)	false	2.5580	0.3835	0.4069	2.5980	0.4144	0.4345	-0.0400	0.0309	0.0276
(12, 31)	false	2.5220	0.3401	0.4379	2.1940	0.3933	0.4621	0.3280	0.0532	0.0241
(12, 31)	false	2.1060	0.4374	0.4724	2.3680	0.3948	0.4345	-0.2620	-0.0426	-0.0379
(12, 31)	false	2.4000	0.3408	0.3931	2.8640	0.3503	0.4172	-0.4640	0.0096	0.0241
(12, 31)	false	2.2720	0.4606	0.4621	2.1120	0.4248	0.4690	0.1600	-0.0358	0.0069
(12, 31)	false	2.3860	0.4454	0.5621	2.2000	0.4475	0.5621	0.1860	0.0021	0.0000
(12, 31)	false	2.3300	0.4460	0.5828	2.1280	0.4239	0.5414	0.2020	-0.0221	-0.0414
(12, 31)	false	2.2960	0.3697	0.4724	2.5060	0.3821	0.5069	-0.2100	0.0123	0.0345
(12, 31)	false	2.7460	0.3197	0.4552	2.4080	0.3558	0.5172	0.3380	0.0361	0.0621
(12, 31)	false	2.4180	0.3921	0.4414	2.2140	0.3632	0.4862	0.2040	-0.0290	0.0448
(13, 30)	true	2.5580	0.3835	0.4069	2.5720	0.3658	0.4172	0.0140	0.0177	-0.0103
(13, 30)	false	2.5220	0.3401	0.4379	2.2000	0.3914	0.4690	0.3220	0.0513	0.0310
(13, 30)	false	2.1060	0.4374	0.4724	2.3900	0.4282	0.4655	-0.2840	-0.0092	-0.0069
(13, 30)	false	2.4000	0.3408	0.3931	2.6820	0.3696	0.4138	-0.2820	0.0288	0.0207
(13, 30)	true	2.2720	0.4606	0.4621	2.2800	0.3963	0.4103	0.0080	0.0642	0.0517
(13, 30)	true	2.3860	0.4454	0.5621	2.5060	0.4246	0.5897	0.1200	0.0207	-0.0276
(13, 30)	true	2.3300	0.4460	0.5828	2.4620	0.3799	0.4724	0.1320	0.0661	0.1103
(13, 30)	true	2.2960	0.3697	0.4724	2.4140	0.3594	0.4862	0.1180	0.0103	-0.0138
(13, 30)	false	2.7460	0.3197	0.4552	2.8920	0.3112	0.4793	-0.1460	-0.0085	0.0241
(13, 30)	false	2.4180	0.3921	0.4414	2.5540	0.3341	0.4172	-0.1360	-0.0581	-0.0241
(1, 17)	true	2.5580	0.3835	0.4069	2.4240	0.3779	0.3379	-0.1340	0.0056	0.0690
(1, 17)	false	2.5220	0.3401	0.4379	2.5580	0.3586	0.4517	-0.0360	0.0186	0.0138
(1, 17)	false	2.1060	0.4374	0.4724	2.1000	0.4018	0.5207	0.0060	-0.0356	0.0483
(1, 17)	true	2.4000	0.3408	0.3931	2.1400	0.3775	0.3931	-0.2600	-0.0367	0.0000
(1, 17)	false	2.2720	0.4606	0.4621	2.3580	0.4003	0.5103	-0.0860	-0.0603	0.0483
(1, 17)	true	2.3860	0.4454	0.5621	2.3540	0.4246	0.4414	-0.0320	0.0207	0.1207
(1, 17)	false	2.3300	0.4460	0.5828	2.2180	0.4612	0.5759	0.1120	0.0152	-0.0069
(1, 17)	true	2.2960	0.3697	0.4724	2.4280	0.3731	0.4621	0.1320	-0.0034	0.0103
(1, 17)	true	2.7460	0.3197	0.4552	2.7160	0.3133	0.3897	-0.0300	0.0065	0.0655
(1, 17)	false	2.4180	0.3921	0.4414	2.3000	0.3465	0.5034	0.1180	-0.0456	0.0621
(13, 20)	false	2.5580	0.3835	0.4069	2.5000	0.3568	0.3897	0.0580	-0.0266	-0.0172
(13, 20)	false	2.5220	0.3401	0.4379	2.5500	0.3560	0.3862	-0.0280	0.0159	-0.0517
(13, 20)	false	2.1060	0.4374	0.4724	2.4840	0.4208	0.4759	-0.3780	-0.0165	0.0034
(13, 20)	false	2.4000	0.3408	0.3931	2.5980	0.4012	0.4069	-0.1980	0.0605	0.0138
(13, 20)	false	2.2720	0.4606	0.4621	2.3320	0.3996	0.4931	-0.0600	-0.0610	0.0310
(13, 20)	true	2.3860	0.4454	0.5621	2.0560	0.4445	0.5414	-0.3300	0.0008	0.0207
(13, 20)	false	2.3300	0.4460	0.5828	2.5480	0.4162	0.5000	-0.2180	-0.0298	-0.0828
(13, 20)	false	2.2960	0.3697	0.4724	2.3340	0.3493	0.4345	-0.0380	-0.0205	-0.0379
(13, 20)	false	2.7460	0.3197	0.4552	2.5200	0.3638	0.4621	0.2260	0.0441	0.0069
(13, 20)	false	2.4180	0.3921	0.4414	2.2200	0.3986	0.4621	0.1980	0.0065	0.0207
(7, 26)	true	2.5580	0.3835	0.4069	2.4440	0.3961	0.4172	-0.1140	-0.0126	-0.0103
(7, 26)	false	2.5220	0.3401	0.4379	2.5640	0.3293	0.3862	-0.0420	-0.0108	-0.0517
(7, 26)	false	2.1060	0.4374	0.4724	2.3200	0.3986	0.4310	-0.2140	-0.0387	-0.0414
(7, 26)	false	2.4000	0.3408	0.3931	2.6300	0.3661	0.4448	-0.2300	0.0253	0.0517
(7, 26)	false	2.2720	0.4606	0.4621	2.1640	0.4477	0.4828	0.1080	-0.0129	0.0207
(7, 26)	true	2.3860	0.4454	0.5621	2.3500	0.4096	0.5172	-0.0360	0.0357	0.0448
(7, 26)	false	2.3300	0.4460	0.5828	2.0120	0.5386	0.6138	0.3180	0.0926	0.0310
(7, 26)	false	2.2960	0.3697	0.4724	2.3680	0.4213	0.4897	-0.0720	0.0516	0.0172
(7, 26)	false	2.7460	0.3197	0.4552	2.5100	0.3743	0.5379	0.2360	0.0546	0.0828
(7, 26)	false	2.4180	0.3921	0.4414	2.5360	0.3913	0.4586	-0.1180	-0.0009	0.0172
(1, 20)	false	2.5580	0.3835	0.4069	2.6120	0.3886	0.4069	-0.0540	0.0051	0.0000
(1, 20)	false	2.5220	0.3401	0.4379	2.7720	0.3416	0.3759	-0.2500	0.0016	-0.0621
(1, 20)	true	2.1060	0.4374	0.4724	2.7760	0.3865	0.3966	0.6700	0.0508	0.0759
(1, 20)	false	2.4000	0.3408	0.3931	2.4680	0.4029	0.4621	-0.0680	0.0622	0.0690
(1, 20)	false	2.2720	0.4606	0.4621	2.4540	0.3986	0.5207	-0.1820	-0.0620	0.0586
(1, 20)	false	2.3860	0.4454	0.5621	2.1460	0.4556	0.5793	0.2400	0.0102	0.0172
(1, 20)	false	2.3300	0.4460	0.5828	2.2220	0.4544	0.5172	0.1080	0.0084	-0.0655
(1, 20)	true	2.2960	0.3697	0.4724	2.3380	0.3667	0.4586	0.0420	0.0030	0.0138
(1, 20)	false	2.7460	0.3197	0.4552	2.6380	0.3707	0.5000	0.1080	0.0510	0.0448
(1, 20)	false	2.4180	0.3921	0.4414	2.3440	0.4133	0.4793	0.0740	0.0212	0.0379
(13, 29)	false	2.5580	0.3835	0.4069	2.6520	0.3791	0.4310	-0.0940	-0.0043	0.0241
(13, 29)	false	2.5220	0.3401	0.4379	2.4540	0.3539	0.4690	0.0680	0.0138	0.0310
(13, 29)	false	2.1060	0.4374	0.4724	2.3680	0.4089	0.4552	-0.2620	-0.0284	-0.0172
(13, 29)	false	2.4000	0.3408	0.3931	2.5100	0.4061	0.4862	-0.1100	0.0654	0.0931
(13, 29)	false	2.2720	0.4606	0.4621	2.3140	0.4607	0.5000	-0.0420	0.0001	0.0379
(13, 29)	false	2.3860	0.4454	0.5621	2.3420	0.4124	0.5690	0.0440	-0.0330	0.0069
(13, 29)	false	2.3300	0.4460	0.5828	2.2020	0.4770	0.5759	0.1280	0.0310	-0.0069
(13, 29)	true	2.2960	0.3697	0.4724	2.1420	0.4015	0.4759	-0.1540	-0.0317	-0.0034
(13, 29)	true	2.7460	0.3197	0.4552	2.9240	0.2802	0.3483	0.1780	0.0396	0.1069
(13, 29)	false	2.4180	0.3921	0.4414	2.4720	0.3244	0.4172	-0.0540	-0.0678	-0.0241
(11, 32)	false	2.5580	0.3835	0.4069	2.4420	0.4174	0.4897	0.1160	0.0339	0.0828
(11, 32)	false	2.5220	0.3401	0.4379	2.4600	0.3766	0.5276	0.0620	0.0365	0.0897
(11, 32)	true	2.1060	0.4374	0.4724	2.4820	0.4059	0.4241	0.3760	0.0315	0.0483
(11, 32)	true	2.4000	0.3408	0.3931	2.4520	0.3889	0.3931	0.0520	-0.0482	0.0000
(11, 32)	false	2.2720	0.4606	0.4621	2.0840	0.4410	0.4414	0.1880	-0.0196	-0.0207
(11, 32)	false	2.3860	0.4454	0.5621	2.0760	0.4952	0.6000	0.3100	0.0498	0.0379
(11, 32)	true	2.3300	0.4460	0.5828	2.1320	0.4132	0.5069	-0.1980	0.0329	0.0759
(11, 32)	false	2.2960	0.3697	0.4724	2.3900	0.3906	0.5034	-0.0940	0.0209	0.0310
(11, 32)	true	2.7460	0.3197	0.4552	2.6800	0.3107	0.4414	-0.0660	0.0090	0.0138
(11, 32)	false	2.4180	0.3921	0.4414	2.2960	0.3773	0.4966	0.1220	-0.0149	0.0552
(11, 17)	false	2.5580	0.3835	0.4069	2.7280	0.3765	0.4276	-0.1700	-0.0070	0.0207
(11, 17)	false	2.5220	0.3401	0.4379	2.6100	0.3362	0.3759	-0.0880	-0.0039	-0.0621
(11, 17)	false	2.1060	0.4374	0.4724	2.3320	0.3570	0.4862	-0.2260	-0.0804	0.0138
(11, 17)	true	2.4000	0.3408	0.3931	2.2240	0.3618	0.4069	-0.1760	-0.0211	-0.0138
(11, 17)	true	2.2720	0.4606	0.4621	2.5420	0.3856	0.4621	0.2700	0.0750	0.0000
(11, 17)	true	2.3860	0.4454	0.5621	2.0980	0.4832	0.6172	-0.2880	-0.0378	-0.0552
(11, 17)	false	2.3300	0.4460	0.5828	1.9460	0.4901	0.5414	0.3840	0.0440	-0.0414
(11, 17)	true	2.2960	0.3697	0.4724	2.4100	0.4030	0.4379	0.1140	-0.0333	0.0345
(11, 17)	false	2.7460	0.3197	0.4552	2.9500	0.2832	0.4724	-0.2040	-0.0366	0.0172
(11, 17)	false	2.4180	0.3921	0.4414	2.2920	0.4087	0.4345	0.1260	0.0166	-0.0069
(15, 22)	true	2.5580	0.3835	0.4069	2.2880	0.4052	0.4517	-0.2700	-0.0217	-0.0448
(15, 22)	true	2.5220	0.3401	0.4379	2.4640	0.3555	0.3793	-0.0580	-0.0154	0.0586
(15, 22)	true	2.1060	0.4374	0.4724	2.2940	0.3998	0.4517	0.1880	0.0375	0.0207
(15, 22)	false	2.4000	0.3408	0.3931	2.6940	0.3769	0.4966	-0.2940	0.0361	0.1034
(15, 22)	true	2.2720	0.4606	0.4621	2.3960	0.4365	0.4690	0.1240	0.0241	-0.0069
(15, 22)	true	2.3860	0.4454	0.5621	2.3240	0.4186	0.5483	-0.0620	0.0267	0.0138
(15, 22)	false	2.3300	0.4460	0.5828	1.9540	0.4966	0.5690	0.3760	0.0506	-0.0138
(15, 22)	false	2.2960	0.3697	0.4724	2.4280	0.3858	0.4897	-0.1320	0.0161	0.0172
(15, 22)	false	2.7460	0.3197	0.4552	2.2300	0.3257	0.4517	0.5160	0.0060	-0.0034
(15, 22)	false	2.4180	0.3921	0.4414	2.3740	0.3998	0.4517	0.0440	0.0077	0.0103
(12, 26)	false	2.5580	0.3835	0.4069	2.4620	0.3938	0.4172	0.0960	0.0103	0.0103
(12, 26)	false	2.5220	0.3401	0.4379	2.5760	0.3508	0.4448	-0.0540	0.0108	0.0069
(12, 26)	false	2.1060	0.4374	0.4724	2.3080	0.4694	0.5034	-0.2020	0.0321	0.0310
(12, 26)	false	2.4000	0.3408	0.3931	2.5680	0.3926	0.4793	-0.1680	0.0518	0.0862
(12, 26)	false	2.2720	0.4606	0.4621	2.4600	0.4173	0.4069	-0.1880	-0.0433	-0.0552
(12, 26)	true	2.3860	0.4454	0.5621	2.1340	0.4164	0.5759	-0.2520	0.0290	-0.0138
(12, 26)	false	2.3300	0.4460	0.5828	1.9320	0.5264	0.5966	0.3980	0.0804	0.0138
(12, 26)	false	2.2960	0.3697	0.4724	2.4200	0.3744	0.4793	-0.1240	0.0046	0.0069
(12, 26)	false	2.7460	0.3197	0.4552	2.9180	0.3334	0.4759	-0.1720	0.0136	0.0207
(12, 26)	false	2.4180	0.3921	0.4414	2.3080	0.4080	0.4310	0.1100	0.0159	-0.0103
(2, 20)	false	2.5580	0.3835	0.4069	2.8200	0.3634	0.4690	-0.2620	-0.0201	0.0621
(2, 20)	true	2.5220	0.3401	0.4379	2.6160	0.3336	0.3966	0.0940	0.0065	0.0414
(2, 20)	false	2.1060	0.4374	0.4724	2.1000	0.4486	0.5103	0.0060	0.0113	0.0379
(2, 20)	false	2.4000	0.3408	0.3931	2.2580	0.4296	0.4931	0.1420	0.0888	0.1000
(2, 20)	false	2.2720	0.4606	0.4621	2.2060	0.4639	0.5172	0.0660	0.0033	0.0552
(2, 20)	true	2.3860	0.4454	0.5621	2.2360	0.4627	0.5517	-0.1500	-0.0173	0.0103
(2, 20)	true	2.3300	0.4460	0.5828	2.1700	0.4555	0.5172	-0.1600	-0.0095	0.0655
(2, 20)	false	2.2960	0.3697	0.4724	2.2300	0.3699	0.4690	0.0660	0.0001	-0.0034
(2, 20)	true	2.7460	0.3197	0.4552	2.4540	0.3412	0.4069	-0.2920	-0.0215	0.0483
(2, 20)	false	2.4180	0.3921	0.4414	2.3440	0.3601	0.4724	0.0740	-0.0320	0.0310
(1, 26)	false	2.5580	0.3835	0.4069	2.1200	0.4111	0.4483	0.4380	0.0276	0.0414
(1, 26)	true	2.5220	0.3401	0.4379	2.5440	0.3211	0.3483	0.0220	0.0190	0.0897
(1, 26)	true	2.1060	0.4374	0.4724	2.3140	0.4302	0.4483	0.2080	0.0072	0.0241
(1, 26)	true	2.4000	0.3408	0.3931	2.4040	0.3354	0.3828	0.0040	0.0053	0.0103
(1, 26)	true	2.2720	0.4606	0.4621	2.5720	0.4056	0.4414	0.3000	0.0550	0.0207
(1, 26)	true	2.3860	0.4454	0.5621	2.3020	0.4323	0.5655	-0.0840	0.0130	-0.0034
(1, 26)	true	2.3300	0.4460	0.5828	2.3360	0.4015	0.4828	0.0060	0.0445	0.1000
(1, 26)	false	2.2960	0.3697	0.4724	2.5500	0.3279	0.4966	-0.2540	-0.0418	0.0241
(1, 26)	false	2.7460	0.3197	0.4552	2.5400	0.3943	0.5207	0.2060	0.0745	0.0655
(1, 26)	false	2.4180	0.3921	0.4414	2.5400	0.3381	0.4828	-0.1220	-0.0540	0.0414
(1, 15)	true	2.5580	0.3835	0.4069	2.4660	0.4100	0.4241	-0.0920	-0.0265	-0.0172
(1, 15)	true	2.5220	0.3401	0.4379	2.5640	0.3657	0.3655	0.0420	-0.0257	0.0724
(1, 15)	false	2.1060	0.4374	0.4724	2.1220	0.4371	0.4448	-0.0160	-0.0002	-0.0276
(1, 15)	false	2.4000	0.3408	0.3931	2.4660	0.3899	0.4379	-0.0660	0.0491	0.0448
(1, 15)	false	2.2720	0.4606	0.4621	2.4560	0.4159	0.4621	-0.1840	-0.0447	0.0000
(1, 15)	true	2.3860	0.4454	0.5621	2.4340	0.4327	0.5828	0.0480	0.0127	-0.0207
(1, 15)	true	2.3300	0.4460	0.5828	2.3480	0.4445	0.5552	0.0180	0.0015	0.0276
(1, 15)	true	2.2960	0.3697	0.4724	2.6420	0.3347	0.4276	0.3460	0.0351	0.0448
(1, 15)	true	2.7460	0.3197	0.4552	3.0900	0.2872	0.3448	0.3440	0.0326	0.1103
(1, 15)	false	2.4180	0.3921	0.4414	2.3340	0.3907	0.4517	0.0840	-0.0015	0.0103
(11, 29)	false	2.5580	0.3835	0.4069	2.5440	0.4076	0.4483	0.0140	0.0242	0.0414
(11, 29)	false	2.5220	0.3401	0.4379	2.2600	0.3942	0.4414	0.2620	0.0541	0.0034
(11, 29)	false	2.1060	0.4374	0.4724	2.1380	0.4624	0.4724	-0.0320	0.0251	0.0000
(11, 29)	false	2.4000	0.3408	0.3931	2.3540	0.4377	0.4897	0.0460	0.0970	0.0966
(11, 29)	false	2.2720	0.4606	0.4621	2.1420	0.4296	0.4966	0.1300	-0.0310	0.0345
(11, 29)	false	2.3860	0.4454	0.5621	2.1920	0.4681	0.5793	0.1940	0.0227	0.0172
(11, 29)	true	2.3300	0.4460	0.5828	2.4040	0.4175	0.5310	0.0740	0.0285	0.0517
(11, 29)	false	2.2960	0.3697	0.4724	2.4860	0.4141	0.5655	-0.1900	0.0444	0.0931
(11, 29)	false	2.7460	0.3197	0.4552	2.3780	0.3276	0.4621	0.3680	0.0078	0.0069
(11, 29)	false	2.4180	0.3921	0.4414	2.4600	0.3752	0.4759	-0.0420	-0.0170	0.0345
(2, 23)	false	2.5580	0.3835	0.4069	2.3220	0.3919	0.4345	0.2360	0.0084	0.0276
(2, 23)	false	2.5220	0.3401	0.4379	2.6080	0.3329	0.3931	-0.0860	-0.0072	-0.0448
(2, 23)	true	2.1060	0.4374	0.4724	2.4980	0.4207	0.3931	0.3920	0.0167	0.0793
(2, 23)	false	2.4000	0.3408	0.3931	2.3320	0.3717	0.4655	0.0680	0.0309	0.0724
(2, 23)	false	2.2720	0.4606	0.4621	2.5100	0.3666	0.4483	-0.2380	-0.0940	-0.0138
(2, 23)	true	2.3860	0.4454	0.5621	2.1360	0.4317	0.5345	-0.2500	0.0137	0.0276
(2, 23)	false	2.3300	0.4460	0.5828	2.0740	0.4730	0.5345	0.2560	0.0270	-0.0483
(2, 23)	true	2.2960	0.3697	0.4724	2.2880	0.3964	0.4828	-0.0080	-0.0267	-0.0103
(2, 23)	false	2.7460	0.3197	0.4552	2.2880	0.4008	0.5586	0.4580	0.0811	0.1034
(2, 23)	false	2.4180	0.3921	0.4414	2.2780	0.3684	0.4828	0.1400	-0.0237	0.0414
(16, 26)	false	2.5580	0.3835	0.4069	2.2660	0.4006	0.4483	0.2920	0.0171	0.0414
(16, 26)	false	2.5220	0.3401	0.4379	2.5200	0.3362	0.4172	0.0020	-0.0039	-0.0207
(16, 26)	true	2.1060	0.4374	0.4724	2.4420	0.3745	0.4448	0.3360	0.0628	0.0276
(16, 26)	false	2.4000	0.3408	0.3931	2.4620	0.3773	0.3586	-0.0620	0.0365	-0.0345
(16, 26)	true	2.2720	0.4606	0.4621	2.3300	0.4243	0.5103	0.0580	0.0363	-0.0483
(16, 26)	true	2.3860	0.4454	0.5621	2.3540	0.4087	0.5724	-0.0320	0.0367	-0.0103
(16, 26)	false	2.3300	0.4460	0.5828	2.2900	0.4412	0.5414	0.0400	-0.0048	-0.0414
(16, 26)	false	2.2960	0.3697	0.4724	2.3500	0.4132	0.5172	-0.0540	0.0435	0.0448
(16, 26)	false	2.7460	0.3197	0.4552	2.6000	0.3515	0.4655	0.1460	0.0317	0.0103
(16, 26)	false	2.4180	0.3921	0.4414	2.3180	0.4073	0.4552	0.1000	0.0152	0.0138
