(90, 96)	true	4.2540	0.4424	0.4623	4.1500	0.4655	0.4956	-0.1040	-0.0231	-0.0333
(90, 96)	true	4.1400	0.3448	0.4623	4.3820	0.3558	0.4140	0.2420	-0.0109	0.0482
(90, 96)	true	4.5460	0.4084	0.4447	4.3880	0.4011	0.4474	-0.1580	0.0074	-0.0026
(90, 96)	true	4.3540	0.4207	0.4570	4.4000	0.4229	0.4412	0.0460	-0.0021	0.0158
(90, 96)	true	4.3040	0.4301	0.4474	4.2800	0.4171	0.4491	-0.0240	0.0130	-0.0018
(90, 96)	false	4.5280	0.4127	0.4456	4.8940	0.3443	0.4518	-0.3660	-0.0684	0.0061
(90, 96)	false	4.7800	0.3794	0.4333	4.4260	0.4501	0.4272	0.3540	0.0708	-0.0061
(90, 96)	false	3.8160	0.5718	0.5281	3.9840	0.5471	0.5061	-0.1680	-0.0247	-0.0219
(90, 96)	false	4.4600	0.4829	0.4482	4.0560	0.5266	0.4667	0.4040	0.0437	0.0184
(90, 96)	true	3.8760	0.5498	0.4851	3.9900	0.5371	0.4956	0.1140	0.0126	-0.0105
(37, 66)	false	4.2540	0.4424	0.4623	4.3180	0.4273	0.4719	-0.0640	-0.0151	0.0096
(37, 66)	false	4.1400	0.3448	0.4623	4.1260	0.3617	0.4570	0.0140	0.0169	-0.0053
(37, 66)	false	4.5460	0.4084	0.4447	4.7520	0.3920	0.4509	-0.2060	-0.0164	0.0061
(37, 66)	true	4.3540	0.4207	0.4570	4.4780	0.4195	0.4360	0.1240	0.0012	0.0211
(37, 66)	true	4.3040	0.4301	0.4474	4.2200	0.4255	0.4675	-0.0840	0.0045	-0.0202
(37, 66)	false	4.5280	0.4127	0.4456	4.5620	0.4052	0.4588	-0.0340	-0.0075	0.0132
(37, 66)	false	4.7800	0.3794	0.4333	4.4240	0.4250	0.4482	0.3560	0.0457	0.0149
(37, 66)	true	3.8160	0.5718	0.5281	3.9820	0.5496	0.4711	0.1660	0.0222	0.0570
(37, 66)	false	4.4600	0.4829	0.4482	4.3200	0.4864	0.4377	0.1400	0.0035	-0.0105
(37, 66)	true	3.8760	0.5498	0.4851	4.2560	0.5058	0.4789	0.3800	0.0440	0.0061
(37, 64)	false	4.2540	0.4424	0.4623	4.0060	0.4768	0.4702	0.2480	0.0344	0.0079
(37, 64)	false	4.1400	0.3448	0.4623	3.9080	0.3356	0.4482	0.2320	-0.0092	-0.0140
(37, 64)	true	4.5460	0.4084	0.4447	4.6600	0.4054	0.4596	0.1140	0.0030	-0.0149
(37, 64)	true	4.3540	0.4207	0.4570	4.3260	0.4170	0.4579	-0.0280	0.0038	-0.0009
(37, 64)	true	4.3040	0.4301	0.4474	4.2120	0.4257	0.4518	-0.0920	0.0043	-0.0044
(37, 64)	true	4.5280	0.4127	0.4456	4.8940	0.3654	0.4684	0.3660	0.0473	-0.0228
(37, 64)	false	4.7800	0.3794	0.4333	4.4580	0.4376	0.4614	0.3220	0.0583	0.0281
(37, 64)	true	3.8160	0.5718	0.5281	3.8240	0.5631	0.5105	0.0080	0.0086	0.0175
(37, 64)	false	4.4600	0.4829	0.4482	4.4260	0.4887	0.4667	0.0340	0.0059	0.0184
(37, 64)	true	3.8760	0.5498	0.4851	4.0040	0.5333	0.5088	0.1280	0.0165	-0.0237
(24, 75)	false	4.2540	0.4424	0.4623	4.1060	0.4632	0.4851	0.1480	0.0208	0.0228
(24, 75)	false	4.1400	0.3448	0.4623	4.1820	0.3514	0.4579	-0.0420	0.0066	-0.0044
(24, 75)	false	4.5460	0.4084	0.4447	4.6140	0.4225	0.4518	-0.0680	0.0141	0.0070
(24, 75)	false	4.3540	0.4207	0.4570	4.2800	0.4317	0.4737	0.0740	0.0109	0.0167
(24, 75)	false	4.3040	0.4301	0.4474	4.6280	0.4163	0.4491	-0.3240	-0.0138	0.0018
(24, 75)	true	4.5280	0.4127	0.4456	4.8240	0.3435	0.4202	0.2960	0.0692	0.0254
(24, 75)	true	4.7800	0.3794	0.4333	4.9480	0.3686	0.4237	0.1680	0.0108	0.0096
(24, 75)	false	3.8160	0.5718	0.5281	3.6260	0.6108	0.4991	0.1900	0.0391	-0.0289
(24, 75)	false	4.4600	0.4829	0.4482	4.0620	0.5198	0.4807	0.3980	0.0370	0.0325
(24, 75)	true	3.8760	0.5498	0.4851	4.1440	0.5172	0.4930	0.2680	0.0326	-0.0079
(23, 31)	false	4.2540	0.4424	0.4623	4.3600	0.4287	0.4763	-0.1060	-0.0137	0.0140
(23, 31)	false	4.1400	0.3448	0.4623	3.7020	0.3906	0.4860	0.4380	0.0458	0.0237
(23, 31)	false	4.5460	0.4084	0.4447	4.6780	0.4245	0.4868	-0.1320	0.0161	0.0421
(23, 31)	false	4.3540	0.4207	0.4570	3.8480	0.5105	0.5123	0.5060	0.0898	0.0553
(23, 31)	false	4.3040	0.4301	0.4474	4.0080	0.4968	0.5123	0.2960	0.0667	0.0649
(23, 31)	false	4.5280	0.4127	0.4456	4.5240	0.3540	0.4623	0.0040	-0.0587	0.0167
(23, 31)	false	4.7800	0.3794	0.4333	4.4460	0.4389	0.4474	0.3340	0.0595	0.0140
(23, 31)	false	3.8160	0.5718	0.5281	3.8920	0.5581	0.4982	-0.0760	-0.0137	-0.0298
(23, 31)	false	4.4600	0.4829	0.4482	4.3440	0.4932	0.4377	0.1160	0.0104	-0.0105
(23, 31)	true	3.8760	0.5498	0.4851	4.2740	0.5069	0.5026	0.3980	0.0429	-0.0175
(88, 95)	true	4.2540	0.4424	0.4623	4.0200	0.4881	0.4842	-0.2340	-0.0457	-0.0219
(88, 95)	true	4.1400	0.3448	0.4623	3.9160	0.3980	0.4482	-0.2240	-0.0531	0.0140
(88, 95)	true	4.5460	0.4084	0.4447	4.4440	0.4220	0.4746	-0.1020	-0.0136	-0.0298
(88, 95)	false	4.3540	0.4207	0.4570	4.1360	0.4319	0.4833	0.2180	0.0111	0.0263
(88, 95)	false	4.3040	0.4301	0.4474	4.1680	0.4307	0.4702	0.1360	0.0006	0.0228
(88, 95)	false	4.5280	0.4127	0.4456	4.5500	0.3679	0.4640	-0.0220	-0.0448	0.0184
(88, 95)	false	4.7800	0.3794	0.4333	4.3320	0.4619	0.4500	0.4480	0.0825	0.0167
(88, 95)	false	3.8160	0.5718	0.5281	3.7340	0.5743	0.4807	0.0820	0.0026	-0.0474
(88, 95)	false	4.4600	0.4829	0.4482	4.2840	0.4981	0.4956	0.1760	0.0153	0.0474
(88, 95)	true	3.8760	0.5498	0.4851	4.1520	0.5180	0.5105	0.2760	0.0318	-0.0254
(58, 88)	true	4.2540	0.4424	0.4623	3.9480	0.4869	0.4798	-0.3060	-0.0445	-0.0175
(58, 88)	false	4.1400	0.3448	0.4623	4.0580	0.3500	0.4404	0.0820	0.0051	-0.0219
(58, 88)	false	4.5460	0.4084	0.4447	4.5140	0.4184	0.4605	0.0320	0.0100	0.0158
(58, 88)	false	4.3540	0.4207	0.4570	4.2520	0.4345	0.4728	0.1020	0.0138	0.0158
(58, 88)	false	4.3040	0.4301	0.4474	4.2800	0.4301	0.4763	0.0240	0.0000	0.0289
(58, 88)	false	4.5280	0.4127	0.4456	4.3980	0.4168	0.4789	0.1300	0.0042	0.0333
(58, 88)	false	4.7800	0.3794	0.4333	4.8740	0.3479	0.4009	-0.0940	-0.0315	-0.0325
(58, 88)	false	3.8160	0.5718	0.5281	3.8680	0.5526	0.5202	-0.0520	-0.0192	-0.0079
(58, 88)	false	4.4600	0.4829	0.4482	4.3160	0.4960	0.4807	0.1440	0.0132	0.0325
(58, 88)	true	3.8760	0.5498	0.4851	3.9480	0.5459	0.4886	0.0720	0.0038	-0.0035
(45, 93)	false	4.2540	0.4424	0.4623	4.2980	0.4311	0.4842	-0.0440	-0.0114	0.0219
(45, 93)	false	4.1400	0.3448	0.4623	4.2400	0.3311	0.4377	-0.1000	-0.0137	-0.0246
(45, 93)	false	4.5460	0.4084	0.4447	4.7000	0.4139	0.4904	-0.1540	0.0055	0.0456
(45, 93)	true	4.3540	0.4207	0.4570	4.1100	0.4406	0.4596	-0.2440	-0.0199	-0.0026
(45, 93)	true	4.3040	0.4301	0.4474	4.0920	0.4444	0.4561	-0.2120	-0.0143	-0.0088
(45, 93)	false	4.5280	0.4127	0.4456	4.9060	0.3305	0.4544	-0.3780	-0.0822	0.0088
(45, 93)	false	4.7800	0.3794	0.4333	4.4820	0.4456	0.4518	0.2980	0.0662	0.0184
(45, 93)	false	3.8160	0.5718	0.5281	3.8780	0.5620	0.4921	-0.0620	-0.0098	-0.0360
(45, 93)	true	4.4600	0.4829	0.4482	4.0960	0.5161	0.4711	-0.3640	-0.0333	-0.0228
(45, 93)	true	3.8760	0.5498	0.4851	3.9740	0.5325	0.5026	0.0980	0.0173	-0.0175
(33, 67)	false	4.2540	0.4424	0.4623	4.0940	0.4824	0.5202	0.1600	0.0400	0.0579
(33, 67)	false	4.1400	0.3448	0.4623	3.9820	0.3575	0.4351	0.1580	0.0127	-0.0272
(33, 67)	true	4.5460	0.4084	0.4447	4.5360	0.4357	0.4649	-0.0100	-0.0273	-0.0202
(33, 67)	false	4.3540	0.4207	0.4570	4.3120	0.4216	0.4789	0.0420	0.0008	0.0219
(33, 67)	false	4.3040	0.4301	0.4474	4.2780	0.4349	0.4860	0.0260	0.0048	0.0386
(33, 67)	false	4.5280	0.4127	0.4456	4.7060	0.3774	0.4868	-0.1780	-0.0353	0.0412
(33, 67)	false	4.7800	0.3794	0.4333	4.7620	0.3769	0.4175	0.0180	-0.0025	-0.0158
(33, 67)	false	3.8160	0.5718	0.5281	3.8160	0.5602	0.4947	0.0000	-0.0116	-0.0333
(33, 67)	false	4.4600	0.4829	0.4482	4.3520	0.4931	0.4798	0.1080	0.0102	0.0316
(33, 67)	true	3.8760	0.5498	0.4851	4.0000	0.5160	0.5044	0.1240	0.0338	-0.0193
(6, 98)	true	4.2540	0.4424	0.4623	3.8580	0.4777	0.5053	-0.3960	-0.0352	-0.0430
(6, 98)	false	4.1400	0.3448	0.4623	3.5000	0.3989	0.4605	0.6400	0.0540	-0.0018
(6, 98)	false	4.5460	0.4084	0.4447	4.7140	0.4136	0.5070	-0.1680	0.0052	0.0623
(6, 98)	false	4.3540	0.4207	0.4570	4.2340	0.4339	0.4667	0.1200	0.0131	0.0096
(6, 98)	false	4.3040	0.4301	0.4474	4.1840	0.4323	0.4640	0.1200	0.0023	0.0167
(6, 98)	false	4.5280	0.4127	0.4456	4.6560	0.3523	0.4386	-0.1280	-0.0604	-0.0070
(6, 98)	false	4.7800	0.3794	0.4333	5.0020	0.3000	0.4123	-0.2220	-0.0793	-0.0211
(6, 98)	true	3.8160	0.5718	0.5281	3.7340	0.5682	0.4930	-0.0820	0.0036	0.0351
(6, 98)	false	4.4600	0.4829	0.4482	4.1520	0.5247	0.4860	0.3080	0.0418	0.0377
(6, 98)	true	3.8760	0.5498	0.4851	4.1840	0.5067	0.4930	0.3080	0.0431	-0.0079
(59, 88)	false	4.2540	0.4424	0.4623	4.0580	0.4526	0.5000	0.1960	0.0102	0.0377
(59, 88)	true	4.1400	0.3448	0.4623	3.9920	0.3570	0.4588	-0.1480	-0.0121	0.0035
(59, 88)	true	4.5460	0.4084	0.4447	4.6820	0.3843	0.4789	0.1360	0.0242	-0.0342
(59, 88)	true	4.3540	0.4207	0.4570	4.3440	0.4293	0.4728	-0.0100	-0.0085	-0.0158
(59, 88)	true	4.3040	0.4301	0.4474	4.3500	0.4326	0.4816	0.0460	-0.0025	-0.0342
(59, 88)	false	4.5280	0.4127	0.4456	4.6580	0.3814	0.4281	-0.1300	-0.0313	-0.0175
(59, 88)	false	4.7800	0.3794	0.4333	4.5200	0.3725	0.4158	0.2600	-0.0068	-0.0175
(59, 88)	false	3.8160	0.5718	0.5281	3.6880	0.5728	0.5044	0.1280	0.0011	-0.0237
(59, 88)	false	4.4600	0.4829	0.4482	4.4220	0.4902	0.4684	0.0380	0.0074	0.0202
(59, 88)	true	3.8760	0.5498	0.4851	3.8960	0.5318	0.5228	0.0200	0.0180	-0.0377
(88, 96)	true	4.2540	0.4424	0.4623	4.1580	0.4193	0.4658	-0.0960	0.0231	-0.0035
(88, 96)	true	4.1400	0.3448	0.4623	3.8860	0.3607	0.4219	-0.2540	-0.0159	0.0404
(88, 96)	false	4.5460	0.4084	0.4447	4.5880	0.4042	0.4947	-0.0420	-0.0042	0.0500
(88, 96)	false	4.3540	0.4207	0.4570	4.2080	0.4333	0.4535	0.1460	0.0125	-0.0035
(88, 96)	false	4.3040	0.4301	0.4474	4.3240	0.4337	0.4737	-0.0200	0.0036	0.0263
(88, 96)	true	4.5280	0.4127	0.4456	4.4400	0.3684	0.4395	-0.0880	0.0443	0.0061
(88, 96)	true	4.7800	0.3794	0.4333	4.4520	0.4375	0.4175	-0.3280	-0.0581	0.0158
(88, 96)	false	3.8160	0.5718	0.5281	4.1500	0.5157	0.4807	-0.3340	-0.0560	-0.0474
(88, 96)	false	4.4600	0.4829	0.4482	3.9880	0.5236	0.4921	0.4720	0.0408	0.0439
(88, 96)	true	3.8760	0.5498	0.4851	4.0880	0.5133	0.4930	0.2120	0.0364	-0.0079
(65, 84)	true	4.2540	0.4424	0.4623	4.2340	0.4669	0.4930	-0.0200	-0.0245	-0.0307
(65, 84)	true	4.1400	0.3448	0.4623	3.9460	0.3467	0.4272	-0.1940	-0.0019	0.0351
(65, 84)	false	4.5460	0.4084	0.4447	4.8240	0.4043	0.4974	-0.2780	-0.0041	0.0526
(65, 84)	false	4.3540	0.4207	0.4570	4.2700	0.4488	0.4711	0.0840	0.0280	0.0140
(65, 84)	false	4.3040	0.4301	0.4474	4.3840	0.4389	0.4675	-0.0800	0.0088	0.0202
(65, 84)	false	4.5280	0.4127	0.4456	4.7160	0.3679	0.4588	-0.1880	-0.0448	0.0132
(65, 84)	false	4.7800	0.3794	0.4333	4.3940	0.4327	0.4482	0.3860	0.0534	0.0149
(65, 84)	true	3.8160	0.5718	0.5281	3.6500	0.5892	0.4904	-0.1660	-0.0175	0.0377
(65, 84)	false	4.4600	0.4829	0.4482	4.2340	0.4875	0.4632	0.2260	0.0046	0.0149
(65, 84)	true	3.8760	0.5498	0.4851	4.2040	0.5024	0.4772	0.3280	0.0474	0.0079
(16, 79)	true	4.2540	0.4424	0.4623	3.9140	0.4839	0.4886	-0.3400	-0.0415	-0.0263
(16, 79)	false	4.1400	0.3448	0.4623	4.0160	0.3760	0.4675	0.1240	0.0311	0.0053
(16, 79)	false	4.5460	0.4084	0.4447	4.6000	0.3661	0.4675	-0.0540	-0.0423	0.0228
(16, 79)	true	4.3540	0.4207	0.4570	4.5880	0.4132	0.4623	0.2340	0.0075	-0.0053
(16, 79)	true	4.3040	0.4301	0.4474	4.5360	0.4176	0.4386	0.2320	0.0125	0.0088
(16, 79)	false	4.5280	0.4127	0.4456	4.3380	0.4017	0.4553	0.1900	-0.0110	0.0096
(16, 79)	false	4.7800	0.3794	0.4333	4.6920	0.3896	0.4272	0.0880	0.0103	-0.0061
(16, 79)	false	3.8160	0.5718	0.5281	3.8920	0.5599	0.4965	-0.0760	-0.0119	-0.0316
(16, 79)	false	4.4600	0.4829	0.4482	4.4420	0.4815	0.4579	0.0180	-0.0013	0.0096
(16, 79)	true	3.8760	0.5498	0.4851	4.0140	0.5249	0.4956	0.1380	0.0249	-0.0105
(6, 95)	false	4.2540	0.4424	0.4623	4.1060	0.4598	0.4886	0.1480	0.0174	0.0263
(6, 95)	false	4.1400	0.3448	0.4623	4.1260	0.3594	0.4474	0.0140	0.0145	-0.0149
(6, 95)	false	4.5460	0.4084	0.4447	4.7620	0.4127	0.4842	-0.2160	0.0043	0.0395
(6, 95)	true	4.3540	0.4207	0.4570	4.4520	0.4189	0.4544	0.0980	0.0019	0.0026
(6, 95)	true	4.3040	0.4301	0.4474	4.3740	0.4011	0.4684	0.0700	0.0290	-0.0211
(6, 95)	false	4.5280	0.4127	0.4456	4.5320	0.4098	0.4421	-0.0040	-0.0029	-0.0035
(6, 95)	false	4.7800	0.3794	0.4333	4.9480	0.3700	0.4079	-0.1680	-0.0094	-0.0254
(6, 95)	false	3.8160	0.5718	0.5281	3.5700	0.5971	0.5114	0.2460	0.0254	-0.0167
(6, 95)	true	4.4600	0.4829	0.4482	4.5400	0.4859	0.4430	0.0800	-0.0031	0.0053
(6, 95)	true	3.8760	0.5498	0.4851	4.1740	0.5051	0.4763	0.2980	0.0446	0.0088
(24, 30)	false	4.2540	0.4424	0.4623	4.0460	0.4868	0.4974	0.2080	0.0443	0.0351
(24, 30)	true	4.1400	0.3448	0.4623	4.2360	0.3421	0.4175	0.0960	0.0027	0.0447
(24, 30)	false	4.5460	0.4084	0.4447	4.6440	0.3997	0.4632	-0.0980	-0.0087	0.0184
(24, 30)	false	4.3540	0.4207	0.4570	4.3760	0.4291	0.4675	-0.0220	0.0084	0.0105
(24, 30)	false	4.3040	0.4301	0.4474	4.4040	0.4348	0.4772	-0.1000	0.0047	0.0298
(24, 30)	false	4.5280	0.4127	0.4456	4.9180	0.2646	0.4518	-0.3900	-0.1480	0.0061
(24, 30)	false	4.7800	0.3794	0.4333	4.8960	0.3722	0.4175	-0.1160	-0.0071	-0.0158
(24, 30)	true	3.8160	0.5718	0.5281	3.6900	0.5850	0.4930	-0.1260	-0.0133	0.0351
(24, 30)	false	4.4600	0.4829	0.4482	4.3100	0.5020	0.4588	0.1500	0.0191	0.0105
(24, 30)	true	3.8760	0.5498	0.4851	3.9220	0.5408	0.5132	0.0460	0.0089	-0.0281
(50, 92)	false	4.2540	0.4424	0.4623	3.9260	0.4810	0.5158	0.3280	0.0386	0.0535
(50, 92)	true	4.1400	0.3448	0.4623	4.0760	0.3618	0.4430	-0.0640	-0.0169	0.0193
(50, 92)	false	4.5460	0.4084	0.4447	4.7020	0.4101	0.4719	-0.1560	0.0017	0.0272
(50, 92)	true	4.3540	0.4207	0.4570	4.3740	0.4291	0.4649	0.0200	-0.0084	-0.0079
(50, 92)	true	4.3040	0.4301	0.4474	4.2880	0.4231	0.4658	-0.0160	0.0070	-0.0184
(50, 92)	true	4.5280	0.4127	0.4456	4.3360	0.4472	0.4614	-0.1920	-0.0345	-0.0158
(50, 92)	true	4.7800	0.3794	0.4333	4.6740	0.3699	0.4228	-0.1060	0.0095	0.0105
(50, 92)	false	3.8160	0.5718	0.5281	3.9000	0.5545	0.4921	-0.0840	-0.0172	-0.0360
(50, 92)	false	4.4600	0.4829	0.4482	4.4000	0.4967	0.4509	0.0600	0.0139	0.0026
(50, 92)	true	3.8760	0.5498	0.4851	4.1660	0.5097	0.4833	0.2900	0.0401	0.0018
(48, 94)	false	4.2540	0.4424	0.4623	4.3460	0.4444	0.4868	-0.0920	0.0019	0.0246
(48, 94)	true	4.1400	0.3448	0.4623	4.2080	0.3602	0.4272	0.0680	-0.0154	0.0351
(48, 94)	true	4.5460	0.4084	0.4447	4.5520	0.4214	0.4886	0.0060	-0.0130	-0.0439
(48, 94)	true	4.3540	0.4207	0.4570	4.3260	0.4189	0.4439	-0.0280	0.0018	0.0132
(48, 94)	true	4.3040	0.4301	0.4474	4.3440	0.4293	0.4544	0.0400	0.0008	-0.0070
(48, 94)	false	4.5280	0.4127	0.4456	4.6120	0.3563	0.4518	-0.0840	-0.0563	0.0061
(48, 94)	false	4.7800	0.3794	0.4333	4.5240	0.4193	0.4228	0.2560	0.0399	-0.0105
(48, 94)	false	3.8160	0.5718	0.5281	4.0800	0.5355	0.4991	-0.2640	-0.0362	-0.0289
(48, 94)	true	4.4600	0.4829	0.4482	4.5360	0.4739	0.4825	0.0760	0.0089	-0.0342
(48, 94)	true	3.8760	0.5498	0.4851	4.1200	0.5285	0.4974	0.2440	0.0213	-0.0123
(68, 77)	false	4.2540	0.4424	0.4623	3.9300	0.4853	0.4974	0.3240	0.0429	0.0351
(68, 77)	false	4.1400	0.3448	0.4623	3.8760	0.3686	0.4447	0.2640	0.0238	-0.0175
(68, 77)	false	4.5460	0.4084	0.4447	4.4700	0.4020	0.4825	0.0760	-0.0064	0.0377
(68, 77)	false	4.3540	0.4207	0.4570	4.2180	0.4300	0.4535	0.1360	0.0093	-0.0035
(68, 77)	false	4.3040	0.4301	0.4474	4.3780	0.4274	0.4667	-0.0740	-0.0026	0.0193
(68, 77)	true	4.5280	0.4127	0.4456	4.7360	0.3634	0.4421	0.2080	0.0493	0.0035
(68, 77)	true	4.7800	0.3794	0.4333	4.5760	0.3782	0.4105	-0.2040	0.0011	0.0228
(68, 77)	false	3.8160	0.5718	0.5281	4.0740	0.5294	0.4702	-0.2580	-0.0424	-0.0579
(68, 77)	false	4.4600	0.4829	0.4482	4.2280	0.4929	0.4518	0.2320	0.0101	0.0035
(68, 77)	true	3.8760	0.5498	0.4851	4.0200	0.5322	0.4974	0.1440	0.0176	-0.0123
(15, 38)	false	4.2540	0.4424	0.4623	4.1180	0.4774	0.4956	0.1360	0.0350	0.0333
(15, 38)	false	4.1400	0.3448	0.4623	4.1620	0.3467	0.4167	-0.0220	0.0018	-0.0456
(15, 38)	false	4.5460	0.4084	0.4447	4.6340	0.3792	0.4807	-0.0880	-0.0292	0.0360
(15, 38)	false	4.3540	0.4207	0.4570	3.9900	0.5276	0.4886	0.3640	0.1069	0.0316
(15, 38)	false	4.3040	0.4301	0.4474	3.8220	0.5477	0.4895	0.4820	0.1177	0.0421
(15, 38)	false	4.5280	0.4127	0.4456	4.6040	0.3788	0.4439	-0.0760	-0.0339	-0.0018
(15, 38)	false	4.7800	0.3794	0.4333	4.6980	0.3900	0.4404	0.0820	0.0107	0.0070
(15, 38)	true	3.8160	0.5718	0.5281	4.0120	0.5361	0.4737	0.1960	0.0356	0.0544
(15, 38)	true	4.4600	0.4829	0.4482	4.2320	0.5000	0.4535	-0.2280	-0.0172	-0.0053
(15, 38)	true	3.8760	0.5498	0.4851	4.1420	0.5189	0.4860	0.2660	0.0309	-0.0009
(39, 63)	false	4.2540	0.4424	0.4623	4.6480	0.3874	0.4605	-0.3940	-0.0550	-0.0018
(39, 63)	false	4.1400	0.3448	0.4623	4.1700	0.3756	0.4518	-0.0300	0.0307	-0.0105
(39, 63)	true	4.5460	0.4084	0.4447	4.6740	0.4031	0.4658	0.1280	0.0053	-0.0211
(39, 63)	true	4.3540	0.4207	0.4570	4.3000	0.4296	0.4500	-0.0540	-0.0089	0.0070
(39, 63)	true	4.3040	0.4301	0.4474	4.3260	0.4220	0.4491	0.0220	0.0081	-0.0018
(39, 63)	false	4.5280	0.4127	0.4456	4.5100	0.4105	0.4465	0.0180	-0.0021	0.0009
(39, 63)	false	4.7800	0.3794	0.4333	4.7280	0.3914	0.4246	0.0520	0.0121	-0.0088
(39, 63)	false	3.8160	0.5718	0.5281	3.7480	0.5847	0.5070	0.0680	0.0130	-0.0211
(39, 63)	false	4.4600	0.4829	0.4482	4.2260	0.4954	0.4842	0.2340	0.0125	0.0360
(39, 63)	true	3.8760	0.5498	0.4851	3.8580	0.5575	0.4868	-0.0180	-0.0077	-0.0018
(19, 79)	false	4.2540	0.4424	0.4623	3.9500	0.4607	0.4895	0.3040	0.0182	0.0272
(19, 79)	false	4.1400	0.3448	0.4623	3.8100	0.3645	0.4500	0.3300	0.0196	-0.0123
(19, 79)	true	4.5460	0.4084	0.4447	4.5880	0.4317	0.4728	0.0420	-0.0233	-0.0281
(19, 79)	false	4.3540	0.4207	0.4570	4.3820	0.4230	0.4640	-0.0280	0.0023	0.0070
(19, 79)	false	4.3040	0.4301	0.4474	4.3080	0.4224	0.4588	-0.0040	-0.0077	0.0114
(19, 79)	true	4.5280	0.4127	0.4456	4.6980	0.3803	0.4325	0.1700	0.0324	0.0132
(19, 79)	false	4.7800	0.3794	0.4333	4.6980	0.3834	0.3947	0.0820	0.0040	-0.0386
(19, 79)	false	3.8160	0.5718	0.5281	3.8280	0.5559	0.4895	-0.0120	-0.0159	-0.0386
(19, 79)	false	4.4600	0.4829	0.4482	4.5040	0.4892	0.4675	-0.0440	0.0064	0.0193
(19, 79)	true	3.8760	0.5498	0.4851	4.0620	0.5282	0.5114	0.1860	0.0216	-0.0263
(54, 91)	false	4.2540	0.4424	0.4623	3.9300	0.4817	0.5018	0.3240	0.0392	0.0395
(54, 91)	false	4.1400	0.3448	0.4623	3.8840	0.3651	0.4746	0.2560	0.0203	0.0123
(54, 91)	false	4.5460	0.4084	0.4447	4.5860	0.4040	0.4816	-0.0400	-0.0044	0.0368
(54, 91)	false	4.3540	0.4207	0.4570	4.4320	0.4236	0.4640	-0.0780	0.0029	0.0070
(54, 91)	false	4.3040	0.4301	0.4474	4.6160	0.4146	0.4482	-0.3120	-0.0155	0.0009
(54, 91)	false	4.5280	0.4127	0.4456	4.6200	0.3658	0.4482	-0.0920	-0.0468	0.0026
(54, 91)	false	4.7800	0.3794	0.4333	4.5700	0.4080	0.4307	0.2100	0.0287	-0.0026
(54, 91)	false	3.8160	0.5718	0.5281	3.9020	0.5638	0.5184	-0.0860	-0.0079	-0.0096
(54, 91)	false	4.4600	0.4829	0.4482	4.2220	0.4996	0.4693	0.2380	0.0167	0.0211
(54, 91)	true	3.8760	0.5498	0.4851	3.8100	0.5536	0.4965	-0.0660	-0.0038	-0.0114
(11, 38)	false	4.2540	0.4424	0.4623	4.0400	0.4698	0.5009	0.2140	0.0274	0.0386
(11, 38)	false	4.1400	0.3448	0.4623	3.8360	0.3519	0.4500	0.3040	0.0071	-0.0123
(11, 38)	false	4.5460	0.4084	0.4447	4.6060	0.4112	0.4833	-0.0600	0.0028	0.0386
(11, 38)	false	4.3540	0.4207	0.4570	4.1960	0.4249	0.4684	0.1580	0.0041	0.0114
(11, 38)	false	4.3040	0.4301	0.4474	4.3200	0.4107	0.4544	-0.0160	-0.0193	0.0070
(11, 38)	false	4.5280	0.4127	0.4456	4.3160	0.4124	0.4623	0.2120	-0.0003	0.0167
(11, 38)	false	4.7800	0.3794	0.4333	4.3140	0.4379	0.4175	0.4660	0.0585	-0.0158
(11, 38)	false	3.8160	0.5718	0.5281	3.9060	0.5582	0.4912	-0.0900	-0.0135	-0.0368
(11, 38)	false	4.4600	0.4829	0.4482	4.3520	0.4841	0.4702	0.1080	0.0012	0.0219
(11, 38)	true	3.8760	0.5498	0.4851	4.0540	0.5320	0.4930	0.1780	0.0177	-0.0079
(19, 77)	false	4.2540	0.4424	0.4623	4.2840	0.4316	0.4781	-0.0300	-0.0108	0.0158
(19, 77)	false	4.1400	0.3448	0.4623	4.0340	0.3671	0.4386	0.1060	0.0223	-0.0237
(19, 77)	false	4.5460	0.4084	0.4447	4.6080	0.4102	0.4737	-0.0620	0.0018	0.0289
(19, 77)	false	4.3540	0.4207	0.4570	4.3040	0.4328	0.4482	0.0500	0.0121	-0.0088
(19, 77)	false	4.3040	0.4301	0.4474	4.2540	0.4243	0.4482	0.0500	-0.0057	0.0009
(19, 77)	false	4.5280	0.4127	0.4456	4.8040	0.3197	0.4447	-0.2760	-0.0930	-0.0009
(19, 77)	false	4.7800	0.3794	0.4333	4.4480	0.4111	0.4193	0.3320	0.0318	-0.0140
(19, 77)	false	3.8160	0.5718	0.5281	3.6700	0.5894	0.5079	0.1460	0.0176	-0.0202
(19, 77)	false	4.4600	0.4829	0.4482	4.1140	0.5191	0.4728	0.3460	0.0363	0.0246
(19, 77)	true	3.8760	0.5498	0.4851	4.0480	0.5327	0.5211	0.1720	0.0171	-0.0360
(57, 88)	false	4.2540	0.4424	0.4623	4.2380	0.4429	0.4833	0.0160	0.0004	0.0211
(57, 88)	true	4.1400	0.3448	0.4623	4.0100	0.3632	0.4272	-0.1300	-0.0184	0.0351
(57, 88)	false	4.5460	0.4084	0.4447	4.7040	0.4112	0.4658	-0.1580	0.0028	0.0211
(57, 88)	false	4.3540	0.4207	0.4570	4.2760	0.4371	0.4693	0.0780	0.0163	0.0123
(57, 88)	false	4.3040	0.4301	0.4474	4.3100	0.4321	0.4763	-0.0060	0.0020	0.0289
(57, 88)	true	4.5280	0.4127	0.4456	4.9480	0.3232	0.4404	0.4200	0.0895	0.0053
(57, 88)	true	4.7800	0.3794	0.4333	5.0080	0.3477	0.4298	0.2280	0.0316	0.0035
(57, 88)	false	3.8160	0.5718	0.5281	3.9520	0.5483	0.5333	-0.1360	-0.0235	0.0053
(57, 88)	true	4.4600	0.4829	0.4482	4.3100	0.4937	0.5026	-0.1500	-0.0108	-0.0544
(57, 88)	true	3.8760	0.5498	0.4851	4.2080	0.4948	0.4921	0.3320	0.0550	-0.0070
(85, 102)	false	4.2540	0.4424	0.4623	4.3720	0.3959	0.4307	-0.1180	-0.0466	-0.0316
(85, 102)	false	4.1400	0.3448	0.4623	4.2240	0.3551	0.4684	-0.0840	0.0102	0.0061
(85, 102)	false	4.5460	0.4084	0.4447	4.5720	0.4095	0.4781	-0.0260	0.0011	0.0333
(85, 102)	true	4.3540	0.4207	0.4570	4.4080	0.4250	0.4570	0.0540	-0.0042	0.0000
(85, 102)	true	4.3040	0.4301	0.4474	4.3620	0.4270	0.4675	0.0580	0.0031	-0.0202
(85, 102)	false	4.5280	0.4127	0.4456	4.5420	0.3784	0.4404	-0.0140	-0.0343	-0.0053
(85, 102)	false	4.7800	0.3794	0.4333	4.8620	0.3768	0.4237	-0.0820	-0.0026	-0.0096
(85, 102)	true	3.8160	0.5718	0.5281	3.8060	0.5606	0.4930	-0.0100	0.0112	0.0351
(85, 102)	false	4.4600	0.4829	0.4482	4.4400	0.4970	0.4711	0.0200	0.0142	0.0228
(85, 102)	true	3.8760	0.5498	0.4851	3.9200	0.5483	0.5053	0.0440	0.0014	-0.0202
(6, 96)	false	4.2540	0.4424	0.4623	4.0120	0.4920	0.5000	0.2420	0.0496	0.0377
(6, 96)	false	4.1400	0.3448	0.4623	3.7120	0.3916	0.4421	0.4280	0.0468	-0.0202
(6, 96)	false	4.5460	0.4084	0.4447	4.5460	0.4160	0.4632	0.0000	0.0076	0.0184
(6, 96)	false	4.3540	0.4207	0.4570	4.3060	0.4286	0.4588	0.0480	0.0079	0.0018
(6, 96)	false	4.3040	0.4301	0.4474	4.3820	0.4332	0.4658	-0.0780	0.0032	0.0184
(6, 96)	true	4.5280	0.4127	0.4456	4.7320	0.3528	0.4307	0.2040	0.0599	0.0149
(6, 96)	true	4.7800	0.3794	0.4333	5.0000	0.3087	0.3877	0.2200	0.0706	0.0456
(6, 96)	false	3.8160	0.5718	0.5281	3.7440	0.5738	0.4965	0.0720	0.0021	-0.0316
(6, 96)	true	4.4600	0.4829	0.4482	4.3180	0.4872	0.4746	-0.1420	-0.0044	-0.0263
(6, 96)	true	3.8760	0.5498	0.4851	3.9720	0.5568	0.4904	0.0960	-0.0071	-0.0053
(86, 102)	false	4.2540	0.4424	0.4623	3.8240	0.5247	0.5105	0.4300	0.0822	0.0482
(86, 102)	false	4.1400	0.3448	0.4623	3.8440	0.4030	0.4579	0.2960	0.0581	-0.0044
(86, 102)	false	4.5460	0.4084	0.4447	4.4500	0.4142	0.4667	0.0960	0.0057	0.0219
(86, 102)	false	4.3540	0.4207	0.4570	4.4040	0.4283	0.4772	-0.0500	0.0076	0.0202
(86, 102)	false	4.3040	0.4301	0.4474	4.5300	0.4208	0.4596	-0.2260	-0.0093	0.0123
(86, 102)	false	4.5280	0.4127	0.4456	4.4600	0.3999	0.4965	0.0680	-0.0128	0.0509
(86, 102)	false	4.7800	0.3794	0.4333	4.6840	0.4016	0.4482	0.0960	0.0223	0.0149
(86, 102)	false	3.8160	0.5718	0.5281	3.8720	0.5663	0.4895	-0.0560	-0.0054	-0.0386
(86, 102)	true	4.4600	0.4829	0.4482	4.3320	0.5043	0.4412	-0.1280	-0.0215	0.0070
(86, 102)	true	3.8760	0.5498	0.4851	4.0500	0.5353	0.5193	0.1740	0.0145	-0.0342
(69, 79)	true	4.2540	0.4424	0.4623	3.9700	0.4756	0.4816	-0.2840	-0.0332	-0.0193
(69, 79)	false	4.1400	0.3448	0.4623	3.8300	0.3732	0.4561	0.3100	0.0283	-0.0061
(69, 79)	false	4.5460	0.4084	0.4447	4.6120	0.4201	0.4798	-0.0660	0.0116	0.0351
(69, 79)	false	4.3540	0.4207	0.4570	4.2600	0.4410	0.4640	0.0940	0.0203	0.0070
(69, 79)	false	4.3040	0.4301	0.4474	4.3760	0.4331	0.4579	-0.0720	0.0030	0.0105
(69, 79)	false	4.5280	0.4127	0.4456	4.5680	0.3995	0.4640	-0.0400	-0.0131	0.0184
(69, 79)	false	4.7800	0.3794	0.4333	4.7200	0.4074	0.4272	0.0600	0.0281	-0.0061
(69, 79)	false	3.8160	0.5718	0.5281	3.9600	0.5555	0.5009	-0.1440	-0.0162	-0.0272
(69, 79)	true	4.4600	0.4829	0.4482	4.3600	0.5017	0.4886	-0.1000	-0.0189	-0.0404
(69, 79)	true	3.8760	0.5498	0.4851	4.0580	0.5264	0.5035	0.1820	0.0234	-0.0184
(58, 103)	false	4.2540	0.4424	0.4623	3.6920	0.4770	0.4904	0.5620	0.0345	0.0281
(58, 103)	true	4.1400	0.3448	0.4623	3.9780	0.3710	0.4509	-0.1620	-0.0261	0.0114
(58, 103)	false	4.5460	0.4084	0.4447	4.6020	0.4095	0.4842	-0.0560	0.0011	0.0395
(58, 103)	true	4.3540	0.4207	0.4570	4.3460	0.4217	0.4561	-0.0080	-0.0010	0.0009
(58, 103)	true	4.3040	0.4301	0.4474	4.5000	0.4184	0.4474	0.1960	0.0116	0.0000
(58, 103)	false	4.5280	0.4127	0.4456	4.7940	0.3667	0.4570	-0.2660	-0.0460	0.0114
(58, 103)	false	4.7800	0.3794	0.4333	4.8280	0.3548	0.4105	-0.0480	-0.0246	-0.0228
(58, 103)	true	3.8160	0.5718	0.5281	3.9780	0.5487	0.4789	0.1620	0.0230	0.0491
(58, 103)	false	4.4600	0.4829	0.4482	4.2020	0.5041	0.4588	0.2580	0.0212	0.0105
(58, 103)	true	3.8760	0.5498	0.4851	4.1260	0.5215	0.4816	0.2500	0.0283	0.0035
(14, 38)	false	4.2540	0.4424	0.4623	3.9800	0.4770	0.4974	0.2740	0.0345	0.0351
(14, 38)	false	4.1400	0.3448	0.4623	3.9160	0.4033	0.4851	0.2240	0.0585	0.0228
(14, 38)	true	4.5460	0.4084	0.4447	4.5920	0.4165	0.4781	0.0460	-0.0081	-0.0333
(14, 38)	false	4.3540	0.4207	0.4570	4.2520	0.4554	0.4763	0.1020	0.0346	0.0193
(14, 38)	false	4.3040	0.4301	0.4474	4.4660	0.4233	0.4711	-0.1620	-0.0068	0.0237
(14, 38)	true	4.5280	0.4127	0.4456	4.5740	0.4113	0.4500	0.0460	0.0014	-0.0044
(14, 38)	true	4.7800	0.3794	0.4333	4.7800	0.3364	0.3895	0.0000	0.0430	0.0439
(14, 38)	false	3.8160	0.5718	0.5281	3.8720	0.5700	0.5202	-0.0560	-0.0017	-0.0079
(14, 38)	false	4.4600	0.4829	0.4482	4.3760	0.4883	0.4851	0.0840	0.0055	0.0368
(14, 38)	true	3.8760	0.5498	0.4851	4.0880	0.5348	0.5228	0.2120	0.0150	-0.0377
(18, 79)	false	4.2540	0.4424	0.4623	3.8820	0.4907	0.4807	0.3720	0.0483	0.0184
(18, 79)	true	4.1400	0.3448	0.4623	3.9220	0.3460	0.4404	-0.2180	-0.0012	0.0219
(18, 79)	true	4.5460	0.4084	0.4447	4.6000	0.4240	0.4842	0.0540	-0.0156	-0.0395
(18, 79)	false	4.3540	0.4207	0.4570	4.3820	0.4317	0.4596	-0.0280	0.0110	0.0026
(18, 79)	false	4.3040	0.4301	0.4474	4.4840	0.4106	0.4404	-0.1800	-0.0195	-0.0070
(18, 79)	false	4.5280	0.4127	0.4456	4.7760	0.3660	0.4456	-0.2480	-0.0467	0.0000
(18, 79)	false	4.7800	0.3794	0.4333	4.7380	0.3732	0.4149	0.0420	-0.0062	-0.0184
(18, 79)	false	3.8160	0.5718	0.5281	3.7020	0.5768	0.5009	0.1140	0.0051	-0.0272
(18, 79)	false	4.4600	0.4829	0.4482	4.3760	0.4919	0.4842	0.0840	0.0090	0.0360
(18, 79)	true	3.8760	0.5498	0.4851	3.8300	0.5547	0.5412	-0.0460	-0.0049	-0.0561
(10, 36)	true	4.2540	0.4424	0.4623	4.1140	0.4784	0.4614	-0.1400	-0.0360	0.0009
(10, 36)	false	4.1400	0.3448	0.4623	4.7280	0.3488	0.4044	-0.5880	0.0039	-0.0579
(10, 36)	true	4.5460	0.4084	0.4447	4.4560	0.4163	0.4877	-0.0900	-0.0079	-0.0430
(10, 36)	false	4.3540	0.4207	0.4570	4.2360	0.4306	0.4632	0.1180	0.0099	0.0061
(10, 36)	false	4.3040	0.4301	0.4474	4.4140	0.4210	0.4535	-0.1100	-0.0091	0.0061
(10, 36)	false	4.5280	0.4127	0.4456	4.9880	0.3486	0.4421	-0.4600	-0.0641	-0.0035
(10, 36)	false	4.7800	0.3794	0.4333	4.6820	0.4316	0.4272	0.0980	0.0523	-0.0061
(10, 36)	false	3.8160	0.5718	0.5281	3.8120	0.5483	0.4798	0.0040	-0.0234	-0.0482
(10, 36)	true	4.4600	0.4829	0.4482	4.4300	0.4585	0.4702	-0.0300	0.0243	-0.0219
(10, 36)	true	3.8760	0.5498	0.4851	4.0900	0.5256	0.4982	0.2140	0.0241	-0.0132
(11, 37)	false	4.2540	0.4424	0.4623	3.9200	0.4776	0.4965	0.3340	0.0352	0.0342
(11, 37)	false	4.1400	0.3448	0.4623	4.4960	0.3674	0.4456	-0.3560	0.0226	-0.0167
(11, 37)	false	4.5460	0.4084	0.4447	4.6620	0.4188	0.4561	-0.1160	0.0104	0.0114
(11, 37)	true	4.3540	0.4207	0.4570	4.4860	0.4288	0.4474	0.1320	-0.0080	0.0096
(11, 37)	true	4.3040	0.4301	0.4474	4.3320	0.4216	0.4658	0.0280	0.0085	-0.0184
(11, 37)	false	4.5280	0.4127	0.4456	5.0920	0.2783	0.4237	-0.5640	-0.1344	-0.0219
(11, 37)	false	4.7800	0.3794	0.4333	4.6420	0.4240	0.4474	0.1380	0.0447	0.0140
(11, 37)	true	3.8160	0.5718	0.5281	3.5380	0.6030	0.5114	-0.2780	-0.0312	0.0167
(11, 37)	false	4.4600	0.4829	0.4482	4.5520	0.4825	0.4325	-0.0920	-0.0003	-0.0158
(11, 37)	true	3.8760	0.5498	0.4851	3.9280	0.5413	0.4930	0.0520	0.0085	-0.0079
(69, 78)	false	4.2540	0.4424	0.4623	3.9280	0.4897	0.5096	0.3260	0.0473	0.0474
(69, 78)	false	4.1400	0.3448	0.4623	3.8760	0.3556	0.4333	0.2640	0.0107	-0.0289
(69, 78)	false	4.5460	0.4084	0.4447	4.4780	0.4114	0.4421	0.0680	0.0030	-0.0026
(69, 78)	true	4.3540	0.4207	0.4570	4.2840	0.4338	0.4342	-0.0700	-0.0131	0.0228
(69, 78)	true	4.3040	0.4301	0.4474	4.4600	0.4209	0.4281	0.1560	0.0091	0.0193
(69, 78)	false	4.5280	0.4127	0.4456	4.3940	0.3960	0.4377	0.1340	-0.0167	-0.0079
(69, 78)	false	4.7800	0.3794	0.4333	4.8020	0.3888	0.4228	-0.0220	0.0094	-0.0105
(69, 78)	false	3.8160	0.5718	0.5281	3.9460	0.5465	0.4877	-0.1300	-0.0253	-0.0404
(69, 78)	false	4.4600	0.4829	0.4482	4.3340	0.4856	0.4877	0.1260	0.0027	0.0395
(69, 78)	true	3.8760	0.5498	0.4851	3.8440	0.5613	0.5009	-0.0320	-0.0115	-0.0158
(54, 92)	true	4.2540	0.4424	0.4623	3.7880	0.4816	0.5088	-0.4660	-0.0392	-0.0465
(54, 92)	false	4.1400	0.3448	0.4623	4.0000	0.3574	0.4307	0.1400	0.0126	-0.0316
(54, 92)	false	4.5460	0.4084	0.4447	4.7740	0.4179	0.4728	-0.2280	0.0094	0.0281
(54, 92)	true	4.3540	0.4207	0.4570	4.3940	0.4338	0.4719	0.0400	-0.0131	-0.0149
(54, 92)	true	4.3040	0.4301	0.4474	4.4520	0.4181	0.4588	0.1480	0.0120	-0.0114
(54, 92)	false	4.5280	0.4127	0.4456	4.7300	0.3435	0.4605	-0.2020	-0.0692	0.0149
(54, 92)	false	4.7800	0.3794	0.4333	4.6240	0.3987	0.4342	0.1560	0.0193	0.0009
(54, 92)	true	3.8160	0.5718	0.5281	4.2100	0.4966	0.4930	0.3940	0.0751	0.0351
(54, 92)	true	4.4600	0.4829	0.4482	4.1800	0.5175	0.4921	-0.2800	-0.0346	-0.0439
(54, 92)	true	3.8760	0.5498	0.4851	4.1500	0.5262	0.4895	0.2740	0.0235	-0.0044
(2, 96)	false	4.2540	0.4424	0.4623	4.0480	0.4779	0.5009	0.2060	0.0355	0.0386
(2, 96)	false	4.1400	0.3448	0.4623	4.2380	0.3396	0.4333	-0.0980	-0.0052	-0.0289
(2, 96)	false	4.5460	0.4084	0.4447	4.6180	0.4284	0.4518	-0.0720	0.0200	0.0070
(2, 96)	false	4.3540	0.4207	0.4570	4.2860	0.4200	0.4763	0.0680	-0.0008	0.0193
(2, 96)	false	4.3040	0.4301	0.4474	4.3620	0.4181	0.4693	-0.0580	-0.0120	0.0219
(2, 96)	false	4.5280	0.4127	0.4456	4.9180	0.3223	0.4342	-0.3900	-0.0904	-0.0114
(2, 96)	false	4.7800	0.3794	0.4333	4.6360	0.4233	0.4140	0.1440	0.0440	-0.0193
(2, 96)	false	3.8160	0.5718	0.5281	3.6000	0.5810	0.5105	0.2160	0.0092	-0.0175
(2, 96)	false	4.4600	0.4829	0.4482	4.3860	0.4897	0.4728	0.0740	0.0068	0.0246
(2, 96)	true	3.8760	0.5498	0.4851	3.7480	0.5687	0.5114	-0.1280	-0.0189	-0.0263
(85, 103)	true	4.2540	0.4424	0.4623	4.5680	0.4091	0.4579	0.3140	0.0333	0.0044
(85, 103)	false	4.1400	0.3448	0.4623	3.9020	0.3750	0.4491	0.2380	0.0302	-0.0132
(85, 103)	false	4.5460	0.4084	0.4447	4.3880	0.4328	0.4807	0.1580	0.0244	0.0360
(85, 103)	false	4.3540	0.4207	0.4570	4.1980	0.4366	0.4640	0.1560	0.0159	0.0070
(85, 103)	false	4.3040	0.4301	0.4474	4.1840	0.4229	0.4526	0.1200	-0.0072	0.0053
(85, 103)	true	4.5280	0.4127	0.4456	4.4800	0.4475	0.4561	-0.0480	-0.0348	-0.0105
(85, 103)	true	4.7800	0.3794	0.4333	4.6740	0.4070	0.4044	-0.1060	-0.0276	0.0289
(85, 103)	false	3.8160	0.5718	0.5281	3.8540	0.5603	0.4789	-0.0380	-0.0115	-0.0491
(85, 103)	true	4.4600	0.4829	0.4482	4.5360	0.4478	0.4395	0.0760	0.0351	0.0088
(85, 103)	true	3.8760	0.5498	0.4851	4.0580	0.5356	0.5211	0.1820	0.0142	-0.0360
(86, 99)	true	4.2540	0.4424	0.4623	3.9540	0.4854	0.4702	-0.3000	-0.0429	-0.0079
(86, 99)	false	4.1400	0.3448	0.4623	3.7280	0.3737	0.4509	0.4120	0.0289	-0.0114
(86, 99)	true	4.5460	0.4084	0.4447	4.5860	0.4254	0.4728	0.0400	-0.0170	-0.0281
(86, 99)	true	4.3540	0.4207	0.4570	4.3160	0.4196	0.4772	-0.0380	0.0012	-0.0202
(86, 99)	true	4.3040	0.4301	0.4474	4.3620	0.4336	0.4439	0.0580	-0.0036	0.0035
(86, 99)	false	4.5280	0.4127	0.4456	4.6100	0.4032	0.4544	-0.0820	-0.0095	0.0088
(86, 99)	false	4.7800	0.3794	0.4333	4.6960	0.4054	0.4123	0.0840	0.0261	-0.0211
(86, 99)	true	3.8160	0.5718	0.5281	3.9160	0.5507	0.5114	0.1000	0.0210	0.0167
(86, 99)	false	4.4600	0.4829	0.4482	4.4740	0.4870	0.4842	-0.0140	0.0042	0.0360
(86, 99)	true	3.8760	0.5498	0.4851	3.8880	0.5530	0.4912	0.0120	-0.0032	-0.0061
(66, 82)	false	4.2540	0.4424	0.4623	4.1560	0.4321	0.4939	0.0980	-0.0103	0.0316
(66, 82)	false	4.1400	0.3448	0.4623	3.9000	0.3929	0.4518	0.2400	0.0481	-0.0105
(66, 82)	false	4.5460	0.4084	0.4447	4.7940	0.4123	0.4833	-0.2480	0.0039	0.0386
(66, 82)	false	4.3540	0.4207	0.4570	4.3560	0.4276	0.4746	-0.0020	0.0069	0.0175
(66, 82)	false	4.3040	0.4301	0.4474	4.3160	0.4291	0.4702	-0.0120	-0.0009	0.0228
(66, 82)	false	4.5280	0.4127	0.4456	4.8280	0.3180	0.4307	-0.3000	-0.0947	-0.0149
(66, 82)	false	4.7800	0.3794	0.4333	4.4860	0.4181	0.4175	0.2940	0.0387	-0.0158
(66, 82)	true	3.8160	0.5718	0.5281	3.9260	0.5575	0.5088	0.1100	0.0143	0.0193
(66, 82)	false	4.4600	0.4829	0.4482	4.2700	0.4994	0.4789	0.1900	0.0166	0.0307
(66, 82)	true	3.8760	0.5498	0.4851	4.0640	0.5334	0.4939	0.1880	0.0164	-0.0088
(32, 75)	false	4.2540	0.4424	0.4623	4.2680	0.4273	0.4588	-0.0140	-0.0152	-0.0035
(32, 75)	true	4.1400	0.3448	0.4623	4.0360	0.4047	0.4526	-0.1040	-0.0598	0.0096
(32, 75)	false	4.5460	0.4084	0.4447	4.5220	0.3922	0.4605	0.0240	-0.0162	0.0158
(32, 75)	true	4.3540	0.4207	0.4570	4.3600	0.4287	0.4737	0.0060	-0.0079	-0.0167
(32, 75)	true	4.3040	0.4301	0.4474	4.2880	0.4324	0.4737	-0.0160	-0.0023	-0.0263
(32, 75)	false	4.5280	0.4127	0.4456	4.6240	0.3638	0.4456	-0.0960	-0.0489	0.0000
(32, 75)	false	4.7800	0.3794	0.4333	4.4160	0.4442	0.4377	0.3640	0.0648	0.0044
(32, 75)	false	3.8160	0.5718	0.5281	3.7560	0.5763	0.4921	0.0600	0.0046	-0.0360
(32, 75)	false	4.4600	0.4829	0.4482	4.2480	0.4999	0.4833	0.2120	0.0170	0.0351
(32, 75)	true	3.8760	0.5498	0.4851	4.1160	0.5014	0.4719	0.2400	0.0484	0.0132
(15, 81)	false	4.2540	0.4424	0.4623	3.8480	0.4608	0.4860	0.4060	0.0184	0.0237
(15, 81)	false	4.1400	0.3448	0.4623	3.6260	0.4104	0.4781	0.5140	0.0656	0.0158
(15, 81)	false	4.5460	0.4084	0.4447	4.8480	0.4118	0.4798	-0.3020	0.0034	0.0351
(15, 81)	true	4.3540	0.4207	0.4570	4.0120	0.5035	0.4781	-0.3420	-0.0828	-0.0211
(15, 81)	true	4.3040	0.4301	0.4474	4.1060	0.4840	0.4746	-0.1980	-0.0540	-0.0272
(15, 81)	true	4.5280	0.4127	0.4456	4.4360	0.4324	0.4675	-0.0920	-0.0197	-0.0219
(15, 81)	true	4.7800	0.3794	0.4333	4.8260	0.3615	0.4018	0.0460	0.0179	0.0316
(15, 81)	false	3.8160	0.5718	0.5281	3.8260	0.5409	0.5132	-0.0100	-0.0308	-0.0149
(15, 81)	false	4.4600	0.4829	0.4482	4.2060	0.5141	0.4921	0.2540	0.0313	0.0439
(15, 81)	true	3.8760	0.5498	0.4851	4.2920	0.4931	0.4754	0.4160	0.0567	0.0096
(58, 102)	false	4.2540	0.4424	0.4623	4.3220	0.4277	0.5035	-0.0680	-0.0147	0.0412
(58, 102)	true	4.1400	0.3448	0.4623	3.7340	0.4031	0.4307	-0.4060	-0.0583	0.0316
(58, 102)	true	4.5460	0.4084	0.4447	4.4860	0.4385	0.4789	-0.0600	-0.0301	-0.0342
(58, 102)	true	4.3540	0.4207	0.4570	4.3980	0.4152	0.4491	0.0440	0.0055	0.0079
(58, 102)	true	4.3040	0.4301	0.4474	4.4420	0.4157	0.4614	0.1380	0.0144	-0.0140
(58, 102)	true	4.5280	0.4127	0.4456	4.3480	0.4028	0.4342	-0.1800	0.0099	0.0114
(58, 102)	false	4.7800	0.3794	0.4333	4.7920	0.4010	0.4246	-0.0120	0.0217	-0.0088
(58, 102)	false	3.8160	0.5718	0.5281	3.8980	0.5513	0.4912	-0.0820	-0.0205	-0.0368
(58, 102)	true	4.4600	0.4829	0.4482	4.0740	0.5423	0.4518	-0.3860	-0.0594	-0.0035
(58, 102)	true	3.8760	0.5498	0.4851	3.9700	0.5428	0.4947	0.0940	0.0070	-0.0096
(45, 94)	false	4.2540	0.4424	0.4623	4.0200	0.4928	0.4982	0.2340	0.0504	0.0360
(45, 94)	false	4.1400	0.3448	0.4623	3.8800	0.3753	0.4579	0.2600	0.0304	-0.0044
(45, 94)	false	4.5460	0.4084	0.4447	4.6460	0.4131	0.4412	-0.1000	0.0047	-0.0035
(45, 94)	false	4.3540	0.4207	0.4570	4.4220	0.4220	0.4649	-0.0680	0.0013	0.0079
(45, 94)	false	4.3040	0.4301	0.4474	4.2400	0.4273	0.4588	0.0640	-0.0028	0.0114
(45, 94)	false	4.5280	0.4127	0.4456	4.5520	0.3618	0.4614	-0.0240	-0.0509	0.0158
(45, 94)	false	4.7800	0.3794	0.4333	4.6140	0.3692	0.4079	0.1660	-0.0102	-0.0254
(45, 94)	false	3.8160	0.5718	0.5281	3.7980	0.5657	0.5053	0.0180	-0.0060	-0.0228
(45, 94)	false	4.4600	0.4829	0.4482	4.4020	0.4903	0.4711	0.0580	0.0075	0.0228
(45, 94)	true	3.8760	0.5498	0.4851	3.9060	0.5381	0.4956	0.0300	0.0117	-0.0105
(48, 92)	false	4.2540	0.4424	0.4623	4.2960	0.4604	0.4693	-0.0420	0.0180	0.0070
(48, 92)	false	4.1400	0.3448	0.4623	3.7240	0.4012	0.4693	0.4160	0.0564	0.0070
(48, 92)	false	4.5460	0.4084	0.4447	4.7980	0.3863	0.4614	-0.2520	-0.0221	0.0167
(48, 92)	false	4.3540	0.4207	0.4570	4.4740	0.4231	0.4667	-0.1200	0.0023	0.0096
(48, 92)	false	4.3040	0.4301	0.4474	4.4760	0.4234	0.4737	-0.1720	-0.0067	0.0263
(48, 92)	false	4.5280	0.4127	0.4456	4.7680	0.3558	0.4491	-0.2400	-0.0568	0.0035
(48, 92)	false	4.7800	0.3794	0.4333	4.5220	0.4088	0.4518	0.2580	0.0295	0.0184
(48, 92)	true	3.8160	0.5718	0.5281	3.5380	0.6001	0.5053	-0.2780	-0.0283	0.0228
(48, 92)	false	4.4600	0.4829	0.4482	4.3460	0.4985	0.4465	0.1140	0.0157	-0.0018
(48, 92)	true	3.8760	0.5498	0.4851	4.0000	0.5412	0.5096	0.1240	0.0086	-0.0246
(35, 67)	false	4.2540	0.4424	0.4623	3.8000	0.4912	0.4816	0.4540	0.0487	0.0193
(35, 67)	true	4.1400	0.3448	0.4623	3.9740	0.3816	0.4491	-0.1660	-0.0368	0.0132
(35, 67)	false	4.5460	0.4084	0.4447	4.8520	0.4191	0.4640	-0.3060	0.0107	0.0193
(35, 67)	false	4.3540	0.4207	0.4570	4.2960	0.4371	0.4702	0.0580	0.0163	0.0132
(35, 67)	false	4.3040	0.4301	0.4474	4.0980	0.4436	0.4868	0.2060	0.0135	0.0395
(35, 67)	false	4.5280	0.4127	0.4456	4.6420	0.3971	0.4614	-0.1140	-0.0156	0.0158
(35, 67)	false	4.7800	0.3794	0.4333	4.3400	0.4530	0.4096	0.4400	0.0736	-0.0237
(35, 67)	false	3.8160	0.5718	0.5281	4.0020	0.5440	0.4851	-0.1860	-0.0278	-0.0430
(35, 67)	false	4.4600	0.4829	0.4482	4.2680	0.5029	0.5018	0.1920	0.0201	0.0535
(35, 67)	true	3.8760	0.5498	0.4851	3.8080	0.5650	0.5140	-0.0680	-0.0152	-0.0289
(87, 101)	true	4.2540	0.4424	0.4623	4.0980	0.4722	0.5070	-0.1560	-0.0298	-0.0447
(87, 101)	false	4.1400	0.3448	0.4623	4.0000	0.3749	0.4667	0.1400	0.0300	0.0044
(87, 101)	true	4.5460	0.4084	0.4447	4.6400	0.4201	0.4614	0.0940	-0.0117	-0.0167
(87, 101)	false	4.3540	0.4207	0.4570	4.4000	0.4202	0.4658	-0.0460	-0.0006	0.0088
(87, 101)	false	4.3040	0.4301	0.4474	4.3440	0.4236	0.4544	-0.0400	-0.0065	0.0070
(87, 101)	true	4.5280	0.4127	0.4456	4.5880	0.3990	0.4579	0.0600	0.0136	-0.0123
(87, 101)	true	4.7800	0.3794	0.4333	4.6020	0.4217	0.4289	-0.1780	-0.0423	0.0044
(87, 101)	true	3.8160	0.5718	0.5281	3.9100	0.5419	0.4728	0.0940	0.0299	0.0553
(87, 101)	true	4.4600	0.4829	0.4482	4.4460	0.4776	0.4412	-0.0140	0.0053	0.0070
(87, 101)	true	3.8760	0.5498	0.4851	4.2020	0.5095	0.4860	0.3260	0.0403	-0.0009
(10, 34)	false	4.2540	0.4424	0.4623	3.7520	0.5299	0.4991	0.5020	0.0875	0.0368
(10, 34)	false	4.1400	0.3448	0.4623	4.8000	0.3709	0.4693	-0.6600	0.0260	0.0070
(10, 34)	false	4.5460	0.4084	0.4447	4.5760	0.3884	0.4974	-0.0300	-0.0200	0.0526
(10, 34)	false	4.3540	0.4207	0.4570	4.4360	0.4118	0.4728	-0.0820	-0.0089	0.0158
(10, 34)	false	4.3040	0.4301	0.4474	4.3300	0.4064	0.4561	-0.0260	-0.0237	0.0088
(10, 34)	false	4.5280	0.4127	0.4456	4.3480	0.4721	0.4640	0.1800	0.0594	0.0184
(10, 34)	false	4.7800	0.3794	0.4333	4.6940	0.3475	0.4263	0.0860	-0.0319	-0.0070
(10, 34)	false	3.8160	0.5718	0.5281	3.7740	0.5673	0.4816	0.0420	-0.0044	-0.0465
(10, 34)	true	4.4600	0.4829	0.4482	4.3000	0.5007	0.4640	-0.1600	-0.0179	-0.0158
(10, 34)	true	3.8760	0.5498	0.4851	4.3680	0.4284	0.4219	0.4920	0.1213	0.0632
(19, 68)	true	4.2540	0.4424	0.4623	3.8700	0.4861	0.4693	-0.3840	-0.0437	-0.0070
(19, 68)	false	4.1400	0.3448	0.4623	3.9840	0.3464	0.4316	0.1560	0.0015	-0.0307
(19, 68)	false	4.5460	0.4084	0.4447	4.6960	0.3918	0.4939	-0.1500	-0.0166	0.0491
(19, 68)	false	4.3540	0.4207	0.4570	4.1640	0.4644	0.4684	0.1900	0.0436	0.0114
(19, 68)	false	4.3040	0.4301	0.4474	4.2280	0.4746	0.5009	0.0760	0.0446	0.0535
(19, 68)	false	4.5280	0.4127	0.4456	4.6180	0.3774	0.4596	-0.0900	-0.0353	0.0140
(19, 68)	false	4.7800	0.3794	0.4333	4.7620	0.3510	0.3886	0.0180	-0.0284	-0.0447
(19, 68)	false	3.8160	0.5718	0.5281	3.6480	0.5808	0.5053	0.1680	0.0090	-0.0228
(19, 68)	false	4.4600	0.4829	0.4482	4.3280	0.5018	0.4632	0.1320	0.0190	0.0149
(19, 68)	true	3.8760	0.5498	0.4851	4.0820	0.5059	0.4886	0.2060	0.0439	-0.0035
(7, 41)	false	4.2540	0.4424	0.4623	4.1260	0.4304	0.4667	0.1280	-0.0120	0.0044
(7, 41)	false	4.1400	0.3448	0.4623	3.8780	0.3729	0.4430	0.2620	0.0281	-0.0193
(7, 41)	false	4.5460	0.4084	0.4447	4.8200	0.3975	0.4509	-0.2740	-0.0109	0.0061
(7, 41)	false	4.3540	0.4207	0.4570	4.2860	0.4392	0.4561	0.0680	0.0185	-0.0009
(7, 41)	false	4.3040	0.4301	0.4474	4.3360	0.4382	0.4614	-0.0320	0.0081	0.0140
(7, 41)	false	4.5280	0.4127	0.4456	4.3500	0.4370	0.4605	0.1780	0.0244	0.0149
(7, 41)	false	4.7800	0.3794	0.4333	4.6360	0.4113	0.4096	0.1440	0.0320	-0.0237
(7, 41)	true	3.8160	0.5718	0.5281	3.9100	0.5334	0.4658	0.0940	0.0384	0.0623
(7, 41)	false	4.4600	0.4829	0.4482	4.4020	0.4870	0.4947	0.0580	0.0041	0.0465
(7, 41)	true	3.8760	0.5498	0.4851	4.1400	0.5045	0.4904	0.2640	0.0453	-0.0053
(48, 57)	true	4.2540	0.4424	0.4623	4.1380	0.4292	0.4886	-0.1160	0.0133	-0.0263
(48, 57)	true	4.1400	0.3448	0.4623	4.2360	0.3444	0.4316	0.0960	0.0005	0.0307
(48, 57)	false	4.5460	0.4084	0.4447	4.4660	0.4186	0.4816	0.0800	0.0102	0.0368
(48, 57)	false	4.3540	0.4207	0.4570	4.0700	0.4447	0.4746	0.2840	0.0239	0.0175
(48, 57)	false	4.3040	0.4301	0.4474	4.3160	0.4310	0.4658	-0.0120	0.0009	0.0184
(48, 57)	false	4.5280	0.4127	0.4456	4.7740	0.3649	0.4044	-0.2460	-0.0477	-0.0412
(48, 57)	false	4.7800	0.3794	0.4333	4.7800	0.3216	0.3947	0.0000	-0.0577	-0.0386
(48, 57)	false	3.8160	0.5718	0.5281	3.9340	0.5397	0.4965	-0.1180	-0.0321	-0.0316
(48, 57)	false	4.4600	0.4829	0.4482	4.0160	0.5303	0.4868	0.4440	0.0475	0.0386
(48, 57)	true	3.8760	0.5498	0.4851	4.1720	0.5019	0.4860	0.2960	0.0479	-0.0009
(34, 67)	true	4.2540	0.4424	0.4623	3.9000	0.4838	0.5202	-0.3540	-0.0414	-0.0579
(34, 67)	false	4.1400	0.3448	0.4623	4.2280	0.3690	0.4535	-0.0880	0.0242	-0.0088
(34, 67)	false	4.5460	0.4084	0.4447	4.2740	0.4359	0.4798	0.2720	0.0275	0.0351
(34, 67)	false	4.3540	0.4207	0.4570	4.1520	0.4374	0.4500	0.2020	0.0166	-0.0070
(34, 67)	false	4.3040	0.4301	0.4474	4.2980	0.4335	0.4474	0.0060	0.0034	0.0000
(34, 67)	true	4.5280	0.4127	0.4456	4.6260	0.3810	0.4202	0.0980	0.0317	0.0254
(34, 67)	true	4.7800	0.3794	0.4333	4.6540	0.4073	0.4254	-0.1260	-0.0280	0.0079
(34, 67)	false	3.8160	0.5718	0.5281	3.6880	0.5790	0.5211	0.1280	0.0072	-0.0070
(34, 67)	true	4.4600	0.4829	0.4482	4.5020	0.4814	0.4272	0.0420	0.0014	0.0211
(34, 67)	true	3.8760	0.5498	0.4851	3.9740	0.5374	0.5070	0.0980	0.0124	-0.0219
(52, 90)	true	4.2540	0.4424	0.4623	4.1900	0.4532	0.5009	-0.0640	-0.0108	-0.0386
(52, 90)	false	4.1400	0.3448	0.4623	3.8780	0.3636	0.4544	0.2620	0.0188	-0.0079
(52, 90)	false	4.5460	0.4084	0.4447	4.9680	0.3479	0.4658	-0.4220	-0.0606	0.0211
(52, 90)	false	4.3540	0.4207	0.4570	4.4580	0.4189	0.4535	-0.1040	-0.0019	-0.0035
(52, 90)	false	4.3040	0.4301	0.4474	4.2760	0.4275	0.4518	0.0280	-0.0026	0.0044
(52, 90)	true	4.5280	0.4127	0.4456	4.5680	0.4069	0.4789	0.0400	0.0058	-0.0333
(52, 90)	true	4.7800	0.3794	0.4333	4.3800	0.4373	0.4211	-0.4000	-0.0580	0.0123
(52, 90)	true	3.8160	0.5718	0.5281	3.7880	0.5685	0.5088	-0.0280	0.0033	0.0193
(52, 90)	false	4.4600	0.4829	0.4482	4.3300	0.4958	0.4754	0.1300	0.0130	0.0272
(52, 90)	true	3.8760	0.5498	0.4851	4.1280	0.5117	0.4895	0.2520	0.0381	-0.0044
(84, 102)	false	4.2540	0.4424	0.4623	4.1860	0.4440	0.4658	0.0680	0.0016	0.0035
(84, 102)	true	4.1400	0.3448	0.4623	3.9780	0.3822	0.4632	-0.1620	-0.0373	-0.0009
(84, 102)	false	4.5460	0.4084	0.4447	4.5600	0.4255	0.4596	-0.0140	0.0171	0.0149
(84, 102)	false	4.3540	0.4207	0.4570	4.3820	0.4280	0.4825	-0.0280	0.0072	0.0254
(84, 102)	false	4.3040	0.4301	0.4474	4.2720	0.4182	0.4623	0.0320	-0.0119	0.0149
