(147, 153)	true	3.776	0.6193	0.2171	3.698	0.6278	0.2016	-0.078	-0.0086	0.0155
(147, 153)	true	3.34	0.6672	0.2527	3.516	0.6676	0.2961	0.176	-0.0005	-0.0434
(147, 153)	false	3.708	0.6458	0.2496	3.664	0.6631	0.2481	0.044	0.0174	-0.0016
(147, 153)	false	4.054	0.5863	0.2651	4.06	0.5748	0.2496	-0.006	-0.0115	-0.0155
(147, 153)	false	3.642	0.6833	0.276	3.684	0.6801	0.3256	-0.042	-0.0031	0.0496
(147, 153)	false	3.398	0.7008	0.276	3.758	0.6657	0.2636	-0.36	-0.0352	-0.0124
(147, 153)	false	3.794	0.6678	0.2977	3.526	0.6924	0.3225	0.268	0.0246	0.0248
(147, 153)	true	3.908	0.6215	0.3116	4.206	0.5917	0.2744	0.298	0.0298	0.0372
(147, 153)	false	3.964	0.6333	0.2744	4.064	0.6159	0.2992	-0.1	-0.0174	0.0248
(147, 153)	true	3.514	0.6716	0.3132	3.64	0.6378	0.2574	0.126	0.0338	0.0558
(25, 64)	false	3.776	0.6193	0.2171	3.872	0.6121	0.1845	-0.096	-0.0071	-0.0326
(25, 64)	false	3.34	0.6672	0.2527	3.534	0.6712	0.2698	-0.194	0.0041	0.0171
(25, 64)	true	3.708	0.6458	0.2496	3.608	0.6696	0.3008	-0.1	-0.0238	-0.0512
(25, 64)	false	4.054	0.5863	0.2651	4.102	0.5551	0.231	-0.048	-0.0312	-0.0341
(25, 64)	true	3.642	0.6833	0.276	3.596	0.678	0.2791	-0.046	0.0052	-0.0031
(25, 64)	true	3.398	0.7008	0.276	3.812	0.6596	0.2667	0.414	0.0412	0.0093
(25, 64)	false	3.794	0.6678	0.2977	3.58	0.676	0.3039	0.214	0.0083	0.0062
(25, 64)	false	3.908	0.6215	0.3116	4.028	0.6016	0.2868	-0.12	-0.0199	-0.0248
(25, 64)	true	3.964	0.6333	0.2744	4.088	0.6236	0.2574	0.124	0.0097	0.0171
(25, 64)	true	3.514	0.6716	0.3132	3.754	0.6333	0.2698	0.24	0.0383	0.0434
(24, 114)	true	3.776	0.6193	0.2171	3.414	0.6479	0.186	-0.362	-0.0287	0.031
(24, 114)	true	3.34	0.6672	0.2527	3.482	0.6465	0.2109	0.142	0.0207	0.0419
(24, 114)	true	3.708	0.6458	0.2496	3.76	0.6473	0.2884	0.052	-0.0015	-0.0388
(24, 114)	false	4.054	0.5863	0.2651	3.848	0.587	0.2775	0.206	0.0007	0.0124
(24, 114)	false	3.642	0.6833	0.276	3.73	0.6541	0.2388	-0.088	-0.0292	-0.0372
(24, 114)	true	3.398	0.7008	0.276	3.482	0.6923	0.2775	0.084	0.0085	-0.0016
(24, 114)	false	3.794	0.6678	0.2977	3.64	0.6821	0.3132	0.154	0.0144	0.0155
(24, 114)	false	3.908	0.6215	0.3116	4.018	0.6052	0.2434	-0.11	-0.0163	-0.0682
(24, 114)	false	3.964	0.6333	0.2744	3.898	0.6338	0.2543	0.066	0.0005	-0.0202
(24, 114)	true	3.514	0.6716	0.3132	3.528	0.6499	0.293	0.014	0.0217	0.0202
(76, 134)	false	3.776	0.6193	0.2171	4.076	0.5624	0.1829	-0.3	-0.0569	-0.0341
(76, 134)	false	3.34	0.6672	0.2527	3.762	0.5902	0.2434	-0.422	-0.0769	-0.0093
(76, 134)	true	3.708	0.6458	0.2496	3.752	0.6548	0.2729	0.044	-0.009	-0.0233
(76, 134)	false	4.054	0.5863	0.2651	3.698	0.6109	0.2481	0.356	0.0246	-0.0171
(76, 134)	false	3.642	0.6833	0.276	3.552	0.6788	0.2775	0.09	-0.0045	0.0016
(76, 134)	false	3.398	0.7008	0.276	3.602	0.674	0.2202	-0.204	-0.0269	-0.0558
(76, 134)	false	3.794	0.6678	0.2977	3.728	0.6632	0.293	0.066	-0.0046	-0.0047
(76, 134)	false	3.908	0.6215	0.3116	4.072	0.5966	0.3085	-0.164	-0.0249	-0.0031
(76, 134)	false	3.964	0.6333	0.2744	3.98	0.6254	0.2868	-0.016	-0.0079	0.0124
(76, 134)	true	3.514	0.6716	0.3132	3.458	0.6685	0.3054	-0.056	0.0031	0.0078
(28, 110)	true	3.776	0.6193	0.2171	3.822	0.5746	0.1814	0.046	0.0446	0.0357
(28, 110)	true	3.34	0.6672	0.2527	3.706	0.6322	0.2031	0.366	0.035	0.0496
(28, 110)	false	3.708	0.6458	0.2496	3.75	0.6566	0.262	-0.042	0.0108	0.0124
(28, 110)	true	4.054	0.5863	0.2651	4.056	0.5538	0.2481	0.002	0.0325	0.0171
(28, 110)	false	3.642	0.6833	0.276	3.746	0.665	0.2682	-0.104	-0.0182	-0.0078
(28, 110)	false	3.398	0.7008	0.276	3.796	0.6616	0.2357	-0.398	-0.0392	-0.0403
(28, 110)	false	3.794	0.6678	0.2977	3.754	0.6708	0.2946	0.04	0.003	-0.0031
(28, 110)	true	3.908	0.6215	0.3116	3.982	0.611	0.2977	0.074	0.0105	0.014
(28, 110)	false	3.964	0.6333	0.2744	3.85	0.6387	0.3008	0.114	0.0054	0.0264
(28, 110)	true	3.514	0.6716	0.3132	3.55	0.6558	0.3008	0.036	0.0158	0.0124
(101, 143)	false	3.776	0.6193	0.2171	3.85	0.6244	0.1721	-0.074	0.0051	-0.045
(101, 143)	false	3.34	0.6672	0.2527	3.522	0.6502	0.2512	-0.182	-0.017	-0.0016
(101, 143)	true	3.708	0.6458	0.2496	3.662	0.6628	0.2868	-0.046	-0.0171	-0.0372
(101, 143)	true	4.054	0.5863	0.2651	4.022	0.5759	0.2574	-0.032	0.0104	0.0078
(101, 143)	true	3.642	0.6833	0.276	3.512	0.6879	0.3101	-0.13	-0.0047	-0.0341
(101, 143)	true	3.398	0.7008	0.276	3.852	0.648	0.2434	0.454	0.0528	0.0326
(101, 143)	true	3.794	0.6678	0.2977	3.794	0.6725	0.3023	0	-0.0047	-0.0047
(101, 143)	false	3.908	0.6215	0.3116	3.724	0.6333	0.3008	0.184	0.0118	-0.0109
(101, 143)	false	3.964	0.6333	0.2744	3.794	0.6539	0.3194	0.17	0.0205	0.045
(101, 143)	true	3.514	0.6716	0.3132	3.528	0.663	0.3256	0.014	0.0086	-0.0124
(9, 130)	false	3.776	0.6193	0.2171	3.926	0.5715	0.1907	-0.15	-0.0477	-0.0264
(9, 130)	false	3.34	0.6672	0.2527	3.856	0.6185	0.2093	-0.516	-0.0487	-0.0434
(9, 130)	false	3.708	0.6458	0.2496	3.614	0.6651	0.293	0.094	0.0193	0.0434
(9, 130)	false	4.054	0.5863	0.2651	3.73	0.6013	0.2527	0.324	0.015	-0.0124
(9, 130)	false	3.642	0.6833	0.276	3.76	0.6752	0.262	-0.118	-0.008	-0.014
(9, 130)	true	3.398	0.7008	0.276	4.126	0.5897	0.1953	0.728	0.1111	0.0806
(9, 130)	false	3.794	0.6678	0.2977	3.7	0.668	0.307	0.094	0.0003	0.0093
(9, 130)	false	3.908	0.6215	0.3116	3.958	0.5937	0.2651	-0.05	-0.0278	-0.0465
(9, 130)	false	3.964	0.6333	0.2744	3.92	0.6345	0.3039	0.044	0.0011	0.0295
(9, 130)	true	3.514	0.6716	0.3132	3.446	0.6647	0.2992	-0.068	0.0069	0.014
(9, 131)	true	3.776	0.6193	0.2171	3.844	0.6071	0.186	0.068	0.0122	0.031
(9, 131)	true	3.34	0.6672	0.2527	3.934	0.6123	0.2264	0.594	0.0549	0.0264
(9, 131)	false	3.708	0.6458	0.2496	3.598	0.6739	0.3147	0.11	0.0281	0.0651
(9, 131)	true	4.054	0.5863	0.2651	3.994	0.5899	0.2527	-0.06	-0.0036	0.0124
(9, 131)	false	3.642	0.6833	0.276	3.754	0.6646	0.3085	-0.112	-0.0187	0.0326
(9, 131)	false	3.398	0.7008	0.276	3.638	0.6751	0.2419	-0.24	-0.0258	-0.0341
(9, 131)	false	3.794	0.6678	0.2977	3.864	0.6577	0.2961	-0.07	-0.0101	-0.0016
(9, 131)	true	3.908	0.6215	0.3116	4.044	0.6077	0.3163	0.136	0.0138	-0.0047
(9, 131)	false	3.964	0.6333	0.2744	3.948	0.6235	0.2884	0.016	-0.0098	0.014
(9, 131)	true	3.514	0.6716	0.3132	3.592	0.65	0.2512	0.078	0.0216	0.062
(55, 61)	true	3.776	0.6193	0.2171	3.708	0.5996	0.1984	-0.068	0.0196	0.0186
(55, 61)	true	3.34	0.6672	0.2527	3.622	0.6327	0.2	0.282	0.0344	0.0527
(55, 61)	false	3.708	0.6458	0.2496	3.734	0.6504	0.2822	-0.026	0.0047	0.0326
(55, 61)	false	4.054	0.5863	0.2651	4.008	0.5852	0.2372	0.046	-0.0011	-0.0279
(55, 61)	false	3.642	0.6833	0.276	3.7	0.67	0.2806	-0.058	-0.0133	0.0047
(55, 61)	true	3.398	0.7008	0.276	3.956	0.6107	0.1984	0.558	0.0901	0.0775
(55, 61)	true	3.794	0.6678	0.2977	3.622	0.6705	0.3349	-0.172	-0.0028	-0.0372
(55, 61)	false	3.908	0.6215	0.3116	3.994	0.6007	0.2512	-0.086	-0.0208	-0.0605
(55, 61)	false	3.964	0.6333	0.2744	3.988	0.634	0.3209	-0.024	0.0007	0.0465
(55, 61)	true	3.514	0.6716	0.3132	3.232	0.6889	0.3628	-0.282	-0.0173	-0.0496
(31, 110)	false	3.776	0.6193	0.2171	3.856	0.6018	0.1473	-0.08	-0.0174	-0.0698
(31, 110)	false	3.34	0.6672	0.2527	3.57	0.655	0.2419	-0.23	-0.0122	-0.0109
(31, 110)	true	3.708	0.6458	0.2496	3.856	0.6134	0.2388	0.148	0.0324	0.0109
(31, 110)	false	4.054	0.5863	0.2651	3.818	0.5954	0.2543	0.236	0.0091	-0.0109
(31, 110)	false	3.642	0.6833	0.276	3.518	0.697	0.3287	0.124	0.0138	0.0527
(31, 110)	true	3.398	0.7008	0.276	3.634	0.6802	0.2465	0.236	0.0206	0.0295
(31, 110)	false	3.794	0.6678	0.2977	3.27	0.7211	0.2992	0.524	0.0533	0.0016
(31, 110)	false	3.908	0.6215	0.3116	3.884	0.6078	0.2853	0.024	-0.0137	-0.0264
(31, 110)	false	3.964	0.6333	0.2744	3.88	0.6426	0.2992	0.084	0.0093	0.0248
(31, 110)	true	3.514	0.6716	0.3132	3.614	0.6587	0.3147	0.1	0.0129	-0.0016
(13, 123)	false	3.776	0.6193	0.2171	3.75	0.6341	0.2248	0.026	0.0148	0.0078
(13, 123)	false	3.34	0.6672	0.2527	3.774	0.6269	0.2326	-0.434	-0.0403	-0.0202
(13, 123)	false	3.708	0.6458	0.2496	3.73	0.6449	0.293	-0.022	-0.0009	0.0434
(13, 123)	false	4.054	0.5863	0.2651	3.822	0.5972	0.2744	0.232	0.0109	0.0093
(13, 123)	false	3.642	0.6833	0.276	3.692	0.6777	0.307	-0.05	-0.0056	0.031
(13, 123)	false	3.398	0.7008	0.276	3.45	0.688	0.276	-0.052	-0.0129	0
(13, 123)	false	3.794	0.6678	0.2977	3.578	0.6845	0.3287	0.216	0.0167	0.031
(13, 123)	true	3.908	0.6215	0.3116	4.034	0.6098	0.2744	0.126	0.0117	0.0372
(13, 123)	true	3.964	0.6333	0.2744	3.994	0.6278	0.2775	0.03	0.0055	-0.0031
(13, 123)	true	3.514	0.6716	0.3132	3.476	0.6553	0.3271	-0.038	0.0163	-0.014
(12, 122)	true	3.776	0.6193	0.2171	4.14	0.5021	0.1721	0.364	0.1172	0.045
(12, 122)	true	3.34	0.6672	0.2527	4.226	0.4977	0.1922	0.886	0.1695	0.0605
(12, 122)	false	3.708	0.6458	0.2496	3.594	0.6663	0.3132	0.114	0.0205	0.0636
(12, 122)	false	4.054	0.5863	0.2651	3.934	0.6008	0.2465	0.12	0.0145	-0.0186
(12, 122)	false	3.642	0.6833	0.276	3.556	0.6968	0.3147	0.086	0.0136	0.0388
(12, 122)	false	3.398	0.7008	0.276	3.552	0.6669	0.231	-0.154	-0.034	-0.045
(12, 122)	false	3.794	0.6678	0.2977	3.82	0.6741	0.3116	-0.026	0.0064	0.014
(12, 122)	false	3.908	0.6215	0.3116	3.92	0.6118	0.2961	-0.012	-0.0097	-0.0155
(12, 122)	true	3.964	0.6333	0.2744	4.068	0.6164	0.2651	0.104	0.017	0.0093
(12, 122)	true	3.514	0.6716	0.3132	3.638	0.6497	0.3054	0.124	0.0219	0.0078
(2, 80)	false	3.776	0.6193	0.2171	3.848	0.5701	0.1984	-0.072	-0.0492	-0.0186
(2, 80)	false	3.34	0.6672	0.2527	3.516	0.6512	0.245	-0.176	-0.016	-0.0078
(2, 80)	true	3.708	0.6458	0.2496	3.734	0.6659	0.2388	0.026	-0.0202	0.0109
(2, 80)	false	4.054	0.5863	0.2651	3.78	0.5978	0.2667	0.274	0.0115	0.0016
(2, 80)	false	3.642	0.6833	0.276	3.728	0.6751	0.262	-0.086	-0.0081	-0.014
(2, 80)	false	3.398	0.7008	0.276	3.952	0.6426	0.2403	-0.554	-0.0582	-0.0357
(2, 80)	true	3.794	0.6678	0.2977	3.746	0.6504	0.2667	-0.048	0.0173	0.031
(2, 80)	true	3.908	0.6215	0.3116	4.044	0.6049	0.2744	0.136	0.0166	0.0372
(2, 80)	true	3.964	0.6333	0.2744	3.854	0.6422	0.3023	-0.11	-0.0089	-0.0279
(2, 80)	true	3.514	0.6716	0.3132	3.572	0.6664	0.2713	0.058	0.0052	0.0419
(91, 145)	false	3.776	0.6193	0.2171	3.712	0.6249	0.2233	0.064	0.0057	0.0062
(91, 145)	false	3.34	0.6672	0.2527	4.014	0.5757	0.2093	-0.674	-0.0914	-0.0434
(91, 145)	false	3.708	0.6458	0.2496	3.752	0.65	0.2899	-0.044	0.0042	0.0403
(91, 145)	true	4.054	0.5863	0.2651	3.916	0.5887	0.2651	-0.138	-0.0024	0
(91, 145)	false	3.642	0.6833	0.276	3.654	0.6711	0.3209	-0.012	-0.0121	0.045
(91, 145)	true	3.398	0.7008	0.276	3.852	0.6456	0.2419	0.454	0.0553	0.0341
(91, 145)	true	3.794	0.6678	0.2977	3.636	0.6888	0.2977	-0.158	-0.021	0
(91, 145)	true	3.908	0.6215	0.3116	3.896	0.6131	0.2775	-0.012	0.0084	0.0341
(91, 145)	false	3.964	0.6333	0.2744	4.068	0.6233	0.2822	-0.104	-0.01	0.0078
(91, 145)	true	3.514	0.6716	0.3132	3.562	0.6535	0.2992	0.048	0.0181	0.014
(25, 68)	false	3.776	0.6193	0.2171	3.798	0.6218	0.2481	-0.022	0.0025	0.031
(25, 68)	false	3.34	0.6672	0.2527	3.454	0.6424	0.2264	-0.114	-0.0248	-0.0264
(25, 68)	false	3.708	0.6458	0.2496	3.75	0.666	0.293	-0.042	0.0202	0.0434
(25, 68)	false	4.054	0.5863	0.2651	4.116	0.5823	0.2434	-0.062	-0.004	-0.0217
(25, 68)	false	3.642	0.6833	0.276	3.496	0.6926	0.3163	0.146	0.0094	0.0403
(25, 68)	true	3.398	0.7008	0.276	3.878	0.6093	0.2636	0.48	0.0915	0.0124
(25, 68)	true	3.794	0.6678	0.2977	3.554	0.6794	0.3054	-0.24	-0.0117	-0.0078
(25, 68)	false	3.908	0.6215	0.3116	3.922	0.6103	0.3178	-0.014	-0.0112	0.0062
(25, 68)	false	3.964	0.6333	0.2744	3.884	0.6365	0.262	0.08	0.0032	-0.0124
(25, 68)	true	3.514	0.6716	0.3132	3.466	0.6441	0.2651	-0.048	0.0275	0.0481
(7, 130)	false	3.776	0.6193	0.2171	3.962	0.617	0.231	-0.186	-0.0022	0.014
(7, 130)	false	3.34	0.6672	0.2527	3.498	0.6733	0.2589	-0.158	0.0062	0.0062
(7, 130)	false	3.708	0.6458	0.2496	3.518	0.6794	0.3116	0.19	0.0336	0.062
(7, 130)	true	4.054	0.5863	0.2651	4.066	0.5767	0.2558	0.012	0.0096	0.0093
(7, 130)	true	3.642	0.6833	0.276	3.838	0.6499	0.2884	0.196	0.0334	-0.0124
(7, 130)	false	3.398	0.7008	0.276	3.578	0.6837	0.2403	-0.18	-0.0171	-0.0357
(7, 130)	false	3.794	0.6678	0.2977	3.66	0.6826	0.3194	0.134	0.0149	0.0217
(7, 130)	false	3.908	0.6215	0.3116	3.936	0.6084	0.3256	-0.028	-0.0131	0.014
(7, 130)	false	3.964	0.6333	0.2744	3.906	0.6499	0.3287	0.058	0.0166	0.0543
(7, 130)	true	3.514	0.6716	0.3132	3.284	0.6837	0.3209	-0.23	-0.0121	-0.0078
(94, 100)	true	3.776	0.6193	0.2171	4.032	0.5352	0.1628	0.256	0.084	0.0543
(94, 100)	true	3.34	0.6672	0.2527	3.918	0.6224	0.2109	0.578	0.0448	0.0419
(94, 100)	true	3.708	0.6458	0.2496	3.996	0.6235	0.2558	0.288	0.0223	-0.0062
(94, 100)	true	4.054	0.5863	0.2651	4.004	0.5905	0.2729	-0.05	-0.0042	-0.0078
(94, 100)	true	3.642	0.6833	0.276	3.704	0.6781	0.2992	0.062	0.0051	-0.0233
(94, 100)	false	3.398	0.7008	0.276	3.846	0.6548	0.2682	-0.448	-0.0461	-0.0078
(94, 100)	false	3.794	0.6678	0.2977	3.644	0.6807	0.3209	0.15	0.0129	0.0233
(94, 100)	false	3.908	0.6215	0.3116	4.07	0.6158	0.3132	-0.162	-0.0057	0.0016
(94, 100)	false	3.964	0.6333	0.2744	3.706	0.6671	0.3209	0.258	0.0338	0.0465
(94, 100)	true	3.514	0.6716	0.3132	3.524	0.6445	0.1984	0.01	0.0271	0.1147
(104, 139)	true	3.776	0.6193	0.2171	3.818	0.6118	0.2062	0.042	0.0074	0.0109
(104, 139)	true	3.34	0.6672	0.2527	3.552	0.6483	0.2496	0.212	0.0189	0.0031
(104, 139)	true	3.708	0.6458	0.2496	4.21	0.5993	0.2124	0.502	0.0465	0.0372
(104, 139)	false	4.054	0.5863	0.2651	4.094	0.5766	0.2775	-0.04	-0.0097	0.0124
(104, 139)	true	3.642	0.6833	0.276	3.814	0.6654	0.2729	0.172	0.0179	0.0031
(104, 139)	false	3.398	0.7008	0.276	3.942	0.6005	0.2403	-0.544	-0.1003	-0.0357
(104, 139)	false	3.794	0.6678	0.2977	3.556	0.6835	0.307	0.238	0.0157	0.0093
(104, 139)	false	3.908	0.6215	0.3116	3.786	0.6417	0.3101	0.122	0.0202	-0.0016
(104, 139)	true	3.964	0.6333	0.2744	4.498	0.5787	0.2651	0.534	0.0547	0.0093
(104, 139)	true	3.514	0.6716	0.3132	3.342	0.682	0.3442	-0.172	-0.0104	-0.031
(26, 56)	false	3.776	0.6193	0.2171	3.808	0.5754	0.1798	-0.032	-0.0438	-0.0372
(26, 56)	true	3.34	0.6672	0.2527	3.524	0.6561	0.2465	0.184	0.0111	0.0062
(26, 56)	false	3.708	0.6458	0.2496	3.934	0.6245	0.2403	-0.226	-0.0212	-0.0093
(26, 56)	false	4.054	0.5863	0.2651	3.81	0.5966	0.2868	0.244	0.0103	0.0217
(26, 56)	false	3.642	0.6833	0.276	3.7	0.6769	0.3225	-0.058	-0.0063	0.0465
(26, 56)	false	3.398	0.7008	0.276	3.716	0.682	0.2791	-0.318	-0.0188	0.0031
(26, 56)	false	3.794	0.6678	0.2977	3.708	0.6854	0.3023	0.086	0.0177	0.0047
(26, 56)	true	3.908	0.6215	0.3116	4.018	0.605	0.2589	0.11	0.0165	0.0527
(26, 56)	true	3.964	0.6333	0.2744	3.962	0.6278	0.2899	-0.002	0.0055	-0.0155
(26, 56)	true	3.514	0.6716	0.3132	3.262	0.6904	0.3302	-0.252	-0.0188	-0.0171
(112, 128)	true	3.776	0.6193	0.2171	3.828	0.5566	0.2186	0.052	0.0626	-0.0016
(112, 128)	true	3.34	0.6672	0.2527	3.754	0.6451	0.2372	0.414	0.022	0.0155
(112, 128)	false	3.708	0.6458	0.2496	3.626	0.6532	0.1984	0.082	0.0075	-0.0512
(112, 128)	true	4.054	0.5863	0.2651	4.17	0.5717	0.2372	0.116	0.0146	0.0279
(112, 128)	false	3.642	0.6833	0.276	3.58	0.6918	0.3194	0.062	0.0085	0.0434
(112, 128)	false	3.398	0.7008	0.276	3.832	0.5992	0.2233	-0.434	-0.1017	-0.0527
(112, 128)	false	3.794	0.6678	0.2977	3.556	0.6816	0.3039	0.238	0.0138	0.0062
(112, 128)	false	3.908	0.6215	0.3116	3.792	0.6325	0.2558	0.116	0.011	-0.0558
(112, 128)	false	3.964	0.6333	0.2744	3.752	0.6532	0.262	0.212	0.0199	-0.0124
(112, 128)	true	3.514	0.6716	0.3132	3.46	0.6823	0.3612	-0.054	-0.0107	-0.0481
(94, 151)	false	3.776	0.6193	0.2171	3.762	0.5884	0.1783	0.014	-0.0309	-0.0388
(94, 151)	true	3.34	0.6672	0.2527	3.576	0.653	0.2806	0.236	0.0141	-0.0279
(94, 151)	false	3.708	0.6458	0.2496	3.842	0.6457	0.2682	-0.134	-0	0.0186
(94, 151)	false	4.054	0.5863	0.2651	3.918	0.5885	0.2822	0.136	0.0022	0.0171
(94, 151)	false	3.642	0.6833	0.276	3.704	0.6746	0.3132	-0.062	-0.0086	0.0372
(94, 151)	false	3.398	0.7008	0.276	3.876	0.6131	0.2527	-0.478	-0.0877	-0.0233
(94, 151)	false	3.794	0.6678	0.2977	3.516	0.6934	0.2915	0.278	0.0256	-0.0062
(94, 151)	false	3.908	0.6215	0.3116	4.238	0.5766	0.2527	-0.33	-0.0449	-0.0589
(94, 151)	false	3.964	0.6333	0.2744	3.938	0.6277	0.2915	0.026	-0.0056	0.0171
(94, 151)	true	3.514	0.6716	0.3132	3.542	0.6648	0.3039	0.028	0.0068	0.0093
(91, 146)	false	3.776	0.6193	0.2171	3.816	0.62	0.1829	-0.04	0.0007	-0.0341
(91, 146)	false	3.34	0.6672	0.2527	3.438	0.6698	0.2729	-0.098	0.0026	0.0202
(91, 146)	true	3.708	0.6458	0.2496	4.044	0.5212	0.1938	0.336	0.1245	0.0558
(91, 146)	false	4.054	0.5863	0.2651	3.908	0.5821	0.2651	0.146	-0.0041	0
(91, 146)	false	3.642	0.6833	0.276	3.686	0.686	0.3085	-0.044	0.0028	0.0326
(91, 146)	false	3.398	0.7008	0.276	3.784	0.657	0.1969	-0.386	-0.0438	-0.0791
(91, 146)	false	3.794	0.6678	0.2977	3.498	0.692	0.293	0.296	0.0242	-0.0047
(91, 146)	false	3.908	0.6215	0.3116	4.016	0.6031	0.2744	-0.108	-0.0184	-0.0372
(91, 146)	false	3.964	0.6333	0.2744	3.992	0.6244	0.2636	-0.028	-0.0089	-0.0109
(91, 146)	true	3.514	0.6716	0.3132	3.584	0.6701	0.3256	0.07	0.0015	-0.0124
(2, 130)	false	3.776	0.6193	0.2171	4.034	0.5545	0.1752	-0.258	-0.0648	-0.0419
(2, 130)	false	3.34	0.6672	0.2527	3.566	0.6674	0.2806	-0.226	0.0002	0.0279
(2, 130)	true	3.708	0.6458	0.2496	3.874	0.6408	0.2806	0.166	0.005	-0.031
(2, 130)	true	4.054	0.5863	0.2651	4.18	0.5751	0.2651	0.126	0.0112	0
(2, 130)	false	3.642	0.6833	0.276	3.466	0.6977	0.3256	0.176	0.0145	0.0496
(2, 130)	true	3.398	0.7008	0.276	3.722	0.6598	0.214	0.324	0.0411	0.062
(2, 130)	true	3.794	0.6678	0.2977	3.762	0.6715	0.3008	-0.032	-0.0038	-0.0031
(2, 130)	true	3.908	0.6215	0.3116	3.996	0.6072	0.2961	0.088	0.0143	0.0155
(2, 130)	false	3.964	0.6333	0.2744	4.216	0.6081	0.2682	-0.252	-0.0252	-0.0062
(2, 130)	true	3.514	0.6716	0.3132	3.44	0.6631	0.3395	-0.074	0.0085	-0.0264
(144, 153)	false	3.776	0.6193	0.2171	4.142	0.5405	0.1752	-0.366	-0.0788	-0.0419
(144, 153)	false	3.34	0.6672	0.2527	3.48	0.667	0.2713	-0.14	-0.0001	0.0186
(144, 153)	false	3.708	0.6458	0.2496	3.632	0.6701	0.2868	0.076	0.0244	0.0372
(144, 153)	false	4.054	0.5863	0.2651	3.698	0.6009	0.2822	0.356	0.0147	0.0171
(144, 153)	true	3.642	0.6833	0.276	3.588	0.6913	0.3395	-0.054	-0.008	-0.0636
(144, 153)	false	3.398	0.7008	0.276	3.862	0.6073	0.2186	-0.464	-0.0935	-0.0574
(144, 153)	false	3.794	0.6678	0.2977	3.718	0.6737	0.2806	0.076	0.006	-0.0171
(144, 153)	false	3.908	0.6215	0.3116	4.058	0.6208	0.2946	-0.15	-0.0007	-0.0171
(144, 153)	false	3.964	0.6333	0.2744	3.926	0.6408	0.3256	0.038	0.0075	0.0512
(144, 153)	true	3.514	0.6716	0.3132	3.694	0.6405	0.2574	0.18	0.0311	0.0558
(90, 145)	false	3.776	0.6193	0.2171	3.984	0.5552	0.1969	-0.208	-0.064	-0.0202
(90, 145)	false	3.34	0.6672	0.2527	3.782	0.6308	0.2465	-0.442	-0.0364	-0.0062
(90, 145)	false	3.708	0.6458	0.2496	3.802	0.6461	0.2651	-0.094	0.0003	0.0155
(90, 145)	false	4.054	0.5863	0.2651	3.944	0.5933	0.2651	0.11	0.007	0
(90, 145)	false	3.642	0.6833	0.276	3.76	0.6643	0.293	-0.118	-0.0189	0.0171
(90, 145)	false	3.398	0.7008	0.276	3.914	0.6447	0.2264	-0.516	-0.0561	-0.0496
(90, 145)	false	3.794	0.6678	0.2977	3.696	0.661	0.3287	0.098	-0.0067	0.031
(90, 145)	false	3.908	0.6215	0.3116	4.04	0.6063	0.2791	-0.132	-0.0152	-0.0326
(90, 145)	false	3.964	0.6333	0.2744	3.928	0.6364	0.3178	0.036	0.003	0.0434
(90, 145)	true	3.514	0.6716	0.3132	3.314	0.6805	0.2946	-0.2	-0.009	0.0186
(22, 62)	false	3.776	0.6193	0.2171	3.764	0.6397	0.2279	0.012	0.0205	0.0109
(22, 62)	false	3.34	0.6672	0.2527	3.502	0.6446	0.2465	-0.162	-0.0225	-0.0062
(22, 62)	false	3.708	0.6458	0.2496	3.668	0.669	0.2806	0.04	0.0232	0.031
(22, 62)	true	4.054	0.5863	0.2651	3.934	0.5854	0.262	-0.12	0.0009	0.0031
(22, 62)	true	3.642	0.6833	0.276	3.958	0.6444	0.2667	0.316	0.0388	0.0093
(22, 62)	true	3.398	0.7008	0.276	3.508	0.6838	0.2512	0.11	0.0171	0.0248
(22, 62)	false	3.794	0.6678	0.2977	3.6	0.6915	0.3271	0.194	0.0237	0.0295
(22, 62)	true	3.908	0.6215	0.3116	4.026	0.6165	0.2744	0.118	0.005	0.0372
(22, 62)	false	3.964	0.6333	0.2744	3.96	0.6452	0.3209	0.004	0.0119	0.0465
(22, 62)	true	3.514	0.6716	0.3132	3.466	0.6605	0.2837	-0.048	0.0111	0.0295
(25, 62)	true	3.776	0.6193	0.2171	4.106	0.5426	0.1736	0.33	0.0767	0.0434
(25, 62)	true	3.34	0.6672	0.2527	3.752	0.6341	0.1767	0.412	0.0331	0.076
(25, 62)	false	3.708	0.6458	0.2496	3.702	0.6476	0.2589	0.006	0.0018	0.0093
(25, 62)	false	4.054	0.5863	0.2651	4.13	0.5617	0.2527	-0.076	-0.0246	-0.0124
(25, 62)	false	3.642	0.6833	0.276	3.7	0.684	0.3101	-0.058	0.0008	0.0341
(25, 62)	true	3.398	0.7008	0.276	4.008	0.5888	0.2248	0.61	0.112	0.0512
(25, 62)	false	3.794	0.6678	0.2977	3.614	0.68	0.2961	0.18	0.0123	-0.0016
(25, 62)	false	3.908	0.6215	0.3116	4.052	0.6021	0.2682	-0.144	-0.0194	-0.0434
(25, 62)	false	3.964	0.6333	0.2744	4.014	0.6297	0.3178	-0.05	-0.0036	0.0434
(25, 62)	true	3.514	0.6716	0.3132	3.422	0.6697	0.3163	-0.092	0.0019	-0.0031
(105, 139)	true	3.776	0.6193	0.2171	3.368	0.649	0.2233	-0.408	-0.0297	-0.0062
(105, 139)	true	3.34	0.6672	0.2527	3.468	0.6659	0.2481	0.128	0.0012	0.0047
(105, 139)	false	3.708	0.6458	0.2496	3.702	0.6544	0.2543	0.006	0.0086	0.0047
(105, 139)	true	4.054	0.5863	0.2651	3.958	0.5856	0.2713	-0.096	0.0007	-0.0062
(105, 139)	true	3.642	0.6833	0.276	3.664	0.6767	0.3054	0.022	0.0066	-0.0295
(105, 139)	false	3.398	0.7008	0.276	4.078	0.5418	0.2388	-0.68	-0.1591	-0.0372
(105, 139)	true	3.794	0.6678	0.2977	3.636	0.6878	0.3147	-0.158	-0.02	-0.0171
(105, 139)	false	3.908	0.6215	0.3116	3.63	0.6504	0.2899	0.278	0.0289	-0.0217
(105, 139)	false	3.964	0.6333	0.2744	3.79	0.6479	0.3256	0.174	0.0146	0.0512
(105, 139)	true	3.514	0.6716	0.3132	3.558	0.656	0.2961	0.044	0.0156	0.0171
(14, 73)	false	3.776	0.6193	0.2171	3.98	0.5881	0.1969	-0.204	-0.0311	-0.0202
(14, 73)	false	3.34	0.6672	0.2527	3.77	0.585	0.2279	-0.43	-0.0822	-0.0248
(14, 73)	false	3.708	0.6458	0.2496	3.504	0.6755	0.3008	0.204	0.0298	0.0512
(14, 73)	false	4.054	0.5863	0.2651	4.118	0.5644	0.2202	-0.064	-0.0219	-0.045
(14, 73)	false	3.642	0.6833	0.276	3.686	0.669	0.3271	-0.044	-0.0143	0.0512
(14, 73)	false	3.398	0.7008	0.276	3.498	0.6871	0.2729	-0.1	-0.0138	-0.0031
(14, 73)	false	3.794	0.6678	0.2977	3.876	0.6571	0.2992	-0.082	-0.0106	0.0016
(14, 73)	true	3.908	0.6215	0.3116	3.868	0.6178	0.2853	-0.04	0.0037	0.0264
(14, 73)	true	3.964	0.6333	0.2744	3.99	0.6285	0.2822	0.026	0.0048	-0.0078
(14, 73)	true	3.514	0.6716	0.3132	3.44	0.661	0.2977	-0.074	0.0106	0.0155
(36, 106)	false	3.776	0.6193	0.2171	3.984	0.6116	0.2093	-0.208	-0.0077	-0.0078
(36, 106)	true	3.34	0.6672	0.2527	3.542	0.6465	0.3008	0.202	0.0206	-0.0481
(36, 106)	false	3.708	0.6458	0.2496	3.59	0.6595	0.293	0.118	0.0138	0.0434
(36, 106)	false	4.054	0.5863	0.2651	3.952	0.6075	0.2698	0.102	0.0212	0.0047
(36, 106)	true	3.642	0.6833	0.276	3.836	0.6481	0.2481	0.194	0.0351	0.0279
(36, 106)	true	3.398	0.7008	0.276	3.714	0.6688	0.2295	0.316	0.032	0.0465
(36, 106)	true	3.794	0.6678	0.2977	3.468	0.6293	0.3008	-0.326	0.0385	-0.0031
(36, 106)	true	3.908	0.6215	0.3116	3.84	0.6175	0.2698	-0.068	0.004	0.0419
(36, 106)	false	3.964	0.6333	0.2744	3.848	0.6322	0.3178	0.116	-0.0012	0.0434
(36, 106)	true	3.514	0.6716	0.3132	3.544	0.6356	0.276	0.03	0.036	0.0372
(101, 153)	true	3.776	0.6193	0.2171	3.724	0.6248	0.2	-0.052	-0.0056	0.0171
(101, 153)	true	3.34	0.6672	0.2527	3.552	0.6639	0.2357	0.212	0.0032	0.0171
(101, 153)	true	3.708	0.6458	0.2496	3.856	0.6232	0.2372	0.148	0.0226	0.0124
(101, 153)	false	4.054	0.5863	0.2651	4.084	0.5816	0.2729	-0.03	-0.0047	0.0078
(101, 153)	false	3.642	0.6833	0.276	3.554	0.6918	0.3426	0.088	0.0086	0.0667
(101, 153)	true	3.398	0.7008	0.276	3.718	0.6701	0.2527	0.32	0.0307	0.0233
(101, 153)	false	3.794	0.6678	0.2977	3.478	0.6944	0.3085	0.316	0.0267	0.0109
(101, 153)	false	3.908	0.6215	0.3116	3.918	0.6141	0.2791	-0.01	-0.0074	-0.0326
(101, 153)	true	3.964	0.6333	0.2744	4.136	0.6126	0.2837	0.172	0.0207	-0.0093
(101, 153)	true	3.514	0.6716	0.3132	3.466	0.6683	0.3271	-0.048	0.0033	-0.014
(95, 151)	false	3.776	0.6193	0.2171	3.634	0.6352	0.2481	0.142	0.016	0.031
(95, 151)	false	3.34	0.6672	0.2527	3.828	0.6231	0.2496	-0.488	-0.0441	-0.0031
(95, 151)	false	3.708	0.6458	0.2496	3.75	0.6484	0.2093	-0.042	0.0027	-0.0403
(95, 151)	true	4.054	0.5863	0.2651	3.996	0.5732	0.2667	-0.058	0.0131	-0.0016
(95, 151)	false	3.642	0.6833	0.276	3.668	0.6672	0.276	-0.026	-0.016	0
(95, 151)	false	3.398	0.7008	0.276	3.602	0.682	0.2558	-0.204	-0.0189	-0.0202
(95, 151)	true	3.794	0.6678	0.2977	3.688	0.6825	0.2899	-0.106	-0.0147	0.0078
(95, 151)	false	3.908	0.6215	0.3116	3.826	0.6156	0.3147	0.082	-0.0059	0.0031
(95, 151)	true	3.964	0.6333	0.2744	3.736	0.6488	0.2837	-0.228	-0.0155	-0.0093
(95, 151)	true	3.514	0.6716	0.3132	3.388	0.6792	0.3364	-0.126	-0.0076	-0.0233
(86, 141)	false	3.776	0.6193	0.2171	3.996	0.5516	0.169	-0.22	-0.0676	-0.0481
(86, 141)	false	3.34	0.6672	0.2527	3.422	0.6694	0.2915	-0.082	0.0022	0.0388
(86, 141)	true	3.708	0.6458	0.2496	3.58	0.6546	0.2946	-0.128	-0.0088	-0.045
(86, 141)	false	4.054	0.5863	0.2651	3.934	0.579	0.2465	0.12	-0.0073	-0.0186
(86, 141)	false	3.642	0.6833	0.276	3.652	0.6769	0.3101	-0.01	-0.0063	0.0341
(86, 141)	false	3.398	0.7008	0.276	3.516	0.6939	0.3085	-0.118	-0.0069	0.0326
(86, 141)	false	3.794	0.6678	0.2977	3.65	0.6769	0.2884	0.144	0.0091	-0.0093
(86, 141)	false	3.908	0.6215	0.3116	3.8	0.6319	0.2744	0.108	0.0104	-0.0372
(86, 141)	false	3.964	0.6333	0.2744	4.056	0.6175	0.2698	-0.092	-0.0158	-0.0047
(86, 141)	true	3.514	0.6716	0.3132	3.398	0.6702	0.3163	-0.116	0.0014	-0.0031
(13, 127)	false	3.776	0.6193	0.2171	3.582	0.6363	0.2093	0.194	0.017	-0.0078
(13, 127)	false	3.34	0.6672	0.2527	3.638	0.636	0.2512	-0.298	-0.0311	-0.0016
(13, 127)	true	3.708	0.6458	0.2496	3.592	0.6614	0.2636	-0.116	-0.0156	-0.014
(13, 127)	false	4.054	0.5863	0.2651	3.752	0.6117	0.2527	0.302	0.0254	-0.0124
(13, 127)	false	3.642	0.6833	0.276	3.62	0.6686	0.3101	0.022	-0.0147	0.0341
(13, 127)	false	3.398	0.7008	0.276	3.578	0.69	0.2512	-0.18	-0.0108	-0.0248
(13, 127)	true	3.794	0.6678	0.2977	3.532	0.68	0.3333	-0.262	-0.0122	-0.0357
(13, 127)	false	3.908	0.6215	0.3116	4.07	0.5997	0.3008	-0.162	-0.0218	-0.0109
(13, 127)	true	3.964	0.6333	0.2744	3.8	0.6229	0.2977	-0.164	0.0104	-0.0233
(13, 127)	true	3.514	0.6716	0.3132	3.308	0.667	0.2543	-0.206	0.0046	0.0589
(108, 132)	false	3.776	0.6193	0.2171	3.678	0.6624	0.2837	0.098	0.0431	0.0667
(108, 132)	false	3.34	0.6672	0.2527	3.586	0.6644	0.2729	-0.246	-0.0027	0.0202
(108, 132)	false	3.708	0.6458	0.2496	3.666	0.6646	0.307	0.042	0.0189	0.0574
(108, 132)	false	4.054	0.5863	0.2651	3.92	0.5893	0.2791	0.134	0.003	0.014
(108, 132)	false	3.642	0.6833	0.276	3.484	0.6981	0.2822	0.158	0.0148	0.0062
(108, 132)	true	3.398	0.7008	0.276	3.472	0.6849	0.262	0.074	0.0159	0.014
(108, 132)	false	3.794	0.6678	0.2977	3.482	0.6937	0.3566	0.312	0.0259	0.0589
(108, 132)	false	3.908	0.6215	0.3116	3.684	0.6488	0.3023	0.224	0.0273	-0.0093
(108, 132)	false	3.964	0.6333	0.2744	3.782	0.6499	0.307	0.182	0.0166	0.0326
(108, 132)	true	3.514	0.6716	0.3132	3.67	0.6333	0.2791	0.156	0.0383	0.0341
(34, 52)	false	3.776	0.6193	0.2171	3.666	0.6189	0.1876	0.11	-0.0003	-0.0295
(34, 52)	false	3.34	0.6672	0.2527	3.67	0.6395	0.2713	-0.33	-0.0277	0.0186
(34, 52)	true	3.708	0.6458	0.2496	3.882	0.6371	0.2496	0.174	0.0087	0
(34, 52)	false	4.054	0.5863	0.2651	4.016	0.5664	0.2775	0.038	-0.0199	0.0124
(34, 52)	false	3.642	0.6833	0.276	3.574	0.6858	0.3411	0.068	0.0025	0.0651
(34, 52)	false	3.398	0.7008	0.276	3.748	0.6708	0.2667	-0.35	-0.03	-0.0093
(34, 52)	true	3.794	0.6678	0.2977	3.64	0.6741	0.3116	-0.154	-0.0064	-0.014
(34, 52)	false	3.908	0.6215	0.3116	3.856	0.62	0.2775	0.052	-0.0015	-0.0341
(34, 52)	true	3.964	0.6333	0.2744	4.342	0.5872	0.2512	0.378	0.0462	0.0233
(34, 52)	true	3.514	0.6716	0.3132	3.658	0.6691	0.3054	0.144	0.0025	0.0078
(74, 85)	true	3.776	0.6193	0.2171	4.052	0.5775	0.186	0.276	0.0418	0.031
(74, 85)	true	3.34	0.6672	0.2527	4.158	0.5898	0.214	0.818	0.0774	0.0388
(74, 85)	false	3.708	0.6458	0.2496	3.68	0.6516	0.2496	0.028	0.0058	0
(74, 85)	false	4.054	0.5863	0.2651	3.816	0.6213	0.2822	0.238	0.035	0.0171
(74, 85)	true	3.642	0.6833	0.276	3.74	0.6632	0.2791	0.098	0.0201	-0.0031
(74, 85)	false	3.398	0.7008	0.276	3.254	0.7236	0.307	0.144	0.0228	0.031
(74, 85)	false	3.794	0.6678	0.2977	3.762	0.6769	0.3225	0.032	0.0092	0.0248
(74, 85)	false	3.908	0.6215	0.3116	3.842	0.6298	0.3101	0.066	0.0083	-0.0016
(74, 85)	false	3.964	0.6333	0.2744	3.968	0.6255	0.2233	-0.004	-0.0078	-0.0512
(74, 85)	true	3.514	0.6716	0.3132	3.904	0.62	0.3318	0.39	0.0516	-0.0186
(2, 133)	true	3.776	0.6193	0.2171	4.284	0.4864	0.1953	0.508	0.1329	0.0217
(2, 133)	true	3.34	0.6672	0.2527	3.948	0.5952	0.2589	0.608	0.072	-0.0062
(2, 133)	false	3.708	0.6458	0.2496	3.672	0.6562	0.262	0.036	0.0104	0.0124
(2, 133)	false	4.054	0.5863	0.2651	3.788	0.6025	0.276	0.266	0.0162	0.0109
(2, 133)	false	3.642	0.6833	0.276	3.542	0.6885	0.2853	0.1	0.0052	0.0093
(2, 133)	false	3.398	0.7008	0.276	3.42	0.6923	0.2915	-0.022	-0.0085	0.0155
(2, 133)	true	3.794	0.6678	0.2977	3.84	0.6564	0.3054	0.046	0.0113	-0.0078
(2, 133)	false	3.908	0.6215	0.3116	4.004	0.598	0.276	-0.096	-0.0235	-0.0357
(2, 133)	false	3.964	0.6333	0.2744	3.912	0.6379	0.3023	0.052	0.0046	0.0279
(2, 133)	true	3.514	0.6716	0.3132	3.372	0.6565	0.3426	-0.142	0.0151	-0.0295
(42, 97)	false	3.776	0.6193	0.2171	3.72	0.6621	0.2589	0.056	0.0429	0.0419
(42, 97)	false	3.34	0.6672	0.2527	3.514	0.6898	0.3178	-0.174	0.0226	0.0651
(42, 97)	false	3.708	0.6458	0.2496	3.57	0.6856	0.2884	0.138	0.0398	0.0388
(42, 97)	false	4.054	0.5863	0.2651	3.702	0.6766	0.2791	0.352	0.0903	0.014
(42, 97)	true	3.642	0.6833	0.276	3.672	0.6778	0.3039	0.03	0.0054	-0.0279
(42, 97)	true	3.398	0.7008	0.276	3.99	0.6435	0.2279	0.592	0.0573	0.0481
(42, 97)	false	3.794	0.6678	0.2977	3.334	0.703	0.3194	0.46	0.0352	0.0217
(42, 97)	false	3.908	0.6215	0.3116	4.07	0.6167	0.2961	-0.162	-0.0048	-0.0155
(42, 97)	false	3.964	0.6333	0.2744	3.834	0.6455	0.3116	0.13	0.0122	0.0372
(42, 97)	false	3.514	0.6716	0.3132	3.408	0.7067	0.3519	0.106	0.0351	0.0388
(30, 56)	false	3.776	0.6193	0.2171	3.766	0.6348	0.2202	0.01	0.0156	0.0031
(30, 56)	false	3.34	0.6672	0.2527	4.068	0.5535	0.214	-0.728	-0.1136	-0.0388
(30, 56)	true	3.708	0.6458	0.2496	3.806	0.6465	0.2155	0.098	-0.0007	0.0341
(30, 56)	false	4.054	0.5863	0.2651	4.138	0.554	0.2667	-0.084	-0.0323	0.0016
(30, 56)	true	3.642	0.6833	0.276	3.55	0.6653	0.2837	-0.092	0.0179	-0.0078
(30, 56)	false	3.398	0.7008	0.276	3.594	0.6643	0.276	-0.196	-0.0366	0
(30, 56)	false	3.794	0.6678	0.2977	3.628	0.6747	0.3039	0.166	0.0069	0.0062
(30, 56)	false	3.908	0.6215	0.3116	3.878	0.6271	0.2729	0.03	0.0056	-0.0388
(30, 56)	true	3.964	0.6333	0.2744	3.816	0.6502	0.307	-0.148	-0.0169	-0.0326
(30, 56)	false	3.514	0.6716	0.3132	3.772	0.633	0.2946	-0.258	-0.0386	-0.0186
(13, 119)	true	3.776	0.6193	0.2171	4.01	0.5584	0.2016	0.234	0.0608	0.0155
(13, 119)	true	3.34	0.6672	0.2527	3.684	0.6568	0.2527	0.344	0.0103	0
(13, 119)	false	3.708	0.6458	0.2496	3.482	0.6627	0.2946	0.226	0.0169	0.045
(13, 119)	false	4.054	0.5863	0.2651	3.942	0.5917	0.2326	0.112	0.0054	-0.0326
(13, 119)	true	3.642	0.6833	0.276	3.882	0.6611	0.2574	0.24	0.0222	0.0186
(13, 119)	false	3.398	0.7008	0.276	3.496	0.6945	0.276	-0.098	-0.0063	0
(13, 119)	false	3.794	0.6678	0.2977	3.652	0.6729	0.3008	0.142	0.0051	0.0031
(13, 119)	false	3.908	0.6215	0.3116	3.94	0.606	0.2899	-0.032	-0.0155	-0.0217
(13, 119)	true	3.964	0.6333	0.2744	4.06	0.6274	0.3008	0.096	0.0059	-0.0264
(13, 119)	false	3.514	0.6716	0.3132	3.218	0.6759	0.3349	0.296	0.0043	0.0217
(32, 110)	true	3.776	0.6193	0.2171	3.644	0.6142	0.2062	-0.132	0.0051	0.0109
(32, 110)	true	3.34	0.6672	0.2527	3.694	0.6478	0.245	0.354	0.0194	0.0078
(32, 110)	false	3.708	0.6458	0.2496	3.594	0.6406	0.2589	0.114	-0.0052	0.0093
(32, 110)	true	4.054	0.5863	0.2651	3.906	0.5737	0.2651	-0.148	0.0126	-0
(32, 110)	true	3.642	0.6833	0.276	3.904	0.6475	0.2884	0.262	0.0357	-0.0124
(32, 110)	false	3.398	0.7008	0.276	4.034	0.6351	0.2574	-0.636	-0.0658	-0.0186
(32, 110)	false	3.794	0.6678	0.2977	3.226	0.7272	0.3333	0.568	0.0595	0.0357
(32, 110)	false	3.908	0.6215	0.3116	3.978	0.5907	0.2465	-0.07	-0.0308	-0.0651
(32, 110)	true	3.964	0.6333	0.2744	3.994	0.6033	0.2419	0.03	0.03	0.0326
(32, 110)	false	3.514	0.6716	0.3132	3.536	0.6581	0.2558	-0.022	-0.0135	-0.0574
(40, 47)	false	3.776	0.6193	0.2171	3.718	0.6258	0.2155	0.058	0.0065	-0.0016
(40, 47)	false	3.34	0.6672	0.2527	3.41	0.6713	0.2651	-0.07	0.0042	0.0124
(40, 47)	false	3.708	0.6458	0.2496	3.75	0.6565	0.2713	-0.042	0.0107	0.0217
(40, 47)	false	4.054	0.5863	0.2651	3.886	0.5882	0.2729	0.168	0.0019	0.0078
(40, 47)	false	3.642	0.6833	0.276	3.594	0.6831	0.3023	0.048	-0.0002	0.0264
(40, 47)	false	3.398	0.7008	0.276	4.12	0.5847	0.2543	-0.722	-0.1162	-0.0217
(40, 47)	true	3.794	0.6678	0.2977	3.556	0.6811	0.3085	-0.238	-0.0134	-0.0109
(40, 47)	false	3.908	0.6215	0.3116	4.046	0.5932	0.2806	-0.138	-0.0283	-0.031
(40, 47)	true	3.964	0.6333	0.2744	3.93	0.6262	0.293	-0.034	0.0071	-0.0186
(40, 47)	false	3.514	0.6716	0.3132	3.528	0.6671	0.3132	-0.014	-0.0045	0
(28, 114)	false	3.776	0.6193	0.2171	3.636	0.6142	0.1891	0.14	-0.005	-0.0279
(28, 114)	false	3.34	0.6672	0.2527	3.8	0.6444	0.2698	-0.46	-0.0228	0.0171
(28, 114)	false	3.708	0.6458	0.2496	3.812	0.6335	0.2496	-0.104	-0.0123	0
(28, 114)	true	4.054	0.5863	0.2651	3.922	0.583	0.2589	-0.132	0.0033	0.0062
(28, 114)	false	3.642	0.6833	0.276	3.708	0.6761	0.3023	-0.066	-0.0071	0.0264
(28, 114)	false	3.398	0.7008	0.276	3.678	0.6733	0.2775	-0.28	-0.0275	0.0016
(28, 114)	false	3.794	0.6678	0.2977	3.562	0.6919	0.293	0.232	0.0241	-0.0047
(28, 114)	true	3.908	0.6215	0.3116	4.068	0.5963	0.2651	0.16	0.0252	0.0465
(28, 114)	false	3.964	0.6333	0.2744	4.004	0.6228	0.2558	-0.04	-0.0105	-0.0186
(28, 114)	false	3.514	0.6716	0.3132	3.262	0.6931	0.3333	0.252	0.0215	0.0202
(56, 62)	false	3.776	0.6193	0.2171	3.982	0.5608	0.1922	-0.206	-0.0584	-0.0248
(56, 62)	false	3.34	0.6672	0.2527	3.618	0.6539	0.2434	-0.278	-0.0132	-0.0093
(56, 62)	false	3.708	0.6458	0.2496	3.598	0.6552	0.3163	0.11	0.0094	0.0667
(56, 62)	false	4.054	0.5863	0.2651	3.74	0.5977	0.2822	0.314	0.0114	0.0171
(56, 62)	false	3.642	0.6833	0.276	3.746	0.6599	0.2744	-0.104	-0.0233	-0.0016
(56, 62)	false	3.398	0.7008	0.276	3.462	0.6907	0.2806	-0.064	-0.0101	0.0047
(56, 62)	false	3.794	0.6678	0.2977	3.712	0.6729	0.3147	0.082	0.0051	0.0171
(56, 62)	true	3.908	0.6215	0.3116	3.926	0.6136	0.2837	0.018	0.0079	0.0279
(56, 62)	false	3.964	0.6333	0.2744	4.012	0.6186	0.262	-0.048	-0.0147	-0.0124
(56, 62)	false	3.514	0.6716	0.3132	3.568	0.6515	0.293	-0.054	-0.0201	-0.0202
(143, 153)	false	3.776	0.6193	0.2171	3.87	0.554	0.2047	-0.094	-0.0652	-0.0124
(143, 153)	true	3.34	0.6672	0.2527	3.73	0.6364	0.2078	0.39	0.0307	0.045
(143, 153)	true	3.708	0.6458	0.2496	3.578	0.6807	0.3349	-0.13	-0.0349	-0.0853
(143, 153)	false	4.054	0.5863	0.2651	3.962	0.584	0.2682	0.092	-0.0023	0.0031
(143, 153)	true	3.642	0.6833	0.276	3.664	0.6776	0.2977	0.022	0.0057	-0.0217
(143, 153)	true	3.398	0.7008	0.276	3.634	0.6764	0.2171	0.236	0.0244	0.0589
(143, 153)	true	3.794	0.6678	0.2977	3.502	0.6986	0.3054	-0.292	-0.0309	-0.0078
(143, 153)	true	3.908	0.6215	0.3116	3.97	0.5976	0.2403	0.062	0.0239	0.0713
(143, 153)	false	3.964	0.6333	0.2744	3.992	0.6274	0.2946	-0.028	-0.0059	0.0202
(143, 153)	false	3.514	0.6716	0.3132	3.406	0.6652	0.307	0.108	-0.0064	-0.0062
(146, 152)	true	3.776	0.6193	0.2171	3.758	0.644	0.231	-0.018	-0.0247	-0.014
(146, 152)	true	3.34	0.6672	0.2527	3.564	0.6635	0.2589	0.224	0.0036	-0.0062
(146, 152)	false	3.708	0.6458	0.2496	3.704	0.6599	0.2388	0.004	0.0141	-0.0109
(146, 152)	false	4.054	0.5863	0.2651	3.72	0.5981	0.2372	0.334	0.0119	-0.0279
(146, 152)	false	3.642	0.6833	0.276	3.78	0.6673	0.2884	-0.138	-0.016	0.0124
(146, 152)	false	3.398	0.7008	0.276	3.802	0.6569	0.2496	-0.404	-0.044	-0.0264
(146, 152)	false	3.794	0.6678	0.2977	3.57	0.6813	0.3132	0.224	0.0135	0.0155
(146, 152)	false	3.908	0.6215	0.3116	4.09	0.6069	0.2915	-0.182	-0.0146	-0.0202
(146, 152)	true	3.964	0.6333	0.2744	3.96	0.6241	0.293	-0.004	0.0092	-0.0186
(146, 152)	false	3.514	0.6716	0.3132	3.538	0.6529	0.2946	-0.024	-0.0187	-0.0186
(39, 103)	false	3.776	0.6193	0.2171	3.936	0.5765	0.1767	-0.16	-0.0427	-0.0403
(39, 103)	false	3.34	0.6672	0.2527	3.494	0.6987	0.324	-0.154	0.0315	0.0713
(39, 103)	false	3.708	0.6458	0.2496	3.77	0.6567	0.2791	-0.062	0.0109	0.0295
(39, 103)	false	4.054	0.5863	0.2651	3.94	0.6402	0.2372	0.114	0.0539	-0.0279
(39, 103)	true	3.642	0.6833	0.276	3.692	0.6568	0.262	0.05	0.0265	0.014
(39, 103)	false	3.398	0.7008	0.276	3.874	0.636	0.2062	-0.476	-0.0648	-0.0698
(39, 103)	false	3.794	0.6678	0.2977	3.326	0.7066	0.2992	0.468	0.0388	0.0016
(39, 103)	false	3.908	0.6215	0.3116	4.174	0.5916	0.3132	-0.266	-0.0299	0.0016
(39, 103)	true	3.964	0.6333	0.2744	3.802	0.617	0.3209	-0.162	0.0163	-0.0465
(39, 103)	false	3.514	0.6716	0.3132	3.438	0.6843	0.2946	0.076	0.0127	-0.0186
(27, 114)	false	3.776	0.6193	0.2171	4.132	0.5737	0.1798	-0.356	-0.0455	-0.0372
(27, 114)	false	3.34	0.6672	0.2527	3.66	0.6335	0.276	-0.32	-0.0336	0.0233
(27, 114)	false	3.708	0.6458	0.2496	3.666	0.6557	0.2729	0.042	0.0099	0.0233
(27, 114)	true	4.054	0.5863	0.2651	3.676	0.5992	0.2605	-0.378	-0.013	0.0047
(27, 114)	false	3.642	0.6833	0.276	3.35	0.7096	0.355	0.292	0.0263	0.0791
(27, 114)	true	3.398	0.7008	0.276	3.846	0.5935	0.2233	0.448	0.1073	0.0527
(27, 114)	true	3.794	0.6678	0.2977	4.114	0.6293	0.3132	0.32	0.0385	-0.0155
(27, 114)	false	3.908	0.6215	0.3116	4.022	0.5968	0.3101	-0.114	-0.0247	-0.0016
(27, 114)	false	3.964	0.6333	0.2744	3.912	0.6337	0.2868	0.052	0.0004	0.0124
(27, 114)	false	3.514	0.6716	0.3132	3.294	0.6699	0.3116	0.22	-0.0017	-0.0016
(11, 76)	false	3.776	0.6193	0.2171	3.792	0.568	0.2062	-0.016	-0.0512	-0.0109
(11, 76)	false	3.34	0.6672	0.2527	3.596	0.6594	0.2822	-0.256	-0.0077	0.0295
(11, 76)	true	3.708	0.6458	0.2496	3.686	0.6659	0.2899	-0.022	-0.0201	-0.0403
(11, 76)	false	4.054	0.5863	0.2651	3.88	0.6165	0.2837	0.174	0.0303	0.0186
(11, 76)	true	3.642	0.6833	0.276	3.572	0.6864	0.293	-0.07	-0.0031	-0.0171
(11, 76)	false	3.398	0.7008	0.276	3.726	0.6566	0.2279	-0.328	-0.0442	-0.0481
(11, 76)	true	3.794	0.6678	0.2977	3.776	0.6598	0.3101	-0.018	0.0079	-0.0124
(11, 76)	true	3.908	0.6215	0.3116	4.082	0.5993	0.2884	0.174	0.0222	0.0233
(11, 76)	true	3.964	0.6333	0.2744	3.954	0.6203	0.2822	-0.01	0.013	-0.0078
(11, 76)	false	3.514	0.6716	0.3132	3.268	0.6712	0.3116	0.246	-0.0004	-0.0016
(29, 107)	false	3.776	0.6193	0.2171	3.87	0.6148	0.2093	-0.094	-0.0044	-0.0078
(29, 107)	false	3.34	0.6672	0.2527	3.404	0.6592	0.293	-0.064	-0.0079	0.0403
(29, 107)	true	3.708	0.6458	0.2496	3.742	0.6485	0.2853	0.034	-0.0027	-0.0357
(29, 107)	false	4.054	0.5863	0.2651	3.978	0.6079	0.2729	0.076	0.0216	0.0078
(29, 107)	true	3.642	0.6833	0.276	3.618	0.6894	0.3302	-0.024	-0.0061	-0.0543
(29, 107)	false	3.398	0.7008	0.276	3.804	0.6513	0.245	-0.406	-0.0495	-0.031
(29, 107)	false	3.794	0.6678	0.2977	3.562	0.687	0.3116	0.232	0.0192	0.014
(29, 107)	false	3.908	0.6215	0.3116	3.8	0.615	0.3163	0.108	-0.0065	0.0047
(29, 107)	true	3.964	0.6333	0.2744	4.02	0.6202	0.2977	0.056	0.0131	-0.0233
(29, 107)	false	3.514	0.6716	0.3132	3.408	0.6707	0.3597	0.106	-0.0009	0.0465
(115, 123)	false	3.776	0.6193	0.2171	3.556	0.6505	0.245	0.22	0.0313	0.0279
(115, 123)	true	3.34	0.6672	0.2527	3.676	0.6294	0.2527	0.336	0.0378	0
(115, 123)	false	3.708	0.6458	0.2496	3.656	0.652	0.2543	0.052	0.0062	0.0047
(115, 123)	false	4.054	0.5863	0.2651	3.946	0.5811	0.2589	0.108	-0.0052	-0.0062
(115, 123)	true	3.642	0.6833	0.276	3.786	0.6756	0.2868	0.144	0.0076	-0.0109
(115, 123)	false	3.398	0.7008	0.276	3.902	0.6448	0.2248	-0.504	-0.0561	-0.0512
(115, 123)	true	3.794	0.6678	0.2977	3.604	0.6762	0.3132	-0.19	-0.0084	-0.0155
(115, 123)	false	3.908	0.6215	0.3116	3.848	0.6157	0.2806	0.06	-0.0058	-0.031
(115, 123)	false	3.964	0.6333	0.2744	3.794	0.658	0.3039	0.17	0.0247	0.0295
(115, 123)	false	3.514	0.6716	0.3132	3.418	0.6647	0.3132	0.096	-0.0069	0
(2, 134)	false	3.776	0.6193	0.2171	3.442	0.6737	0.2388	0.334	0.0544	0.0217
(2, 134)	false	3.34	0.6672	0.2527	3.504	0.6731	0.2868	-0.164	0.006	0.0341
(2, 134)	false	3.708	0.6458	0.2496	3.484	0.6697	0.2837	0.224	0.0239	0.0341
(2, 134)	true	4.054	0.5863	0.2651	3.98	0.5824	0.2558	-0.074	0.0038	0.0093
(2, 134)	false	3.642	0.6833	0.276	3.576	0.6653	0.2698	0.066	-0.018	-0.0062
(2, 134)	true	3.398	0.7008	0.276	3.712	0.6557	0.2419	0.314	0.0451	0.0341
(2, 134)	false	3.794	0.6678	0.2977	3.6	0.683	0.3318	0.194	0.0152	0.0341
(2, 134)	true	3.908	0.6215	0.3116	3.962	0.6102	0.324	0.054	0.0113	-0.0124
(2, 134)	true	3.964	0.6333	0.2744	4.158	0.6137	0.2605	0.194	0.0196	0.014
(2, 134)	false	3.514	0.6716	0.3132	3.516	0.667	0.3085	-0.002	-0.0046	-0.0047
(25, 69)	false	3.776	0.6193	0.2171	3.696	0.6219	0.2233	0.08	0.0027	0.0062
(25, 69)	false	3.34	0.6672	0.2527	3.694	0.6477	0.3085	-0.354	-0.0194	0.0558
(25, 69)	true	3.708	0.6458	0.2496	3.594	0.6635	0.2946	-0.114	-0.0177	-0.045
(25, 69)	false	4.054	0.5863	0.2651	4.008	0.5832	0.2698	0.046	-0.0031	0.0047
(25, 69)	false	3.642	0.6833	0.276	3.708	0.6762	0.3302	-0.066	-0.007	0.0543
(25, 69)	true	3.398	0.7008	0.276	4.01	0.6013	0.245	0.612	0.0996	0.031
(25, 69)	true	3.794	0.6678	0.2977	3.63	0.6704	0.293	-0.164	-0.0026	0.0047
(25, 69)	false	3.908	0.6215	0.3116	4.072	0.5971	0.2992	-0.164	-0.0244	-0.0124
(25, 69)	false	3.964	0.6333	0.2744	3.9	0.6447	0.3209	0.064	0.0114	0.0465
(25, 69)	false	3.514	0.6716	0.3132	3.406	0.6718	0.3039	0.108	0.0002	-0.0093
(49, 55)	false	3.776	0.6193	0.2171	3.638	0.6415	0.2093	0.138	0.0222	-0.0078
(49, 55)	false	3.34	0.6672	0.2527	3.692	0.6567	0.276	-0.352	-0.0104	0.0233
(49, 55)	false	3.708	0.6458	0.2496	3.714	0.6034	0.231	-0.006	-0.0423	-0.0186
(49, 55)	false	4.054	0.5863	0.2651	4.054	0.5625	0.2605	0	-0.0238	-0.0047
(49, 55)	false	3.642	0.6833	0.276	3.744	0.6744	0.2791	-0.102	-0.0088	0.0031
(49, 55)	true	3.398	0.7008	0.276	4.074	0.5964	0.2372	0.676	0.1044	0.0388
(49, 55)	false	3.794	0.6678	0.2977	3.72	0.6745	0.3271	0.074	0.0068	0.0295
(49, 55)	false	3.908	0.6215	0.3116	3.976	0.6059	0.3008	-0.068	-0.0156	-0.0109
(49, 55)	false	3.964	0.6333	0.2744	3.976	0.626	0.3039	-0.012	-0.0073	0.0295
(49, 55)	false	3.514	0.6716	0.3132	3.626	0.6506	0.2791	-0.112	-0.021	-0.0341
(1, 137)	false	3.776	0.6193	0.2171	4.194	0.5258	0.2279	-0.418	-0.0934	0.0109
(1, 137)	false	3.34	0.6672	0.2527	4.016	0.529	0.1845	-0.676	-0.1382	-0.0682
(1, 137)	false	3.708	0.6458	0.2496	3.64	0.6535	0.2481	0.068	0.0077	-0.0016
(1, 137)	false	4.054	0.5863	0.2651	3.828	0.5795	0.2853	0.226	-0.0068	0.0202
(1, 137)	false	3.642	0.6833	0.276	3.6	0.6691	0.2868	0.042	-0.0142	0.0109
(1, 137)	false	3.398	0.7008	0.276	3.916	0.5998	0.2217	-0.518	-0.101	-0.0543
(1, 137)	false	3.794	0.6678	0.2977	3.556	0.6913	0.3209	0.238	0.0235	0.0233
(1, 137)	true	3.908	0.6215	0.3116	4.086	0.5958	0.2806	0.178	0.0257	0.031
(1, 137)	false	3.964	0.6333	0.2744	3.954	0.6376	0.3039	0.01	0.0043	0.0295
(1, 137)	false	3.514	0.6716	0.3132	3.2	0.6896	0.3473	0.314	0.018	0.0341
(86, 142)	false	3.776	0.6193	0.2171	3.798	0.624	0.2434	-0.022	0.0048	0.0264
(86, 142)	false	3.34	0.6672	0.2527	3.524	0.653	0.2388	-0.184	-0.0142	-0.014
(86, 142)	false	3.708	0.6458	0.2496	3.826	0.6345	0.2713	-0.118	-0.0113	0.0217
(86, 142)	false	4.054	0.5863	0.2651	3.76	0.6005	0.2775	0.294	0.0142	0.0124
(86, 142)	false	3.642	0.6833	0.276	3.596	0.6869	0.3333	0.046	0.0036	0.0574
(86, 142)	true	3.398	0.7008	0.276	3.954	0.5854	0.1814	0.556	0.1154	0.0946
(86, 142)	false	3.794	0.6678	0.2977	3.676	0.6813	0.3178	0.118	0.0135	0.0202
(86, 142)	false	3.908	0.6215	0.3116	4.016	0.6058	0.276	-0.108	-0.0157	-0.0357
(86, 142)	false	3.964	0.6333	0.2744	3.94	0.6325	0.3194	0.024	-0.0009	0.045
(86, 142)	false	3.514	0.6716	0.3132	3.486	0.662	0.3287	0.028	-0.0096	0.0155
(21, 70)	false	3.776	0.6193	0.2171	3.896	0.5889	0.155	-0.12	-0.0303	-0.062
(21, 70)	false	3.34	0.6672	0.2527	3.41	0.6703	0.3147	-0.07	0.0032	0.062
(21, 70)	false	3.708	0.6458	0.2496	3.778	0.646	0.2806	-0.07	0.0002	0.031
(21, 70)	true	4.054	0.5863	0.2651	3.812	0.5927	0.2713	-0.242	-0.0064	-0.0062
(21, 70)	false	3.642	0.6833	0.276	3.526	0.6879	0.3349	0.116	0.0047	0.0589
(21, 70)	false	3.398	0.7008	0.276	3.836	0.6549	0.2558	-0.438	-0.046	-0.0202
(21, 70)	false	3.794	0.6678	0.2977	3.802	0.6631	0.3008	-0.008	-0.0047	0.0031
(21, 70)	true	3.908	0.6215	0.3116	4.064	0.6022	0.2651	0.156	0.0193	0.0465
(21, 70)	false	3.964	0.6333	0.2744	4.056	0.622	0.2837	-0.092	-0.0113	0.0093
(21, 70)	false	3.514	0.6716	0.3132	3.438	0.6668	0.3566	0.076	-0.0048	0.0434
(42, 99)	false	3.776	0.6193	0.2171	3.656	0.6775	0.2651	0.12	0.0583	0.0481
(42, 99)	false	3.34	0.6672	0.2527	3.454	0.699	0.2915	-0.114	0.0319	0.0388
(42, 99)	false	3.708	0.6458	0.2496	3.734	0.6601	0.262	-0.026	0.0144	0.0124
(42, 99)	false	4.054	0.5863	0.2651	3.898	0.6504	0.2605	0.156	0.0641	-0.0047
(42, 99)	false	3.642	0.6833	0.276	3.862	0.6571	0.3085	-0.22	-0.0261	0.0326
(42, 99)	true	3.398	0.7008	0.276	3.432	0.6988	0.2744	0.034	0.0021	0.0016
(42, 99)	false	3.794	0.6678	0.2977	3.238	0.7203	0.3535	0.556	0.0526	0.0558
(42, 99)	false	3.908	0.6215	0.3116	4.024	0.6213	0.3256	-0.116	-0.0002	0.014
(42, 99)	false	3.964	0.6333	0.2744	3.858	0.6527	0.3194	0.106	0.0194	0.045
(42, 99)	false	3.514	0.6716	0.3132	3.716	0.6714	0.2775	-0.202	-0.0002	-0.0357
(116, 128)	false	3.776	0.6193	0.2171	4.132	0.5721	0.214	-0.356	-0.0471	-0.0031
(116, 128)	false	3.34	0.6672	0.2527	3.404	0.6834	0.2512	-0.064	0.0162	-0.0016
(116, 128)	false	3.708	0.6458	0.2496	3.724	0.6684	0.2837	-0.016	0.0227	0.0341
(116, 128)	true	4.054	0.5863	0.2651	3.762	0.5967	0.2558	-0.292	-0.0105	0.0093
(116, 128)	false	3.642	0.6833	0.276	3.78	0.6768	0.3194	-0.138	-0.0064	0.0434
(116, 128)	true	3.398	0.7008	0.276	3.722	0.665	0.262	0.324	0.0358	0.014
(116, 128)	false	3.794	0.6678	0.2977	3.7	0.6591	0.3209	0.094	-0.0087	0.0233
(116, 128)	true	3.908	0.6215	0.3116	4.242	0.5695	0.3085	0.334	0.052	0.0031
(116, 128)	true	3.964	0.6333	0.2744	4.212	0.6083	0.2806	0.248	0.025	-0.0062
(116, 128)	false	3.514	0.6716	0.3132	3.394	0.6827	0.2961	0.12	0.0111	-0.0171
(46, 61)	false	3.776	0.6193	0.2171	3.676	0.6423	0.2248	0.1	0.023	0.0078
(46, 61)	false	3.34	0.6672	0.2527	3.75	0.6681	0.3023	-0.41	0.001	0.0496
(46, 61)	false	3.708	0.6458	0.2496	3.668	0.6847	0.2977	0.04	0.0389	0.0481
(46, 61)	false	4.054	0.5863	0.2651	4.09	0.6004	0.2527	-0.036	0.0141	-0.0124
(46, 61)	false	3.642	0.6833	0.276	3.52	0.6962	0.3163	0.122	0.013	0.0403
(46, 61)	false	3.398	0.7008	0.276	3.574	0.676	0.2667	-0.176	-0.0249	-0.0093
(46, 61)	true	3.794	0.6678	0.2977	3.356	0.6715	0.3054	-0.438	-0.0037	-0.0078
(46, 61)	false	3.908	0.6215	0.3116	4.114	0.614	0.3101	-0.206	-0.0075	-0.0016
(46, 61)	false	3.964	0.6333	0.2744	3.7	0.6683	0.2946	0.264	0.035	0.0202
(46, 61)	false	3.514	0.6716	0.3132	3.436	0.6999	0.3457	0.078	0.0283	0.0326
(80, 137)	false	3.776	0.6193	0.2171	4.418	0.4304	0.1519	-0.642	-0.1888	-0.0651
(80, 137)	false	3.34	0.6672	0.2527	3.538	0.651	0.262	-0.198	-0.0161	0.0093
(80, 137)	false	3.708	0.6458	0.2496	3.612	0.6504	0.2775	0.096	0.0047	0.0279
(80, 137)	false	4.054	0.5863	0.2651	4.046	0.5719	0.2233	0.008	-0.0144	-0.0419
(80, 137)	false	3.642	0.6833	0.276	3.512	0.6903	0.324	0.13	0.007	0.0481
(80, 137)	false	3.398	0.7008	0.276	3.964	0.6008	0.2372	-0.566	-0.1	-0.0388
(80, 137)	false	3.794	0.6678	0.2977	3.752	0.6691	0.3132	0.042	0.0014	0.0155
(80, 137)	true	3.908	0.6215	0.3116	4	0.5921	0.2729	0.092	0.0294	0.0388
(80, 137)	true	3.964	0.6333	0.2744	4.214	0.5996	0.2465	0.25	0.0337	0.0279
(80, 137)	false	3.514	0.6716	0.3132	3.376	0.6643	0.3364	0.138	-0.0073	0.0233
(87, 145)	false	3.776	0.6193	0.2171	4.162	0.5644	0.1628	-0.386	-0.0549	-0.0543
(87, 145)	false	3.34	0.6672	0.2527	3.362	0.6631	0.2713	-0.022	-0.004	0.0186
(87, 145)	true	3.708	0.6458	0.2496	3.864	0.6309	0.2341	0.156	0.0149	0.0155
(87, 145)	false	4.054	0.5863	0.2651	4.03	0.5815	0.2558	0.024	-0.0048	-0.0093
(87, 145)	false	3.642	0.6833	0.276	3.572	0.6945	0.3054	0.07	0.0113	0.0295
(87, 145)	true	3.398	0.7008	0.276	4.134	0.5765	0.231	0.736	0.1244	0.045
(87, 145)	true	3.794	0.6678	0.2977	3.488	0.6966	0.307	-0.306	-0.0288	-0.0093
(87, 145)	false	3.908	0.6215	0.3116	4.19	0.5399	0.2589	-0.282	-0.0816	-0.0527
(87, 145)	true	3.964	0.6333	0.2744	3.866	0.6406	0.3023	-0.098	-0.0073	-0.0279
(87, 145)	false	3.514	0.6716	0.3132	3.43	0.6735	0.324	0.084	0.0019	0.0109
(10, 134)	false	3.776	0.6193	0.2171	3.662	0.6329	0.2248	0.114	0.0136	0.0078
(10, 134)	false	3.34	0.6672	0.2527	3.352	0.6653	0.2698	-0.012	-0.0018	0.0171
(10, 134)	false	3.708	0.6458	0.2496	3.838	0.6354	0.2899	-0.13	-0.0103	0.0403
(10, 134)	true	4.054	0.5863	0.2651	3.988	0.5792	0.2465	-0.066	0.0071	0.0186
(10, 134)	true	3.642	0.6833	0.276	3.466	0.6998	0.3178	-0.176	-0.0165	-0.0419
(10, 134)	true	3.398	0.7008	0.276	3.712	0.667	0.2558	0.314	0.0339	0.0202
(10, 134)	false	3.794	0.6678	0.2977	3.818	0.6659	0.3039	-0.024	-0.0019	0.0062
(10, 134)	false	3.908	0.6215	0.3116	3.972	0.6236	0.3163	-0.064	0.0021	0.0047
(10, 134)	false	3.964	0.6333	0.2744	3.87	0.6512	0.3178	0.094	0.0179	0.0434
(10, 134)	false	3.514	0.6716	0.3132	3.632	0.6469	0.2884	-0.118	-0.0247	-0.0248
(94, 146)	false	3.776	0.6193	0.2171	3.674	0.6178	0.231	0.102	-0.0015	0.014
(94, 146)	false	3.34	0.6672	0.2527	3.648	0.6619	0.276	-0.308	-0.0053	0.0233
(94, 146)	false	3.708	0.6458	0.2496	3.73	0.652	0.2744	-0.022	0.0062	0.0248
(94, 146)	false	4.054	0.5863	0.2651	3.886	0.5833	0.2744	0.168	-0.003	0.0093
(94, 146)	false	3.642	0.6833	0.276	3.618	0.677	0.3039	0.024	-0.0062	0.0279
(94, 146)	false	3.398	0.7008	0.276	4.24	0.558	0.2233	-0.842	-0.1428	-0.0527
(94, 146)	true	3.794	0.6678	0.2977	3.748	0.6628	0.3101	-0.046	0.005	-0.0124
(94, 146)	false	3.908	0.6215	0.3116	4.016	0.5978	0.2636	-0.108	-0.0237	-0.0481
(94, 146)	true	3.964	0.6333	0.2744	4.048	0.6229	0.2744	0.084	0.0105	0
(94, 146)	false	3.514	0.6716	0.3132	3.49	0.6638	0.3318	0.024	-0.0078	0.0186
(11, 77)	true	3.776	0.6193	0.2171	4.232	0.5624	0.2078	0.456	0.0569	0.0093
(11, 77)	true	3.34	0.6672	0.2527	3.748	0.6194	0.2512	0.408	0.0477	0.0016
(11, 77)	false	3.708	0.6458	0.2496	3.962	0.633	0.2605	-0.254	-0.0127	0.0109
(11, 77)	false	4.054	0.5863	0.2651	3.964	0.6038	0.2667	0.09	0.0175	0.0016
(11, 77)	true	3.642	0.6833	0.276	3.654	0.6789	0.3054	0.012	0.0043	-0.0295
(11, 77)	false	3.398	0.7008	0.276	3.712	0.6304	0.262	-0.314	-0.0704	-0.014
(11, 77)	false	3.794	0.6678	0.2977	3.636	0.6775	0.3023	0.158	0.0098	0.0047
(11, 77)	false	3.908	0.6215	0.3116	4.094	0.6029	0.2558	-0.186	-0.0186	-0.0558
(11, 77)	false	3.964	0.6333	0.2744	3.852	0.648	0.3209	0.112	0.0147	0.0465
(11, 77)	false	3.514	0.6716	0.3132	3.296	0.6822	0.3535	0.218	0.0106	0.0403
(76, 82)	false	3.776	0.6193	0.2171	3.772	0.6264	0.2589	0.004	0.0071	0.0419
(76, 82)	false	3.34	0.6672	0.2527	3.602	0.6456	0.2667	-0.262	-0.0215	0.014
(76, 82)	true	3.708	0.6458	0.2496	3.726	0.6599	0.2884	0.018	-0.0141	-0.0388
(76, 82)	false	4.054	0.5863	0.2651	3.88	0.6009	0.2698	0.174	0.0146	0.0047
(76, 82)	false	3.642	0.6833	0.276	3.662	0.6803	0.3101	-0.02	-0.003	0.0341
(76, 82)	false	3.398	0.7008	0.276	3.532	0.6831	0.2465	-0.134	-0.0178	-0.0295
(76, 82)	false	3.794	0.6678	0.2977	3.632	0.6922	0.3349	0.162	0.0244	0.0372
(76, 82)	false	3.908	0.6215	0.3116	3.966	0.6131	0.3008	-0.058	-0.0084	-0.0109
(76, 82)	true	3.964	0.6333	0.2744	3.89	0.6181	0.2233	-0.074	0.0152	0.0512
(76, 82)	false	3.514	0.6716	0.3132	3.402	0.6682	0.3256	0.112	-0.0034	0.0124
(92, 98)	true	3.776	0.6193	0.2171	3.936	0.5739	0.1767	0.16	0.0453	0.0403
(92, 98)	true	3.34	0.6672	0.2527	3.99	0.6112	0.2171	0.65	0.0559	0.0357
(92, 98)	false	3.708	0.6458	0.2496	4.006	0.617	0.2388	-0.298	-0.0287	-0.0109
(92, 98)	false	4.054	0.5863	0.2651	3.864	0.5987	0.2791	0.19	0.0124	0.014
(92, 98)	false	3.642	0.6833	0.276	3.58	0.6782	0.3039	0.062	-0.005	0.0279
(92, 98)	false	3.398	0.7008	0.276	3.86	0.6441	0.231	-0.462	-0.0567	-0.045
(92, 98)	false	3.794	0.6678	0.2977	3.694	0.6673	0.3194	0.1	-0.0005	0.0217
(92, 98)	false	3.908	0.6215	0.3116	4.002	0.5857	0.3039	-0.094	-0.0358	-0.0078
(92, 98)	false	3.964	0.6333	0.2744	3.826	0.6426	0.2791	0.138	0.0093	0.0047
(92, 98)	false	3.514	0.6716	0.3132	3.42	0.6684	0.3256	0.094	-0.0032	0.0124
(7, 79)	false	3.776	0.6193	0.2171	3.816	0.5805	0.2155	-0.04	-0.0387	-0.0016
(7, 79)	false	3.34	0.6672	0.2527	3.398	0.6652	0.324	-0.058	-0.0019	0.0713
(7, 79)	false	3.708	0.6458	0.2496	3.762	0.6583	0.2605	-0.054	0.0126	0.0109
(7, 79)	true	4.054	0.5863	0.2651	4.154	0.5577	0.2543	0.1	0.0286	0.0109
(7, 79)	true	3.642	0.6833	0.276	3.744	0.6628	0.2791	0.102	0.0205	-0.0031
(7, 79)	false	3.398	0.7008	0.276	3.586	0.6738	0.2419	-0.188	-0.0271	-0.0341
(7, 79)	false	3.794	0.6678	0.2977	3.692	0.6642	0.2961	0.102	-0.0035	-0.0016
(7, 79)	true	3.908	0.6215	0.3116	3.952	0.6029	0.2899	0.044	0.0186	0.0217
(7, 79)	false	3.964	0.6333	0.2744	3.922	0.6422	0.2961	0.042	0.0089	0.0217
(7, 79)	false	3.514	0.6716	0.3132	3.446	0.6731	0.324	0.068	0.0015	0.0109
(28, 107)	false	3.776	0.6193	0.2171	3.838	0.5571	0.1876	-0.062	-0.0621	-0.0295
(28, 107)	false	3.34	0.6672	0.2527	3.388	0.667	0.2775	-0.048	-0.0001	0.0248
(28, 107)	false	3.708	0.6458	0.2496	3.79	0.6497	0.2822	-0.082	0.0039	0.0326
(28, 107)	false	4.054	0.5863	0.2651	4.032	0.5936	0.2682	0.022	0.0074	0.0031
(28, 107)	false	3.642	0.6833	0.276	3.564	0.6885	0.338	0.078	0.0052	0.062
(28, 107)	false	3.398	0.7008	0.276	3.746	0.6493	0.2636	-0.348	-0.0515	-0.0124
(28, 107)	false	3.794	0.6678	0.2977	3.776	0.6744	0.3535	0.018	0.0066	0.0558
(28, 107)	false	3.908	0.6215	0.3116	4.222	0.5877	0.2806	-0.314	-0.0338	-0.031
(28, 107)	false	3.964	0.6333	0.2744	3.94	0.6367	0.3054	0.024	0.0034	0.031
(28, 107)	false	3.514	0.6716	0.3132	3.636	0.6661	0.3318	-0.122	-0.0055	0.0186
(146, 153)	false	3.776	0.6193	0.2171	3.85	0.5699	0.2171	-0.074	-0.0494	0
(146, 153)	false	3.34	0.6672	0.2527	3.574	0.6486	0.2822	-0.234	-0.0185	0.0295
(146, 153)	false	3.708	0.6458	0.2496	3.66	0.6551	0.2481	0.048	0.0094	-0.0016
(146, 153)	true	4.054	0.5863	0.2651	3.808	0.5948	0.2667	-0.246	-0.0085	-0.0016
(146, 153)	false	3.642	0.6833	0.276	3.706	0.6873	0.3318	-0.064	0.0041	0.0558
(146, 153)	false	3.398	0.7008	0.276	3.878	0.6441	0.2	-0.48	-0.0568	-0.076
(146, 153)	false	3.794	0.6678	0.2977	3.626	0.694	0.3271	0.168	0.0262	0.0295
(146, 153)	true	3.908	0.6215	0.3116	3.94	0.6072	0.2868	0.032	0.0143	0.0248
(146, 153)	true	3.964	0.6333	0.2744	4.024	0.6411	0.2558	0.06	-0.0078	0.0186
(146, 153)	false	3.514	0.6716	0.3132	3.562	0.6484	0.3023	-0.048	-0.0232	-0.0109
(87, 142)	true	3.776	0.6193	0.2171	3.82	0.6098	0.214	0.044	0.0094	0.0031
(87, 142)	true	3.34	0.6672	0.2527	3.494	0.6601	0.2868	0.154	0.0071	-0.0341
(87, 142)	false	3.708	0.6458	0.2496	3.792	0.6466	0.2899	-0.084	0.0008	0.0403
(87, 142)	false	4.054	0.5863	0.2651	3.77	0.5976	0.2574	0.284	0.0113	-0.0078
(87, 142)	true	3.642	0.6833	0.276	3.896	0.639	0.262	0.254	0.0442	0.014
(87, 142)	false	3.398	0.7008	0.276	3.88	0.6413	0.2233	-0.482	-0.0595	-0.0527
(87, 142)	true	3.794	0.6678	0.2977	3.664	0.6799	0.307	-0.13	-0.0121	-0.0093
(87, 142)	false	3.908	0.6215	0.3116	4.016	0.5974	0.2481	-0.108	-0.0241	-0.0636
(87, 142)	false	3.964	0.6333	0.2744	4.148	0.5985	0.2093	-0.184	-0.0348	-0.0651
(87, 142)	false	3.514	0.6716	0.3132	3.43	0.6594	0.2682	0.084	-0.0122	-0.045
(71, 85)	false	3.776	0.6193	0.2171	3.966	0.5583	0.1628	-0.19	-0.0609	-0.0543
(71, 85)	false	3.34	0.6672	0.2527	3.5	0.6554	0.2713	-0.16	-0.0117	0.0186
(71, 85)	false	3.708	0.6458	0.2496	3.45	0.6752	0.307	0.258	0.0294	0.0574
(71, 85)	false	4.054	0.5863	0.2651	3.62	0.6318	0.2667	0.434	0.0455	0.0016
(71, 85)	true	3.642	0.6833	0.276	3.656	0.6797	0.3008	0.014	0.0035	-0.0248
(71, 85)	false	3.398	0.7008	0.276	3.278	0.7249	0.338	0.12	0.0241	0.062
(71, 85)	true	3.794	0.6678	0.2977	4.062	0.6393	0.2605	0.268	0.0285	0.0372
(71, 85)	true	3.908	0.6215	0.3116	3.936	0.625	0.2341	0.028	-0.0035	0.0775
(71, 85)	false	3.964	0.6333	0.2744	4.126	0.5987	0.2171	-0.162	-0.0346	-0.0574
(71, 85)	false	3.514	0.6716	0.3132	3.252	0.6885	0.3442	0.262	0.0169	0.031
(112, 132)	false	3.776	0.6193	0.2171	3.728	0.6135	0.2093	0.048	-0.0057	-0.0078
(112, 132)	false	3.34	0.6672	0.2527	3.692	0.6528	0.2512	-0.352	-0.0143	-0.0016
(112, 132)	false	3.708	0.6458	0.2496	3.876	0.6361	0.2713	-0.168	-0.0097	0.0217
(112, 132)	false	4.054	0.5863	0.2651	3.922	0.5828	0.2791	0.132	-0.0035	0.014
(112, 132)	false	3.642	0.6833	0.276	3.522	0.6879	0.3116	0.12	0.0047	0.0357
(112, 132)	false	3.398	0.7008	0.276	3.636	0.6652	0.2233	-0.238	-0.0356	-0.0527
(112, 132)	false	3.794	0.6678	0.2977	3.644	0.6752	0.307	0.15	0.0075	0.0093
(112, 132)	false	3.908	0.6215	0.3116	3.816	0.6244	0.2729	0.092	0.0029	-0.0388
(112, 132)	false	3.964	0.6333	0.2744	4.002	0.6238	0.2527	-0.038	-0.0095	-0.0217
(112, 132)	false	3.514	0.6716	0.3132	3.538	0.6714	0.3085	-0.024	-0.0002	-0.0047
(21, 65)	false	3.776	0.6193	0.2171	3.92	0.5738	0.1922	-0.144	-0.0454	-0.0248
(21, 65)	false	3.34	0.6672	0.2527	3.458	0.6559	0.2589	-0.118	-0.0112	0.0062
(21, 65)	false	3.708	0.6458	0.2496	3.56	0.6706	0.3116	0.148	0.0248	0.062
(21, 65)	false	4.054	0.5863	0.2651	3.96	0.5856	0.2465	0.094	-0.0007	-0.0186
(21, 65)	false	3.642	0.6833	0.276	3.528	0.6863	0.3085	0.114	0.003	0.0326
(21, 65)	false	3.398	0.7008	0.276	3.502	0.6897	0.2155	-0.104	-0.0111	-0.0605
(21, 65)	false	3.794	0.6678	0.2977	3.752	0.6753	0.3116	0.042	0.0076	0.014
(21, 65)	false	3.908	0.6215	0.3116	3.882	0.5962	0.2465	0.026	-0.0253	-0.0651
(21, 65)	false	3.964	0.6333	0.2744	3.902	0.6294	0.3132	0.062	-0.0039	0.0388
(21, 65)	false	3.514	0.6716	0.3132	3.386	0.6726	0.3178	0.128	0.001	0.0047
(33, 40)	false	3.776	0.6193	0.2171	4.28	0.4868	0.1674	-0.504	-0.1324	-0.0496
(33, 40)	false	3.34	0.6672	0.2527	4.192	0.5991	0.2062	-0.852	-0.068	-0.0465
(33, 40)	true	3.708	0.6458	0.2496	3.534	0.6556	0.2713	-0.174	-0.0098	-0.0217
(33, 40)	false	4.054	0.5863	0.2651	4.156	0.5803	0.2574	-0.102	-0.006	-0.0078
(33, 40)	false	3.642	0.6833	0.276	3.574	0.6772	0.3008	0.068	-0.006	0.0248
(33, 40)	false	3.398	0.7008	0.276	3.474	0.6834	0.2651	-0.076	-0.0174	-0.0109
(33, 40)	false	3.794	0.6678	0.2977	3.58	0.6909	0.3116	0.214	0.0231	0.014
(33, 40)	false	3.908	0.6215	0.3116	3.782	0.6264	0.2992	0.126	0.0049	-0.0124
(33, 40)	false	3.964	0.6333	0.2744	3.866	0.6496	0.3163	0.098	0.0162	0.0419
(33, 40)	false	3.514	0.6716	0.3132	3.562	0.6541	0.2822	-0.048	-0.0175	-0.031
(25, 66)	true	3.776	0.6193	0.2171	3.624	0.6323	0.1566	-0.152	-0.0131	0.0605
(25, 66)	false	3.34	0.6672	0.2527	3.804	0.624	0.2806	-0.464	-0.0431	0.0279
(25, 66)	false	3.708	0.6458	0.2496	3.586	0.6628	0.2899	0.122	0.0171	0.0403
(25, 66)	true	4.054	0.5863	0.2651	3.938	0.5798	0.2698	-0.116	0.0065	-0.0047
(25, 66)	false	3.642	0.6833	0.276	3.586	0.6976	0.3225	0.056	0.0143	0.0465
(25, 66)	false	3.398	0.7008	0.276	3.928	0.6506	0.2186	-0.53	-0.0503	-0.0574
(25, 66)	false	3.794	0.6678	0.2977	3.65	0.6867	0.3271	0.144	0.0189	0.0295
(25, 66)	false	3.908	0.6215	0.3116	4.024	0.6039	0.3039	-0.116	-0.0176	-0.0078
(25, 66)	false	3.964	0.6333	0.2744	3.896	0.6399	0.3116	0.068	0.0066	0.0372
(25, 66)	false	3.514	0.6716	0.3132	3.402	0.6676	0.3039	0.112	-0.004	-0.0093
(7, 134)	false	3.776	0.6193	0.2171	3.552	0.6487	0.2744	0.224	0.0295	0.0574
(7, 134)	false	3.34	0.6672	0.2527	3.648	0.636	0.214	-0.308	-0.0311	-0.0388
(7, 134)	true	3.708	0.6458	0.2496	4.154	0.6081	0.2341	0.446	0.0376	0.0155
(7, 134)	false	4.054	0.5863	0.2651	3.814	0.5939	0.2496	0.24	0.0076	-0.0155
(7, 134)	true	3.642	0.6833	0.276	3.854	0.6495	0.2961	0.212	0.0338	-0.0202
(7, 134)	true	3.398	0.7008	0.276	3.73	0.6604	0.2465	0.332	0.0404	0.0295
(7, 134)	false	3.794	0.6678	0.2977	3.648	0.6838	0.3364	0.146	0.016	0.0388
(7, 134)	false	3.908	0.6215	0.3116	3.794	0.6109	0.2837	0.114	-0.0106	-0.0279
(7, 134)	false	3.964	0.6333	0.2744	3.986	0.6259	0.3085	-0.022	-0.0074	0.0341
(7, 134)	false	3.514	0.6716	0.3132	3.62	0.6623	0.2977	-0.106	-0.0093	-0.0155
(22, 65)	true	3.776	0.6193	0.2171	3.592	0.6403	0.2217	-0.184	-0.021	-0.0047
(22, 65)	true	3.34	0.6672	0.2527	3.504	0.6648	0.276	0.164	0.0023	-0.0233
(22, 65)	false	3.708	0.6458	0.2496	3.57	0.6737	0.324	0.138	0.0279	0.0744
(22, 65)	false	4.054	0.5863	0.2651	4.076	0.5686	0.2605	-0.022	-0.0177	-0.0047
(22, 65)	false	3.642	0.6833	0.276	3.702	0.668	0.3225	-0.06	-0.0152	0.0465
(22, 65)	false	3.398	0.7008	0.276	3.57	0.6827	0.2527	-0.172	-0.0182	-0.0233
(22, 65)	true	3.794	0.6678	0.2977	3.712	0.6791	0.324	-0.082	-0.0113	-0.0264
(22, 65)	false	3.908	0.6215	0.3116	3.948	0.6154	0.2884	-0.04	-0.0061	-0.0233
(22, 65)	false	3.964	0.6333	0.2744	3.898	0.6257	0.2961	0.066	-0.0076	0.0217
(22, 65)	false	3.514	0.6716	0.3132	3.616	0.6613	0.3147	-0.102	-0.0103	0.0016
(30, 52)	false	3.776	0.6193	0.2171	3.948	0.5823	0.1643	-0.172	-0.0369	-0.0527
(30, 52)	false	3.34	0.6672	0.2527	3.268	0.6715	0.2806	0.072	0.0043	0.0279
(30, 52)	false	3.708	0.6458	0.2496	3.942	0.6288	0.2264	-0.234	-0.017	-0.0233
(30, 52)	true	4.054	0.5863	0.2651	3.826	0.5908	0.2543	-0.228	-0.0045	0.0109
(30, 52)	false	3.642	0.6833	0.276	3.67	0.6783	0.3178	-0.028	-0.0049	0.0419
(30, 52)	true	3.398	0.7008	0.276	3.646	0.6808	0.2729	0.248	0.02	0.0031
(30, 52)	true	3.794	0.6678	0.2977	3.66	0.6762	0.2899	-0.134	-0.0084	0.0078
(30, 52)	false	3.908	0.6215	0.3116	3.846	0.6208	0.3008	0.062	-0.0007	-0.0109
(30, 52)	true	3.964	0.6333	0.2744	3.93	0.6398	0.2884	-0.034	-0.0065	-0.014
(30, 52)	false	3.514	0.6716	0.3132	3.416	0.6572	0.2961	0.098	-0.0144	-0.0171
(75, 86)	false	3.776	0.6193	0.2171	3.668	0.628	0.2341	0.108	0.0087	0.0171
(75, 86)	false	3.34	0.6672	0.2527	3.368	0.6595	0.2636	-0.028	-0.0077	0.0109
(75, 86)	false	3.708	0.6458	0.2496	3.502	0.6723	0.2682	0.206	0.0265	0.0186
(75, 86)	false	4.054	0.5863	0.2651	3.698	0.6093	0.2527	0.356	0.0231	-0.0124
(75, 86)	false	3.642	0.6833	0.276	3.568	0.6828	0.2791	0.074	-0.0005	0.0031
(75, 86)	false	3.398	0.7008	0.276	3.328	0.7194	0.293	0.07	0.0186	0.0171
(75, 86)	false	3.794	0.6678	0.2977	3.578	0.6883	0.2915	0.216	0.0206	-0.0062
(75, 86)	false	3.908	0.6215	0.3116	3.948	0.6179	0.3116	-0.04	-0.0036	0
(75, 86)	true	3.964	0.6333	0.2744	4.18	0.6044	0.2651	0.216	0.0289	0.0093
(75, 86)	false	3.514	0.6716	0.3132	3.47	0.6712	0.3008	0.044	-0.0004	-0.0124
(100, 151)	false	3.776	0.6193	0.2171	3.848	0.6145	0.2078	-0.072	-0.0047	-0.0093
(100, 151)	false	3.34	0.6672	0.2527	3.616	0.6674	0.2481	-0.276	0.0002	-0.0047
(100, 151)	false	3.708	0.6458	0.2496	3.74	0.6563	0.3101	-0.032	0.0105	0.0605
(100, 151)	false	4.054	0.5863	0.2651	3.858	0.5976	0.2775	0.196	0.0113	0.0124
(100, 151)	true	3.642	0.6833	0.276	3.646	0.6911	0.2961	0.004	-0.0079	-0.0202
(100, 151)	false	3.398	0.7008	0.276	3.844	0.6044	0.2419	-0.446	-0.0964	-0.0341
(100, 151)	false	3.794	0.6678	0.2977	3.522	0.7052	0.3194	0.272	0.0375	0.0217
(100, 151)	true	3.908	0.6215	0.3116	4.146	0.5939	0.2713	0.238	0.0276	0.0403
(100, 151)	false	3.964	0.6333	0.2744	4.006	0.6253	0.2682	-0.042	-0.008	-0.0062
(100, 151)	false	3.514	0.6716	0.3132	3.508	0.6628	0.3209	0.006	-0.0088	0.0078
(29, 110)	true	3.776	0.6193	0.2171	4.02	0.5091	0.2093	0.244	0.1102	0.0078
(29, 110)	true	3.34	0.6672	0.2527	3.832	0.5941	0.2155	0.492	0.0731	0.0372
(29, 110)	false	3.708	0.6458	0.2496	3.714	0.6516	0.2822	-0.006	0.0058	0.0326
(29, 110)	false	4.054	0.5863	0.2651	3.912	0.5956	0.2248	0.142	0.0093	-0.0403
(29, 110)	false	3.642	0.6833	0.276	3.618	0.6782	0.2667	0.024	-0.005	-0.0093
(29, 110)	true	3.398	0.7008	0.276	3.67	0.6701	0.2434	0.272	0.0307	0.0326
(29, 110)	false	3.794	0.6678	0.2977	3.476	0.7017	0.3209	0.318	0.0339	0.0233
(29, 110)	false	3.908	0.6215	0.3116	3.988	0.6085	0.293	-0.08	-0.013	-0.0186
(29, 110)	false	3.964	0.6333	0.2744	4.124	0.6251	0.2589	-0.16	-0.0082	-0.0155
(29, 110)	false	3.514	0.6716	0.3132	3.434	0.659	0.2992	0.08	-0.0126	-0.014
(10, 130)	false	3.776	0.6193	0.2171	3.774	0.6229	0.1922	0.002	0.0036	-0.0248
(10, 130)	false	3.34	0.6672	0.2527	3.834	0.6372	0.2202	-0.494	-0.0299	-0.0326
(10, 130)	false	3.708	0.6458	0.2496	3.66	0.6612	0.2682	0.048	0.0154	0.0186
(10, 130)	true	4.054	0.5863	0.2651	3.982	0.5805	0.2806	-0.072	0.0058	-0.0155
(10, 130)	false	3.642	0.6833	0.276	3.74	0.654	0.2388	-0.098	-0.0292	-0.0372
(10, 130)	false	3.398	0.7008	0.276	4.038	0.6359	0.2357	-0.64	-0.065	-0.0403
(10, 130)	true	3.794	0.6678	0.2977	3.5	0.6789	0.2558	-0.294	-0.0111	0.0419
(10, 130)	false	3.908	0.6215	0.3116	4.002	0.6016	0.2403	-0.094	-0.0199	-0.0713
(10, 130)	false	3.964	0.6333	0.2744	4.074	0.6236	0.2791	-0.11	-0.0097	0.0047
(10, 130)	false	3.514	0.6716	0.3132	3.556	0.647	0.2977	-0.042	-0.0246	-0.0155
(112, 131)	false	3.776	0.6193	0.2171	3.808	0.5613	0.1783	-0.032	-0.058	-0.0388
(112, 131)	true	3.34	0.6672	0.2527	3.69	0.6443	0.2822	0.35	0.0228	-0.0295
(112, 131)	false	3.708	0.6458	0.2496	3.662	0.6596	0.2946	0.046	0.0139	0.045
(112, 131)	false	4.054	0.5863	0.2651	4.326	0.555	0.2403	-0.272	-0.0313	-0.0248
(112, 131)	false	3.642	0.6833	0.276	3.638	0.6777	0.3194	0.004	-0.0055	0.0434
(112, 131)	true	3.398	0.7008	0.276	3.638	0.6798	0.276	0.24	0.0211	0
(112, 131)	true	3.794	0.6678	0.2977	3.562	0.6764	0.3039	-0.232	-0.0087	-0.0062
(112, 131)	false	3.908	0.6215	0.3116	3.838	0.6335	0.2806	0.07	0.012	-0.031
(112, 131)	false	3.964	0.6333	0.2744	3.72	0.6496	0.2791	0.244	0.0163	0.0047
(112, 131)	false	3.514	0.6716	0.3132	3.438	0.6603	0.3147	0.076	-0.0113	0.0016
(25, 65)	false	3.776	0.6193	0.2171	3.736	0.6295	0.2295	0.04	0.0102	0.0124
(25, 65)	false	3.34	0.6672	0.2527	3.496	0.678	0.2977	-0.156	0.0108	0.045
(25, 65)	false	3.708	0.6458	0.2496	3.682	0.6504	0.2977	0.026	0.0046	0.0481
(25, 65)	false	4.054	0.5863	0.2651	4.034	0.5825	0.2605	0.02	-0.0038	-0.0047
(25, 65)	false	3.642	0.6833	0.276	3.642	0.6675	0.2713	0	-0.0158	-0.0047
(25, 65)	false	3.398	0.7008	0.276	3.986	0.5941	0.2341	-0.588	-0.1067	-0.0419
(25, 65)	false	3.794	0.6678	0.2977	3.756	0.6662	0.3256	0.038	-0.0016	0.0279
(25, 65)	true	3.908	0.6215	0.3116	3.898	0.6116	0.2915	-0.01	0.0099	0.0202
(25, 65)	false	3.964	0.6333	0.2744	3.882	0.6395	0.2915	0.082	0.0062	0.0171
(25, 65)	false	3.514	0.6716	0.3132	3.598	0.6532	0.324	-0.084	-0.0184	0.0109
(90, 142)	true	3.776	0.6193	0.2171	3.784	0.6169	0.2496	0.008	0.0023	-0.0326
(90, 142)	true	3.34	0.6672	0.2527	3.384	0.6722	0.2837	0.044	-0.0051	-0.031
(90, 142)	false	3.708	0.6458	0.2496	3.748	0.6421	0.2264	-0.04	-0.0036	-0.0233
(90, 142)	true	4.054	0.5863	0.2651	4.088	0.5639	0.2558	0.034	0.0224	0.0093
(90, 142)	false	3.642	0.6833	0.276	3.708	0.6798	0.3349	-0.066	-0.0035	0.0589
(90, 142)	true	3.398	0.7008	0.276	3.51	0.68	0.2775	0.112	0.0209	-0.0016
(90, 142)	false	3.794	0.6678	0.2977	3.654	0.6822	0.3147	0.14	0.0144	0.0171
(90, 142)	true	3.908	0.6215	0.3116	4.242	0.4761	0.2062	0.334	0.1454	0.1054
(90, 142)	false	3.964	0.6333	0.2744	3.716	0.6597	0.3504	0.248	0.0264	0.076
(90, 142)	false	3.514	0.6716	0.3132	3.274	0.6937	0.369	0.24	0.0221	0.0558
(23, 62)	false	3.776	0.6193	0.2171	3.788	0.6144	0.2233	-0.012	-0.0049	0.0062
(23, 62)	true	3.34	0.6672	0.2527	3.52	0.6654	0.2527	0.18	0.0018	0
(23, 62)	false	3.708	0.6458	0.2496	3.674	0.6582	0.276	0.034	0.0124	0.0264
(23, 62)	false	4.054	0.5863	0.2651	3.82	0.5895	0.2713	0.234	0.0032	0.0062
(23, 62)	false	3.642	0.6833	0.276	3.652	0.6772	0.307	-0.01	-0.0061	0.031
(23, 62)	false	3.398	0.7008	0.276	3.734	0.6584	0.2357	-0.336	-0.0425	-0.0403
(23, 62)	false	3.794	0.6678	0.2977	3.528	0.694	0.3457	0.266	0.0262	0.0481
(23, 62)	true	3.908	0.6215	0.3116	3.996	0.5939	0.2682	0.088	0.0276	0.0434
(23, 62)	true	3.964	0.6333	0.2744	4.024	0.6219	0.2775	0.06	0.0114	-0.0031
(23, 62)	false	3.514	0.6716	0.3132	3.628	0.6474	0.3364	-0.114	-0.0242	0.0233
(100, 152)	false	3.776	0.6193	0.2171	3.432	0.6521	0.2124	0.344	0.0329	-0.0047
(100, 152)	false	3.34	0.6672	0.2527	3.738	0.6324	0.231	-0.398	-0.0347	-0.0217
(100, 152)	false	3.708	0.6458	0.2496	3.666	0.6541	0.2791	0.042	0.0083	0.0295
(100, 152)	false	4.054	0.5863	0.2651	3.686	0.5992	0.2775	0.368	0.0129	0.0124
(100, 152)	true	3.642	0.6833	0.276	3.686	0.6653	0.2806	0.044	0.0179	-0.0047
(100, 152)	false	3.398	0.7008	0.276	3.544	0.6784	0.2403	-0.146	-0.0224	-0.0357
(100, 152)	false	3.794	0.6678	0.2977	3.634	0.6793	0.3163	0.16	0.0115	0.0186
(100, 152)	false	3.908	0.6215	0.3116	4.008	0.596	0.2806	-0.1	-0.0255	-0.031
(100, 152)	false	3.964	0.6333	0.2744	4.11	0.6194	0.2651	-0.146	-0.0139	-0.0093
(100, 152)	false	3.514	0.6716	0.3132	3.432	0.671	0.3287	0.082	-0.0006	0.0155
(6, 127)	false	3.776	0.6193	0.2171	3.754	0.6189	0.2093	0.022	-0.0004	-0.0078
(6, 127)	false	3.34	0.6672	0.2527	3.454	0.647	0.2481	-0.114	-0.0202	-0.0047
(6, 127)	false	3.708	0.6458	0.2496	3.576	0.6656	0.2837	0.132	0.0198	0.0341
(6, 127)	false	4.054	0.5863	0.2651	4.16	0.5702	0.2372	-0.106	-0.0161	-0.0279
(6, 127)	false	3.642	0.6833	0.276	3.75	0.6568	0.2791	-0.108	-0.0264	0.0031
(6, 127)	false	3.398	0.7008	0.276	3.546	0.6898	0.3178	-0.148	-0.011	0.0419
(6, 127)	false	3.794	0.6678	0.2977	3.67	0.6637	0.2977	0.124	-0.0041	0
(6, 127)	false	3.908	0.6215	0.3116	4.158	0.5906	0.2899	-0.25	-0.0309	-0.0217
(6, 127)	false	3.964	0.6333	0.2744	3.82	0.6456	0.3101	0.144	0.0123	0.0357
(6, 127)	false	3.514	0.6716	0.3132	3.594	0.67	0.3287	-0.08	-0.0016	0.0155
(26, 61)	true	3.776	0.6193	0.2171	4.142	0.5	0.1209	0.366	0.1192	0.0961
(26, 61)	false	3.34	0.6672	0.2527	3.514	0.6524	0.231	-0.174	-0.0148	-0.0217
(26, 61)	false	3.708	0.6458	0.2496	3.678	0.6581	0.3008	0.03	0.0123	0.0512
(26, 61)	false	4.054	0.5863	0.2651	4.066	0.5744	0.2589	-0.012	-0.0119	-0.0062
(26, 61)	false	3.642	0.6833	0.276	3.564	0.6855	0.2946	0.078	0.0022	0.0186
(26, 61)	false	3.398	0.7008	0.276	3.846	0.5956	0.2047	-0.448	-0.1053	-0.0713
(26, 61)	false	3.794	0.6678	0.2977	3.596	0.6907	0.3178	0.198	0.023	0.0202
(26, 61)	false	3.908	0.6215	0.3116	4.026	0.6084	0.2295	-0.118	-0.0131	-0.0822
(26, 61)	false	3.964	0.6333	0.2744	3.818	0.6376	0.3023	0.146	0.0042	0.0279
(26, 61)	false	3.514	0.6716	0.3132	3.416	0.6754	0.3132	0.098	0.0038	0
(108, 135)	false	3.776	0.6193	0.2171	3.818	0.6167	0.2186	-0.042	-0.0025	0.0016
(108, 135)	false	3.34	0.6672	0.2527	3.562	0.6569	0.2868	-0.222	-0.0103	0.0341
(108, 135)	false	3.708	0.6458	0.2496	3.81	0.6435	0.2527	-0.102	-0.0022	0.0031
(108, 135)	false	4.054	0.5863	0.2651	3.81	0.5946	0.2326	0.244	0.0083	-0.0326
(108, 135)	false	3.642	0.6833	0.276	3.68	0.6789	0.2946	-0.038	-0.0044	0.0186
(108, 135)	false	3.398	0.7008	0.276	3.802	0.6582	0.2279	-0.404	-0.0426	-0.0481
(108, 135)	false	3.794	0.6678	0.2977	3.608	0.6788	0.2977	0.186	0.011	0
(108, 135)	false	3.908	0.6215	0.3116	3.698	0.6424	0.3101	0.21	0.0209	-0.0016
(108, 135)	false	3.964	0.6333	0.2744	3.82	0.6461	0.2884	0.144	0.0128	0.014
(108, 135)	false	3.514	0.6716	0.3132	3.632	0.6514	0.2977	-0.118	-0.0202	-0.0155
(75, 82)	false	3.776	0.6193	0.2171	3.952	0.5935	0.1829	-0.176	-0.0258	-0.0341
(75, 82)	false	3.34	0.6672	0.2527	3.466	0.6673	0.2233	-0.126	0.0001	-0.0295
(75, 82)	true	3.708	0.6458	0.2496	3.696	0.6493	0.2806	-0.012	-0.0036	-0.031
(75, 82)	false	4.054	0.5863	0.2651	3.938	0.6039	0.262	0.116	0.0176	-0.0031
(75, 82)	false	3.642	0.6833	0.276	3.702	0.6616	0.3209	-0.06	-0.0217	0.045
(75, 82)	false	3.398	0.7008	0.276	3.232	0.7284	0.324	0.166	0.0275	0.0481
(75, 82)	true	3.794	0.6678	0.2977	3.692	0.6707	0.3085	-0.102	-0.0029	-0.0109
(75, 82)	false	3.908	0.6215	0.3116	3.928	0.6083	0.2698	-0.02	-0.0132	-0.0419
(75, 82)	false	3.964	0.6333	0.2744	4.162	0.6112	0.262	-0.198	-0.0221	-0.0124
(75, 82)	false	3.514	0.6716	0.3132	3.548	0.6541	0.2899	-0.034	-0.0175	-0.0233
(17, 24)	false	3.776	0.6193	0.2171	3.992	0.5992	0.1876	-0.216	-0.02	-0.0295
(17, 24)	false	3.34	0.6672	0.2527	3.276	0.6814	0.3023	0.064	0.0143	0.0496
(17, 24)	false	3.708	0.6458	0.2496	3.716	0.6411	0.2326	-0.008	-0.0047	-0.0171
(17, 24)	false	4.054	0.5863	0.2651	4.25	0.5791	0.2558	-0.196	-0.0072	-0.0093
(17, 24)	true	3.642	0.6833	0.276	3.644	0.6803	0.3008	0.002	0.003	-0.0248
(17, 24)	false	3.398	0.7008	0.276	3.624	0.6778	0.2512	-0.226	-0.023	-0.0248
(17, 24)	false	3.794	0.6678	0.2977	3.62	0.6834	0.3225	0.174	0.0156	0.0248
(17, 24)	false	3.908	0.6215	0.3116	4.116	0.6114	0.2744	-0.208	-0.0101	-0.0372
(17, 24)	true	3.964	0.6333	0.2744	4.23	0.6213	0.2915	0.266	0.012	-0.0171
(17, 24)	false	3.514	0.6716	0.3132	3.414	0.6683	0.3628	0.1	-0.0033	0.0496
(143, 152)	false	3.776	0.6193	0.2171	3.814	0.6357	0.2124	-0.038	0.0164	-0.0047
(143, 152)	false	3.34	0.6672	0.2527	3.404	0.6615	0.2791	-0.064	-0.0057	0.0264
(143, 152)	false	3.708	0.6458	0.2496	3.776	0.6555	0.262	-0.068	0.0098	0.0124
(143, 152)	true	4.054	0.5863	0.2651	3.846	0.5842	0.231	-0.208	0.0021	0.0341
(143, 152)	true	3.642	0.6833	0.276	3.768	0.6616	0.2961	0.126	0.0216	-0.0202
(143, 152)	true	3.398	0.7008	0.276	3.564	0.6952	0.2853	0.166	0.0057	-0.0093
(143, 152)	false	3.794	0.6678	0.2977	3.696	0.6812	0.3008	0.098	0.0135	0.0031
(143, 152)	false	3.908	0.6215	0.3116	3.936	0.6081	0.3147	-0.028	-0.0134	0.0031
(143, 152)	true	3.964	0.6333	0.2744	4.056	0.6267	0.2434	0.092	0.0066	0.031
(143, 152)	false	3.514	0.6716	0.3132	3.416	0.6777	0.3271	0.098	0.0061	0.014
(101, 139)	false	3.776	0.6193	0.2171	4.016	0.519	0.2109	-0.24	-0.1002	-0.0062
(101, 139)	false	3.34	0.6672	0.2527	3.734	0.6501	0.2775	-0.394	-0.017	0.0248
(101, 139)	true	3.708	0.6458	0.2496	3.692	0.6524	0.2822	-0.016	-0.0067	-0.0326
(101, 139)	true	4.054	0.5863	0.2651	3.98	0.5872	0.2775	-0.074	-0.0009	-0.0124
(101, 139)	false	3.642	0.6833	0.276	3.664	0.676	0.307	-0.022	-0.0072	0.031
(101, 139)	true	3.398	0.7008	0.276	3.774	0.6572	0.2264	0.376	0.0436	0.0496
(101, 139)	true	3.794	0.6678	0.2977	3.792	0.6769	0.3085	-0.002	-0.0091	-0.0109
(101, 139)	false	3.908	0.6215	0.3116	3.616	0.6538	0.2791	0.292	0.0323	-0.0326
(101, 139)	false	3.964	0.6333	0.2744	3.536	0.677	0.2961	0.428	0.0437	0.0217
(101, 139)	false	3.514	0.6716	0.3132	3.468	0.6761	0.324	0.046	0.0045	0.0109
(93, 99)	false	3.776	0.6193	0.2171	3.584	0.6492	0.2465	0.192	0.03	0.0295
(93, 99)	false	3.34	0.6672	0.2527	3.694	0.6249	0.2093	-0.354	-0.0422	-0.0434
(93, 99)	false	3.708	0.6458	0.2496	3.862	0.6388	0.2341	-0.154	-0.007	-0.0155
(93, 99)	false	4.054	0.5863	0.2651	3.88	0.5964	0.2775	0.174	0.0101	0.0124
(93, 99)	false	3.642	0.6833	0.276	3.666	0.6652	0.2744	-0.024	-0.018	-0.0016
(93, 99)	false	3.398	0.7008	0.276	3.488	0.6978	0.3271	-0.09	-0.0031	0.0512
(93, 99)	true	3.794	0.6678	0.2977	3.442	0.68	0.2372	-0.352	-0.0123	0.0605
(93, 99)	false	3.908	0.6215	0.3116	3.942	0.5988	0.3132	-0.034	-0.0227	0.0016
(93, 99)	false	3.964	0.6333	0.2744	3.874	0.6487	0.3209	0.09	0.0154	0.0465
(93, 99)	false	3.514	0.6716	0.3132	3.598	0.6436	0.2806	-0.084	-0.028	-0.0326
(21, 69)	false	3.776	0.6193	0.2171	3.982	0.5959	0.1922	-0.206	-0.0233	-0.0248
(21, 69)	false	3.34	0.6672	0.2527	3.34	0.6736	0.3039	0	0.0065	0.0512
(21, 69)	false	3.708	0.6458	0.2496	3.928	0.5355	0.2295	-0.22	-0.1103	-0.0202
(21, 69)	true	4.054	0.5863	0.2651	4.308	0.5617	0.2605	0.254	0.0246	0.0047
(21, 69)	false	3.642	0.6833	0.276	3.766	0.6726	0.3116	-0.124	-0.0107	0.0357
(21, 69)	false	3.398	0.7008	0.276	3.648	0.6643	0.2605	-0.25	-0.0366	-0.0155
(21, 69)	false	3.794	0.6678	0.2977	3.726	0.6683	0.2977	0.068	0.0006	0
(21, 69)	true	3.908	0.6215	0.3116	3.994	0.6111	0.2884	0.086	0.0104	0.0233
(21, 69)	false	3.964	0.6333	0.2744	3.94	0.6281	0.2884	0.024	-0.0052	0.014
(21, 69)	false	3.514	0.6716	0.3132	3.406	0.6805	0.3256	0.108	0.0089	0.0124
(24, 65)	false	3.776	0.6193	0.2171	3.69	0.5872	0.1612	0.086	-0.032	-0.0558
(24, 65)	false	3.34	0.6672	0.2527	3.404	0.6691	0.293	-0.064	0.0019	0.0403
(24, 65)	false	3.708	0.6458	0.2496	3.706	0.6671	0.3054	0.002	0.0213	0.0558
(24, 65)	false	4.054	0.5863	0.2651	3.778	0.5921	0.2791	0.276	0.0058	0.014
(24, 65)	false	3.642	0.6833	0.276	3.622	0.6638	0.2977	0.02	-0.0195	0.0217
(24, 65)	false	3.398	0.7008	0.276	3.782	0.6601	0.2791	-0.384	-0.0408	0.0031
(24, 65)	true	3.794	0.6678	0.2977	3.494	0.6862	0.3039	-0.3	-0.0185	-0.0062
(24, 65)	false	3.908	0.6215	0.3116	4.06	0.601	0.2574	-0.152	-0.0205	-0.0543
(24, 65)	false	3.964	0.6333	0.2744	3.976	0.6369	0.3318	-0.012	0.0036	0.0574
(24, 65)	false	3.514	0.6716	0.3132	3.546	0.6703	0.3101	-0.032	-0.0013	-0.0031
(29, 65)	false	3.776	0.6193	0.2171	3.51	0.6439	0.245	0.266	0.0246	0.0279
(29, 65)	false	3.34	0.6672	0.2527	3.238	0.681	0.276	0.102	0.0138	0.0233
(29, 65)	false	3.708	0.6458	0.2496	3.774	0.6629	0.307	-0.066	0.0171	0.0574
(29, 65)	false	4.054	0.5863	0.2651	3.918	0.5831	0.2698	0.136	-0.0032	0.0047
(29, 65)	false	3.642	0.6833	0.276	3.758	0.673	0.2946	-0.116	-0.0103	0.0186
(29, 65)	true	3.398	0.7008	0.276	3.484	0.6833	0.2434	0.086	0.0175	0.0326
(29, 65)	false	3.794	0.6678	0.2977	3.804	0.6682	0.324	-0.01	0.0004	0.0264
(29, 65)	true	3.908	0.6215	0.3116	3.986	0.6042	0.2481	0.078	0.0173	0.0636
(29, 65)	true	3.964	0.6333	0.2744	3.944	0.6217	0.2775	-0.02	0.0116	-0.0031
(29, 65)	false	3.514	0.6716	0.3132	3.666	0.6513	0.3039	-0.152	-0.0203	-0.0093
(10, 131)	false	3.776	0.6193	0.2171	3.922	0.6067	0.2264	-0.146	-0.0125	0.0093
(10, 131)	false	3.34	0.6672	0.2527	3.442	0.6779	0.2791	-0.102	0.0107	0.0264
(10, 131)	true	3.708	0.6458	0.2496	3.914	0.5765	0.2031	0.206	0.0693	0.0465
(10, 131)	false	4.054	0.5863	0.2651	3.956	0.5853	0.2946	0.098	-0.001	0.0295
(10, 131)	false	3.642	0.6833	0.276	3.604	0.6924	0.293	0.038	0.0092	0.0171
(10, 131)	false	3.398	0.7008	0.276	3.746	0.6641	0.2109	-0.348	-0.0368	-0.0651
(10, 131)	false	3.794	0.6678	0.2977	3.644	0.6823	0.2977	0.15	0.0145	0
(10, 131)	false	3.908	0.6215	0.3116	3.896	0.614	0.3132	0.012	-0.0075	0.0016
(10, 131)	true	3.964	0.6333	0.2744	4.124	0.6223	0.3023	0.16	0.011	-0.0279
(10, 131)	false	3.514	0.6716	0.3132	3.508	0.663	0.3302	0.006	-0.0086	0.0171
(6, 130)	false	3.776	0.6193	0.2171	3.93	0.604	0.2031	-0.154	-0.0153	-0.014
(6, 130)	false	3.34	0.6672	0.2527	3.28	0.6768	0.2853	0.06	0.0097	0.0326
(6, 130)	false	3.708	0.6458	0.2496	3.726	0.6517	0.262	-0.018	0.0059	0.0124
(6, 130)	true	4.054	0.5863	0.2651	4.156	0.569	0.2434	0.102	0.0172	0.0217
(6, 130)	true	3.642	0.6833	0.276	3.81	0.6599	0.2698	0.168	0.0233	0.0062
(6, 130)	false	3.398	0.7008	0.276	3.738	0.666	0.2558	-0.34	-0.0348	-0.0202
(6, 130)	false	3.794	0.6678	0.2977	3.69	0.6756	0.2977	0.104	0.0079	0
(6, 130)	true	3.908	0.6215	0.3116	4.112	0.5815	0.2434	0.204	0.04	0.0682
(6, 130)	false	3.964	0.6333	0.2744	4.04	0.6256	0.3116	-0.076	-0.0077	0.0372
(6, 130)	false	3.514	0.6716	0.3132	3.512	0.6622	0.2961	0.002	-0.0094	-0.0171
(9, 126)	true	3.776	0.6193	0.2171	3.774	0.6346	0.2	-0.002	-0.0154	0.0171
(9, 126)	true	3.34	0.6672	0.2527	3.592	0.6505	0.2605	0.252	0.0166	-0.0078
(9, 126)	false	3.708	0.6458	0.2496	3.796	0.6491	0.2899	-0.088	0.0033	0.0403
(9, 126)	true	4.054	0.5863	0.2651	4.3	0.554	0.2543	0.246	0.0323	0.0109
(9, 126)	false	3.642	0.6833	0.276	3.644	0.69	0.3116	-0.002	0.0068	0.0357
(9, 126)	false	3.398	0.7008	0.276	3.588	0.6802	0.2527	-0.19	-0.0206	-0.0233
(9, 126)	true	3.794	0.6678	0.2977	3.456	0.6988	0.2961	-0.338	-0.031	0.0016
(9, 126)	false	3.908	0.6215	0.3116	3.846	0.6275	0.3318	0.062	0.006	0.0202
(9, 126)	false	3.964	0.6333	0.2744	3.938	0.6291	0.3008	0.026	-0.0042	0.0264
(9, 126)	false	3.514	0.6716	0.3132	3.362	0.6766	0.3225	0.152	0.005	0.0093
(75, 85)	false	3.776	0.6193	0.2171	3.476	0.6365	0.2186	0.3	0.0172	0.0016
(75, 85)	false	3.34	0.6672	0.2527	3.544	0.6619	0.2822	-0.204	-0.0053	0.0295
(75, 85)	false	3.708	0.6458	0.2496	3.656	0.6694	0.3008	0.052	0.0236	0.0512
(75, 85)	false	4.054	0.5863	0.2651	3.714	0.6109	0.2651	0.34	0.0246	0
(75, 85)	false	3.642	0.6833	0.276	3.52	0.6919	0.3488	0.122	0.0086	0.0729
(75, 85)	false	3.398	0.7008	0.276	3.294	0.7182	0.3442	0.104	0.0173	0.0682
(75, 85)	false	3.794	0.6678	0.2977	3.702	0.6853	0.2884	0.092	0.0175	-0.0093
(75, 85)	true	3.908	0.6215	0.3116	4.112	0.5967	0.3101	0.204	0.0248	0.0016
(75, 85)	false	3.964	0.6333	0.2744	4.066	0.6299	0.3085	-0.102	-0.0034	0.0341
(75, 85)	false	3.514	0.6716	0.3132	3.386	0.6657	0.3008	0.128	-0.0059	-0.0124
(1, 80)	false	3.776	0.6193	0.2171	3.754	0.5694	0.1969	0.022	-0.0498	-0.0202
(1, 80)	false	3.34	0.6672	0.2527	3.318	0.6718	0.2899	0.022	0.0047	0.0372
(1, 80)	false	3.708	0.6458	0.2496	3.722	0.6571	0.276	-0.014	0.0113	0.0264
(1, 80)	false	4.054	0.5863	0.2651	4.106	0.578	0.2651	-0.052	-0.0083	0
(1, 80)	true	3.642	0.6833	0.276	3.72	0.6531	0.3147	0.078	0.0302	-0.0388
(1, 80)	true	3.398	0.7008	0.276	4.096	0.5796	0.2093	0.698	0.1212	0.0667
(1, 80)	false	3.794	0.6678	0.2977	3.844	0.6526	0.2884	-0.05	-0.0152	-0.0093
(1, 80)	true	3.908	0.6215	0.3116	4.126	0.5836	0.2527	0.218	0.0379	0.0589
(1, 80)	true	3.964	0.6333	0.2744	4.106	0.6123	0.2558	0.142	0.0211	0.0186
(1, 80)	false	3.514	0.6716	0.3132	3.416	0.6782	0.3194	0.098	0.0066	0.0062
(32, 106)	false	3.776	0.6193	0.2171	4.032	0.6068	0.1814	-0.256	-0.0125	-0.0357
(32, 106)	false	3.34	0.6672	0.2527	3.632	0.6655	0.2357	-0.292	-0.0017	-0.0171
(32, 106)	true	3.708	0.6458	0.2496	3.79	0.6367	0.2775	0.082	0.009	-0.0279
(32, 106)	false	4.054	0.5863	0.2651	3.916	0.6047	0.2713	0.138	0.0184	0.0062
(32, 106)	false	3.642	0.6833	0.276	3.594	0.7013	0.2868	0.048	0.018	0.0109
(32, 106)	false	3.398	0.7008	0.276	3.438	0.7026	0.262	-0.04	0.0017	-0.014
(32, 106)	false	3.794	0.6678	0.2977	3.448	0.7022	0.3442	0.346	0.0344	0.0465
(32, 106)	true	3.908	0.6215	0.3116	3.898	0.6048	0.2884	-0.01	0.0167	0.0233
(32, 106)	false	3.964	0.6333	0.2744	4.164	0.6039	0.276	-0.2	-0.0295	0.0016
(32, 106)	false	3.514	0.6716	0.3132	3.392	0.6802	0.3395	0.122	0.0086	0.0264
(13, 122)	false	3.776	0.6193	0.2171	3.64	0.6445	0.2481	0.136	0.0253	0.031
(13, 122)	false	3.34	0.6672	0.2527	3.72	0.6481	0.2915	-0.38	-0.019	0.0388
(13, 122)	true	3.708	0.6458	0.2496	3.934	0.6337	0.2605	0.226	0.0121	-0.0109
(13, 122)	true	4.054	0.5863	0.2651	4.15	0.5631	0.262	0.096	0.0232	0.0031
(13, 122)	false	3.642	0.6833	0.276	3.73	0.663	0.2698	-0.088	-0.0203	-0.0062
(13, 122)	false	3.398	0.7008	0.276	3.372	0.7087	0.3101	0.026	0.0078	0.0341
(13, 122)	false	3.794	0.6678	0.2977	3.608	0.6713	0.2868	0.186	0.0035	-0.0109
(13, 122)	false	3.908	0.6215	0.3116	4.082	0.5979	0.2605	-0.174	-0.0236	-0.0512
(13, 122)	true	3.964	0.6333	0.2744	4.04	0.6217	0.2589	0.076	0.0116	0.0155
(13, 122)	false	3.514	0.6716	0.3132	3.642	0.6348	0.2341	-0.128	-0.0368	-0.0791
(30, 55)	false	3.776	0.6193	0.2171	3.58	0.6313	0.1984	0.196	0.012	-0.0186
(30, 55)	false	3.34	0.6672	0.2527	3.728	0.6219	0.186	-0.388	-0.0453	-0.0667
(30, 55)	true	3.708	0.6458	0.2496	3.896	0.6343	0.2667	0.188	0.0115	-0.0171
(30, 55)	false	4.054	0.5863	0.2651	3.708	0.5965	0.2496	0.346	0.0103	-0.0155
(30, 55)	false	3.642	0.6833	0.276	3.606	0.6836	0.2961	0.036	0.0003	0.0202
(30, 55)	true	3.398	0.7008	0.276	3.94	0.6494	0.2233	0.542	0.0515	0.0527
(30, 55)	false	3.794	0.6678	0.2977	3.54	0.6811	0.3054	0.254	0.0133	0.0078
(30, 55)	false	3.908	0.6215	0.3116	3.836	0.6263	0.3085	0.072	0.0048	-0.0031
(30, 55)	true	3.964	0.6333	0.2744	3.87	0.6339	0.3039	-0.094	-0.0006	-0.0295
(30, 55)	false	3.514	0.6716	0.3132	3.592	0.6541	0.3054	-0.078	-0.0175	-0.0078
(13, 115)	true	3.776	0.6193	0.2171	4.12	0.5579	0.169	0.344	0.0613	0.0481
(13, 115)	true	3.34	0.6672	0.2527	3.524	0.6504	0.2372	0.184	0.0168	0.0155
(13, 115)	false	3.708	0.6458	0.2496	3.65	0.6598	0.2992	0.058	0.014	0.0496
(13, 115)	true	4.054	0.5863	0.2651	3.996	0.5728	0.2651	-0.058	0.0135	-0
(13, 115)	true	3.642	0.6833	0.276	3.466	0.6923	0.2977	-0.176	-0.009	-0.0217
(13, 115)	false	3.398	0.7008	0.276	3.49	0.6886	0.2574	-0.092	-0.0122	-0.0186
(13, 115)	true	3.794	0.6678	0.2977	3.522	0.6866	0.2837	-0.272	-0.0188	0.014
(13, 115)	false	3.908	0.6215	0.3116	3.894	0.6134	0.3163	0.014	-0.0081	0.0047
(13, 115)	false	3.964	0.6333	0.2744	4.118	0.6108	0.2822	-0.154	-0.0225	0.0078
(13, 115)	false	3.514	0.6716	0.3132	3.362	0.6724	0.3318	0.152	0.0008	0.0186
(28, 65)	false	3.776	0.6193	0.2171	3.688	0.6267	0.2248	0.088	0.0074	0.0078
(28, 65)	false	3.34	0.6672	0.2527	3.986	0.5734	0.2047	-0.646	-0.0938	-0.0481
(28, 65)	true	3.708	0.6458	0.2496	3.876	0.6354	0.2419	0.168	0.0104	0.0078
(28, 65)	true	4.054	0.5863	0.2651	3.638	0.6011	0.2124	-0.416	-0.0148	0.0527
(28, 65)	true	3.642	0.6833	0.276	3.768	0.6493	0.2698	0.126	0.0339	0.0062
(28, 65)	false	3.398	0.7008	0.276	3.714	0.6601	0.2651	-0.316	-0.0407	-0.0109
(28, 65)	true	3.794	0.6678	0.2977	3.68	0.6747	0.2992	-0.114	-0.0069	-0.0016
(28, 65)	false	3.908	0.6215	0.3116	3.944	0.6185	0.3101	-0.036	-0.003	-0.0016
(28, 65)	false	3.964	0.6333	0.2744	4.05	0.6252	0.3163	-0.086	-0.0081	0.0419
(28, 65)	false	3.514	0.6716	0.3132	3.534	0.6604	0.3039	-0.02	-0.0112	-0.0093
(26, 65)	false	3.776	0.6193	0.2171	3.57	0.6412	0.2295	0.206	0.022	0.0124
(26, 65)	false	3.34	0.6672	0.2527	3.498	0.6745	0.2884	-0.158	0.0074	0.0357
(26, 65)	false	3.708	0.6458	0.2496	3.98	0.6062	0.2729	-0.272	-0.0396	0.0233
(26, 65)	false	4.054	0.5863	0.2651	4.084	0.5825	0.2682	-0.03	-0.0037	0.0031
(26, 65)	false	3.642	0.6833	0.276	3.504	0.6925	0.3287	0.138	0.0092	0.0527
(26, 65)	false	3.398	0.7008	0.276	3.77	0.6652	0.2713	-0.372	-0.0356	-0.0047
(26, 65)	false	3.794	0.6678	0.2977	3.436	0.6943	0.3302	0.358	0.0265	0.0326
(26, 65)	true	3.908	0.6215	0.3116	4.074	0.6003	0.3209	0.166	0.0212	-0.0093
(26, 65)	false	3.964	0.6333	0.2744	4.088	0.6241	0.3116	-0.124	-0.0092	0.0372
(26, 65)	false	3.514	0.6716	0.3132	3.282	0.6916	0.3039	0.232	0.02	-0.0093
(21, 66)	false	3.776	0.6193	0.2171	3.828	0.6133	0.2031	-0.052	-0.006	-0.014
(21, 66)	true	3.34	0.6672	0.2527	3.448	0.6461	0.2279	0.108	0.0211	0.0248
(21, 66)	false	3.708	0.6458	0.2496	3.654	0.6613	0.2589	0.054	0.0155	0.0093
(21, 66)	true	4.054	0.5863	0.2651	3.922	0.588	0.2698	-0.132	-0.0018	-0.0047
(21, 66)	false	3.642	0.6833	0.276	3.91	0.649	0.2791	-0.268	-0.0343	0.0031
(21, 66)	false	3.398	0.7008	0.276	3.618	0.6767	0.2589	-0.22	-0.0241	-0.0171
(21, 66)	true	3.794	0.6678	0.2977	3.846	0.6696	0.3039	0.052	-0.0019	-0.0062
(21, 66)	false	3.908	0.6215	0.3116	4.086	0.6031	0.2667	-0.178	-0.0184	-0.045
(21, 66)	false	3.964	0.6333	0.2744	3.964	0.6299	0.3163	0	-0.0034	0.0419
(21, 66)	false	3.514	0.6716	0.3132	3.464	0.6619	0.2775	0.05	-0.0097	-0.0357
(10, 76)	false	3.776	0.6193	0.2171	3.56	0.6315	0.2388	0.216	0.0123	0.0217
(10, 76)	false	3.34	0.6672	0.2527	3.812	0.619	0.2512	-0.472	-0.0482	-0.0016
(10, 76)	true	3.708	0.6458	0.2496	3.906	0.6221	0.1907	0.198	0.0236	0.0589
(10, 76)	false	4.054	0.5863	0.2651	4.026	0.5974	0.2372	0.028	0.0111	-0.0279
(10, 76)	false	3.642	0.6833	0.276	3.67	0.6751	0.2992	-0.028	-0.0082	0.0233
(10, 76)	true	3.398	0.7008	0.276	3.616	0.6285	0.2589	0.218	0.0724	0.0171
(10, 76)	false	3.794	0.6678	0.2977	3.66	0.6826	0.293	0.134	0.0148	-0.0047
(10, 76)	true	3.908	0.6215	0.3116	4.026	0.5936	0.2992	0.118	0.0279	0.0124
(10, 76)	false	3.964	0.6333	0.2744	4.23	0.6047	0.2605	-0.266	-0.0286	-0.014
(10, 76)	false	3.514	0.6716	0.3132	3.42	0.6713	0.307	0.094	-0.0003	-0.0062
(17, 115)	true	3.776	0.6193	0.2171	3.658	0.5684	0.2093	-0.118	0.0508	0.0078
(17, 115)	true	3.34	0.6672	0.2527	3.586	0.6651	0.2465	0.246	0.0021	0.0062
(17, 115)	false	3.708	0.6458	0.2496	3.724	0.6629	0.262	-0.016	0.0171	0.0124
(17, 115)	true	4.054	0.5863	0.2651	4.146	0.5696	0.2837	0.092	0.0167	-0.0186
(17, 115)	false	3.642	0.6833	0.276	3.874	0.6469	0.2512	-0.232	-0.0363	-0.0248
(17, 115)	false	3.398	0.7008	0.276	3.488	0.6928	0.2806	-0.09	-0.0081	0.0047
(17, 115)	false	3.794	0.6678	0.2977	3.784	0.6752	0.2961	0.01	0.0074	-0.0016
(17, 115)	false	3.908	0.6215	0.3116	3.978	0.6125	0.3132	-0.07	-0.009	0.0016
(17, 115)	true	3.964	0.6333	0.2744	3.956	0.6315	0.2651	-0.008	0.0018	0.0093
(17, 115)	false	3.514	0.6716	0.3132	3.416	0.6669	0.293	0.098	-0.0047	-0.0202
(22, 66)	false	3.776	0.6193	0.2171	3.654	0.6218	0.2031	0.122	0.0026	-0.014
(22, 66)	false	3.34	0.6672	0.2527	3.932	0.5618	0.2341	-0.592	-0.1054	-0.0186
(22, 66)	false	3.708	0.6458	0.2496	3.622	0.6646	0.2682	0.086	0.0189	0.0186
(22, 66)	true	4.054	0.5863	0.2651	4.058	0.5702	0.2403	0.004	0.0161	0.0248
(22, 66)	true	3.642	0.6833	0.276	3.724	0.6649	0.2868	0.082	0.0184	-0.0109
(22, 66)	true	3.398	0.7008	0.276	3.568	0.6825	0.2481	0.17	0.0183	0.0279
(22, 66)	false	3.794	0.6678	0.2977	3.488	0.6902	0.3333	0.306	0.0225	0.0357
(22, 66)	false	3.908	0.6215	0.3116	4.06	0.6194	0.2589	-0.152	-0.0021	-0.0527
(22, 66)	false	3.964	0.6333	0.2744	3.946	0.6446	0.3101	0.018	0.0112	0.0357
(22, 66)	false	3.514	0.6716	0.3132	3.536	0.6573	0.2806	-0.022	-0.0143	-0.0326
(28, 111)	false	3.776	0.6193	0.2171	3.826	0.6304	0.2279	-0.05	0.0111	0.0109
(28, 111)	false	3.34	0.6672	0.2527	3.58	0.6461	0.262	-0.24	-0.0211	0.0093
(28, 111)	false	3.708	0.6458	0.2496	3.79	0.644	0.2806	-0.082	-0.0018	0.031
(28, 111)	false	4.054	0.5863	0.2651	4.154	0.573	0.2481	-0.1	-0.0132	-0.0171
(28, 111)	false	3.642	0.6833	0.276	3.442	0.6933	0.2977	0.2	0.01	0.0217
(28, 111)	false	3.398	0.7008	0.276	3.542	0.6805	0.2713	-0.144	-0.0204	-0.0047
(28, 111)	false	3.794	0.6678	0.2977	3.416	0.6998	0.3457	0.378	0.032	0.0481
(28, 111)	true	3.908	0.6215	0.3116	3.958	0.6066	0.293	0.05	0.0149	0.0186
(28, 111)	false	3.964	0.6333	0.2744	3.97	0.6224	0.276	-0.006	-0.011	0.0016
(28, 111)	false	3.514	0.6716	0.3132	3.55	0.6575	0.3395	-0.036	-0.0141	0.0264
(116, 124)	false	3.776	0.6193	0.2171	3.804	0.582	0.1922	-0.028	-0.0373	-0.0248
(116, 124)	false	3.34	0.6672	0.2527	3.634	0.6666	0.2775	-0.294	-0.0006	0.0248
(116, 124)	true	3.708	0.6458	0.2496	3.676	0.6401	0.2775	-0.032	0.0057	-0.0279
(116, 124)	true	4.054	0.5863	0.2651	3.884	0.6011	0.2791	-0.17	-0.0148	-0.014
(116, 124)	false	3.642	0.6833	0.276	3.46	0.7004	0.3163	0.182	0.0172	0.0403
(116, 124)	false	3.398	0.7008	0.276	3.598	0.6753	0.2806	-0.2	-0.0256	0.0047
(116, 124)	true	3.794	0.6678	0.2977	3.62	0.6885	0.3318	-0.174	-0.0208	-0.0341
(116, 124)	false	3.908	0.6215	0.3116	3.862	0.6362	0.3054	0.046	0.0148	-0.0062
(116, 124)	false	3.964	0.6333	0.2744	3.816	0.6494	0.3318	0.148	0.0161	0.0574
(116, 124)	false	3.514	0.6716	0.3132	3.292	0.6737	0.3054	0.222	0.0021	-0.0078
(32, 39)	true	3.776	0.6193	0.2171	3.908	0.5945	0.1814	0.132	0.0248	0.0357
(32, 39)	true	3.34	0.6672	0.2527	3.734	0.6278	0.2109	0.394	0.0394	0.0419
(32, 39)	true	3.708	0.6458	0.2496	3.548	0.6587	0.2713	-0.16	-0.0129	-0.0217
(32, 39)	false	4.054	0.5863	0.2651	3.85	0.6021	0.2667	0.204	0.0158	0.0016
(32, 39)	false	3.642	0.6833	0.276	3.628	0.6885	0.2868	0.014	0.0053	0.0109
(32, 39)	false	3.398	0.7008	0.276	3.494	0.6866	0.2326	-0.096	-0.0142	-0.0434
(32, 39)	false	3.794	0.6678	0.2977	3.702	0.6726	0.2884	0.092	0.0049	-0.0093
(32, 39)	false	3.908	0.6215	0.3116	4.006	0.6065	0.2775	-0.098	-0.015	-0.0341
(32, 39)	false	3.964	0.6333	0.2744	3.946	0.6349	0.2837	0.018	0.0016	0.0093
(32, 39)	false	3.514	0.6716	0.3132	3.538	0.6735	0.2915	-0.024	0.0019	-0.0217
(22, 63)	false	3.776	0.6193	0.2171	3.744	0.6184	0.2202	0.032	-0.0009	0.0031
(22, 63)	false	3.34	0.6672	0.2527	3.628	0.6434	0.245	-0.288	-0.0237	-0.0078
(22, 63)	true	3.708	0.6458	0.2496	3.746	0.6443	0.2465	0.038	0.0015	0.0031
(22, 63)	false	4.054	0.5863	0.2651	4.078	0.579	0.2682	-0.024	-0.0073	0.0031
(22, 63)	false	3.642	0.6833	0.276	3.624	0.6861	0.3349	0.018	0.0028	0.0589
(22, 63)	false	3.398	0.7008	0.276	4.236	0.5023	0.1907	-0.838	-0.1986	-0.0853
(22, 63)	false	3.794	0.6678	0.2977	3.62	0.6785	0.2992	0.174	0.0108	0.0016
(22, 63)	false	3.908	0.6215	0.3116	4.008	0.6073	0.2791	-0.1	-0.0142	-0.0326
(22, 63)	true	3.964	0.6333	0.2744	3.948	0.641	0.2822	-0.016	-0.0077	-0.0078
(22, 63)	false	3.514	0.6716	0.3132	3.69	0.6317	0.2682	-0.176	-0.0399	-0.045
(26, 62)	false	3.776	0.6193	0.2171	3.514	0.6521	0.2682	0.262	0.0329	0.0512
(26, 62)	false	3.34	0.6672	0.2527	3.738	0.6298	0.2434	-0.398	-0.0374	-0.0093
(26, 62)	false	3.708	0.6458	0.2496	3.816	0.6426	0.2574	-0.108	-0.0032	0.0078
(26, 62)	false	4.054	0.5863	0.2651	3.994	0.5673	0.2295	0.06	-0.019	-0.0357
(26, 62)	true	3.642	0.6833	0.276	3.596	0.6899	0.2868	-0.046	-0.0067	-0.0109
(26, 62)	false	3.398	0.7008	0.276	3.568	0.6863	0.2651	-0.17	-0.0145	-0.0109
(26, 62)	true	3.794	0.6678	0.2977	3.836	0.6628	0.2961	0.042	0.005	0.0016
(26, 62)	false	3.908	0.6215	0.3116	4.024	0.6045	0.2822	-0.116	-0.017	-0.0295
(26, 62)	false	3.964	0.6333	0.2744	3.878	0.6345	0.2884	0.086	0.0012	0.014
(26, 62)	false	3.514	0.6716	0.3132	3.314	0.6792	0.3287	0.2	0.0076	0.0155
(9, 127)	false	3.776	0.6193	0.2171	3.536	0.6453	0.1984	0.24	0.0261	-0.0186
(9, 127)	false	3.34	0.6672	0.2527	3.698	0.634	0.2124	-0.358	-0.0332	-0.0403
(9, 127)	false	3.708	0.6458	0.2496	3.716	0.6431	0.2853	-0.008	-0.0027	0.0357
(9, 127)	false	4.054	0.5863	0.2651	4.08	0.571	0.2682	-0.026	-0.0153	0.0031
(9, 127)	false	3.642	0.6833	0.276	3.83	0.6613	0.2775	-0.188	-0.022	0.0016
(9, 127)	false	3.398	0.7008	0.276	3.6	0.6758	0.2682	-0.202	-0.025	-0.0078
(9, 127)	false	3.794	0.6678	0.2977	3.618	0.6912	0.3163	0.176	0.0234	0.0186
(9, 127)	false	3.908	0.6215	0.3116	3.93	0.6193	0.3116	-0.022	-0.0022	0
(9, 127)	false	3.964	0.6333	0.2744	3.838	0.6376	0.293	0.126	0.0042	0.0186
(9, 127)	false	3.514	0.6716	0.3132	3.286	0.697	0.3194	0.228	0.0254	0.0062
(41, 47)	false	3.776	0.6193	0.2171	3.592	0.6321	0.2	0.184	0.0129	-0.0171
(41, 47)	false	3.34	0.6672	0.2527	3.674	0.6441	0.2357	-0.334	-0.0231	-0.0171
(41, 47)	false	3.708	0.6458	0.2496	3.792	0.6479	0.2806	-0.084	0.0021	0.031
(41, 47)	true	4.054	0.5863	0.2651	4.198	0.5751	0.2698	0.144	0.0112	-0.0047
(41, 47)	false	3.642	0.6833	0.276	3.716	0.665	0.3287	-0.074	-0.0183	0.0527
(41, 47)	false	3.398	0.7008	0.276	3.696	0.6719	0.2977	-0.298	-0.0289	0.0217
(41, 47)	false	3.794	0.6678	0.2977	3.636	0.6849	0.3349	0.158	0.0172	0.0372
(41, 47)	false	3.908	0.6215	0.3116	3.902	0.6064	0.2946	0.006	-0.0151	-0.0171
(41, 47)	false	3.964	0.6333	0.2744	4.124	0.6173	0.2682	-0.16	-0.016	-0.0062
(41, 47)	false	3.514	0.6716	0.3132	3.578	0.6496	0.2946	-0.064	-0.022	-0.0186
(33, 39)	false	3.776	0.6193	0.2171	3.814	0.6282	0.1984	-0.038	0.009	-0.0186
(33, 39)	false	3.34	0.6672	0.2527	3.79	0.6323	0.2434	-0.45	-0.0348	-0.0093
(33, 39)	false	3.708	0.6458	0.2496	3.822	0.6441	0.2868	-0.114	-0.0016	0.0372
(33, 39)	false	4.054	0.5863	0.2651	3.964	0.5808	0.245	0.09	-0.0055	-0.0202
(33, 39)	true	3.642	0.6833	0.276	3.796	0.6567	0.2992	0.154	0.0266	-0.0233
(33, 39)	true	3.398	0.7008	0.276	3.818	0.6583	0.2853	0.42	0.0425	-0.0093
(33, 39)	true	3.794	0.6678	0.2977	3.752	0.6738	0.3132	-0.042	-0.006	-0.0155
(33, 39)	false	3.908	0.6215	0.3116	3.872	0.6172	0.2961	0.036	-0.0043	-0.0155
(33, 39)	false	3.964	0.6333	0.2744	4.036	0.6343	0.2775	-0.072	0.001	0.0031
(33, 39)	false	3.514	0.6716	0.3132	3.498	0.6664	0.3318	0.016	-0.0052	0.0186
(101, 152)	true	3.776	0.6193	0.2171	3.838	0.5613	0.1783	0.062	0.0579	0.0388
(101, 152)	true	3.34	0.6672	0.2527	3.61	0.6427	0.2775	0.27	0.0245	-0.0248
(101, 152)	true	3.708	0.6458	0.2496	3.858	0.64	0.2512	0.15	0.0058	-0.0016
(101, 152)	false	4.054	0.5863	0.2651	3.904	0.595	0.2775	0.15	0.0088	0.0124
(101, 152)	true	3.642	0.6833	0.276	3.56	0.6763	0.2853	-0.082	0.0069	-0.0093
(101, 152)	false	3.398	0.7008	0.276	3.748	0.6003	0.2543	-0.35	-0.1005	-0.0217
(101, 152)	false	3.794	0.6678	0.2977	3.47	0.6903	0.3178	0.324	0.0225	0.0202
(101, 152)	true	3.908	0.6215	0.3116	4.254	0.5818	0.2713	0.346	0.0397	0.0403
(101, 152)	false	3.964	0.6333	0.2744	4.034	0.6264	0.2868	-0.07	-0.0069	0.0124
(101, 152)	false	3.514	0.6716	0.3132	3.41	0.6792	0.3364	0.104	0.0076	0.0233
(10, 127)	true	3.776	0.6193	0.2171	4.088	0.5396	0.1798	0.312	0.0797	0.0372
(10, 127)	true	3.34	0.6672	0.2527	3.834	0.5735	0.2171	0.494	0.0937	0.0357
(10, 127)	false	3.708	0.6458	0.2496	3.756	0.6579	0.2961	-0.048	0.0121	0.0465
(10, 127)	false	4.054	0.5863	0.2651	3.998	0.5828	0.2636	0.056	-0.0035	-0.0016
(10, 127)	false	3.642	0.6833	0.276	3.644	0.6772	0.2946	-0.002	-0.0061	0.0186
(10, 127)	false	3.398	0.7008	0.276	3.824	0.6607	0.2341	-0.426	-0.0401	-0.0419
(10, 127)	false	3.794	0.6678	0.2977	3.76	0.6823	0.307	0.034	0.0146	0.0093
(10, 127)	false	3.908	0.6215	0.3116	3.922	0.6266	0.3209	-0.014	0.0051	0.0093
(10, 127)	false	3.964	0.6333	0.2744	3.904	0.6293	0.276	0.06	-0.004	0.0016
(10, 127)	false	3.514	0.6716	0.3132	3.688	0.6495	0.2806	-0.174	-0.0221	-0.0326
(40, 46)	false	3.776	0.6193	0.2171	4.228	0.5471	0.1829	-0.452	-0.0722	-0.0341
(40, 46)	false	3.34	0.6672	0.2527	3.548	0.6467	0.2326	-0.208	-0.0205	-0.0202
(40, 46)	false	3.708	0.6458	0.2496	3.796	0.6416	0.2543	-0.088	-0.0042	0.0047
(40, 46)	false	4.054	0.5863	0.2651	4.076	0.5752	0.2744	-0.022	-0.0111	0.0093
(40, 46)	false	3.642	0.6833	0.276	3.738	0.6636	0.2744	-0.096	-0.0196	-0.0016
(40, 46)	false	3.398	0.7008	0.276	4.058	0.5926	0.214	-0.66	-0.1083	-0.062
(40, 46)	false	3.794	0.6678	0.2977	3.536	0.6818	0.2961	0.258	0.0141	-0.0016
(40, 46)	false	3.908	0.6215	0.3116	4.028	0.6124	0.276	-0.12	-0.0091	-0.0357
(40, 46)	false	3.964	0.6333	0.2744	4.006	0.6189	0.2946	-0.042	-0.0144	0.0202
(40, 46)	false	3.514	0.6716	0.3132	3.656	0.6439	0.3194	-0.142	-0.0277	0.0062
(116, 123)	true	3.776	0.6193	0.2171	4.336	0.5284	0.1597	0.56	0.0909	0.0574
(116, 123)	true	3.34	0.6672	0.2527	3.874	0.59	0.2248	0.534	0.0771	0.0279
(116, 123)	true	3.708	0.6458	0.2496	4.006	0.6186	0.1876	0.298	0.0272	0.062
(116, 123)	false	4.054	0.5863	0.2651	4.024	0.5812	0.2543	0.03	-0.0051	-0.0109
(116, 123)	true	3.642	0.6833	0.276	3.916	0.6524	0.3178	0.274	0.0308	-0.0419
(116, 123)	false	3.398	0.7008	0.276	3.966	0.641	0.245	-0.568	-0.0598	-0.031
(116, 123)	false	3.794	0.6678	0.2977	3.58	0.6847	0.3364	0.214	0.0169	0.0388
(116, 123)	false	3.908	0.6215	0.3116	3.894	0.6136	0.2977	0.014	-0.0079	-0.014
(116, 123)	false	3.964	0.6333	0.2744	3.704	0.6511	0.293	0.26	0.0178	0.0186
(116, 123)	false	3.514	0.6716	0.3132	3.42	0.6464	0.3023	0.094	-0.0252	-0.0109
(90, 146)	false	3.776	0.6193	0.2171	3.726	0.6299	0.2574	0.05	0.0106	0.0403
(90, 146)	false	3.34	0.6672	0.2527	3.558	0.6604	0.2868	-0.218	-0.0067	0.0341
(90, 146)	true	3.708	0.6458	0.2496	3.788	0.6425	0.2682	0.08	0.0033	-0.0186
(90, 146)	true	4.054	0.5863	0.2651	3.874	0.5881	0.2698	-0.18	-0.0018	-0.0047
(90, 146)	false	3.642	0.6833	0.276	3.61	0.6907	0.3116	0.032	0.0075	0.0357
(90, 146)	false	3.398	0.7008	0.276	3.676	0.6705	0.2062	-0.278	-0.0304	-0.0698
(90, 146)	false	3.794	0.6678	0.2977	3.772	0.6684	0.2946	0.022	0.0006	-0.0031
(90, 146)	true	3.908	0.6215	0.3116	3.996	0.6095	0.2837	0.088	0.012	0.0279
(90, 146)	false	3.964	0.6333	0.2744	3.924	0.6342	0.3349	0.04	0.0009	0.0605
(90, 146)	false	3.514	0.6716	0.3132	3.608	0.6487	0.2884	-0.094	-0.0229	-0.0248
(32, 107)	false	3.776	0.6193	0.2171	3.912	0.618	0.2093	-0.136	-0.0013	-0.0078
(32, 107)	false	3.34	0.6672	0.2527	3.344	0.6852	0.3147	-0.004	0.018	0.062
(32, 107)	true	3.708	0.6458	0.2496	3.946	0.6331	0.2946	0.238	0.0127	-0.045
(32, 107)	false	4.054	0.5863	0.2651	4.05	0.5928	0.2822	0.004	0.0065	0.0171
(32, 107)	false	3.642	0.6833	0.276	3.726	0.6703	0.3256	-0.084	-0.013	0.0496
(32, 107)	false	3.398	0.7008	0.276	3.842	0.606	0.2248	-0.444	-0.0948	-0.0512
(32, 107)	false	3.794	0.6678	0.2977	3.422	0.7053	0.3411	0.372	0.0375	0.0434
(32, 107)	false	3.908	0.6215	0.3116	3.948	0.6099	0.2946	-0.04	-0.0116	-0.0171
(32, 107)	false	3.964	0.6333	0.2744	3.822	0.6416	0.3008	0.142	0.0083	0.0264
(32, 107)	false	3.514	0.6716	0.3132	3.28	0.6848	0.355	0.234	0.0132	0.0419