(8, 38)	false	2.944	0.4952	0.4654	2.92	0.5295	0.4953	0.024	0.0344	0.0299
(8, 38)	false	2.962	0.5181	0.4916	3.03	0.5276	0.5159	-0.068	0.0094	0.0243
(8, 38)	false	2.98	0.5181	0.4841	3.024	0.5241	0.5271	-0.044	0.0061	0.043
(8, 38)	true	3.164	0.4919	0.4505	3.238	0.4794	0.4673	0.074	0.0125	-0.0168
(8, 38)	false	3.632	0.3823	0.3944	3.432	0.416	0.4318	0.2	0.0337	0.0374
(8, 38)	false	3.072	0.503	0.471	3.2	0.5011	0.5028	-0.128	-0.002	0.0318
(8, 38)	true	3.136	0.497	0.4841	3.132	0.4941	0.4692	-0.004	0.003	0.015
(8, 38)	false	2.634	0.5414	0.4916	2.876	0.5303	0.4393	-0.242	-0.0112	-0.0523
(8, 38)	false	2.93	0.5299	0.4673	2.886	0.5271	0.4523	0.044	-0.0028	-0.015
(8, 38)	true	2.936	0.5348	0.5121	3.044	0.5192	0.4935	0.108	0.0156	0.0187
(28, 50)	true	2.944	0.4952	0.4654	2.968	0.5084	0.4804	0.024	-0.0132	-0.015
(28, 50)	true	2.962	0.5181	0.4916	2.938	0.5347	0.5047	-0.024	-0.0166	-0.0131
(28, 50)	true	2.98	0.5181	0.4841	3.286	0.4754	0.4729	0.306	0.0427	0.0112
(28, 50)	false	3.164	0.4919	0.4505	3.1	0.4975	0.4654	0.064	0.0056	0.015
(28, 50)	true	3.632	0.3823	0.3944	3.58	0.4112	0.3944	-0.052	-0.0289	0
(28, 50)	false	3.072	0.503	0.471	3.204	0.479	0.4785	-0.132	-0.024	0.0075
(28, 50)	false	3.136	0.497	0.4841	3.096	0.4989	0.4692	0.04	0.0019	-0.015
(28, 50)	true	2.634	0.5414	0.4916	2.776	0.5316	0.4748	0.142	0.0098	0.0168
(28, 50)	false	2.93	0.5299	0.4673	2.98	0.5172	0.4841	-0.05	-0.0127	0.0168
(28, 50)	true	2.936	0.5348	0.5121	2.992	0.5068	0.4561	0.056	0.0279	0.0561
(12, 42)	true	2.944	0.4952	0.4654	3.234	0.4862	0.4224	0.29	0.009	0.043
(12, 42)	true	2.962	0.5181	0.4916	3.042	0.5052	0.4523	0.08	0.013	0.0393
(12, 42)	true	2.98	0.5181	0.4841	3.062	0.5198	0.4542	0.082	-0.0017	0.0299
(12, 42)	false	3.164	0.4919	0.4505	2.928	0.5331	0.5065	0.236	0.0411	0.0561
(12, 42)	false	3.632	0.3823	0.3944	3.362	0.4223	0.4523	0.27	0.04	0.0579
(12, 42)	false	3.072	0.503	0.471	2.882	0.5163	0.4991	0.19	0.0133	0.028
(12, 42)	false	3.136	0.497	0.4841	3.014	0.5142	0.4897	0.122	0.0171	0.0056
(12, 42)	true	2.634	0.5414	0.4916	2.792	0.524	0.4673	0.158	0.0174	0.0243
(12, 42)	false	2.93	0.5299	0.4673	3.044	0.5194	0.5215	-0.114	-0.0104	0.0542
(12, 42)	true	2.936	0.5348	0.5121	3.184	0.486	0.4673	0.248	0.0487	0.0449
(26, 48)	false	2.944	0.4952	0.4654	2.956	0.531	0.5028	-0.012	0.0358	0.0374
(26, 48)	false	2.962	0.5181	0.4916	2.892	0.5119	0.5271	0.07	-0.0063	0.0355
(26, 48)	false	2.98	0.5181	0.4841	2.816	0.5089	0.5252	0.164	-0.0091	0.0411
(26, 48)	false	3.164	0.4919	0.4505	3.078	0.507	0.4916	0.086	0.0151	0.0411
(26, 48)	true	3.632	0.3823	0.3944	3.794	0.3678	0.3794	0.162	0.0145	0.015
(26, 48)	false	3.072	0.503	0.471	3.27	0.4733	0.4729	-0.198	-0.0297	0.0019
(26, 48)	false	3.136	0.497	0.4841	3.152	0.4981	0.4785	-0.016	0.0011	-0.0056
(26, 48)	false	2.634	0.5414	0.4916	2.938	0.5141	0.4467	-0.304	-0.0273	-0.0449
(26, 48)	true	2.93	0.5299	0.4673	3.022	0.5036	0.3832	0.092	0.0263	0.0841
(26, 48)	true	2.936	0.5348	0.5121	2.96	0.5125	0.5159	0.024	0.0222	-0.0037
(15, 35)	false	2.944	0.4952	0.4654	3.036	0.4976	0.4598	-0.092	0.0024	-0.0056
(15, 35)	false	2.962	0.5181	0.4916	2.864	0.5394	0.5402	0.098	0.0212	0.0486
(15, 35)	false	2.98	0.5181	0.4841	2.828	0.5432	0.5065	0.152	0.0251	0.0224
(15, 35)	true	3.164	0.4919	0.4505	3.05	0.5192	0.4673	-0.114	-0.0272	-0.0168
(15, 35)	false	3.632	0.3823	0.3944	3.612	0.3976	0.4037	0.02	0.0153	0.0093
(15, 35)	false	3.072	0.503	0.471	3.002	0.5222	0.4953	0.07	0.0191	0.0243
(15, 35)	true	3.136	0.497	0.4841	3.072	0.5022	0.4561	-0.064	-0.0052	0.028
(15, 35)	false	2.634	0.5414	0.4916	2.898	0.5283	0.4486	-0.264	-0.0131	-0.043
(15, 35)	false	2.93	0.5299	0.4673	2.964	0.5253	0.4486	-0.034	-0.0046	-0.0187
(15, 35)	true	2.936	0.5348	0.5121	2.986	0.5003	0.4654	0.05	0.0344	0.0467
(30, 55)	false	2.944	0.4952	0.4654	3.052	0.5081	0.4972	-0.108	0.0129	0.0318
(30, 55)	false	2.962	0.5181	0.4916	2.886	0.5372	0.5252	0.076	0.019	0.0336
(30, 55)	false	2.98	0.5181	0.4841	2.746	0.5466	0.5252	0.234	0.0286	0.0411
(30, 55)	false	3.164	0.4919	0.4505	3.084	0.514	0.4673	0.08	0.0221	0.0168
(30, 55)	false	3.632	0.3823	0.3944	3.444	0.4243	0.4449	0.188	0.042	0.0505
(30, 55)	false	3.072	0.503	0.471	2.982	0.5295	0.5103	0.09	0.0265	0.0393
(30, 55)	false	3.136	0.497	0.4841	3.036	0.512	0.4766	0.1	0.0149	-0.0075
(30, 55)	false	2.634	0.5414	0.4916	2.914	0.521	0.5028	-0.28	-0.0204	0.0112
(30, 55)	false	2.93	0.5299	0.4673	2.988	0.5576	0.5009	-0.058	0.0277	0.0336
(30, 55)	true	2.936	0.5348	0.5121	3.11	0.5092	0.4953	0.174	0.0256	0.0168
(1, 51)	false	2.944	0.4952	0.4654	3.002	0.4631	0.4654	-0.058	-0.0321	0
(1, 51)	false	2.962	0.5181	0.4916	2.722	0.5278	0.4972	0.24	0.0097	0.0056
(1, 51)	false	2.98	0.5181	0.4841	2.706	0.5311	0.4972	0.274	0.013	0.0131
(1, 51)	false	3.164	0.4919	0.4505	3.15	0.5045	0.4897	0.014	0.0125	0.0393
(1, 51)	true	3.632	0.3823	0.3944	4.052	0.3199	0.3327	0.42	0.0623	0.0617
(1, 51)	true	3.072	0.503	0.471	2.978	0.4943	0.4804	-0.094	0.0088	-0.0093
(1, 51)	false	3.136	0.497	0.4841	3.144	0.5119	0.5009	-0.008	0.0149	0.0168
(1, 51)	true	2.634	0.5414	0.4916	2.796	0.5194	0.471	0.162	0.022	0.0206
(1, 51)	false	2.93	0.5299	0.4673	2.708	0.5303	0.4636	0.222	0.0004	-0.0037
(1, 51)	true	2.936	0.5348	0.5121	3.094	0.5223	0.5178	0.158	0.0124	-0.0056
(4, 51)	false	2.944	0.4952	0.4654	2.878	0.5118	0.4935	0.066	0.0166	0.028
(4, 51)	false	2.962	0.5181	0.4916	2.85	0.5234	0.5477	0.112	0.0052	0.0561
(4, 51)	false	2.98	0.5181	0.4841	2.832	0.5262	0.4953	0.148	0.0081	0.0112
(4, 51)	true	3.164	0.4919	0.4505	3.076	0.4976	0.4355	-0.088	-0.0057	0.015
(4, 51)	false	3.632	0.3823	0.3944	3.502	0.3996	0.4	0.13	0.0174	0.0056
(4, 51)	false	3.072	0.503	0.471	3.026	0.5058	0.5084	0.046	0.0028	0.0374
(4, 51)	true	3.136	0.497	0.4841	3.042	0.4867	0.4654	-0.094	0.0104	0.0187
(4, 51)	false	2.634	0.5414	0.4916	2.86	0.5045	0.4729	-0.226	-0.0369	-0.0187
(4, 51)	false	2.93	0.5299	0.4673	2.936	0.5252	0.4318	-0.006	-0.0047	-0.0355
(4, 51)	true	2.936	0.5348	0.5121	2.942	0.5245	0.4897	0.006	0.0103	0.0224
(25, 52)	false	2.944	0.4952	0.4654	3.182	0.4633	0.4972	-0.238	-0.0319	0.0318
(25, 52)	false	2.962	0.5181	0.4916	2.788	0.5275	0.4916	0.174	0.0094	0
(25, 52)	false	2.98	0.5181	0.4841	2.704	0.5354	0.5159	0.276	0.0173	0.0318
(25, 52)	false	3.164	0.4919	0.4505	3.084	0.5038	0.4617	0.08	0.0118	0.0112
(25, 52)	true	3.632	0.3823	0.3944	3.832	0.345	0.3664	0.2	0.0373	0.028
(25, 52)	false	3.072	0.503	0.471	3.18	0.4793	0.4897	-0.108	-0.0238	0.0187
(25, 52)	false	3.136	0.497	0.4841	3.044	0.505	0.4916	0.092	0.0079	0.0075
(25, 52)	false	2.634	0.5414	0.4916	2.804	0.5243	0.486	-0.17	-0.0172	-0.0056
(25, 52)	true	2.93	0.5299	0.4673	2.998	0.5092	0.428	0.068	0.0207	0.0393
(25, 52)	true	2.936	0.5348	0.5121	2.992	0.5196	0.5084	0.056	0.0152	0.0037
(20, 33)	false	2.944	0.4952	0.4654	2.772	0.5128	0.4785	0.172	0.0176	0.0131
(20, 33)	false	2.962	0.5181	0.4916	2.75	0.535	0.4991	0.212	0.0169	0.0075
(20, 33)	false	2.98	0.5181	0.4841	2.998	0.4902	0.514	-0.018	-0.0279	0.0299
(20, 33)	true	3.164	0.4919	0.4505	3.016	0.515	0.4654	-0.148	-0.0231	-0.015
(20, 33)	false	3.632	0.3823	0.3944	3.57	0.3731	0.3944	0.062	-0.0091	0
(20, 33)	false	3.072	0.503	0.471	2.816	0.5251	0.486	0.256	0.0221	0.015
(20, 33)	true	3.136	0.497	0.4841	3.136	0.5046	0.4579	0	-0.0075	0.0262
(20, 33)	false	2.634	0.5414	0.4916	2.86	0.5333	0.4804	-0.226	-0.0081	-0.0112
(20, 33)	true	2.93	0.5299	0.4673	3.038	0.5052	0.4523	0.108	0.0247	0.015
(20, 33)	true	2.936	0.5348	0.5121	3.066	0.4921	0.4804	0.13	0.0427	0.0318
(2, 51)	true	2.944	0.4952	0.4654	3.008	0.5131	0.428	0.064	-0.0179	0.0374
(2, 51)	true	2.962	0.5181	0.4916	2.922	0.5122	0.4785	-0.04	0.0059	0.0131
(2, 51)	true	2.98	0.5181	0.4841	2.98	0.4984	0.4766	-0	0.0197	0.0075
(2, 51)	false	3.164	0.4919	0.4505	3.074	0.5043	0.4916	0.09	0.0124	0.0411
(2, 51)	false	3.632	0.3823	0.3944	3.636	0.3587	0.4187	-0.004	-0.0236	0.0243
(2, 51)	false	3.072	0.503	0.471	3.066	0.511	0.4393	0.006	0.008	-0.0318
(2, 51)	false	3.136	0.497	0.4841	3.112	0.5078	0.5009	0.024	0.0107	0.0168
(2, 51)	false	2.634	0.5414	0.4916	2.688	0.5476	0.5252	-0.054	0.0062	0.0336
(2, 51)	false	2.93	0.5299	0.4673	2.924	0.5066	0.4542	0.006	-0.0233	-0.0131
(2, 51)	true	2.936	0.5348	0.5121	3.034	0.4947	0.4804	0.098	0.04	0.0318
(5, 51)	false	2.944	0.4952	0.4654	3.072	0.4828	0.4449	-0.128	-0.0124	-0.0206
(5, 51)	false	2.962	0.5181	0.4916	3.026	0.5087	0.5009	-0.064	-0.0094	0.0093
(5, 51)	false	2.98	0.5181	0.4841	2.984	0.5076	0.5178	-0.004	-0.0105	0.0336
(5, 51)	false	3.164	0.4919	0.4505	3.254	0.4881	0.5028	-0.09	-0.0038	0.0523
(5, 51)	false	3.632	0.3823	0.3944	3.634	0.385	0.385	-0.002	0.0027	-0.0093
(5, 51)	false	3.072	0.503	0.471	3.18	0.4827	0.4822	-0.108	-0.0203	0.0112
(5, 51)	false	3.136	0.497	0.4841	3.186	0.4954	0.4822	-0.05	-0.0016	-0.0019
(5, 51)	false	2.634	0.5414	0.4916	2.868	0.5518	0.4972	-0.234	0.0103	0.0056
(5, 51)	true	2.936	0.5348	0.5121	2.994	0.509	0.4953	0.058	0.0258	0.0168
(23, 55)	true	2.944	0.4952	0.4654	2.93	0.5129	0.4991	-0.014	-0.0177	-0.0336
(23, 55)	true	2.962	0.5181	0.4916	2.884	0.5176	0.5065	-0.078	0.0005	-0.015
(23, 55)	true	2.98	0.5181	0.4841	2.868	0.5304	0.4822	-0.112	-0.0124	0.0019
(23, 55)	false	3.164	0.4919	0.4505	3.188	0.491	0.4729	-0.024	-0.0009	0.0224
(23, 55)	true	3.632	0.3823	0.3944	3.88	0.3248	0.385	0.248	0.0575	0.0093
(23, 55)	false	3.072	0.503	0.471	3.094	0.5056	0.4991	-0.022	0.0026	0.028
(23, 55)	false	3.136	0.497	0.4841	3.296	0.4866	0.4766	-0.16	-0.0105	-0.0075
(23, 55)	false	2.634	0.5414	0.4916	2.736	0.5368	0.4916	-0.102	-0.0046	0
(23, 55)	false	2.93	0.5299	0.4673	3.042	0.491	0.428	-0.112	-0.0389	-0.0393
(23, 55)	true	2.936	0.5348	0.5121	2.746	0.5464	0.5346	-0.19	-0.0116	-0.0224
(23, 37)	true	2.944	0.4952	0.4654	3.342	0.4341	0.4224	0.398	0.0611	0.043
(23, 37)	true	2.962	0.5181	0.4916	3.312	0.4467	0.4636	0.35	0.0715	0.028
(23, 37)	true	2.98	0.5181	0.4841	3.356	0.4103	0.4393	0.376	0.1077	0.0449
(23, 37)	true	3.164	0.4919	0.4505	3.096	0.4891	0.4766	-0.068	0.0028	-0.0262
(23, 37)	false	3.632	0.3823	0.3944	3.606	0.3749	0.3757	0.026	-0.0074	-0.0187
(23, 37)	false	3.072	0.503	0.471	3.094	0.4912	0.4617	-0.022	-0.0119	-0.0093
(23, 37)	true	3.136	0.497	0.4841	3.222	0.49	0.4991	0.086	0.0071	-0.015
(23, 37)	false	2.634	0.5414	0.4916	3.174	0.4824	0.4467	-0.54	-0.059	-0.0449
(23, 37)	false	2.93	0.5299	0.4673	2.968	0.5154	0.4673	-0.038	-0.0145	0
(23, 37)	true	2.936	0.5348	0.5121	2.906	0.5407	0.4953	-0.03	-0.0059	0.0168
(26, 52)	false	2.944	0.4952	0.4654	3.124	0.4855	0.4729	-0.18	-0.0097	0.0075
(26, 52)	false	2.962	0.5181	0.4916	2.92	0.5082	0.5047	0.042	-0.0099	0.0131
(26, 52)	false	2.98	0.5181	0.4841	2.784	0.5272	0.5103	0.196	0.0091	0.0262
(26, 52)	false	3.164	0.4919	0.4505	3.192	0.4858	0.5028	-0.028	-0.0061	0.0523
(26, 52)	true	3.632	0.3823	0.3944	3.404	0.4225	0.4075	-0.228	-0.0402	-0.0131
(26, 52)	true	3.072	0.503	0.471	3.066	0.4897	0.5009	-0.006	0.0134	-0.0299
(26, 52)	false	3.136	0.497	0.4841	2.994	0.5102	0.471	0.142	0.0132	-0.0131
(26, 52)	true	2.634	0.5414	0.4916	2.848	0.5518	0.4505	0.214	-0.0104	0.0411
(26, 52)	false	2.93	0.5299	0.4673	3.006	0.5316	0.4467	-0.076	0.0017	-0.0206
(26, 52)	true	2.936	0.5348	0.5121	2.848	0.5364	0.5252	-0.088	-0.0017	-0.0131
(27, 51)	true	2.944	0.4952	0.4654	2.97	0.512	0.4841	0.026	-0.0168	-0.0187
(27, 51)	true	2.962	0.5181	0.4916	2.808	0.5212	0.5533	-0.154	-0.0031	-0.0617
(27, 51)	true	2.98	0.5181	0.4841	2.75	0.5312	0.5439	-0.23	-0.0131	-0.0598
(27, 51)	false	3.164	0.4919	0.4505	3.178	0.5023	0.5159	-0.014	0.0104	0.0654
(27, 51)	false	3.632	0.3823	0.3944	3.448	0.4009	0.4019	0.184	0.0186	0.0075
(27, 51)	true	3.072	0.503	0.471	3.202	0.4802	0.4374	0.13	0.0228	0.0336
(27, 51)	false	3.136	0.497	0.4841	3.11	0.4997	0.4916	0.026	0.0027	0.0075
(27, 51)	true	2.634	0.5414	0.4916	2.838	0.5302	0.443	0.204	0.0112	0.0486
(27, 51)	false	2.93	0.5299	0.4673	2.892	0.5254	0.4972	0.038	-0.0045	0.0299
(27, 51)	true	2.936	0.5348	0.5121	2.98	0.5206	0.4935	0.044	0.0142	0.0187
(8, 35)	true	2.944	0.4952	0.4654	3.354	0.4605	0.5084	0.41	0.0346	-0.043
(8, 35)	true	2.962	0.5181	0.4916	3.182	0.463	0.4822	0.22	0.0551	0.0093
(8, 35)	true	2.98	0.5181	0.4841	3.17	0.46	0.4636	0.19	0.0581	0.0206
(8, 35)	false	3.164	0.4919	0.4505	3.18	0.4969	0.486	-0.016	0.005	0.0355
(8, 35)	false	3.632	0.3823	0.3944	3.294	0.465	0.4056	0.338	0.0827	0.0112
(8, 35)	true	3.072	0.503	0.471	3.27	0.4837	0.4804	0.198	0.0194	-0.0093
(8, 35)	false	3.136	0.497	0.4841	3.232	0.5116	0.4822	-0.096	0.0146	-0.0019
(8, 35)	false	2.634	0.5414	0.4916	2.72	0.5419	0.4542	-0.086	0.0005	-0.0374
(8, 35)	true	2.93	0.5299	0.4673	3.05	0.5051	0.4579	0.12	0.0248	0.0093
(8, 35)	true	2.936	0.5348	0.5121	2.99	0.5093	0.4953	0.054	0.0254	0.0168
(30, 54)	false	2.944	0.4952	0.4654	3.014	0.5118	0.4804	-0.07	0.0166	0.015
(30, 54)	false	2.962	0.5181	0.4916	2.85	0.5357	0.5271	0.112	0.0175	0.0355
(30, 54)	false	2.98	0.5181	0.4841	2.926	0.5242	0.5533	0.054	0.0061	0.0692
(30, 54)	false	3.164	0.4919	0.4505	3.064	0.4945	0.5028	0.1	0.0026	0.0523
(30, 54)	false	3.632	0.3823	0.3944	3.324	0.4565	0.443	0.308	0.0742	0.0486
(30, 54)	true	3.072	0.503	0.471	3.284	0.4713	0.4486	0.212	0.0318	0.0224
(30, 54)	false	3.136	0.497	0.4841	3.256	0.4714	0.4804	-0.12	-0.0256	-0.0037
(30, 54)	false	2.634	0.5414	0.4916	2.892	0.5282	0.4785	-0.258	-0.0132	-0.0131
(30, 54)	false	2.93	0.5299	0.4673	2.952	0.5302	0.4916	-0.022	0.0003	0.0243
(30, 54)	true	2.936	0.5348	0.5121	2.928	0.4939	0.4579	-0.008	0.0409	0.0542
(40, 46)	false	2.944	0.4952	0.4654	3.2	0.4644	0.4617	-0.256	-0.0308	-0.0037
(40, 46)	false	2.962	0.5181	0.4916	2.944	0.5157	0.4654	0.018	-0.0024	-0.0262
(40, 46)	false	2.98	0.5181	0.4841	3.18	0.449	0.4766	-0.2	-0.0691	-0.0075
(40, 46)	true	3.164	0.4919	0.4505	3.204	0.4858	0.4972	0.04	0.0061	-0.0467
(40, 46)	false	3.632	0.3823	0.3944	3.578	0.3939	0.4224	0.054	0.0116	0.028
(40, 46)	false	3.072	0.503	0.471	3.328	0.4814	0.4991	-0.256	-0.0217	0.028
(40, 46)	true	3.136	0.497	0.4841	3.096	0.5027	0.5028	-0.04	-0.0057	-0.0187
(40, 46)	true	2.634	0.5414	0.4916	2.886	0.5246	0.4785	0.252	0.0169	0.0131
(40, 46)	false	2.93	0.5299	0.4673	2.978	0.4938	0.415	-0.048	-0.0361	-0.0523
(40, 46)	true	2.936	0.5348	0.5121	3.056	0.5137	0.5159	0.12	0.0211	-0.0037
(22, 30)	false	2.944	0.4952	0.4654	2.89	0.4999	0.486	0.054	0.0047	0.0206
(22, 30)	false	2.962	0.5181	0.4916	3.084	0.512	0.5495	-0.122	-0.0062	0.0579
(22, 30)	false	2.98	0.5181	0.4841	3.01	0.5043	0.5383	-0.03	-0.0138	0.0542
(22, 30)	false	3.164	0.4919	0.4505	3.198	0.5001	0.4636	-0.034	0.0082	0.0131
(22, 30)	true	3.632	0.3823	0.3944	3.594	0.3686	0.3607	-0.038	0.0137	0.0336
(22, 30)	false	3.072	0.503	0.471	3.02	0.5221	0.4822	0.052	0.0191	0.0112
(22, 30)	false	3.136	0.497	0.4841	3.174	0.5	0.4542	-0.038	0.003	-0.0299
(22, 30)	false	2.634	0.5414	0.4916	2.954	0.5006	0.4598	-0.32	-0.0409	-0.0318
(22, 30)	false	2.93	0.5299	0.4673	2.866	0.5325	0.471	0.064	0.0026	0.0037
(22, 30)	true	2.936	0.5348	0.5121	3.064	0.5057	0.4673	0.128	0.029	0.0449
(24, 55)	false	2.944	0.4952	0.4654	2.82	0.5515	0.4766	0.124	0.0563	0.0112
(24, 55)	false	2.962	0.5181	0.4916	2.962	0.5151	0.514	0	-0.003	0.0224
(24, 55)	false	2.98	0.5181	0.4841	2.942	0.5216	0.5121	0.038	0.0036	0.028
(24, 55)	false	3.164	0.4919	0.4505	3.086	0.505	0.5047	0.078	0.013	0.0542
(24, 55)	true	3.632	0.3823	0.3944	3.562	0.3908	0.3776	-0.07	-0.0085	0.0168
(24, 55)	false	3.072	0.503	0.471	3.068	0.4997	0.4991	0.004	-0.0033	0.028
(24, 55)	false	3.136	0.497	0.4841	3.056	0.5047	0.4486	0.08	0.0076	-0.0355
(24, 55)	false	2.634	0.5414	0.4916	2.696	0.5489	0.5065	-0.062	0.0074	0.015
(24, 55)	false	2.93	0.5299	0.4673	2.816	0.5338	0.4299	0.114	0.0039	-0.0374
(24, 55)	true	2.936	0.5348	0.5121	3.086	0.5163	0.4785	0.15	0.0184	0.0336
(11, 39)	false	2.944	0.4952	0.4654	2.99	0.5061	0.4692	-0.046	0.0109	0.0037
(11, 39)	false	2.962	0.5181	0.4916	2.854	0.5253	0.5009	0.108	0.0072	0.0093
(11, 39)	false	2.98	0.5181	0.4841	2.858	0.5285	0.5009	0.122	0.0104	0.0168
(11, 39)	false	3.164	0.4919	0.4505	3.004	0.5097	0.4617	0.16	0.0178	0.0112
(11, 39)	false	3.632	0.3823	0.3944	3.636	0.4226	0.415	-0.004	0.0403	0.0206
(11, 39)	true	3.072	0.503	0.471	3.21	0.4868	0.4617	0.138	0.0162	0.0093
(11, 39)	false	3.136	0.497	0.4841	2.984	0.5028	0.471	0.152	0.0058	-0.0131
(11, 39)	false	2.634	0.5414	0.4916	2.648	0.5392	0.4729	-0.014	-0.0022	-0.0187
(11, 39)	true	2.93	0.5299	0.4673	2.858	0.5217	0.4523	-0.072	0.0082	0.015
(11, 39)	true	2.936	0.5348	0.5121	3.306	0.4212	0.4411	0.37	0.1136	0.071
(30, 37)	false	2.944	0.4952	0.4654	3.16	0.4998	0.486	-0.216	0.0046	0.0206
(30, 37)	false	2.962	0.5181	0.4916	2.942	0.5398	0.4879	0.02	0.0217	-0.0037
(30, 37)	false	2.98	0.5181	0.4841	3.036	0.5128	0.4523	-0.056	-0.0052	-0.0318
(30, 37)	true	3.164	0.4919	0.4505	3.102	0.4961	0.4972	-0.062	-0.0042	-0.0467
(30, 37)	true	3.632	0.3823	0.3944	3.792	0.3654	0.4037	0.16	0.0168	-0.0093
(30, 37)	false	3.072	0.503	0.471	3.07	0.5021	0.5009	0.002	-0.0009	0.0299
(30, 37)	true	3.136	0.497	0.4841	3.13	0.4993	0.4467	-0.006	-0.0023	0.0374
(30, 37)	true	2.634	0.5414	0.4916	2.798	0.5296	0.4692	0.164	0.0118	0.0224
(30, 37)	true	2.93	0.5299	0.4673	3.178	0.4671	0.443	0.248	0.0628	0.0243
(30, 37)	true	2.936	0.5348	0.5121	3.004	0.5111	0.4841	0.068	0.0236	0.028
(25, 37)	false	2.944	0.4952	0.4654	3.066	0.5235	0.5047	-0.122	0.0283	0.0393
(25, 37)	false	2.962	0.5181	0.4916	2.818	0.5329	0.4953	0.144	0.0147	0.0037
(25, 37)	false	2.98	0.5181	0.4841	2.938	0.49	0.5047	0.042	-0.0281	0.0206
(25, 37)	false	3.164	0.4919	0.4505	3.232	0.4924	0.4355	-0.068	0.0004	-0.015
(25, 37)	false	3.632	0.3823	0.3944	3.19	0.4614	0.4168	0.442	0.0791	0.0224
(25, 37)	true	3.072	0.503	0.471	3.036	0.5186	0.4841	-0.036	-0.0155	-0.0131
(25, 37)	false	3.136	0.497	0.4841	3.236	0.4914	0.4374	-0.1	-0.0056	-0.0467
(25, 37)	false	2.634	0.5414	0.4916	2.93	0.5042	0.4598	-0.296	-0.0373	-0.0318
(25, 37)	false	2.93	0.5299	0.4673	3.038	0.5282	0.4542	-0.108	-0.0017	-0.0131
(25, 37)	true	2.936	0.5348	0.5121	2.932	0.532	0.4879	-0.004	0.0028	0.0243
(21, 34)	true	2.944	0.4952	0.4654	2.88	0.5281	0.5178	-0.064	-0.033	-0.0523
(21, 34)	true	2.962	0.5181	0.4916	3.02	0.5054	0.5159	0.058	0.0128	-0.0243
(21, 34)	true	2.98	0.5181	0.4841	3.108	0.5021	0.5009	0.128	0.016	-0.0168
(21, 34)	true	3.164	0.4919	0.4505	3.166	0.497	0.4841	0.002	-0.0051	-0.0336
(21, 34)	false	3.632	0.3823	0.3944	3.554	0.3918	0.3869	0.078	0.0095	-0.0075
(21, 34)	false	3.072	0.503	0.471	3.202	0.4827	0.4449	-0.13	-0.0203	-0.0262
(21, 34)	true	3.136	0.497	0.4841	3.26	0.4835	0.5047	0.124	0.0136	-0.0206
(21, 34)	false	2.634	0.5414	0.4916	2.712	0.56	0.4561	-0.078	0.0185	-0.0355
(21, 34)	false	2.93	0.5299	0.4673	2.904	0.5158	0.4467	0.026	-0.0141	-0.0206
(21, 34)	true	2.936	0.5348	0.5121	3.036	0.5081	0.5009	0.1	0.0267	0.0112
(41, 48)	false	2.944	0.4952	0.4654	2.866	0.5291	0.4935	0.078	0.0339	0.028
(41, 48)	false	2.962	0.5181	0.4916	3.178	0.4898	0.4897	-0.216	-0.0283	-0.0019
(41, 48)	false	2.98	0.5181	0.4841	3.24	0.4743	0.4916	-0.26	-0.0437	0.0075
(41, 48)	true	3.164	0.4919	0.4505	3.012	0.5152	0.471	-0.152	-0.0233	-0.0206
(41, 48)	false	3.632	0.3823	0.3944	3.312	0.4406	0.4262	0.32	0.0583	0.0318
(41, 48)	true	3.072	0.503	0.471	3.248	0.4519	0.4505	0.176	0.0511	0.0206
(41, 48)	true	3.136	0.497	0.4841	3.036	0.5203	0.4748	-0.1	-0.0233	0.0093
(41, 48)	false	2.634	0.5414	0.4916	2.914	0.5119	0.4822	-0.28	-0.0296	-0.0093
(41, 48)	false	2.93	0.5299	0.4673	2.836	0.5267	0.4561	0.094	-0.0032	-0.0112
(41, 48)	true	2.936	0.5348	0.5121	2.962	0.5145	0.5121	0.026	0.0203	0
(22, 53)	false	2.944	0.4952	0.4654	3.31	0.4544	0.4841	-0.366	-0.0408	0.0187
(22, 53)	false	2.962	0.5181	0.4916	2.832	0.5178	0.4673	0.13	-0.0003	-0.0243
(22, 53)	false	2.98	0.5181	0.4841	2.93	0.502	0.4523	0.05	-0.0161	-0.0318
(22, 53)	false	3.164	0.4919	0.4505	3.062	0.515	0.486	0.102	0.0231	0.0355
(22, 53)	false	3.632	0.3823	0.3944	4.054	0.3179	0.3645	-0.422	-0.0643	-0.0299
(22, 53)	false	3.072	0.503	0.471	3.048	0.5183	0.471	0.024	0.0152	0
(22, 53)	false	3.136	0.497	0.4841	3.072	0.5013	0.4692	0.064	0.0043	-0.015
(22, 53)	true	2.634	0.5414	0.4916	2.822	0.5389	0.486	0.188	0.0025	0.0056
(22, 53)	false	2.93	0.5299	0.4673	3.068	0.5059	0.4224	-0.138	-0.024	-0.0449
(22, 53)	true	2.936	0.5348	0.5121	3.368	0.4628	0.443	0.432	0.072	0.0692
(22, 34)	false	2.944	0.4952	0.4654	3.05	0.5135	0.486	-0.106	0.0183	0.0206
(22, 34)	false	2.962	0.5181	0.4916	2.954	0.5128	0.5065	0.008	-0.0053	0.015
(22, 34)	false	2.98	0.5181	0.4841	2.948	0.5122	0.5215	0.032	-0.0059	0.0374
(22, 34)	false	3.164	0.4919	0.4505	3.096	0.5117	0.471	0.068	0.0198	0.0206
(22, 34)	true	3.632	0.3823	0.3944	3.734	0.3627	0.3907	0.102	0.0196	0.0037
(22, 34)	false	3.072	0.503	0.471	3.004	0.5174	0.486	0.068	0.0143	0.015
(22, 34)	false	3.136	0.497	0.4841	3.104	0.5079	0.4766	0.032	0.0108	-0.0075
(22, 34)	true	2.634	0.5414	0.4916	3.026	0.4953	0.4822	0.392	0.0461	0.0093
(22, 34)	false	2.93	0.5299	0.4673	3.144	0.4999	0.4299	-0.214	-0.0299	-0.0374
(22, 34)	true	2.936	0.5348	0.5121	2.97	0.5169	0.5383	0.034	0.0178	-0.0262
(8, 42)	false	2.944	0.4952	0.4654	3.064	0.4877	0.4841	-0.12	-0.0075	0.0187
(8, 42)	false	2.962	0.5181	0.4916	2.782	0.5478	0.5215	0.18	0.0297	0.0299
(8, 42)	false	2.98	0.5181	0.4841	2.722	0.5486	0.5065	0.258	0.0305	0.0224
(8, 42)	false	3.164	0.4919	0.4505	2.946	0.5221	0.4617	0.218	0.0302	0.0112
(8, 42)	true	3.632	0.3823	0.3944	3.426	0.41	0.372	-0.206	-0.0277	0.0224
(8, 42)	false	3.072	0.503	0.471	3.084	0.5004	0.471	-0.012	-0.0027	0
(8, 42)	false	3.136	0.497	0.4841	2.946	0.5261	0.4729	0.19	0.0291	-0.0112
(8, 42)	false	2.634	0.5414	0.4916	2.942	0.5185	0.4972	-0.308	-0.0229	0.0056
(8, 42)	true	2.93	0.5299	0.4673	2.926	0.52	0.4617	-0.004	0.0098	0.0056
(8, 42)	true	2.936	0.5348	0.5121	3.046	0.5165	0.4841	0.11	0.0183	0.028
(23, 29)	false	2.944	0.4952	0.4654	3.328	0.4641	0.4822	-0.384	-0.0311	0.0168
(23, 29)	false	2.962	0.5181	0.4916	2.848	0.5484	0.5215	0.114	0.0303	0.0299
(23, 29)	false	2.98	0.5181	0.4841	3.026	0.5021	0.4935	-0.046	-0.0159	0.0093
(23, 29)	false	3.164	0.4919	0.4505	3.084	0.5124	0.4729	0.08	0.0205	0.0224
(23, 29)	false	3.632	0.3823	0.3944	3.62	0.4172	0.4093	0.012	0.0349	0.015
(23, 29)	false	3.072	0.503	0.471	3.26	0.48	0.4953	-0.188	-0.023	0.0243
(23, 29)	false	3.136	0.497	0.4841	3.13	0.5071	0.4598	0.006	0.0101	-0.0243
(23, 29)	true	2.634	0.5414	0.4916	2.78	0.5445	0.4673	0.146	-0.0031	0.0243
(23, 29)	false	2.93	0.5299	0.4673	2.972	0.5045	0.471	-0.042	-0.0254	0.0037
(23, 29)	true	2.936	0.5348	0.5121	3.08	0.503	0.5178	0.144	0.0318	-0.0056
(22, 37)	false	2.944	0.4952	0.4654	2.936	0.5325	0.5121	0.008	0.0373	0.0467
(22, 37)	false	2.962	0.5181	0.4916	2.902	0.517	0.5383	0.06	-0.0011	0.0467
(22, 37)	false	2.98	0.5181	0.4841	3.004	0.5143	0.5402	-0.024	-0.0038	0.0561
(22, 37)	true	3.164	0.4919	0.4505	3.114	0.4861	0.4262	-0.05	0.0058	0.0243
(22, 37)	false	3.632	0.3823	0.3944	3.764	0.3927	0.4056	-0.132	0.0104	0.0112
(22, 37)	false	3.072	0.503	0.471	3.02	0.5274	0.5028	0.052	0.0243	0.0318
(22, 37)	true	3.136	0.497	0.4841	3.116	0.4962	0.4206	-0.02	0.0009	0.0636
(22, 37)	false	2.634	0.5414	0.4916	2.956	0.5146	0.4262	-0.322	-0.0269	-0.0654
(22, 37)	true	2.93	0.5299	0.4673	2.986	0.4961	0.4579	0.056	0.0338	0.0093
(22, 37)	true	2.936	0.5348	0.5121	3.036	0.5048	0.4579	0.1	0.03	0.0542
(28, 56)	false	2.944	0.4952	0.4654	2.95	0.4849	0.4897	-0.006	-0.0103	0.0243
(28, 56)	false	2.962	0.5181	0.4916	2.802	0.5147	0.4972	0.16	-0.0034	0.0056
(28, 56)	false	2.98	0.5181	0.4841	2.84	0.516	0.5159	0.14	-0.0021	0.0318
(28, 56)	true	3.164	0.4919	0.4505	3.236	0.4911	0.4617	0.072	0.0008	-0.0112
(28, 56)	false	3.632	0.3823	0.3944	3.82	0.3554	0.4187	-0.188	-0.0269	0.0243
(28, 56)	false	3.072	0.503	0.471	3.046	0.5132	0.5121	0.026	0.0102	0.0411
(28, 56)	true	3.136	0.497	0.4841	3.296	0.4888	0.4561	0.16	0.0083	0.028
(28, 56)	true	2.634	0.5414	0.4916	2.904	0.5321	0.4523	0.27	0.0093	0.0393
(28, 56)	false	2.93	0.5299	0.4673	2.894	0.521	0.4393	0.036	-0.0089	-0.028
(28, 56)	true	2.936	0.5348	0.5121	2.914	0.5378	0.5327	-0.022	-0.0031	-0.0206
(26, 51)	false	2.944	0.4952	0.4654	3.028	0.5217	0.4935	-0.084	0.0265	0.028
(26, 51)	false	2.962	0.5181	0.4916	2.844	0.5315	0.5065	0.118	0.0133	0.015
(26, 51)	false	2.98	0.5181	0.4841	2.876	0.5063	0.5028	0.104	-0.0118	0.0187
(26, 51)	true	3.164	0.4919	0.4505	3.128	0.5022	0.4972	-0.036	-0.0103	-0.0467
(26, 51)	false	3.632	0.3823	0.3944	3.796	0.3593	0.3907	-0.164	-0.023	-0.0037
(26, 51)	true	3.072	0.503	0.471	3.232	0.5035	0.5121	0.16	-0.0005	-0.0411
(26, 51)	true	3.136	0.497	0.4841	3.108	0.5169	0.4879	-0.028	-0.0199	-0.0037
(26, 51)	false	2.634	0.5414	0.4916	2.848	0.5375	0.4879	-0.214	-0.0039	-0.0037
(26, 51)	false	2.93	0.5299	0.4673	3.024	0.5159	0.4636	-0.094	-0.0139	-0.0037
(26, 51)	false	2.936	0.5348	0.5121	2.99	0.5283	0.5103	-0.054	-0.0065	-0.0019
(24, 50)	true	2.944	0.4952	0.4654	2.912	0.5119	0.4822	-0.032	-0.0167	-0.0168
(24, 50)	true	2.962	0.5181	0.4916	2.924	0.5117	0.5215	-0.038	0.0065	-0.0299
(24, 50)	true	2.98	0.5181	0.4841	2.898	0.5125	0.5271	-0.082	0.0055	-0.043
(24, 50)	false	3.164	0.4919	0.4505	2.922	0.5359	0.4785	0.242	0.044	0.028
(24, 50)	true	3.632	0.3823	0.3944	4.008	0.3261	0.3794	0.376	0.0561	0.015
(24, 50)	false	3.072	0.503	0.471	3.1	0.5095	0.4692	-0.028	0.0065	-0.0019
(24, 50)	false	3.136	0.497	0.4841	2.99	0.5283	0.4879	0.146	0.0313	0.0037
(24, 50)	false	2.634	0.5414	0.4916	2.924	0.5229	0.4972	-0.29	-0.0185	0.0056
(24, 50)	true	2.93	0.5299	0.4673	2.97	0.509	0.4187	0.04	0.0209	0.0486
(24, 50)	false	2.936	0.5348	0.5121	2.93	0.5274	0.5159	0.006	-0.0074	0.0037
(21, 54)	false	2.944	0.4952	0.4654	2.938	0.5154	0.5178	0.006	0.0202	0.0523
(21, 54)	false	2.962	0.5181	0.4916	2.814	0.5144	0.5346	0.148	-0.0037	0.043
(21, 54)	false	2.98	0.5181	0.4841	2.746	0.5457	0.5327	0.234	0.0276	0.0486
(21, 54)	false	3.164	0.4919	0.4505	3.178	0.5008	0.4692	-0.014	0.0089	0.0187
(21, 54)	false	3.632	0.3823	0.3944	3.576	0.3977	0.4093	0.056	0.0154	0.015
(21, 54)	false	3.072	0.503	0.471	2.98	0.5133	0.5178	0.092	0.0103	0.0467
(21, 54)	false	3.136	0.497	0.4841	3.038	0.5053	0.4953	0.098	0.0083	0.0112
(21, 54)	false	2.634	0.5414	0.4916	2.956	0.5458	0.5009	-0.322	0.0044	0.0093
(21, 54)	false	2.93	0.5299	0.4673	2.828	0.5245	0.443	0.102	-0.0054	-0.0243
(21, 54)	false	2.936	0.5348	0.5121	3.008	0.5094	0.5065	-0.072	-0.0254	-0.0056
(19, 32)	true	2.944	0.4952	0.4654	2.922	0.5075	0.4916	-0.022	-0.0123	-0.0262
(19, 32)	true	2.962	0.5181	0.4916	2.87	0.5091	0.5383	-0.092	0.009	-0.0467
(19, 32)	true	2.98	0.5181	0.4841	2.798	0.5206	0.514	-0.182	-0.0025	-0.0299
(19, 32)	false	3.164	0.4919	0.4505	3.362	0.4821	0.4523	-0.198	-0.0098	0.0019
(19, 32)	false	3.632	0.3823	0.3944	3.306	0.4339	0.4131	0.326	0.0516	0.0187
(19, 32)	true	3.072	0.503	0.471	3.218	0.4787	0.4729	0.146	0.0244	-0.0019
(19, 32)	false	3.136	0.497	0.4841	3.29	0.483	0.4561	-0.154	-0.014	-0.028
(19, 32)	false	2.634	0.5414	0.4916	2.858	0.4862	0.471	-0.224	-0.0553	-0.0206
(19, 32)	false	2.93	0.5299	0.4673	3.048	0.482	0.4486	-0.118	-0.0478	-0.0187
(19, 32)	false	2.936	0.5348	0.5121	3.092	0.5173	0.5159	-0.156	-0.0175	0.0037
(6, 50)	false	2.944	0.4952	0.4654	3.086	0.4618	0.4879	-0.142	-0.0334	0.0224
(6, 50)	false	2.962	0.5181	0.4916	2.816	0.5286	0.5121	0.146	0.0104	0.0206
(6, 50)	false	2.98	0.5181	0.4841	2.898	0.5391	0.5028	0.082	0.021	0.0187
(6, 50)	true	3.164	0.4919	0.4505	3.076	0.4995	0.4262	-0.088	-0.0076	0.0243
(6, 50)	false	3.632	0.3823	0.3944	3.78	0.381	0.4393	-0.148	-0.0012	0.0449
(6, 50)	true	3.072	0.503	0.471	3.148	0.4887	0.4617	0.076	0.0144	0.0093
(6, 50)	true	3.136	0.497	0.4841	3.062	0.5066	0.4355	-0.074	-0.0096	0.0486
(6, 50)	false	2.634	0.5414	0.4916	2.734	0.5477	0.4897	-0.1	0.0063	-0.0019
(6, 50)	true	2.93	0.5299	0.4673	2.962	0.508	0.428	0.032	0.0219	0.0393
(6, 50)	false	2.936	0.5348	0.5121	3.178	0.5082	0.5439	-0.242	-0.0265	0.0318
(23, 52)	false	2.944	0.4952	0.4654	3.04	0.4875	0.4935	-0.096	-0.0077	0.028
(23, 52)	false	2.962	0.5181	0.4916	2.962	0.5056	0.5159	0	-0.0125	0.0243
(23, 52)	false	2.98	0.5181	0.4841	3.144	0.4754	0.4972	-0.164	-0.0426	0.0131
(23, 52)	false	3.164	0.4919	0.4505	3.074	0.5032	0.4748	0.09	0.0113	0.0243
(23, 52)	false	3.632	0.3823	0.3944	3.61	0.3984	0.4206	0.022	0.0161	0.0262
(23, 52)	true	3.072	0.503	0.471	3.124	0.4949	0.4019	0.052	0.0081	0.0692
(23, 52)	false	3.136	0.497	0.4841	3.182	0.5067	0.4636	-0.046	0.0097	-0.0206
(23, 52)	false	2.634	0.5414	0.4916	3.002	0.4855	0.4673	-0.368	-0.056	-0.0243
(23, 52)	true	2.93	0.5299	0.4673	2.892	0.5309	0.4654	-0.038	-0.001	0.0019
(23, 52)	false	2.936	0.5348	0.5121	2.816	0.5327	0.5346	0.12	-0.002	0.0224
(8, 39)	false	2.944	0.4952	0.4654	3.336	0.4425	0.4972	-0.392	-0.0527	0.0318
(8, 39)	false	2.962	0.5181	0.4916	2.92	0.5088	0.5121	0.042	-0.0093	0.0206
(8, 39)	false	2.98	0.5181	0.4841	3.046	0.4805	0.5215	-0.066	-0.0376	0.0374
(8, 39)	false	3.164	0.4919	0.4505	3.014	0.5135	0.5159	0.15	0.0216	0.0654
(8, 39)	true	3.632	0.3823	0.3944	3.326	0.441	0.3981	-0.306	-0.0587	-0.0037
(8, 39)	true	3.072	0.503	0.471	3.198	0.486	0.4804	0.126	0.0171	-0.0093
(8, 39)	false	3.136	0.497	0.4841	2.948	0.4875	0.5065	0.188	-0.0095	0.0224
(8, 39)	true	2.634	0.5414	0.4916	2.606	0.5569	0.4336	-0.028	-0.0154	0.0579
(8, 39)	false	2.93	0.5299	0.4673	2.816	0.5493	0.4542	0.114	0.0194	-0.0131
(8, 39)	false	2.936	0.5348	0.5121	3.014	0.4868	0.4692	-0.078	-0.0479	-0.043
(5, 50)	true	2.944	0.4952	0.4654	3.096	0.4948	0.4972	0.152	0.0004	-0.0318
(5, 50)	true	2.962	0.5181	0.4916	3.12	0.5005	0.4654	0.158	0.0176	0.0262
(5, 50)	true	2.98	0.5181	0.4841	3.134	0.497	0.486	0.154	0.021	-0.0019
(5, 50)	false	3.164	0.4919	0.4505	3.182	0.4938	0.4355	-0.018	0.0019	-0.015
(5, 50)	false	3.632	0.3823	0.3944	3.6	0.3672	0.3869	0.032	-0.0151	-0.0075
(5, 50)	false	3.072	0.503	0.471	2.97	0.4939	0.4916	0.102	-0.0092	0.0206
(5, 50)	false	3.136	0.497	0.4841	2.9	0.5232	0.5121	0.236	0.0262	0.028
(5, 50)	false	2.634	0.5414	0.4916	2.68	0.5347	0.4785	-0.046	-0.0067	-0.0131
(5, 50)	false	2.93	0.5299	0.4673	2.936	0.5167	0.4579	-0.006	-0.0131	-0.0093
(5, 50)	false	2.936	0.5348	0.5121	3.04	0.5308	0.5383	-0.104	-0.004	0.0262
(21, 33)	false	2.944	0.4952	0.4654	3.104	0.4975	0.4972	-0.16	0.0023	0.0318
(21, 33)	false	2.962	0.5181	0.4916	2.9	0.5252	0.5065	0.062	0.0071	0.015
(21, 33)	false	2.98	0.5181	0.4841	3.002	0.5113	0.4935	-0.022	-0.0068	0.0093
(21, 33)	true	3.164	0.4919	0.4505	3.07	0.4951	0.4916	-0.094	-0.0032	-0.0411
(21, 33)	false	3.632	0.3823	0.3944	4.002	0.3231	0.3645	-0.37	-0.0592	-0.0299
(21, 33)	false	3.072	0.503	0.471	2.926	0.5408	0.4673	0.146	0.0378	-0.0037
(21, 33)	true	3.136	0.497	0.4841	3.032	0.5165	0.4729	-0.104	-0.0194	0.0112
(21, 33)	false	2.634	0.5414	0.4916	2.86	0.5196	0.4467	-0.226	-0.0218	-0.0449
(21, 33)	true	2.93	0.5299	0.4673	2.888	0.526	0.4785	-0.042	0.0039	-0.0112
(21, 33)	false	2.936	0.5348	0.5121	2.986	0.5268	0.5364	-0.05	-0.008	0.0243
(21, 53)	false	2.944	0.4952	0.4654	2.908	0.534	0.4822	0.036	0.0388	0.0168
(21, 53)	false	2.962	0.5181	0.4916	2.704	0.5567	0.5196	0.258	0.0386	0.028
(21, 53)	false	2.98	0.5181	0.4841	2.746	0.5363	0.5252	0.234	0.0182	0.0411
(21, 53)	false	3.164	0.4919	0.4505	3.102	0.5063	0.4636	0.062	0.0144	0.0131
(21, 53)	false	3.632	0.3823	0.3944	3.144	0.4489	0.4206	0.488	0.0666	0.0262
(21, 53)	false	3.072	0.503	0.471	3.17	0.4987	0.5215	-0.098	-0.0043	0.0505
(21, 53)	false	3.136	0.497	0.4841	3.124	0.5108	0.471	0.012	0.0138	-0.0131
(21, 53)	true	2.634	0.5414	0.4916	2.95	0.5104	0.4393	0.316	0.0311	0.0523
(21, 53)	false	2.93	0.5299	0.4673	3.006	0.5278	0.4542	-0.076	-0.0021	-0.0131
(21, 53)	false	2.936	0.5348	0.5121	2.844	0.5636	0.5271	0.092	0.0289	0.015
(24, 53)	true	2.944	0.4952	0.4654	2.808	0.5262	0.486	-0.136	-0.031	-0.0206
(24, 53)	true	2.962	0.5181	0.4916	2.9	0.5273	0.5383	-0.062	-0.0091	-0.0467
(24, 53)	true	2.98	0.5181	0.4841	2.908	0.5186	0.5383	-0.072	-0.0005	-0.0542
(24, 53)	false	3.164	0.4919	0.4505	3.066	0.5132	0.4617	0.098	0.0213	0.0112
(24, 53)	true	3.632	0.3823	0.3944	3.668	0.4007	0.4037	0.036	-0.0185	-0.0093
(24, 53)	true	3.072	0.503	0.471	3.298	0.5019	0.4785	0.226	0.0012	-0.0075
(24, 53)	false	3.136	0.497	0.4841	3.01	0.5069	0.4766	0.126	0.0099	-0.0075
(24, 53)	false	2.634	0.5414	0.4916	2.9	0.4894	0.4841	-0.266	-0.0521	-0.0075
(24, 53)	false	2.93	0.5299	0.4673	2.822	0.5492	0.4617	0.108	0.0193	-0.0056
(24, 53)	false	2.936	0.5348	0.5121	2.934	0.5172	0.5178	0.002	-0.0175	0.0056
(24, 54)	false	2.944	0.4952	0.4654	2.996	0.5042	0.4804	-0.052	0.009	0.015
(24, 54)	false	2.962	0.5181	0.4916	2.93	0.5069	0.5028	0.032	-0.0112	0.0112
(24, 54)	false	2.98	0.5181	0.4841	2.9	0.5215	0.5458	0.08	0.0034	0.0617
(24, 54)	false	3.164	0.4919	0.4505	2.972	0.5203	0.5121	0.192	0.0284	0.0617
(24, 54)	false	3.632	0.3823	0.3944	3.846	0.3701	0.372	-0.214	-0.0122	-0.0224
(24, 54)	false	3.072	0.503	0.471	2.988	0.5149	0.4729	0.084	0.0118	0.0019
(24, 54)	false	3.136	0.497	0.4841	3.018	0.5248	0.529	0.118	0.0278	0.0449
(24, 54)	true	2.634	0.5414	0.4916	3.184	0.4658	0.4	0.55	0.0756	0.0916
(24, 54)	true	2.93	0.5299	0.4673	2.92	0.5198	0.4654	-0.01	0.0101	0.0019
(24, 54)	false	2.936	0.5348	0.5121	3.004	0.5247	0.4897	-0.068	-0.01	-0.0224
(41, 49)	false	2.944	0.4952	0.4654	2.996	0.4895	0.4785	-0.052	-0.0057	0.0131
(41, 49)	false	2.962	0.5181	0.4916	2.854	0.5403	0.486	0.108	0.0222	-0.0056
(41, 49)	false	2.98	0.5181	0.4841	2.834	0.5402	0.4991	0.146	0.0221	0.015
(41, 49)	true	3.164	0.4919	0.4505	3.204	0.4977	0.4561	0.04	-0.0058	-0.0056
(41, 49)	false	3.632	0.3823	0.3944	3.43	0.4385	0.4075	0.202	0.0562	0.0131
(41, 49)	false	3.072	0.503	0.471	3.156	0.5025	0.4785	-0.084	-0.0006	0.0075
(41, 49)	true	3.136	0.497	0.4841	3.128	0.5123	0.471	-0.008	-0.0152	0.0131
(41, 49)	false	2.634	0.5414	0.4916	2.638	0.5626	0.4766	-0.004	0.0212	-0.015
(41, 49)	false	2.93	0.5299	0.4673	3.048	0.4978	0.4187	-0.118	-0.0321	-0.0486
(41, 49)	false	2.936	0.5348	0.5121	2.92	0.5095	0.5364	0.016	-0.0252	0.0243
(25, 48)	false	2.944	0.4952	0.4654	3.066	0.4961	0.5028	-0.122	0.0009	0.0374
(25, 48)	false	2.962	0.5181	0.4916	2.908	0.5095	0.5159	0.054	-0.0087	0.0243
(25, 48)	false	2.98	0.5181	0.4841	2.904	0.5053	0.4972	0.076	-0.0128	0.0131
(25, 48)	false	3.164	0.4919	0.4505	3.148	0.4925	0.4897	0.016	0.0005	0.0393
(25, 48)	false	3.632	0.3823	0.3944	3.636	0.3773	0.4168	-0.004	-0.005	0.0224
(25, 48)	true	3.072	0.503	0.471	3.206	0.5001	0.4374	0.134	0.0029	0.0336
(25, 48)	false	3.136	0.497	0.4841	3.184	0.4934	0.5009	-0.048	-0.0036	0.0168
(25, 48)	false	2.634	0.5414	0.4916	2.802	0.5391	0.5178	-0.168	-0.0024	0.0262
(25, 48)	false	2.93	0.5299	0.4673	2.888	0.5308	0.4561	0.042	0.0009	-0.0112
(25, 48)	false	2.936	0.5348	0.5121	3.054	0.4999	0.4766	-0.118	-0.0349	-0.0355
(26, 50)	false	2.944	0.4952	0.4654	2.898	0.5234	0.4804	0.046	0.0282	0.015
(26, 50)	false	2.962	0.5181	0.4916	3.05	0.4927	0.5121	-0.088	-0.0254	0.0206
(26, 50)	false	2.98	0.5181	0.4841	3.02	0.5003	0.5103	-0.04	-0.0178	0.0262
(26, 50)	false	3.164	0.4919	0.4505	3.084	0.4995	0.471	0.08	0.0076	0.0206
(26, 50)	true	3.632	0.3823	0.3944	3.444	0.3702	0.3682	-0.188	0.0121	0.0262
(26, 50)	false	3.072	0.503	0.471	3.16	0.5041	0.5009	-0.088	0.0011	0.0299
(26, 50)	false	3.136	0.497	0.4841	3.102	0.4993	0.4804	0.034	0.0023	-0.0037
(26, 50)	false	2.634	0.5414	0.4916	2.788	0.5228	0.4523	-0.154	-0.0186	-0.0393
(26, 50)	false	2.93	0.5299	0.4673	2.808	0.5323	0.4598	0.122	0.0024	-0.0075
(26, 50)	false	2.936	0.5348	0.5121	2.976	0.5218	0.5047	-0.04	-0.0129	-0.0075
(23, 54)	true	2.944	0.4952	0.4654	3.04	0.4923	0.4935	0.096	0.0029	-0.028
(23, 54)	true	2.962	0.5181	0.4916	2.976	0.4996	0.4673	0.014	0.0186	0.0243
(23, 54)	true	2.98	0.5181	0.4841	2.792	0.5267	0.4636	-0.188	-0.0086	0.0206
(23, 54)	false	3.164	0.4919	0.4505	3.098	0.5039	0.4804	0.066	0.012	0.0299
(23, 54)	false	3.632	0.3823	0.3944	4.082	0.3568	0.4075	-0.45	-0.0255	0.0131
(23, 54)	false	3.072	0.503	0.471	3.082	0.5159	0.4916	-0.01	0.0128	0.0206
(23, 54)	false	3.136	0.497	0.4841	3.086	0.5005	0.443	0.05	0.0034	-0.0411
(23, 54)	false	2.634	0.5414	0.4916	2.802	0.5209	0.4579	-0.168	-0.0205	-0.0336
(23, 54)	true	2.93	0.5299	0.4673	3.032	0.5116	0.4617	0.102	0.0183	0.0056
(23, 54)	false	2.936	0.5348	0.5121	3.284	0.4905	0.5103	-0.348	-0.0443	-0.0019
(21, 32)	false	2.944	0.4952	0.4654	3.006	0.4917	0.4785	-0.062	-0.0035	0.0131
(21, 32)	false	2.962	0.5181	0.4916	3.16	0.4667	0.4953	-0.198	-0.0514	0.0037
(21, 32)	false	2.98	0.5181	0.4841	2.844	0.5337	0.5028	0.136	0.0157	0.0187
(21, 32)	false	3.164	0.4919	0.4505	3.072	0.5236	0.4935	0.092	0.0317	0.043
(21, 32)	false	3.632	0.3823	0.3944	3.63	0.3711	0.3907	0.002	-0.0112	-0.0037
(21, 32)	false	3.072	0.503	0.471	3.072	0.5252	0.4953	0	0.0221	0.0243
(21, 32)	false	3.136	0.497	0.4841	3.014	0.5364	0.5028	0.122	0.0393	0.0187
(21, 32)	true	2.634	0.5414	0.4916	2.912	0.5161	0.4579	0.278	0.0253	0.0336
(21, 32)	false	2.93	0.5299	0.4673	2.948	0.5184	0.4411	-0.018	-0.0115	-0.0262
(21, 32)	false	2.936	0.5348	0.5121	2.92	0.5308	0.5028	0.016	-0.0039	-0.0093
(30, 56)	false	2.944	0.4952	0.4654	3.03	0.5046	0.4748	-0.086	0.0094	0.0093
(30, 56)	false	2.962	0.5181	0.4916	3.038	0.5039	0.4879	-0.076	-0.0143	-0.0037
(30, 56)	false	2.98	0.5181	0.4841	2.916	0.5317	0.5047	0.064	0.0136	0.0206
(30, 56)	false	3.164	0.4919	0.4505	3.05	0.5062	0.4822	0.114	0.0143	0.0318
(30, 56)	true	3.632	0.3823	0.3944	3.626	0.3707	0.3645	-0.006	0.0116	0.0299
(30, 56)	false	3.072	0.503	0.471	3.026	0.5054	0.4879	0.046	0.0023	0.0168
(30, 56)	false	3.136	0.497	0.4841	3.164	0.4994	0.4542	-0.028	0.0023	-0.0299
(30, 56)	false	2.634	0.5414	0.4916	2.79	0.5033	0.4542	-0.156	-0.0381	-0.0374
(30, 56)	false	2.93	0.5299	0.4673	2.974	0.5156	0.4692	-0.044	-0.0143	0.0019
(30, 56)	false	2.936	0.5348	0.5121	2.956	0.5293	0.5252	-0.02	-0.0054	0.0131
(5, 49)	false	2.944	0.4952	0.4654	2.79	0.5188	0.5084	0.154	0.0236	0.043
(5, 49)	false	2.962	0.5181	0.4916	2.736	0.5315	0.5215	0.226	0.0134	0.0299
(5, 49)	false	2.98	0.5181	0.4841	2.794	0.5275	0.514	0.186	0.0094	0.0299
(5, 49)	true	3.164	0.4919	0.4505	3.056	0.5167	0.486	-0.108	-0.0248	-0.0355
(5, 49)	false	3.632	0.3823	0.3944	3.802	0.342	0.428	-0.17	-0.0402	0.0336
(5, 49)	false	3.072	0.503	0.471	3.164	0.497	0.4692	-0.092	-0.0061	-0.0019
(5, 49)	true	3.136	0.497	0.4841	3.042	0.5189	0.4879	-0.094	-0.0219	-0.0037
(5, 49)	false	2.634	0.5414	0.4916	2.76	0.5436	0.4916	-0.126	0.0022	0
(5, 49)	false	2.93	0.5299	0.4673	2.872	0.5203	0.4374	0.058	-0.0096	-0.0299
(5, 49)	false	2.936	0.5348	0.5121	2.924	0.5274	0.5458	0.012	-0.0074	0.0336
(22, 31)	false	2.944	0.4952	0.4654	3.106	0.4682	0.4243	-0.162	-0.027	-0.0411
(22, 31)	false	2.962	0.5181	0.4916	2.982	0.5186	0.5065	-0.02	0.0005	0.015
(22, 31)	false	2.98	0.5181	0.4841	3.05	0.5037	0.4972	-0.07	-0.0144	0.0131
(22, 31)	false	3.164	0.4919	0.4505	2.924	0.5205	0.4579	0.24	0.0286	0.0075
(22, 31)	false	3.632	0.3823	0.3944	3.846	0.3504	0.3607	-0.214	-0.0318	-0.0336
(22, 31)	false	3.072	0.503	0.471	3.288	0.4899	0.4991	-0.216	-0.0131	0.028
(22, 31)	false	3.136	0.497	0.4841	3	0.5162	0.4673	0.136	0.0192	-0.0168
(22, 31)	true	2.634	0.5414	0.4916	2.766	0.5365	0.471	0.132	0.005	0.0206
(22, 31)	true	2.93	0.5299	0.4673	2.956	0.5346	0.4617	0.026	-0.0047	0.0056
(22, 31)	false	2.936	0.5348	0.5121	2.936	0.5309	0.5047	0	-0.0038	-0.0075
(7, 38)	false	2.944	0.4952	0.4654	3.286	0.4607	0.5065	-0.342	-0.0345	0.0411
(7, 38)	false	2.962	0.5181	0.4916	3.034	0.5017	0.5009	-0.072	-0.0164	0.0093
(7, 38)	false	2.98	0.5181	0.4841	3.1	0.4928	0.4879	-0.12	-0.0253	0.0037
(7, 38)	false	3.164	0.4919	0.4505	3.214	0.5033	0.4729	-0.05	0.0114	0.0224
(7, 38)	false	3.632	0.3823	0.3944	3.114	0.4727	0.4093	0.518	0.0905	0.015
(7, 38)	false	3.072	0.503	0.471	3.04	0.4964	0.5009	0.032	-0.0066	0.0299
(7, 38)	false	3.136	0.497	0.4841	3.258	0.4944	0.4729	-0.122	-0.0026	-0.0112
(7, 38)	true	2.634	0.5414	0.4916	2.986	0.4698	0.4299	0.352	0.0716	0.0617
(7, 38)	true	2.93	0.5299	0.4673	3.022	0.4994	0.4411	0.092	0.0305	0.0262
(7, 38)	false	2.936	0.5348	0.5121	2.818	0.5414	0.5159	0.118	0.0067	0.0037
(13, 35)	false	2.944	0.4952	0.4654	3.166	0.4543	0.4673	-0.222	-0.0409	0.0019
(13, 35)	false	2.962	0.5181	0.4916	2.88	0.5232	0.5234	0.082	0.0051	0.0318
(13, 35)	false	2.98	0.5181	0.4841	2.914	0.5296	0.4916	0.066	0.0115	0.0075
(13, 35)	false	3.164	0.4919	0.4505	3.06	0.5148	0.4393	0.104	0.0229	-0.0112
(13, 35)	false	3.632	0.3823	0.3944	3.414	0.4007	0.4131	0.218	0.0184	0.0187
(13, 35)	false	3.072	0.503	0.471	3.018	0.5181	0.5121	0.054	0.015	0.0411
(13, 35)	false	3.136	0.497	0.4841	3.046	0.5134	0.4355	0.09	0.0164	-0.0486
(13, 35)	false	2.634	0.5414	0.4916	2.982	0.5253	0.5196	-0.348	-0.0162	0.028
(13, 35)	true	2.93	0.5299	0.4673	2.926	0.5082	0.4355	-0.004	0.0217	0.0318
(13, 35)	false	2.936	0.5348	0.5121	3.094	0.5049	0.5121	-0.158	-0.0299	-0
(4, 50)	true	2.944	0.4952	0.4654	3.222	0.4431	0.4486	0.278	0.0521	0.0168
(4, 50)	true	2.962	0.5181	0.4916	3.104	0.4804	0.5121	0.142	0.0377	-0.0206
(4, 50)	true	2.98	0.5181	0.4841	3.1	0.4844	0.5084	0.12	0.0337	-0.0243
(4, 50)	false	3.164	0.4919	0.4505	3.164	0.4916	0.4748	0	-0.0003	0.0243
(4, 50)	false	3.632	0.3823	0.3944	3.5	0.3953	0.4056	0.132	0.013	0.0112
(4, 50)	false	3.072	0.503	0.471	3.144	0.4852	0.4729	-0.072	-0.0178	0.0019
(4, 50)	false	3.136	0.497	0.4841	3.102	0.5006	0.4617	0.034	0.0036	-0.0224
(4, 50)	false	2.634	0.5414	0.4916	2.824	0.5361	0.5103	-0.19	-0.0053	0.0187
(4, 50)	false	2.93	0.5299	0.4673	2.846	0.5235	0.4243	0.084	-0.0063	-0.043
(4, 50)	false	2.936	0.5348	0.5121	2.998	0.5144	0.5439	-0.062	-0.0204	0.0318
(24, 52)	false	2.944	0.4952	0.4654	3.176	0.46	0.4692	-0.232	-0.0352	0.0037
(24, 52)	false	2.962	0.5181	0.4916	2.846	0.5232	0.5215	0.116	0.0051	0.0299
(24, 52)	false	2.98	0.5181	0.4841	2.87	0.5173	0.5308	0.11	-0.0008	0.0467
(24, 52)	true	3.164	0.4919	0.4505	3.134	0.4919	0.4785	-0.03	0	-0.028
(24, 52)	false	3.632	0.3823	0.3944	3.56	0.3791	0.3925	0.072	-0.0032	-0.0019
(24, 52)	false	3.072	0.503	0.471	3.004	0.4947	0.4804	0.068	-0.0083	0.0093
(24, 52)	true	3.136	0.497	0.4841	3.2	0.483	0.4299	0.064	0.014	0.0542
(24, 52)	true	2.634	0.5414	0.4916	2.732	0.5252	0.4766	0.098	0.0163	0.015
(24, 52)	false	2.93	0.5299	0.4673	2.986	0.4973	0.4467	-0.056	-0.0326	-0.0206
(24, 52)	false	2.936	0.5348	0.5121	2.86	0.54	0.5009	0.076	0.0052	-0.0112
(21, 31)	false	2.944	0.4952	0.4654	3.134	0.4673	0.4673	-0.19	-0.0279	0.0019
(21, 31)	false	2.962	0.5181	0.4916	2.962	0.4895	0.5065	0	-0.0286	0.015
(21, 31)	false	2.98	0.5181	0.4841	2.866	0.5147	0.5121	0.114	-0.0034	0.028
(21, 31)	true	3.164	0.4919	0.4505	3.05	0.5142	0.4972	-0.114	-0.0222	-0.0467
(21, 31)	true	3.632	0.3823	0.3944	3.912	0.3115	0.3439	0.28	0.0708	0.0505
(21, 31)	true	3.072	0.503	0.471	3.178	0.4812	0.4561	0.106	0.0218	0.015
(21, 31)	true	3.136	0.497	0.4841	3.08	0.5095	0.4841	-0.056	-0.0125	0
(21, 31)	false	2.634	0.5414	0.4916	2.854	0.5083	0.5121	-0.22	-0.0332	0.0206
(21, 31)	false	2.93	0.5299	0.4673	3.006	0.4897	0.4374	-0.076	-0.0402	-0.0299
(21, 31)	false	2.936	0.5348	0.5121	3.112	0.4954	0.4935	-0.176	-0.0393	-0.0187
(24, 37)	false	2.944	0.4952	0.4654	2.938	0.5102	0.4654	0.006	0.015	0
(24, 37)	false	2.962	0.5181	0.4916	2.86	0.5307	0.4897	0.102	0.0126	-0.0019
(24, 37)	false	2.98	0.5181	0.4841	2.852	0.5399	0.4916	0.128	0.0218	0.0075
(24, 37)	true	3.164	0.4919	0.4505	2.966	0.5046	0.5009	-0.198	-0.0127	-0.0505
(24, 37)	false	3.632	0.3823	0.3944	3.666	0.3644	0.3626	-0.034	-0.0178	-0.0318
(24, 37)	true	3.072	0.503	0.471	3.014	0.5001	0.4486	-0.058	0.003	0.0224
(24, 37)	true	3.136	0.497	0.4841	2.954	0.5062	0.5028	-0.182	-0.0092	-0.0187
(24, 37)	true	2.634	0.5414	0.4916	3.12	0.4934	0.4748	0.486	0.048	0.0168
(24, 37)	false	2.93	0.5299	0.4673	3.022	0.5155	0.4766	-0.092	-0.0143	0.0093
(24, 37)	false	2.936	0.5348	0.5121	3.142	0.4946	0.5065	-0.206	-0.0401	-0.0056
(24, 30)	true	2.944	0.4952	0.4654	2.876	0.5226	0.4822	-0.068	-0.0274	-0.0168
(24, 30)	true	2.962	0.5181	0.4916	2.762	0.5402	0.5252	-0.2	-0.0221	-0.0336
(24, 30)	true	2.98	0.5181	0.4841	2.848	0.528	0.5009	-0.132	-0.0099	-0.0168
(24, 30)	false	3.164	0.4919	0.4505	3.226	0.4926	0.4748	-0.062	0.0007	0.0243
(24, 30)	false	3.632	0.3823	0.3944	3.912	0.3388	0.3738	-0.28	-0.0435	-0.0206
(24, 30)	false	3.072	0.503	0.471	3.082	0.4941	0.4897	-0.01	-0.0089	0.0187
(24, 30)	false	3.136	0.497	0.4841	3.154	0.4947	0.4935	-0.018	-0.0024	0.0093
(24, 30)	false	2.634	0.5414	0.4916	3.196	0.4662	0.4224	-0.562	-0.0753	-0.0692
(24, 30)	false	2.93	0.5299	0.4673	3.008	0.531	0.4766	-0.078	0.0011	0.0093
(24, 30)	false	2.936	0.5348	0.5121	3.022	0.5028	0.5065	-0.086	-0.032	-0.0056
(23, 33)	false	2.944	0.4952	0.4654	2.894	0.523	0.4953	0.05	0.0278	0.0299
(23, 33)	false	2.962	0.5181	0.4916	3.024	0.5109	0.5178	-0.062	-0.0072	0.0262
(23, 33)	false	2.98	0.5181	0.4841	3.004	0.5027	0.5234	-0.024	-0.0153	0.0393
(23, 33)	false	3.164	0.4919	0.4505	3.082	0.5078	0.5047	0.082	0.0159	0.0542
(23, 33)	true	3.632	0.3823	0.3944	3.566	0.3692	0.3813	-0.066	0.013	0.0131
(23, 33)	false	3.072	0.503	0.471	2.966	0.5015	0.4748	0.106	-0.0015	0.0037
(23, 33)	false	3.136	0.497	0.4841	3.108	0.4878	0.4841	0.028	-0.0092	0
(23, 33)	false	2.634	0.5414	0.4916	3.002	0.5187	0.4561	-0.368	-0.0228	-0.0355
(23, 33)	true	2.93	0.5299	0.4673	2.974	0.5095	0.4374	0.044	0.0203	0.0299
(23, 33)	false	2.936	0.5348	0.5121	2.896	0.532	0.5308	0.04	-0.0028	0.0187
(23, 52)	false	2.944	0.4952	0.4654	2.904	0.5288	0.5271	0.04	0.0336	0.0617
(23, 52)	false	2.962	0.5181	0.4916	3.08	0.4869	0.5047	-0.118	-0.0312	0.0131
(23, 52)	false	2.98	0.5181	0.4841	3.322	0.4539	0.5215	-0.342	-0.0641	0.0374
(23, 52)	false	3.164	0.4919	0.4505	3.03	0.5236	0.4692	0.134	0.0317	0.0187
(23, 52)	false	3.632	0.3823	0.3944	3.696	0.3709	0.4206	-0.064	-0.0114	0.0262
(23, 52)	true	3.072	0.503	0.471	3.24	0.4874	0.3757	0.168	0.0157	0.0953
(23, 52)	false	3.136	0.497	0.4841	3.078	0.5125	0.4561	0.058	0.0154	-0.028
(23, 52)	false	2.634	0.5414	0.4916	2.822	0.5282	0.4953	-0.188	-0.0132	0.0037
(23, 52)	true	2.93	0.5299	0.4673	2.786	0.5281	0.4636	-0.144	0.0018	0.0037
(23, 52)	false	2.936	0.5348	0.5121	2.788	0.547	0.5364	0.148	0.0122	0.0243
(40, 48)	false	2.944	0.4952	0.4654	2.872	0.5268	0.4766	0.072	0.0316	0.0112
(40, 48)	false	2.962	0.5181	0.4916	2.988	0.5037	0.4991	-0.026	-0.0144	0.0075
(40, 48)	false	2.98	0.5181	0.4841	2.848	0.5293	0.5234	0.132	0.0112	0.0393
(40, 48)	false	3.164	0.4919	0.4505	3.18	0.5086	0.4785	-0.016	0.0167	0.028
(40, 48)	true	3.632	0.3823	0.3944	3.336	0.473	0.4168	-0.296	-0.0907	-0.0224
(40, 48)	false	3.072	0.503	0.471	3.03	0.5093	0.4804	0.042	0.0063	0.0093
(40, 48)	false	3.136	0.497	0.4841	3.278	0.4954	0.4785	-0.142	-0.0017	-0.0056
(40, 48)	false	2.634	0.5414	0.4916	3.086	0.489	0.486	-0.452	-0.0524	-0.0056
(40, 48)	false	2.93	0.5299	0.4673	3.014	0.4959	0.4542	-0.084	-0.034	-0.0131
(40, 48)	false	2.936	0.5348	0.5121	3.068	0.5009	0.514	-0.132	-0.0338	0.0019
(25, 51)	true	2.944	0.4952	0.4654	3.026	0.4918	0.4617	0.082	0.0034	0.0037
(25, 51)	true	2.962	0.5181	0.4916	2.974	0.5036	0.5346	0.012	0.0145	-0.043
(25, 51)	true	2.98	0.5181	0.4841	2.91	0.5182	0.4953	-0.07	-0.0001	-0.0112
(25, 51)	false	3.164	0.4919	0.4505	3.174	0.5108	0.4542	-0.01	0.0189	0.0037
(25, 51)	false	3.632	0.3823	0.3944	3.766	0.3471	0.3738	-0.134	-0.0351	-0.0206
(25, 51)	false	3.072	0.503	0.471	3.022	0.5077	0.486	0.05	0.0046	0.015
(25, 51)	false	3.136	0.497	0.4841	3.048	0.5167	0.4486	0.088	0.0196	-0.0355
(25, 51)	false	2.634	0.5414	0.4916	2.862	0.5331	0.4897	-0.228	-0.0083	-0.0019
(25, 51)	true	2.93	0.5299	0.4673	3.028	0.5097	0.4785	0.098	0.0202	-0.0112
(25, 51)	false	2.936	0.5348	0.5121	2.868	0.532	0.5234	0.068	-0.0028	0.0112
(25, 49)	false	2.944	0.4952	0.4654	3.042	0.4771	0.4935	-0.098	-0.0181	0.028
(25, 49)	false	2.962	0.5181	0.4916	3.158	0.4733	0.4935	-0.196	-0.0449	0.0019
(25, 49)	false	2.98	0.5181	0.4841	2.984	0.4997	0.514	-0.004	-0.0183	0.0299
(25, 49)	false	3.164	0.4919	0.4505	3.072	0.5051	0.4804	0.092	0.0132	0.0299
(25, 49)	false	3.632	0.3823	0.3944	3.504	0.4256	0.385	0.128	0.0433	-0.0093
(25, 49)	false	3.072	0.503	0.471	3.164	0.4977	0.5252	-0.092	-0.0053	0.0542
(25, 49)	false	3.136	0.497	0.4841	3.02	0.5137	0.4748	0.116	0.0166	-0.0093
(25, 49)	true	2.634	0.5414	0.4916	2.856	0.5142	0.4617	0.222	0.0272	0.0299
(25, 49)	false	2.93	0.5299	0.4673	2.788	0.5416	0.4579	0.142	0.0118	-0.0093
(25, 49)	false	2.936	0.5348	0.5121	2.968	0.5266	0.5234	-0.032	-0.0082	0.0112
(41, 47)	false	2.944	0.4952	0.4654	3.11	0.47	0.4561	-0.166	-0.0252	-0.0093
(41, 47)	false	2.962	0.5181	0.4916	2.876	0.5314	0.514	0.086	0.0133	0.0224
(41, 47)	false	2.98	0.5181	0.4841	2.944	0.5297	0.514	0.036	0.0116	0.0299
(41, 47)	true	3.164	0.4919	0.4505	3.306	0.4743	0.4692	0.142	0.0176	-0.0187
(41, 47)	true	3.632	0.3823	0.3944	3.532	0.3921	0.3888	-0.1	-0.0099	0.0056
(41, 47)	false	3.072	0.503	0.471	3.03	0.5133	0.4935	0.042	0.0103	0.0224
(41, 47)	true	3.136	0.497	0.4841	3.25	0.4755	0.4748	0.114	0.0216	0.0093
(41, 47)	false	2.634	0.5414	0.4916	2.912	0.5171	0.4449	-0.278	-0.0244	-0.0467
(41, 47)	true	2.93	0.5299	0.4673	3.09	0.497	0.4318	0.16	0.0329	0.0355
(41, 47)	false	2.936	0.5348	0.5121	3.134	0.4887	0.5103	-0.198	-0.0461	-0.0019
(24, 56)	true	2.944	0.4952	0.4654	3.028	0.4983	0.443	0.084	-0.0031	0.0224
(24, 56)	true	2.962	0.5181	0.4916	2.748	0.5325	0.4617	-0.214	-0.0144	0.0299
(24, 56)	true	2.98	0.5181	0.4841	2.838	0.5148	0.4636	-0.142	0.0033	0.0206
(24, 56)	false	3.164	0.4919	0.4505	3.15	0.5087	0.4991	0.014	0.0168	0.0486
(24, 56)	false	3.632	0.3823	0.3944	3.96	0.3487	0.3626	-0.328	-0.0336	-0.0318
(24, 56)	true	3.072	0.503	0.471	3.21	0.4902	0.4729	0.138	0.0128	-0.0019
(24, 56)	false	3.136	0.497	0.4841	2.942	0.5186	0.5178	0.194	0.0215	0.0336
(24, 56)	false	2.634	0.5414	0.4916	2.788	0.5568	0.4729	-0.154	0.0154	-0.0187
(24, 56)	true	2.93	0.5299	0.4673	3.094	0.507	0.4748	0.164	0.0229	-0.0075
(24, 56)	false	2.936	0.5348	0.5121	2.934	0.5197	0.5047	0.002	-0.0151	-0.0075
(29, 56)	false	2.944	0.4952	0.4654	2.98	0.487	0.5159	-0.036	-0.0082	0.0505
(29, 56)	false	2.962	0.5181	0.4916	3.264	0.4543	0.4879	-0.302	-0.0638	-0.0037
(29, 56)	false	2.98	0.5181	0.4841	3.074	0.494	0.486	-0.094	-0.0241	0.0019
(29, 56)	false	3.164	0.4919	0.4505	3.214	0.5126	0.4841	-0.05	0.0207	0.0336
(29, 56)	true	3.632	0.3823	0.3944	3.716	0.3413	0.3907	0.084	0.041	0.0037
(29, 56)	false	3.072	0.503	0.471	3.088	0.4984	0.4953	-0.016	-0.0046	0.0243
(29, 56)	false	3.136	0.497	0.4841	3.29	0.4881	0.4598	-0.154	-0.0089	-0.0243
(29, 56)	true	2.634	0.5414	0.4916	2.788	0.5393	0.4617	0.154	0.0021	0.0299
(29, 56)	false	2.93	0.5299	0.4673	2.932	0.5278	0.4654	-0.002	-0.0021	-0.0019
(29, 56)	false	2.936	0.5348	0.5121	3.28	0.4815	0.5047	-0.344	-0.0533	-0.0075
(1, 52)	true	2.944	0.4952	0.4654	3.478	0.4097	0.4542	0.534	0.0855	0.0112
(1, 52)	true	2.962	0.5181	0.4916	2.72	0.5351	0.5252	-0.242	-0.017	-0.0336
(1, 52)	true	2.98	0.5181	0.4841	2.774	0.5179	0.5047	-0.206	0.0001	-0.0206
(1, 52)	true	3.164	0.4919	0.4505	3.114	0.4855	0.4505	-0.05	0.0064	0
(1, 52)	false	3.632	0.3823	0.3944	3.464	0.3889	0.4037	0.168	0.0066	0.0093
(1, 52)	true	3.072	0.503	0.471	2.994	0.5203	0.5065	-0.078	-0.0172	-0.0355
(1, 52)	true	3.136	0.497	0.4841	3.11	0.4971	0.443	-0.026	-0	0.0411
(1, 52)	false	2.634	0.5414	0.4916	2.89	0.5158	0.4916	-0.256	-0.0256	0
(1, 52)	true	2.93	0.5299	0.4673	2.866	0.5398	0.4748	-0.064	-0.0099	-0.0075
(1, 52)	false	2.936	0.5348	0.5121	3.192	0.4965	0.4561	-0.256	-0.0382	-0.0561
(27, 48)	true	2.944	0.4952	0.4654	3.394	0.429	0.4654	0.45	0.0662	0
(27, 48)	true	2.962	0.5181	0.4916	3.236	0.4835	0.4972	0.274	0.0347	-0.0056
(27, 48)	true	2.98	0.5181	0.4841	3.178	0.468	0.5065	0.198	0.0501	-0.0224
(27, 48)	false	3.164	0.4919	0.4505	3.146	0.5034	0.4804	0.018	0.0114	0.0299
(27, 48)	true	3.632	0.3823	0.3944	3.656	0.3657	0.3981	0.024	0.0166	-0.0037
(27, 48)	true	3.072	0.503	0.471	3.458	0.4488	0.4187	0.386	0.0542	0.0523
(27, 48)	false	3.136	0.497	0.4841	3.2	0.4959	0.4654	-0.064	-0.0012	-0.0187
(27, 48)	false	2.634	0.5414	0.4916	2.908	0.5174	0.486	-0.274	-0.024	-0.0056
(27, 48)	false	2.93	0.5299	0.4673	2.924	0.5225	0.4374	0.006	-0.0074	-0.0299
(27, 48)	false	2.936	0.5348	0.5121	3.062	0.5161	0.4916	-0.126	-0.0187	-0.0206
(6, 38)	false	2.944	0.4952	0.4654	2.894	0.5325	0.4822	0.05	0.0374	0.0168
(6, 38)	false	2.962	0.5181	0.4916	2.988	0.5263	0.5159	-0.026	0.0082	0.0243
(6, 38)	false	2.98	0.5181	0.4841	3.016	0.5275	0.4897	-0.036	0.0094	0.0056
(6, 38)	false	3.164	0.4919	0.4505	3.09	0.506	0.4617	0.074	0.0141	0.0112
(6, 38)	false	3.632	0.3823	0.3944	3.242	0.4409	0.4112	0.39	0.0586	0.0168
(6, 38)	true	3.072	0.503	0.471	3.212	0.4752	0.4953	0.14	0.0278	-0.0243
(6, 38)	false	3.136	0.497	0.4841	3.164	0.5062	0.471	-0.028	0.0092	-0.0131
(6, 38)	false	2.634	0.5414	0.4916	2.836	0.5041	0.4505	-0.202	-0.0373	-0.0411
(6, 38)	false	2.93	0.5299	0.4673	2.87	0.5319	0.4636	0.06	0.002	-0.0037
(6, 38)	false	2.936	0.5348	0.5121	2.928	0.5258	0.5252	0.008	-0.009	0.0131
(23, 50)	false	2.944	0.4952	0.4654	3.062	0.4914	0.4729	-0.118	-0.0038	0.0075
(23, 50)	false	2.962	0.5181	0.4916	3.186	0.4687	0.5308	-0.224	-0.0494	0.0393
(23, 50)	false	2.98	0.5181	0.4841	3.034	0.4667	0.5271	-0.054	-0.0513	0.043
(23, 50)	false	3.164	0.4919	0.4505	3.102	0.4971	0.443	0.062	0.0052	-0.0075
(23, 50)	false	3.632	0.3823	0.3944	3.782	0.3661	0.3589	-0.15	-0.0161	-0.0355
(23, 50)	false	3.072	0.503	0.471	3.092	0.4904	0.4617	-0.02	-0.0126	-0.0093
(23, 50)	false	3.136	0.497	0.4841	3.104	0.4907	0.4449	0.032	-0.0064	-0.0393
(23, 50)	true	2.634	0.5414	0.4916	2.866	0.506	0.4748	0.232	0.0354	0.0168
(23, 50)	false	2.93	0.5299	0.4673	2.788	0.528	0.4692	0.142	-0.0019	0.0019
(23, 50)	false	2.936	0.5348	0.5121	2.752	0.5335	0.5178	0.184	-0.0012	0.0056
(6, 34)	false	2.944	0.4952	0.4654	3.076	0.525	0.471	-0.132	0.0298	0.0056
(6, 34)	false	2.962	0.5181	0.4916	2.86	0.5242	0.486	0.102	0.0061	-0.0056
(6, 34)	false	2.98	0.5181	0.4841	2.85	0.527	0.5028	0.13	0.009	0.0187
(6, 34)	false	3.164	0.4919	0.4505	2.792	0.57	0.5028	0.372	0.0781	0.0523
(6, 34)	false	3.632	0.3823	0.3944	3.756	0.3772	0.415	-0.124	-0.0051	0.0206
(6, 34)	false	3.072	0.503	0.471	3.386	0.4852	0.4131	-0.314	-0.0179	-0.0579
(6, 34)	false	3.136	0.497	0.4841	2.852	0.5519	0.5065	0.284	0.0549	0.0224
(6, 34)	true	2.634	0.5414	0.4916	3.292	0.4648	0.4505	0.658	0.0766	0.0411
(6, 34)	false	2.93	0.5299	0.4673	3.104	0.5234	0.4299	-0.174	-0.0065	-0.0374
(6, 34)	false	2.936	0.5348	0.5121	2.832	0.5575	0.4991	0.104	0.0227	-0.0131
(4, 52)	true	2.944	0.4952	0.4654	3.11	0.4746	0.4804	0.166	0.0206	-0.015
(4, 52)	true	2.962	0.5181	0.4916	2.832	0.5432	0.4692	-0.13	-0.025	0.0224
(4, 52)	true	2.98	0.5181	0.4841	2.994	0.5403	0.5084	0.014	-0.0222	-0.0243
(4, 52)	true	3.164	0.4919	0.4505	3.372	0.477	0.4486	0.208	0.0149	0.0019
(4, 52)	true	3.632	0.3823	0.3944	3.924	0.3595	0.3439	0.292	0.0228	0.0505
(4, 52)	false	3.072	0.503	0.471	3.204	0.4842	0.4897	-0.132	-0.0189	0.0187
(4, 52)	true	3.136	0.497	0.4841	3.22	0.4816	0.4654	0.084	0.0155	0.0187
(4, 52)	false	2.634	0.5414	0.4916	2.666	0.5677	0.5477	-0.032	0.0262	0.0561
(4, 52)	false	2.93	0.5299	0.4673	3.126	0.4886	0.4411	-0.196	-0.0413	-0.0262
(4, 52)	false	2.936	0.5348	0.5121	3.042	0.4799	0.4916	-0.106	-0.0548	-0.0206
(24, 31)	true	2.944	0.4952	0.4654	2.842	0.5245	0.4822	-0.102	-0.0293	-0.0168
(24, 31)	true	2.962	0.5181	0.4916	3.132	0.4968	0.5121	0.17	0.0213	-0.0206
(24, 31)	true	2.98	0.5181	0.4841	3.122	0.4934	0.514	0.142	0.0247	-0.0299
(24, 31)	false	3.164	0.4919	0.4505	2.928	0.5432	0.4916	0.236	0.0513	0.0411
(24, 31)	false	3.632	0.3823	0.3944	3.434	0.4176	0.4075	0.198	0.0353	0.0131
(24, 31)	false	3.072	0.503	0.471	2.906	0.5171	0.5028	0.166	0.014	0.0318
(24, 31)	false	3.136	0.497	0.4841	3.016	0.5316	0.4935	0.12	0.0346	0.0093
(24, 31)	false	2.634	0.5414	0.4916	2.926	0.5233	0.4935	-0.292	-0.0182	0.0019
(24, 31)	false	2.93	0.5299	0.4673	3.12	0.4902	0.4355	-0.19	-0.0397	-0.0318
(24, 31)	false	2.936	0.5348	0.5121	3.014	0.5262	0.514	-0.078	-0.0086	0.0019
(26, 49)	false	2.944	0.4952	0.4654	3.114	0.5033	0.486	-0.17	0.0081	0.0206
(26, 49)	false	2.962	0.5181	0.4916	2.936	0.5081	0.514	0.026	-0.0101	0.0224
(26, 49)	false	2.98	0.5181	0.4841	3	0.5011	0.5009	-0.02	-0.017	0.0168
(26, 49)	true	3.164	0.4919	0.4505	3.132	0.4904	0.4766	-0.032	0.0015	-0.0262
(26, 49)	true	3.632	0.3823	0.3944	3.42	0.4453	0.3981	-0.212	-0.063	-0.0037
(26, 49)	true	3.072	0.503	0.471	3.07	0.5037	0.4953	-0.002	-0.0007	-0.0243
(26, 49)	true	3.136	0.497	0.4841	3.13	0.4744	0.4598	-0.006	0.0227	0.0243
(26, 49)	false	2.634	0.5414	0.4916	2.712	0.5479	0.4673	-0.078	0.0064	-0.0243
(26, 49)	false	2.93	0.5299	0.4673	2.878	0.5099	0.4393	0.052	-0.02	-0.028
(26, 49)	false	2.936	0.5348	0.5121	2.922	0.5268	0.5121	0.014	-0.008	-0
(25, 50)	true	2.944	0.4952	0.4654	3	0.4967	0.4729	0.056	-0.0015	-0.0075
(25, 50)	true	2.962	0.5181	0.4916	2.966	0.5119	0.4972	0.004	0.0062	-0.0056
(25, 50)	true	2.98	0.5181	0.4841	3.02	0.4999	0.5103	0.04	0.0181	-0.0262
(25, 50)	true	3.164	0.4919	0.4505	3.142	0.4918	0.4318	-0.022	0.0001	0.0187
(25, 50)	true	3.632	0.3823	0.3944	3.592	0.3959	0.4262	-0.04	-0.0136	-0.0318
(25, 50)	false	3.072	0.503	0.471	3.09	0.4941	0.4841	-0.018	-0.009	0.0131
(25, 50)	true	3.136	0.497	0.4841	3.132	0.5013	0.4617	-0.004	-0.0042	0.0224
(25, 50)	true	2.634	0.5414	0.4916	2.706	0.5498	0.4729	0.072	-0.0084	0.0187
(25, 50)	false	2.93	0.5299	0.4673	2.896	0.4958	0.4374	0.034	-0.0341	-0.0299
(25, 50)	false	2.936	0.5348	0.5121	3.086	0.4885	0.4991	-0.15	-0.0463	-0.0131
(23, 31)	true	2.944	0.4952	0.4654	2.98	0.4978	0.4449	0.036	-0.0026	0.0206
(23, 31)	true	2.962	0.5181	0.4916	2.936	0.5269	0.5178	-0.026	-0.0088	-0.0262
(23, 31)	true	2.98	0.5181	0.4841	2.862	0.5143	0.4972	-0.118	0.0038	-0.0131
(23, 31)	true	3.164	0.4919	0.4505	3.004	0.5185	0.4953	-0.16	-0.0266	-0.0449
(23, 31)	true	3.632	0.3823	0.3944	3.622	0.3762	0.3888	-0.01	0.006	0.0056
(23, 31)	true	3.072	0.503	0.471	3.102	0.5039	0.4729	0.03	-0.0008	-0.0019
(23, 31)	true	3.136	0.497	0.4841	3.008	0.5153	0.4935	-0.128	-0.0183	-0.0093
(23, 31)	false	2.634	0.5414	0.4916	2.95	0.5033	0.428	-0.316	-0.0381	-0.0636
(23, 31)	false	2.93	0.5299	0.4673	2.968	0.5296	0.4411	-0.038	-0.0003	-0.0262
(23, 31)	false	2.936	0.5348	0.5121	2.898	0.5199	0.5065	0.038	-0.0148	-0.0056
(16, 33)	false	2.944	0.4952	0.4654	2.758	0.5452	0.4916	0.186	0.05	0.0262
(16, 33)	false	2.962	0.5181	0.4916	2.866	0.5213	0.5084	0.096	0.0032	0.0168
(16, 33)	false	2.98	0.5181	0.4841	3.004	0.517	0.4935	-0.024	-0.0011	0.0093
(16, 33)	false	3.164	0.4919	0.4505	3.03	0.4873	0.4953	0.134	-0.0046	0.0449
(16, 33)	false	3.632	0.3823	0.3944	3.212	0.4568	0.4168	0.42	0.0746	0.0224
(16, 33)	false	3.072	0.503	0.471	2.918	0.5118	0.4916	0.154	0.0087	0.0206
(16, 33)	false	3.136	0.497	0.4841	3.188	0.4866	0.4729	-0.052	-0.0105	-0.0112
(16, 33)	true	2.634	0.5414	0.4916	2.71	0.5521	0.4953	0.076	-0.0106	-0.0037
(16, 33)	false	2.93	0.5299	0.4673	2.966	0.5327	0.4579	-0.036	0.0028	-0.0093
(16, 33)	false	2.936	0.5348	0.5121	3.178	0.5023	0.4785	-0.242	-0.0325	-0.0336
(23, 34)	false	2.944	0.4952	0.4654	3.028	0.5144	0.471	-0.084	0.0192	0.0056
(23, 34)	false	2.962	0.5181	0.4916	2.876	0.5132	0.4879	0.086	-0.0049	-0.0037
(23, 34)	false	2.98	0.5181	0.4841	2.88	0.531	0.5009	0.1	0.0129	0.0168
(23, 34)	false	3.164	0.4919	0.4505	3.192	0.4909	0.4449	-0.028	-0.001	-0.0056
(23, 34)	false	3.632	0.3823	0.3944	3.336	0.4313	0.4019	0.296	0.049	0.0075
(23, 34)	false	3.072	0.503	0.471	3.226	0.4843	0.4748	-0.154	-0.0187	0.0037
(23, 34)	false	3.136	0.497	0.4841	3.176	0.4901	0.443	-0.04	-0.007	-0.0411
(23, 34)	false	2.634	0.5414	0.4916	2.63	0.5448	0.5009	0.004	0.0033	0.0093
(23, 34)	false	2.93	0.5299	0.4673	2.832	0.5262	0.4598	0.098	-0.0037	-0.0075
(23, 34)	false	2.936	0.5348	0.5121	3.168	0.4873	0.5252	-0.232	-0.0474	0.0131
(27, 50)	false	2.944	0.4952	0.4654	3.038	0.469	0.4785	-0.094	-0.0262	0.0131
(27, 50)	false	2.962	0.5181	0.4916	2.928	0.5008	0.5084	0.034	-0.0173	0.0168
(27, 50)	false	2.98	0.5181	0.4841	2.942	0.4973	0.5215	0.038	-0.0208	0.0374
(27, 50)	false	3.164	0.4919	0.4505	3.026	0.5169	0.4935	0.138	0.025	0.043
(27, 50)	true	3.632	0.3823	0.3944	3.802	0.3616	0.3832	0.17	0.0206	0.0112
(27, 50)	true	3.072	0.503	0.471	3.214	0.4841	0.4804	0.142	0.019	-0.0093
(27, 50)	false	3.136	0.497	0.4841	2.918	0.5112	0.4486	0.218	0.0141	-0.0355
(27, 50)	true	2.634	0.5414	0.4916	2.86	0.5536	0.471	0.226	-0.0122	0.0206
(27, 50)	false	2.93	0.5299	0.4673	2.98	0.5228	0.4505	-0.05	-0.0071	-0.0168
(27, 50)	false	2.936	0.5348	0.5121	2.884	0.528	0.5065	0.052	-0.0068	-0.0056
(8, 41)	false	2.944	0.4952	0.4654	3.022	0.5027	0.4673	-0.078	0.0075	0.0019
(8, 41)	false	2.962	0.5181	0.4916	3.054	0.515	0.5009	-0.092	-0.0031	0.0093
(8, 41)	false	2.98	0.5181	0.4841	3.128	0.4906	0.529	-0.148	-0.0274	0.0449
(8, 41)	false	3.164	0.4919	0.4505	3.046	0.5101	0.4729	0.118	0.0182	0.0224
(8, 41)	false	3.632	0.3823	0.3944	3.602	0.3954	0.3794	0.03	0.0131	-0.015
(8, 41)	true	3.072	0.503	0.471	3.166	0.4922	0.5084	0.094	0.0109	-0.0374
(8, 41)	false	3.136	0.497	0.4841	3.13	0.4956	0.4617	0.006	-0.0015	-0.0224
(8, 41)	false	2.634	0.5414	0.4916	2.772	0.5444	0.4804	-0.138	0.003	-0.0112
(8, 41)	false	2.93	0.5299	0.4673	2.968	0.5161	0.4318	-0.038	-0.0138	-0.0355
(8, 41)	false	2.936	0.5348	0.5121	2.994	0.5107	0.4841	-0.058	-0.0241	-0.028
(22, 54)	false	2.944	0.4952	0.4654	3.022	0.4937	0.4505	-0.078	-0.0014	-0.015
(22, 54)	false	2.962	0.5181	0.4916	2.89	0.5256	0.5084	0.072	0.0075	0.0168
(22, 54)	false	2.98	0.5181	0.4841	2.912	0.5211	0.5103	0.068	0.003	0.0262
(22, 54)	true	3.164	0.4919	0.4505	3.338	0.4691	0.4467	0.174	0.0228	0.0037
(22, 54)	false	3.632	0.3823	0.3944	3.75	0.3596	0.4037	-0.118	-0.0227	0.0093
(22, 54)	true	3.072	0.503	0.471	3.166	0.5004	0.4841	0.094	0.0027	-0.0131
(22, 54)	true	3.136	0.497	0.4841	3.404	0.4709	0.4542	0.268	0.0261	0.0299
(22, 54)	false	2.634	0.5414	0.4916	3.02	0.4911	0.4654	-0.386	-0.0504	-0.0262
(22, 54)	false	2.93	0.5299	0.4673	3.03	0.4966	0.4617	-0.1	-0.0332	-0.0056
(22, 54)	false	2.936	0.5348	0.5121	2.94	0.5099	0.4935	-0.004	-0.0249	-0.0187
(20, 32)	true	2.944	0.4952	0.4654	2.962	0.51	0.4561	0.018	-0.0148	0.0093
(20, 32)	true	2.962	0.5181	0.4916	2.766	0.5227	0.4766	-0.196	-0.0046	0.015
(20, 32)	true	2.98	0.5181	0.4841	2.774	0.5241	0.4935	-0.206	-0.006	-0.0093
(20, 32)	false	3.164	0.4919	0.4505	3.3	0.469	0.4523	-0.136	-0.0229	0.0019
(20, 32)	false	3.632	0.3823	0.3944	3.514	0.4303	0.4056	0.118	0.048	0.0112
(20, 32)	false	3.072	0.503	0.471	2.984	0.5238	0.5065	0.088	0.0208	0.0355
(20, 32)	false	3.136	0.497	0.4841	3.118	0.5084	0.4897	0.018	0.0114	0.0056
(20, 32)	false	2.634	0.5414	0.4916	2.736	0.5469	0.4729	-0.102	0.0054	-0.0187
(20, 32)	false	2.93	0.5299	0.4673	2.896	0.5141	0.4785	0.034	-0.0157	0.0112
(20, 32)	false	2.936	0.5348	0.5121	2.882	0.529	0.5271	0.054	-0.0058	0.015
(23, 32)	true	2.944	0.4952	0.4654	3.006	0.5026	0.5121	0.062	-0.0074	-0.0467
(23, 32)	true	2.962	0.5181	0.4916	2.918	0.5157	0.5028	-0.044	0.0025	-0.0112
(23, 32)	true	2.98	0.5181	0.4841	3.138	0.48	0.5196	0.158	0.0381	-0.0355
(23, 32)	false	3.164	0.4919	0.4505	3.184	0.503	0.5103	-0.02	0.0111	0.0598
(23, 32)	false	3.632	0.3823	0.3944	3.726	0.3458	0.3626	-0.094	-0.0364	-0.0318
(23, 32)	false	3.072	0.503	0.471	3.102	0.5037	0.5215	-0.03	0.0007	0.0505
(23, 32)	false	3.136	0.497	0.4841	3.088	0.5027	0.514	0.048	0.0057	0.0299
(23, 32)	false	2.634	0.5414	0.4916	2.922	0.4952	0.514	-0.288	-0.0462	0.0224
(23, 32)	false	2.93	0.5299	0.4673	2.978	0.5353	0.4393	-0.048	0.0055	-0.028
(23, 32)	false	2.936	0.5348	0.5121	3.198	0.4849	0.5009	-0.262	-0.0499	-0.0112
(16, 35)	true	2.944	0.4952	0.4654	3.148	0.4586	0.4692	0.204	0.0366	-0.0037
(16, 35)	true	2.962	0.5181	0.4916	2.786	0.5377	0.4879	-0.176	-0.0196	0.0037
(16, 35)	true	2.98	0.5181	0.4841	2.778	0.5372	0.4879	-0.202	-0.0191	-0.0037
(16, 35)	true	3.164	0.4919	0.4505	3.082	0.5201	0.5178	-0.082	-0.0282	-0.0673
(16, 35)	false	3.632	0.3823	0.3944	3.534	0.3864	0.3981	0.098	0.0041	0.0037
(16, 35)	true	3.072	0.503	0.471	3.032	0.4736	0.4411	-0.04	0.0294	0.0299
(16, 35)	true	3.136	0.497	0.4841	3.044	0.5212	0.4617	-0.092	-0.0242	0.0224
(16, 35)	false	2.634	0.5414	0.4916	2.84	0.5402	0.5009	-0.206	-0.0012	0.0093
(16, 35)	false	2.93	0.5299	0.4673	2.982	0.5182	0.4486	-0.052	-0.0117	-0.0187
(16, 35)	false	2.936	0.5348	0.5121	3.052	0.5066	0.5121	-0.116	-0.0282	0
(11, 42)	false	2.944	0.4952	0.4654	3.02	0.5081	0.4822	-0.076	0.0129	0.0168
(11, 42)	false	2.962	0.5181	0.4916	2.9	0.5196	0.4991	0.062	0.0015	0.0075
(11, 42)	false	2.98	0.5181	0.4841	2.838	0.5211	0.4972	0.142	0.003	0.0131
(11, 42)	false	3.164	0.4919	0.4505	2.968	0.5246	0.4897	0.196	0.0327	0.0393
(11, 42)	false	3.632	0.3823	0.3944	3.822	0.3681	0.4224	-0.19	-0.0142	0.028
(11, 42)	false	3.072	0.503	0.471	3.01	0.5171	0.5103	0.062	0.0141	0.0393
(11, 42)	false	3.136	0.497	0.4841	3.076	0.5172	0.4897	0.06	0.0202	0.0056
(11, 42)	false	2.634	0.5414	0.4916	2.884	0.5346	0.4822	-0.25	-0.0069	-0.0093
(11, 42)	true	2.93	0.5299	0.4673	2.994	0.5204	0.4374	0.064	0.0095	0.0299
(11, 42)	false	2.936	0.5348	0.5121	3.072	0.4961	0.5028	-0.136	-0.0386	-0.0093
(18, 33)	false	2.944	0.4952	0.4654	2.918	0.5183	0.514	0.026	0.0231	0.0486
(18, 33)	false	2.962	0.5181	0.4916	3.054	0.4909	0.471	-0.092	-0.0272	-0.0206
(18, 33)	false	2.98	0.5181	0.4841	3	0.5096	0.4785	-0.02	-0.0085	-0.0056
(18, 33)	false	3.164	0.4919	0.4505	3.11	0.4914	0.486	0.054	-0.0005	0.0355
(18, 33)	false	3.632	0.3823	0.3944	3.674	0.3844	0.3813	-0.042	0.0022	-0.0131
(18, 33)	false	3.072	0.503	0.471	2.988	0.5142	0.5121	0.084	0.0111	0.0411
(18, 33)	false	3.136	0.497	0.4841	3.116	0.4972	0.4879	0.02	0.0001	0.0037
(18, 33)	true	2.634	0.5414	0.4916	2.844	0.5581	0.4785	0.21	-0.0167	0.0131
(18, 33)	false	2.93	0.5299	0.4673	2.716	0.5411	0.4467	0.214	0.0112	-0.0206
(18, 33)	false	2.936	0.5348	0.5121	3.046	0.5164	0.486	-0.11	-0.0184	-0.0262
(9, 42)	false	2.944	0.4952	0.4654	2.934	0.5006	0.4953	0.01	0.0054	0.0299
(9, 42)	false	2.962	0.5181	0.4916	2.902	0.5158	0.5234	0.06	-0.0023	0.0318
(9, 42)	false	2.98	0.5181	0.4841	2.758	0.5277	0.5084	0.222	0.0096	0.0243
(9, 42)	false	3.164	0.4919	0.4505	3.262	0.4786	0.4804	-0.098	-0.0133	0.0299
(9, 42)	true	3.632	0.3823	0.3944	3.76	0.3713	0.4112	0.128	0.011	-0.0168
(9, 42)	false	3.072	0.503	0.471	3.068	0.4866	0.5121	0.004	-0.0165	0.0411
(9, 42)	false	3.136	0.497	0.4841	3.088	0.4942	0.4636	0.048	-0.0028	-0.0206
(9, 42)	false	2.634	0.5414	0.4916	2.826	0.552	0.4542	-0.192	0.0106	-0.0374
(9, 42)	false	2.93	0.5299	0.4673	2.924	0.5321	0.4561	0.006	0.0022	-0.0112
(9, 42)	false	2.936	0.5348	0.5121	3.088	0.5199	0.5234	-0.152	-0.0149	0.0112
(19, 33)	false	2.944	0.4952	0.4654	3.036	0.484	0.5084	-0.092	-0.0111	0.043
(19, 33)	false	2.962	0.5181	0.4916	2.834	0.5287	0.5308	0.128	0.0106	0.0393
(19, 33)	false	2.98	0.5181	0.4841	2.994	0.5173	0.5215	-0.014	-0.0007	0.0374
(19, 33)	false	3.164	0.4919	0.4505	3.144	0.4966	0.486	0.02	0.0047	0.0355
(19, 33)	false	3.632	0.3823	0.3944	3.598	0.38	0.4	0.034	-0.0023	0.0056
(19, 33)	true	3.072	0.503	0.471	3.284	0.4809	0.4318	0.212	0.0221	0.0393
(19, 33)	false	3.136	0.497	0.4841	2.996	0.517	0.5009	0.14	0.02	0.0168
(19, 33)	true	2.634	0.5414	0.4916	2.778	0.5143	0.4561	0.144	0.0272	0.0355
(19, 33)	false	2.93	0.5299	0.4673	3.046	0.5281	0.4766	-0.116	-0.0018	0.0093
(19, 33)	false	2.936	0.5348	0.5121	2.914	0.5244	0.5121	0.022	-0.0103	-0
(28, 51)	false	2.944	0.4952	0.4654	3.252	0.4432	0.4729	-0.308	-0.052	0.0075
(28, 51)	false	2.962	0.5181	0.4916	2.78	0.5329	0.4822	0.182	0.0148	-0.0093
(28, 51)	false	2.98	0.5181	0.4841	3.042	0.508	0.5084	-0.062	-0.0101	0.0243
(28, 51)	true	3.164	0.4919	0.4505	3.122	0.4898	0.4673	-0.042	0.0021	-0.0168
(28, 51)	false	3.632	0.3823	0.3944	3.592	0.4037	0.4299	0.04	0.0215	0.0355
(28, 51)	true	3.072	0.503	0.471	2.938	0.5045	0.4841	-0.134	-0.0014	-0.0131
(28, 51)	true	3.136	0.497	0.4841	3.096	0.5021	0.4822	-0.04	-0.005	0.0019
(28, 51)	false	2.634	0.5414	0.4916	2.96	0.5275	0.4935	-0.326	-0.014	0.0019
(28, 51)	false	2.93	0.5299	0.4673	3.172	0.4869	0.4654	-0.242	-0.043	-0.0019
(28, 51)	false	2.936	0.5348	0.5121	2.824	0.5259	0.5121	0.112	-0.0089	-0
(16, 36)	false	2.944	0.4952	0.4654	2.956	0.5213	0.4822	-0.012	0.0261	0.0168
(16, 36)	true	2.962	0.5181	0.4916	3.078	0.4838	0.4598	0.116	0.0343	0.0318
(16, 36)	true	2.98	0.5181	0.4841	3.118	0.478	0.4579	0.138	0.0401	0.0262
(16, 36)	false	3.164	0.4919	0.4505	2.924	0.5131	0.4916	0.24	0.0212	0.0411
(16, 36)	false	3.632	0.3823	0.3944	3.556	0.4256	0.4075	0.076	0.0434	0.0131
(16, 36)	false	3.072	0.503	0.471	3.018	0.5184	0.5178	0.054	0.0153	0.0467
(16, 36)	false	3.136	0.497	0.4841	3.044	0.5036	0.4897	0.092	0.0066	0.0056
(16, 36)	false	2.634	0.5414	0.4916	2.79	0.5292	0.5159	-0.156	-0.0123	0.0243
(16, 36)	false	2.93	0.5299	0.4673	2.894	0.5357	0.4673	0.036	0.0058	0
(16, 36)	false	2.936	0.5348	0.5121	2.952	0.5379	0.4953	-0.016	0.0031	-0.0168
(12, 39)	false	2.944	0.4952	0.4654	2.878	0.5129	0.5252	0.066	0.0177	0.0598
(12, 39)	false	2.962	0.5181	0.4916	2.868	0.5175	0.5028	0.094	-0.0006	0.0112
(12, 39)	false	2.98	0.5181	0.4841	2.912	0.508	0.5159	0.068	-0.01	0.0318
(12, 39)	false	3.164	0.4919	0.4505	3.066	0.5181	0.4673	0.098	0.0262	0.0168
(12, 39)	false	3.632	0.3823	0.3944	3.842	0.3397	0.3907	-0.21	-0.0426	-0.0037
(12, 39)	false	3.072	0.503	0.471	3.118	0.5021	0.4991	-0.046	-0.001	0.028
(12, 39)	false	3.136	0.497	0.4841	3.004	0.5168	0.4841	0.132	0.0197	0
(12, 39)	true	2.634	0.5414	0.4916	3.01	0.4656	0.4093	0.376	0.0758	0.0822
(12, 39)	true	2.93	0.5299	0.4673	3.104	0.5172	0.4449	0.174	0.0127	0.0224
(12, 39)	false	2.936	0.5348	0.5121	2.778	0.5551	0.5028	0.158	0.0204	-0.0093
(23, 53)	true	2.944	0.4952	0.4654	3.296	0.4538	0.4598	0.352	0.0414	0.0056
(23, 53)	true	2.962	0.5181	0.4916	2.978	0.4972	0.5084	0.016	0.0209	-0.0168
(23, 53)	true	2.98	0.5181	0.4841	3	0.4911	0.5065	0.02	0.027	-0.0224
(23, 53)	false	3.164	0.4919	0.4505	3.24	0.4773	0.4748	-0.076	-0.0146	0.0243
(23, 53)	true	3.632	0.3823	0.3944	3.634	0.3835	0.3701	0.002	-0.0013	0.0243
(23, 53)	false	3.072	0.503	0.471	3.048	0.5043	0.4879	0.024	0.0013	0.0168
(23, 53)	false	3.136	0.497	0.4841	3.164	0.5033	0.4804	-0.028	0.0062	-0.0037
(23, 53)	false	2.634	0.5414	0.4916	2.778	0.5458	0.4953	-0.144	0.0044	0.0037
(23, 53)	true	2.93	0.5299	0.4673	3.016	0.5098	0.443	0.086	0.0201	0.0243
(23, 53)	false	2.936	0.5348	0.5121	2.978	0.5271	0.4991	-0.042	-0.0076	-0.0131
(25, 31)	false	2.944	0.4952	0.4654	3.004	0.5001	0.529	-0.06	0.0049	0.0636
(25, 31)	false	2.962	0.5181	0.4916	2.828	0.517	0.5215	0.134	-0.0011	0.0299
(25, 31)	false	2.98	0.5181	0.4841	2.786	0.5269	0.4972	0.194	0.0088	0.0131
(25, 31)	false	3.164	0.4919	0.4505	3.206	0.4716	0.4542	-0.042	-0.0203	0.0037
(25, 31)	false	3.632	0.3823	0.3944	3.468	0.4119	0.4449	0.164	0.0296	0.0505
(25, 31)	false	3.072	0.503	0.471	3.204	0.4953	0.4598	-0.132	-0.0077	-0.0112
(25, 31)	false	3.136	0.497	0.4841	3.22	0.4898	0.4542	-0.084	-0.0072	-0.0299
(25, 31)	false	2.634	0.5414	0.4916	2.802	0.5211	0.4579	-0.168	-0.0203	-0.0336
(25, 31)	true	2.93	0.5299	0.4673	3.04	0.5239	0.4505	0.11	0.006	0.0168
(25, 31)	false	2.936	0.5348	0.5121	2.914	0.5375	0.5439	0.022	0.0027	0.0318
(13, 39)	false	2.944	0.4952	0.4654	2.938	0.4996	0.4617	0.006	0.0044	-0.0037
(13, 39)	false	2.962	0.5181	0.4916	2.798	0.5214	0.5178	0.164	0.0033	0.0262
(13, 39)	false	2.98	0.5181	0.4841	3.082	0.4799	0.5121	-0.102	-0.0381	0.028
(13, 39)	false	3.164	0.4919	0.4505	2.926	0.5339	0.5215	0.238	0.0419	0.071
(13, 39)	false	3.632	0.3823	0.3944	3.76	0.3379	0.3925	-0.128	-0.0444	-0.0019
(13, 39)	false	3.072	0.503	0.471	2.904	0.5243	0.5009	0.168	0.0213	0.0299
(13, 39)	false	3.136	0.497	0.4841	3.022	0.5368	0.5252	0.114	0.0398	0.0411
(13, 39)	true	2.634	0.5414	0.4916	2.828	0.5498	0.471	0.194	-0.0084	0.0206
(13, 39)	false	2.93	0.5299	0.4673	3.028	0.5365	0.4991	-0.098	0.0066	0.0318
(13, 39)	false	2.936	0.5348	0.5121	2.812	0.5328	0.5065	0.124	-0.002	-0.0056
(22, 32)	false	2.944	0.4952	0.4654	2.93	0.5211	0.5009	0.014	0.0259	0.0355
(22, 32)	false	2.962	0.5181	0.4916	2.892	0.5352	0.5196	0.07	0.0171	0.028
(22, 32)	false	2.98	0.5181	0.4841	2.822	0.5443	0.5215	0.158	0.0262	0.0374
(22, 32)	false	3.164	0.4919	0.4505	3.07	0.5018	0.4673	0.094	0.0099	0.0168
(22, 32)	false	3.632	0.3823	0.3944	3.686	0.3943	0.4019	-0.054	0.012	0.0075
(22, 32)	false	3.072	0.503	0.471	3.056	0.5155	0.5028	0.016	0.0125	0.0318
(22, 32)	false	3.136	0.497	0.4841	3.09	0.4965	0.4897	0.046	-0.0005	0.0056
(22, 32)	false	2.634	0.5414	0.4916	2.768	0.543	0.4542	-0.134	0.0016	-0.0374
(22, 32)	true	2.93	0.5299	0.4673	2.918	0.5219	0.4654	-0.012	0.008	0.0019
(22, 32)	false	2.936	0.5348	0.5121	3.054	0.4802	0.514	-0.118	-0.0546	0.0019
(23, 30)	false	2.944	0.4952	0.4654	3.192	0.4499	0.4766	-0.248	-0.0453	0.0112
(23, 30)	false	2.962	0.5181	0.4916	2.748	0.5248	0.5439	0.214	0.0067	0.0523
(23, 30)	false	2.98	0.5181	0.4841	2.754	0.5082	0.5234	0.226	-0.0098	0.0393
(23, 30)	false	3.164	0.4919	0.4505	3.072	0.5138	0.4766	0.092	0.0219	0.0262
(23, 30)	false	3.632	0.3823	0.3944	3.608	0.4138	0.4	0.024	0.0315	0.0056
(23, 30)	true	3.072	0.503	0.471	3.172	0.471	0.4953	0.1	0.032	-0.0243
(23, 30)	false	3.136	0.497	0.4841	2.954	0.5228	0.4841	0.182	0.0257	0
(23, 30)	true	2.634	0.5414	0.4916	2.858	0.5383	0.4766	0.224	0.0032	0.015
(23, 30)	false	2.93	0.5299	0.4673	2.916	0.5056	0.4542	0.014	-0.0243	-0.0131
(23, 30)	false	2.936	0.5348	0.5121	3.05	0.5056	0.4785	-0.114	-0.0292	-0.0336
(31, 55)	true	2.944	0.4952	0.4654	2.946	0.4957	0.4692	0.002	-0.0005	-0.0037
(31, 55)	true	2.962	0.5181	0.4916	2.82	0.5182	0.5121	-0.142	-0.0001	-0.0206
(31, 55)	true	2.98	0.5181	0.4841	2.762	0.5262	0.4897	-0.218	-0.0081	-0.0056
(31, 55)	true	3.164	0.4919	0.4505	3.236	0.4829	0.4673	0.072	0.0091	-0.0168
(31, 55)	false	3.632	0.3823	0.3944	3.626	0.3517	0.4131	0.006	-0.0306	0.0187
(31, 55)	false	3.072	0.503	0.471	3.422	0.4814	0.4935	-0.35	-0.0216	0.0224
(31, 55)	true	3.136	0.497	0.4841	3.204	0.5044	0.4467	0.068	-0.0074	0.0374
(31, 55)	false	2.634	0.5414	0.4916	2.894	0.5404	0.4729	-0.26	-0.001	-0.0187
(31, 55)	true	2.93	0.5299	0.4673	3.134	0.471	0.4187	0.204	0.0589	0.0486
(31, 55)	false	2.936	0.5348	0.5121	2.95	0.5009	0.5121	-0.014	-0.0338	-0
(24, 51)	true	2.944	0.4952	0.4654	3.072	0.4938	0.4935	0.128	0.0014	-0.028
(24, 51)	true	2.962	0.5181	0.4916	2.98	0.5044	0.4841	0.018	0.0137	0.0075
(24, 51)	true	2.98	0.5181	0.4841	3.1	0.4948	0.4822	0.12	0.0233	0.0019
(24, 51)	false	3.164	0.4919	0.4505	3.198	0.4931	0.471	-0.034	0.0012	0.0206
(24, 51)	true	3.632	0.3823	0.3944	3.642	0.3884	0.4	0.01	-0.0061	-0.0056
(24, 51)	true	3.072	0.503	0.471	2.934	0.5177	0.4916	-0.138	-0.0147	-0.0206
(24, 51)	false	3.136	0.497	0.4841	3.25	0.4856	0.4561	-0.114	-0.0114	-0.028
(24, 51)	false	2.634	0.5414	0.4916	2.94	0.5378	0.4879	-0.306	-0.0037	-0.0037
(24, 51)	false	2.93	0.5299	0.4673	2.802	0.5529	0.4579	0.128	0.023	-0.0093
(24, 51)	false	2.936	0.5348	0.5121	2.932	0.5178	0.5196	0.004	-0.0169	0.0075
(3, 51)	false	2.944	0.4952	0.4654	2.784	0.539	0.486	0.16	0.0438	0.0206
(3, 51)	false	2.962	0.5181	0.4916	2.792	0.5245	0.4692	0.17	0.0063	-0.0224
(3, 51)	false	2.98	0.5181	0.4841	2.848	0.5253	0.4879	0.132	0.0073	0.0037
(3, 51)	false	3.164	0.4919	0.4505	2.908	0.5313	0.4935	0.256	0.0394	0.043
(3, 51)	false	3.632	0.3823	0.3944	3.644	0.385	0.3925	-0.012	0.0027	-0.0019
(3, 51)	false	3.072	0.503	0.471	3.078	0.4869	0.4486	-0.006	-0.0161	-0.0224
(3, 51)	false	3.136	0.497	0.4841	2.96	0.5211	0.5065	0.176	0.0241	0.0224
(3, 51)	false	2.634	0.5414	0.4916	3.17	0.4644	0.4953	-0.536	-0.0771	0.0037
(3, 51)	true	2.93	0.5299	0.4673	2.824	0.5299	0.4654	-0.106	-0	0.0019
(3, 51)	false	2.936	0.5348	0.5121	2.984	0.5174	0.5084	-0.048	-0.0174	-0.0037
(31, 37)	false	2.944	0.4952	0.4654	3.02	0.5165	0.4673	-0.076	0.0213	0.0019
(31, 37)	false	2.962	0.5181	0.4916	2.838	0.5551	0.5047	0.124	0.037	0.0131
(31, 37)	false	2.98	0.5181	0.4841	3.006	0.5369	0.4953	-0.026	0.0188	0.0112
(31, 37)	true	3.164	0.4919	0.4505	3.252	0.4728	0.4748	0.088	0.0191	-0.0243
(31, 37)	true	3.632	0.3823	0.3944	3.722	0.3743	0.385	0.09	0.0079	0.0093
(31, 37)	false	3.072	0.503	0.471	3.094	0.5064	0.4804	-0.022	0.0034	0.0093
(31, 37)	true	3.136	0.497	0.4841	3.284	0.4737	0.4579	0.148	0.0234	0.0262
(31, 37)	false	2.634	0.5414	0.4916	2.798	0.5392	0.471	-0.164	-0.0023	-0.0206
(31, 37)	false	2.93	0.5299	0.4673	2.906	0.5167	0.471	0.024	-0.0132	0.0037
(31, 37)	false	2.936	0.5348	0.5121	2.78	0.5565	0.5477	0.156	0.0217	0.0355
(11, 35)	false	2.944	0.4952	0.4654	3.536	0.369	0.4486	-0.592	-0.1262	-0.0168
(11, 35)	false	2.962	0.5181	0.4916	2.908	0.5112	0.486	0.054	-0.0069	-0.0056
(11, 35)	false	2.98	0.5181	0.4841	2.996	0.5041	0.4972	-0.016	-0.0139	0.0131
(11, 35)	true	3.164	0.4919	0.4505	3.214	0.4825	0.4561	0.05	0.0094	-0.0056
(11, 35)	true	3.632	0.3823	0.3944	3.586	0.4065	0.4168	-0.046	-0.0243	-0.0224
(11, 35)	false	3.072	0.503	0.471	3.192	0.4989	0.4766	-0.12	-0.0041	0.0056
(11, 35)	true	3.136	0.497	0.4841	3.232	0.4857	0.4374	0.096	0.0113	0.0467
(11, 35)	false	2.634	0.5414	0.4916	2.814	0.5221	0.4505	-0.18	-0.0194	-0.0411
(11, 35)	true	2.93	0.5299	0.4673	2.744	0.5246	0.4355	-0.186	0.0053	0.0318
(11, 35)	false	2.936	0.5348	0.5121	2.942	0.5164	0.5159	-0.006	-0.0184	0.0037
(22, 33)	false	2.944	0.4952	0.4654	3.334	0.4445	0.4804	-0.39	-0.0507	0.015
(22, 33)	false	2.962	0.5181	0.4916	2.966	0.512	0.5178	-0.004	-0.0061	0.0262
(22, 33)	false	2.98	0.5181	0.4841	2.828	0.5409	0.4991	0.152	0.0229	0.015
(22, 33)	false	3.164	0.4919	0.4505	3.108	0.4915	0.4822	0.056	-0.0004	0.0318
(22, 33)	false	3.632	0.3823	0.3944	3.848	0.3491	0.3925	-0.216	-0.0332	-0.0019
(22, 33)	false	3.072	0.503	0.471	3.006	0.5148	0.5103	0.066	0.0118	0.0393
(22, 33)	false	3.136	0.497	0.4841	2.936	0.5087	0.5009	0.2	0.0116	0.0168
(22, 33)	false	2.634	0.5414	0.4916	2.788	0.5467	0.4879	-0.154	0.0053	-0.0037
(22, 33)	false	2.93	0.5299	0.4673	3.088	0.5122	0.4299	-0.158	-0.0177	-0.0374
(22, 33)	false	2.936	0.5348	0.5121	3.086	0.4987	0.5103	-0.15	-0.0361	-0.0019
(22, 55)	true	2.944	0.4952	0.4654	2.974	0.5063	0.4748	0.03	-0.0111	-0.0093
(22, 55)	true	2.962	0.5181	0.4916	2.972	0.4969	0.4953	0.01	0.0213	-0.0037
(22, 55)	true	2.98	0.5181	0.4841	2.918	0.5106	0.4935	-0.062	0.0075	-0.0093
(22, 55)	false	3.164	0.4919	0.4505	3.326	0.4814	0.4748	-0.162	-0.0105	0.0243
(22, 55)	false	3.632	0.3823	0.3944	3.716	0.3669	0.3794	-0.084	-0.0153	-0.015
(22, 55)	false	3.072	0.503	0.471	3.036	0.4954	0.4393	0.036	-0.0077	-0.0318
(22, 55)	false	3.136	0.497	0.4841	3.392	0.4743	0.4804	-0.256	-0.0228	-0.0037
(22, 55)	false	2.634	0.5414	0.4916	2.79	0.5175	0.4804	-0.156	-0.0239	-0.0112
(22, 55)	true	2.93	0.5299	0.4673	2.846	0.5383	0.415	-0.084	-0.0084	0.0523
(22, 55)	false	2.936	0.5348	0.5121	2.9	0.5284	0.5028	0.036	-0.0064	-0.0093
(6, 49)	false	2.944	0.4952	0.4654	2.954	0.5025	0.4916	-0.01	0.0073	0.0262
(6, 49)	false	2.962	0.5181	0.4916	3.166	0.4519	0.5159	-0.204	-0.0662	0.0243
(6, 49)	false	2.98	0.5181	0.4841	3.142	0.4524	0.5439	-0.162	-0.0656	0.0598
(6, 49)	false	3.164	0.4919	0.4505	3.112	0.4989	0.4617	0.052	0.007	0.0112
(6, 49)	false	3.632	0.3823	0.3944	3.722	0.3793	0.428	-0.09	-0.003	0.0336
(6, 49)	false	3.072	0.503	0.471	3.194	0.473	0.4841	-0.122	-0.03	0.0131
(6, 49)	false	3.136	0.497	0.4841	3.192	0.5078	0.4692	-0.056	0.0107	-0.015
(6, 49)	true	2.634	0.5414	0.4916	3.14	0.4866	0.4486	0.506	0.0549	0.043
(6, 49)	false	2.93	0.5299	0.4673	2.926	0.5085	0.4692	0.004	-0.0214	0.0019
(6, 49)	false	2.936	0.5348	0.5121	2.822	0.5276	0.5196	0.114	-0.0071	0.0075
(12, 38)	false	2.944	0.4952	0.4654	3.04	0.5055	0.4879	-0.096	0.0103	0.0224
(12, 38)	false	2.962	0.5181	0.4916	2.782	0.5223	0.4822	0.18	0.0042	-0.0093
(12, 38)	false	2.98	0.5181	0.4841	2.81	0.5183	0.4822	0.17	0.0003	-0.0019
(12, 38)	true	3.164	0.4919	0.4505	3.254	0.495	0.4935	0.09	-0.0031	-0.043
(12, 38)	false	3.632	0.3823	0.3944	3.568	0.3622	0.4037	0.064	-0.0201	0.0093
(12, 38)	true	3.072	0.503	0.471	3.068	0.5101	0.4897	-0.004	-0.0071	-0.0187
(12, 38)	true	3.136	0.497	0.4841	3.264	0.4893	0.4897	0.128	0.0077	-0.0056
(12, 38)	false	2.634	0.5414	0.4916	2.888	0.5287	0.4617	-0.254	-0.0127	-0.0299
(12, 38)	false	2.93	0.5299	0.4673	3.054	0.5094	0.5009	-0.124	-0.0205	0.0336
(12, 38)	false	2.936	0.5348	0.5121	3.028	0.5247	0.514	-0.092	-0.01	0.0019
(11, 38)	true	2.944	0.4952	0.4654	3.382	0.4595	0.4673	0.438	0.0357	-0.0019
(11, 38)	true	2.962	0.5181	0.4916	3.104	0.4923	0.5271	0.142	0.0258	-0.0355
(11, 38)	true	2.98	0.5181	0.4841	3.044	0.5164	0.5252	0.064	0.0017	-0.0411
(11, 38)	false	3.164	0.4919	0.4505	3.054	0.5061	0.4654	0.11	0.0142	0.015
(11, 38)	false	3.632	0.3823	0.3944	3.71	0.3635	0.4019	-0.078	-0.0188	0.0075
(11, 38)	false	3.072	0.503	0.471	3.046	0.5216	0.5065	0.026	0.0186	0.0355
(11, 38)	false	3.136	0.497	0.4841	3.216	0.4765	0.4393	-0.08	-0.0205	-0.0449
(11, 38)	false	2.634	0.5414	0.4916	2.946	0.4884	0.4561	-0.312	-0.053	-0.0355
(11, 38)	false	2.93	0.5299	0.4673	2.8	0.5164	0.4486	0.13	-0.0135	-0.0187
(11, 38)	false	2.936	0.5348	0.5121	3.138	0.4958	0.4953	-0.202	-0.039	-0.0168