(108, 136)	false	3.34	0.7025	0.3113	3.256	0.7145	0.3704	0.084	0.0119	0.0591
(108, 136)	true	3.708	0.6556	0.2574	3.576	0.6555	0.2817	-0.132	0.0001	-0.0243
(108, 136)	true	3.688	0.6499	0.2643	3.432	0.6715	0.2957	-0.256	-0.0217	-0.0313
(108, 136)	true	3.882	0.5993	0.2522	3.588	0.6668	0.2678	-0.294	-0.0675	-0.0157
(108, 136)	false	3.618	0.6799	0.3478	3.798	0.6592	0.3878	-0.18	-0.0207	0.04
(108, 136)	false	3.248	0.7286	0.3078	3.014	0.7725	0.3757	0.234	0.0439	0.0678
(108, 136)	true	3.742	0.6531	0.2313	3.562	0.675	0.3061	-0.18	-0.0219	-0.0748
(108, 136)	false	3.472	0.7082	0.3426	3.616	0.6913	0.3739	-0.144	-0.0169	0.0313
(108, 136)	true	3.192	0.7155	0.28	3.172	0.7079	0.3061	-0.02	0.0076	-0.0261
(108, 136)	true	3.442	0.7175	0.3565	3.116	0.7462	0.3235	-0.326	-0.0287	0.033
(30, 56)	false	3.34	0.7025	0.3113	3.12	0.7271	0.3513	0.22	0.0246	0.04
(30, 56)	false	3.708	0.6556	0.2574	3.534	0.6783	0.3183	0.174	0.0227	0.0609
(30, 56)	false	3.688	0.6499	0.2643	3.672	0.6646	0.2957	0.016	0.0148	0.0313
(30, 56)	false	3.882	0.5993	0.2522	3.488	0.6673	0.287	0.394	0.068	0.0348
(30, 56)	true	3.618	0.6799	0.3478	4.034	0.6303	0.3357	0.416	0.0496	0.0122
(30, 56)	true	3.248	0.7286	0.3078	3.048	0.7497	0.327	-0.2	-0.0211	-0.0191
(30, 56)	false	3.742	0.6531	0.2313	3.766	0.6576	0.2887	-0.024	0.0045	0.0574
(30, 56)	false	3.472	0.7082	0.3426	3.534	0.6999	0.3478	-0.062	-0.0083	0.0052
(30, 56)	false	3.192	0.7155	0.28	3.122	0.7236	0.327	0.07	0.0081	0.047
(30, 56)	true	3.442	0.7175	0.3565	3.176	0.7232	0.3113	-0.266	-0.0057	0.0452
(112, 128)	false	3.34	0.7025	0.3113	3.252	0.7141	0.3252	0.088	0.0116	0.0139
(112, 128)	false	3.708	0.6556	0.2574	3.686	0.6648	0.3078	0.022	0.0092	0.0504
(112, 128)	false	3.688	0.6499	0.2643	3.584	0.6824	0.3078	0.104	0.0326	0.0435
(112, 128)	false	3.882	0.5993	0.2522	3.686	0.666	0.2991	0.196	0.0667	0.047
(112, 128)	false	3.618	0.6799	0.3478	3.584	0.6884	0.3843	0.034	0.0085	0.0365
(112, 128)	false	3.248	0.7286	0.3078	2.822	0.7816	0.3687	0.426	0.053	0.0609
(112, 128)	false	3.742	0.6531	0.2313	3.82	0.6581	0.3113	-0.078	0.005	0.08
(112, 128)	false	3.472	0.7082	0.3426	3.622	0.6861	0.3565	-0.15	-0.0221	0.0139
(112, 128)	false	3.192	0.7155	0.28	3.352	0.7107	0.2922	-0.16	-0.0049	0.0122
(112, 128)	true	3.442	0.7175	0.3565	3.594	0.6768	0.3148	0.152	0.0407	0.0417
(17, 24)	false	3.34	0.7025	0.3113	3.318	0.7122	0.3374	0.022	0.0097	0.0261
(17, 24)	false	3.708	0.6556	0.2574	3.272	0.711	0.3304	0.436	0.0554	0.073
(17, 24)	false	3.688	0.6499	0.2643	3.522	0.6921	0.3009	0.166	0.0422	0.0365
(17, 24)	false	3.882	0.5993	0.2522	3.542	0.6797	0.3061	0.34	0.0804	0.0539
(17, 24)	false	3.618	0.6799	0.3478	3.858	0.6585	0.3861	-0.24	-0.0215	0.0383
(17, 24)	true	3.248	0.7286	0.3078	3.266	0.7243	0.3652	0.018	0.0043	-0.0574
(17, 24)	false	3.742	0.6531	0.2313	3.518	0.6884	0.3026	0.224	0.0353	0.0713
(17, 24)	false	3.472	0.7082	0.3426	3.376	0.6989	0.3304	0.096	-0.0093	-0.0122
(17, 24)	false	3.192	0.7155	0.28	3.116	0.721	0.3148	0.076	0.0054	0.0348
(17, 24)	true	3.442	0.7175	0.3565	3.428	0.7086	0.3287	-0.014	0.009	0.0278
(40, 47)	false	3.34	0.7025	0.3113	2.98	0.7446	0.3635	0.36	0.0421	0.0522
(40, 47)	false	3.708	0.6556	0.2574	3.644	0.6599	0.2643	0.064	0.0043	0.007
(40, 47)	false	3.688	0.6499	0.2643	3.59	0.6399	0.2278	0.098	-0.01	-0.0365
(40, 47)	false	3.882	0.5993	0.2522	3.588	0.6513	0.2365	0.294	0.052	-0.0157
(40, 47)	true	3.618	0.6799	0.3478	3.788	0.665	0.3583	0.17	0.0149	-0.0104
(40, 47)	false	3.248	0.7286	0.3078	3.042	0.7454	0.3009	0.206	0.0168	-0.007
(40, 47)	false	3.742	0.6531	0.2313	3.75	0.6295	0.2243	-0.008	-0.0237	-0.007
(40, 47)	false	3.472	0.7082	0.3426	3.376	0.7194	0.3652	0.096	0.0112	0.0226
(40, 47)	true	3.192	0.7155	0.28	3.152	0.7123	0.2748	-0.04	0.0032	0.0052
(40, 47)	true	3.442	0.7175	0.3565	3.462	0.7013	0.2922	0.02	0.0162	0.0643
(101, 143)	false	3.34	0.7025	0.3113	3.464	0.6934	0.3235	-0.124	-0.0092	0.0122
(101, 143)	true	3.708	0.6556	0.2574	3.632	0.6671	0.2887	-0.076	-0.0114	-0.0313
(101, 143)	true	3.688	0.6499	0.2643	3.602	0.6623	0.2748	-0.086	-0.0124	-0.0104
(101, 143)	true	3.882	0.5993	0.2522	3.436	0.6806	0.2713	-0.446	-0.0813	-0.0191
(101, 143)	false	3.618	0.6799	0.3478	3.852	0.6683	0.3826	-0.234	-0.0116	0.0348
(101, 143)	true	3.248	0.7286	0.3078	3.152	0.7276	0.3061	-0.096	0.001	0.0017
(101, 143)	true	3.742	0.6531	0.2313	3.63	0.6613	0.2643	-0.112	-0.0082	-0.033
(101, 143)	true	3.472	0.7082	0.3426	3.656	0.6664	0.3357	0.184	0.0418	0.007
(101, 143)	false	3.192	0.7155	0.28	3.17	0.7044	0.3113	0.022	-0.0111	0.0313
(101, 143)	true	3.442	0.7175	0.3565	3.294	0.7063	0.2609	-0.148	0.0113	0.0957
(94, 146)	false	3.34	0.7025	0.3113	3.38	0.7103	0.3165	-0.04	0.0078	0.0052
(94, 146)	false	3.708	0.6556	0.2574	3.806	0.6451	0.2835	-0.098	-0.0105	0.0261
(94, 146)	false	3.688	0.6499	0.2643	4.056	0.6063	0.2383	-0.368	-0.0436	-0.0261
(94, 146)	false	3.882	0.5993	0.2522	3.782	0.6433	0.2452	0.1	0.044	-0.007
(94, 146)	false	3.618	0.6799	0.3478	3.812	0.6628	0.3896	-0.194	-0.0171	0.0417
(94, 146)	true	3.248	0.7286	0.3078	3.176	0.74	0.2922	-0.072	-0.0114	0.0157
(94, 146)	false	3.742	0.6531	0.2313	3.772	0.6407	0.2835	-0.03	-0.0124	0.0522
(94, 146)	false	3.472	0.7082	0.3426	3.532	0.712	0.3548	-0.06	0.0038	0.0122
(94, 146)	false	3.192	0.7155	0.28	3.098	0.7227	0.2939	0.094	0.0072	0.0139
(94, 146)	true	3.442	0.7175	0.3565	3.23	0.7134	0.3061	-0.212	0.0041	0.0504
(25, 69)	false	3.34	0.7025	0.3113	3.122	0.7404	0.353	0.218	0.0379	0.0417
(25, 69)	true	3.708	0.6556	0.2574	3.668	0.6573	0.2591	-0.04	-0.0017	-0.0017
(25, 69)	true	3.688	0.6499	0.2643	3.752	0.5979	0.2452	0.064	0.0519	0.0191
(25, 69)	true	3.882	0.5993	0.2522	3.894	0.6271	0.2713	0.012	-0.0278	-0.0191
(25, 69)	true	3.618	0.6799	0.3478	3.6	0.6862	0.3861	-0.018	-0.0063	-0.0383
(25, 69)	true	3.248	0.7286	0.3078	3.182	0.7341	0.3304	-0.066	-0.0055	-0.0226
(25, 69)	true	3.742	0.6531	0.2313	3.832	0.635	0.2765	0.09	0.0181	-0.0452
(25, 69)	false	3.472	0.7082	0.3426	3.764	0.6712	0.3217	-0.292	-0.037	-0.0209
(25, 69)	true	3.192	0.7155	0.28	3.506	0.6859	0.2678	0.314	0.0296	0.0122
(25, 69)	true	3.442	0.7175	0.3565	3.374	0.7098	0.2713	-0.068	0.0077	0.0852
(32, 110)	true	3.34	0.7025	0.3113	3.362	0.6954	0.3183	0.022	0.0072	-0.007
(32, 110)	false	3.708	0.6556	0.2574	3.564	0.676	0.3287	0.144	0.0204	0.0713
(32, 110)	false	3.688	0.6499	0.2643	3.494	0.6672	0.3026	0.194	0.0173	0.0383
(32, 110)	false	3.882	0.5993	0.2522	3.6	0.6617	0.2957	0.282	0.0624	0.0435
(32, 110)	false	3.618	0.6799	0.3478	4.05	0.6144	0.3565	-0.432	-0.0655	0.0087
(32, 110)	true	3.248	0.7286	0.3078	3.084	0.7405	0.3374	-0.164	-0.0119	-0.0296
(32, 110)	false	3.742	0.6531	0.2313	3.556	0.6676	0.3148	0.186	0.0145	0.0835
(32, 110)	false	3.472	0.7082	0.3426	3.7	0.6739	0.3583	-0.228	-0.0343	0.0157
(32, 110)	true	3.192	0.7155	0.28	3.236	0.702	0.3026	0.044	0.0135	-0.0226
(32, 110)	true	3.442	0.7175	0.3565	3.238	0.7223	0.3339	-0.204	-0.0048	0.0226
(7, 79)	false	3.34	0.7025	0.3113	3.242	0.7185	0.3304	0.098	0.016	0.0191
(7, 79)	false	3.708	0.6556	0.2574	3.442	0.6913	0.2748	0.266	0.0357	0.0174
(7, 79)	false	3.688	0.6499	0.2643	3.514	0.6687	0.2887	0.174	0.0189	0.0243
(7, 79)	false	3.882	0.5993	0.2522	3.696	0.6613	0.2522	0.186	0.062	0
(7, 79)	true	3.618	0.6799	0.3478	3.812	0.6678	0.3791	0.194	0.0122	-0.0313
(7, 79)	false	3.248	0.7286	0.3078	3.076	0.7395	0.3287	0.172	0.0109	0.0209
(7, 79)	false	3.742	0.6531	0.2313	3.462	0.6691	0.247	0.28	0.016	0.0157
(7, 79)	false	3.472	0.7082	0.3426	3.562	0.6939	0.3617	-0.09	-0.0143	0.0191
(7, 79)	false	3.192	0.7155	0.28	3.6	0.6744	0.2696	-0.408	-0.0411	-0.0104
(7, 79)	true	3.442	0.7175	0.3565	3.424	0.7161	0.3217	-0.018	0.0015	0.0348
(39, 103)	false	3.34	0.7025	0.3113	3.4	0.6966	0.32	-0.06	-0.006	0.0087
(39, 103)	true	3.708	0.6556	0.2574	3.552	0.6585	0.2539	-0.156	-0.0029	0.0035
(39, 103)	true	3.688	0.6499	0.2643	3.446	0.6888	0.3165	-0.242	-0.039	-0.0522
(39, 103)	true	3.882	0.5993	0.2522	3.482	0.6819	0.273	-0.4	-0.0826	-0.0209
(39, 103)	true	3.618	0.6799	0.3478	3.96	0.6421	0.3478	0.342	0.0379	0
(39, 103)	false	3.248	0.7286	0.3078	3.158	0.7234	0.2696	0.09	-0.0052	-0.0383
(39, 103)	true	3.742	0.6531	0.2313	3.748	0.65	0.2991	0.006	0.0031	-0.0678
(39, 103)	false	3.472	0.7082	0.3426	3.546	0.6933	0.3478	-0.074	-0.0149	0.0052
(39, 103)	true	3.192	0.7155	0.28	3.116	0.7131	0.3078	-0.076	0.0024	-0.0278
(39, 103)	true	3.442	0.7175	0.3565	3.232	0.7254	0.2852	-0.21	-0.0079	0.0713
(26, 61)	false	3.34	0.7025	0.3113	3.342	0.7108	0.3635	-0.002	0.0083	0.0522
(26, 61)	false	3.708	0.6556	0.2574	3.544	0.6671	0.3165	0.164	0.0114	0.0591
(26, 61)	false	3.688	0.6499	0.2643	3.678	0.6575	0.3165	0.01	0.0076	0.0522
(26, 61)	false	3.882	0.5993	0.2522	3.75	0.6545	0.3096	0.132	0.0552	0.0574
(26, 61)	false	3.618	0.6799	0.3478	3.844	0.6547	0.367	-0.226	-0.0252	0.0191
(26, 61)	false	3.248	0.7286	0.3078	2.844	0.7723	0.3687	0.404	0.0437	0.0609
(26, 61)	false	3.742	0.6531	0.2313	3.622	0.6615	0.3148	0.12	0.0084	0.0835
(26, 61)	false	3.472	0.7082	0.3426	3.382	0.7069	0.3635	0.09	-0.0013	0.0209
(26, 61)	false	3.192	0.7155	0.28	2.936	0.7389	0.3235	0.256	0.0234	0.0435
(26, 61)	true	3.442	0.7175	0.3565	3.058	0.744	0.2974	-0.384	-0.0265	0.0591
(1, 133)	false	3.34	0.7025	0.3113	3.32	0.7005	0.3322	0.02	-0.002	0.0209
(1, 133)	false	3.708	0.6556	0.2574	3.958	0.6314	0.2765	-0.25	-0.0242	0.0191
(1, 133)	false	3.688	0.6499	0.2643	3.614	0.6613	0.3252	0.074	0.0115	0.0609
(1, 133)	false	3.882	0.5993	0.2522	3.54	0.6726	0.3148	0.342	0.0733	0.0626
(1, 133)	false	3.618	0.6799	0.3478	3.746	0.6823	0.3652	-0.128	0.0024	0.0174
(1, 133)	false	3.248	0.7286	0.3078	2.966	0.7589	0.3304	0.282	0.0303	0.0226
(1, 133)	false	3.742	0.6531	0.2313	3.646	0.6639	0.3113	0.096	0.0108	0.08
(1, 133)	true	3.472	0.7082	0.3426	3.452	0.6943	0.3235	-0.02	0.0139	0.0191
(1, 133)	true	3.192	0.7155	0.28	3.33	0.7047	0.3287	0.138	0.0109	-0.0487
(1, 133)	true	3.442	0.7175	0.3565	3.398	0.7037	0.28	-0.044	0.0138	0.0765
(30, 52)	false	3.34	0.7025	0.3113	3.162	0.7185	0.3235	0.178	0.0159	0.0122
(30, 52)	false	3.708	0.6556	0.2574	3.654	0.664	0.2557	0.054	0.0084	-0.0017
(30, 52)	false	3.688	0.6499	0.2643	3.638	0.6654	0.2678	0.05	0.0156	0.0035
(30, 52)	false	3.882	0.5993	0.2522	3.562	0.6621	0.2574	0.32	0.0628	0.0052
(30, 52)	false	3.618	0.6799	0.3478	3.78	0.6551	0.3617	-0.162	-0.0248	0.0139
(30, 52)	false	3.248	0.7286	0.3078	3.096	0.7451	0.3687	0.152	0.0165	0.0609
(30, 52)	false	3.742	0.6531	0.2313	3.514	0.6731	0.3113	0.228	0.02	0.08
(30, 52)	true	3.472	0.7082	0.3426	3.426	0.6939	0.32	-0.046	0.0143	0.0226
(30, 52)	false	3.192	0.7155	0.28	3.12	0.7243	0.3061	0.072	0.0087	0.0261
(30, 52)	true	3.442	0.7175	0.3565	3.562	0.6993	0.3339	0.12	0.0183	0.0226
(14, 73)	false	3.34	0.7025	0.3113	3.338	0.707	0.3426	0.002	0.0045	0.0313
(14, 73)	false	3.708	0.6556	0.2574	3.714	0.6616	0.2835	-0.006	0.006	0.0261
(14, 73)	false	3.688	0.6499	0.2643	3.684	0.6761	0.3043	0.004	0.0262	0.04
(14, 73)	false	3.882	0.5993	0.2522	3.748	0.6674	0.2974	0.134	0.0681	0.0452
(14, 73)	false	3.618	0.6799	0.3478	3.844	0.6659	0.3548	-0.226	-0.0141	0.007
(14, 73)	false	3.248	0.7286	0.3078	3.358	0.7141	0.3148	-0.11	-0.0145	0.007
(14, 73)	false	3.742	0.6531	0.2313	3.678	0.6668	0.2904	0.064	0.0137	0.0591
(14, 73)	true	3.472	0.7082	0.3426	3.438	0.7207	0.3704	-0.034	-0.0125	-0.0278
(14, 73)	false	3.192	0.7155	0.28	3.336	0.7089	0.3148	-0.144	-0.0066	0.0348
(14, 73)	true	3.442	0.7175	0.3565	3.24	0.7173	0.3026	-0.202	0.0002	0.0539
(7, 130)	true	3.34	0.7025	0.3113	3.464	0.6764	0.3252	0.124	0.0261	-0.0139
(7, 130)	false	3.708	0.6556	0.2574	3.566	0.6724	0.3113	0.142	0.0168	0.0539
(7, 130)	false	3.688	0.6499	0.2643	3.662	0.6587	0.2957	0.026	0.0088	0.0313
(7, 130)	false	3.882	0.5993	0.2522	3.638	0.6631	0.2887	0.244	0.0638	0.0365
(7, 130)	false	3.618	0.6799	0.3478	3.956	0.647	0.353	-0.338	-0.0329	0.0052
(7, 130)	false	3.248	0.7286	0.3078	3.128	0.7423	0.3478	0.12	0.0137	0.04
(7, 130)	false	3.742	0.6531	0.2313	3.578	0.6754	0.2835	0.164	0.0222	0.0522
(7, 130)	true	3.472	0.7082	0.3426	3.52	0.691	0.3565	0.048	0.0172	-0.0139
(7, 130)	false	3.192	0.7155	0.28	3.234	0.7122	0.2991	-0.042	-0.0034	0.0191
(7, 130)	true	3.442	0.7175	0.3565	3.266	0.7205	0.273	-0.176	-0.003	0.0835
(10, 131)	false	3.34	0.7025	0.3113	3.274	0.7076	0.3304	0.066	0.0051	0.0191
(10, 131)	false	3.708	0.6556	0.2574	3.796	0.6559	0.3113	-0.088	0.0003	0.0539
(10, 131)	false	3.688	0.6499	0.2643	3.66	0.6694	0.2661	0.028	0.0195	0.0017
(10, 131)	false	3.882	0.5993	0.2522	3.682	0.662	0.28	0.2	0.0627	0.0278
(10, 131)	false	3.618	0.6799	0.3478	3.822	0.651	0.3252	-0.204	-0.029	-0.0226
(10, 131)	false	3.248	0.7286	0.3078	3.244	0.7312	0.3617	0.004	0.0026	0.0539
(10, 131)	false	3.742	0.6531	0.2313	3.648	0.6689	0.2678	0.094	0.0158	0.0365
(10, 131)	false	3.472	0.7082	0.3426	3.234	0.732	0.3965	0.238	0.0238	0.0539
(10, 131)	true	3.192	0.7155	0.28	3.354	0.6991	0.2887	0.162	0.0164	-0.0087
(10, 131)	true	3.442	0.7175	0.3565	3.294	0.7175	0.2922	-0.148	0.0001	0.0643
(46, 61)	false	3.34	0.7025	0.3113	3.062	0.7241	0.3217	0.278	0.0215	0.0104
(46, 61)	false	3.708	0.6556	0.2574	3.722	0.6573	0.2435	-0.014	0.0017	-0.0139
(46, 61)	false	3.688	0.6499	0.2643	3.704	0.6475	0.2696	-0.016	-0.0024	0.0052
(46, 61)	false	3.882	0.5993	0.2522	3.69	0.657	0.2626	0.192	0.0577	0.0104
(46, 61)	false	3.618	0.6799	0.3478	3.758	0.6725	0.3374	-0.14	-0.0074	-0.0104
(46, 61)	true	3.248	0.7286	0.3078	3.108	0.7321	0.3061	-0.14	-0.0035	0.0017
(46, 61)	false	3.742	0.6531	0.2313	3.894	0.6439	0.2574	-0.152	-0.0092	0.0261
(46, 61)	true	3.472	0.7082	0.3426	3.75	0.652	0.327	0.278	0.0561	0.0157
(46, 61)	false	3.192	0.7155	0.28	3.032	0.7327	0.3183	0.16	0.0172	0.0383
(46, 61)	true	3.442	0.7175	0.3565	3.784	0.6667	0.313	0.342	0.0508	0.0435
(36, 106)	false	3.34	0.7025	0.3113	3.29	0.7251	0.353	0.05	0.0226	0.0417
(36, 106)	true	3.708	0.6556	0.2574	3.874	0.6402	0.2574	0.166	0.0154	0
(36, 106)	true	3.688	0.6499	0.2643	3.772	0.642	0.2817	0.084	0.0078	-0.0174
(36, 106)	true	3.882	0.5993	0.2522	3.676	0.6584	0.2643	-0.206	-0.0591	-0.0122
(36, 106)	true	3.618	0.6799	0.3478	3.852	0.6549	0.3687	0.234	0.025	-0.0209
(36, 106)	true	3.248	0.7286	0.3078	3.238	0.7255	0.3026	-0.01	0.0031	0.0052
(36, 106)	true	3.742	0.6531	0.2313	3.946	0.6351	0.2626	0.204	0.018	-0.0313
(36, 106)	false	3.472	0.7082	0.3426	3.39	0.7059	0.3548	0.082	-0.0023	0.0122
(36, 106)	true	3.192	0.7155	0.28	3.21	0.7201	0.2922	0.018	-0.0046	-0.0122
(36, 106)	true	3.442	0.7175	0.3565	3.246	0.7335	0.353	-0.196	-0.016	0.0035
(146, 152)	false	3.34	0.7025	0.3113	3.354	0.7008	0.3096	-0.014	-0.0017	-0.0017
(146, 152)	true	3.708	0.6556	0.2574	3.828	0.6435	0.3026	0.12	0.0121	-0.0452
(146, 152)	true	3.688	0.6499	0.2643	3.828	0.646	0.3061	0.14	0.0039	-0.0417
(146, 152)	true	3.882	0.5993	0.2522	3.85	0.6347	0.2643	-0.032	-0.0354	-0.0122
(146, 152)	true	3.618	0.6799	0.3478	3.688	0.6714	0.3565	0.07	0.0085	-0.0087
(146, 152)	true	3.248	0.7286	0.3078	3.178	0.7334	0.3304	-0.07	-0.0048	-0.0226
(146, 152)	true	3.742	0.6531	0.2313	3.83	0.6512	0.3374	0.088	0.0019	-0.1061
(146, 152)	true	3.472	0.7082	0.3426	3.424	0.7024	0.3791	-0.048	0.0058	-0.0365
(146, 152)	true	3.192	0.7155	0.28	3.48	0.6955	0.2522	0.288	0.02	0.0278
(146, 152)	true	3.442	0.7175	0.3565	3.17	0.7201	0.2852	-0.272	-0.0026	0.0713
(95, 151)	false	3.34	0.7025	0.3113	3.42	0.7054	0.3113	-0.08	0.0028	0
(95, 151)	true	3.708	0.6556	0.2574	3.64	0.6576	0.2383	-0.068	-0.002	0.0191
(95, 151)	true	3.688	0.6499	0.2643	3.672	0.6589	0.24	-0.016	-0.0091	0.0243
(95, 151)	true	3.882	0.5993	0.2522	3.758	0.6416	0.2174	-0.124	-0.0423	0.0348
(95, 151)	false	3.618	0.6799	0.3478	3.954	0.6496	0.36	-0.336	-0.0303	0.0122
(95, 151)	true	3.248	0.7286	0.3078	3.046	0.7548	0.3478	-0.202	-0.0262	-0.04
(95, 151)	true	3.742	0.6531	0.2313	3.786	0.6431	0.2209	0.044	0.01	0.0104
(95, 151)	false	3.472	0.7082	0.3426	3.476	0.7125	0.3583	-0.004	0.0043	0.0157
(95, 151)	true	3.192	0.7155	0.28	3.274	0.6873	0.2487	0.082	0.0282	0.0313
(95, 151)	true	3.442	0.7175	0.3565	3.248	0.7284	0.3374	-0.194	-0.0109	0.0191
(28, 65)	false	3.34	0.7025	0.3113	3.284	0.7038	0.327	0.056	0.0013	0.0157
(28, 65)	false	3.708	0.6556	0.2574	3.644	0.663	0.3391	0.064	0.0074	0.0817
(28, 65)	false	3.688	0.6499	0.2643	3.764	0.6583	0.2765	-0.076	0.0084	0.0122
(28, 65)	false	3.882	0.5993	0.2522	3.458	0.6881	0.3652	0.424	0.0888	0.113
(28, 65)	true	3.618	0.6799	0.3478	3.772	0.6624	0.3513	0.154	0.0176	-0.0035
(28, 65)	false	3.248	0.7286	0.3078	3.01	0.7518	0.3617	0.238	0.0232	0.0539
(28, 65)	false	3.742	0.6531	0.2313	3.704	0.6574	0.3217	0.038	0.0043	0.0904
(28, 65)	false	3.472	0.7082	0.3426	3.446	0.713	0.3739	0.026	0.0048	0.0313
(28, 65)	false	3.192	0.7155	0.28	3.434	0.6829	0.3148	-0.242	-0.0326	0.0348
(28, 65)	true	3.442	0.7175	0.3565	3.248	0.7236	0.3478	-0.194	-0.0061	0.0087
(42, 99)	true	3.34	0.7025	0.3113	3.114	0.7305	0.3478	-0.226	-0.0279	-0.0365
(42, 99)	false	3.708	0.6556	0.2574	3.53	0.7007	0.2957	0.178	0.0451	0.0383
(42, 99)	false	3.688	0.6499	0.2643	3.54	0.6926	0.3148	0.148	0.0427	0.0504
(42, 99)	false	3.882	0.5993	0.2522	3.396	0.7063	0.3148	0.486	0.107	0.0626
(42, 99)	false	3.618	0.6799	0.3478	3.708	0.6793	0.3774	-0.09	-0.0006	0.0296
(42, 99)	true	3.248	0.7286	0.3078	3.122	0.7459	0.3617	-0.126	-0.0173	-0.0539
(42, 99)	false	3.742	0.6531	0.2313	3.458	0.7002	0.2922	0.284	0.0471	0.0609
(42, 99)	true	3.472	0.7082	0.3426	4.102	0.5501	0.2696	0.63	0.1581	0.073
(42, 99)	true	3.192	0.7155	0.28	3.62	0.6708	0.24	0.428	0.0447	0.04
(42, 99)	true	3.442	0.7175	0.3565	3.396	0.6909	0.2522	-0.046	0.0266	0.1043
(28, 110)	false	3.34	0.7025	0.3113	3.234	0.7015	0.3217	0.106	-0.001	0.0104
(28, 110)	true	3.708	0.6556	0.2574	3.906	0.5829	0.2539	0.198	0.0727	0.0035
(28, 110)	true	3.688	0.6499	0.2643	3.778	0.6524	0.2991	0.09	-0.0025	-0.0348
(28, 110)	true	3.882	0.5993	0.2522	3.966	0.5342	0.2452	0.084	0.0651	0.007
(28, 110)	false	3.618	0.6799	0.3478	3.758	0.6655	0.3652	-0.14	-0.0145	0.0174
(28, 110)	false	3.248	0.7286	0.3078	3.044	0.7501	0.2957	0.204	0.0215	-0.0122
(28, 110)	true	3.742	0.6531	0.2313	3.802	0.6096	0.2626	0.06	0.0435	-0.0313
(28, 110)	false	3.472	0.7082	0.3426	3.19	0.7236	0.3774	0.282	0.0154	0.0348
(28, 110)	false	3.192	0.7155	0.28	3.388	0.69	0.2991	-0.196	-0.0255	0.0191
(28, 110)	true	3.442	0.7175	0.3565	3.474	0.6903	0.2974	0.032	0.0273	0.0591
(94, 149)	false	3.34	0.7025	0.3113	3.504	0.702	0.3409	-0.164	-0.0006	0.0296
(94, 149)	true	3.708	0.6556	0.2574	3.814	0.6515	0.2678	0.106	0.0041	-0.0104
(94, 149)	true	3.688	0.6499	0.2643	3.8	0.6479	0.2765	0.112	0.002	-0.0122
(94, 149)	true	3.882	0.5993	0.2522	3.732	0.6717	0.2817	-0.15	-0.0724	-0.0296
(94, 149)	true	3.618	0.6799	0.3478	3.924	0.6666	0.3478	0.306	0.0133	0
(94, 149)	false	3.248	0.7286	0.3078	3.256	0.7151	0.3096	-0.008	-0.0135	0.0017
(94, 149)	true	3.742	0.6531	0.2313	3.836	0.6501	0.2765	0.094	0.003	-0.0452
(94, 149)	false	3.472	0.7082	0.3426	3.436	0.7229	0.3426	0.036	0.0147	-0
(94, 149)	false	3.192	0.7155	0.28	3.384	0.6958	0.32	-0.192	-0.0197	0.04
(94, 149)	true	3.442	0.7175	0.3565	3.278	0.7166	0.2957	-0.164	0.001	0.0609
(26, 56)	false	3.34	0.7025	0.3113	3.198	0.7264	0.3252	0.142	0.0239	0.0139
(26, 56)	true	3.708	0.6556	0.2574	3.728	0.637	0.2504	0.02	0.0186	0.007
(26, 56)	true	3.688	0.6499	0.2643	3.7	0.6351	0.2748	0.012	0.0148	-0.0104
(26, 56)	true	3.882	0.5993	0.2522	3.798	0.631	0.2713	-0.084	-0.0317	-0.0191
(26, 56)	false	3.618	0.6799	0.3478	3.806	0.6562	0.3461	-0.188	-0.0237	-0.0017
(26, 56)	false	3.248	0.7286	0.3078	3.088	0.7397	0.327	0.16	0.0111	0.0191
(26, 56)	true	3.742	0.6531	0.2313	3.8	0.6323	0.2643	0.058	0.0208	-0.033
(26, 56)	true	3.472	0.7082	0.3426	3.554	0.6936	0.3252	0.082	0.0146	0.0174
(26, 56)	false	3.192	0.7155	0.28	3.092	0.7217	0.2957	0.1	0.0062	0.0157
(26, 56)	true	3.442	0.7175	0.3565	3.344	0.713	0.2887	-0.098	0.0045	0.0678
(21, 65)	true	3.34	0.7025	0.3113	3.49	0.6998	0.3513	0.15	0.0027	-0.04
(21, 65)	false	3.708	0.6556	0.2574	3.776	0.6483	0.2678	-0.068	-0.0073	0.0104
(21, 65)	false	3.688	0.6499	0.2643	3.494	0.6793	0.2852	0.194	0.0294	0.0209
(21, 65)	false	3.882	0.5993	0.2522	3.846	0.6525	0.2939	0.036	0.0532	0.0417
(21, 65)	true	3.618	0.6799	0.3478	3.818	0.6524	0.3287	0.2	0.0275	0.0191
(21, 65)	false	3.248	0.7286	0.3078	2.87	0.7651	0.3722	0.378	0.0365	0.0643
(21, 65)	false	3.742	0.6531	0.2313	3.592	0.6847	0.313	0.15	0.0316	0.0817
(21, 65)	false	3.472	0.7082	0.3426	3.438	0.7024	0.3583	0.034	-0.0058	0.0157
(21, 65)	false	3.192	0.7155	0.28	3.294	0.7064	0.3078	-0.102	-0.0091	0.0278
(21, 65)	true	3.442	0.7175	0.3565	3.42	0.7105	0.3339	-0.022	0.007	0.0226
(93, 99)	false	3.34	0.7025	0.3113	3.434	0.6988	0.3148	-0.094	-0.0037	0.0035
(93, 99)	true	3.708	0.6556	0.2574	3.654	0.681	0.2557	-0.054	-0.0253	0.0017
(93, 99)	true	3.688	0.6499	0.2643	3.502	0.6862	0.2817	-0.186	-0.0364	-0.0174
(93, 99)	true	3.882	0.5993	0.2522	3.59	0.6843	0.2696	-0.292	-0.085	-0.0174
(93, 99)	false	3.618	0.6799	0.3478	3.788	0.6665	0.3948	-0.17	-0.0135	0.047
(93, 99)	false	3.248	0.7286	0.3078	3.032	0.7508	0.3374	0.216	0.0222	0.0296
(93, 99)	true	3.742	0.6531	0.2313	3.668	0.6754	0.287	-0.074	-0.0223	-0.0557
(93, 99)	false	3.472	0.7082	0.3426	3.822	0.6742	0.3513	-0.35	-0.034	0.0087
(93, 99)	false	3.192	0.7155	0.28	3.112	0.7177	0.36	0.08	0.0022	0.08
(93, 99)	true	3.442	0.7175	0.3565	3.142	0.7284	0.3183	-0.3	-0.0109	0.0383
(76, 134)	false	3.34	0.7025	0.3113	3.292	0.716	0.3443	0.048	0.0135	0.033
(76, 134)	false	3.708	0.6556	0.2574	3.634	0.6768	0.2904	0.074	0.0212	0.033
(76, 134)	false	3.688	0.6499	0.2643	3.67	0.6758	0.2957	0.018	0.026	0.0313
(76, 134)	false	3.882	0.5993	0.2522	3.754	0.6711	0.2904	0.128	0.0718	0.0383
(76, 134)	true	3.618	0.6799	0.3478	3.852	0.6488	0.3339	0.234	0.0311	0.0139
(76, 134)	true	3.248	0.7286	0.3078	3.224	0.73	0.3061	-0.024	-0.0014	0.0017
(76, 134)	false	3.742	0.6531	0.2313	3.564	0.6797	0.313	0.178	0.0266	0.0817
(76, 134)	true	3.472	0.7082	0.3426	3.996	0.6242	0.3096	0.524	0.084	0.033
(76, 134)	false	3.192	0.7155	0.28	3.6	0.6645	0.2835	-0.408	-0.051	0.0035
(76, 134)	true	3.442	0.7175	0.3565	3.328	0.7248	0.3078	-0.114	-0.0073	0.0487
(9, 127)	false	3.34	0.7025	0.3113	3.374	0.6993	0.3339	-0.034	-0.0033	0.0226
(9, 127)	false	3.708	0.6556	0.2574	3.458	0.6786	0.3391	0.25	0.023	0.0817
(9, 127)	false	3.688	0.6499	0.2643	3.562	0.6739	0.287	0.126	0.024	0.0226
(9, 127)	false	3.882	0.5993	0.2522	3.644	0.6529	0.3096	0.238	0.0536	0.0574
(9, 127)	false	3.618	0.6799	0.3478	3.764	0.668	0.367	-0.146	-0.0119	0.0191
(9, 127)	false	3.248	0.7286	0.3078	3.172	0.7421	0.3148	0.076	0.0135	0.007
(9, 127)	false	3.742	0.6531	0.2313	3.558	0.6663	0.3287	0.184	0.0132	0.0974
(9, 127)	false	3.472	0.7082	0.3426	3.188	0.7363	0.3809	0.284	0.0281	0.0383
(9, 127)	false	3.192	0.7155	0.28	3.114	0.7161	0.3043	0.078	0.0006	0.0243
(9, 127)	true	3.442	0.7175	0.3565	3.518	0.694	0.3009	0.076	0.0236	0.0557
(75, 86)	false	3.34	0.7025	0.3113	3.156	0.7257	0.3183	0.184	0.0232	0.007
(75, 86)	false	3.708	0.6556	0.2574	3.676	0.6608	0.2661	0.032	0.0052	0.0087
(75, 86)	false	3.688	0.6499	0.2643	3.576	0.6713	0.247	0.112	0.0215	-0.0174
(75, 86)	false	3.882	0.5993	0.2522	3.452	0.6652	0.2383	0.43	0.0659	-0.0139
(75, 86)	false	3.618	0.6799	0.3478	3.59	0.6858	0.3896	0.028	0.0059	0.0417
(75, 86)	false	3.248	0.7286	0.3078	3.01	0.7544	0.353	0.238	0.0258	0.0452
(75, 86)	false	3.742	0.6531	0.2313	3.758	0.6483	0.2452	-0.016	-0.0048	0.0139
(75, 86)	true	3.472	0.7082	0.3426	3.282	0.7241	0.3652	-0.19	-0.0159	-0.0226
(75, 86)	true	3.192	0.7155	0.28	3.742	0.6377	0.2539	0.55	0.0778	0.0261
(75, 86)	true	3.442	0.7175	0.3565	3.358	0.714	0.313	-0.084	0.0035	0.0435
(10, 76)	false	3.34	0.7025	0.3113	3.156	0.7245	0.367	0.184	0.022	0.0557
(10, 76)	false	3.708	0.6556	0.2574	3.382	0.7087	0.3026	0.326	0.0531	0.0452
(10, 76)	false	3.688	0.6499	0.2643	3.438	0.6925	0.2835	0.25	0.0427	0.0191
(10, 76)	false	3.882	0.5993	0.2522	3.624	0.6731	0.2591	0.258	0.0738	0.007
(10, 76)	true	3.618	0.6799	0.3478	3.494	0.696	0.3861	-0.124	-0.0161	-0.0383
(10, 76)	false	3.248	0.7286	0.3078	3.06	0.7476	0.3461	0.188	0.019	0.0383
(10, 76)	false	3.742	0.6531	0.2313	3.414	0.7055	0.2991	0.328	0.0524	0.0678
(10, 76)	false	3.472	0.7082	0.3426	3.448	0.713	0.3965	0.024	0.0048	0.0539
(10, 76)	false	3.192	0.7155	0.28	3.348	0.6964	0.3322	-0.156	-0.0191	0.0522
(10, 76)	true	3.442	0.7175	0.3565	3.3	0.7262	0.3461	-0.142	-0.0087	0.0104
(91, 145)	false	3.34	0.7025	0.3113	3.254	0.7103	0.367	0.086	0.0078	0.0557
(91, 145)	false	3.708	0.6556	0.2574	3.864	0.6536	0.3078	-0.156	-0.002	0.0504
(91, 145)	false	3.688	0.6499	0.2643	3.71	0.6591	0.2783	-0.022	0.0092	0.0139
(91, 145)	false	3.882	0.5993	0.2522	3.748	0.6517	0.273	0.134	0.0524	0.0209
(91, 145)	false	3.618	0.6799	0.3478	3.866	0.6575	0.3443	-0.248	-0.0224	-0.0035
(91, 145)	false	3.248	0.7286	0.3078	3.15	0.7304	0.3043	0.098	0.0018	-0.0035
(91, 145)	false	3.742	0.6531	0.2313	3.74	0.6714	0.3217	0.002	0.0183	0.0904
(91, 145)	false	3.472	0.7082	0.3426	3.314	0.717	0.3513	0.158	0.0088	0.0087
(91, 145)	false	3.192	0.7155	0.28	3.318	0.6861	0.3078	-0.126	-0.0294	0.0278
(91, 145)	true	3.442	0.7175	0.3565	3.216	0.7173	0.3165	-0.226	0.0002	0.04
(25, 62)	false	3.34	0.7025	0.3113	3.156	0.7146	0.3513	0.184	0.0121	0.04
(25, 62)	false	3.708	0.6556	0.2574	3.49	0.6922	0.327	0.218	0.0366	0.0696
(25, 62)	false	3.688	0.6499	0.2643	3.55	0.6904	0.2991	0.138	0.0406	0.0348
(25, 62)	false	3.882	0.5993	0.2522	3.744	0.6661	0.2939	0.138	0.0668	0.0417
(25, 62)	false	3.618	0.6799	0.3478	3.852	0.6424	0.3443	-0.234	-0.0375	-0.0035
(25, 62)	false	3.248	0.7286	0.3078	3.072	0.7374	0.3496	0.176	0.0088	0.0417
(25, 62)	false	3.742	0.6531	0.2313	3.764	0.6617	0.287	-0.022	0.0085	0.0557
(25, 62)	false	3.472	0.7082	0.3426	3.27	0.7189	0.3409	0.202	0.0107	-0.0017
(25, 62)	false	3.192	0.7155	0.28	3.242	0.7045	0.2835	-0.05	-0.0111	0.0035
(25, 62)	true	3.442	0.7175	0.3565	3.276	0.7193	0.3391	-0.166	-0.0018	0.0174
(22, 66)	true	3.34	0.7025	0.3113	3.29	0.7108	0.327	-0.05	-0.0082	-0.0157
(22, 66)	false	3.708	0.6556	0.2574	3.818	0.6551	0.2765	-0.11	-0.0005	0.0191
(22, 66)	false	3.688	0.6499	0.2643	3.822	0.6365	0.2487	-0.134	-0.0134	-0.0157
(22, 66)	false	3.882	0.5993	0.2522	3.718	0.6501	0.2557	0.164	0.0508	0.0035
(22, 66)	false	3.618	0.6799	0.3478	3.882	0.6572	0.3617	-0.264	-0.0228	0.0139
(22, 66)	true	3.248	0.7286	0.3078	3.236	0.7301	0.2678	-0.012	-0.0015	0.04
(22, 66)	false	3.742	0.6531	0.2313	3.87	0.64	0.2591	-0.128	-0.0131	0.0278
(22, 66)	true	3.472	0.7082	0.3426	3.472	0.6979	0.3722	0	0.0103	-0.0296
(22, 66)	true	3.192	0.7155	0.28	3.306	0.7	0.28	0.114	0.0156	0
(22, 66)	false	3.442	0.7175	0.3565	3.29	0.7136	0.3096	0.152	-0.0039	-0.047
(13, 123)	false	3.34	0.7025	0.3113	3.294	0.6875	0.273	0.046	-0.0151	-0.0383
(13, 123)	false	3.708	0.6556	0.2574	3.676	0.6539	0.2748	0.032	-0.0017	0.0174
(13, 123)	false	3.688	0.6499	0.2643	3.448	0.6797	0.2696	0.24	0.0299	0.0052
(13, 123)	false	3.882	0.5993	0.2522	3.476	0.6746	0.287	0.406	0.0753	0.0348
(13, 123)	false	3.618	0.6799	0.3478	3.47	0.7136	0.3913	0.148	0.0337	0.0435
(13, 123)	false	3.248	0.7286	0.3078	3.246	0.7256	0.2974	0.002	-0.003	-0.0104
(13, 123)	false	3.742	0.6531	0.2313	3.436	0.6747	0.2783	0.306	0.0216	0.047
(13, 123)	false	3.472	0.7082	0.3426	3.54	0.6985	0.3809	-0.068	-0.0097	0.0383
(13, 123)	false	3.192	0.7155	0.28	3.18	0.7148	0.3096	0.012	-0.0007	0.0296
(13, 123)	false	3.442	0.7175	0.3565	3.138	0.7431	0.3617	0.304	0.0256	0.0052
(22, 63)	false	3.34	0.7025	0.3113	3.314	0.7172	0.3461	0.026	0.0147	0.0348
(22, 63)	false	3.708	0.6556	0.2574	4.052	0.6177	0.3304	-0.344	-0.038	0.073
(22, 63)	false	3.688	0.6499	0.2643	3.67	0.6521	0.2991	0.018	0.0022	0.0348
(22, 63)	false	3.882	0.5993	0.2522	3.904	0.6274	0.2957	-0.022	0.0281	0.0435
(22, 63)	false	3.618	0.6799	0.3478	4.056	0.6379	0.3704	-0.438	-0.042	0.0226
(22, 63)	false	3.248	0.7286	0.3078	3.128	0.7295	0.3391	0.12	0.001	0.0313
(22, 63)	false	3.742	0.6531	0.2313	3.964	0.6413	0.3165	-0.222	-0.0119	0.0852
(22, 63)	true	3.472	0.7082	0.3426	3.442	0.7059	0.3461	-0.03	0.0023	-0.0035
(22, 63)	false	3.192	0.7155	0.28	3.064	0.7226	0.3148	0.128	0.0071	0.0348
(22, 63)	false	3.442	0.7175	0.3565	3.054	0.7292	0.3461	0.388	0.0116	-0.0104
(29, 61)	false	3.34	0.7025	0.3113	3.3	0.7016	0.3304	0.04	-0.001	0.0191
(29, 61)	false	3.708	0.6556	0.2574	3.606	0.6736	0.2643	0.102	0.018	0.007
(29, 61)	false	3.688	0.6499	0.2643	3.678	0.6742	0.2539	0.01	0.0244	-0.0104
(29, 61)	false	3.882	0.5993	0.2522	3.566	0.6664	0.2643	0.316	0.0671	0.0122
(29, 61)	true	3.618	0.6799	0.3478	3.954	0.6503	0.3565	0.336	0.0296	-0.0087
(29, 61)	true	3.248	0.7286	0.3078	3.122	0.7477	0.3391	-0.126	-0.0191	-0.0313
(29, 61)	false	3.742	0.6531	0.2313	3.612	0.676	0.2696	0.13	0.0229	0.0383
(29, 61)	false	3.472	0.7082	0.3426	3.36	0.714	0.3409	0.112	0.0058	-0.0017
(29, 61)	false	3.192	0.7155	0.28	3.086	0.7126	0.2852	0.106	-0.0029	0.0052
(29, 61)	false	3.442	0.7175	0.3565	3.278	0.718	0.3513	0.164	0.0004	-0.0052
(24, 114)	false	3.34	0.7025	0.3113	3.364	0.7051	0.3148	-0.024	0.0026	0.0035
(24, 114)	false	3.708	0.6556	0.2574	3.74	0.6487	0.2713	-0.032	-0.0069	0.0139
(24, 114)	false	3.688	0.6499	0.2643	3.6	0.6877	0.2887	0.088	0.0379	0.0243
(24, 114)	false	3.882	0.5993	0.2522	3.586	0.6651	0.2417	0.296	0.0658	-0.0104
(24, 114)	false	3.618	0.6799	0.3478	3.344	0.7113	0.3983	0.274	0.0314	0.0504
(24, 114)	false	3.248	0.7286	0.3078	3.26	0.7221	0.3183	-0.012	-0.0065	0.0104
(24, 114)	false	3.742	0.6531	0.2313	3.804	0.6392	0.2417	-0.062	-0.0139	0.0104
(24, 114)	false	3.472	0.7082	0.3426	3.168	0.7279	0.3774	0.304	0.0197	0.0348
(24, 114)	true	3.192	0.7155	0.28	3.146	0.7279	0.287	-0.046	-0.0124	-0.007
(24, 114)	false	3.442	0.7175	0.3565	3.148	0.7408	0.3496	0.294	0.0232	-0.007
(75, 82)	true	3.34	0.7025	0.3113	3.224	0.715	0.2887	-0.116	-0.0125	0.0226
(75, 82)	false	3.708	0.6556	0.2574	3.598	0.6681	0.2678	0.11	0.0124	0.0104
(75, 82)	false	3.688	0.6499	0.2643	3.676	0.6464	0.2713	0.012	-0.0035	0.007
(75, 82)	false	3.882	0.5993	0.2522	3.584	0.6537	0.2435	0.298	0.0543	-0.0087
(75, 82)	true	3.618	0.6799	0.3478	3.918	0.6448	0.3426	0.3	0.0351	0.0052
(75, 82)	true	3.248	0.7286	0.3078	3.196	0.7185	0.3287	-0.052	0.0101	-0.0209
(75, 82)	false	3.742	0.6531	0.2313	3.628	0.6698	0.2835	0.114	0.0167	0.0522
(75, 82)	true	3.472	0.7082	0.3426	3.448	0.6963	0.353	-0.024	0.0119	-0.0104
(75, 82)	false	3.192	0.7155	0.28	3.226	0.7089	0.3113	-0.034	-0.0066	0.0313
(75, 82)	false	3.442	0.7175	0.3565	3.402	0.7053	0.2852	0.04	-0.0122	-0.0713
(24, 65)	false	3.34	0.7025	0.3113	3.234	0.7082	0.3078	0.106	0.0057	-0.0035
(24, 65)	false	3.708	0.6556	0.2574	3.308	0.6906	0.3043	0.4	0.035	0.047
(24, 65)	false	3.688	0.6499	0.2643	3.514	0.6737	0.3252	0.174	0.0239	0.0609
(24, 65)	false	3.882	0.5993	0.2522	3.412	0.6855	0.3287	0.47	0.0862	0.0765
(24, 65)	false	3.618	0.6799	0.3478	3.756	0.6626	0.3409	-0.138	-0.0173	-0.007
(24, 65)	false	3.248	0.7286	0.3078	3.276	0.7201	0.3113	-0.028	-0.0085	0.0035
(24, 65)	false	3.742	0.6531	0.2313	3.552	0.6745	0.327	0.19	0.0214	0.0957
(24, 65)	false	3.472	0.7082	0.3426	3.546	0.7044	0.3548	-0.074	-0.0038	0.0122
(24, 65)	false	3.192	0.7155	0.28	3.208	0.7123	0.3322	-0.016	-0.0032	0.0522
(24, 65)	false	3.442	0.7175	0.3565	3.17	0.7256	0.3217	0.272	0.0081	-0.0348
(26, 66)	false	3.34	0.7025	0.3113	3.374	0.6866	0.3096	-0.034	-0.0159	-0.0017
(26, 66)	false	3.708	0.6556	0.2574	3.674	0.6556	0.3217	0.034	0	0.0643
(26, 66)	false	3.688	0.6499	0.2643	3.596	0.6674	0.3235	0.092	0.0176	0.0591
(26, 66)	false	3.882	0.5993	0.2522	3.568	0.6675	0.32	0.314	0.0682	0.0678
(26, 66)	true	3.618	0.6799	0.3478	3.742	0.6687	0.3096	0.124	0.0112	0.0383
(26, 66)	false	3.248	0.7286	0.3078	3.154	0.7259	0.3287	0.094	-0.0027	0.0209
(26, 66)	false	3.742	0.6531	0.2313	3.712	0.6535	0.327	0.03	0.0004	0.0957
(26, 66)	true	3.472	0.7082	0.3426	3.42	0.7073	0.3426	-0.052	0.0009	0
(26, 66)	false	3.192	0.7155	0.28	3.258	0.7014	0.2922	-0.066	-0.0142	0.0122
(26, 66)	false	3.442	0.7175	0.3565	3.202	0.7355	0.3443	0.24	0.018	-0.0122
(21, 69)	true	3.34	0.7025	0.3113	3.286	0.7196	0.3252	-0.054	-0.017	-0.0139
(21, 69)	false	3.708	0.6556	0.2574	3.7	0.6615	0.2626	0.008	0.0059	0.0052
(21, 69)	false	3.688	0.6499	0.2643	3.638	0.6796	0.2696	0.05	0.0297	0.0052
(21, 69)	false	3.882	0.5993	0.2522	3.606	0.6625	0.2643	0.276	0.0632	0.0122
(21, 69)	true	3.618	0.6799	0.3478	3.994	0.6489	0.3652	0.376	0.031	-0.0174
(21, 69)	false	3.248	0.7286	0.3078	2.958	0.7643	0.367	0.29	0.0357	0.0591
(21, 69)	false	3.742	0.6531	0.2313	3.882	0.6492	0.2452	-0.14	-0.0039	0.0139
(21, 69)	false	3.472	0.7082	0.3426	3.546	0.6914	0.3287	-0.074	-0.0168	-0.0139
(21, 69)	true	3.192	0.7155	0.28	3.258	0.7088	0.2626	0.066	0.0067	0.0174
(21, 69)	false	3.442	0.7175	0.3565	3.302	0.7204	0.2991	0.14	0.0029	-0.0574
(87, 145)	true	3.34	0.7025	0.3113	3.336	0.7063	0.2904	-0.004	-0.0038	0.0209
(87, 145)	false	3.708	0.6556	0.2574	3.212	0.7115	0.3096	0.496	0.0559	0.0522
(87, 145)	false	3.688	0.6499	0.2643	3.336	0.6998	0.327	0.352	0.0499	0.0626
(87, 145)	false	3.882	0.5993	0.2522	3.34	0.7006	0.3235	0.542	0.1013	0.0713
(87, 145)	true	3.618	0.6799	0.3478	3.722	0.6571	0.353	0.104	0.0228	-0.0052
(87, 145)	true	3.248	0.7286	0.3078	3.082	0.7262	0.2783	-0.166	0.0024	0.0296
(87, 145)	false	3.742	0.6531	0.2313	3.414	0.6852	0.2852	0.328	0.0321	0.0539
(87, 145)	false	3.472	0.7082	0.3426	3.276	0.7299	0.3826	0.196	0.0217	0.04
(87, 145)	false	3.192	0.7155	0.28	3.224	0.7137	0.2974	-0.032	-0.0018	0.0174
(87, 145)	false	3.442	0.7175	0.3565	3.002	0.751	0.3339	0.44	0.0334	-0.0226
(9, 126)	false	3.34	0.7025	0.3113	3.36	0.6994	0.2991	-0.02	-0.0031	-0.0122
(9, 126)	false	3.708	0.6556	0.2574	3.588	0.6651	0.2557	0.12	0.0095	-0.0017
(9, 126)	false	3.688	0.6499	0.2643	3.65	0.6591	0.2557	0.038	0.0092	-0.0087
(9, 126)	false	3.882	0.5993	0.2522	3.712	0.646	0.3026	0.17	0.0467	0.0504
(9, 126)	true	3.618	0.6799	0.3478	3.91	0.655	0.353	0.292	0.0249	-0.0052
(9, 126)	false	3.248	0.7286	0.3078	3.036	0.7505	0.2974	0.212	0.0219	-0.0104
(9, 126)	false	3.742	0.6531	0.2313	3.866	0.642	0.2574	-0.124	-0.0111	0.0261
(9, 126)	true	3.472	0.7082	0.3426	3.362	0.7269	0.3739	-0.11	-0.0187	-0.0313
(9, 126)	false	3.192	0.7155	0.28	3.03	0.7312	0.3252	0.162	0.0157	0.0452
(9, 126)	false	3.442	0.7175	0.3565	3.448	0.699	0.3287	-0.006	-0.0185	-0.0278
(2, 134)	false	3.34	0.7025	0.3113	3.302	0.7114	0.3513	0.038	0.0088	0.04
(2, 134)	true	3.708	0.6556	0.2574	3.606	0.6633	0.2661	-0.102	-0.0077	-0.0087
(2, 134)	true	3.688	0.6499	0.2643	3.522	0.6771	0.2887	-0.166	-0.0273	-0.0243
(2, 134)	true	3.882	0.5993	0.2522	3.764	0.6499	0.24	-0.118	-0.0506	0.0122
(2, 134)	true	3.618	0.6799	0.3478	3.7	0.6739	0.3565	0.082	0.006	-0.0087
(2, 134)	false	3.248	0.7286	0.3078	3.096	0.7351	0.3461	0.152	0.0065	0.0383
(2, 134)	true	3.742	0.6531	0.2313	3.522	0.6784	0.2783	-0.22	-0.0253	-0.047
(2, 134)	false	3.472	0.7082	0.3426	3.656	0.6791	0.3443	-0.184	-0.0291	0.0017
(2, 134)	false	3.192	0.7155	0.28	3.176	0.7261	0.2852	0.016	0.0106	0.0052
(2, 134)	false	3.442	0.7175	0.3565	3.32	0.7157	0.3113	0.122	-0.0019	-0.0452
(115, 123)	false	3.34	0.7025	0.3113	3.146	0.7233	0.3687	0.194	0.0207	0.0574
(115, 123)	false	3.708	0.6556	0.2574	4.33	0.5031	0.1983	-0.622	-0.1525	-0.0591
(115, 123)	false	3.688	0.6499	0.2643	3.862	0.6327	0.2435	-0.174	-0.0172	-0.0209
(115, 123)	false	3.882	0.5993	0.2522	3.666	0.6508	0.2313	0.216	0.0515	-0.0209
(115, 123)	false	3.618	0.6799	0.3478	3.856	0.6559	0.3565	-0.238	-0.024	0.0087
(115, 123)	false	3.248	0.7286	0.3078	2.972	0.7634	0.353	0.276	0.0348	0.0452
(115, 123)	false	3.742	0.6531	0.2313	3.632	0.6487	0.2435	0.11	-0.0045	0.0122
(115, 123)	false	3.472	0.7082	0.3426	3.706	0.6746	0.3809	-0.234	-0.0336	0.0383
(115, 123)	false	3.192	0.7155	0.28	3.126	0.717	0.3252	0.066	0.0015	0.0452
(115, 123)	false	3.442	0.7175	0.3565	3.348	0.72	0.3513	0.094	0.0025	-0.0052
(29, 110)	false	3.34	0.7025	0.3113	3.444	0.6886	0.3026	-0.104	-0.0139	-0.0087
(29, 110)	false	3.708	0.6556	0.2574	3.772	0.5949	0.2383	-0.064	-0.0607	-0.0191
(29, 110)	false	3.688	0.6499	0.2643	3.468	0.673	0.3165	0.22	0.0231	0.0522
(29, 110)	false	3.882	0.5993	0.2522	3.49	0.6842	0.3043	0.392	0.0849	0.0522
(29, 110)	false	3.618	0.6799	0.3478	3.67	0.6763	0.3896	-0.052	-0.0037	0.0417
(29, 110)	false	3.248	0.7286	0.3078	3.232	0.7327	0.2904	0.016	0.0041	-0.0174
(29, 110)	false	3.742	0.6531	0.2313	3.426	0.6847	0.2817	0.316	0.0316	0.0504
(29, 110)	false	3.472	0.7082	0.3426	3.278	0.7114	0.3704	0.194	0.0032	0.0278
(29, 110)	false	3.192	0.7155	0.28	3.132	0.7088	0.2852	0.06	-0.0067	0.0052
(29, 110)	false	3.442	0.7175	0.3565	3.19	0.7382	0.3322	0.252	0.0207	-0.0243
(11, 77)	false	3.34	0.7025	0.3113	3.26	0.7129	0.3322	0.08	0.0104	0.0209
(11, 77)	false	3.708	0.6556	0.2574	3.656	0.6568	0.3009	0.052	0.0012	0.0435
(11, 77)	false	3.688	0.6499	0.2643	3.63	0.6644	0.2748	0.058	0.0145	0.0104
(11, 77)	false	3.882	0.5993	0.2522	3.644	0.6552	0.273	0.238	0.0559	0.0209
(11, 77)	false	3.618	0.6799	0.3478	3.874	0.6591	0.3739	-0.256	-0.0209	0.0261
(11, 77)	true	3.248	0.7286	0.3078	2.982	0.7448	0.3304	-0.266	-0.0162	-0.0226
(11, 77)	false	3.742	0.6531	0.2313	3.584	0.6622	0.2678	0.158	0.0091	0.0365
(11, 77)	false	3.472	0.7082	0.3426	3.386	0.7068	0.3409	0.086	-0.0014	-0.0017
(11, 77)	false	3.192	0.7155	0.28	3.204	0.7048	0.287	-0.012	-0.0108	0.007
(11, 77)	false	3.442	0.7175	0.3565	3.438	0.6979	0.3043	0.004	-0.0196	-0.0522
(104, 139)	false	3.34	0.7025	0.3113	3.182	0.718	0.3148	0.158	0.0154	0.0035
(104, 139)	true	3.708	0.6556	0.2574	3.744	0.656	0.3043	0.036	-0.0004	-0.047
(104, 139)	true	3.688	0.6499	0.2643	3.636	0.6816	0.2974	-0.052	-0.0317	-0.033
(104, 139)	true	3.882	0.5993	0.2522	3.874	0.6475	0.2678	-0.008	-0.0482	-0.0157
(104, 139)	false	3.618	0.6799	0.3478	3.884	0.6477	0.3496	-0.266	-0.0323	0.0017
(104, 139)	false	3.248	0.7286	0.3078	2.992	0.7547	0.3357	0.256	0.0261	0.0278
(104, 139)	true	3.742	0.6531	0.2313	3.78	0.6657	0.3009	0.038	-0.0125	-0.0696
(104, 139)	false	3.472	0.7082	0.3426	3.452	0.6997	0.3461	0.02	-0.0085	0.0035
(104, 139)	false	3.192	0.7155	0.28	3.398	0.6985	0.2713	-0.206	-0.017	-0.0087
(104, 139)	false	3.442	0.7175	0.3565	3.308	0.717	0.3078	0.134	-0.0006	-0.0487
(100, 152)	false	3.34	0.7025	0.3113	3.37	0.7054	0.2939	-0.03	0.0028	-0.0174
(100, 152)	false	3.708	0.6556	0.2574	3.304	0.6905	0.2539	0.404	0.0349	-0.0035
(100, 152)	false	3.688	0.6499	0.2643	3.204	0.7191	0.2957	0.484	0.0692	0.0313
(100, 152)	false	3.882	0.5993	0.2522	3.31	0.6986	0.2574	0.572	0.0993	0.0052
(100, 152)	false	3.618	0.6799	0.3478	3.45	0.6991	0.4087	0.168	0.0192	0.0609
(100, 152)	true	3.248	0.7286	0.3078	3.116	0.7383	0.3165	-0.132	-0.0097	-0.0087
(100, 152)	false	3.742	0.6531	0.2313	3.466	0.6748	0.2557	0.276	0.0217	0.0243
(100, 152)	true	3.472	0.7082	0.3426	3.466	0.6894	0.3739	-0.006	0.0188	-0.0313
(100, 152)	false	3.192	0.7155	0.28	3.178	0.7081	0.2852	0.014	-0.0074	0.0052
(100, 152)	false	3.442	0.7175	0.3565	3.3	0.7158	0.3287	0.142	-0.0017	-0.0278
(28, 114)	false	3.34	0.7025	0.3113	3.38	0.6917	0.3496	-0.04	-0.0108	0.0383
(28, 114)	true	3.708	0.6556	0.2574	3.996	0.6291	0.2609	0.288	0.0265	-0.0035
(28, 114)	true	3.688	0.6499	0.2643	4.024	0.6141	0.2435	0.336	0.0358	0.0209
(28, 114)	true	3.882	0.5993	0.2522	3.784	0.636	0.2209	-0.098	-0.0367	0.0313
(28, 114)	false	3.618	0.6799	0.3478	3.628	0.6729	0.3913	-0.01	-0.007	0.0435
(28, 114)	false	3.248	0.7286	0.3078	3.034	0.7439	0.3304	0.214	0.0153	0.0226
(28, 114)	true	3.742	0.6531	0.2313	4.016	0.6173	0.2243	0.274	0.0358	0.007
(28, 114)	false	3.472	0.7082	0.3426	3.308	0.7203	0.3548	0.164	0.0121	0.0122
(28, 114)	true	3.192	0.7155	0.28	3.278	0.6965	0.3113	0.086	0.019	-0.0313
(28, 114)	false	3.442	0.7175	0.3565	3.13	0.7349	0.3322	0.312	0.0174	-0.0243
(28, 111)	true	3.34	0.7025	0.3113	3.286	0.706	0.3322	-0.054	-0.0035	-0.0209
(28, 111)	true	3.708	0.6556	0.2574	3.834	0.6438	0.2574	0.126	0.0119	0
(28, 111)	true	3.688	0.6499	0.2643	3.708	0.6508	0.2643	0.02	-0.001	0
(28, 111)	true	3.882	0.5993	0.2522	3.786	0.6419	0.2626	-0.096	-0.0426	-0.0104
(28, 111)	true	3.618	0.6799	0.3478	4.04	0.6253	0.3183	0.422	0.0546	0.0296
(28, 111)	false	3.248	0.7286	0.3078	3.246	0.7355	0.3043	0.002	0.0069	-0.0035
(28, 111)	true	3.742	0.6531	0.2313	3.766	0.6608	0.2852	0.024	-0.0077	-0.0539
(28, 111)	false	3.472	0.7082	0.3426	3.266	0.7213	0.3983	0.206	0.0131	0.0557
(28, 111)	false	3.192	0.7155	0.28	3.35	0.6785	0.2539	-0.158	-0.037	-0.0261
(28, 111)	false	3.442	0.7175	0.3565	3.326	0.7159	0.3165	0.116	-0.0016	-0.04
(55, 61)	false	3.34	0.7025	0.3113	3.552	0.6857	0.3287	-0.212	-0.0168	0.0174
(55, 61)	true	3.708	0.6556	0.2574	3.742	0.638	0.2417	0.034	0.0176	0.0157
(55, 61)	true	3.688	0.6499	0.2643	3.616	0.6599	0.24	-0.072	-0.0101	0.0243
(55, 61)	true	3.882	0.5993	0.2522	3.784	0.6456	0.2765	-0.098	-0.0463	-0.0243
(55, 61)	false	3.618	0.6799	0.3478	3.748	0.6634	0.3617	-0.13	-0.0165	0.0139
(55, 61)	false	3.248	0.7286	0.3078	2.924	0.75	0.3357	0.324	0.0214	0.0278
(55, 61)	true	3.742	0.6531	0.2313	3.74	0.6461	0.2887	-0.002	0.007	-0.0574
(55, 61)	false	3.472	0.7082	0.3426	3.546	0.6961	0.3461	-0.074	-0.0121	0.0035
(55, 61)	true	3.192	0.7155	0.28	3.166	0.7141	0.3043	-0.026	0.0015	-0.0243
(55, 61)	false	3.442	0.7175	0.3565	3.494	0.7027	0.2852	-0.052	-0.0148	-0.0713
(1, 137)	true	3.34	0.7025	0.3113	3.586	0.6793	0.3148	0.246	0.0232	-0.0035
(1, 137)	false	3.708	0.6556	0.2574	3.712	0.6489	0.2887	-0.004	-0.0067	0.0313
(1, 137)	false	3.688	0.6499	0.2643	3.4	0.6898	0.287	0.288	0.0399	0.0226
(1, 137)	false	3.882	0.5993	0.2522	3.624	0.6741	0.3043	0.258	0.0748	0.0522
(1, 137)	true	3.618	0.6799	0.3478	3.802	0.6664	0.353	0.184	0.0135	-0.0052
(1, 137)	true	3.248	0.7286	0.3078	3.234	0.7244	0.3409	-0.014	0.0042	-0.033
(1, 137)	false	3.742	0.6531	0.2313	3.718	0.6578	0.2835	0.024	0.0046	0.0522
(1, 137)	false	3.472	0.7082	0.3426	3.53	0.6967	0.3583	-0.058	-0.0115	0.0157
(1, 137)	false	3.192	0.7155	0.28	3.278	0.7004	0.2887	-0.086	-0.0152	0.0087
(1, 137)	false	3.442	0.7175	0.3565	3.392	0.7228	0.3478	0.05	0.0052	-0.0087
(6, 127)	false	3.34	0.7025	0.3113	3.434	0.6962	0.32	-0.094	-0.0064	0.0087
(6, 127)	false	3.708	0.6556	0.2574	4.072	0.5546	0.207	-0.364	-0.101	-0.0504
(6, 127)	false	3.688	0.6499	0.2643	4.066	0.613	0.2817	-0.378	-0.0368	0.0174
(6, 127)	false	3.882	0.5993	0.2522	4.004	0.6222	0.2748	-0.122	0.0229	0.0226
(6, 127)	false	3.618	0.6799	0.3478	3.76	0.6689	0.3861	-0.142	-0.011	0.0383
(6, 127)	true	3.248	0.7286	0.3078	3.124	0.7368	0.3443	-0.124	-0.0082	-0.0365
(6, 127)	false	3.742	0.6531	0.2313	3.992	0.6154	0.247	-0.25	-0.0377	0.0157
(6, 127)	false	3.472	0.7082	0.3426	3.632	0.6882	0.3357	-0.16	-0.02	-0.007
(6, 127)	false	3.192	0.7155	0.28	3.336	0.6983	0.2783	-0.144	-0.0173	-0.0017
(6, 127)	false	3.442	0.7175	0.3565	3.096	0.747	0.3183	0.346	0.0295	-0.0383
(25, 68)	true	3.34	0.7025	0.3113	3.184	0.7002	0.2974	-0.156	0.0024	0.0139
(25, 68)	false	3.708	0.6556	0.2574	3.854	0.6312	0.2974	-0.146	-0.0244	0.04
(25, 68)	false	3.688	0.6499	0.2643	3.904	0.6251	0.2696	-0.216	-0.0247	0.0052
(25, 68)	false	3.882	0.5993	0.2522	3.922	0.6311	0.2817	-0.04	0.0318	0.0296
(25, 68)	false	3.618	0.6799	0.3478	3.572	0.6849	0.353	0.046	0.0049	0.0052
(25, 68)	true	3.248	0.7286	0.3078	3.088	0.7382	0.3113	-0.16	-0.0096	-0.0035
(25, 68)	false	3.742	0.6531	0.2313	3.824	0.639	0.2974	-0.082	-0.0141	0.0661
(25, 68)	true	3.472	0.7082	0.3426	3.328	0.7253	0.3426	-0.144	-0.0171	0
(25, 68)	false	3.192	0.7155	0.28	3.164	0.7158	0.3078	0.028	0.0003	0.0278
(25, 68)	false	3.442	0.7175	0.3565	3.246	0.7165	0.3217	0.196	-0.001	-0.0348
(86, 141)	false	3.34	0.7025	0.3113	3.372	0.6959	0.327	-0.032	-0.0067	0.0157
(86, 141)	false	3.708	0.6556	0.2574	3.5	0.6239	0.2626	0.208	-0.0317	0.0052
(86, 141)	false	3.688	0.6499	0.2643	3.556	0.6651	0.2817	0.132	0.0152	0.0174
(86, 141)	false	3.882	0.5993	0.2522	3.582	0.6643	0.273	0.3	0.065	0.0209
(86, 141)	false	3.618	0.6799	0.3478	3.808	0.661	0.3861	-0.19	-0.0189	0.0383
(86, 141)	false	3.248	0.7286	0.3078	3.08	0.7372	0.3183	0.168	0.0086	0.0104
(86, 141)	false	3.742	0.6531	0.2313	3.516	0.666	0.2835	0.226	0.0129	0.0522
(86, 141)	false	3.472	0.7082	0.3426	3.218	0.7294	0.3652	0.254	0.0212	0.0226
(86, 141)	true	3.192	0.7155	0.28	3.442	0.6757	0.2939	0.25	0.0399	-0.0139
(86, 141)	false	3.442	0.7175	0.3565	3.186	0.7283	0.3843	0.256	0.0108	0.0278
(92, 98)	false	3.34	0.7025	0.3113	3.252	0.7209	0.3583	0.088	0.0184	0.047
(92, 98)	false	3.708	0.6556	0.2574	3.66	0.6696	0.273	0.048	0.014	0.0157
(92, 98)	false	3.688	0.6499	0.2643	3.564	0.6714	0.2748	0.124	0.0215	0.0104
(92, 98)	false	3.882	0.5993	0.2522	3.53	0.6708	0.2713	0.352	0.0715	0.0191
(92, 98)	true	3.618	0.6799	0.3478	3.742	0.6597	0.3461	0.124	0.0203	0.0017
(92, 98)	true	3.248	0.7286	0.3078	3.036	0.7443	0.3443	-0.212	-0.0157	-0.0365
(92, 98)	false	3.742	0.6531	0.2313	3.608	0.6718	0.2643	0.134	0.0187	0.033
(92, 98)	false	3.472	0.7082	0.3426	3.56	0.6943	0.3513	-0.088	-0.0139	0.0087
(92, 98)	false	3.192	0.7155	0.28	3.25	0.702	0.2904	-0.058	-0.0135	0.0104
(92, 98)	false	3.442	0.7175	0.3565	3.44	0.7048	0.3583	0.002	-0.0128	0.0017
(101, 142)	true	3.34	0.7025	0.3113	3.286	0.6884	0.28	-0.054	0.0142	0.0313
(101, 142)	false	3.708	0.6556	0.2574	3.702	0.6493	0.2557	0.006	-0.0063	-0.0017
(101, 142)	false	3.688	0.6499	0.2643	3.498	0.6864	0.273	0.19	0.0366	0.0087
(101, 142)	false	3.882	0.5993	0.2522	3.452	0.685	0.28	0.43	0.0857	0.0278
(101, 142)	false	3.618	0.6799	0.3478	3.606	0.6945	0.3583	0.012	0.0146	0.0104
(101, 142)	true	3.248	0.7286	0.3078	3.102	0.741	0.313	-0.146	-0.0124	-0.0052
(101, 142)	false	3.742	0.6531	0.2313	3.682	0.6213	0.2713	0.06	-0.0318	0.04
(101, 142)	false	3.472	0.7082	0.3426	3.302	0.7129	0.3965	0.17	0.0047	0.0539
(101, 142)	false	3.192	0.7155	0.28	3.518	0.6809	0.2974	-0.326	-0.0346	0.0174
(101, 142)	false	3.442	0.7175	0.3565	3.214	0.7297	0.3043	0.228	0.0122	-0.0522
(33, 39)	true	3.34	0.7025	0.3113	3.226	0.7161	0.3357	-0.114	-0.0135	-0.0243
(33, 39)	false	3.708	0.6556	0.2574	3.49	0.6753	0.2661	0.218	0.0197	0.0087
(33, 39)	false	3.688	0.6499	0.2643	3.334	0.7009	0.3078	0.354	0.051	0.0435
(33, 39)	false	3.882	0.5993	0.2522	3.434	0.6867	0.2939	0.448	0.0874	0.0417
(33, 39)	false	3.618	0.6799	0.3478	3.832	0.6605	0.3635	-0.214	-0.0194	0.0157
(33, 39)	true	3.248	0.7286	0.3078	3.11	0.7458	0.3687	-0.138	-0.0172	-0.0609
(33, 39)	false	3.742	0.6531	0.2313	3.46	0.6936	0.3148	0.282	0.0405	0.0835
(33, 39)	false	3.472	0.7082	0.3426	3.47	0.7007	0.3461	0.002	-0.0075	0.0035
(33, 39)	false	3.192	0.7155	0.28	3.272	0.7019	0.2939	-0.08	-0.0137	0.0139
(33, 39)	false	3.442	0.7175	0.3565	3.22	0.7311	0.3322	0.222	0.0136	-0.0243
(10, 127)	false	3.34	0.7025	0.3113	3.472	0.6869	0.3165	-0.132	-0.0156	0.0052
(10, 127)	true	3.708	0.6556	0.2574	3.542	0.673	0.2678	-0.166	-0.0173	-0.0104
(10, 127)	true	3.688	0.6499	0.2643	3.878	0.6351	0.2348	0.19	0.0148	0.0296
(10, 127)	true	3.882	0.5993	0.2522	3.652	0.6632	0.2852	-0.23	-0.0639	-0.033
(10, 127)	false	3.618	0.6799	0.3478	3.534	0.6848	0.4017	0.084	0.0049	0.0539
(10, 127)	true	3.248	0.7286	0.3078	3.272	0.7245	0.3061	0.024	0.0041	0.0017
(10, 127)	true	3.742	0.6531	0.2313	3.758	0.6396	0.2783	0.016	0.0135	-0.047
(10, 127)	false	3.472	0.7082	0.3426	3.198	0.7227	0.3635	0.274	0.0145	0.0209
(10, 127)	false	3.192	0.7155	0.28	3.252	0.7029	0.3096	-0.06	-0.0127	0.0296
(10, 127)	false	3.442	0.7175	0.3565	3.386	0.7143	0.3339	0.056	-0.0032	-0.0226
(10, 130)	false	3.34	0.7025	0.3113	3.346	0.7011	0.3374	-0.006	-0.0015	0.0261
(10, 130)	true	3.708	0.6556	0.2574	3.806	0.6498	0.2887	0.098	0.0058	-0.0313
(10, 130)	true	3.688	0.6499	0.2643	3.656	0.6664	0.2904	-0.032	-0.0165	-0.0261
(10, 130)	true	3.882	0.5993	0.2522	3.774	0.6643	0.2991	-0.108	-0.065	-0.047
(10, 130)	false	3.618	0.6799	0.3478	3.712	0.6718	0.3374	-0.094	-0.0082	-0.0104
(10, 130)	false	3.248	0.7286	0.3078	3.022	0.7531	0.3461	0.226	0.0245	0.0383
(10, 130)	true	3.742	0.6531	0.2313	3.808	0.6474	0.2835	0.066	0.0057	-0.0522
(10, 130)	true	3.472	0.7082	0.3426	3.714	0.6821	0.3322	0.242	0.0261	0.0104
(10, 130)	true	3.192	0.7155	0.28	3.116	0.7158	0.3096	-0.076	-0.0003	-0.0296
(10, 130)	false	3.442	0.7175	0.3565	3.158	0.7288	0.3217	0.284	0.0113	-0.0348
(23, 65)	false	3.34	0.7025	0.3113	3.452	0.6842	0.327	-0.112	-0.0184	0.0157
(23, 65)	false	3.708	0.6556	0.2574	3.79	0.6474	0.2939	-0.082	-0.0082	0.0365
(23, 65)	false	3.688	0.6499	0.2643	3.782	0.6683	0.353	-0.094	0.0185	0.0887
(23, 65)	false	3.882	0.5993	0.2522	3.83	0.6607	0.3548	0.052	0.0614	0.1026
(23, 65)	false	3.618	0.6799	0.3478	3.922	0.6496	0.367	-0.304	-0.0303	0.0191
(23, 65)	false	3.248	0.7286	0.3078	3.144	0.7539	0.3426	0.104	0.0253	0.0348
(23, 65)	false	3.742	0.6531	0.2313	3.644	0.6674	0.3078	0.098	0.0143	0.0765
(23, 65)	true	3.472	0.7082	0.3426	3.572	0.7025	0.3565	0.1	0.0057	-0.0139
(23, 65)	false	3.192	0.7155	0.28	3.216	0.7126	0.3096	-0.024	-0.0029	0.0296
(23, 65)	false	3.442	0.7175	0.3565	3.284	0.7183	0.3687	0.158	0.0008	0.0122
(21, 70)	true	3.34	0.7025	0.3113	3.634	0.6785	0.2904	0.294	0.0241	0.0209
(21, 70)	true	3.708	0.6556	0.2574	4.006	0.5743	0.2278	0.298	0.0813	0.0296
(21, 70)	true	3.688	0.6499	0.2643	4.082	0.5678	0.24	0.394	0.082	0.0243
(21, 70)	true	3.882	0.5993	0.2522	3.642	0.6693	0.2661	-0.24	-0.07	-0.0139
(21, 70)	false	3.618	0.6799	0.3478	3.874	0.6489	0.3287	-0.256	-0.031	-0.0191
(21, 70)	false	3.248	0.7286	0.3078	3.21	0.7321	0.2974	0.038	0.0036	-0.0104
(21, 70)	true	3.742	0.6531	0.2313	4.234	0.5129	0.1757	0.492	0.1402	0.0557
(21, 70)	false	3.472	0.7082	0.3426	3.586	0.6665	0.3357	-0.114	-0.0416	-0.007
(21, 70)	true	3.192	0.7155	0.28	3.31	0.6992	0.28	0.118	0.0163	0
(21, 70)	false	3.442	0.7175	0.3565	3.158	0.7293	0.3217	0.284	0.0118	-0.0348
(2, 130)	false	3.34	0.7025	0.3113	3.238	0.7091	0.353	0.102	0.0066	0.0417
(2, 130)	false	3.708	0.6556	0.2574	3.74	0.6519	0.2957	-0.032	-0.0038	0.0383
(2, 130)	false	3.688	0.6499	0.2643	3.568	0.681	0.3009	0.12	0.0312	0.0365
(2, 130)	false	3.882	0.5993	0.2522	3.756	0.661	0.2974	0.126	0.0617	0.0452
(2, 130)	false	3.618	0.6799	0.3478	3.752	0.6725	0.4139	-0.134	-0.0074	0.0661
(2, 130)	false	3.248	0.7286	0.3078	3.056	0.7397	0.3478	0.192	0.0111	0.04
(2, 130)	false	3.742	0.6531	0.2313	3.566	0.6697	0.2817	0.176	0.0166	0.0504
(2, 130)	false	3.472	0.7082	0.3426	3.538	0.7093	0.3774	-0.066	0.0011	0.0348
(2, 130)	true	3.192	0.7155	0.28	3.386	0.6879	0.2939	0.194	0.0276	-0.0139
(2, 130)	false	3.442	0.7175	0.3565	3.352	0.7136	0.3113	0.09	-0.0039	-0.0452
(30, 55)	false	3.34	0.7025	0.3113	3.538	0.6739	0.2835	-0.198	-0.0286	-0.0278
(30, 55)	false	3.708	0.6556	0.2574	3.512	0.6751	0.2383	0.196	0.0195	-0.0191
(30, 55)	false	3.688	0.6499	0.2643	3.528	0.6764	0.3043	0.16	0.0266	0.04
(30, 55)	false	3.882	0.5993	0.2522	3.552	0.6759	0.2609	0.33	0.0766	0.0087
(30, 55)	false	3.618	0.6799	0.3478	3.87	0.6631	0.3322	-0.252	-0.0168	-0.0157
(30, 55)	true	3.248	0.7286	0.3078	3.308	0.7231	0.3357	0.06	0.0054	-0.0278
(30, 55)	false	3.742	0.6531	0.2313	3.362	0.6951	0.2991	0.38	0.0419	0.0678
(30, 55)	false	3.472	0.7082	0.3426	3.482	0.6969	0.3583	-0.01	-0.0113	0.0157
(30, 55)	true	3.192	0.7155	0.28	3.504	0.6707	0.2713	0.312	0.0448	0.0087
(30, 55)	false	3.442	0.7175	0.3565	3.242	0.7186	0.313	0.2	0.001	-0.0435
(23, 62)	false	3.34	0.7025	0.3113	3.414	0.6919	0.3548	-0.074	-0.0106	0.0435
(23, 62)	false	3.708	0.6556	0.2574	3.758	0.6502	0.2957	-0.05	-0.0054	0.0383
(23, 62)	false	3.688	0.6499	0.2643	3.778	0.6426	0.2991	-0.09	-0.0072	0.0348
(23, 62)	false	3.882	0.5993	0.2522	3.796	0.6463	0.2991	0.086	0.047	0.047
(23, 62)	false	3.618	0.6799	0.3478	3.924	0.6575	0.3409	-0.306	-0.0224	-0.007
(23, 62)	false	3.248	0.7286	0.3078	2.93	0.7684	0.3565	0.318	0.0398	0.0487
(23, 62)	false	3.742	0.6531	0.2313	3.668	0.6622	0.3235	0.074	0.0091	0.0922
(23, 62)	true	3.472	0.7082	0.3426	3.546	0.7072	0.3461	0.074	0.001	-0.0035
(23, 62)	false	3.192	0.7155	0.28	3.182	0.7048	0.3113	0.01	-0.0107	0.0313
(23, 62)	false	3.442	0.7175	0.3565	3.306	0.7278	0.3217	0.136	0.0103	-0.0348
(29, 65)	false	3.34	0.7025	0.3113	3.346	0.7088	0.367	-0.006	0.0063	0.0557
(29, 65)	true	3.708	0.6556	0.2574	3.538	0.6673	0.3061	-0.17	-0.0117	-0.0487
(29, 65)	true	3.688	0.6499	0.2643	3.468	0.6805	0.2957	-0.22	-0.0307	-0.0313
(29, 65)	true	3.882	0.5993	0.2522	3.51	0.6761	0.2783	-0.372	-0.0768	-0.0261
(29, 65)	true	3.618	0.6799	0.3478	3.74	0.6649	0.3374	0.122	0.0151	0.0104
(29, 65)	false	3.248	0.7286	0.3078	3.404	0.7132	0.3078	-0.156	-0.0154	0
(29, 65)	true	3.742	0.6531	0.2313	3.646	0.6641	0.2991	-0.096	-0.011	-0.0678
(29, 65)	false	3.472	0.7082	0.3426	3.574	0.6956	0.3461	-0.102	-0.0126	0.0035
(29, 65)	false	3.192	0.7155	0.28	3.354	0.6974	0.3461	-0.162	-0.0181	0.0661
(29, 65)	false	3.442	0.7175	0.3565	3.088	0.7292	0.3235	0.354	0.0117	-0.033
(42, 97)	true	3.34	0.7025	0.3113	3.402	0.6874	0.3043	0.062	0.0151	0.007
(42, 97)	false	3.708	0.6556	0.2574	3.382	0.7145	0.3165	0.326	0.0589	0.0591
(42, 97)	false	3.688	0.6499	0.2643	3.64	0.6672	0.2557	0.048	0.0173	-0.0087
(42, 97)	false	3.882	0.5993	0.2522	3.67	0.672	0.28	0.212	0.0727	0.0278
(42, 97)	false	3.618	0.6799	0.3478	3.406	0.7098	0.3687	0.212	0.0299	0.0209
(42, 97)	true	3.248	0.7286	0.3078	3.11	0.7367	0.2783	-0.138	-0.0081	0.0296
(42, 97)	false	3.742	0.6531	0.2313	3.63	0.6838	0.2957	0.112	0.0306	0.0643
(42, 97)	false	3.472	0.7082	0.3426	3.558	0.7093	0.3565	-0.086	0.0011	0.0139
(42, 97)	false	3.192	0.7155	0.28	2.918	0.7392	0.3148	0.274	0.0237	0.0348
(42, 97)	false	3.442	0.7175	0.3565	2.982	0.7508	0.3478	0.46	0.0333	-0.0087
(34, 52)	false	3.34	0.7025	0.3113	3.07	0.7284	0.3478	0.27	0.0259	0.0365
(34, 52)	false	3.708	0.6556	0.2574	3.504	0.6634	0.2643	0.204	0.0078	0.007
(34, 52)	false	3.688	0.6499	0.2643	3.506	0.663	0.2939	0.182	0.0132	0.0296
(34, 52)	false	3.882	0.5993	0.2522	3.396	0.6729	0.2783	0.486	0.0736	0.0261
(34, 52)	false	3.618	0.6799	0.3478	3.854	0.6481	0.3565	-0.236	-0.0318	0.0087
(34, 52)	false	3.248	0.7286	0.3078	3.154	0.7322	0.2991	0.094	0.0036	-0.0087
(34, 52)	false	3.742	0.6531	0.2313	3.422	0.6692	0.287	0.32	0.0161	0.0557
(34, 52)	false	3.472	0.7082	0.3426	3.562	0.7069	0.3548	-0.09	-0.0013	0.0122
(34, 52)	false	3.192	0.7155	0.28	3.186	0.7038	0.273	0.006	-0.0118	-0.007
(34, 52)	false	3.442	0.7175	0.3565	3.196	0.7272	0.3304	0.246	0.0097	-0.0261
(108, 132)	false	3.34	0.7025	0.3113	3.052	0.7252	0.3896	0.288	0.0226	0.0783
(108, 132)	false	3.708	0.6556	0.2574	3.642	0.6691	0.3235	0.066	0.0135	0.0661
(108, 132)	false	3.688	0.6499	0.2643	3.606	0.6853	0.3009	0.082	0.0355	0.0365
(108, 132)	false	3.882	0.5993	0.2522	3.584	0.6777	0.327	0.298	0.0784	0.0748
(108, 132)	true	3.618	0.6799	0.3478	3.87	0.6462	0.3183	0.252	0.0337	0.0296
(108, 132)	false	3.248	0.7286	0.3078	2.82	0.7758	0.3496	0.428	0.0472	0.0417
(108, 132)	false	3.742	0.6531	0.2313	3.492	0.6874	0.32	0.25	0.0342	0.0887
(108, 132)	true	3.472	0.7082	0.3426	3.36	0.701	0.3339	-0.112	0.0072	0.0087
(108, 132)	false	3.192	0.7155	0.28	3.256	0.7092	0.3078	-0.064	-0.0063	0.0278
(108, 132)	false	3.442	0.7175	0.3565	3.32	0.7273	0.3235	0.122	0.0098	-0.033
(32, 39)	false	3.34	0.7025	0.3113	3.268	0.702	0.3061	0.072	-0.0006	-0.0052
(32, 39)	false	3.708	0.6556	0.2574	3.564	0.6729	0.3026	0.144	0.0173	0.0452
(32, 39)	false	3.688	0.6499	0.2643	3.416	0.6813	0.2765	0.272	0.0314	0.0122
(32, 39)	false	3.882	0.5993	0.2522	3.698	0.6609	0.2696	0.184	0.0616	0.0174
(32, 39)	true	3.618	0.6799	0.3478	3.698	0.669	0.3826	0.08	0.0109	-0.0348
(32, 39)	false	3.248	0.7286	0.3078	3.25	0.7383	0.2783	-0.002	0.0097	-0.0296
(32, 39)	false	3.742	0.6531	0.2313	3.562	0.6839	0.3113	0.18	0.0308	0.08
(32, 39)	true	3.472	0.7082	0.3426	3.46	0.7022	0.3409	-0.012	0.006	0.0017
(32, 39)	false	3.192	0.7155	0.28	3.242	0.704	0.2957	-0.05	-0.0115	0.0157
(32, 39)	false	3.442	0.7175	0.3565	3.348	0.7209	0.3287	0.094	0.0034	-0.0278
(22, 65)	true	3.34	0.7025	0.3113	3.164	0.7167	0.32	-0.176	-0.0141	-0.0087
(22, 65)	false	3.708	0.6556	0.2574	3.862	0.6521	0.2974	-0.154	-0.0035	0.04
(22, 65)	false	3.688	0.6499	0.2643	3.63	0.6796	0.3078	0.058	0.0297	0.0435
(22, 65)	false	3.882	0.5993	0.2522	3.67	0.676	0.2696	0.212	0.0767	0.0174
(22, 65)	false	3.618	0.6799	0.3478	3.656	0.6781	0.3774	-0.038	-0.0018	0.0296
(22, 65)	false	3.248	0.7286	0.3078	3.026	0.7612	0.3843	0.222	0.0327	0.0765
(22, 65)	false	3.742	0.6531	0.2313	3.454	0.6822	0.3026	0.288	0.0291	0.0713
(22, 65)	false	3.472	0.7082	0.3426	3.378	0.7218	0.3391	0.094	0.0136	-0.0035
(22, 65)	false	3.192	0.7155	0.28	3.226	0.7147	0.2974	-0.034	-0.0008	0.0174
(22, 65)	false	3.442	0.7175	0.3565	3.206	0.7268	0.3357	0.236	0.0093	-0.0209
(90, 142)	true	3.34	0.7025	0.3113	3.52	0.6823	0.2696	0.18	0.0203	0.0417
(90, 142)	false	3.708	0.6556	0.2574	3.506	0.677	0.2887	0.202	0.0214	0.0313
(90, 142)	false	3.688	0.6499	0.2643	3.658	0.6725	0.3043	0.03	0.0227	0.04
(90, 142)	false	3.882	0.5993	0.2522	3.616	0.6681	0.2991	0.266	0.0688	0.047
(90, 142)	false	3.618	0.6799	0.3478	3.908	0.6506	0.353	-0.29	-0.0294	0.0052
(90, 142)	false	3.248	0.7286	0.3078	2.886	0.7645	0.3965	0.362	0.0359	0.0887
(90, 142)	false	3.742	0.6531	0.2313	3.406	0.6966	0.3391	0.336	0.0435	0.1078
(90, 142)	false	3.472	0.7082	0.3426	3.358	0.7181	0.3687	0.114	0.0099	0.0261
(90, 142)	false	3.192	0.7155	0.28	3.382	0.7019	0.3252	-0.19	-0.0136	0.0452
(90, 142)	false	3.442	0.7175	0.3565	3.192	0.7256	0.3009	0.25	0.0081	-0.0557
(33, 40)	true	3.34	0.7025	0.3113	3.434	0.7077	0.3391	0.094	-0.0052	-0.0278
(33, 40)	false	3.708	0.6556	0.2574	3.526	0.6771	0.2574	0.182	0.0214	0
(33, 40)	false	3.688	0.6499	0.2643	3.462	0.67	0.2904	0.226	0.0202	0.0261
(33, 40)	false	3.882	0.5993	0.2522	3.552	0.6663	0.2904	0.33	0.067	0.0383
(33, 40)	true	3.618	0.6799	0.3478	3.784	0.6667	0.3739	0.166	0.0132	-0.0261
(33, 40)	false	3.248	0.7286	0.3078	3.148	0.7333	0.3791	0.1	0.0047	0.0713
(33, 40)	false	3.742	0.6531	0.2313	3.652	0.6723	0.2748	0.09	0.0192	0.0435
(33, 40)	false	3.472	0.7082	0.3426	3.44	0.7028	0.3496	0.032	-0.0054	0.007
(33, 40)	false	3.192	0.7155	0.28	3.126	0.7242	0.3322	0.066	0.0087	0.0522
(33, 40)	false	3.442	0.7175	0.3565	2.968	0.7547	0.353	0.474	0.0371	-0.0035
(90, 145)	false	3.34	0.7025	0.3113	3.326	0.7222	0.3304	0.014	0.0196	0.0191
(90, 145)	true	3.708	0.6556	0.2574	3.85	0.6013	0.233	0.142	0.0543	0.0243
(90, 145)	true	3.688	0.6499	0.2643	3.906	0.586	0.2383	0.218	0.0638	0.0261
(90, 145)	true	3.882	0.5993	0.2522	3.876	0.6368	0.2696	-0.006	-0.0375	-0.0174
(90, 145)	false	3.618	0.6799	0.3478	3.968	0.6444	0.3739	-0.35	-0.0356	0.0261
(90, 145)	false	3.248	0.7286	0.3078	3.15	0.7231	0.2678	0.098	-0.0055	-0.04
(90, 145)	true	3.742	0.6531	0.2313	3.96	0.5787	0.2174	0.218	0.0744	0.0139
(90, 145)	false	3.472	0.7082	0.3426	3.252	0.7445	0.3496	0.22	0.0363	0.007
(90, 145)	true	3.192	0.7155	0.28	3.37	0.6937	0.2817	0.178	0.0218	-0.0017
(90, 145)	false	3.442	0.7175	0.3565	3.412	0.6962	0.2922	0.03	-0.0214	-0.0643
(11, 76)	false	3.34	0.7025	0.3113	3.262	0.7179	0.3548	0.078	0.0154	0.0435
(11, 76)	true	3.708	0.6556	0.2574	3.65	0.6603	0.2835	-0.058	-0.0047	-0.0261
(11, 76)	true	3.688	0.6499	0.2643	3.684	0.6663	0.3026	-0.004	-0.0164	-0.0383
(11, 76)	true	3.882	0.5993	0.2522	3.408	0.6809	0.2296	-0.474	-0.0816	0.0226
(11, 76)	true	3.618	0.6799	0.3478	4.004	0.6385	0.3443	0.386	0.0414	0.0035
(11, 76)	true	3.248	0.7286	0.3078	2.796	0.7676	0.3339	-0.452	-0.039	-0.0261
(11, 76)	true	3.742	0.6531	0.2313	3.462	0.674	0.2591	-0.28	-0.0209	-0.0278
(11, 76)	true	3.472	0.7082	0.3426	3.47	0.6948	0.3357	-0.002	0.0134	0.007
(11, 76)	false	3.192	0.7155	0.28	3.012	0.724	0.273	0.18	0.0085	-0.007
(11, 76)	false	3.442	0.7175	0.3565	3.434	0.7123	0.313	0.008	-0.0052	-0.0435
(32, 106)	false	3.34	0.7025	0.3113	3.356	0.7139	0.3548	-0.016	0.0114	0.0435
(32, 106)	false	3.708	0.6556	0.2574	3.446	0.6812	0.2626	0.262	0.0256	0.0052
(32, 106)	false	3.688	0.6499	0.2643	3.666	0.6558	0.287	0.022	0.006	0.0226
(32, 106)	false	3.882	0.5993	0.2522	3.662	0.6709	0.3252	0.22	0.0716	0.073
(32, 106)	false	3.618	0.6799	0.3478	3.734	0.6708	0.3757	-0.116	-0.0091	0.0278
(32, 106)	false	3.248	0.7286	0.3078	3.378	0.7119	0.3026	-0.13	-0.0167	-0.0052
(32, 106)	false	3.742	0.6531	0.2313	3.564	0.657	0.2643	0.178	0.0039	0.033
(32, 106)	false	3.472	0.7082	0.3426	3.352	0.7196	0.3513	0.12	0.0114	0.0087
(32, 106)	false	3.192	0.7155	0.28	3.168	0.7161	0.3096	0.024	0.0006	0.0296
(32, 106)	false	3.442	0.7175	0.3565	3.414	0.7025	0.2904	0.028	-0.0151	-0.0661
(31, 114)	true	3.34	0.7025	0.3113	3.152	0.7188	0.36	-0.188	-0.0163	-0.0487
(31, 114)	false	3.708	0.6556	0.2574	3.854	0.6288	0.2226	-0.146	-0.0268	-0.0348
(31, 114)	false	3.688	0.6499	0.2643	3.964	0.6076	0.2835	-0.276	-0.0422	0.0191
(31, 114)	false	3.882	0.5993	0.2522	3.86	0.6389	0.2748	0.022	0.0396	0.0226
(31, 114)	true	3.618	0.6799	0.3478	3.864	0.6588	0.3443	0.246	0.0211	0.0035
(31, 114)	false	3.248	0.7286	0.3078	3.224	0.7357	0.2974	0.024	0.0071	-0.0104
(31, 114)	false	3.742	0.6531	0.2313	3.98	0.6205	0.2852	-0.238	-0.0326	0.0539
(31, 114)	false	3.472	0.7082	0.3426	3.438	0.7017	0.36	0.034	-0.0065	0.0174
(31, 114)	true	3.192	0.7155	0.28	3.412	0.6919	0.3461	0.22	0.0236	-0.0661
(31, 114)	false	3.442	0.7175	0.3565	3.34	0.7177	0.3339	0.102	0.0002	-0.0226
(9, 130)	true	3.34	0.7025	0.3113	3.384	0.6945	0.2591	0.044	0.0081	0.0522
(9, 130)	true	3.708	0.6556	0.2574	3.884	0.6409	0.2539	0.176	0.0147	0.0035
(9, 130)	true	3.688	0.6499	0.2643	3.82	0.6525	0.28	0.132	-0.0026	-0.0157
(9, 130)	true	3.882	0.5993	0.2522	3.722	0.6518	0.2522	-0.16	-0.0525	0
(9, 130)	false	3.618	0.6799	0.3478	3.878	0.6438	0.3426	-0.26	-0.0361	-0.0052
(9, 130)	false	3.248	0.7286	0.3078	3.01	0.7408	0.2939	0.238	0.0122	-0.0139
(9, 130)	true	3.742	0.6531	0.2313	3.736	0.6516	0.2417	-0.006	0.0015	-0.0104
(9, 130)	true	3.472	0.7082	0.3426	3.406	0.7137	0.3565	-0.066	-0.0056	-0.0139
(9, 130)	false	3.192	0.7155	0.28	3.214	0.7013	0.3235	-0.022	-0.0143	0.0435
(9, 130)	false	3.442	0.7175	0.3565	3.282	0.7207	0.2904	0.16	0.0032	-0.0661
(105, 139)	true	3.34	0.7025	0.3113	3.29	0.7062	0.3409	-0.05	-0.0037	-0.0296
(105, 139)	false	3.708	0.6556	0.2574	3.814	0.6447	0.2643	-0.106	-0.0109	0.007
(105, 139)	false	3.688	0.6499	0.2643	3.65	0.6627	0.2887	0.038	0.0128	0.0243
(105, 139)	false	3.882	0.5993	0.2522	3.658	0.6566	0.2591	0.224	0.0573	0.007
(105, 139)	false	3.618	0.6799	0.3478	3.74	0.675	0.3687	-0.122	-0.0049	0.0209
(105, 139)	false	3.248	0.7286	0.3078	3.196	0.7467	0.3165	0.052	0.0181	0.0087
(105, 139)	false	3.742	0.6531	0.2313	3.86	0.6346	0.2765	-0.118	-0.0185	0.0452
(105, 139)	false	3.472	0.7082	0.3426	3.462	0.7187	0.3443	0.01	0.0105	0.0017
(105, 139)	true	3.192	0.7155	0.28	3.332	0.6942	0.2852	0.14	0.0213	-0.0052
(105, 139)	false	3.442	0.7175	0.3565	3.304	0.7228	0.3391	0.138	0.0052	-0.0174
(80, 137)	true	3.34	0.7025	0.3113	3.676	0.6697	0.32	0.336	0.0328	-0.0087
(80, 137)	true	3.708	0.6556	0.2574	3.638	0.667	0.3287	-0.07	-0.0114	-0.0713
(80, 137)	true	3.688	0.6499	0.2643	3.668	0.662	0.3061	-0.02	-0.0122	-0.0417
(80, 137)	true	3.882	0.5993	0.2522	3.658	0.673	0.32	-0.224	-0.0737	-0.0678
(80, 137)	false	3.618	0.6799	0.3478	3.626	0.6757	0.3896	-0.008	-0.0042	0.0417
(80, 137)	false	3.248	0.7286	0.3078	3.022	0.7341	0.3252	0.226	0.0055	0.0174
(80, 137)	true	3.742	0.6531	0.2313	3.742	0.6451	0.287	0	0.008	-0.0557
(80, 137)	false	3.472	0.7082	0.3426	3.09	0.743	0.3548	0.382	0.0348	0.0122
(80, 137)	true	3.192	0.7155	0.28	3.33	0.7019	0.3409	0.138	0.0136	-0.0609
(80, 137)	false	3.442	0.7175	0.3565	3.342	0.7108	0.3287	0.1	-0.0067	-0.0278
(28, 107)	false	3.34	0.7025	0.3113	3.252	0.7143	0.3078	0.088	0.0117	-0.0035
(28, 107)	false	3.708	0.6556	0.2574	3.288	0.705	0.3026	0.42	0.0494	0.0452
(28, 107)	false	3.688	0.6499	0.2643	3.37	0.7011	0.3304	0.318	0.0513	0.0661
(28, 107)	false	3.882	0.5993	0.2522	3.456	0.6889	0.313	0.426	0.0896	0.0609
(28, 107)	false	3.618	0.6799	0.3478	3.722	0.6862	0.3722	-0.104	0.0063	0.0243
(28, 107)	false	3.248	0.7286	0.3078	3.09	0.7454	0.3496	0.158	0.0168	0.0417
(28, 107)	false	3.742	0.6531	0.2313	3.426	0.7073	0.3148	0.316	0.0542	0.0835
(28, 107)	false	3.472	0.7082	0.3426	3.402	0.7215	0.3722	0.07	0.0133	0.0296
(28, 107)	false	3.192	0.7155	0.28	3.564	0.6678	0.2887	-0.372	-0.0477	0.0087
(28, 107)	false	3.442	0.7175	0.3565	3.36	0.7127	0.3583	0.082	-0.0048	0.0017
(147, 153)	false	3.34	0.7025	0.3113	3.542	0.6913	0.3252	-0.202	-0.0113	0.0139
(147, 153)	false	3.708	0.6556	0.2574	3.644	0.6555	0.2209	0.064	-0.0001	-0.0365
(147, 153)	false	3.688	0.6499	0.2643	3.716	0.626	0.2504	-0.028	-0.0239	-0.0139
(147, 153)	false	3.882	0.5993	0.2522	3.712	0.6113	0.2487	0.17	0.012	-0.0035
(147, 153)	false	3.618	0.6799	0.3478	3.734	0.6605	0.3809	-0.116	-0.0194	0.033
(147, 153)	false	3.248	0.7286	0.3078	2.968	0.7504	0.3548	0.28	0.0218	0.047
(147, 153)	false	3.742	0.6531	0.2313	3.796	0.6448	0.2591	-0.054	-0.0083	0.0278
(147, 153)	false	3.472	0.7082	0.3426	3.586	0.698	0.36	-0.114	-0.0101	0.0174
(147, 153)	true	3.192	0.7155	0.28	3.178	0.7145	0.3009	-0.014	0.001	-0.0209
(147, 153)	false	3.442	0.7175	0.3565	3.448	0.7081	0.3339	-0.006	-0.0094	-0.0226
(112, 131)	true	3.34	0.7025	0.3113	3.166	0.7088	0.3513	-0.174	-0.0062	-0.04
(112, 131)	false	3.708	0.6556	0.2574	3.584	0.6677	0.3026	0.124	0.0121	0.0452
(112, 131)	false	3.688	0.6499	0.2643	3.468	0.6783	0.3148	0.22	0.0284	0.0504
(112, 131)	false	3.882	0.5993	0.2522	3.54	0.6668	0.2991	0.342	0.0675	0.047
(112, 131)	false	3.618	0.6799	0.3478	3.62	0.6814	0.3652	-0.002	0.0015	0.0174
(112, 131)	false	3.248	0.7286	0.3078	2.782	0.7886	0.4157	0.466	0.06	0.1078
(112, 131)	false	3.742	0.6531	0.2313	3.702	0.6622	0.32	0.04	0.0091	0.0887
(112, 131)	false	3.472	0.7082	0.3426	3.322	0.7076	0.3252	0.15	-0.0006	-0.0174
(112, 131)	false	3.192	0.7155	0.28	3.288	0.7201	0.287	-0.096	0.0046	0.007
(112, 131)	false	3.442	0.7175	0.3565	3.34	0.7117	0.313	0.102	-0.0058	-0.0435
(32, 107)	true	3.34	0.7025	0.3113	3.414	0.6972	0.3078	0.074	0.0053	0.0035
(32, 107)	false	3.708	0.6556	0.2574	3.606	0.6757	0.3183	0.102	0.0201	0.0609
(32, 107)	false	3.688	0.6499	0.2643	3.714	0.6559	0.3043	-0.026	0.0061	0.04
(32, 107)	false	3.882	0.5993	0.2522	3.56	0.6668	0.287	0.322	0.0675	0.0348
(32, 107)	false	3.618	0.6799	0.3478	3.894	0.6527	0.3722	-0.276	-0.0272	0.0243
(32, 107)	false	3.248	0.7286	0.3078	3.216	0.7377	0.3374	0.032	0.0091	0.0296
(32, 107)	false	3.742	0.6531	0.2313	3.61	0.6658	0.2783	0.132	0.0126	0.047
(32, 107)	false	3.472	0.7082	0.3426	3.348	0.7185	0.3704	0.124	0.0103	0.0278
(32, 107)	false	3.192	0.7155	0.28	3.374	0.699	0.3026	-0.182	-0.0166	0.0226
(32, 107)	false	3.442	0.7175	0.3565	3.696	0.6764	0.3061	-0.254	-0.0411	-0.0504
(10, 134)	false	3.34	0.7025	0.3113	3.42	0.7022	0.2852	-0.08	-0.0004	-0.0261
(10, 134)	false	3.708	0.6556	0.2574	3.744	0.6468	0.3096	-0.036	-0.0088	0.0522
(10, 134)	false	3.688	0.6499	0.2643	3.652	0.6687	0.2922	0.036	0.0188	0.0278
(10, 134)	false	3.882	0.5993	0.2522	3.76	0.6474	0.2887	0.122	0.0481	0.0365
(10, 134)	true	3.618	0.6799	0.3478	3.648	0.6706	0.3617	0.03	0.0093	-0.0139
(10, 134)	false	3.248	0.7286	0.3078	3.296	0.7289	0.3165	-0.048	0.0003	0.0087
(10, 134)	false	3.742	0.6531	0.2313	3.778	0.6491	0.2904	-0.036	-0.004	0.0591
(10, 134)	false	3.472	0.7082	0.3426	3.302	0.7192	0.367	0.17	0.011	0.0243
(10, 134)	false	3.192	0.7155	0.28	3.096	0.7219	0.2835	0.096	0.0064	0.0035
(10, 134)	false	3.442	0.7175	0.3565	3.398	0.7167	0.3043	0.044	-0.0008	-0.0522
(90, 146)	false	3.34	0.7025	0.3113	3.362	0.6933	0.3443	-0.022	-0.0093	0.033
(90, 146)	false	3.708	0.6556	0.2574	3.658	0.6539	0.2783	0.05	-0.0017	0.0209
(90, 146)	false	3.688	0.6499	0.2643	3.654	0.6467	0.3009	0.034	-0.0031	0.0365
(90, 146)	false	3.882	0.5993	0.2522	3.592	0.6656	0.287	0.29	0.0663	0.0348
(90, 146)	false	3.618	0.6799	0.3478	3.772	0.66	0.3704	-0.154	-0.02	0.0226
(90, 146)	false	3.248	0.7286	0.3078	2.72	0.7777	0.3652	0.528	0.0491	0.0574
(90, 146)	false	3.742	0.6531	0.2313	3.524	0.6634	0.3043	0.218	0.0103	0.073
(90, 146)	false	3.472	0.7082	0.3426	3.314	0.7383	0.3652	0.158	0.0301	0.0226
(90, 146)	false	3.192	0.7155	0.28	3.004	0.7384	0.2957	0.188	0.0228	0.0157
(90, 146)	false	3.442	0.7175	0.3565	3.266	0.7105	0.2591	0.176	-0.007	-0.0974
(75, 85)	true	3.34	0.7025	0.3113	3.494	0.6876	0.3113	0.154	0.0149	0
(75, 85)	true	3.708	0.6556	0.2574	4.224	0.6104	0.2435	0.516	0.0452	0.0139
(75, 85)	true	3.688	0.6499	0.2643	4.304	0.5873	0.2278	0.616	0.0626	0.0365
(75, 85)	true	3.882	0.5993	0.2522	4.11	0.5636	0.2226	0.228	0.0357	0.0296
(75, 85)	false	3.618	0.6799	0.3478	3.81	0.663	0.36	-0.192	-0.017	0.0122
(75, 85)	false	3.248	0.7286	0.3078	3.148	0.7322	0.3304	0.1	0.0037	0.0226
(75, 85)	true	3.742	0.6531	0.2313	4.202	0.5996	0.2452	0.46	0.0535	-0.0139
(75, 85)	false	3.472	0.7082	0.3426	3.472	0.6919	0.3339	0	-0.0163	-0.0087
(75, 85)	false	3.192	0.7155	0.28	3.224	0.7111	0.3009	-0.032	-0.0044	0.0209
(75, 85)	false	3.442	0.7175	0.3565	3.16	0.7295	0.2887	0.282	0.012	-0.0678
(101, 139)	false	3.34	0.7025	0.3113	3.26	0.7131	0.3391	0.08	0.0106	0.0278
(101, 139)	true	3.708	0.6556	0.2574	3.454	0.6688	0.3026	-0.254	-0.0132	-0.0452
(101, 139)	true	3.688	0.6499	0.2643	3.892	0.6435	0.3009	0.204	0.0063	-0.0365
(101, 139)	true	3.882	0.5993	0.2522	3.544	0.6721	0.3183	-0.338	-0.0728	-0.0661
(101, 139)	true	3.618	0.6799	0.3478	3.96	0.6283	0.3513	0.342	0.0516	-0.0035
(101, 139)	false	3.248	0.7286	0.3078	2.93	0.7571	0.32	0.318	0.0285	0.0122
(101, 139)	true	3.742	0.6531	0.2313	3.804	0.647	0.3148	0.062	0.0062	-0.0835
(101, 139)	false	3.472	0.7082	0.3426	3.316	0.7238	0.3443	0.156	0.0156	0.0017
(101, 139)	false	3.192	0.7155	0.28	3.152	0.7113	0.3113	0.04	-0.0042	0.0313
(101, 139)	false	3.442	0.7175	0.3565	3.446	0.7006	0.3113	-0.004	-0.0169	-0.0452
(21, 66)	false	3.34	0.7025	0.3113	3.23	0.7206	0.3565	0.11	0.0181	0.0452
(21, 66)	false	3.708	0.6556	0.2574	4.076	0.5573	0.2296	-0.368	-0.0983	-0.0278
(21, 66)	false	3.688	0.6499	0.2643	4.102	0.6165	0.2783	-0.414	-0.0334	0.0139
(21, 66)	false	3.882	0.5993	0.2522	3.996	0.6261	0.2365	-0.114	0.0268	-0.0157
(21, 66)	false	3.618	0.6799	0.3478	3.83	0.6664	0.3478	-0.212	-0.0135	0
(21, 66)	false	3.248	0.7286	0.3078	3.04	0.7446	0.3478	0.208	0.016	0.04
(21, 66)	false	3.742	0.6531	0.2313	4.064	0.532	0.2139	-0.322	-0.1211	-0.0174
(21, 66)	false	3.472	0.7082	0.3426	3.622	0.6909	0.3304	-0.15	-0.0173	-0.0122
(21, 66)	true	3.192	0.7155	0.28	3.254	0.7081	0.3096	0.062	0.0075	-0.0296
(21, 66)	false	3.442	0.7175	0.3565	3.188	0.7212	0.327	0.254	0.0037	-0.0296
(22, 62)	true	3.34	0.7025	0.3113	3.184	0.7075	0.3217	-0.156	-0.005	-0.0104
(22, 62)	true	3.708	0.6556	0.2574	3.808	0.6315	0.2591	0.1	0.0241	-0.0017
(22, 62)	true	3.688	0.6499	0.2643	3.8	0.6434	0.2557	0.112	0.0064	0.0087
(22, 62)	true	3.882	0.5993	0.2522	3.758	0.6562	0.2504	-0.124	-0.0569	0.0017
(22, 62)	false	3.618	0.6799	0.3478	3.89	0.6676	0.3896	-0.272	-0.0123	0.0417
(22, 62)	false	3.248	0.7286	0.3078	2.842	0.7713	0.3426	0.406	0.0427	0.0348
(22, 62)	true	3.742	0.6531	0.2313	3.732	0.6458	0.2696	-0.01	0.0073	-0.0383
(22, 62)	false	3.472	0.7082	0.3426	3.136	0.7352	0.3757	0.336	0.027	0.033
(22, 62)	true	3.192	0.7155	0.28	3.29	0.699	0.3078	0.098	0.0166	-0.0278
(22, 62)	false	3.442	0.7175	0.3565	3.188	0.7411	0.3739	0.254	0.0235	0.0174
(26, 65)	true	3.34	0.7025	0.3113	3.282	0.6985	0.2643	-0.058	0.004	0.047
(26, 65)	true	3.708	0.6556	0.2574	3.78	0.6418	0.2661	0.072	0.0138	-0.0087
(26, 65)	true	3.688	0.6499	0.2643	3.726	0.6374	0.2504	0.038	0.0124	0.0139
(26, 65)	true	3.882	0.5993	0.2522	3.692	0.6554	0.287	-0.19	-0.0561	-0.0348
(26, 65)	false	3.618	0.6799	0.3478	3.774	0.6528	0.3617	-0.156	-0.0272	0.0139
(26, 65)	true	3.248	0.7286	0.3078	3.316	0.7166	0.3304	0.068	0.012	-0.0226
(26, 65)	true	3.742	0.6531	0.2313	3.482	0.6743	0.3061	-0.26	-0.0212	-0.0748
(26, 65)	true	3.472	0.7082	0.3426	3.5	0.7056	0.3513	0.028	0.0026	-0.0087
(26, 65)	false	3.192	0.7155	0.28	3.034	0.7303	0.32	0.158	0.0148	0.04
(26, 65)	false	3.442	0.7175	0.3565	3.198	0.7304	0.3287	0.244	0.0129	-0.0278
(25, 64)	true	3.34	0.7025	0.3113	3.112	0.7252	0.3096	-0.228	-0.0226	0.0017
(25, 64)	false	3.708	0.6556	0.2574	3.584	0.6802	0.2974	0.124	0.0246	0.04
(25, 64)	false	3.688	0.6499	0.2643	3.612	0.6845	0.3304	0.076	0.0347	0.0661
(25, 64)	false	3.882	0.5993	0.2522	3.732	0.6614	0.3235	0.15	0.0621	0.0713
(25, 64)	false	3.618	0.6799	0.3478	3.942	0.646	0.2887	-0.324	-0.034	-0.0591
(25, 64)	false	3.248	0.7286	0.3078	3.056	0.7471	0.3043	0.192	0.0185	-0.0035
(25, 64)	false	3.742	0.6531	0.2313	3.708	0.6509	0.3078	0.034	-0.0022	0.0765
(25, 64)	true	3.472	0.7082	0.3426	3.322	0.7185	0.3357	-0.15	-0.0103	0.007
(25, 64)	false	3.192	0.7155	0.28	3.168	0.7119	0.3565	0.024	-0.0037	0.0765
(25, 64)	false	3.442	0.7175	0.3565	3.206	0.7255	0.4035	0.236	0.008	0.047
(74, 85)	false	3.34	0.7025	0.3113	3.272	0.7134	0.3565	0.068	0.0108	0.0452
(74, 85)	false	3.708	0.6556	0.2574	3.826	0.5908	0.2035	-0.118	-0.0648	-0.0539
(74, 85)	false	3.688	0.6499	0.2643	3.626	0.6782	0.247	0.062	0.0283	-0.0174
(74, 85)	false	3.882	0.5993	0.2522	3.762	0.6602	0.2157	0.12	0.0608	-0.0365
(74, 85)	false	3.618	0.6799	0.3478	3.922	0.6447	0.3496	-0.304	-0.0352	0.0017
(74, 85)	true	3.248	0.7286	0.3078	3.144	0.7341	0.3339	-0.104	-0.0055	-0.0261
(74, 85)	false	3.742	0.6531	0.2313	3.576	0.676	0.2435	0.166	0.0229	0.0122
(74, 85)	false	3.472	0.7082	0.3426	3.788	0.6772	0.3774	-0.316	-0.031	0.0348
(74, 85)	false	3.192	0.7155	0.28	3.158	0.7157	0.2835	0.034	0.0002	0.0035
(74, 85)	false	3.442	0.7175	0.3565	3.22	0.7242	0.3548	0.222	0.0066	-0.0017
(13, 127)	true	3.34	0.7025	0.3113	3.36	0.6966	0.3113	0.02	0.006	0
(13, 127)	false	3.708	0.6556	0.2574	3.398	0.705	0.313	0.31	0.0494	0.0557
(13, 127)	false	3.688	0.6499	0.2643	3.52	0.6887	0.2974	0.168	0.0389	0.033
(13, 127)	false	3.882	0.5993	0.2522	3.466	0.6951	0.3183	0.416	0.0958	0.0661
(13, 127)	true	3.618	0.6799	0.3478	3.504	0.6901	0.3374	-0.114	-0.0102	0.0104
(13, 127)	false	3.248	0.7286	0.3078	3.056	0.7531	0.3826	0.192	0.0246	0.0748
(13, 127)	false	3.742	0.6531	0.2313	3.494	0.6919	0.3304	0.248	0.0388	0.0991
(13, 127)	false	3.472	0.7082	0.3426	3.598	0.6882	0.3565	-0.126	-0.02	0.0139
(13, 127)	true	3.192	0.7155	0.28	3.064	0.718	0.2817	-0.128	-0.0025	-0.0017
(13, 127)	false	3.442	0.7175	0.3565	3.306	0.7168	0.313	0.136	-0.0008	-0.0435
(6, 130)	false	3.34	0.7025	0.3113	3.172	0.7119	0.32	0.168	0.0093	0.0087
(6, 130)	false	3.708	0.6556	0.2574	3.732	0.6416	0.2696	-0.024	-0.0141	0.0122
(6, 130)	false	3.688	0.6499	0.2643	3.674	0.6535	0.273	0.014	0.0037	0.0087
(6, 130)	false	3.882	0.5993	0.2522	3.606	0.6655	0.2852	0.276	0.0662	0.033
(6, 130)	true	3.618	0.6799	0.3478	3.696	0.672	0.3722	0.078	0.0079	-0.0243
(6, 130)	true	3.248	0.7286	0.3078	3.286	0.7295	0.2852	0.038	-0.0009	0.0226
(6, 130)	false	3.742	0.6531	0.2313	3.718	0.6472	0.28	0.024	-0.0059	0.0487
(6, 130)	true	3.472	0.7082	0.3426	3.53	0.7145	0.3565	0.058	-0.0063	-0.0139
(6, 130)	false	3.192	0.7155	0.28	3.098	0.7285	0.313	0.094	0.013	0.033
(6, 130)	false	3.442	0.7175	0.3565	3.274	0.7147	0.3374	0.168	-0.0028	-0.0191
(25, 66)	false	3.34	0.7025	0.3113	3.204	0.7179	0.3443	0.136	0.0153	0.033
(25, 66)	true	3.708	0.6556	0.2574	3.612	0.6665	0.2852	-0.096	-0.0109	-0.0278
(25, 66)	true	3.688	0.6499	0.2643	3.684	0.6704	0.2696	-0.004	-0.0205	-0.0052
(25, 66)	true	3.882	0.5993	0.2522	3.896	0.6573	0.2278	0.014	-0.058	0.0243
(25, 66)	false	3.618	0.6799	0.3478	3.756	0.6493	0.3583	-0.138	-0.0307	0.0104
(25, 66)	false	3.248	0.7286	0.3078	2.952	0.7562	0.3565	0.296	0.0276	0.0487
(25, 66)	true	3.742	0.6531	0.2313	3.704	0.6625	0.2765	-0.038	-0.0094	-0.0452
(25, 66)	true	3.472	0.7082	0.3426	3.416	0.7081	0.3426	-0.056	0.0001	0
(25, 66)	false	3.192	0.7155	0.28	3.13	0.7215	0.327	0.062	0.006	0.047
(25, 66)	false	3.442	0.7175	0.3565	3.332	0.7199	0.3461	0.11	0.0024	-0.0104
(41, 47)	false	3.34	0.7025	0.3113	3.506	0.6839	0.3287	-0.166	-0.0186	0.0174
(41, 47)	false	3.708	0.6556	0.2574	3.396	0.686	0.2835	0.312	0.0303	0.0261
(41, 47)	false	3.688	0.6499	0.2643	3.794	0.649	0.2783	-0.106	-0.0008	0.0139
(41, 47)	false	3.882	0.5993	0.2522	3.656	0.6605	0.2852	0.226	0.0612	0.033
(41, 47)	true	3.618	0.6799	0.3478	3.674	0.6782	0.3652	0.056	0.0018	-0.0174
(41, 47)	false	3.248	0.7286	0.3078	3.096	0.7348	0.3443	0.152	0.0062	0.0365
(41, 47)	false	3.742	0.6531	0.2313	3.594	0.6657	0.2452	0.148	0.0126	0.0139
(41, 47)	true	3.472	0.7082	0.3426	3.77	0.6629	0.3322	0.298	0.0453	0.0104
(41, 47)	true	3.192	0.7155	0.28	3.37	0.6989	0.2852	0.178	0.0166	-0.0052
(41, 47)	false	3.442	0.7175	0.3565	3.176	0.7328	0.3478	0.266	0.0152	-0.0087
(26, 62)	false	3.34	0.7025	0.3113	3.23	0.6914	0.3583	0.11	-0.0111	0.047
(26, 62)	false	3.708	0.6556	0.2574	3.454	0.6925	0.3252	0.254	0.0368	0.0678
(26, 62)	false	3.688	0.6499	0.2643	3.594	0.6699	0.3026	0.094	0.0201	0.0383
(26, 62)	false	3.882	0.5993	0.2522	3.714	0.6585	0.3304	0.168	0.0592	0.0783
(26, 62)	false	3.618	0.6799	0.3478	3.888	0.6558	0.3322	-0.27	-0.0241	-0.0157
(26, 62)	false	3.248	0.7286	0.3078	3.112	0.7372	0.32	0.136	0.0086	0.0122
(26, 62)	false	3.742	0.6531	0.2313	3.828	0.6375	0.287	-0.086	-0.0156	0.0557
(26, 62)	true	3.472	0.7082	0.3426	3.432	0.7084	0.367	-0.04	-0.0002	-0.0243
(26, 62)	false	3.192	0.7155	0.28	3.458	0.6739	0.2765	-0.266	-0.0416	-0.0035
(26, 62)	false	3.442	0.7175	0.3565	3.336	0.7213	0.3461	0.106	0.0038	-0.0104
(112, 132)	true	3.34	0.7025	0.3113	3.486	0.6883	0.3217	0.146	0.0142	-0.0104
(112, 132)	true	3.708	0.6556	0.2574	3.55	0.6754	0.28	-0.158	-0.0198	-0.0226
(112, 132)	true	3.688	0.6499	0.2643	3.566	0.6716	0.2696	-0.122	-0.0217	-0.0052
(112, 132)	true	3.882	0.5993	0.2522	3.536	0.6814	0.2748	-0.346	-0.0821	-0.0226
(112, 132)	false	3.618	0.6799	0.3478	3.748	0.6675	0.3791	-0.13	-0.0124	0.0313
(112, 132)	false	3.248	0.7286	0.3078	2.966	0.7536	0.3513	0.282	0.025	0.0435
(112, 132)	true	3.742	0.6531	0.2313	3.722	0.6583	0.2591	-0.02	-0.0052	-0.0278
(112, 132)	false	3.472	0.7082	0.3426	3.474	0.7016	0.3357	-0.002	-0.0066	-0.007
(112, 132)	false	3.192	0.7155	0.28	3.284	0.7022	0.2713	-0.092	-0.0133	-0.0087
(112, 132)	false	3.442	0.7175	0.3565	3.244	0.7076	0.3096	0.198	-0.0099	-0.047
(116, 123)	false	3.34	0.7025	0.3113	3.204	0.7053	0.3409	0.136	0.0027	0.0296
(116, 123)	false	3.708	0.6556	0.2574	3.368	0.6939	0.2852	0.34	0.0383	0.0278
(116, 123)	false	3.688	0.6499	0.2643	3.578	0.668	0.2765	0.11	0.0181	0.0122
(116, 123)	false	3.882	0.5993	0.2522	3.61	0.6612	0.2574	0.272	0.0619	0.0052
(116, 123)	false	3.618	0.6799	0.3478	3.93	0.6472	0.3704	-0.312	-0.0328	0.0226
(116, 123)	false	3.248	0.7286	0.3078	3.038	0.7482	0.3026	0.21	0.0196	-0.0052
(116, 123)	false	3.742	0.6531	0.2313	3.538	0.6623	0.247	0.204	0.0091	0.0157
(116, 123)	true	3.472	0.7082	0.3426	3.68	0.6853	0.3357	0.208	0.0229	0.007
(116, 123)	false	3.192	0.7155	0.28	3.3	0.7047	0.2748	-0.108	-0.0108	-0.0052
(116, 123)	false	3.442	0.7175	0.3565	3.086	0.7283	0.3374	0.356	0.0108	-0.0191
(86, 142)	false	3.34	0.7025	0.3113	3.274	0.7104	0.287	0.066	0.0079	-0.0243
(86, 142)	false	3.708	0.6556	0.2574	3.742	0.6506	0.2383	-0.034	-0.005	-0.0191
(86, 142)	false	3.688	0.6499	0.2643	3.778	0.6349	0.2157	-0.09	-0.015	-0.0487
(86, 142)	false	3.882	0.5993	0.2522	3.702	0.6505	0.2157	0.18	0.0512	-0.0365
(86, 142)	false	3.618	0.6799	0.3478	3.826	0.6732	0.3878	-0.208	-0.0067	0.04
(86, 142)	false	3.248	0.7286	0.3078	3.086	0.7361	0.3374	0.162	0.0075	0.0296
(86, 142)	false	3.742	0.6531	0.2313	3.656	0.6659	0.2783	0.086	0.0128	0.047
(86, 142)	false	3.472	0.7082	0.3426	3.126	0.7419	0.3896	0.346	0.0337	0.047
(86, 142)	false	3.192	0.7155	0.28	3.2	0.7207	0.2522	-0.008	0.0052	-0.0278
(86, 142)	false	3.442	0.7175	0.3565	3.142	0.7331	0.2939	0.3	0.0155	-0.0626
(40, 46)	true	3.34	0.7025	0.3113	3.098	0.7079	0.3322	-0.242	-0.0054	-0.0209
(40, 46)	false	3.708	0.6556	0.2574	3.604	0.6637	0.2939	0.104	0.0081	0.0365
(40, 46)	false	3.688	0.6499	0.2643	3.622	0.6667	0.2696	0.066	0.0168	0.0052
(40, 46)	false	3.882	0.5993	0.2522	3.714	0.6473	0.2696	0.168	0.048	0.0174
(40, 46)	false	3.618	0.6799	0.3478	3.826	0.6575	0.3652	-0.208	-0.0224	0.0174
(40, 46)	false	3.248	0.7286	0.3078	3.136	0.7398	0.3496	0.112	0.0112	0.0417
(40, 46)	false	3.742	0.6531	0.2313	3.64	0.6502	0.2487	0.102	-0.0029	0.0174
(40, 46)	false	3.472	0.7082	0.3426	3.616	0.69	0.3617	-0.144	-0.0181	0.0191
(40, 46)	false	3.192	0.7155	0.28	3.08	0.709	0.2835	0.112	-0.0065	0.0035
(40, 46)	false	3.442	0.7175	0.3565	3.048	0.7429	0.3357	0.394	0.0254	-0.0209
(94, 151)	false	3.34	0.7025	0.3113	3.45	0.6872	0.3078	-0.11	-0.0153	-0.0035
(94, 151)	true	3.708	0.6556	0.2574	3.866	0.6395	0.3096	0.158	0.0161	-0.0522
(94, 151)	true	3.688	0.6499	0.2643	3.844	0.6493	0.2591	0.156	0.0006	0.0052
(94, 151)	true	3.882	0.5993	0.2522	3.878	0.651	0.2835	-0.004	-0.0517	-0.0313
(94, 151)	true	3.618	0.6799	0.3478	3.626	0.6769	0.3374	0.008	0.003	0.0104
(94, 151)	false	3.248	0.7286	0.3078	3.034	0.7471	0.3496	0.214	0.0185	0.0417
(94, 151)	true	3.742	0.6531	0.2313	3.978	0.6301	0.2713	0.236	0.0231	-0.04
(94, 151)	false	3.472	0.7082	0.3426	3.382	0.7181	0.3252	0.09	0.0099	-0.0174
(94, 151)	false	3.192	0.7155	0.28	3.168	0.7115	0.2783	0.024	-0.0041	-0.0017
(94, 151)	false	3.442	0.7175	0.3565	3.312	0.7141	0.3235	0.13	-0.0034	-0.033
(94, 100)	false	3.34	0.7025	0.3113	3.356	0.6941	0.3304	-0.016	-0.0085	0.0191
(94, 100)	true	3.708	0.6556	0.2574	3.624	0.6744	0.2939	-0.084	-0.0188	-0.0365
(94, 100)	true	3.688	0.6499	0.2643	3.76	0.6645	0.3078	0.072	-0.0147	-0.0435
(94, 100)	true	3.882	0.5993	0.2522	3.926	0.6422	0.2817	0.044	-0.0429	-0.0296
(94, 100)	false	3.618	0.6799	0.3478	3.878	0.671	0.4104	-0.26	-0.009	0.0626
(94, 100)	true	3.248	0.7286	0.3078	3.062	0.7462	0.3374	-0.186	-0.0176	-0.0296
(94, 100)	true	3.742	0.6531	0.2313	3.666	0.6662	0.3304	-0.076	-0.0131	-0.0991
(94, 100)	false	3.472	0.7082	0.3426	3.414	0.7131	0.3409	0.058	0.0049	-0.0017
(94, 100)	false	3.192	0.7155	0.28	3.286	0.7052	0.287	-0.094	-0.0104	0.007
(94, 100)	false	3.442	0.7175	0.3565	3.41	0.7214	0.3217	0.032	0.0039	-0.0348
(49, 55)	false	3.34	0.7025	0.3113	3.16	0.7156	0.3252	0.18	0.0131	0.0139
(49, 55)	false	3.708	0.6556	0.2574	3.65	0.6604	0.2696	0.058	0.0048	0.0122
(49, 55)	false	3.688	0.6499	0.2643	3.596	0.6662	0.2852	0.092	0.0163	0.0209
(49, 55)	false	3.882	0.5993	0.2522	3.604	0.6611	0.3061	0.278	0.0618	0.0539
(49, 55)	false	3.618	0.6799	0.3478	3.754	0.6838	0.3635	-0.136	0.0039	0.0157
(49, 55)	false	3.248	0.7286	0.3078	3.316	0.7216	0.3217	-0.068	-0.007	0.0139
(49, 55)	false	3.742	0.6531	0.2313	3.694	0.656	0.2922	0.048	0.0029	0.0609
(49, 55)	false	3.472	0.7082	0.3426	3.534	0.7021	0.3635	-0.062	-0.0061	0.0209
(49, 55)	false	3.192	0.7155	0.28	3.338	0.7043	0.2904	-0.146	-0.0112	0.0104
(49, 55)	false	3.442	0.7175	0.3565	3.232	0.704	0.2887	0.21	-0.0135	-0.0678
(9, 131)	false	3.34	0.7025	0.3113	3.304	0.7077	0.2887	0.036	0.0052	-0.0226
(9, 131)	false	3.708	0.6556	0.2574	3.57	0.6707	0.32	0.138	0.0151	0.0626
(9, 131)	false	3.688	0.6499	0.2643	3.468	0.6804	0.3252	0.22	0.0305	0.0609
(9, 131)	false	3.882	0.5993	0.2522	3.598	0.6657	0.3009	0.284	0.0664	0.0487
(9, 131)	false	3.618	0.6799	0.3478	3.82	0.6727	0.3704	-0.202	-0.0072	0.0226
(9, 131)	false	3.248	0.7286	0.3078	2.996	0.7563	0.3287	0.252	0.0277	0.0209
(9, 131)	false	3.742	0.6531	0.2313	3.702	0.664	0.3078	0.04	0.0109	0.0765
(9, 131)	false	3.472	0.7082	0.3426	3.288	0.7175	0.3739	0.184	0.0093	0.0313
(9, 131)	false	3.192	0.7155	0.28	3.12	0.72	0.3287	0.072	0.0045	0.0487
(9, 131)	false	3.442	0.7175	0.3565	3.314	0.7183	0.3217	0.128	0.0008	-0.0348
(27, 114)	true	3.34	0.7025	0.3113	3.732	0.6623	0.3113	0.392	0.0403	0
(27, 114)	true	3.708	0.6556	0.2574	3.79	0.6484	0.2365	0.082	0.0072	0.0209
(27, 114)	true	3.688	0.6499	0.2643	3.55	0.6688	0.2626	-0.138	-0.0189	0.0017
(27, 114)	true	3.882	0.5993	0.2522	3.776	0.6532	0.273	-0.106	-0.0539	-0.0209
(27, 114)	false	3.618	0.6799	0.3478	3.646	0.6778	0.3357	-0.028	-0.0021	-0.0122
(27, 114)	true	3.248	0.7286	0.3078	3.714	0.6797	0.2609	0.466	0.0489	0.047
(27, 114)	true	3.742	0.6531	0.2313	3.734	0.6556	0.233	-0.008	-0.0025	-0.0017
(27, 114)	false	3.472	0.7082	0.3426	3.248	0.7201	0.3861	0.224	0.0119	0.0435
(27, 114)	true	3.192	0.7155	0.28	3.158	0.7219	0.3496	-0.034	-0.0064	-0.0696
(27, 114)	false	3.442	0.7175	0.3565	3.16	0.739	0.3478	0.282	0.0215	-0.0087
(25, 65)	false	3.34	0.7025	0.3113	3.224	0.723	0.327	0.116	0.0205	0.0157
(25, 65)	false	3.708	0.6556	0.2574	3.59	0.6697	0.287	0.118	0.0141	0.0296
(25, 65)	false	3.688	0.6499	0.2643	3.58	0.657	0.2974	0.108	0.0072	0.033
(25, 65)	false	3.882	0.5993	0.2522	3.778	0.6495	0.2678	0.104	0.0502	0.0157
(25, 65)	false	3.618	0.6799	0.3478	3.716	0.6559	0.3461	-0.098	-0.024	-0.0017
(25, 65)	false	3.248	0.7286	0.3078	2.97	0.7607	0.3461	0.278	0.0321	0.0383
(25, 65)	false	3.742	0.6531	0.2313	3.828	0.6402	0.2574	-0.086	-0.0129	0.0261
(25, 65)	true	3.472	0.7082	0.3426	3.59	0.6962	0.3478	0.118	0.012	-0.0052
(25, 65)	true	3.192	0.7155	0.28	3.26	0.7226	0.2922	0.068	-0.0071	-0.0122
(25, 65)	false	3.442	0.7175	0.3565	3.208	0.7249	0.3183	0.234	0.0074	-0.0383
(31, 110)	true	3.34	0.7025	0.3113	3.328	0.6961	0.3426	-0.012	0.0065	-0.0313
(31, 110)	false	3.708	0.6556	0.2574	3.892	0.628	0.2609	-0.184	-0.0277	0.0035
(31, 110)	false	3.688	0.6499	0.2643	3.776	0.6418	0.2643	-0.088	-0.0081	0
(31, 110)	false	3.882	0.5993	0.2522	3.566	0.6519	0.2557	0.316	0.0526	0.0035
(31, 110)	false	3.618	0.6799	0.3478	3.776	0.6695	0.3617	-0.158	-0.0104	0.0139
(31, 110)	false	3.248	0.7286	0.3078	3.048	0.7522	0.3548	0.2	0.0236	0.047
(31, 110)	false	3.742	0.6531	0.2313	3.59	0.6451	0.2574	0.152	-0.0081	0.0261
(31, 110)	true	3.472	0.7082	0.3426	4.136	0.5785	0.3009	0.664	0.1297	0.0417
(31, 110)	false	3.192	0.7155	0.28	3.32	0.7066	0.2887	-0.128	-0.0089	0.0087
(31, 110)	false	3.442	0.7175	0.3565	3.292	0.7202	0.3496	0.15	0.0026	-0.007
(2, 133)	false	3.34	0.7025	0.3113	3.228	0.7196	0.3513	0.112	0.0171	0.04
(2, 133)	true	3.708	0.6556	0.2574	3.742	0.6478	0.2452	0.034	0.0078	0.0122
(2, 133)	true	3.688	0.6499	0.2643	3.484	0.6616	0.2696	-0.204	-0.0118	-0.0052
(2, 133)	true	3.882	0.5993	0.2522	3.616	0.6622	0.2974	-0.266	-0.0629	-0.0452
(2, 133)	false	3.618	0.6799	0.3478	3.734	0.6724	0.3617	-0.116	-0.0075	0.0139
(2, 133)	false	3.248	0.7286	0.3078	3.254	0.7284	0.2957	-0.006	-0.0002	-0.0122
(2, 133)	true	3.742	0.6531	0.2313	3.688	0.6519	0.2661	-0.054	0.0012	-0.0348
(2, 133)	false	3.472	0.7082	0.3426	3.456	0.699	0.3548	0.016	-0.0092	0.0122
(2, 133)	false	3.192	0.7155	0.28	3.134	0.7301	0.3026	0.058	0.0145	0.0226
(2, 133)	false	3.442	0.7175	0.3565	3.352	0.7336	0.3478	0.09	0.0161	-0.0087
(29, 107)	true	3.34	0.7025	0.3113	3.296	0.6988	0.3096	-0.044	0.0037	0.0017
(29, 107)	false	3.708	0.6556	0.2574	3.586	0.6739	0.2626	0.122	0.0183	0.0052
(29, 107)	false	3.688	0.6499	0.2643	3.554	0.6888	0.3026	0.134	0.0389	0.0383
(29, 107)	false	3.882	0.5993	0.2522	3.74	0.6592	0.2591	0.142	0.0599	0.007
(29, 107)	false	3.618	0.6799	0.3478	3.77	0.6718	0.3583	-0.152	-0.0081	0.0104
(29, 107)	true	3.248	0.7286	0.3078	3.106	0.7377	0.3287	-0.142	-0.0091	-0.0209
(29, 107)	false	3.742	0.6531	0.2313	3.684	0.6781	0.2835	0.058	0.025	0.0522
(29, 107)	false	3.472	0.7082	0.3426	3.456	0.7148	0.3548	0.016	0.0066	0.0122
(29, 107)	true	3.192	0.7155	0.28	3.356	0.6924	0.2365	0.164	0.0231	0.0435
(29, 107)	false	3.442	0.7175	0.3565	3.56	0.6908	0.3461	-0.118	-0.0267	-0.0104
(108, 135)	false	3.34	0.7025	0.3113	3.332	0.7069	0.3357	0.008	0.0043	0.0243
(108, 135)	false	3.708	0.6556	0.2574	3.696	0.6739	0.273	0.012	0.0183	0.0157
(108, 135)	false	3.688	0.6499	0.2643	3.586	0.6747	0.3183	0.102	0.0248	0.0539
(108, 135)	false	3.882	0.5993	0.2522	3.824	0.654	0.2713	0.058	0.0547	0.0191
(108, 135)	false	3.618	0.6799	0.3478	3.95	0.6582	0.3722	-0.332	-0.0217	0.0243
(108, 135)	false	3.248	0.7286	0.3078	2.916	0.7595	0.3409	0.332	0.0309	0.033
(108, 135)	false	3.742	0.6531	0.2313	3.77	0.6397	0.2435	-0.028	-0.0134	0.0122
(108, 135)	false	3.472	0.7082	0.3426	3.354	0.7306	0.3861	0.118	0.0224	0.0435
(108, 135)	false	3.192	0.7155	0.28	3.316	0.6972	0.2852	-0.124	-0.0183	0.0052
(108, 135)	false	3.442	0.7175	0.3565	3.294	0.7157	0.3026	0.148	-0.0018	-0.0539