(10, 46)	true	2.974	0.4393	0.2974	3.244	0.4678	0.3077	0.27	-0.0285	-0.0103
(10, 46)	false	2.996	0.5209	0.2923	3.052	0.4347	0.2564	-0.056	-0.0862	-0.0359
(10, 46)	true	2.714	0.4746	0.2256	2.656	0.5593	0.3436	-0.058	-0.0847	-0.1179
(10, 46)	false	3.342	0.4489	0.1641	2.362	0.5681	0.3077	0.98	0.1192	0.1436
(10, 46)	true	2.602	0.5251	0.2718	2.606	0.4712	0.2256	0.004	0.054	0.0462
(10, 46)	false	2.684	0.4971	0.2923	2.746	0.4907	0.2615	-0.062	-0.0064	-0.0308
(10, 46)	true	2.902	0.5193	0.3333	3.12	0.5388	0.2923	0.218	-0.0195	0.041
(10, 46)	false	2.58	0.5835	0.3846	2.38	0.5978	0.3538	0.2	0.0143	-0.0308
(10, 46)	false	2.756	0.5427	0.359	2.652	0.5591	0.3538	0.104	0.0164	-0.0051
(10, 46)	true	2.49	0.5741	0.3744	2.626	0.5906	0.3538	0.136	-0.0164	0.0205
(22, 57)	false	2.974	0.4393	0.2974	2.796	0.4828	0.2974	0.178	0.0435	0
(22, 57)	false	2.996	0.5209	0.2923	2.898	0.4958	0.2974	0.098	-0.0251	0.0051
(22, 57)	false	2.714	0.4746	0.2256	2.534	0.4866	0.2667	0.18	0.012	0.041
(22, 57)	true	3.342	0.4489	0.1641	3.184	0.363	0.1231	-0.158	0.0859	0.041
(22, 57)	false	2.602	0.5251	0.2718	2.642	0.485	0.3026	-0.04	-0.0401	0.0308
(22, 57)	false	2.684	0.4971	0.2923	2.86	0.5042	0.2872	-0.176	0.0072	-0.0051
(22, 57)	false	2.902	0.5193	0.3333	2.972	0.5211	0.3897	-0.07	0.0018	0.0564
(22, 57)	false	2.58	0.5835	0.3846	2.606	0.5977	0.4	-0.026	0.0142	0.0154
(22, 57)	false	2.756	0.5427	0.359	2.762	0.5465	0.3487	-0.006	0.0038	-0.0103
(22, 57)	true	2.49	0.5741	0.3744	2.37	0.5604	0.2821	-0.12	0.0137	0.0923
(23, 57)	false	2.974	0.4393	0.2974	3	0.4647	0.3487	-0.026	0.0254	0.0513
(23, 57)	false	2.996	0.5209	0.2923	3.066	0.5018	0.3231	-0.07	-0.0191	0.0308
(23, 57)	false	2.714	0.4746	0.2256	2.578	0.5457	0.2872	0.136	0.0711	0.0615
(23, 57)	false	3.342	0.4489	0.1641	3.278	0.4874	0.2308	0.064	0.0385	0.0667
(23, 57)	false	2.602	0.5251	0.2718	2.602	0.5323	0.3385	0	0.0072	0.0667
(23, 57)	true	2.684	0.4971	0.2923	2.626	0.5143	0.3026	-0.058	-0.0172	-0.0103
(23, 57)	true	2.902	0.5193	0.3333	2.994	0.5083	0.2462	0.092	0.011	0.0872
(23, 57)	true	2.58	0.5835	0.3846	2.412	0.6202	0.3385	-0.168	-0.0367	0.0462
(23, 57)	true	2.756	0.5427	0.359	2.452	0.574	0.3026	-0.304	-0.0314	0.0564
(23, 57)	true	2.49	0.5741	0.3744	2.684	0.5654	0.3641	0.194	0.0088	0.0103
(28, 49)	false	2.974	0.4393	0.2974	2.79	0.4325	0.2051	0.184	-0.0068	-0.0923
(28, 49)	false	2.996	0.5209	0.2923	2.748	0.5027	0.2718	0.248	-0.0182	-0.0205
(28, 49)	false	2.714	0.4746	0.2256	2.308	0.5967	0.3897	0.406	0.1221	0.1641
(28, 49)	true	3.342	0.4489	0.1641	3.248	0.3946	0.1846	-0.094	0.0543	-0.0205
(28, 49)	false	2.602	0.5251	0.2718	2.558	0.5731	0.3744	0.044	0.048	0.1026
(28, 49)	true	2.684	0.4971	0.2923	2.686	0.477	0.2974	0.002	0.0201	-0.0051
(28, 49)	false	2.902	0.5193	0.3333	2.894	0.5125	0.3385	0.008	-0.0069	0.0051
(28, 49)	false	2.58	0.5835	0.3846	2.428	0.6148	0.4256	0.152	0.0314	0.041
(28, 49)	false	2.756	0.5427	0.359	2.674	0.5569	0.4256	0.082	0.0142	0.0667
(28, 49)	true	2.49	0.5741	0.3744	2.578	0.5778	0.3385	0.088	-0.0036	0.0359
(8, 43)	false	2.974	0.4393	0.2974	3.298	0.4435	0.3077	-0.324	0.0042	0.0103
(8, 43)	true	2.996	0.5209	0.2923	2.746	0.5355	0.3077	-0.25	-0.0146	-0.0154
(8, 43)	true	2.714	0.4746	0.2256	2.5	0.488	0.2462	-0.214	-0.0134	-0.0205
(8, 43)	false	3.342	0.4489	0.1641	2.726	0.5535	0.3128	0.616	0.1046	0.1487
(8, 43)	false	2.602	0.5251	0.2718	2.468	0.5638	0.3179	0.134	0.0387	0.0462
(8, 43)	false	2.684	0.4971	0.2923	2.722	0.525	0.3333	-0.038	0.0279	0.041
(8, 43)	false	2.902	0.5193	0.3333	2.714	0.5483	0.3436	0.188	0.029	0.0103
(8, 43)	true	2.58	0.5835	0.3846	2.668	0.517	0.3179	0.088	0.0664	0.0667
(8, 43)	false	2.756	0.5427	0.359	2.816	0.5143	0.3333	-0.06	-0.0284	-0.0256
(8, 43)	true	2.49	0.5741	0.3744	2.524	0.566	0.3487	0.034	0.0082	0.0256
(36, 42)	false	2.974	0.4393	0.2974	3.116	0.4754	0.3333	-0.142	0.0362	0.0359
(36, 42)	false	2.996	0.5209	0.2923	2.798	0.5283	0.3179	0.198	0.0074	0.0256
(36, 42)	false	2.714	0.4746	0.2256	2.504	0.5344	0.2821	0.21	0.0598	0.0564
(36, 42)	false	3.342	0.4489	0.1641	3.064	0.4422	0.2667	0.278	-0.0067	0.1026
(36, 42)	false	2.602	0.5251	0.2718	2.47	0.5909	0.2974	0.132	0.0658	0.0256
(36, 42)	false	2.684	0.4971	0.2923	2.788	0.521	0.2974	-0.104	0.0239	0.0051
(36, 42)	true	2.902	0.5193	0.3333	3.18	0.4679	0.2718	0.278	0.0514	0.0615
(36, 42)	false	2.58	0.5835	0.3846	2.41	0.5953	0.3846	0.17	0.0118	0
(36, 42)	true	2.756	0.5427	0.359	2.542	0.53	0.2103	-0.214	0.0127	0.1487
(36, 42)	true	2.49	0.5741	0.3744	2.63	0.5778	0.3385	0.14	-0.0036	0.0359
(17, 49)	false	2.974	0.4393	0.2974	2.998	0.434	0.2769	-0.024	-0.0053	-0.0205
(17, 49)	false	2.996	0.5209	0.2923	2.794	0.5499	0.3128	0.202	0.029	0.0205
(17, 49)	false	2.714	0.4746	0.2256	2.606	0.46	0.3231	0.108	-0.0146	0.0974
(17, 49)	false	3.342	0.4489	0.1641	2.746	0.4622	0.2154	0.596	0.0133	0.0513
(17, 49)	true	2.602	0.5251	0.2718	2.486	0.545	0.2359	-0.116	-0.0199	0.0359
(17, 49)	false	2.684	0.4971	0.2923	2.816	0.4611	0.3538	-0.132	-0.036	0.0615
(17, 49)	false	2.902	0.5193	0.3333	3.046	0.4892	0.3436	-0.144	-0.0301	0.0103
(17, 49)	false	2.58	0.5835	0.3846	2.418	0.6066	0.3846	0.162	0.0231	0
(17, 49)	false	2.756	0.5427	0.359	2.526	0.567	0.359	0.23	0.0244	0
(17, 49)	true	2.49	0.5741	0.3744	2.61	0.5704	0.2564	0.12	0.0038	0.1179
(32, 42)	true	2.974	0.4393	0.2974	3.25	0.4397	0.2462	0.276	-0.0004	0.0513
(32, 42)	false	2.996	0.5209	0.2923	2.82	0.551	0.3795	0.176	0.0301	0.0872
(32, 42)	false	2.714	0.4746	0.2256	2.4	0.4817	0.2718	0.314	0.0071	0.0462
(32, 42)	false	3.342	0.4489	0.1641	3.044	0.4798	0.2667	0.298	0.0309	0.1026
(32, 42)	false	2.602	0.5251	0.2718	2.572	0.5309	0.3436	0.03	0.0058	0.0718
(32, 42)	true	2.684	0.4971	0.2923	2.826	0.4689	0.2103	0.142	0.0282	0.0821
(32, 42)	false	2.902	0.5193	0.3333	2.934	0.5399	0.359	-0.032	0.0206	0.0256
(32, 42)	false	2.58	0.5835	0.3846	2.248	0.6191	0.4205	0.332	0.0356	0.0359
(32, 42)	false	2.756	0.5427	0.359	2.69	0.5441	0.4	0.066	0.0014	0.041
(32, 42)	true	2.49	0.5741	0.3744	2.416	0.5954	0.3385	-0.074	-0.0212	0.0359
(14, 32)	false	2.974	0.4393	0.2974	2.674	0.5227	0.2667	0.3	0.0834	-0.0308
(14, 32)	false	2.996	0.5209	0.2923	2.712	0.5757	0.2769	0.284	0.0549	-0.0154
(14, 32)	false	2.714	0.4746	0.2256	2.69	0.5307	0.3077	0.024	0.0561	0.0821
(14, 32)	false	3.342	0.4489	0.1641	3.024	0.4991	0.2462	0.318	0.0502	0.0821
(14, 32)	false	2.602	0.5251	0.2718	2.556	0.5752	0.3846	0.046	0.0501	0.1128
(14, 32)	false	2.684	0.4971	0.2923	2.486	0.5489	0.3128	0.198	0.0519	0.0205
(14, 32)	false	2.902	0.5193	0.3333	2.79	0.5366	0.2667	0.112	0.0173	-0.0667
(14, 32)	true	2.58	0.5835	0.3846	2.654	0.5219	0.2974	0.074	0.0616	0.0872
(14, 32)	true	2.756	0.5427	0.359	2.9	0.4848	0.3538	0.144	0.0579	0.0051
(14, 32)	true	2.49	0.5741	0.3744	2.76	0.5625	0.3846	0.27	0.0116	-0.0103
(31, 49)	false	2.974	0.4393	0.2974	3.02	0.4271	0.2821	-0.046	-0.0121	-0.0154
(31, 49)	true	2.996	0.5209	0.2923	2.946	0.4972	0.2513	-0.05	0.0237	0.041
(31, 49)	false	2.714	0.4746	0.2256	2.39	0.5988	0.3744	0.324	0.1242	0.1487
(31, 49)	true	3.342	0.4489	0.1641	2.782	0.458	0.1846	-0.56	-0.0091	-0.0205
(31, 49)	false	2.602	0.5251	0.2718	2.436	0.5999	0.2923	0.166	0.0748	0.0205
(31, 49)	false	2.684	0.4971	0.2923	2.956	0.5096	0.3026	-0.272	0.0126	0.0103
(31, 49)	false	2.902	0.5193	0.3333	2.992	0.5069	0.2923	-0.09	-0.0124	-0.041
(31, 49)	false	2.58	0.5835	0.3846	2.358	0.6065	0.3487	0.222	0.023	-0.0359
(31, 49)	false	2.756	0.5427	0.359	2.87	0.5383	0.3538	-0.114	-0.0043	-0.0051
(31, 49)	true	2.49	0.5741	0.3744	2.394	0.613	0.3385	-0.096	-0.0389	0.0359
(14, 42)	false	2.974	0.4393	0.2974	3.39	0.4787	0.2923	-0.416	0.0394	-0.0051
(14, 42)	true	2.996	0.5209	0.2923	2.888	0.5152	0.2769	-0.108	0.0057	0.0154
(14, 42)	false	2.714	0.4746	0.2256	2.454	0.6053	0.3179	0.26	0.1307	0.0923
(14, 42)	true	3.342	0.4489	0.1641	3.034	0.4476	0.1333	-0.308	0.0013	0.0308
(14, 42)	false	2.602	0.5251	0.2718	2.402	0.6189	0.4205	0.2	0.0938	0.1487
(14, 42)	true	2.684	0.4971	0.2923	3.03	0.5159	0.359	0.346	-0.0189	-0.0667
(14, 42)	true	2.902	0.5193	0.3333	3.074	0.4462	0.2769	0.172	0.0731	0.0564
(14, 42)	true	2.58	0.5835	0.3846	2.566	0.5852	0.2923	-0.014	-0.0018	0.0923
(14, 42)	false	2.756	0.5427	0.359	2.944	0.5437	0.4	-0.188	0.001	0.041
(14, 42)	true	2.49	0.5741	0.3744	2.79	0.542	0.2359	0.3	0.0321	0.1385
(31, 42)	false	2.974	0.4393	0.2974	2.672	0.4392	0.2256	0.302	-0	-0.0718
(31, 42)	false	2.996	0.5209	0.2923	3.01	0.5251	0.3231	-0.014	0.0042	0.0308
(31, 42)	false	2.714	0.4746	0.2256	2.652	0.5452	0.3128	0.062	0.0706	0.0872
(31, 42)	false	3.342	0.4489	0.1641	3.208	0.4649	0.2359	0.134	0.016	0.0718
(31, 42)	false	2.602	0.5251	0.2718	2.696	0.5591	0.359	-0.094	0.034	0.0872
(31, 42)	false	2.684	0.4971	0.2923	2.742	0.4632	0.2923	-0.058	-0.0339	0
(31, 42)	false	2.902	0.5193	0.3333	2.958	0.5564	0.3231	-0.056	0.0371	-0.0103
(31, 42)	false	2.58	0.5835	0.3846	2.366	0.6134	0.4	0.214	0.0299	0.0154
(31, 42)	true	2.756	0.5427	0.359	2.8	0.5016	0.2154	0.044	0.0411	0.1436
(31, 42)	false	2.49	0.5741	0.3744	2.06	0.6447	0.359	0.43	0.0705	-0.0154
(35, 43)	false	2.974	0.4393	0.2974	3.064	0.4165	0.2205	-0.09	-0.0228	-0.0769
(35, 43)	false	2.996	0.5209	0.2923	2.826	0.5482	0.3538	0.17	0.0273	0.0615
(35, 43)	false	2.714	0.4746	0.2256	2.246	0.6115	0.3744	0.468	0.1369	0.1487
(35, 43)	false	3.342	0.4489	0.1641	3.16	0.4595	0.2564	0.182	0.0106	0.0923
(35, 43)	true	2.602	0.5251	0.2718	2.86	0.4893	0.2513	0.258	0.0358	0.0205
(35, 43)	false	2.684	0.4971	0.2923	2.474	0.5304	0.2769	0.21	0.0333	-0.0154
(35, 43)	false	2.902	0.5193	0.3333	2.776	0.4759	0.3231	0.126	-0.0434	-0.0103
(35, 43)	true	2.58	0.5835	0.3846	2.618	0.5816	0.3128	0.038	0.0019	0.0718
(35, 43)	false	2.756	0.5427	0.359	2.68	0.563	0.3795	0.076	0.0203	0.0205
(35, 43)	false	2.49	0.5741	0.3744	2.61	0.565	0.3897	-0.12	-0.0091	0.0154
(35, 45)	true	2.974	0.4393	0.2974	3.104	0.4843	0.2718	0.13	-0.045	0.0256
(35, 45)	false	2.996	0.5209	0.2923	2.882	0.5061	0.2564	0.114	-0.0148	-0.0359
(35, 45)	true	2.714	0.4746	0.2256	2.448	0.5033	0.3077	-0.266	-0.0287	-0.0821
(35, 45)	false	3.342	0.4489	0.1641	3.292	0.4679	0.2462	0.05	0.019	0.0821
(35, 45)	false	2.602	0.5251	0.2718	2.74	0.4979	0.3231	-0.138	-0.0272	0.0513
(35, 45)	false	2.684	0.4971	0.2923	2.864	0.5014	0.2769	-0.18	0.0044	-0.0154
(35, 45)	false	2.902	0.5193	0.3333	2.982	0.5178	0.3077	-0.08	-0.0015	-0.0256
(35, 45)	false	2.58	0.5835	0.3846	2.334	0.6206	0.4564	0.246	0.0371	0.0718
(35, 45)	true	2.756	0.5427	0.359	2.652	0.5427	0.3641	-0.104	0	-0.0051
(35, 45)	false	2.49	0.5741	0.3744	2.212	0.6301	0.3538	0.278	0.0559	-0.0205
(13, 46)	false	2.974	0.4393	0.2974	2.968	0.4452	0.2872	0.006	0.0059	-0.0103
(13, 46)	true	2.996	0.5209	0.2923	2.82	0.5167	0.2718	-0.176	0.0041	0.0205
(13, 46)	true	2.714	0.4746	0.2256	2.428	0.5749	0.3179	-0.286	-0.1003	-0.0923
(13, 46)	false	3.342	0.4489	0.1641	2.816	0.5369	0.2667	0.526	0.088	0.1026
(13, 46)	false	2.602	0.5251	0.2718	2.562	0.5256	0.2256	0.04	0.0005	-0.0462
(13, 46)	false	2.684	0.4971	0.2923	2.766	0.5197	0.3385	-0.082	0.0226	0.0462
(13, 46)	false	2.902	0.5193	0.3333	2.884	0.4631	0.2974	0.018	-0.0562	-0.0359
(13, 46)	false	2.58	0.5835	0.3846	2.482	0.5923	0.3692	0.098	0.0088	-0.0154
(13, 46)	true	2.756	0.5427	0.359	2.482	0.5609	0.3282	-0.274	-0.0182	0.0308
(13, 46)	false	2.49	0.5741	0.3744	2.542	0.5843	0.3436	-0.052	0.0102	-0.0308
(22, 58)	false	2.974	0.4393	0.2974	3.11	0.4923	0.3385	-0.136	0.053	0.041
(22, 58)	false	2.996	0.5209	0.2923	3.034	0.4324	0.2872	-0.038	-0.0885	-0.0051
(22, 58)	false	2.714	0.4746	0.2256	2.67	0.4511	0.241	0.044	-0.0235	0.0154
(22, 58)	false	3.342	0.4489	0.1641	3.202	0.3896	0.1795	0.14	-0.0593	0.0154
(22, 58)	false	2.602	0.5251	0.2718	2.798	0.4945	0.2718	-0.196	-0.0306	0
(22, 58)	false	2.684	0.4971	0.2923	2.862	0.4549	0.241	-0.178	-0.0422	-0.0513
(22, 58)	true	2.902	0.5193	0.3333	2.902	0.5001	0.3179	0	0.0193	0.0154
(22, 58)	false	2.58	0.5835	0.3846	2.316	0.5562	0.3744	0.264	-0.0273	-0.0103
(22, 58)	false	2.756	0.5427	0.359	2.448	0.5892	0.3897	0.308	0.0465	0.0308
(22, 58)	false	2.49	0.5741	0.3744	2.248	0.5955	0.3692	0.242	0.0214	-0.0051
(35, 42)	false	2.974	0.4393	0.2974	2.806	0.5099	0.3538	0.168	0.0706	0.0564
(35, 42)	false	2.996	0.5209	0.2923	2.958	0.5206	0.3436	0.038	-0.0003	0.0513
(35, 42)	false	2.714	0.4746	0.2256	2.51	0.5023	0.2923	0.204	0.0277	0.0667
(35, 42)	false	3.342	0.4489	0.1641	3.242	0.4302	0.2051	0.1	-0.0186	0.041
(35, 42)	false	2.602	0.5251	0.2718	2.664	0.5465	0.3436	-0.062	0.0214	0.0718
(35, 42)	true	2.684	0.4971	0.2923	3.028	0.4838	0.2308	0.344	0.0133	0.0615
(35, 42)	true	2.902	0.5193	0.3333	2.696	0.5194	0.3077	-0.206	-0.0001	0.0256
(35, 42)	false	2.58	0.5835	0.3846	2.598	0.5838	0.3897	-0.018	0.0004	0.0051
(35, 42)	false	2.756	0.5427	0.359	2.448	0.5666	0.3436	0.308	0.0239	-0.0154
(35, 42)	false	2.49	0.5741	0.3744	2.502	0.5708	0.3026	-0.012	-0.0033	-0.0718
(31, 46)	false	2.974	0.4393	0.2974	3.044	0.4531	0.3026	-0.07	0.0138	0.0051
(31, 46)	false	2.996	0.5209	0.2923	3.106	0.4953	0.2615	-0.11	-0.0256	-0.0308
(31, 46)	false	2.714	0.4746	0.2256	2.688	0.4953	0.2615	0.026	0.0207	0.0359
(31, 46)	true	3.342	0.4489	0.1641	2.952	0.4386	0.1744	-0.39	0.0103	-0.0103
(31, 46)	false	2.602	0.5251	0.2718	2.57	0.5332	0.2974	0.032	0.0081	0.0256
(31, 46)	true	2.684	0.4971	0.2923	2.908	0.5242	0.2769	0.224	-0.0272	0.0154
(31, 46)	false	2.902	0.5193	0.3333	2.798	0.5146	0.2564	0.104	-0.0047	-0.0769
(31, 46)	true	2.58	0.5835	0.3846	2.446	0.5841	0.3692	-0.134	-0.0006	0.0154
(31, 46)	false	2.756	0.5427	0.359	2.498	0.5824	0.3744	0.258	0.0397	0.0154
(31, 46)	false	2.49	0.5741	0.3744	2.448	0.5939	0.3487	0.042	0.0197	-0.0256
(13, 43)	true	2.974	0.4393	0.2974	3.068	0.4276	0.1744	0.094	0.0117	0.1231
(13, 43)	false	2.996	0.5209	0.2923	2.922	0.4965	0.2615	0.074	-0.0244	-0.0308
(13, 43)	false	2.714	0.4746	0.2256	2.322	0.5959	0.3128	0.392	0.1213	0.0872
(13, 43)	false	3.342	0.4489	0.1641	3.074	0.4044	0.1795	0.268	-0.0445	0.0154
(13, 43)	true	2.602	0.5251	0.2718	2.628	0.5681	0.1846	0.026	-0.043	0.0872
(13, 43)	true	2.684	0.4971	0.2923	2.762	0.4518	0.2205	0.078	0.0453	0.0718
(13, 43)	false	2.902	0.5193	0.3333	2.986	0.4283	0.3385	-0.084	-0.091	0.0051
(13, 43)	false	2.58	0.5835	0.3846	2.36	0.5995	0.3436	0.22	0.016	-0.041
(13, 43)	false	2.756	0.5427	0.359	2.55	0.5961	0.4103	0.206	0.0534	0.0513
(13, 43)	false	2.49	0.5741	0.3744	2.666	0.5726	0.359	-0.176	-0.0015	-0.0154
(34, 42)	false	2.974	0.4393	0.2974	2.824	0.4441	0.2872	0.15	0.0048	-0.0103
(34, 42)	true	2.996	0.5209	0.2923	2.954	0.4724	0.2923	-0.042	0.0485	0
(34, 42)	false	2.714	0.4746	0.2256	2.518	0.5847	0.3487	0.196	0.1101	0.1231
(34, 42)	false	3.342	0.4489	0.1641	2.646	0.4099	0.1949	0.696	-0.039	0.0308
(34, 42)	true	2.602	0.5251	0.2718	2.558	0.4967	0.2256	-0.044	0.0284	0.0462
(34, 42)	true	2.684	0.4971	0.2923	2.668	0.5235	0.2615	-0.016	-0.0264	0.0308
(34, 42)	false	2.902	0.5193	0.3333	2.876	0.4033	0.2615	0.026	-0.1161	-0.0718
(34, 42)	false	2.58	0.5835	0.3846	2.474	0.6237	0.4205	0.106	0.0402	0.0359
(34, 42)	false	2.756	0.5427	0.359	2.524	0.5526	0.3231	0.232	0.01	-0.0359
(34, 42)	false	2.49	0.5741	0.3744	2.382	0.5952	0.2923	0.108	0.0211	-0.0821
(18, 29)	false	2.974	0.4393	0.2974	2.706	0.538	0.3179	0.268	0.0988	0.0205
(18, 29)	false	2.996	0.5209	0.2923	2.424	0.6071	0.3128	0.572	0.0862	0.0205
(18, 29)	false	2.714	0.4746	0.2256	2.416	0.5931	0.3846	0.298	0.1185	0.159
(18, 29)	false	3.342	0.4489	0.1641	3.16	0.4449	0.2	0.182	-0.004	0.0359
(18, 29)	false	2.602	0.5251	0.2718	2.514	0.5694	0.3128	0.088	0.0443	0.041
(18, 29)	false	2.684	0.4971	0.2923	2.498	0.4881	0.2205	0.186	-0.009	-0.0718
(18, 29)	false	2.902	0.5193	0.3333	2.414	0.5719	0.3692	0.488	0.0526	0.0359
(18, 29)	false	2.58	0.5835	0.3846	2.494	0.5898	0.3744	0.086	0.0063	-0.0103
(18, 29)	false	2.756	0.5427	0.359	2.536	0.5894	0.3897	0.22	0.0467	0.0308
(18, 29)	false	2.49	0.5741	0.3744	2.386	0.5999	0.359	0.104	0.0257	-0.0154
(23, 53)	true	2.974	0.4393	0.2974	3.176	0.4512	0.241	0.202	-0.012	0.0564
(23, 53)	false	2.996	0.5209	0.2923	2.966	0.5054	0.2821	0.03	-0.0155	-0.0103
(23, 53)	false	2.714	0.4746	0.2256	2.598	0.5485	0.3538	0.116	0.0739	0.1282
(23, 53)	false	3.342	0.4489	0.1641	2.876	0.449	0.1897	0.466	0.0001	0.0256
(23, 53)	true	2.602	0.5251	0.2718	2.508	0.5645	0.2769	-0.094	-0.0394	-0.0051
(23, 53)	true	2.684	0.4971	0.2923	2.922	0.4715	0.2769	0.238	0.0256	0.0154
(23, 53)	false	2.902	0.5193	0.3333	2.906	0.4845	0.3333	-0.004	-0.0348	0
(23, 53)	false	2.58	0.5835	0.3846	2.38	0.6006	0.3538	0.2	0.0171	-0.0308
(23, 53)	false	2.756	0.5427	0.359	2.614	0.5793	0.3795	0.142	0.0366	0.0205
(23, 53)	false	2.49	0.5741	0.3744	2.408	0.577	0.3744	0.082	0.0029	0
(22, 56)	false	2.974	0.4393	0.2974	2.928	0.4672	0.3026	0.046	0.0279	0.0051
(22, 56)	true	2.996	0.5209	0.2923	2.74	0.5156	0.241	-0.256	0.0053	0.0513
(22, 56)	false	2.714	0.4746	0.2256	2.74	0.5616	0.2821	-0.026	0.087	0.0564
(22, 56)	false	3.342	0.4489	0.1641	3.01	0.4522	0.2718	0.332	0.0033	0.1077
(22, 56)	false	2.602	0.5251	0.2718	2.364	0.5163	0.2872	0.238	-0.0088	0.0154
(22, 56)	true	2.684	0.4971	0.2923	2.686	0.53	0.2359	0.002	-0.0329	0.0564
(22, 56)	true	2.902	0.5193	0.3333	2.896	0.4531	0.2564	-0.006	0.0662	0.0769
(22, 56)	true	2.58	0.5835	0.3846	2.294	0.6209	0.3179	-0.286	-0.0374	0.0667
(22, 56)	true	2.756	0.5427	0.359	2.758	0.5264	0.3333	0.002	0.0163	0.0256
(22, 56)	false	2.49	0.5741	0.3744	2.236	0.5896	0.4	0.254	0.0154	0.0256
(31, 48)	true	2.974	0.4393	0.2974	3.078	0.4812	0.241	0.104	-0.0419	0.0564
(31, 48)	false	2.996	0.5209	0.2923	3.034	0.455	0.2872	-0.038	-0.0659	-0.0051
(31, 48)	false	2.714	0.4746	0.2256	2.448	0.5772	0.3641	0.266	0.1026	0.1385
(31, 48)	true	3.342	0.4489	0.1641	2.932	0.4575	0.1897	-0.41	-0.0086	-0.0256
(31, 48)	true	2.602	0.5251	0.2718	2.686	0.5085	0.3282	0.084	0.0166	-0.0564
(31, 48)	false	2.684	0.4971	0.2923	2.906	0.4861	0.2923	-0.222	-0.011	0
(31, 48)	false	2.902	0.5193	0.3333	3.084	0.4901	0.3077	-0.182	-0.0292	-0.0256
(31, 48)	true	2.58	0.5835	0.3846	2.592	0.5605	0.3231	0.012	0.023	0.0615
(31, 48)	true	2.756	0.5427	0.359	2.646	0.5417	0.3385	-0.11	0.001	0.0205
(31, 48)	false	2.49	0.5741	0.3744	2.578	0.555	0.2974	-0.088	-0.0191	-0.0769
(32, 45)	false	2.974	0.4393	0.2974	2.924	0.4436	0.2718	0.05	0.0043	-0.0256
(32, 45)	false	2.996	0.5209	0.2923	3.12	0.4936	0.2769	-0.124	-0.0273	-0.0154
(32, 45)	false	2.714	0.4746	0.2256	2.63	0.5744	0.3436	0.084	0.0998	0.1179
(32, 45)	false	3.342	0.4489	0.1641	3.374	0.4759	0.1846	-0.032	0.027	0.0205
(32, 45)	false	2.602	0.5251	0.2718	2.446	0.486	0.241	0.156	-0.0391	-0.0308
(32, 45)	false	2.684	0.4971	0.2923	2.804	0.4932	0.2513	-0.12	-0.0039	-0.041
(32, 45)	false	2.902	0.5193	0.3333	2.742	0.4832	0.3436	0.16	-0.0361	0.0103
(32, 45)	false	2.58	0.5835	0.3846	2.302	0.6009	0.2769	0.278	0.0174	-0.1077
(32, 45)	false	2.756	0.5427	0.359	2.662	0.5705	0.3026	0.094	0.0278	-0.0564
(32, 45)	false	2.49	0.5741	0.3744	2.576	0.5872	0.3333	-0.086	0.013	-0.041
(35, 41)	false	2.974	0.4393	0.2974	3.002	0.4456	0.2513	-0.028	0.0063	-0.0462
(35, 41)	false	2.996	0.5209	0.2923	2.984	0.5111	0.3128	0.012	-0.0098	0.0205
(35, 41)	false	2.714	0.4746	0.2256	2.51	0.5473	0.2872	0.204	0.0727	0.0615
(35, 41)	false	3.342	0.4489	0.1641	3.078	0.4475	0.1846	0.264	-0.0014	0.0205
(35, 41)	false	2.602	0.5251	0.2718	2.51	0.5866	0.3897	0.092	0.0615	0.1179
(35, 41)	false	2.684	0.4971	0.2923	2.708	0.5405	0.3077	-0.024	0.0434	0.0154
(35, 41)	false	2.902	0.5193	0.3333	2.914	0.5141	0.3231	-0.012	-0.0053	-0.0103
(35, 41)	false	2.58	0.5835	0.3846	2.474	0.6263	0.4359	0.106	0.0428	0.0513
(35, 41)	false	2.756	0.5427	0.359	2.486	0.5821	0.3385	0.27	0.0394	-0.0205
(35, 41)	false	2.49	0.5741	0.3744	2.328	0.5922	0.3692	0.162	0.0181	-0.0051
(17, 28)	false	2.974	0.4393	0.2974	2.788	0.5063	0.3231	0.186	0.067	0.0256
(17, 28)	false	2.996	0.5209	0.2923	2.364	0.6078	0.3282	0.632	0.087	0.0359
(17, 28)	false	2.714	0.4746	0.2256	2.624	0.5365	0.2923	0.09	0.0619	0.0667
(17, 28)	true	3.342	0.4489	0.1641	2.924	0.4757	0.1949	-0.418	-0.0268	-0.0308
(17, 28)	true	2.602	0.5251	0.2718	2.512	0.5787	0.3231	-0.09	-0.0536	-0.0513
(17, 28)	false	2.684	0.4971	0.2923	3.094	0.4351	0.2718	-0.41	-0.062	-0.0205
(17, 28)	false	2.902	0.5193	0.3333	2.53	0.6019	0.3897	0.372	0.0826	0.0564
(17, 28)	false	2.58	0.5835	0.3846	2.414	0.5937	0.3231	0.166	0.0102	-0.0615
(17, 28)	false	2.756	0.5427	0.359	2.388	0.5844	0.4103	0.368	0.0418	0.0513
(17, 28)	false	2.49	0.5741	0.3744	2.35	0.6024	0.4	0.14	0.0282	0.0256
(10, 42)	false	2.974	0.4393	0.2974	3.458	0.4682	0.3282	-0.484	0.0289	0.0308
(10, 42)	true	2.996	0.5209	0.2923	3.074	0.5094	0.2154	0.078	0.0115	0.0769
(10, 42)	false	2.714	0.4746	0.2256	2.494	0.5699	0.3282	0.22	0.0953	0.1026
(10, 42)	false	3.342	0.4489	0.1641	2.934	0.4712	0.2256	0.408	0.0223	0.0615
(10, 42)	false	2.602	0.5251	0.2718	2.476	0.5726	0.3333	0.126	0.0475	0.0615
(10, 42)	false	2.684	0.4971	0.2923	2.798	0.4593	0.3026	-0.114	-0.0378	0.0103
(10, 42)	true	2.902	0.5193	0.3333	2.858	0.5387	0.3333	-0.044	-0.0194	0
(10, 42)	false	2.58	0.5835	0.3846	2.15	0.633	0.4205	0.43	0.0495	0.0359
(10, 42)	false	2.756	0.5427	0.359	2.708	0.5794	0.4051	0.048	0.0367	0.0462
(10, 42)	false	2.49	0.5741	0.3744	2.614	0.5695	0.3949	-0.124	-0.0047	0.0205
(22, 53)	true	2.974	0.4393	0.2974	2.918	0.4483	0.2308	-0.056	-0.009	0.0667
(22, 53)	true	2.996	0.5209	0.2923	3.142	0.4777	0.2872	0.146	0.0432	0.0051
(22, 53)	true	2.714	0.4746	0.2256	2.512	0.5258	0.2564	-0.202	-0.0513	-0.0308
(22, 53)	true	3.342	0.4489	0.1641	3.532	0.4576	0.2359	0.19	-0.0087	-0.0718
(22, 53)	false	2.602	0.5251	0.2718	2.544	0.5258	0.2564	0.058	0.0007	-0.0154
(22, 53)	false	2.684	0.4971	0.2923	2.968	0.5269	0.3026	-0.284	0.0298	0.0103
(22, 53)	false	2.902	0.5193	0.3333	2.82	0.5114	0.3282	0.082	-0.0079	-0.0051
(22, 53)	false	2.58	0.5835	0.3846	2.592	0.591	0.4051	-0.012	0.0075	0.0205
(22, 53)	false	2.756	0.5427	0.359	2.788	0.5623	0.3128	-0.032	0.0196	-0.0462
(22, 53)	false	2.49	0.5741	0.3744	2.572	0.5981	0.3846	-0.082	0.0239	0.0103
(23, 56)	false	2.974	0.4393	0.2974	2.648	0.4689	0.3026	0.326	0.0297	0.0051
(23, 56)	false	2.996	0.5209	0.2923	3.028	0.5182	0.2872	-0.032	-0.0027	-0.0051
(23, 56)	true	2.714	0.4746	0.2256	2.76	0.5485	0.2564	0.046	-0.0739	-0.0308
(23, 56)	false	3.342	0.4489	0.1641	2.832	0.4492	0.2359	0.51	0.0004	0.0718
(23, 56)	true	2.602	0.5251	0.2718	2.434	0.4921	0.2359	-0.168	0.0331	0.0359
(23, 56)	false	2.684	0.4971	0.2923	2.75	0.4798	0.2462	-0.066	-0.0172	-0.0462
(23, 56)	false	2.902	0.5193	0.3333	2.87	0.5075	0.2974	0.032	-0.0118	-0.0359
(23, 56)	false	2.58	0.5835	0.3846	2.416	0.6251	0.3795	0.164	0.0416	-0.0051
(23, 56)	true	2.756	0.5427	0.359	2.586	0.5746	0.3282	-0.17	-0.032	0.0308
(23, 56)	false	2.49	0.5741	0.3744	2.604	0.5692	0.4	-0.114	-0.0049	0.0256
(9, 43)	false	2.974	0.4393	0.2974	3.104	0.4845	0.3026	-0.13	0.0452	0.0051
(9, 43)	false	2.996	0.5209	0.2923	2.836	0.5291	0.2974	0.16	0.0082	0.0051
(9, 43)	true	2.714	0.4746	0.2256	2.964	0.509	0.2615	0.25	-0.0344	-0.0359
(9, 43)	false	3.342	0.4489	0.1641	2.454	0.4717	0.2974	0.888	0.0228	0.1333
(9, 43)	false	2.602	0.5251	0.2718	2.79	0.5225	0.359	-0.188	-0.0026	0.0872
(9, 43)	false	2.684	0.4971	0.2923	2.866	0.5286	0.3538	-0.182	0.0316	0.0615
(9, 43)	false	2.902	0.5193	0.3333	3.02	0.5249	0.3333	-0.118	0.0056	0
(9, 43)	false	2.58	0.5835	0.3846	2.414	0.6027	0.3846	0.166	0.0192	0
(9, 43)	false	2.756	0.5427	0.359	2.536	0.5865	0.3641	0.22	0.0438	0.0051
(9, 43)	false	2.49	0.5741	0.3744	2.47	0.591	0.3385	0.02	0.0168	-0.0359
(14, 46)	true	2.974	0.4393	0.2974	3.172	0.4315	0.2615	0.198	0.0078	0.0359
(14, 46)	false	2.996	0.5209	0.2923	3.056	0.4995	0.3128	-0.06	-0.0214	0.0205
(14, 46)	false	2.714	0.4746	0.2256	2.576	0.5057	0.2359	0.138	0.0311	0.0103
(14, 46)	false	3.342	0.4489	0.1641	2.922	0.5144	0.2462	0.42	0.0655	0.0821
(14, 46)	false	2.602	0.5251	0.2718	2.674	0.4701	0.2256	-0.072	-0.055	-0.0462
(14, 46)	true	2.684	0.4971	0.2923	2.612	0.5094	0.3077	-0.072	-0.0124	-0.0154
(14, 46)	false	2.902	0.5193	0.3333	3.076	0.5155	0.3231	-0.174	-0.0039	-0.0103
(14, 46)	true	2.58	0.5835	0.3846	2.308	0.6166	0.4718	-0.272	-0.0332	-0.0872
(14, 46)	false	2.756	0.5427	0.359	2.696	0.5326	0.4154	0.06	-0.0101	0.0564
(14, 46)	false	2.49	0.5741	0.3744	2.586	0.5948	0.3641	-0.096	0.0207	-0.0103
(20, 53)	true	2.974	0.4393	0.2974	2.756	0.4424	0.2718	-0.218	-0.0031	0.0256
(20, 53)	false	2.996	0.5209	0.2923	3.15	0.5044	0.3128	-0.154	-0.0165	0.0205
(20, 53)	true	2.714	0.4746	0.2256	2.614	0.5589	0.3179	-0.1	-0.0843	-0.0923
(20, 53)	false	3.342	0.4489	0.1641	3.036	0.4753	0.2615	0.306	0.0264	0.0974
(20, 53)	false	2.602	0.5251	0.2718	2.486	0.4776	0.2462	0.116	-0.0475	-0.0256
(20, 53)	false	2.684	0.4971	0.2923	2.504	0.5201	0.3026	0.18	0.0231	0.0103
(20, 53)	false	2.902	0.5193	0.3333	3.034	0.5127	0.2821	-0.132	-0.0066	-0.0513
(20, 53)	true	2.58	0.5835	0.3846	2.518	0.5845	0.3077	-0.062	-0.001	0.0769
(20, 53)	false	2.756	0.5427	0.359	2.516	0.5428	0.3077	0.24	0.0001	-0.0513
(20, 53)	false	2.49	0.5741	0.3744	2.45	0.5614	0.359	0.04	-0.0127	-0.0154
(32, 46)	false	2.974	0.4393	0.2974	3.202	0.468	0.3231	-0.228	0.0287	0.0256
(32, 46)	false	2.996	0.5209	0.2923	2.722	0.4818	0.3436	0.274	-0.0391	0.0513
(32, 46)	true	2.714	0.4746	0.2256	2.644	0.5211	0.2564	-0.07	-0.0465	-0.0308
(32, 46)	false	3.342	0.4489	0.1641	2.874	0.4506	0.2154	0.468	0.0017	0.0513
(32, 46)	false	2.602	0.5251	0.2718	2.676	0.564	0.3744	-0.074	0.0389	0.1026
(32, 46)	false	2.684	0.4971	0.2923	2.876	0.4471	0.2821	-0.192	-0.05	-0.0103
(32, 46)	false	2.902	0.5193	0.3333	2.946	0.4999	0.2769	-0.044	-0.0194	-0.0564
(32, 46)	false	2.58	0.5835	0.3846	2.654	0.5748	0.359	-0.074	-0.0086	-0.0256
(32, 46)	false	2.756	0.5427	0.359	2.53	0.5609	0.3641	0.226	0.0182	0.0051
(32, 46)	false	2.49	0.5741	0.3744	2.57	0.5469	0.2872	-0.08	-0.0272	-0.0872
(17, 46)	false	2.974	0.4393	0.2974	3.162	0.419	0.2462	-0.188	-0.0203	-0.0513
(17, 46)	false	2.996	0.5209	0.2923	2.892	0.5191	0.3077	0.104	-0.0018	0.0154
(17, 46)	false	2.714	0.4746	0.2256	2.418	0.5716	0.2923	0.296	0.097	0.0667
(17, 46)	true	3.342	0.4489	0.1641	3.174	0.4655	0.2051	-0.168	-0.0166	-0.041
(17, 46)	false	2.602	0.5251	0.2718	2.818	0.4772	0.2308	-0.216	-0.0479	-0.041
(17, 46)	false	2.684	0.4971	0.2923	2.836	0.4555	0.2821	-0.152	-0.0415	-0.0103
(17, 46)	false	2.902	0.5193	0.3333	2.92	0.4531	0.2615	-0.018	-0.0662	-0.0718
(17, 46)	false	2.58	0.5835	0.3846	2.312	0.6085	0.4256	0.268	0.0251	0.041
(17, 46)	false	2.756	0.5427	0.359	2.616	0.5884	0.4103	0.14	0.0457	0.0513
(17, 46)	false	2.49	0.5741	0.3744	2.48	0.578	0.3128	0.01	0.0039	-0.0615
(18, 28)	false	2.974	0.4393	0.2974	2.484	0.5417	0.2359	0.49	0.1024	-0.0615
(18, 28)	false	2.996	0.5209	0.2923	2.468	0.6036	0.2872	0.528	0.0828	-0.0051
(18, 28)	true	2.714	0.4746	0.2256	3.066	0.445	0.2564	0.352	0.0296	-0.0308
(18, 28)	true	3.342	0.4489	0.1641	3.136	0.435	0.2154	-0.206	0.0139	-0.0513
(18, 28)	true	2.602	0.5251	0.2718	2.654	0.475	0.2923	0.052	0.0502	-0.0205
(18, 28)	false	2.684	0.4971	0.2923	2.846	0.4857	0.3538	-0.162	-0.0113	0.0615
(18, 28)	false	2.902	0.5193	0.3333	2.682	0.5721	0.3179	0.22	0.0528	-0.0154
(18, 28)	false	2.58	0.5835	0.3846	2.472	0.5972	0.3846	0.108	0.0137	0
(18, 28)	false	2.756	0.5427	0.359	2.44	0.5998	0.3436	0.316	0.0572	-0.0154
(18, 28)	false	2.49	0.5741	0.3744	2.47	0.6118	0.3385	0.02	0.0377	-0.0359
(31, 45)	true	2.974	0.4393	0.2974	3.246	0.4294	0.2615	0.272	0.0099	0.0359
(31, 45)	true	2.996	0.5209	0.2923	2.98	0.5136	0.3179	-0.016	0.0072	-0.0256
(31, 45)	false	2.714	0.4746	0.2256	2.276	0.5728	0.3333	0.438	0.0982	0.1077
(31, 45)	true	3.342	0.4489	0.1641	2.93	0.5064	0.2513	-0.412	-0.0575	-0.0872
(31, 45)	false	2.602	0.5251	0.2718	2.622	0.4515	0.2103	-0.02	-0.0736	-0.0615
(31, 45)	false	2.684	0.4971	0.2923	2.63	0.5023	0.2769	0.054	0.0052	-0.0154
(31, 45)	true	2.902	0.5193	0.3333	2.754	0.4951	0.2718	-0.148	0.0242	0.0615
(31, 45)	true	2.58	0.5835	0.3846	2.448	0.6011	0.2974	-0.132	-0.0176	0.0872
(31, 45)	false	2.756	0.5427	0.359	2.64	0.5595	0.4256	0.116	0.0168	0.0667
(31, 45)	false	2.49	0.5741	0.3744	2.354	0.5448	0.2769	0.136	-0.0293	-0.0974
(17, 50)	true	2.974	0.4393	0.2974	2.85	0.4278	0.2103	-0.124	0.0115	0.0872
(17, 50)	true	2.996	0.5209	0.2923	2.556	0.5611	0.2821	-0.44	-0.0402	0.0103
(17, 50)	false	2.714	0.4746	0.2256	2.386	0.5762	0.3231	0.328	0.1016	0.0974
(17, 50)	false	3.342	0.4489	0.1641	2.76	0.4431	0.2256	0.582	-0.0057	0.0615
(17, 50)	false	2.602	0.5251	0.2718	2.792	0.5224	0.3128	-0.19	-0.0027	0.041
(17, 50)	false	2.684	0.4971	0.2923	2.824	0.5099	0.3385	-0.14	0.0128	0.0462
(17, 50)	true	2.902	0.5193	0.3333	2.91	0.5194	0.2718	0.008	-0.0001	0.0615
(17, 50)	false	2.58	0.5835	0.3846	2.54	0.5815	0.3333	0.04	-0.002	-0.0513
(17, 50)	true	2.756	0.5427	0.359	2.998	0.5326	0.3179	0.242	0.0101	0.041
(17, 50)	false	2.49	0.5741	0.3744	2.616	0.5993	0.2769	-0.126	0.0252	-0.0974
(10, 43)	false	2.974	0.4393	0.2974	3.222	0.4505	0.2667	-0.248	0.0112	-0.0308
(10, 43)	true	2.996	0.5209	0.2923	3.152	0.4946	0.3179	0.156	0.0262	-0.0256
(10, 43)	true	2.714	0.4746	0.2256	2.428	0.588	0.3436	-0.286	-0.1134	-0.1179
(10, 43)	false	3.342	0.4489	0.1641	2.764	0.5266	0.2615	0.578	0.0777	0.0974
(10, 43)	true	2.602	0.5251	0.2718	2.64	0.5155	0.2923	0.038	0.0096	-0.0205
(10, 43)	false	2.684	0.4971	0.2923	3.054	0.4918	0.2718	-0.37	-0.0053	-0.0205
(10, 43)	true	2.902	0.5193	0.3333	3.01	0.4987	0.3128	0.108	0.0207	0.0205
(10, 43)	false	2.58	0.5835	0.3846	2.274	0.6136	0.4	0.306	0.0301	0.0154
(10, 43)	true	2.756	0.5427	0.359	2.708	0.5519	0.3385	-0.048	-0.0092	0.0205
(10, 43)	false	2.49	0.5741	0.3744	2.438	0.6005	0.3179	0.052	0.0263	-0.0564