(26, 37)	true	3.738	0.4044	0.4132	3.55	0.405	0.4248	-0.188	-0.0006	-0.0116
(26, 37)	false	3.846	0.3924	0.562	3.412	0.4526	0.557	0.434	0.0602	-0.005
(26, 37)	false	3.806	0.3715	0.4413	3.646	0.4173	0.476	0.16	0.0457	0.0347
(26, 37)	false	3.292	0.4916	0.4397	3.222	0.5113	0.5256	0.07	0.0196	0.086
(26, 37)	false	4.134	0.2751	0.4231	4.15	0.3092	0.4033	-0.016	0.0341	-0.0198
(26, 37)	false	3.716	0.4292	0.4876	3.56	0.4284	0.5207	0.156	-0.0008	0.0331
(26, 37)	false	3.994	0.3585	0.4793	4.074	0.3603	0.4942	-0.08	0.0018	0.0149
(26, 37)	false	4.402	0.3356	0.519	3.962	0.3672	0.5107	0.44	0.0315	-0.0083
(26, 37)	true	3.844	0.3941	0.4744	3.932	0.3902	0.4678	0.088	0.0039	0.0066
(26, 37)	true	3.914	0.3475	0.519	3.688	0.376	0.4793	-0.226	-0.0285	0.0397
(4, 40)	true	3.738	0.4044	0.4132	3.458	0.4465	0.438	-0.28	-0.0421	-0.0248
(4, 40)	false	3.846	0.3924	0.562	3.686	0.3945	0.5339	0.16	0.0022	-0.0281
(4, 40)	false	3.806	0.3715	0.4413	3.824	0.3721	0.4314	-0.018	0.0006	-0.0099
(4, 40)	false	3.292	0.4916	0.4397	3.764	0.3997	0.4793	-0.472	-0.0919	0.0397
(4, 40)	false	4.134	0.2751	0.4231	3.996	0.3265	0.4	0.138	0.0514	-0.0231
(4, 40)	false	3.716	0.4292	0.4876	3.884	0.3533	0.4496	-0.168	-0.076	-0.038
(4, 40)	true	3.994	0.3585	0.4793	3.62	0.4135	0.5306	-0.374	-0.055	-0.0512
(4, 40)	false	4.402	0.3356	0.519	4.346	0.3051	0.4876	0.056	-0.0305	-0.0314
(4, 40)	false	3.844	0.3941	0.4744	3.98	0.3655	0.4479	-0.136	-0.0287	-0.0264
(4, 40)	true	3.914	0.3475	0.519	3.754	0.3392	0.4975	-0.16	0.0083	0.0215
(46, 52)	false	3.738	0.4044	0.4132	3.982	0.3285	0.4446	-0.244	-0.0759	0.0314
(46, 52)	true	3.846	0.3924	0.562	4.19	0.3496	0.5174	0.344	0.0428	0.0446
(46, 52)	false	3.806	0.3715	0.4413	3.94	0.3494	0.4496	-0.134	-0.0221	0.0083
(46, 52)	true	3.292	0.4916	0.4397	3.336	0.4823	0.4777	0.044	0.0093	-0.038
(46, 52)	false	4.134	0.2751	0.4231	3.928	0.3369	0.4364	0.206	0.0618	0.0132
(46, 52)	false	3.716	0.4292	0.4876	3.846	0.3855	0.4562	-0.13	-0.0437	-0.0314
(46, 52)	true	3.994	0.3585	0.4793	3.814	0.3826	0.4661	-0.18	-0.024	0.0132
(46, 52)	false	4.402	0.3356	0.519	3.938	0.3779	0.5421	0.464	0.0422	0.0231
(46, 52)	false	3.844	0.3941	0.4744	4.088	0.3389	0.4645	-0.244	-0.0552	-0.0099
(46, 52)	true	3.914	0.3475	0.519	3.27	0.4664	0.4942	-0.644	-0.1189	0.0248
(21, 41)	false	3.738	0.4044	0.4132	3.8	0.391	0.4529	-0.062	-0.0134	0.0397
(21, 41)	true	3.846	0.3924	0.562	4.132	0.3485	0.5355	0.286	0.0438	0.0264
(21, 41)	true	3.806	0.3715	0.4413	4.122	0.3621	0.405	0.316	0.0095	0.0364
(21, 41)	true	3.292	0.4916	0.4397	3.59	0.4248	0.4661	0.298	0.0668	-0.0264
(21, 41)	false	4.134	0.2751	0.4231	3.768	0.3572	0.4331	0.366	0.0821	0.0099
(21, 41)	false	3.716	0.4292	0.4876	3.62	0.4241	0.4678	0.096	-0.0051	-0.0198
(21, 41)	false	3.994	0.3585	0.4793	3.748	0.4153	0.5256	0.246	0.0567	0.0463
(21, 41)	false	4.402	0.3356	0.519	3.974	0.3936	0.5074	0.428	0.0579	-0.0116
(21, 41)	false	3.844	0.3941	0.4744	3.656	0.4081	0.4595	0.188	0.014	-0.0149
(21, 41)	true	3.914	0.3475	0.519	3.658	0.3987	0.4826	-0.256	-0.0512	0.0364
(28, 51)	false	3.738	0.4044	0.4132	3.984	0.3733	0.4694	-0.246	-0.0311	0.0562
(28, 51)	true	3.846	0.3924	0.562	3.66	0.4153	0.5058	-0.186	-0.023	0.0562
(28, 51)	false	3.806	0.3715	0.4413	3.432	0.432	0.4314	0.374	0.0605	-0.0099
(28, 51)	false	3.292	0.4916	0.4397	3.856	0.3839	0.4198	-0.564	-0.1077	-0.0198
(28, 51)	true	4.134	0.2751	0.4231	3.772	0.3353	0.4264	-0.362	-0.0602	-0.0033
(28, 51)	true	3.716	0.4292	0.4876	3.818	0.4119	0.5124	0.102	0.0174	-0.0248
(28, 51)	false	3.994	0.3585	0.4793	3.826	0.4187	0.5207	0.168	0.0602	0.0413
(28, 51)	true	4.402	0.3356	0.519	4.132	0.3916	0.5322	-0.27	-0.0559	-0.0132
(28, 51)	false	3.844	0.3941	0.4744	3.724	0.422	0.476	0.12	0.0279	0.0017
(28, 51)	true	3.914	0.3475	0.519	3.404	0.429	0.4843	-0.51	-0.0816	0.0347
(25, 55)	false	3.738	0.4044	0.4132	4.048	0.3586	0.4314	-0.31	-0.0458	0.0182
(25, 55)	true	3.846	0.3924	0.562	3.56	0.4587	0.5636	-0.286	-0.0663	-0.0017
(25, 55)	false	3.806	0.3715	0.4413	3.618	0.3963	0.4529	0.188	0.0247	0.0116
(25, 55)	false	3.292	0.4916	0.4397	3.772	0.3815	0.4876	-0.48	-0.1101	0.0479
(25, 55)	true	4.134	0.2751	0.4231	3.904	0.3024	0.4017	-0.23	-0.0273	0.0215
(25, 55)	true	3.716	0.4292	0.4876	3.666	0.4225	0.4909	-0.05	0.0067	-0.0033
(25, 55)	false	3.994	0.3585	0.4793	4.042	0.3793	0.4645	-0.048	0.0208	-0.0149
(25, 55)	false	4.402	0.3356	0.519	3.762	0.4219	0.5438	0.64	0.0862	0.0248
(25, 55)	true	3.844	0.3941	0.4744	3.874	0.4113	0.4413	0.03	-0.0171	0.0331
(25, 55)	true	3.914	0.3475	0.519	3.896	0.3766	0.4612	-0.018	-0.0292	0.0579
(2, 14)	false	3.738	0.4044	0.4132	3.814	0.373	0.4893	-0.076	-0.0314	0.076
(2, 14)	false	3.846	0.3924	0.562	3.54	0.3988	0.5273	0.306	0.0064	-0.0347
(2, 14)	false	3.806	0.3715	0.4413	3.568	0.41	0.4992	0.238	0.0384	0.0579
(2, 14)	true	3.292	0.4916	0.4397	3.82	0.3715	0.4248	0.528	0.1201	0.0149
(2, 14)	false	4.134	0.2751	0.4231	3.782	0.3374	0.438	0.352	0.0623	0.0149
(2, 14)	true	3.716	0.4292	0.4876	3.582	0.3922	0.4645	-0.134	0.037	0.0231
(2, 14)	false	3.994	0.3585	0.4793	3.88	0.4011	0.5157	0.114	0.0426	0.0364
(2, 14)	false	4.402	0.3356	0.519	3.806	0.3609	0.519	0.596	0.0253	0
(2, 14)	true	3.844	0.3941	0.4744	4.158	0.3603	0.4727	0.314	0.0339	0.0017
(2, 14)	true	3.914	0.3475	0.519	3.578	0.4038	0.4727	-0.336	-0.0563	0.0463
(24, 42)	true	3.738	0.4044	0.4132	3.85	0.3646	0.4033	0.112	0.0398	0.0099
(24, 42)	true	3.846	0.3924	0.562	3.696	0.405	0.5471	-0.15	-0.0126	0.0149
(24, 42)	false	3.806	0.3715	0.4413	3.998	0.3695	0.4529	-0.192	-0.002	0.0116
(24, 42)	false	3.292	0.4916	0.4397	3.23	0.4878	0.438	0.062	-0.0038	-0.0017
(24, 42)	false	4.134	0.2751	0.4231	3.776	0.3383	0.4512	0.358	0.0632	0.0281
(24, 42)	false	3.716	0.4292	0.4876	3.908	0.3441	0.4364	-0.192	-0.0851	-0.0512
(24, 42)	false	3.994	0.3585	0.4793	4.006	0.3317	0.5157	-0.012	-0.0269	0.0364
(24, 42)	false	4.402	0.3356	0.519	3.894	0.4157	0.5074	0.508	0.0801	-0.0116
(24, 42)	false	3.844	0.3941	0.4744	3.95	0.3907	0.4314	-0.106	-0.0035	-0.043
(24, 42)	true	3.914	0.3475	0.519	3.696	0.3944	0.5322	-0.218	-0.047	-0.0132
(5, 14)	false	3.738	0.4044	0.4132	3.706	0.4247	0.4793	0.032	0.0203	0.0661
(5, 14)	false	3.846	0.3924	0.562	4.048	0.3849	0.5157	-0.202	-0.0075	-0.0463
(5, 14)	false	3.806	0.3715	0.4413	3.726	0.4017	0.4843	0.08	0.0302	0.043
(5, 14)	true	3.292	0.4916	0.4397	3.546	0.4504	0.4777	0.254	0.0413	-0.038
(5, 14)	true	4.134	0.2751	0.4231	4.06	0.2827	0.3967	-0.074	-0.0076	0.0264
(5, 14)	false	3.716	0.4292	0.4876	3.74	0.4098	0.5322	-0.024	-0.0194	0.0446
(5, 14)	false	3.994	0.3585	0.4793	3.812	0.4196	0.5223	0.182	0.061	0.043
(5, 14)	false	4.402	0.3356	0.519	4.146	0.3637	0.5091	0.256	0.0281	-0.0099
(5, 14)	true	3.844	0.3941	0.4744	3.79	0.3657	0.4628	-0.054	0.0284	0.0116
(5, 14)	true	3.914	0.3475	0.519	3.666	0.4069	0.4744	-0.248	-0.0595	0.0446
(29, 50)	false	3.738	0.4044	0.4132	3.708	0.4252	0.4711	0.03	0.0208	0.0579
(29, 50)	false	3.846	0.3924	0.562	3.814	0.3892	0.5504	0.032	-0.0032	-0.0116
(29, 50)	false	3.806	0.3715	0.4413	3.704	0.3778	0.4264	0.102	0.0062	-0.0149
(29, 50)	false	3.292	0.4916	0.4397	3.346	0.4717	0.4711	-0.054	-0.0199	0.0314
(29, 50)	false	4.134	0.2751	0.4231	3.766	0.3406	0.4198	0.368	0.0655	-0.0033
(29, 50)	true	3.716	0.4292	0.4876	3.776	0.4107	0.5091	0.06	0.0186	-0.0215
(29, 50)	false	3.994	0.3585	0.4793	3.852	0.3937	0.4893	0.142	0.0351	0.0099
(29, 50)	false	4.402	0.3356	0.519	3.902	0.3699	0.5223	0.5	0.0342	0.0033
(29, 50)	false	3.844	0.3941	0.4744	3.972	0.3712	0.4215	-0.128	-0.023	-0.0529
(29, 50)	true	3.914	0.3475	0.519	3.544	0.3939	0.5107	-0.37	-0.0464	0.0083
(25, 42)	false	3.738	0.4044	0.4132	3.76	0.3747	0.4347	-0.022	-0.0297	0.0215
(25, 42)	false	3.846	0.3924	0.562	3.7	0.4169	0.524	0.146	0.0246	-0.038
(25, 42)	false	3.806	0.3715	0.4413	3.946	0.3622	0.4281	-0.14	-0.0093	-0.0132
(25, 42)	false	3.292	0.4916	0.4397	3.61	0.4229	0.4446	-0.318	-0.0687	0.005
(25, 42)	false	4.134	0.2751	0.4231	3.86	0.3498	0.4198	0.274	0.0747	-0.0033
(25, 42)	true	3.716	0.4292	0.4876	3.798	0.4285	0.481	0.082	0.0007	0.0066
(25, 42)	true	3.994	0.3585	0.4793	3.838	0.404	0.5207	-0.156	-0.0454	-0.0413
(25, 42)	false	4.402	0.3356	0.519	4.054	0.339	0.4628	0.348	0.0034	-0.0562
(25, 42)	false	3.844	0.3941	0.4744	3.98	0.3689	0.4628	-0.136	-0.0252	-0.0116
(25, 42)	true	3.914	0.3475	0.519	3.738	0.3924	0.4893	-0.176	-0.0449	0.0298
(8, 37)	false	3.738	0.4044	0.4132	3.92	0.3901	0.4579	-0.182	-0.0143	0.0446
(8, 37)	true	3.846	0.3924	0.562	3.772	0.4021	0.4975	-0.074	-0.0097	0.0645
(8, 37)	true	3.806	0.3715	0.4413	4.076	0.3313	0.4413	0.27	0.0402	0
(8, 37)	false	3.292	0.4916	0.4397	3.882	0.4012	0.4694	-0.59	-0.0904	0.0298
(8, 37)	false	4.134	0.2751	0.4231	4.09	0.3954	0.4727	0.044	0.1203	0.0496
(8, 37)	false	3.716	0.4292	0.4876	3.63	0.4273	0.4678	0.086	-0.0019	-0.0198
(8, 37)	false	3.994	0.3585	0.4793	3.752	0.4437	0.5355	0.242	0.0851	0.0562
(8, 37)	true	4.402	0.3356	0.519	3.922	0.3637	0.4909	-0.48	-0.0281	0.0281
(8, 37)	false	3.844	0.3941	0.4744	3.792	0.4056	0.4777	0.052	0.0115	0.0033
(8, 37)	true	3.914	0.3475	0.519	3.576	0.4119	0.443	-0.338	-0.0645	0.076
(5, 40)	true	3.738	0.4044	0.4132	3.832	0.3722	0.4314	0.094	0.0322	-0.0182
(5, 40)	false	3.846	0.3924	0.562	3.936	0.4026	0.5521	-0.09	0.0103	-0.0099
(5, 40)	false	3.806	0.3715	0.4413	3.512	0.4223	0.4529	0.294	0.0508	0.0116
(5, 40)	false	3.292	0.4916	0.4397	3.616	0.418	0.5058	-0.324	-0.0736	0.0661
(5, 40)	false	4.134	0.2751	0.4231	3.794	0.3368	0.4463	0.34	0.0617	0.0231
(5, 40)	true	3.716	0.4292	0.4876	3.53	0.4222	0.4562	-0.186	0.0071	0.0314
(5, 40)	false	3.994	0.3585	0.4793	3.91	0.4025	0.4975	0.084	0.044	0.0182
(5, 40)	false	4.402	0.3356	0.519	3.814	0.3985	0.5058	0.588	0.0628	-0.0132
(5, 40)	false	3.844	0.3941	0.4744	3.704	0.3896	0.4645	0.14	-0.0045	-0.0099
(5, 40)	true	3.914	0.3475	0.519	3.172	0.4478	0.4744	-0.742	-0.1003	0.0446
(25, 40)	true	3.738	0.4044	0.4132	3.862	0.4029	0.4727	0.124	0.0015	-0.0595
(25, 40)	false	3.846	0.3924	0.562	3.514	0.4258	0.5471	0.332	0.0334	-0.0149
(25, 40)	false	3.806	0.3715	0.4413	3.69	0.4016	0.4529	0.116	0.03	0.0116
(25, 40)	false	3.292	0.4916	0.4397	3.864	0.3812	0.4959	-0.572	-0.1104	0.0562
(25, 40)	true	4.134	0.2751	0.4231	3.83	0.3399	0.4281	-0.304	-0.0648	-0.005
(25, 40)	false	3.716	0.4292	0.4876	3.636	0.4425	0.5174	0.08	0.0133	0.0298
(25, 40)	false	3.994	0.3585	0.4793	3.634	0.4191	0.4942	0.36	0.0606	0.0149
(25, 40)	false	4.402	0.3356	0.519	3.898	0.4014	0.5058	0.504	0.0658	-0.0132
(25, 40)	true	3.844	0.3941	0.4744	4.076	0.3743	0.4711	0.232	0.0198	0.0033
(25, 40)	true	3.914	0.3475	0.519	3.604	0.4141	0.4777	-0.31	-0.0667	0.0413
(8, 36)	false	3.738	0.4044	0.4132	3.498	0.4543	0.4826	0.24	0.0499	0.0694
(8, 36)	false	3.846	0.3924	0.562	4.044	0.3618	0.5289	-0.198	-0.0306	-0.0331
(8, 36)	false	3.806	0.3715	0.4413	3.722	0.3801	0.4281	0.084	0.0086	-0.0132
(8, 36)	false	3.292	0.4916	0.4397	4.054	0.3821	0.4661	-0.762	-0.1095	0.0264
(8, 36)	false	4.134	0.2751	0.4231	4.406	0.3099	0.3983	-0.272	0.0348	-0.0248
(8, 36)	false	3.716	0.4292	0.4876	3.52	0.4259	0.5256	0.196	-0.0033	0.038
(8, 36)	false	3.994	0.3585	0.4793	3.988	0.3825	0.5058	0.006	0.0239	0.0264
(8, 36)	true	4.402	0.3356	0.519	4.118	0.3888	0.5091	-0.284	-0.0532	0.0099
(8, 36)	true	3.844	0.3941	0.4744	4.062	0.3271	0.4479	0.218	0.067	0.0264
(8, 36)	true	3.914	0.3475	0.519	3.626	0.423	0.4893	-0.288	-0.0756	0.0298
(43, 53)	false	3.738	0.4044	0.4132	3.802	0.3814	0.481	-0.064	-0.023	0.0678
(43, 53)	false	3.846	0.3924	0.562	3.688	0.4093	0.5306	0.158	0.0169	-0.0314
(43, 53)	false	3.806	0.3715	0.4413	3.832	0.3813	0.4331	-0.026	0.0098	-0.0083
(43, 53)	false	3.292	0.4916	0.4397	3.748	0.4112	0.4281	-0.456	-0.0804	-0.0116
(43, 53)	false	4.134	0.2751	0.4231	4.01	0.2848	0.3917	0.124	0.0097	-0.0314
(43, 53)	false	3.716	0.4292	0.4876	3.884	0.3755	0.476	-0.168	-0.0537	-0.0116
(43, 53)	true	3.994	0.3585	0.4793	3.734	0.4262	0.4909	-0.26	-0.0677	-0.0116
(43, 53)	false	4.402	0.3356	0.519	3.966	0.4236	0.5554	0.436	0.088	0.0364
(43, 53)	false	3.844	0.3941	0.4744	3.794	0.3977	0.4545	0.05	0.0036	-0.0198
(43, 53)	true	3.914	0.3475	0.519	3.3	0.4337	0.4744	-0.614	-0.0862	0.0446
(2, 17)	false	3.738	0.4044	0.4132	3.708	0.4082	0.476	0.03	0.0038	0.0628
(2, 17)	true	3.846	0.3924	0.562	3.768	0.4108	0.5124	-0.078	-0.0184	0.0496
(2, 17)	true	3.806	0.3715	0.4413	3.662	0.4177	0.4579	-0.144	-0.0461	-0.0165
(2, 17)	false	3.292	0.4916	0.4397	3.952	0.3717	0.4628	-0.66	-0.12	0.0231
(2, 17)	false	4.134	0.2751	0.4231	4.062	0.3092	0.4529	0.072	0.0341	0.0298
(2, 17)	false	3.716	0.4292	0.4876	3.672	0.4433	0.4545	0.044	0.0141	-0.0331
(2, 17)	false	3.994	0.3585	0.4793	3.846	0.4015	0.5107	0.148	0.0429	0.0314
(2, 17)	false	4.402	0.3356	0.519	4.118	0.3772	0.5471	0.284	0.0416	0.0281
(2, 17)	false	3.844	0.3941	0.4744	3.986	0.3576	0.443	-0.142	-0.0365	-0.0314
(2, 17)	true	3.914	0.3475	0.519	3.546	0.4272	0.4843	-0.368	-0.0798	0.0347
(4, 12)	true	3.738	0.4044	0.4132	3.804	0.3958	0.4215	0.066	0.0086	-0.0083
(4, 12)	true	3.846	0.3924	0.562	3.638	0.4148	0.5256	-0.208	-0.0224	0.0364
(4, 12)	false	3.806	0.3715	0.4413	3.984	0.3432	0.4876	-0.178	-0.0284	0.0463
(4, 12)	false	3.292	0.4916	0.4397	4.026	0.368	0.443	-0.734	-0.1236	0.0033
(4, 12)	false	4.134	0.2751	0.4231	4.12	0.2784	0.4264	0.014	0.0033	0.0033
(4, 12)	false	3.716	0.4292	0.4876	3.914	0.3869	0.4579	-0.198	-0.0423	-0.0298
(4, 12)	false	3.994	0.3585	0.4793	3.946	0.4027	0.5388	0.048	0.0442	0.0595
(4, 12)	false	4.402	0.3356	0.519	3.966	0.3865	0.5355	0.436	0.0508	0.0165
(4, 12)	false	3.844	0.3941	0.4744	4.058	0.3643	0.4711	-0.214	-0.0298	-0.0033
(4, 12)	true	3.914	0.3475	0.519	3.732	0.3981	0.4975	-0.182	-0.0506	0.0215
(28, 38)	false	3.738	0.4044	0.4132	3.666	0.3984	0.4562	0.072	-0.006	0.043
(28, 38)	true	3.846	0.3924	0.562	3.652	0.4246	0.5421	-0.194	-0.0323	0.0198
(28, 38)	false	3.806	0.3715	0.4413	3.788	0.3613	0.4777	0.018	-0.0102	0.0364
(28, 38)	true	3.292	0.4916	0.4397	3.046	0.5183	0.4893	-0.246	-0.0266	-0.0496
(28, 38)	false	4.134	0.2751	0.4231	3.966	0.3247	0.4198	0.168	0.0496	-0.0033
(28, 38)	false	3.716	0.4292	0.4876	3.214	0.4817	0.5041	0.502	0.0524	0.0165
(28, 38)	true	3.994	0.3585	0.4793	3.664	0.3803	0.4909	-0.33	-0.0218	-0.0116
(28, 38)	false	4.402	0.3356	0.519	4	0.4025	0.5388	0.402	0.0668	0.0198
(28, 38)	false	3.844	0.3941	0.4744	4.106	0.3638	0.514	-0.262	-0.0303	0.0397
(28, 38)	true	3.914	0.3475	0.519	3.66	0.3993	0.4893	-0.254	-0.0518	0.0298
(6, 12)	false	3.738	0.4044	0.4132	3.442	0.435	0.4595	0.296	0.0306	0.0463
(6, 12)	false	3.846	0.3924	0.562	3.602	0.4342	0.5636	0.244	0.0418	0.0017
(6, 12)	false	3.806	0.3715	0.4413	3.736	0.4199	0.4992	0.07	0.0484	0.0579
(6, 12)	false	3.292	0.4916	0.4397	3.826	0.4004	0.4248	-0.534	-0.0912	-0.0149
(6, 12)	false	4.134	0.2751	0.4231	3.96	0.3093	0.438	0.174	0.0342	0.0149
(6, 12)	false	3.716	0.4292	0.4876	4	0.3713	0.4628	-0.284	-0.058	-0.0248
(6, 12)	false	3.994	0.3585	0.4793	3.9	0.424	0.4942	0.094	0.0654	0.0149
(6, 12)	false	4.402	0.3356	0.519	4.332	0.3167	0.5091	0.07	-0.0189	-0.0099
(6, 12)	false	3.844	0.3941	0.4744	3.928	0.3881	0.4645	-0.084	-0.006	-0.0099
(6, 12)	true	3.914	0.3475	0.519	3.498	0.4172	0.4678	-0.416	-0.0698	0.0512
(7, 37)	false	3.738	0.4044	0.4132	3.994	0.3804	0.4364	-0.256	-0.024	0.0231
(7, 37)	false	3.846	0.3924	0.562	3.496	0.4461	0.5107	0.35	0.0537	-0.0512
(7, 37)	true	3.806	0.3715	0.4413	3.664	0.3885	0.443	-0.142	-0.017	-0.0017
(7, 37)	false	3.292	0.4916	0.4397	3.264	0.4858	0.5074	0.028	-0.0058	0.0678
(7, 37)	false	4.134	0.2751	0.4231	4.196	0.3571	0.4595	-0.062	0.082	0.0364
(7, 37)	false	3.716	0.4292	0.4876	3.738	0.4015	0.4777	-0.022	-0.0277	-0.0099
(7, 37)	false	3.994	0.3585	0.4793	3.878	0.3895	0.5025	0.116	0.031	0.0231
(7, 37)	false	4.402	0.3356	0.519	4.248	0.3577	0.4992	0.154	0.022	-0.0198
(7, 37)	false	3.844	0.3941	0.4744	3.57	0.4365	0.4595	0.274	0.0424	-0.0149
(7, 37)	true	3.914	0.3475	0.519	3.662	0.4	0.4926	-0.252	-0.0525	0.0264
(4, 15)	true	3.738	0.4044	0.4132	3.598	0.4316	0.4463	-0.14	-0.0272	-0.0331
(4, 15)	false	3.846	0.3924	0.562	3.962	0.3851	0.5471	-0.116	-0.0073	-0.0149
(4, 15)	true	3.806	0.3715	0.4413	3.81	0.3949	0.4314	0.004	-0.0234	0.0099
(4, 15)	false	3.292	0.4916	0.4397	3.844	0.3939	0.4711	-0.552	-0.0977	0.0314
(4, 15)	false	4.134	0.2751	0.4231	3.442	0.4042	0.4066	0.692	0.1291	-0.0165
(4, 15)	true	3.716	0.4292	0.4876	3.812	0.3984	0.4793	0.096	0.0308	0.0083
(4, 15)	true	3.994	0.3585	0.4793	3.792	0.369	0.4744	-0.202	-0.0105	0.005
(4, 15)	false	4.402	0.3356	0.519	3.978	0.3925	0.5289	0.424	0.0568	0.0099
(4, 15)	true	3.844	0.3941	0.4744	3.616	0.4218	0.4661	-0.228	-0.0276	0.0083
(4, 15)	true	3.914	0.3475	0.519	3.708	0.4221	0.4314	-0.206	-0.0746	0.0876
(43, 55)	false	3.738	0.4044	0.4132	3.384	0.4479	0.4876	0.354	0.0435	0.0744
(43, 55)	false	3.846	0.3924	0.562	3.778	0.3795	0.5289	0.068	-0.0129	-0.0331
(43, 55)	true	3.806	0.3715	0.4413	4.07	0.3291	0.4017	0.264	0.0424	0.0397
(43, 55)	false	3.292	0.4916	0.4397	3.28	0.4854	0.4397	0.012	-0.0062	-0
(43, 55)	false	4.134	0.2751	0.4231	3.866	0.3384	0.395	0.268	0.0633	-0.0281
(43, 55)	false	3.716	0.4292	0.4876	4.046	0.3505	0.4479	-0.33	-0.0788	-0.0397
(43, 55)	false	3.994	0.3585	0.4793	3.742	0.4291	0.4909	0.252	0.0705	0.0116
(43, 55)	false	4.402	0.3356	0.519	3.89	0.3916	0.5025	0.512	0.0559	-0.0165
(43, 55)	false	3.844	0.3941	0.4744	4.022	0.3643	0.4909	-0.178	-0.0299	0.0165
(43, 55)	true	3.914	0.3475	0.519	3.718	0.4027	0.486	-0.196	-0.0553	0.0331
(29, 37)	true	3.738	0.4044	0.4132	3.8	0.376	0.4314	0.062	0.0284	-0.0182
(29, 37)	false	3.846	0.3924	0.562	3.774	0.4306	0.5355	0.072	0.0382	-0.0264
(29, 37)	false	3.806	0.3715	0.4413	3.72	0.38	0.4149	0.086	0.0085	-0.0264
(29, 37)	false	3.292	0.4916	0.4397	3.62	0.4187	0.4562	-0.328	-0.0729	0.0165
(29, 37)	false	4.134	0.2751	0.4231	3.942	0.3337	0.4347	0.192	0.0586	0.0116
(29, 37)	false	3.716	0.4292	0.4876	3.588	0.4167	0.4942	0.128	-0.0125	0.0066
(29, 37)	true	3.994	0.3585	0.4793	3.992	0.3833	0.4942	-0.002	-0.0248	-0.0149
(29, 37)	false	4.402	0.3356	0.519	4.03	0.3771	0.5074	0.372	0.0415	-0.0116
(29, 37)	true	3.844	0.3941	0.4744	3.88	0.3818	0.4298	0.036	0.0123	0.0446
(29, 37)	true	3.914	0.3475	0.519	3.528	0.3893	0.4711	-0.386	-0.0418	0.0479
(15, 40)	false	3.738	0.4044	0.4132	3.756	0.4109	0.4529	-0.018	0.0065	0.0397
(15, 40)	false	3.846	0.3924	0.562	3.656	0.4174	0.5603	0.19	0.025	-0.0017
(15, 40)	false	3.806	0.3715	0.4413	3.564	0.3815	0.4645	0.242	0.01	0.0231
(15, 40)	false	3.292	0.4916	0.4397	3.162	0.4825	0.4595	0.13	-0.0091	0.0198
(15, 40)	true	4.134	0.2751	0.4231	3.85	0.3492	0.4215	-0.284	-0.0741	0.0017
(15, 40)	false	3.716	0.4292	0.4876	3.65	0.429	0.5223	0.066	-0.0003	0.0347
(15, 40)	false	3.994	0.3585	0.4793	3.688	0.4164	0.481	0.306	0.0579	0.0017
(15, 40)	true	4.402	0.3356	0.519	3.836	0.3739	0.4628	-0.566	-0.0383	0.0562
(15, 40)	false	3.844	0.3941	0.4744	3.932	0.3434	0.4876	-0.088	-0.0507	0.0132
(15, 40)	true	3.914	0.3475	0.519	3.778	0.3669	0.4992	-0.136	-0.0194	0.0198
(23, 56)	false	3.738	0.4044	0.4132	3.64	0.4137	0.476	0.098	0.0093	0.0628
(23, 56)	true	3.846	0.3924	0.562	3.664	0.4303	0.5455	-0.182	-0.038	0.0165
(23, 56)	true	3.806	0.3715	0.4413	3.772	0.4088	0.4694	-0.034	-0.0372	-0.0281
(23, 56)	false	3.292	0.4916	0.4397	3.796	0.3892	0.4661	-0.504	-0.1025	0.0264
(23, 56)	true	4.134	0.2751	0.4231	4.418	0.2881	0.4248	0.284	-0.013	-0.0017
(23, 56)	false	3.716	0.4292	0.4876	3.72	0.3883	0.4926	-0.004	-0.041	0.005
(23, 56)	false	3.994	0.3585	0.4793	3.85	0.4174	0.5058	0.144	0.0589	0.0264
(23, 56)	true	4.402	0.3356	0.519	4.126	0.3461	0.5058	-0.276	-0.0105	0.0132
(23, 56)	true	3.844	0.3941	0.4744	3.764	0.429	0.4893	-0.08	-0.0348	-0.0149
(23, 56)	true	3.914	0.3475	0.519	3.846	0.4001	0.4678	-0.068	-0.0527	0.0512
(27, 38)	false	3.738	0.4044	0.4132	3.578	0.4183	0.4479	0.16	0.0139	0.0347
(27, 38)	false	3.846	0.3924	0.562	3.522	0.4471	0.5273	0.324	0.0547	-0.0347
(27, 38)	false	3.806	0.3715	0.4413	3.984	0.3572	0.476	-0.178	-0.0144	0.0347
(27, 38)	true	3.292	0.4916	0.4397	3.746	0.43	0.443	0.454	0.0616	-0.0033
(27, 38)	false	4.134	0.2751	0.4231	3.9	0.3361	0.4331	0.234	0.061	0.0099
(27, 38)	false	3.716	0.4292	0.4876	3.526	0.4594	0.5157	0.19	0.0302	0.0281
(27, 38)	true	3.994	0.3585	0.4793	4.078	0.3841	0.4777	0.084	-0.0256	0.0017
(27, 38)	false	4.402	0.3356	0.519	4.01	0.3692	0.4959	0.392	0.0335	-0.0231
(27, 38)	true	3.844	0.3941	0.4744	3.7	0.3892	0.4645	-0.144	0.0049	0.0099
(27, 38)	true	3.914	0.3475	0.519	3.584	0.3911	0.4826	-0.33	-0.0436	0.0364
(5, 39)	true	3.738	0.4044	0.4132	4.14	0.3246	0.4314	0.402	0.0798	-0.0182
(5, 39)	false	3.846	0.3924	0.562	3.982	0.3666	0.5207	-0.136	-0.0258	-0.0413
(5, 39)	false	3.806	0.3715	0.4413	3.884	0.376	0.4793	-0.078	0.0044	0.038
(5, 39)	false	3.292	0.4916	0.4397	3.748	0.4085	0.4727	-0.456	-0.0831	0.0331
(5, 39)	false	4.134	0.2751	0.4231	4.28	0.3085	0.443	-0.146	0.0334	0.0198
(5, 39)	false	3.716	0.4292	0.4876	3.566	0.4428	0.476	0.15	0.0135	-0.0116
(5, 39)	false	3.994	0.3585	0.4793	3.878	0.4215	0.4975	0.116	0.063	0.0182
(5, 39)	true	4.402	0.3356	0.519	3.998	0.3685	0.5091	-0.404	-0.0329	0.0099
(5, 39)	false	3.844	0.3941	0.4744	3.894	0.3545	0.4777	-0.05	-0.0396	0.0033
(5, 39)	true	3.914	0.3475	0.519	3.36	0.4241	0.5289	-0.554	-0.0767	-0.0099
(1, 56)	false	3.738	0.4044	0.4132	3.768	0.3687	0.4314	-0.03	-0.0358	0.0182
(1, 56)	true	3.846	0.3924	0.562	3.69	0.3994	0.5174	-0.156	-0.007	0.0446
(1, 56)	false	3.806	0.3715	0.4413	3.532	0.4207	0.4628	0.274	0.0491	0.0215
(1, 56)	false	3.292	0.4916	0.4397	3.302	0.4811	0.4364	-0.01	-0.0105	-0.0033
(1, 56)	false	4.134	0.2751	0.4231	3.868	0.3117	0.4182	0.266	0.0366	-0.005
(1, 56)	true	3.716	0.4292	0.4876	3.638	0.391	0.4579	-0.078	0.0383	0.0298
(1, 56)	false	3.994	0.3585	0.4793	3.49	0.4365	0.5835	0.504	0.0779	0.1041
(1, 56)	false	4.402	0.3356	0.519	3.748	0.3724	0.5421	0.654	0.0368	0.0231
(1, 56)	false	3.844	0.3941	0.4744	3.526	0.4154	0.4793	0.318	0.0213	0.005
(1, 56)	true	3.914	0.3475	0.519	4.038	0.349	0.4562	0.124	-0.0016	0.0628
(16, 40)	false	3.738	0.4044	0.4132	3.318	0.4502	0.4694	0.42	0.0458	0.0562
(16, 40)	false	3.846	0.3924	0.562	3.814	0.4265	0.5322	0.032	0.0341	-0.0298
(16, 40)	true	3.806	0.3715	0.4413	3.682	0.3992	0.4231	-0.124	-0.0276	0.0182
(16, 40)	false	3.292	0.4916	0.4397	3.792	0.398	0.4843	-0.5	-0.0937	0.0446
(16, 40)	false	4.134	0.2751	0.4231	4.086	0.3009	0.4083	0.048	0.0258	-0.0149
(16, 40)	false	3.716	0.4292	0.4876	3.858	0.4153	0.524	-0.142	-0.0139	0.0364
(16, 40)	true	3.994	0.3585	0.4793	3.854	0.4058	0.4678	-0.14	-0.0473	0.0116
(16, 40)	false	4.402	0.3356	0.519	4.264	0.324	0.4661	0.138	-0.0116	-0.0529
(16, 40)	false	3.844	0.3941	0.4744	3.902	0.3688	0.4562	-0.058	-0.0253	-0.0182
(16, 40)	true	3.914	0.3475	0.519	3.64	0.3816	0.5074	-0.274	-0.0342	0.0116
(45, 52)	false	3.738	0.4044	0.4132	3.57	0.4229	0.4661	0.168	0.0185	0.0529
(45, 52)	false	3.846	0.3924	0.562	3.666	0.4103	0.524	0.18	0.018	-0.038
(45, 52)	false	3.806	0.3715	0.4413	3.752	0.3871	0.438	0.054	0.0155	-0.0033
(45, 52)	false	3.292	0.4916	0.4397	3.738	0.394	0.4347	-0.446	-0.0976	-0.005
(45, 52)	false	4.134	0.2751	0.4231	3.986	0.3185	0.4331	0.148	0.0434	0.0099
(45, 52)	false	3.716	0.4292	0.4876	3.92	0.3421	0.4562	-0.204	-0.0872	-0.0314
(45, 52)	false	3.994	0.3585	0.4793	3.998	0.3505	0.4975	-0.004	-0.008	0.0182
(45, 52)	false	4.402	0.3356	0.519	3.93	0.3636	0.4595	0.472	0.028	-0.0595
(45, 52)	false	3.844	0.3941	0.4744	3.75	0.3908	0.4694	0.094	-0.0034	-0.005
(45, 52)	true	3.914	0.3475	0.519	3.652	0.3634	0.4826	-0.262	-0.0159	0.0364
(24, 54)	false	3.738	0.4044	0.4132	3.79	0.3752	0.486	-0.052	-0.0292	0.0727
(24, 54)	false	3.846	0.3924	0.562	3.732	0.4203	0.5107	0.114	0.0279	-0.0512
(24, 54)	false	3.806	0.3715	0.4413	3.578	0.3965	0.4645	0.228	0.025	0.0231
(24, 54)	true	3.292	0.4916	0.4397	3.94	0.375	0.4264	0.648	0.1166	0.0132
(24, 54)	true	4.134	0.2751	0.4231	3.934	0.3532	0.3785	-0.2	-0.0781	0.0446
(24, 54)	false	3.716	0.4292	0.4876	3.814	0.4155	0.5058	-0.098	-0.0138	0.0182
(24, 54)	false	3.994	0.3585	0.4793	3.634	0.4056	0.5405	0.36	0.0471	0.0612
(24, 54)	false	4.402	0.3356	0.519	3.692	0.3932	0.5058	0.71	0.0575	-0.0132
(24, 54)	true	3.844	0.3941	0.4744	3.912	0.3707	0.4793	0.068	0.0234	-0.005
(24, 54)	true	3.914	0.3475	0.519	3.476	0.4115	0.4628	-0.438	-0.0641	0.0562
(6, 39)	true	3.738	0.4044	0.4132	3.834	0.3745	0.4033	0.096	0.0299	0.0099
(6, 39)	false	3.846	0.3924	0.562	3.81	0.3971	0.5471	0.036	0.0048	-0.0149
(6, 39)	true	3.806	0.3715	0.4413	3.818	0.3679	0.481	0.012	0.0036	-0.0397
(6, 39)	false	3.292	0.4916	0.4397	3.458	0.4606	0.4678	-0.166	-0.0311	0.0281
(6, 39)	false	4.134	0.2751	0.4231	4.184	0.3254	0.4264	-0.05	0.0503	0.0033
(6, 39)	true	3.716	0.4292	0.4876	3.904	0.364	0.4628	0.188	0.0653	0.0248
(6, 39)	false	3.994	0.3585	0.4793	3.818	0.3973	0.5025	0.176	0.0388	0.0231
(6, 39)	true	4.402	0.3356	0.519	4.352	0.3191	0.4711	-0.05	0.0165	0.0479
(6, 39)	false	3.844	0.3941	0.4744	3.992	0.3601	0.4826	-0.148	-0.034	0.0083
(6, 39)	true	3.914	0.3475	0.519	3.77	0.3958	0.486	-0.144	-0.0483	0.0331
(23, 42)	false	3.738	0.4044	0.4132	3.926	0.4008	0.4347	-0.188	-0.0036	0.0215
(23, 42)	false	3.846	0.3924	0.562	3.748	0.4095	0.5372	0.098	0.0172	-0.0248
(23, 42)	false	3.806	0.3715	0.4413	3.89	0.3731	0.4496	-0.084	0.0015	0.0083
(23, 42)	true	3.292	0.4916	0.4397	3.47	0.4529	0.4694	0.178	0.0388	-0.0298
(23, 42)	true	4.134	0.2751	0.4231	4.318	0.2693	0.4116	0.184	0.0058	0.0116
(23, 42)	true	3.716	0.4292	0.4876	3.84	0.3511	0.3983	0.124	0.0781	0.0893
(23, 42)	true	3.994	0.3585	0.4793	3.64	0.4155	0.481	-0.354	-0.0569	-0.0017
(23, 42)	false	4.402	0.3356	0.519	3.98	0.3765	0.4942	0.422	0.0409	-0.0248
(23, 42)	true	3.844	0.3941	0.4744	4.206	0.3831	0.4645	0.362	0.0111	0.0099
(23, 42)	true	3.914	0.3475	0.519	3.402	0.4464	0.4529	-0.512	-0.099	0.0661
(27, 50)	false	3.738	0.4044	0.4132	3.858	0.3709	0.4512	-0.12	-0.0335	0.038
(27, 50)	false	3.846	0.3924	0.562	4.048	0.3598	0.5455	-0.202	-0.0326	-0.0165
(27, 50)	true	3.806	0.3715	0.4413	3.768	0.3795	0.4364	-0.038	-0.0079	0.005
(27, 50)	true	3.292	0.4916	0.4397	3.5	0.4419	0.4661	0.208	0.0497	-0.0264
(27, 50)	false	4.134	0.2751	0.4231	3.796	0.3524	0.4512	0.338	0.0773	0.0281
(27, 50)	true	3.716	0.4292	0.4876	3.986	0.3575	0.4826	0.27	0.0717	0.005
(27, 50)	true	3.994	0.3585	0.4793	3.666	0.3836	0.4992	-0.328	-0.0251	-0.0198
(27, 50)	false	4.402	0.3356	0.519	4.06	0.394	0.557	0.342	0.0583	0.038
(27, 50)	false	3.844	0.3941	0.4744	3.874	0.4103	0.5041	-0.03	0.0162	0.0298
(27, 50)	true	3.914	0.3475	0.519	3.764	0.3701	0.4512	-0.15	-0.0227	0.0678
(16, 22)	true	3.738	0.4044	0.4132	3.976	0.3822	0.4446	0.238	0.0222	-0.0314
(16, 22)	false	3.846	0.3924	0.562	3.614	0.4101	0.524	0.232	0.0177	-0.038
(16, 22)	false	3.806	0.3715	0.4413	3.95	0.3362	0.4397	-0.144	-0.0353	-0.0017
(16, 22)	false	3.292	0.4916	0.4397	3.64	0.4277	0.4562	-0.348	-0.0639	0.0165
(16, 22)	false	4.134	0.2751	0.4231	3.698	0.3705	0.4132	0.436	0.0954	-0.0099
(16, 22)	true	3.716	0.4292	0.4876	3.656	0.4192	0.4793	-0.06	0.0101	0.0083
(16, 22)	false	3.994	0.3585	0.4793	3.936	0.3643	0.5025	0.058	0.0057	0.0231
(16, 22)	false	4.402	0.3356	0.519	3.98	0.4082	0.5289	0.422	0.0726	0.0099
(16, 22)	false	3.844	0.3941	0.4744	4.068	0.391	0.4876	-0.224	-0.0031	0.0132
(16, 22)	true	3.914	0.3475	0.519	3.686	0.3682	0.486	-0.228	-0.0208	0.0331
(25, 41)	false	3.738	0.4044	0.4132	3.586	0.4153	0.4711	0.152	0.0109	0.0579
(25, 41)	false	3.846	0.3924	0.562	3.768	0.4141	0.5256	0.078	0.0217	-0.0364
(25, 41)	false	3.806	0.3715	0.4413	3.594	0.4216	0.4413	0.212	0.0501	0
(25, 41)	false	3.292	0.4916	0.4397	3.948	0.3907	0.4331	-0.656	-0.1009	-0.0066
(25, 41)	false	4.134	0.2751	0.4231	3.898	0.3576	0.4893	0.236	0.0825	0.0661
(25, 41)	true	3.716	0.4292	0.4876	3.62	0.4139	0.4645	-0.096	0.0153	0.0231
(25, 41)	false	3.994	0.3585	0.4793	3.86	0.4003	0.5339	0.134	0.0418	0.0545
(25, 41)	true	4.402	0.3356	0.519	4.18	0.3461	0.5058	-0.222	-0.0104	0.0132
(25, 41)	true	3.844	0.3941	0.4744	3.98	0.3667	0.4893	0.136	0.0275	-0.0149
(25, 41)	false	3.914	0.3475	0.519	3.334	0.4367	0.524	0.58	0.0892	0.005
(25, 43)	true	3.738	0.4044	0.4132	3.526	0.4555	0.4496	-0.212	-0.0511	-0.0364
(25, 43)	false	3.846	0.3924	0.562	3.74	0.421	0.5273	0.106	0.0286	-0.0347
(25, 43)	false	3.806	0.3715	0.4413	3.958	0.3501	0.481	-0.152	-0.0215	0.0397
(25, 43)	false	3.292	0.4916	0.4397	3.82	0.4038	0.4397	-0.528	-0.0879	0
(25, 43)	true	4.134	0.2751	0.4231	3.824	0.3423	0.3934	-0.31	-0.0672	0.0298
(25, 43)	false	3.716	0.4292	0.4876	3.902	0.3718	0.4628	-0.186	-0.0575	-0.0248
(25, 43)	true	3.994	0.3585	0.4793	3.962	0.395	0.476	-0.032	-0.0365	0.0033
(25, 43)	false	4.402	0.3356	0.519	4.282	0.3354	0.5455	0.12	-0.0002	0.0264
(25, 43)	true	3.844	0.3941	0.4744	3.84	0.3879	0.4331	-0.004	0.0063	0.0413
(25, 43)	false	3.914	0.3475	0.519	3.438	0.4517	0.5256	0.476	0.1043	0.0066
(24, 41)	false	3.738	0.4044	0.4132	3.656	0.4129	0.443	0.082	0.0085	0.0298
(24, 41)	false	3.846	0.3924	0.562	3.518	0.4358	0.4975	0.328	0.0434	-0.0645
(24, 41)	true	3.806	0.3715	0.4413	3.278	0.4333	0.4793	-0.528	-0.0617	-0.038
(24, 41)	true	3.292	0.4916	0.4397	3.434	0.4835	0.4512	0.142	0.0081	-0.0116
(24, 41)	false	4.134	0.2751	0.4231	3.99	0.3043	0.4264	0.144	0.0292	0.0033
(24, 41)	false	3.716	0.4292	0.4876	3.918	0.3538	0.4595	-0.202	-0.0754	-0.0281
(24, 41)	false	3.994	0.3585	0.4793	3.872	0.39	0.4562	0.122	0.0314	-0.0231
(24, 41)	true	4.402	0.3356	0.519	3.834	0.4104	0.5025	-0.568	-0.0748	0.0165
(24, 41)	false	3.844	0.3941	0.4744	3.702	0.3792	0.4793	0.142	-0.0149	0.005
(24, 41)	false	3.914	0.3475	0.519	4.062	0.3476	0.5025	-0.148	0.0002	-0.0165
(26, 51)	true	3.738	0.4044	0.4132	3.78	0.4199	0.4579	0.042	-0.0155	-0.0446
(26, 51)	true	3.846	0.3924	0.562	3.568	0.451	0.5322	-0.278	-0.0587	0.0298
(26, 51)	false	3.806	0.3715	0.4413	3.882	0.4007	0.4645	-0.076	0.0291	0.0231
(26, 51)	true	3.292	0.4916	0.4397	3.434	0.4313	0.4496	0.142	0.0604	-0.0099
(26, 51)	false	4.134	0.2751	0.4231	3.966	0.3194	0.4826	0.168	0.0443	0.0595
(26, 51)	false	3.716	0.4292	0.4876	3.596	0.4122	0.4909	0.12	-0.017	0.0033
(26, 51)	false	3.994	0.3585	0.4793	3.786	0.4193	0.524	0.208	0.0607	0.0446
(26, 51)	false	4.402	0.3356	0.519	3.786	0.4006	0.524	0.616	0.065	0.005
(26, 51)	false	3.844	0.3941	0.4744	3.722	0.3988	0.4793	0.122	0.0046	0.005
(26, 51)	false	3.914	0.3475	0.519	3.586	0.4017	0.4711	0.328	0.0542	-0.0479
(24, 40)	true	3.738	0.4044	0.4132	3.892	0.3985	0.4744	0.154	0.0059	-0.0612
(24, 40)	false	3.846	0.3924	0.562	3.738	0.3958	0.5174	0.108	0.0034	-0.0446
(24, 40)	true	3.806	0.3715	0.4413	3.888	0.3773	0.4612	0.082	-0.0058	-0.0198
(24, 40)	false	3.292	0.4916	0.4397	3.794	0.3922	0.4397	-0.502	-0.0994	-0
(24, 40)	false	4.134	0.2751	0.4231	4.158	0.3254	0.4314	-0.024	0.0503	0.0083
(24, 40)	false	3.716	0.4292	0.4876	3.624	0.4208	0.5174	0.092	-0.0085	0.0298
(24, 40)	false	3.994	0.3585	0.4793	3.702	0.4342	0.5124	0.292	0.0757	0.0331
(24, 40)	false	4.402	0.3356	0.519	4.02	0.3941	0.5339	0.382	0.0584	0.0149
(24, 40)	false	3.844	0.3941	0.4744	3.964	0.369	0.4645	-0.12	-0.0251	-0.0099
(24, 40)	false	3.914	0.3475	0.519	3.764	0.3866	0.4645	0.15	0.0392	-0.0545
(27, 37)	false	3.738	0.4044	0.4132	3.456	0.4367	0.4545	0.282	0.0323	0.0413
(27, 37)	true	3.846	0.3924	0.562	3.584	0.4488	0.5157	-0.262	-0.0565	0.0463
(27, 37)	true	3.806	0.3715	0.4413	3.766	0.4132	0.486	-0.04	-0.0416	-0.0446
(27, 37)	false	3.292	0.4916	0.4397	3.892	0.3723	0.4579	-0.6	-0.1193	0.0182
(27, 37)	true	4.134	0.2751	0.4231	4.484	0.2512	0.3917	0.35	0.0239	0.0314
(27, 37)	false	3.716	0.4292	0.4876	3.726	0.4157	0.4826	-0.01	-0.0135	-0.005
(27, 37)	false	3.994	0.3585	0.4793	3.962	0.3496	0.4909	0.032	-0.0089	0.0116
(27, 37)	true	4.402	0.3356	0.519	3.96	0.3743	0.5124	-0.442	-0.0386	0.0066
(27, 37)	false	3.844	0.3941	0.4744	3.806	0.3734	0.4628	0.038	-0.0208	-0.0116
(27, 37)	false	3.914	0.3475	0.519	3.62	0.3835	0.4843	0.294	0.0361	-0.0347
(24, 60)	true	3.738	0.4044	0.4132	3.782	0.3945	0.476	0.044	0.0099	-0.0628
(24, 60)	false	3.846	0.3924	0.562	3.914	0.4226	0.5207	-0.068	0.0302	-0.0413
(24, 60)	false	3.806	0.3715	0.4413	3.842	0.3662	0.438	-0.036	-0.0054	-0.0033
(24, 60)	false	3.292	0.4916	0.4397	4.336	0.3206	0.4413	-1.044	-0.171	0.0017
(24, 60)	true	4.134	0.2751	0.4231	4.136	0.304	0.4033	0.002	-0.0289	0.0198
(24, 60)	true	3.716	0.4292	0.4876	3.742	0.3934	0.4678	0.026	0.0358	0.0198
(24, 60)	false	3.994	0.3585	0.4793	3.948	0.387	0.5058	0.046	0.0284	0.0264
(24, 60)	true	4.402	0.3356	0.519	3.832	0.3926	0.5388	-0.57	-0.057	-0.0198
(24, 60)	true	3.844	0.3941	0.4744	3.758	0.4193	0.4777	-0.086	-0.0251	-0.0033
(24, 60)	false	3.914	0.3475	0.519	3.694	0.3964	0.4777	0.22	0.049	-0.0413
(24, 55)	false	3.738	0.4044	0.4132	3.788	0.3711	0.4711	-0.05	-0.0333	0.0579
(24, 55)	false	3.846	0.3924	0.562	3.752	0.4193	0.5339	0.094	0.0269	-0.0281
(24, 55)	true	3.806	0.3715	0.4413	3.674	0.3904	0.4826	-0.132	-0.0189	-0.0413
(24, 55)	true	3.292	0.4916	0.4397	3.588	0.4224	0.4876	0.296	0.0692	-0.0479
(24, 55)	false	4.134	0.2751	0.4231	3.864	0.3345	0.4116	0.27	0.0594	-0.0116
(24, 55)	false	3.716	0.4292	0.4876	3.474	0.4627	0.4694	0.242	0.0334	-0.0182
(24, 55)	false	3.994	0.3585	0.4793	4.12	0.373	0.4926	-0.126	0.0144	0.0132
(24, 55)	false	4.402	0.3356	0.519	4.09	0.3702	0.5058	0.312	0.0345	-0.0132
(24, 55)	false	3.844	0.3941	0.4744	3.71	0.387	0.4711	0.134	-0.0072	-0.0033
(24, 55)	false	3.914	0.3475	0.519	3.854	0.356	0.5074	0.06	0.0085	-0.0116
(26, 38)	true	3.738	0.4044	0.4132	3.854	0.3874	0.4678	0.116	0.017	-0.0545
(26, 38)	false	3.846	0.3924	0.562	3.74	0.4261	0.5653	0.106	0.0337	0.0033
(26, 38)	false	3.806	0.3715	0.4413	3.626	0.396	0.4099	0.18	0.0245	-0.0314
(26, 38)	true	3.292	0.4916	0.4397	3.56	0.4456	0.4364	0.268	0.046	0.0033
(26, 38)	true	4.134	0.2751	0.4231	3.782	0.3374	0.4132	-0.352	-0.0623	0.0099
(26, 38)	false	3.716	0.4292	0.4876	3.766	0.3985	0.5025	-0.05	-0.0307	0.0149
(26, 38)	false	3.994	0.3585	0.4793	4.084	0.3544	0.5256	-0.09	-0.0042	0.0463
(26, 38)	false	4.402	0.3356	0.519	3.988	0.3777	0.5008	0.414	0.042	-0.0182
(26, 38)	false	3.844	0.3941	0.4744	3.77	0.4103	0.481	0.074	0.0162	0.0066
(26, 38)	false	3.914	0.3475	0.519	3.542	0.3902	0.4843	0.372	0.0427	-0.0347
(27, 53)	false	3.738	0.4044	0.4132	4.004	0.3618	0.4744	-0.266	-0.0426	0.0612
(27, 53)	false	3.846	0.3924	0.562	3.724	0.4115	0.5504	0.122	0.0191	-0.0116
(27, 53)	true	3.806	0.3715	0.4413	3.808	0.3729	0.4661	0.002	-0.0013	-0.0248
(27, 53)	false	3.292	0.4916	0.4397	3.372	0.4773	0.4777	-0.08	-0.0144	0.038
(27, 53)	true	4.134	0.2751	0.4231	3.964	0.3327	0.3702	-0.17	-0.0576	0.0529
(27, 53)	false	3.716	0.4292	0.4876	3.762	0.3992	0.4496	-0.046	-0.03	-0.038
(27, 53)	false	3.994	0.3585	0.4793	3.642	0.4096	0.524	0.352	0.0511	0.0446
(27, 53)	false	4.402	0.3356	0.519	3.87	0.3793	0.5008	0.532	0.0437	-0.0182
(27, 53)	false	3.844	0.3941	0.4744	4.012	0.3724	0.4595	-0.168	-0.0217	-0.0149
(27, 53)	false	3.914	0.3475	0.519	3.636	0.3932	0.5058	0.278	0.0457	-0.0132
(26, 39)	false	3.738	0.4044	0.4132	3.858	0.373	0.4512	-0.12	-0.0314	0.038
(26, 39)	false	3.846	0.3924	0.562	3.886	0.3947	0.5455	-0.04	0.0023	-0.0165
(26, 39)	false	3.806	0.3715	0.4413	3.622	0.4106	0.481	0.184	0.0391	0.0397
(26, 39)	false	3.292	0.4916	0.4397	3.894	0.3851	0.4298	-0.602	-0.1065	-0.0099
(26, 39)	false	4.134	0.2751	0.4231	3.824	0.3508	0.4149	0.31	0.0756	-0.0083
(26, 39)	false	3.716	0.4292	0.4876	3.702	0.429	0.5124	0.014	-0.0002	0.0248
(26, 39)	true	3.994	0.3585	0.4793	3.798	0.4223	0.481	-0.196	-0.0637	-0.0017
(26, 39)	false	4.402	0.3356	0.519	4.028	0.3588	0.5256	0.374	0.0232	0.0066
(26, 39)	false	3.844	0.3941	0.4744	4.028	0.3541	0.4446	-0.184	-0.0401	-0.0298
(26, 39)	false	3.914	0.3475	0.519	3.568	0.4114	0.4496	0.346	0.064	-0.0694
(27, 39)	false	3.738	0.4044	0.4132	3.664	0.4196	0.4876	0.074	0.0152	0.0744
(27, 39)	false	3.846	0.3924	0.562	3.76	0.4155	0.514	0.086	0.0232	-0.0479
(27, 39)	false	3.806	0.3715	0.4413	3.514	0.4391	0.4446	0.292	0.0676	0.0033
(27, 39)	false	3.292	0.4916	0.4397	3.448	0.4811	0.4942	-0.156	-0.0105	0.0545
(27, 39)	true	4.134	0.2751	0.4231	4.052	0.3494	0.4215	-0.082	-0.0743	0.0017
(27, 39)	false	3.716	0.4292	0.4876	3.738	0.4021	0.4975	-0.022	-0.0272	0.0099
(27, 39)	true	3.994	0.3585	0.4793	4.082	0.3621	0.5058	0.088	-0.0035	-0.0264
(27, 39)	false	4.402	0.3356	0.519	4.244	0.3699	0.5074	0.158	0.0342	-0.0116
(27, 39)	true	3.844	0.3941	0.4744	4.026	0.3542	0.481	0.182	0.0399	-0.0066
(27, 39)	false	3.914	0.3475	0.519	3.536	0.3933	0.4959	0.378	0.0458	-0.0231
(4, 39)	false	3.738	0.4044	0.4132	3.474	0.4525	0.4777	0.264	0.0481	0.0645
(4, 39)	false	3.846	0.3924	0.562	3.728	0.4051	0.5289	0.118	0.0127	-0.0331
(4, 39)	true	3.806	0.3715	0.4413	3.712	0.4031	0.4645	-0.094	-0.0315	-0.0231
(4, 39)	false	3.292	0.4916	0.4397	3.976	0.3626	0.4826	-0.684	-0.129	0.043
(4, 39)	false	4.134	0.2751	0.4231	3.934	0.3156	0.4463	0.2	0.0405	0.0231
(4, 39)	false	3.716	0.4292	0.4876	4.056	0.3719	0.4595	-0.34	-0.0574	-0.0281
(4, 39)	true	3.994	0.3585	0.4793	3.952	0.3449	0.4926	-0.042	0.0137	-0.0132
(4, 39)	false	4.402	0.3356	0.519	4.25	0.3445	0.4793	0.152	0.0089	-0.0397
(4, 39)	true	3.844	0.3941	0.4744	3.788	0.3475	0.4595	-0.056	0.0467	0.0149
(4, 39)	false	3.914	0.3475	0.519	3.912	0.3542	0.5322	0.002	0.0067	0.0132
(4, 16)	true	3.738	0.4044	0.4132	3.756	0.3999	0.4479	0.018	0.0045	-0.0347
(4, 16)	true	3.846	0.3924	0.562	3.256	0.4874	0.5256	-0.59	-0.095	0.0364
(4, 16)	false	3.806	0.3715	0.4413	3.71	0.4205	0.4512	0.096	0.049	0.0099
(4, 16)	false	3.292	0.4916	0.4397	3.07	0.5159	0.4744	0.222	0.0243	0.0347
(4, 16)	false	4.134	0.2751	0.4231	3.908	0.3107	0.3983	0.226	0.0356	-0.0248
(4, 16)	false	3.716	0.4292	0.4876	3.704	0.4339	0.5107	0.012	0.0046	0.0231
(4, 16)	false	3.994	0.3585	0.4793	3.582	0.4016	0.4926	0.412	0.0431	0.0132
(4, 16)	false	4.402	0.3356	0.519	4.186	0.3781	0.5025	0.216	0.0425	-0.0165
(4, 16)	true	3.844	0.3941	0.4744	3.932	0.386	0.481	0.088	0.0082	-0.0066
(4, 16)	false	3.914	0.3475	0.519	3.79	0.3922	0.524	0.124	0.0448	0.005
(27, 51)	false	3.738	0.4044	0.4132	3.644	0.3872	0.4397	0.094	-0.0172	0.0264
(27, 51)	false	3.846	0.3924	0.562	3.96	0.3941	0.5025	-0.114	0.0017	-0.0595
(27, 51)	false	3.806	0.3715	0.4413	3.938	0.3747	0.4893	-0.132	0.0032	0.0479
(27, 51)	false	3.292	0.4916	0.4397	3.498	0.4557	0.4463	-0.206	-0.0359	0.0066
(27, 51)	false	4.134	0.2751	0.4231	3.858	0.3248	0.4099	0.276	0.0497	-0.0132
(27, 51)	true	3.716	0.4292	0.4876	3.922	0.3515	0.4777	0.206	0.0777	0.0099
(27, 51)	false	3.994	0.3585	0.4793	3.666	0.4283	0.4793	0.328	0.0698	0
(27, 51)	true	4.402	0.3356	0.519	4.078	0.3531	0.519	-0.324	-0.0174	0
(27, 51)	false	3.844	0.3941	0.4744	3.832	0.3712	0.4793	0.012	-0.0229	0.005
(27, 51)	false	3.914	0.3475	0.519	3.6	0.3799	0.4926	0.314	0.0324	-0.0264
(25, 39)	false	3.738	0.4044	0.4132	3.664	0.4384	0.4364	0.074	0.034	0.0231
(25, 39)	true	3.846	0.3924	0.562	4.064	0.3333	0.4876	0.218	0.059	0.0744
(25, 39)	true	3.806	0.3715	0.4413	3.772	0.4059	0.4479	-0.034	-0.0343	-0.0066
(25, 39)	true	3.292	0.4916	0.4397	3.974	0.3663	0.438	0.682	0.1253	0.0017
(25, 39)	false	4.134	0.2751	0.4231	3.784	0.3478	0.4496	0.35	0.0727	0.0264
(25, 39)	true	3.716	0.4292	0.4876	3.878	0.3859	0.4529	0.162	0.0434	0.0347
(25, 39)	true	3.994	0.3585	0.4793	3.908	0.3771	0.4959	-0.086	-0.0185	-0.0165
(25, 39)	true	4.402	0.3356	0.519	4.014	0.3541	0.519	-0.388	-0.0185	0
(25, 39)	false	3.844	0.3941	0.4744	3.584	0.429	0.4711	0.26	0.0349	-0.0033
(25, 39)	false	3.914	0.3475	0.519	3.7	0.3684	0.4612	0.214	0.0209	-0.0579
(25, 52)	false	3.738	0.4044	0.4132	3.872	0.3676	0.4529	-0.134	-0.0368	0.0397
(25, 52)	true	3.846	0.3924	0.562	3.798	0.4009	0.4992	-0.048	-0.0085	0.0628
(25, 52)	true	3.806	0.3715	0.4413	4.124	0.3431	0.4727	0.318	0.0284	-0.0314
(25, 52)	true	3.292	0.4916	0.4397	3.5	0.4765	0.4562	0.208	0.0152	-0.0165
(25, 52)	false	4.134	0.2751	0.4231	3.742	0.3471	0.4347	0.392	0.072	0.0116
(25, 52)	false	3.716	0.4292	0.4876	3.816	0.4264	0.476	-0.1	-0.0029	-0.0116
(25, 52)	true	3.994	0.3585	0.4793	3.828	0.4282	0.5157	-0.166	-0.0697	-0.0364
(25, 52)	true	4.402	0.3356	0.519	4.082	0.3672	0.5091	-0.32	-0.0316	0.0099
(25, 52)	false	3.844	0.3941	0.4744	3.944	0.3825	0.4959	-0.1	-0.0116	0.0215
(25, 52)	false	3.914	0.3475	0.519	3.742	0.3933	0.5058	0.172	0.0459	-0.0132
(3, 16)	true	3.738	0.4044	0.4132	3.694	0.3937	0.4496	-0.044	0.0107	-0.0364
(3, 16)	false	3.846	0.3924	0.562	3.388	0.4593	0.5752	0.458	0.0669	0.0132
(3, 16)	false	3.806	0.3715	0.4413	4.232	0.3568	0.4446	-0.426	-0.0147	0.0033
(3, 16)	false	3.292	0.4916	0.4397	3.21	0.4703	0.4512	0.082	-0.0214	0.0116
(3, 16)	false	4.134	0.2751	0.4231	4.026	0.3082	0.4281	0.108	0.0331	0.005
(3, 16)	true	3.716	0.4292	0.4876	3.612	0.4458	0.4826	-0.104	-0.0165	0.005
(3, 16)	false	3.994	0.3585	0.4793	3.828	0.3874	0.4843	0.166	0.0289	0.005
(3, 16)	false	4.402	0.3356	0.519	4.306	0.354	0.5289	0.096	0.0184	0.0099
(3, 16)	false	3.844	0.3941	0.4744	3.964	0.3546	0.4694	-0.12	-0.0396	-0.005
(3, 16)	false	3.914	0.3475	0.519	3.632	0.4028	0.5455	0.282	0.0553	0.0264
(26, 53)	false	3.738	0.4044	0.4132	3.954	0.3394	0.4512	-0.216	-0.065	0.038
(26, 53)	false	3.846	0.3924	0.562	3.512	0.4386	0.5339	0.334	0.0462	-0.0281
(26, 53)	false	3.806	0.3715	0.4413	3.644	0.3881	0.4628	0.162	0.0165	0.0215
(26, 53)	false	3.292	0.4916	0.4397	3.966	0.3707	0.4446	-0.674	-0.1209	0.005
(26, 53)	true	4.134	0.2751	0.4231	4.104	0.2707	0.4612	-0.03	0.0044	-0.038
(26, 53)	false	3.716	0.4292	0.4876	3.916	0.3731	0.4893	-0.2	-0.0561	0.0017
(26, 53)	true	3.994	0.3585	0.4793	3.916	0.3763	0.4826	-0.078	-0.0178	-0.0033
(26, 53)	false	4.402	0.3356	0.519	4.374	0.3424	0.5008	0.028	0.0068	-0.0182
(26, 53)	true	3.844	0.3941	0.4744	3.858	0.3612	0.4744	0.014	0.0329	0
(26, 53)	false	3.914	0.3475	0.519	3.452	0.4276	0.4975	0.462	0.0801	-0.0215
(6, 13)	false	3.738	0.4044	0.4132	3.594	0.4507	0.4446	0.144	0.0463	0.0314
(6, 13)	false	3.846	0.3924	0.562	3.494	0.4418	0.5405	0.352	0.0494	-0.0215
(6, 13)	false	3.806	0.3715	0.4413	3.78	0.3722	0.4579	0.026	0.0006	0.0165
(6, 13)	true	3.292	0.4916	0.4397	3.354	0.4818	0.4678	0.062	0.0098	-0.0281
(6, 13)	true	4.134	0.2751	0.4231	3.824	0.3331	0.4083	-0.31	-0.0579	0.0149
(6, 13)	true	3.716	0.4292	0.4876	3.45	0.4507	0.5041	-0.266	-0.0214	-0.0165
(6, 13)	false	3.994	0.3585	0.4793	3.684	0.4351	0.4975	0.31	0.0765	0.0182
(6, 13)	false	4.402	0.3356	0.519	3.914	0.3731	0.5306	0.488	0.0375	0.0116
(6, 13)	false	3.844	0.3941	0.4744	3.876	0.3747	0.4727	-0.032	-0.0194	-0.0017
(6, 13)	false	3.914	0.3475	0.519	3.394	0.4255	0.4975	0.52	0.0781	-0.0215
(4, 14)	false	3.738	0.4044	0.4132	3.408	0.4516	0.5041	0.33	0.0472	0.0909
(4, 14)	false	3.846	0.3924	0.562	4.062	0.3714	0.5157	-0.216	-0.021	-0.0463
(4, 14)	false	3.806	0.3715	0.4413	3.672	0.4232	0.4545	0.134	0.0516	0.0132
(4, 14)	true	3.292	0.4916	0.4397	3.706	0.4172	0.4694	0.414	0.0744	-0.0298
(4, 14)	true	4.134	0.2751	0.4231	4.006	0.3454	0.4231	-0.128	-0.0703	0
(4, 14)	false	3.716	0.4292	0.4876	3.91	0.3833	0.4975	-0.194	-0.046	0.0099
(4, 14)	false	3.994	0.3585	0.4793	3.774	0.3896	0.5438	0.22	0.031	0.0645
(4, 14)	false	4.402	0.3356	0.519	4.076	0.3634	0.4959	0.326	0.0278	-0.0231
(4, 14)	false	3.844	0.3941	0.4744	4.14	0.3554	0.4397	-0.296	-0.0388	-0.0347
(4, 14)	false	3.914	0.3475	0.519	3.57	0.4348	0.4942	0.344	0.0873	-0.0248
(17, 41)	true	3.738	0.4044	0.4132	3.74	0.4129	0.4347	0.002	-0.0085	-0.0215
(17, 41)	false	3.846	0.3924	0.562	3.674	0.4309	0.5074	0.172	0.0385	-0.0545
(17, 41)	false	3.806	0.3715	0.4413	3.528	0.4336	0.4562	0.278	0.0621	0.0149
(17, 41)	false	3.292	0.4916	0.4397	3.804	0.392	0.4496	-0.512	-0.0996	0.0099
(17, 41)	false	4.134	0.2751	0.4231	4.36	0.2669	0.4397	-0.226	-0.0082	0.0165
(17, 41)	false	3.716	0.4292	0.4876	3.316	0.4516	0.4777	0.4	0.0224	-0.0099
(17, 41)	false	3.994	0.3585	0.4793	3.644	0.4215	0.5124	0.35	0.0629	0.0331
(17, 41)	false	4.402	0.3356	0.519	4.08	0.343	0.5339	0.322	0.0074	0.0149
(17, 41)	false	3.844	0.3941	0.4744	3.502	0.4318	0.4826	0.342	0.0376	0.0083
(17, 41)	false	3.914	0.3475	0.519	3.552	0.4192	0.5256	0.362	0.0718	0.0066
(28, 50)	true	3.738	0.4044	0.4132	3.628	0.4084	0.4198	-0.11	-0.004	-0.0066
(28, 50)	false	3.846	0.3924	0.562	4.158	0.3684	0.5008	-0.312	-0.024	-0.0612
(28, 50)	false	3.806	0.3715	0.4413	3.486	0.4279	0.4727	0.32	0.0564	0.0314
(28, 50)	true	3.292	0.4916	0.4397	3.706	0.4174	0.4264	0.414	0.0742	0.0132
(28, 50)	false	4.134	0.2751	0.4231	4.008	0.308	0.4496	0.126	0.0329	0.0264
(28, 50)	false	3.716	0.4292	0.4876	3.5	0.3877	0.4694	0.216	-0.0416	-0.0182
(28, 50)	false	3.994	0.3585	0.4793	3.776	0.4146	0.5405	0.218	0.056	0.0612
(28, 50)	false	4.402	0.3356	0.519	4.086	0.3531	0.481	0.316	0.0174	-0.038
(28, 50)	true	3.844	0.3941	0.4744	3.862	0.3931	0.4645	0.018	0.0011	0.0099
(28, 50)	false	3.914	0.3475	0.519	3.696	0.4198	0.4909	0.218	0.0723	-0.0281
(4, 61)	true	3.738	0.4044	0.4132	3.99	0.3571	0.4215	0.252	0.0473	-0.0083
(4, 61)	false	3.846	0.3924	0.562	3.656	0.3941	0.5273	0.19	0.0018	-0.0347
(4, 61)	true	3.806	0.3715	0.4413	3.85	0.351	0.4116	0.044	0.0205	0.0298
(4, 61)	true	3.292	0.4916	0.4397	3.446	0.4628	0.4529	0.154	0.0289	-0.0132
(4, 61)	false	4.134	0.2751	0.4231	3.476	0.4282	0.4463	0.658	0.1531	0.0231
(4, 61)	false	3.716	0.4292	0.4876	3.916	0.3661	0.486	-0.2	-0.0632	-0.0017
(4, 61)	false	3.994	0.3585	0.4793	3.94	0.3819	0.5058	0.054	0.0233	0.0264
(4, 61)	true	4.402	0.3356	0.519	4.012	0.362	0.4711	-0.39	-0.0264	0.0479
(4, 61)	false	3.844	0.3941	0.4744	3.808	0.3677	0.486	0.036	-0.0264	0.0116
(4, 61)	false	3.914	0.3475	0.519	3.79	0.3499	0.5223	0.124	0.0024	0.0033
(1, 58)	true	3.738	0.4044	0.4132	3.616	0.4309	0.438	-0.122	-0.0265	-0.0248
(1, 58)	false	3.846	0.3924	0.562	3.87	0.3652	0.5421	-0.024	-0.0272	-0.0198
(1, 58)	false	3.806	0.3715	0.4413	3.596	0.4365	0.4397	0.21	0.0649	-0.0017
(1, 58)	true	3.292	0.4916	0.4397	3.248	0.4999	0.4545	-0.044	-0.0083	-0.0149
(1, 58)	false	4.134	0.2751	0.4231	3.742	0.381	0.4364	0.392	0.1059	0.0132
(1, 58)	false	3.716	0.4292	0.4876	3.638	0.432	0.5025	0.078	0.0028	0.0149
(1, 58)	false	3.994	0.3585	0.4793	3.958	0.3662	0.4843	0.036	0.0076	0.005
(1, 58)	false	4.402	0.3356	0.519	3.806	0.4164	0.5471	0.596	0.0807	0.0281
(1, 58)	false	3.844	0.3941	0.4744	4.35	0.3373	0.4793	-0.506	-0.0568	0.005
(1, 58)	false	3.914	0.3475	0.519	3.496	0.4262	0.5074	0.418	0.0788	-0.0116
(25, 53)	false	3.738	0.4044	0.4132	3.656	0.4392	0.4595	0.082	0.0348	0.0463
(25, 53)	false	3.846	0.3924	0.562	3.628	0.4278	0.5471	0.218	0.0354	-0.0149
(25, 53)	true	3.806	0.3715	0.4413	3.51	0.3981	0.4744	-0.296	-0.0265	-0.0331
(25, 53)	false	3.292	0.4916	0.4397	3.484	0.4572	0.4579	-0.192	-0.0345	0.0182
(25, 53)	false	4.134	0.2751	0.4231	3.722	0.368	0.3769	0.412	0.0929	-0.0463
(25, 53)	true	3.716	0.4292	0.4876	3.716	0.4209	0.486	0	0.0083	0.0017
(25, 53)	true	3.994	0.3585	0.4793	4.048	0.371	0.5256	0.054	-0.0125	-0.0463
(25, 53)	false	4.402	0.3356	0.519	4.288	0.3536	0.514	0.114	0.018	-0.005
(25, 53)	false	3.844	0.3941	0.4744	3.912	0.3778	0.4843	-0.068	-0.0163	0.0099
(25, 53)	false	3.914	0.3475	0.519	3.602	0.3871	0.4992	0.312	0.0397	-0.0198
(24, 56)	true	3.738	0.4044	0.4132	3.81	0.3872	0.4314	0.072	0.0172	-0.0182
(24, 56)	false	3.846	0.3924	0.562	3.782	0.3738	0.524	0.064	-0.0186	-0.038
(24, 56)	false	3.806	0.3715	0.4413	3.694	0.3938	0.4843	0.112	0.0222	0.043
(24, 56)	false	3.292	0.4916	0.4397	3.432	0.4584	0.5091	-0.14	-0.0333	0.0694
(24, 56)	false	4.134	0.2751	0.4231	3.932	0.3074	0.4298	0.202	0.0323	0.0066
(24, 56)	true	3.716	0.4292	0.4876	3.652	0.4	0.4744	-0.064	0.0293	0.0132
(24, 56)	true	3.994	0.3585	0.4793	3.694	0.4278	0.5388	-0.3	-0.0692	-0.0595
(24, 56)	false	4.402	0.3356	0.519	3.97	0.3689	0.519	0.432	0.0333	0
(24, 56)	false	3.844	0.3941	0.4744	3.716	0.3938	0.4926	0.128	-0.0004	0.0182
(24, 56)	false	3.914	0.3475	0.519	3.452	0.4371	0.4942	0.462	0.0896	-0.0248
(3, 59)	false	3.738	0.4044	0.4132	3.632	0.4193	0.4678	0.106	0.0149	0.0545
(3, 59)	false	3.846	0.3924	0.562	3.994	0.3667	0.4992	-0.148	-0.0257	-0.0628
(3, 59)	false	3.806	0.3715	0.4413	3.676	0.3932	0.4562	0.13	0.0217	0.0149
(3, 59)	false	3.292	0.4916	0.4397	3.844	0.3714	0.4446	-0.552	-0.1202	0.005
(3, 59)	false	4.134	0.2751	0.4231	3.582	0.3866	0.4545	0.552	0.1115	0.0314
(3, 59)	false	3.716	0.4292	0.4876	3.84	0.4021	0.5041	-0.124	-0.0271	0.0165
(3, 59)	false	3.994	0.3585	0.4793	3.888	0.4161	0.5471	0.106	0.0575	0.0678
(3, 59)	false	4.402	0.3356	0.519	4.026	0.3537	0.519	0.376	0.018	0
(3, 59)	false	3.844	0.3941	0.4744	3.508	0.4514	0.5438	0.336	0.0573	0.0694
(3, 59)	false	3.914	0.3475	0.519	3.246	0.4577	0.5256	0.668	0.1102	0.0066
(28, 52)	false	3.738	0.4044	0.4132	3.956	0.3835	0.4149	-0.218	-0.0209	0.0017
(28, 52)	true	3.846	0.3924	0.562	4.196	0.3608	0.5058	0.35	0.0316	0.0562
(28, 52)	false	3.806	0.3715	0.4413	4	0.371	0.4446	-0.194	-0.0006	0.0033
(28, 52)	false	3.292	0.4916	0.4397	3.278	0.4675	0.4579	0.014	-0.0242	0.0182
(28, 52)	false	4.134	0.2751	0.4231	3.526	0.3571	0.4579	0.608	0.0819	0.0347
(28, 52)	false	3.716	0.4292	0.4876	3.534	0.4168	0.4876	0.182	-0.0124	0
(28, 52)	false	3.994	0.3585	0.4793	3.966	0.3827	0.4777	0.028	0.0242	-0.0017
(28, 52)	false	4.402	0.3356	0.519	3.808	0.4095	0.519	0.594	0.0739	0
(28, 52)	false	3.844	0.3941	0.4744	4.11	0.3589	0.443	-0.266	-0.0352	-0.0314
(28, 52)	false	3.914	0.3475	0.519	3.452	0.446	0.519	0.462	0.0986	0
(24, 39)	false	3.738	0.4044	0.4132	3.364	0.4476	0.4694	0.374	0.0432	0.0562
(24, 39)	true	3.846	0.3924	0.562	3.638	0.4318	0.5058	-0.208	-0.0394	0.0562
(24, 39)	false	3.806	0.3715	0.4413	3.838	0.3737	0.4397	-0.032	0.0021	-0.0017
(24, 39)	false	3.292	0.4916	0.4397	3.354	0.4635	0.4744	-0.062	-0.0281	0.0347
(24, 39)	false	4.134	0.2751	0.4231	3.72	0.3424	0.4264	0.414	0.0673	0.0033
(24, 39)	false	3.716	0.4292	0.4876	3.82	0.3814	0.5074	-0.104	-0.0478	0.0198
(24, 39)	true	3.994	0.3585	0.4793	4.17	0.3665	0.4959	0.176	-0.008	-0.0165
(24, 39)	false	4.402	0.3356	0.519	4.228	0.3236	0.4893	0.174	-0.012	-0.0298
(24, 39)	true	3.844	0.3941	0.4744	4.056	0.3649	0.4446	0.212	0.0292	0.0298
(24, 39)	false	3.914	0.3475	0.519	3.458	0.4428	0.5074	0.456	0.0954	-0.0116
(23, 43)	false	3.738	0.4044	0.4132	3.502	0.4105	0.4628	0.236	0.0061	0.0496
(23, 43)	true	3.846	0.3924	0.562	3.612	0.4394	0.5174	-0.234	-0.047	0.0446
(23, 43)	false	3.806	0.3715	0.4413	4.02	0.349	0.4545	-0.214	-0.0225	0.0132
(23, 43)	false	3.292	0.4916	0.4397	3.612	0.4461	0.4579	-0.32	-0.0455	0.0182
(23, 43)	true	4.134	0.2751	0.4231	3.856	0.3435	0.3967	-0.278	-0.0684	0.0264
(23, 43)	false	3.716	0.4292	0.4876	3.72	0.3926	0.4744	-0.004	-0.0367	-0.0132
(23, 43)	false	3.994	0.3585	0.4793	3.786	0.4102	0.5223	0.208	0.0517	0.043
(23, 43)	false	4.402	0.3356	0.519	4.006	0.3697	0.5207	0.396	0.0341	0.0017
(23, 43)	false	3.844	0.3941	0.4744	4.148	0.3343	0.4959	-0.304	-0.0598	0.0215
(23, 43)	false	3.914	0.3475	0.519	3.924	0.3825	0.4975	-0.01	0.035	-0.0215
(26, 40)	false	3.738	0.4044	0.4132	3.882	0.3784	0.481	-0.144	-0.026	0.0678
(26, 40)	false	3.846	0.3924	0.562	3.784	0.3596	0.5025	0.062	-0.0327	-0.0595
(26, 40)	false	3.806	0.3715	0.4413	3.718	0.3783	0.4248	0.088	0.0068	-0.0165
(26, 40)	false	3.292	0.4916	0.4397	3.482	0.4488	0.481	-0.19	-0.0428	0.0413
(26, 40)	false	4.134	0.2751	0.4231	3.748	0.3225	0.4413	0.386	0.0473	0.0182
(26, 40)	false	3.716	0.4292	0.4876	3.71	0.3654	0.4942	0.006	-0.0639	0.0066
(26, 40)	false	3.994	0.3585	0.4793	3.856	0.3756	0.5157	0.138	0.017	0.0364
(26, 40)	true	4.402	0.3356	0.519	4.128	0.3408	0.4975	-0.274	-0.0052	0.0215
(26, 40)	false	3.844	0.3941	0.4744	3.864	0.3912	0.4744	-0.02	-0.0029	0
(26, 40)	false	3.914	0.3475	0.519	3.74	0.3791	0.514	0.174	0.0316	-0.005
(7, 39)	false	3.738	0.4044	0.4132	3.802	0.4055	0.4413	-0.064	0.0011	0.0281
(7, 39)	false	3.846	0.3924	0.562	3.758	0.3923	0.5223	0.088	-0.0001	-0.0397
(7, 39)	false	3.806	0.3715	0.4413	3.89	0.3872	0.486	-0.084	0.0156	0.0446
(7, 39)	true	3.292	0.4916	0.4397	3.862	0.3975	0.4248	0.57	0.0941	0.0149
(7, 39)	false	4.134	0.2751	0.4231	4.14	0.3556	0.4694	-0.006	0.0804	0.0463
(7, 39)	false	3.716	0.4292	0.4876	3.848	0.401	0.481	-0.132	-0.0283	-0.0066
(7, 39)	true	3.994	0.3585	0.4793	3.856	0.412	0.4959	-0.138	-0.0535	-0.0165
(7, 39)	false	4.402	0.3356	0.519	3.922	0.3913	0.5339	0.48	0.0557	0.0149
(7, 39)	false	3.844	0.3941	0.4744	3.836	0.3826	0.5008	0.008	-0.0115	0.0264
(7, 39)	false	3.914	0.3475	0.519	3.422	0.4033	0.4727	0.492	0.0559	-0.0463
(23, 41)	false	3.738	0.4044	0.4132	3.782	0.3759	0.4793	-0.044	-0.0285	0.0661
(23, 41)	false	3.846	0.3924	0.562	3.834	0.4235	0.519	0.012	0.0311	-0.043
(23, 41)	true	3.806	0.3715	0.4413	3.708	0.3949	0.4281	-0.098	-0.0233	0.0132
(23, 41)	false	3.292	0.4916	0.4397	3.146	0.508	0.4711	0.146	0.0164	0.0314
(23, 41)	true	4.134	0.2751	0.4231	3.964	0.3092	0.4397	-0.17	-0.0341	-0.0165
(23, 41)	true	3.716	0.4292	0.4876	3.814	0.3952	0.4876	0.098	0.034	0
(23, 41)	false	3.994	0.3585	0.4793	3.958	0.4002	0.5124	0.036	0.0417	0.0331
(23, 41)	false	4.402	0.3356	0.519	3.942	0.387	0.5058	0.46	0.0514	-0.0132
(23, 41)	false	3.844	0.3941	0.4744	3.844	0.3885	0.4744	0	-0.0056	0
(23, 41)	false	3.914	0.3475	0.519	3.58	0.4348	0.5074	0.334	0.0874	-0.0116
(8, 38)	true	3.738	0.4044	0.4132	3.646	0.4115	0.4711	-0.092	-0.0071	-0.0579
(8, 38)	true	3.846	0.3924	0.562	3.778	0.4005	0.5521	-0.068	-0.0081	0.0099
(8, 38)	false	3.806	0.3715	0.4413	3.44	0.4372	0.5107	0.366	0.0656	0.0694
(8, 38)	true	3.292	0.4916	0.4397	4.164	0.3484	0.4413	0.872	0.1433	-0.0017
(8, 38)	false	4.134	0.2751	0.4231	4.064	0.3576	0.4397	0.07	0.0824	0.0165
(8, 38)	false	3.716	0.4292	0.4876	3.704	0.3893	0.4793	0.012	-0.04	-0.0083
(8, 38)	true	3.994	0.3585	0.4793	3.9	0.4079	0.5438	-0.094	-0.0494	-0.0645
(8, 38)	false	4.402	0.3356	0.519	4.25	0.3477	0.4926	0.152	0.0121	-0.0264
(8, 38)	false	3.844	0.3941	0.4744	4.048	0.3673	0.4992	-0.204	-0.0268	0.0248
(8, 38)	false	3.914	0.3475	0.519	3.666	0.3826	0.4909	0.248	0.0351	-0.0281
(22, 41)	true	3.738	0.4044	0.4132	3.594	0.4444	0.438	-0.144	-0.04	-0.0248
(22, 41)	false	3.846	0.3924	0.562	3.92	0.3802	0.557	-0.074	-0.0122	-0.005
(22, 41)	false	3.806	0.3715	0.4413	3.724	0.3958	0.4579	0.082	0.0243	0.0165
(22, 41)	false	3.292	0.4916	0.4397	3.73	0.4191	0.4529	-0.438	-0.0726	0.0132
(22, 41)	false	4.134	0.2751	0.4231	3.972	0.3088	0.3818	0.162	0.0337	-0.0413
(22, 41)	false	3.716	0.4292	0.4876	3.87	0.3997	0.4777	-0.154	-0.0296	-0.0099
(22, 41)	true	3.994	0.3585	0.4793	3.626	0.4215	0.5008	-0.368	-0.063	-0.0215
(22, 41)	false	4.402	0.3356	0.519	3.746	0.4108	0.5388	0.656	0.0751	0.0198
(22, 41)	false	3.844	0.3941	0.4744	3.822	0.4125	0.4975	0.022	0.0183	0.0231
(22, 41)	false	3.914	0.3475	0.519	3.518	0.4041	0.4744	0.396	0.0566	-0.0446
(25, 54)	false	3.738	0.4044	0.4132	3.852	0.4049	0.4793	-0.114	0.0005	0.0661
(25, 54)	false	3.846	0.3924	0.562	4	0.3664	0.5405	-0.154	-0.0259	-0.0215
(25, 54)	true	3.806	0.3715	0.4413	3.866	0.3792	0.4661	0.06	-0.0077	-0.0248
(25, 54)	false	3.292	0.4916	0.4397	3.282	0.4603	0.4942	0.01	-0.0313	0.0545
(25, 54)	false	4.134	0.2751	0.4231	3.694	0.357	0.4017	0.44	0.0819	-0.0215
(25, 54)	false	3.716	0.4292	0.4876	3.512	0.4259	0.481	0.204	-0.0033	-0.0066
(25, 54)	false	3.994	0.3585	0.4793	3.788	0.3674	0.5207	0.206	0.0089	0.0413
(25, 54)	false	4.402	0.3356	0.519	4.156	0.3334	0.5058	0.246	-0.0023	-0.0132
(25, 54)	false	3.844	0.3941	0.4744	3.574	0.4239	0.4694	0.27	0.0297	-0.005
(25, 54)	false	3.914	0.3475	0.519	3.518	0.4205	0.4793	0.396	0.073	-0.0397
(5, 38)	true	3.738	0.4044	0.4132	3.884	0.3727	0.4694	0.146	0.0317	-0.0562
(5, 38)	true	3.846	0.3924	0.562	3.62	0.3803	0.486	-0.226	0.0121	0.076
(5, 38)	false	3.806	0.3715	0.4413	3.908	0.3706	0.4612	-0.102	-0.0009	0.0198
(5, 38)	false	3.292	0.4916	0.4397	3.428	0.4678	0.4793	-0.136	-0.0238	0.0397
(5, 38)	false	4.134	0.2751	0.4231	3.93	0.3916	0.4942	0.204	0.1165	0.0711
(5, 38)	false	3.716	0.4292	0.4876	3.522	0.4298	0.5008	0.194	0.0005	0.0132
(5, 38)	false	3.994	0.3585	0.4793	3.808	0.3955	0.5273	0.186	0.037	0.0479
(5, 38)	true	4.402	0.3356	0.519	3.962	0.3776	0.5339	-0.44	-0.042	-0.0149
(5, 38)	true	3.844	0.3941	0.4744	4.108	0.348	0.4826	0.264	0.0461	-0.0083
(5, 38)	false	3.914	0.3475	0.519	3.458	0.4427	0.4975	0.456	0.0952	-0.0215
(1, 17)	false	3.738	0.4044	0.4132	3.272	0.4954	0.4826	0.466	0.091	0.0694
(1, 17)	true	3.846	0.3924	0.562	3.698	0.4202	0.4926	-0.148	-0.0279	0.0694
(1, 17)	true	3.806	0.3715	0.4413	3.774	0.4018	0.4298	-0.032	-0.0303	0.0116
(1, 17)	true	3.292	0.4916	0.4397	3.424	0.4477	0.4264	0.132	0.0439	0.0132
(1, 17)	false	4.134	0.2751	0.4231	4.168	0.3194	0.4463	-0.034	0.0443	0.0231
(1, 17)	true	3.716	0.4292	0.4876	3.614	0.4198	0.4992	-0.102	0.0094	-0.0116
(1, 17)	false	3.994	0.3585	0.4793	3.81	0.4325	0.5256	0.184	0.074	0.0463
(1, 17)	true	4.402	0.3356	0.519	3.776	0.441	0.5223	-0.626	-0.1054	-0.0033
(1, 17)	true	3.844	0.3941	0.4744	3.824	0.3703	0.4628	-0.02	0.0238	0.0116
(1, 17)	false	3.914	0.3475	0.519	3.762	0.4054	0.4876	0.152	0.0579	-0.0314
(23, 54)	false	3.738	0.4044	0.4132	3.872	0.3972	0.4463	-0.134	-0.0072	0.0331
(23, 54)	true	3.846	0.3924	0.562	3.724	0.4038	0.5355	-0.122	-0.0114	0.0264
(23, 54)	true	3.806	0.3715	0.4413	3.86	0.366	0.3835	0.054	0.0055	0.0579
(23, 54)	false	3.292	0.4916	0.4397	3.276	0.481	0.4826	0.016	-0.0107	0.043
(23, 54)	false	4.134	0.2751	0.4231	3.432	0.3674	0.438	0.702	0.0922	0.0149
(23, 54)	false	3.716	0.4292	0.4876	3.928	0.3571	0.4694	-0.212	-0.0721	-0.0182
(23, 54)	false	3.994	0.3585	0.4793	3.986	0.3793	0.5174	0.008	0.0207	0.038
(23, 54)	false	4.402	0.3356	0.519	3.752	0.4181	0.5653	0.65	0.0824	0.0463
(23, 54)	false	3.844	0.3941	0.4744	3.75	0.397	0.481	0.094	0.0029	0.0066
(23, 54)	false	3.914	0.3475	0.519	3.97	0.3442	0.4959	-0.056	-0.0032	-0.0231
(30, 36)	false	3.738	0.4044	0.4132	3.896	0.3865	0.4628	-0.158	-0.0179	0.0496
(30, 36)	false	3.846	0.3924	0.562	3.772	0.4181	0.5587	0.074	0.0258	-0.0033
(30, 36)	false	3.806	0.3715	0.4413	3.748	0.3706	0.4132	0.058	-0.001	-0.0281
(30, 36)	true	3.292	0.4916	0.4397	3.11	0.5102	0.4628	-0.182	-0.0186	-0.0231
(30, 36)	false	4.134	0.2751	0.4231	3.96	0.3563	0.4298	0.174	0.0812	0.0066
(30, 36)	false	3.716	0.4292	0.4876	3.684	0.3781	0.4645	0.032	-0.0511	-0.0231
(30, 36)	false	3.994	0.3585	0.4793	4.032	0.3689	0.4826	-0.038	0.0103	0.0033
(30, 36)	false	4.402	0.3356	0.519	4.232	0.3354	0.5008	0.17	-0.0003	-0.0182
(30, 36)	false	3.844	0.3941	0.4744	4.146	0.3524	0.4926	-0.302	-0.0418	0.0182
(30, 36)	false	3.914	0.3475	0.519	3.296	0.4633	0.5471	0.618	0.1159	0.0281
(29, 51)	false	3.738	0.4044	0.4132	3.81	0.3769	0.4826	-0.072	-0.0275	0.0694
(29, 51)	false	3.846	0.3924	0.562	3.912	0.3697	0.5521	-0.066	-0.0227	-0.0099
(29, 51)	false	3.806	0.3715	0.4413	3.76	0.3825	0.4711	0.046	0.0109	0.0298
(29, 51)	true	3.292	0.4916	0.4397	3.81	0.403	0.4281	0.518	0.0886	0.0116
(29, 51)	true	4.134	0.2751	0.4231	3.932	0.3088	0.4298	-0.202	-0.0337	-0.0066
(29, 51)	false	3.716	0.4292	0.4876	3.726	0.3962	0.4463	-0.01	-0.033	-0.0413
(29, 51)	true	3.994	0.3585	0.4793	3.898	0.3589	0.4413	-0.096	-0.0004	0.038
(29, 51)	true	4.402	0.3356	0.519	4.14	0.3586	0.5058	-0.262	-0.023	0.0132
(29, 51)	false	3.844	0.3941	0.4744	3.934	0.3713	0.481	-0.09	-0.0228	0.0066
(29, 51)	false	3.914	0.3475	0.519	3.602	0.4062	0.5025	0.312	0.0588	-0.0165
(2, 16)	false	3.738	0.4044	0.4132	3.428	0.473	0.4413	0.31	0.0686	0.0281
(2, 16)	false	3.846	0.3924	0.562	3.714	0.4349	0.5355	0.132	0.0425	-0.0264
(2, 16)	false	3.806	0.3715	0.4413	3.674	0.4082	0.4744	0.132	0.0367	0.0331
(2, 16)	false	3.292	0.4916	0.4397	3.484	0.4606	0.476	-0.192	-0.031	0.0364
(2, 16)	false	4.134	0.2751	0.4231	4.188	0.3029	0.4248	-0.054	0.0277	0.0017
(2, 16)	false	3.716	0.4292	0.4876	3.96	0.3385	0.4694	-0.244	-0.0907	-0.0182
(2, 16)	false	3.994	0.3585	0.4793	4.066	0.3481	0.4909	-0.072	-0.0104	0.0116
(2, 16)	false	4.402	0.3356	0.519	4.038	0.3879	0.5058	0.364	0.0522	-0.0132
(2, 16)	false	3.844	0.3941	0.4744	3.976	0.3657	0.4661	-0.132	-0.0284	-0.0083
(2, 16)	false	3.914	0.3475	0.519	3.39	0.4354	0.524	0.524	0.088	0.005
(55, 61)	true	3.738	0.4044	0.4132	3.68	0.417	0.4562	-0.058	-0.0126	-0.043
(55, 61)	false	3.846	0.3924	0.562	3.802	0.394	0.5074	0.044	0.0017	-0.0545
(55, 61)	false	3.806	0.3715	0.4413	3.796	0.3826	0.4231	0.01	0.011	-0.0182
(55, 61)	false	3.292	0.4916	0.4397	3.864	0.3742	0.4777	-0.572	-0.1174	0.038
(55, 61)	true	4.134	0.2751	0.4231	3.858	0.3348	0.4231	-0.276	-0.0597	0
(55, 61)	true	3.716	0.4292	0.4876	3.728	0.3573	0.4612	0.012	0.0719	0.0264
(55, 61)	false	3.994	0.3585	0.4793	3.692	0.4237	0.4992	0.302	0.0652	0.0198
(55, 61)	false	4.402	0.3356	0.519	4.044	0.3608	0.5207	0.358	0.0251	0.0017
(55, 61)	false	3.844	0.3941	0.4744	4.322	0.3179	0.4909	-0.478	-0.0762	0.0165
(55, 61)	false	3.914	0.3475	0.519	3.682	0.4287	0.4777	0.232	0.0812	-0.0413
(2, 59)	false	3.738	0.4044	0.4132	3.812	0.3797	0.486	-0.074	-0.0247	0.0727
(2, 59)	false	3.846	0.3924	0.562	3.698	0.4254	0.5653	0.148	0.0331	0.0033
(2, 59)	false	3.806	0.3715	0.4413	3.486	0.4085	0.4777	0.32	0.037	0.0364
(2, 59)	false	3.292	0.4916	0.4397	3.78	0.3822	0.4231	-0.488	-0.1094	-0.0165
(2, 59)	false	4.134	0.2751	0.4231	4.39	0.251	0.4397	-0.256	-0.0241	0.0165
(2, 59)	false	3.716	0.4292	0.4876	4.042	0.3739	0.4793	-0.326	-0.0553	-0.0083
(2, 59)	false	3.994	0.3585	0.4793	3.88	0.3887	0.524	0.114	0.0301	0.0446
(2, 59)	false	4.402	0.3356	0.519	3.964	0.363	0.5256	0.438	0.0274	0.0066
(2, 59)	false	3.844	0.3941	0.4744	3.388	0.4065	0.4992	0.456	0.0124	0.0248
(2, 59)	false	3.914	0.3475	0.519	3.442	0.4329	0.5174	0.472	0.0854	-0.0017
(25, 38)	true	3.738	0.4044	0.4132	3.9	0.3731	0.4446	0.162	0.0313	-0.0314
(25, 38)	true	3.846	0.3924	0.562	3.962	0.3267	0.5008	0.116	0.0657	0.0612
(25, 38)	false	3.806	0.3715	0.4413	3.53	0.4108	0.4959	0.276	0.0392	0.0545
(25, 38)	false	3.292	0.4916	0.4397	3.608	0.4578	0.4463	-0.316	-0.0338	0.0066
(25, 38)	true	4.134	0.2751	0.4231	3.82	0.3478	0.4116	-0.314	-0.0727	0.0116
(25, 38)	false	3.716	0.4292	0.4876	3.666	0.411	0.4595	0.05	-0.0183	-0.0281
(25, 38)	false	3.994	0.3585	0.4793	3.93	0.3806	0.5041	0.064	0.0221	0.0248
(25, 38)	true	4.402	0.3356	0.519	4.132	0.3158	0.4529	-0.27	0.0198	0.0661
(25, 38)	false	3.844	0.3941	0.4744	4.09	0.3636	0.4711	-0.246	-0.0305	-0.0033
(25, 38)	false	3.914	0.3475	0.519	3.576	0.4097	0.524	0.338	0.0622	0.005
(4, 13)	false	3.738	0.4044	0.4132	3.834	0.3809	0.4579	-0.096	-0.0235	0.0446
(4, 13)	false	3.846	0.3924	0.562	3.944	0.4071	0.4876	-0.098	0.0147	-0.0744
(4, 13)	false	3.806	0.3715	0.4413	3.842	0.3418	0.4264	-0.036	-0.0298	-0.0149
(4, 13)	false	3.292	0.4916	0.4397	3.78	0.4163	0.4661	-0.488	-0.0753	0.0264
(4, 13)	true	4.134	0.2751	0.4231	4.226	0.3518	0.395	0.092	-0.0767	0.0281
(4, 13)	false	3.716	0.4292	0.4876	3.568	0.4447	0.4876	0.148	0.0154	0
(4, 13)	false	3.994	0.3585	0.4793	3.95	0.4123	0.5223	0.044	0.0537	0.043
(4, 13)	false	4.402	0.3356	0.519	3.792	0.4216	0.5388	0.61	0.086	0.0198
(4, 13)	true	3.844	0.3941	0.4744	4.138	0.3679	0.4612	0.294	0.0262	0.0132
(4, 13)	false	3.914	0.3475	0.519	3.5	0.4316	0.5091	0.414	0.0841	-0.0099
(1, 16)	false	3.738	0.4044	0.4132	3.534	0.4449	0.4479	0.204	0.0405	0.0347
(1, 16)	false	3.846	0.3924	0.562	3.892	0.405	0.5289	-0.046	0.0126	-0.0331
(1, 16)	false	3.806	0.3715	0.4413	3.728	0.3833	0.4595	0.078	0.0117	0.0182
(1, 16)	false	3.292	0.4916	0.4397	3.76	0.3955	0.4843	-0.468	-0.0961	0.0446
(1, 16)	true	4.134	0.2751	0.4231	3.786	0.3371	0.395	-0.348	-0.062	0.0281
(1, 16)	false	3.716	0.4292	0.4876	3.904	0.3739	0.438	-0.188	-0.0553	-0.0496
(1, 16)	false	3.994	0.3585	0.4793	3.69	0.4264	0.5471	0.304	0.0679	0.0678
(1, 16)	true	4.402	0.3356	0.519	3.942	0.4167	0.5107	-0.46	-0.0811	0.0083
(1, 16)	false	3.844	0.3941	0.4744	4.126	0.3732	0.4678	-0.282	-0.021	-0.0066
(1, 16)	false	3.914	0.3475	0.519	3.456	0.4379	0.5008	0.458	0.0904	-0.0182
(3, 58)	false	3.738	0.4044	0.4132	3.428	0.458	0.4446	0.31	0.0536	0.0314
(3, 58)	false	3.846	0.3924	0.562	3.71	0.4239	0.5719	0.136	0.0315	0.0099
(3, 58)	false	3.806	0.3715	0.4413	3.534	0.3831	0.486	0.272	0.0115	0.0446
(3, 58)	false	3.292	0.4916	0.4397	3.78	0.3964	0.4298	-0.488	-0.0952	-0.0099
(3, 58)	false	4.134	0.2751	0.4231	4.172	0.2841	0.4512	-0.038	0.009	0.0281
(3, 58)	true	3.716	0.4292	0.4876	3.644	0.4183	0.514	-0.072	0.0109	-0.0264
(3, 58)	true	3.994	0.3585	0.4793	3.904	0.358	0.5008	-0.09	0.0006	-0.0215
(3, 58)	false	4.402	0.3356	0.519	3.916	0.3636	0.5306	0.486	0.028	0.0116
(3, 58)	false	3.844	0.3941	0.4744	3.55	0.4223	0.4843	0.294	0.0282	0.0099
(3, 58)	false	3.914	0.3475	0.519	3.966	0.3794	0.5273	-0.052	0.0319	0.0083
(3, 17)	true	3.738	0.4044	0.4132	3.64	0.4338	0.4248	-0.098	-0.0294	-0.0116
(3, 17)	true	3.846	0.3924	0.562	3.546	0.4288	0.5702	-0.3	-0.0364	-0.0083
(3, 17)	false	3.806	0.3715	0.4413	3.678	0.3687	0.4777	0.128	-0.0028	0.0364
(3, 17)	false	3.292	0.4916	0.4397	3.562	0.4235	0.476	-0.27	-0.0681	0.0364
(3, 17)	true	4.134	0.2751	0.4231	3.876	0.3319	0.3884	-0.258	-0.0568	0.0347
(3, 17)	false	3.716	0.4292	0.4876	3.68	0.4179	0.5074	0.036	-0.0113	0.0198
(3, 17)	true	3.994	0.3585	0.4793	3.71	0.4123	0.5058	-0.284	-0.0537	-0.0264
(3, 17)	false	4.402	0.3356	0.519	4.21	0.323	0.481	0.192	-0.0126	-0.038
(3, 17)	true	3.844	0.3941	0.4744	3.628	0.4244	0.4826	-0.216	-0.0302	-0.0083
(3, 17)	false	3.914	0.3475	0.519	3.606	0.4153	0.4975	0.308	0.0679	-0.0215
(24, 61)	false	3.738	0.4044	0.4132	3.982	0.3429	0.476	-0.244	-0.0615	0.0628
(24, 61)	false	3.846	0.3924	0.562	3.774	0.4135	0.5322	0.072	0.0211	-0.0298
(24, 61)	true	3.806	0.3715	0.4413	3.406	0.4188	0.486	-0.4	-0.0473	-0.0446
(24, 61)	false	3.292	0.4916	0.4397	3.132	0.5191	0.4843	0.16	0.0275	0.0446
(24, 61)	true	4.134	0.2751	0.4231	3.81	0.3101	0.4281	-0.324	-0.035	-0.005
(24, 61)	false	3.716	0.4292	0.4876	3.91	0.3491	0.481	-0.194	-0.0801	-0.0066
(24, 61)	false	3.994	0.3585	0.4793	3.774	0.4219	0.4727	0.22	0.0634	-0.0066
(24, 61)	false	4.402	0.3356	0.519	4.01	0.3747	0.514	0.392	0.0391	-0.005
(24, 61)	false	3.844	0.3941	0.4744	4.104	0.3534	0.4826	-0.26	-0.0408	0.0083
(24, 61)	false	3.914	0.3475	0.519	3.804	0.3665	0.4529	0.11	0.0191	-0.0661
(28, 37)	true	3.738	0.4044	0.4132	3.882	0.4155	0.4463	0.144	-0.0111	-0.0331
(28, 37)	true	3.846	0.3924	0.562	3.688	0.3904	0.5124	-0.158	0.002	0.0496
(28, 37)	true	3.806	0.3715	0.4413	3.532	0.4331	0.4545	-0.274	-0.0615	-0.0132
(28, 37)	false	3.292	0.4916	0.4397	3.832	0.3385	0.4826	-0.54	-0.1531	0.043
(28, 37)	true	4.134	0.2751	0.4231	4.028	0.2819	0.4347	-0.106	-0.0068	-0.0116
(28, 37)	false	3.716	0.4292	0.4876	3.692	0.4085	0.4909	0.024	-0.0207	0.0033
(28, 37)	false	3.994	0.3585	0.4793	3.842	0.3904	0.5091	0.152	0.0318	0.0298
(28, 37)	true	4.402	0.3356	0.519	3.974	0.3959	0.4876	-0.428	-0.0603	0.0314
(28, 37)	false	3.844	0.3941	0.4744	4.23	0.3747	0.4595	-0.386	-0.0195	-0.0149
(28, 37)	false	3.914	0.3475	0.519	3.928	0.3358	0.4876	-0.014	-0.0117	-0.0314
(43, 54)	false	3.738	0.4044	0.4132	3.57	0.4457	0.4793	0.168	0.0413	0.0661
(43, 54)	true	3.846	0.3924	0.562	3.898	0.3998	0.519	0.052	-0.0075	0.043
(43, 54)	false	3.806	0.3715	0.4413	3.864	0.3509	0.4463	-0.058	-0.0206	0.005
(43, 54)	false	3.292	0.4916	0.4397	3.816	0.4066	0.4777	-0.524	-0.085	0.038
(43, 54)	false	4.134	0.2751	0.4231	3.948	0.3276	0.4116	0.186	0.0525	-0.0116
(43, 54)	true	3.716	0.4292	0.4876	3.726	0.4107	0.4711	0.01	0.0186	0.0165
(43, 54)	false	3.994	0.3585	0.4793	3.928	0.3754	0.5124	0.066	0.0169	0.0331
(43, 54)	false	4.402	0.3356	0.519	3.83	0.4086	0.5554	0.572	0.0729	0.0364
(43, 54)	true	3.844	0.3941	0.4744	3.792	0.3754	0.4545	-0.052	0.0187	0.0198
(43, 54)	false	3.914	0.3475	0.519	3.38	0.438	0.5074	0.534	0.0906	-0.0116
(26, 61)	false	3.738	0.4044	0.4132	3.818	0.3694	0.4975	-0.08	-0.035	0.0843
(26, 61)	true	3.846	0.3924	0.562	3.872	0.3845	0.4975	0.026	0.0079	0.0645
(26, 61)	false	3.806	0.3715	0.4413	3.626	0.4147	0.4909	0.18	0.0431	0.0496
(26, 61)	false	3.292	0.4916	0.4397	3.342	0.483	0.4777	-0.05	-0.0086	0.038
(26, 61)	true	4.134	0.2751	0.4231	3.564	0.348	0.438	-0.57	-0.0729	-0.0149
(26, 61)	false	3.716	0.4292	0.4876	4.122	0.3382	0.476	-0.406	-0.0911	-0.0116
(26, 61)	false	3.994	0.3585	0.4793	4.03	0.3632	0.5207	-0.036	0.0046	0.0413
(26, 61)	true	4.402	0.3356	0.519	3.964	0.3748	0.5256	-0.438	-0.0391	-0.0066
(26, 61)	false	3.844	0.3941	0.4744	3.736	0.4129	0.4909	0.108	0.0188	0.0165
(26, 61)	false	3.914	0.3475	0.519	3.566	0.4255	0.5521	0.348	0.0781	0.0331
(3, 61)	true	3.738	0.4044	0.4132	3.542	0.4397	0.438	-0.196	-0.0353	-0.0248
(3, 61)	false	3.846	0.3924	0.562	3.682	0.3979	0.5372	0.164	0.0055	-0.0248
(3, 61)	false	3.806	0.3715	0.4413	3.802	0.3701	0.4777	0.004	-0.0015	0.0364
(3, 61)	false	3.292	0.4916	0.4397	4.092	0.3763	0.4545	-0.8	-0.1153	0.0149
(3, 61)	false	4.134	0.2751	0.4231	3.876	0.3547	0.4231	0.258	0.0796	0
(3, 61)	false	3.716	0.4292	0.4876	4.048	0.3563	0.4793	-0.332	-0.0729	-0.0083
(3, 61)	false	3.994	0.3585	0.4793	3.84	0.3578	0.4975	0.154	-0.0007	0.0182
(3, 61)	false	4.402	0.3356	0.519	4.146	0.3469	0.5306	0.256	0.0113	0.0116
(3, 61)	true	3.844	0.3941	0.4744	3.908	0.3892	0.4727	0.064	0.0049	0.0017
(3, 61)	false	3.914	0.3475	0.519	3.532	0.4224	0.5455	0.382	0.075	0.0264
(28, 35)	true	3.738	0.4044	0.4132	3.886	0.394	0.4281	0.148	0.0104	-0.0149
(28, 35)	false	3.846	0.3924	0.562	3.85	0.3891	0.5521	-0.004	-0.0033	-0.0099
(28, 35)	false	3.806	0.3715	0.4413	3.708	0.3908	0.4694	0.098	0.0193	0.0281
(28, 35)	false	3.292	0.4916	0.4397	4.048	0.3863	0.486	-0.756	-0.1053	0.0463
(28, 35)	false	4.134	0.2751	0.4231	4.118	0.2838	0.4099	0.016	0.0087	-0.0132
(28, 35)	false	3.716	0.4292	0.4876	3.71	0.4335	0.5041	0.006	0.0043	0.0165
(28, 35)	true	3.994	0.3585	0.4793	3.71	0.4169	0.4959	-0.284	-0.0583	-0.0165
(28, 35)	false	4.402	0.3356	0.519	4.188	0.3497	0.5074	0.214	0.0141	-0.0116
(28, 35)	false	3.844	0.3941	0.4744	3.854	0.3852	0.4711	-0.01	-0.0089	-0.0033
(28, 35)	false	3.914	0.3475	0.519	3.738	0.3947	0.5256	0.176	0.0473	0.0066
(1, 59)	false	3.738	0.4044	0.4132	3.644	0.4306	0.4529	0.094	0.0262	0.0397
(1, 59)	false	3.846	0.3924	0.562	3.91	0.3736	0.5488	-0.064	-0.0188	-0.0132
(1, 59)	true	3.806	0.3715	0.4413	3.822	0.3459	0.4413	0.016	0.0257	0
(1, 59)	false	3.292	0.4916	0.4397	3.47	0.4591	0.4231	-0.178	-0.0325	-0.0165
(1, 59)	false	4.134	0.2751	0.4231	3.984	0.3434	0.4512	0.15	0.0683	0.0281
(1, 59)	false	3.716	0.4292	0.4876	3.92	0.3853	0.514	-0.204	-0.0439	0.0264
(1, 59)	false	3.994	0.3585	0.4793	3.85	0.412	0.5455	0.144	0.0535	0.0661
(1, 59)	false	4.402	0.3356	0.519	4.01	0.3793	0.5107	0.392	0.0437	-0.0083
(1, 59)	true	3.844	0.3941	0.4744	4.04	0.3709	0.443	0.196	0.0232	0.0314
(1, 59)	false	3.914	0.3475	0.519	3.782	0.3842	0.486	0.132	0.0367	-0.0331
(5, 13)	false	3.738	0.4044	0.4132	3.858	0.3897	0.4744	-0.12	-0.0147	0.0612
(5, 13)	false	3.846	0.3924	0.562	4.044	0.3514	0.5273	-0.198	-0.041	-0.0347
(5, 13)	false	3.806	0.3715	0.4413	3.78	0.3759	0.4165	0.026	0.0043	-0.0248
(5, 13)	true	3.292	0.4916	0.4397	3.3	0.498	0.4083	0.008	-0.0064	0.0314
(5, 13)	false	4.134	0.2751	0.4231	3.74	0.3558	0.4281	0.394	0.0807	0.005
(5, 13)	false	3.716	0.4292	0.4876	3.218	0.4956	0.524	0.498	0.0664	0.0364
(5, 13)	false	3.994	0.3585	0.4793	3.862	0.3934	0.486	0.132	0.0349	0.0066
(5, 13)	true	4.402	0.3356	0.519	3.878	0.371	0.5405	-0.524	-0.0354	-0.0215
(5, 13)	false	3.844	0.3941	0.4744	3.898	0.4027	0.4612	-0.054	0.0085	-0.0132
(5, 13)	false	3.914	0.3475	0.519	3.782	0.3938	0.4975	0.132	0.0463	-0.0215
(4, 59)	true	3.738	0.4044	0.4132	3.976	0.37	0.4165	0.238	0.0344	-0.0033
(4, 59)	false	3.846	0.3924	0.562	3.866	0.3928	0.5455	-0.02	0.0004	-0.0165
(4, 59)	false	3.806	0.3715	0.4413	3.57	0.4015	0.5008	0.236	0.0299	0.0595
(4, 59)	true	3.292	0.4916	0.4397	3.404	0.468	0.4727	0.112	0.0237	-0.0331
(4, 59)	false	4.134	0.2751	0.4231	3.324	0.4093	0.443	0.81	0.1341	0.0198
(4, 59)	false	3.716	0.4292	0.4876	3.476	0.4394	0.5091	0.24	0.0101	0.0215
(4, 59)	false	3.994	0.3585	0.4793	3.67	0.4078	0.5322	0.324	0.0493	0.0529
(4, 59)	false	4.402	0.3356	0.519	4.244	0.3523	0.486	0.158	0.0166	-0.0331
(4, 59)	false	3.844	0.3941	0.4744	3.728	0.4121	0.5174	0.116	0.018	0.043
(4, 59)	false	3.914	0.3475	0.519	3.006	0.5135	0.5223	0.908	0.166	0.0033
(22, 56)	false	3.738	0.4044	0.4132	3.676	0.3754	0.4661	0.062	-0.029	0.0529
(22, 56)	true	3.846	0.3924	0.562	4.03	0.3791	0.514	0.184	0.0133	0.0479
(22, 56)	false	3.806	0.3715	0.4413	3.782	0.3695	0.4529	0.024	-0.002	0.0116
(22, 56)	false	3.292	0.4916	0.4397	3.75	0.3876	0.4793	-0.458	-0.104	0.0397
(22, 56)	false	4.134	0.2751	0.4231	3.946	0.3309	0.4331	0.188	0.0558	0.0099
(22, 56)	false	3.716	0.4292	0.4876	3.868	0.3561	0.4562	-0.152	-0.0732	-0.0314
(22, 56)	true	3.994	0.3585	0.4793	3.86	0.4176	0.4942	-0.134	-0.0591	-0.0149
(22, 56)	false	4.402	0.3356	0.519	3.788	0.4195	0.514	0.614	0.0839	-0.005
(22, 56)	false	3.844	0.3941	0.4744	4.084	0.3693	0.4711	-0.24	-0.0249	-0.0033
(22, 56)	false	3.914	0.3475	0.519	3.452	0.4595	0.524	0.462	0.112	0.005
(2, 58)	false	3.738	0.4044	0.4132	3.64	0.4037	0.4909	0.098	-0.0007	0.0777
(2, 58)	false	3.846	0.3924	0.562	3.814	0.3918	0.524	0.032	-0.0006	-0.038
(2, 58)	true	3.806	0.3715	0.4413	4.028	0.3334	0.4645	0.222	0.0381	-0.0231
(2, 58)	true	3.292	0.4916	0.4397	3.788	0.3971	0.4545	0.496	0.0945	-0.0149
(2, 58)	false	4.134	0.2751	0.4231	3.862	0.3225	0.4496	0.272	0.0474	0.0264
(2, 58)	true	3.716	0.4292	0.4876	4.096	0.3653	0.4661	0.38	0.0639	0.0215
(2, 58)	false	3.994	0.3585	0.4793	3.74	0.4286	0.5107	0.254	0.07	0.0314
(2, 58)	false	4.402	0.3356	0.519	4.288	0.3862	0.524	0.114	0.0506	0.005
(2, 58)	false	3.844	0.3941	0.4744	3.374	0.4359	0.4744	0.47	0.0418	0
(2, 58)	false	3.914	0.3475	0.519	3.578	0.3848	0.5438	0.336	0.0373	0.0248
(25, 61)	false	3.738	0.4044	0.4132	3.68	0.4	0.481	0.058	-0.0044	0.0678
(25, 61)	false	3.846	0.3924	0.562	4.092	0.3668	0.519	-0.246	-0.0256	-0.043
(25, 61)	false	3.806	0.3715	0.4413	4.086	0.3501	0.4413	-0.28	-0.0215	0
(25, 61)	true	3.292	0.4916	0.4397	3.936	0.3478	0.443	0.644	0.1438	-0.0033
(25, 61)	false	4.134	0.2751	0.4231	3.706	0.3537	0.4248	0.428	0.0786	0.0017
(25, 61)	false	3.716	0.4292	0.4876	3.644	0.4239	0.5322	0.072	-0.0054	0.0446
(25, 61)	false	3.994	0.3585	0.4793	3.746	0.4353	0.5289	0.248	0.0768	0.0496
(25, 61)	false	4.402	0.3356	0.519	3.714	0.3888	0.5256	0.688	0.0532	0.0066
(25, 61)	false	3.844	0.3941	0.4744	3.828	0.3914	0.5273	0.016	-0.0027	0.0529
(25, 61)	false	3.914	0.3475	0.519	3.682	0.398	0.514	0.232	0.0506	-0.005
(1, 22)	false	3.738	0.4044	0.4132	3.556	0.432	0.443	0.182	0.0276	0.0298
(1, 22)	false	3.846	0.3924	0.562	3.57	0.4009	0.5256	0.276	0.0085	-0.0364
(1, 22)	true	3.806	0.3715	0.4413	3.776	0.3856	0.4248	-0.03	-0.014	0.0165
(1, 22)	false	3.292	0.4916	0.4397	3.708	0.4123	0.4496	-0.416	-0.0793	0.0099
(1, 22)	true	4.134	0.2751	0.4231	3.446	0.4001	0.4744	-0.688	-0.125	-0.0512
(1, 22)	true	3.716	0.4292	0.4876	3.952	0.3358	0.4562	0.236	0.0934	0.0314
(1, 22)	false	3.994	0.3585	0.4793	3.576	0.4206	0.5504	0.418	0.062	0.0711
(1, 22)	true	4.402	0.3356	0.519	4.14	0.3682	0.5207	-0.262	-0.0325	-0.0017
(1, 22)	false	3.844	0.3941	0.4744	4.058	0.3548	0.4496	-0.214	-0.0394	-0.0248
(1, 22)	false	3.914	0.3475	0.519	3.278	0.3981	0.5074	0.636	0.0506	-0.0116
(3, 14)	false	3.738	0.4044	0.4132	3.722	0.4249	0.5174	0.016	0.0205	0.1041
(3, 14)	false	3.846	0.3924	0.562	3.996	0.3912	0.4942	-0.15	-0.0011	-0.0678
(3, 14)	false	3.806	0.3715	0.4413	3.724	0.4279	0.4496	0.082	0.0563	0.0083
(3, 14)	true	3.292	0.4916	0.4397	3.604	0.4366	0.4215	0.312	0.055	0.0182
(3, 14)	true	4.134	0.2751	0.4231	3.644	0.3783	0.4198	-0.49	-0.1032	0.0033
(3, 14)	true	3.716	0.4292	0.4876	4.16	0.3196	0.4182	0.444	0.1096	0.0694
(3, 14)	false	3.994	0.3585	0.4793	3.816	0.4117	0.5289	0.178	0.0531	0.0496
(3, 14)	true	4.402	0.3356	0.519	4.144	0.3491	0.5223	-0.258	-0.0134	-0.0033
(3, 14)	true	3.844	0.3941	0.4744	3.862	0.3688	0.4628	0.018	0.0253	0.0116
(3, 14)	false	3.914	0.3475	0.519	3.358	0.4611	0.519	0.556	0.1136	0
(3, 60)	true	3.738	0.4044	0.4132	4.08	0.3406	0.4727	0.342	0.0638	-0.0595
(3, 60)	false	3.846	0.3924	0.562	3.692	0.4089	0.5207	0.154	0.0165	-0.0413
(3, 60)	false	3.806	0.3715	0.4413	3.996	0.3411	0.4893	-0.19	-0.0304	0.0479
(3, 60)	false	3.292	0.4916	0.4397	3.702	0.4166	0.4479	-0.41	-0.075	0.0083
(3, 60)	false	4.134	0.2751	0.4231	4.158	0.3261	0.4744	-0.024	0.051	0.0512
(3, 60)	true	3.716	0.4292	0.4876	3.832	0.3672	0.4413	0.116	0.0621	0.0463
(3, 60)	false	3.994	0.3585	0.4793	3.842	0.3904	0.4975	0.152	0.0318	0.0182
(3, 60)	true	4.402	0.3356	0.519	4.296	0.3635	0.5008	-0.106	-0.0279	0.0182
(3, 60)	false	3.844	0.3941	0.4744	3.746	0.42	0.4843	0.098	0.0259	0.0099
(3, 60)	false	3.914	0.3475	0.519	3.94	0.3866	0.5025	-0.026	0.0391	-0.0165
(28, 36)	false	3.738	0.4044	0.4132	3.764	0.405	0.3934	-0.026	0.0006	-0.0198
(28, 36)	true	3.846	0.3924	0.562	3.46	0.4034	0.5339	-0.386	-0.011	0.0281
(28, 36)	false	3.806	0.3715	0.4413	3.678	0.3866	0.438	0.128	0.015	-0.0033
(28, 36)	false	3.292	0.4916	0.4397	3.356	0.491	0.4182	-0.064	-0.0007	-0.0215
(28, 36)	false	4.134	0.2751	0.4231	3.998	0.3318	0.4397	0.136	0.0567	0.0165
(28, 36)	true	3.716	0.4292	0.4876	3.666	0.3798	0.4347	-0.05	0.0494	0.0529
(28, 36)	false	3.994	0.3585	0.4793	4.05	0.3669	0.4992	-0.056	0.0084	0.0198
(28, 36)	false	4.402	0.3356	0.519	3.842	0.4047	0.4942	0.56	0.069	-0.0248
(28, 36)	false	3.844	0.3941	0.4744	3.974	0.3935	0.4777	-0.13	-0.0007	0.0033
(28, 36)	false	3.914	0.3475	0.519	3.21	0.4828	0.4909	0.704	0.1353	-0.0281
(2, 15)	false	3.738	0.4044	0.4132	3.802	0.3922	0.4397	-0.064	-0.0122	0.0264
(2, 15)	false	3.846	0.3924	0.562	3.93	0.3893	0.5074	-0.084	-0.003	-0.0545
(2, 15)	false	3.806	0.3715	0.4413	3.7	0.4368	0.4959	0.106	0.0653	0.0545
(2, 15)	false	3.292	0.4916	0.4397	3.37	0.4581	0.4529	-0.078	-0.0336	0.0132
(2, 15)	false	4.134	0.2751	0.4231	4.008	0.3087	0.4331	0.126	0.0336	0.0099
(2, 15)	false	3.716	0.4292	0.4876	3.83	0.3525	0.4314	-0.114	-0.0768	-0.0562
(2, 15)	false	3.994	0.3585	0.4793	3.872	0.4014	0.5124	0.122	0.0429	0.0331
(2, 15)	true	4.402	0.3356	0.519	4.108	0.3477	0.5008	-0.294	-0.012	0.0182
(2, 15)	false	3.844	0.3941	0.4744	3.838	0.3966	0.4942	0.006	0.0025	0.0198
(2, 15)	false	3.914	0.3475	0.519	3.824	0.3818	0.4826	0.09	0.0344	-0.0364
(6, 38)	false	3.738	0.4044	0.4132	4.014	0.3967	0.4198	-0.276	-0.0077	0.0066
(6, 38)	false	3.846	0.3924	0.562	3.706	0.415	0.5388	0.14	0.0226	-0.0231
(6, 38)	false	3.806	0.3715	0.4413	3.662	0.3873	0.4744	0.144	0.0158	0.0331
(6, 38)	false	3.292	0.4916	0.4397	3.232	0.5079	0.5025	0.06	0.0162	0.0628
(6, 38)	false	4.134	0.2751	0.4231	4.028	0.4028	0.4446	0.106	0.1277	0.0215
(6, 38)	false	3.716	0.4292	0.4876	3.482	0.4305	0.4959	0.234	0.0013	0.0083
(6, 38)	false	3.994	0.3585	0.4793	3.534	0.4147	0.4711	0.46	0.0562	-0.0083
(6, 38)	false	4.402	0.3356	0.519	3.994	0.3802	0.5289	0.408	0.0446	0.0099
(6, 38)	true	3.844	0.3941	0.4744	3.606	0.4199	0.4711	-0.238	-0.0258	0.0033
(6, 38)	false	3.914	0.3475	0.519	3.324	0.4417	0.5207	0.59	0.0942	0.0017
(3, 40)	false	3.738	0.4044	0.4132	3.688	0.4069	0.4149	0.05	0.0025	0.0017
(3, 40)	false	3.846	0.3924	0.562	3.656	0.4151	0.5421	0.19	0.0227	-0.0198
(3, 40)	false	3.806	0.3715	0.4413	3.694	0.4102	0.4826	0.112	0.0386	0.0413
(3, 40)	false	3.292	0.4916	0.4397	3.412	0.4748	0.5107	-0.12	-0.0168	0.0711
(3, 40)	false	4.134	0.2751	0.4231	3.882	0.2972	0.4512	0.252	0.0221	0.0281
(3, 40)	false	3.716	0.4292	0.4876	3.84	0.3892	0.4959	-0.124	-0.04	0.0083
(3, 40)	true	3.994	0.3585	0.4793	3.8	0.4106	0.4893	-0.194	-0.0521	-0.0099
(3, 40)	true	4.402	0.3356	0.519	3.77	0.4138	0.5124	-0.632	-0.0781	0.0066
(3, 40)	false	3.844	0.3941	0.4744	3.992	0.3617	0.4645	-0.148	-0.0324	-0.0099
(3, 40)	false	3.914	0.3475	0.519	3.61	0.4179	0.4975	0.304	0.0705	-0.0215
(29, 36)	false	3.738	0.4044	0.4132	3.79	0.3856	0.4446	-0.052	-0.0188	0.0314
(29, 36)	false	3.846	0.3924	0.562	3.76	0.3904	0.5355	0.086	-0.002	-0.0264
(29, 36)	true	3.806	0.3715	0.4413	3.952	0.3853	0.4347	0.146	-0.0138	0.0066
(29, 36)	false	3.292	0.4916	0.4397	3.162	0.5163	0.4694	0.13	0.0246	0.0298
(29, 36)	false	4.134	0.2751	0.4231	4.156	0.3051	0.443	-0.022	0.03	0.0198
(29, 36)	false	3.716	0.4292	0.4876	3.522	0.4358	0.4909	0.194	0.0066	0.0033
(29, 36)	false	3.994	0.3585	0.4793	3.874	0.3777	0.5306	0.12	0.0192	0.0512
(29, 36)	false	4.402	0.3356	0.519	4.144	0.3853	0.5207	0.258	0.0496	0.0017
(29, 36)	false	3.844	0.3941	0.4744	4.196	0.3416	0.4645	-0.352	-0.0525	-0.0099
(29, 36)	false	3.914	0.3475	0.519	3.75	0.3608	0.4397	0.164	0.0133	-0.0793
(27, 52)	false	3.738	0.4044	0.4132	3.818	0.3859	0.4562	-0.08	-0.0185	0.043
(27, 52)	false	3.846	0.3924	0.562	3.964	0.3607	0.4942	-0.118	-0.0317	-0.0678
(27, 52)	true	3.806	0.3715	0.4413	4.132	0.3352	0.4512	0.326	0.0363	-0.0099
(27, 52)	true	3.292	0.4916	0.4397	3.716	0.4285	0.4463	0.424	0.0632	-0.0066
(27, 52)	false	4.134	0.2751	0.4231	4.2	0.3187	0.4198	-0.066	0.0436	-0.0033
(27, 52)	true	3.716	0.4292	0.4876	3.318	0.4581	0.4826	-0.398	-0.0288	0.005
(27, 52)	false	3.994	0.3585	0.4793	3.886	0.4166	0.5041	0.108	0.0581	0.0248
(27, 52)	false	4.402	0.3356	0.519	4.086	0.3723	0.481	0.316	0.0366	-0.038
(27, 52)	true	3.844	0.3941	0.4744	3.524	0.4197	0.5058	-0.32	-0.0256	-0.0314
(27, 52)	false	3.914	0.3475	0.519	3.642	0.3841	0.4793	0.272	0.0366	-0.0397
(3, 15)	true	3.738	0.4044	0.4132	3.732	0.4312	0.4116	-0.006	-0.0268	0.0017
(3, 15)	true	3.846	0.3924	0.562	3.66	0.4173	0.5157	-0.186	-0.0249	0.0463
(3, 15)	true	3.806	0.3715	0.4413	3.82	0.3512	0.4331	0.014	0.0204	0.0083
(3, 15)	false	3.292	0.4916	0.4397	3.564	0.4193	0.476	-0.272	-0.0723	0.0364
(3, 15)	true	4.134	0.2751	0.4231	3.794	0.3285	0.4562	-0.34	-0.0534	-0.0331
(3, 15)	false	3.716	0.4292	0.4876	3.872	0.3645	0.4711	-0.156	-0.0648	-0.0165
(3, 15)	false	3.994	0.3585	0.4793	3.594	0.4326	0.514	0.4	0.0741	0.0347
(3, 15)	false	4.402	0.3356	0.519	4.168	0.3569	0.4777	0.234	0.0212	-0.0413
(3, 15)	true	3.844	0.3941	0.4744	4.2	0.3361	0.486	0.356	0.0581	-0.0116
(3, 15)	false	3.914	0.3475	0.519	3.77	0.3589	0.4975	0.144	0.0115	-0.0215
(30, 50)	false	3.738	0.4044	0.4132	3.664	0.4147	0.4529	0.074	0.0103	0.0397
(30, 50)	false	3.846	0.3924	0.562	3.922	0.4057	0.5058	-0.076	0.0133	-0.0562
(30, 50)	false	3.806	0.3715	0.4413	3.302	0.4769	0.5372	0.504	0.1053	0.0959
(30, 50)	true	3.292	0.4916	0.4397	3.636	0.4358	0.4231	0.344	0.0558	0.0165
(30, 50)	true	4.134	0.2751	0.4231	4.268	0.2903	0.4033	0.134	-0.0152	0.0198
(30, 50)	true	3.716	0.4292	0.4876	3.75	0.3937	0.4595	0.034	0.0356	0.0281
(30, 50)	true	3.994	0.3585	0.4793	3.812	0.4103	0.5174	-0.182	-0.0517	-0.038
(30, 50)	false	4.402	0.3356	0.519	4.2	0.33	0.4909	0.202	-0.0056	-0.0281
(30, 50)	true	3.844	0.3941	0.4744	4.06	0.3943	0.4727	0.216	-0.0002	0.0017
(30, 50)	false	3.914	0.3475	0.519	3.676	0.4195	0.4711	0.238	0.0721	-0.0479
(42, 54)	false	3.738	0.4044	0.4132	3.55	0.4388	0.514	0.188	0.0344	0.1008
(42, 54)	true	3.846	0.3924	0.562	3.68	0.4039	0.5207	-0.166	-0.0115	0.0413
(42, 54)	false	3.806	0.3715	0.4413	3.662	0.3731	0.4628	0.144	0.0016	0.0215
(42, 54)	false	3.292	0.4916	0.4397	3.542	0.4365	0.4711	-0.25	-0.0551	0.0314
(42, 54)	true	4.134	0.2751	0.4231	3.818	0.3171	0.3802	-0.316	-0.042	0.043
(42, 54)	false	3.716	0.4292	0.4876	3.574	0.41	0.481	0.142	-0.0193	-0.0066
(42, 54)	false	3.994	0.3585	0.4793	3.766	0.3951	0.5289	0.228	0.0366	0.0496
(42, 54)	true	4.402	0.3356	0.519	4.242	0.3435	0.4579	-0.16	-0.0079	0.0612
(42, 54)	true	3.844	0.3941	0.4744	3.876	0.3307	0.4612	0.032	0.0634	0.0132
(42, 54)	false	3.914	0.3475	0.519	3.858	0.3917	0.4843	0.056	0.0443	-0.0347
(26, 52)	false	3.738	0.4044	0.4132	3.742	0.3959	0.395	-0.004	-0.0085	-0.0182
(26, 52)	false	3.846	0.3924	0.562	3.64	0.4023	0.5521	0.206	0.01	-0.0099
(26, 52)	true	3.806	0.3715	0.4413	3.75	0.3634	0.4314	-0.056	0.0082	0.0099
(26, 52)	false	3.292	0.4916	0.4397	3.424	0.4631	0.481	-0.132	-0.0285	0.0413
(26, 52)	false	4.134	0.2751	0.4231	3.876	0.3575	0.4149	0.258	0.0823	-0.0083
(26, 52)	false	3.716	0.4292	0.4876	4.008	0.4006	0.5008	-0.292	-0.0287	0.0132
(26, 52)	false	3.994	0.3585	0.4793	3.614	0.4061	0.5008	0.38	0.0475	0.0215
(26, 52)	false	4.402	0.3356	0.519	4.018	0.3917	0.5388	0.384	0.056	0.0198
(26, 52)	false	3.844	0.3941	0.4744	3.672	0.3974	0.5091	0.172	0.0033	0.0347
(26, 52)	false	3.914	0.3475	0.519	3.516	0.404	0.5157	0.398	0.0565	-0.0033
(23, 55)	false	3.738	0.4044	0.4132	3.884	0.3944	0.4496	-0.146	-0.01	0.0364
(23, 55)	false	3.846	0.3924	0.562	3.602	0.4541	0.5306	0.244	0.0617	-0.0314
(23, 55)	false	3.806	0.3715	0.4413	3.888	0.3657	0.4298	-0.082	-0.0058	-0.0116
(23, 55)	false	3.292	0.4916	0.4397	3.688	0.4099	0.4694	-0.396	-0.0817	0.0298
(23, 55)	false	4.134	0.2751	0.4231	3.882	0.3368	0.4198	0.252	0.0617	-0.0033
(23, 55)	true	3.716	0.4292	0.4876	3.854	0.3816	0.4727	0.138	0.0476	0.0149
(23, 55)	true	3.994	0.3585	0.4793	3.93	0.388	0.5074	-0.064	-0.0294	-0.0281
(23, 55)	false	4.402	0.3356	0.519	3.764	0.4244	0.5653	0.638	0.0888	0.0463
(23, 55)	false	3.844	0.3941	0.4744	3.83	0.3987	0.4711	0.014	0.0046	-0.0033
(23, 55)	false	3.914	0.3475	0.519	3.46	0.423	0.5074	0.454	0.0755	-0.0116
(29, 35)	false	3.738	0.4044	0.4132	3.7	0.4039	0.4645	0.038	-0.0005	0.0512
(29, 35)	false	3.846	0.3924	0.562	3.726	0.3915	0.5289	0.12	-0.0008	-0.0331
(29, 35)	false	3.806	0.3715	0.4413	3.496	0.4285	0.481	0.31	0.0569	0.0397
(29, 35)	false	3.292	0.4916	0.4397	3.692	0.4399	0.4595	-0.4	-0.0518	0.0198
(29, 35)	false	4.134	0.2751	0.4231	3.74	0.3532	0.438	0.394	0.0781	0.0149
(29, 35)	false	3.716	0.4292	0.4876	3.93	0.3981	0.4975	-0.214	-0.0312	0.0099
(29, 35)	true	3.994	0.3585	0.4793	3.978	0.4012	0.514	-0.016	-0.0426	-0.0347
(29, 35)	true	4.402	0.3356	0.519	4.122	0.3624	0.4909	-0.28	-0.0268	0.0281
(29, 35)	false	3.844	0.3941	0.4744	3.97	0.3627	0.4876	-0.126	-0.0314	0.0132
(29, 35)	false	3.914	0.3475	0.519	3.47	0.4302	0.4942	0.444	0.0827	-0.0248
(24, 43)	false	3.738	0.4044	0.4132	4.112	0.32	0.476	-0.374	-0.0844	0.0628
(24, 43)	false	3.846	0.3924	0.562	4.21	0.3323	0.519	-0.364	-0.0601	-0.043
(24, 43)	false	3.806	0.3715	0.4413	3.684	0.4203	0.4893	0.122	0.0487	0.0479
(24, 43)	true	3.292	0.4916	0.4397	3.47	0.489	0.4529	0.178	0.0026	-0.0132
(24, 43)	false	4.134	0.2751	0.4231	3.734	0.3628	0.4562	0.4	0.0877	0.0331
(24, 43)	false	3.716	0.4292	0.4876	4.046	0.3177	0.4479	-0.33	-0.1116	-0.0397
(24, 43)	false	3.994	0.3585	0.4793	3.828	0.3967	0.5008	0.166	0.0382	0.0215
(24, 43)	true	4.402	0.3356	0.519	4.004	0.3732	0.4479	-0.398	-0.0376	0.0711
(24, 43)	true	3.844	0.3941	0.4744	3.94	0.4013	0.4463	0.096	-0.0071	0.0281
(24, 43)	false	3.914	0.3475	0.519	3.862	0.3591	0.4545	0.052	0.0116	-0.0645
(7, 38)	false	3.738	0.4044	0.4132	3.754	0.407	0.5025	-0.016	0.0026	0.0893
(7, 38)	false	3.846	0.3924	0.562	3.392	0.4436	0.5273	0.454	0.0512	-0.0347
(7, 38)	true	3.806	0.3715	0.4413	3.928	0.3725	0.438	0.122	-0.0009	0.0033
(7, 38)	true	3.292	0.4916	0.4397	3.274	0.4942	0.5107	-0.018	-0.0025	-0.0711
(7, 38)	false	4.134	0.2751	0.4231	3.806	0.3818	0.443	0.328	0.1067	0.0198
(7, 38)	true	3.716	0.4292	0.4876	3.694	0.3898	0.4678	-0.022	0.0394	0.0198
(7, 38)	true	3.994	0.3585	0.4793	3.482	0.4069	0.4727	-0.512	-0.0484	0.0066
(7, 38)	true	4.402	0.3356	0.519	4.352	0.366	0.481	-0.05	-0.0304	0.038
(7, 38)	false	3.844	0.3941	0.4744	3.762	0.4041	0.5124	0.082	0.01	0.038
(7, 38)	false	3.914	0.3475	0.519	3.656	0.4002	0.4298	0.258	0.0528	-0.0893
(39, 61)	false	3.738	0.4044	0.4132	3.912	0.3943	0.4612	-0.174	-0.0101	0.0479
(39, 61)	true	3.846	0.3924	0.562	4.162	0.3451	0.4893	0.316	0.0473	0.0727
(39, 61)	false	3.806	0.3715	0.4413	3.98	0.3369	0.4942	-0.174	-0.0346	0.0529
(39, 61)	false	3.292	0.4916	0.4397	3.662	0.4301	0.5223	-0.37	-0.0615	0.0826
(39, 61)	false	4.134	0.2751	0.4231	3.77	0.3643	0.4314	0.364	0.0892	0.0083
(39, 61)	false	3.716	0.4292	0.4876	3.68	0.4021	0.5041	0.036	-0.0272	0.0165
(39, 61)	true	3.994	0.3585	0.4793	3.88	0.3879	0.5074	-0.114	-0.0293	-0.0281
(39, 61)	true	4.402	0.3356	0.519	3.66	0.4091	0.4926	-0.742	-0.0735	0.0264
(39, 61)	false	3.844	0.3941	0.4744	3.72	0.4	0.4959	0.124	0.0058	0.0215
(39, 61)	false	3.914	0.3475	0.519	3.64	0.4146	0.5223	0.274	0.0671	0.0033
(3, 24)	false	3.738	0.4044	0.4132	3.698	0.4251	0.4496	0.04	0.0207	0.0364
(3, 24)	false	3.846	0.3924	0.562	3.692	0.429	0.5488	0.154	0.0366	-0.0132
(3, 24)	false	3.806	0.3715	0.4413	3.75	0.3477	0.4512	0.056	-0.0238	0.0099
(3, 24)	true	3.292	0.4916	0.4397	3.59	0.4277	0.4579	0.298	0.0639	-0.0182
(3, 24)	true	4.134	0.2751	0.4231	3.674	0.3456	0.4281	-0.46	-0.0705	-0.005
(3, 24)	false	3.716	0.4292	0.4876	3.5	0.4218	0.4744	0.216	-0.0075	-0.0132
(3, 24)	false	3.994	0.3585	0.4793	3.85	0.4133	0.5273	0.144	0.0548	0.0479
(3, 24)	true	4.402	0.3356	0.519	3.96	0.3851	0.5058	-0.442	-0.0495	0.0132
(3, 24)	false	3.844	0.3941	0.4744	3.946	0.3781	0.4777	-0.102	-0.016	0.0033
(3, 24)	false	3.914	0.3475	0.519	3.562	0.4125	0.4893	0.352	0.065	-0.0298
(5, 15)	false	3.738	0.4044	0.4132	3.332	0.4779	0.4628	0.406	0.0735	0.0496
(5, 15)	true	3.846	0.3924	0.562	3.794	0.3931	0.5174	-0.052	-0.0007	0.0446
(5, 15)	true	3.806	0.3715	0.4413	3.556	0.4197	0.4628	-0.25	-0.0482	-0.0215
(5, 15)	true	3.292	0.4916	0.4397	3.806	0.4013	0.4281	0.514	0.0904	0.0116
(5, 15)	false	4.134	0.2751	0.4231	4.12	0.3154	0.4215	0.014	0.0403	-0.0017
(5, 15)	false	3.716	0.4292	0.4876	3.636	0.3968	0.4876	0.08	-0.0325	0
(5, 15)	false	3.994	0.3585	0.4793	3.884	0.3942	0.4727	0.11	0.0356	-0.0066
(5, 15)	true	4.402	0.3356	0.519	4.096	0.367	0.4727	-0.306	-0.0314	0.0463
(5, 15)	false	3.844	0.3941	0.4744	3.778	0.4079	0.481	0.066	0.0137	0.0066
(5, 15)	false	3.914	0.3475	0.519	3.548	0.4024	0.4909	0.366	0.0549	-0.0281
(26, 54)	false	3.738	0.4044	0.4132	3.694	0.418	0.4612	0.044	0.0136	0.0479
(26, 54)	true	3.846	0.3924	0.562	3.652	0.3879	0.519	-0.194	0.0045	0.043
(26, 54)	true	3.806	0.3715	0.4413	3.916	0.345	0.4298	0.11	0.0266	0.0116
(26, 54)	false	3.292	0.4916	0.4397	4.132	0.3255	0.4612	-0.84	-0.1661	0.0215
(26, 54)	false	4.134	0.2751	0.4231	4.13	0.3165	0.3934	0.004	0.0414	-0.0298
(26, 54)	true	3.716	0.4292	0.4876	4.11	0.3605	0.481	0.394	0.0688	0.0066
(26, 54)	true	3.994	0.3585	0.4793	3.656	0.4165	0.5455	-0.338	-0.0579	-0.0661
(26, 54)	false	4.402	0.3356	0.519	4.086	0.3656	0.5256	0.316	0.0299	0.0066
(26, 54)	false	3.844	0.3941	0.4744	4.004	0.3916	0.4975	-0.16	-0.0025	0.0231
(26, 54)	false	3.914	0.3475	0.519	3.95	0.393	0.4628	-0.036	0.0455	-0.0562
(5, 12)	false	3.738	0.4044	0.4132	3.586	0.4252	0.4628	0.152	0.0208	0.0496
(5, 12)	true	3.846	0.3924	0.562	3.748	0.4227	0.5207	-0.098	-0.0303	0.0413
(5, 12)	false	3.806	0.3715	0.4413	3.874	0.3967	0.4661	-0.068	0.0252	0.0248
(5, 12)	false	3.292	0.4916	0.4397	3.634	0.4571	0.438	-0.342	-0.0345	-0.0017
(5, 12)	true	4.134	0.2751	0.4231	4.206	0.2961	0.4099	0.072	-0.021	0.0132
(5, 12)	true	3.716	0.4292	0.4876	3.968	0.3701	0.4248	0.252	0.0592	0.0628
(5, 12)	false	3.994	0.3585	0.4793	3.69	0.4346	0.5851	0.304	0.0761	0.1058
(5, 12)	false	4.402	0.3356	0.519	3.676	0.4098	0.5835	0.726	0.0742	0.0645
(5, 12)	true	3.844	0.3941	0.4744	3.824	0.3856	0.4595	-0.02	0.0086	0.0149
(5, 12)	false	3.914	0.3475	0.519	3.588	0.4278	0.4694	0.326	0.0803	-0.0496
(17, 23)	true	3.738	0.4044	0.4132	3.676	0.4205	0.4612	-0.062	-0.0161	-0.0479
(17, 23)	false	3.846	0.3924	0.562	3.858	0.3866	0.5537	-0.012	-0.0058	-0.0083
(17, 23)	false	3.806	0.3715	0.4413	3.666	0.4236	0.4463	0.14	0.052	0.005
(17, 23)	false	3.292	0.4916	0.4397	3.682	0.4307	0.4678	-0.39	-0.061	0.0281
(17, 23)	true	4.134	0.2751	0.4231	4.028	0.3177	0.438	-0.106	-0.0426	-0.0149
(17, 23)	false	3.716	0.4292	0.4876	3.51	0.4328	0.5091	0.206	0.0036	0.0215
(17, 23)	false	3.994	0.3585	0.4793	3.634	0.4405	0.5372	0.36	0.0819	0.0579
(17, 23)	false	4.402	0.3356	0.519	4.032	0.3808	0.5488	0.37	0.0451	0.0298
(17, 23)	false	3.844	0.3941	0.4744	4.154	0.3491	0.4545	-0.31	-0.045	-0.0198
(17, 23)	false	3.914	0.3475	0.519	3.398	0.4576	0.5207	0.516	0.1101	0.0017