(44, 50)	true	4.246	0.3311	0.4298	3.986	0.3675	0.4479	-0.26	-0.0364	-0.0182
(44, 50)	false	3.676	0.3946	0.3967	3.646	0.4261	0.357	0.03	0.0315	-0.0397
(44, 50)	false	3.496	0.4618	0.4661	3.512	0.4508	0.4975	-0.016	-0.0111	0.0314
(44, 50)	true	4.174	0.3562	0.4149	3.904	0.3741	0.4529	-0.27	-0.0179	-0.038
(44, 50)	false	3.318	0.4484	0.4975	3.562	0.4366	0.4926	-0.244	-0.0118	-0.005
(44, 50)	false	3.128	0.4805	0.4992	3.754	0.4171	0.5124	-0.626	-0.0634	0.0132
(44, 50)	false	3.628	0.4315	0.443	3.454	0.4423	0.4678	0.174	0.0108	0.0248
(44, 50)	false	3.434	0.4472	0.4645	3.456	0.4448	0.4595	-0.022	-0.0024	-0.005
(44, 50)	false	3.12	0.4983	0.4645	2.836	0.543	0.514	0.284	0.0446	0.0496
(44, 50)	true	4.2	0.3412	0.4628	3.914	0.3982	0.4347	-0.286	-0.0569	0.0281
(2, 13)	true	4.246	0.3311	0.4298	3.414	0.4656	0.4496	-0.832	-0.1345	-0.0198
(2, 13)	false	3.676	0.3946	0.3967	4.292	0.3055	0.3769	-0.616	-0.0891	-0.0198
(2, 13)	false	3.496	0.4618	0.4661	3.318	0.4523	0.4992	0.178	-0.0095	0.0331
(2, 13)	true	4.174	0.3562	0.4149	4.142	0.3212	0.4116	-0.032	0.0349	0.0033
(2, 13)	true	3.318	0.4484	0.4975	3.416	0.4387	0.4926	0.098	0.0097	0.005
(2, 13)	true	3.128	0.4805	0.4992	3.288	0.4822	0.4727	0.16	-0.0017	0.0264
(2, 13)	false	3.628	0.4315	0.443	3.324	0.4608	0.4777	0.304	0.0293	0.0347
(2, 13)	false	3.434	0.4472	0.4645	3.622	0.3892	0.4298	-0.188	-0.058	-0.0347
(2, 13)	true	3.12	0.4983	0.4645	3.21	0.4881	0.4727	0.09	0.0102	-0.0083
(2, 13)	true	4.2	0.3412	0.4628	3.87	0.3855	0.486	-0.33	-0.0442	-0.0231
(28, 49)	false	4.246	0.3311	0.4298	3.526	0.4438	0.481	0.72	0.1127	0.0512
(28, 49)	false	3.676	0.3946	0.3967	3.586	0.4543	0.405	0.09	0.0597	0.0083
(28, 49)	false	3.496	0.4618	0.4661	3.638	0.4108	0.4992	-0.142	-0.051	0.0331
(28, 49)	false	4.174	0.3562	0.4149	3.898	0.3852	0.4314	0.276	0.0291	0.0165
(28, 49)	true	3.318	0.4484	0.4975	3.326	0.4583	0.5074	0.008	-0.0099	-0.0099
(28, 49)	true	3.128	0.4805	0.4992	3.378	0.4526	0.5025	0.25	0.0278	-0.0033
(28, 49)	false	3.628	0.4315	0.443	3.258	0.464	0.4793	0.37	0.0325	0.0364
(28, 49)	false	3.434	0.4472	0.4645	3.286	0.4556	0.4843	0.148	0.0084	0.0198
(28, 49)	true	3.12	0.4983	0.4645	3.488	0.4582	0.4843	0.368	0.0401	-0.0198
(28, 49)	true	4.2	0.3412	0.4628	3.99	0.3826	0.4463	-0.21	-0.0413	0.0165
(3, 60)	false	4.246	0.3311	0.4298	3.266	0.4689	0.4777	0.98	0.1378	0.0479
(3, 60)	false	3.676	0.3946	0.3967	4.164	0.3128	0.3355	-0.488	-0.0819	-0.0612
(3, 60)	true	3.496	0.4618	0.4661	3.466	0.4449	0.4793	-0.03	0.0169	-0.0132
(3, 60)	false	4.174	0.3562	0.4149	3.884	0.3857	0.4397	0.29	0.0296	0.0248
(3, 60)	false	3.318	0.4484	0.4975	3.872	0.3839	0.5157	-0.554	-0.0645	0.0182
(3, 60)	false	3.128	0.4805	0.4992	3.804	0.3944	0.514	-0.676	-0.0861	0.0149
(3, 60)	false	3.628	0.4315	0.443	3.504	0.4678	0.4645	0.124	0.0363	0.0215
(3, 60)	false	3.434	0.4472	0.4645	3.404	0.4567	0.4661	0.03	0.0095	0.0017
(3, 60)	false	3.12	0.4983	0.4645	3.018	0.5432	0.4694	0.102	0.0449	0.005
(3, 60)	true	4.2	0.3412	0.4628	3.678	0.3847	0.4612	-0.522	-0.0434	0.0017
(22, 39)	false	4.246	0.3311	0.4298	2.862	0.54	0.4893	1.384	0.2089	0.0595
(22, 39)	true	3.676	0.3946	0.3967	4.106	0.3421	0.3174	0.43	0.0525	0.0793
(22, 39)	true	3.496	0.4618	0.4661	3.61	0.4418	0.5025	0.114	0.02	-0.0364
(22, 39)	false	4.174	0.3562	0.4149	4.108	0.352	0.4017	0.066	-0.0042	-0.0132
(22, 39)	true	3.318	0.4484	0.4975	3.348	0.4528	0.5174	0.03	-0.0044	-0.0198
(22, 39)	true	3.128	0.4805	0.4992	3.352	0.4498	0.5074	0.224	0.0307	-0.0083
(22, 39)	false	3.628	0.4315	0.443	3.924	0.3402	0.4595	-0.296	-0.0913	0.0165
(22, 39)	false	3.434	0.4472	0.4645	3.55	0.4152	0.4793	-0.116	-0.0319	0.0149
(22, 39)	false	3.12	0.4983	0.4645	3.03	0.503	0.4843	0.09	0.0046	0.0198
(22, 39)	true	4.2	0.3412	0.4628	4.114	0.353	0.4397	-0.086	-0.0117	0.0231
(4, 10)	true	4.246	0.3311	0.4298	3.444	0.4307	0.4562	-0.802	-0.0996	-0.0264
(4, 10)	true	3.676	0.3946	0.3967	3.792	0.373	0.3256	0.116	0.0216	0.0711
(4, 10)	true	3.496	0.4618	0.4661	3.584	0.4193	0.4793	0.088	0.0425	-0.0132
(4, 10)	false	4.174	0.3562	0.4149	4.08	0.346	0.3719	0.094	-0.0102	-0.043
(4, 10)	false	3.318	0.4484	0.4975	3.492	0.4417	0.4975	-0.174	-0.0067	0
(4, 10)	false	3.128	0.4805	0.4992	3.466	0.4364	0.5008	-0.338	-0.0441	0.0017
(4, 10)	false	3.628	0.4315	0.443	3.566	0.4488	0.4562	0.062	0.0173	0.0132
(4, 10)	false	3.434	0.4472	0.4645	3.7	0.4081	0.4678	-0.266	-0.0391	0.0033
(4, 10)	false	3.12	0.4983	0.4645	3.456	0.4467	0.4694	-0.336	-0.0516	0.005
(4, 10)	true	4.2	0.3412	0.4628	3.574	0.4179	0.4248	-0.626	-0.0766	0.038
(4, 60)	false	4.246	0.3311	0.4298	3.644	0.4304	0.4992	0.602	0.0994	0.0694
(4, 60)	false	3.676	0.3946	0.3967	4.128	0.3401	0.3702	-0.452	-0.0546	-0.0264
(4, 60)	false	3.496	0.4618	0.4661	3.492	0.4547	0.4711	0.004	-0.0071	0.005
(4, 60)	false	4.174	0.3562	0.4149	3.922	0.3509	0.405	0.252	-0.0053	-0.0099
(4, 60)	true	3.318	0.4484	0.4975	3.062	0.5239	0.5306	-0.256	-0.0755	-0.0331
(4, 60)	true	3.128	0.4805	0.4992	3.106	0.5294	0.5355	-0.022	-0.0489	-0.0364
(4, 60)	false	3.628	0.4315	0.443	3.804	0.3969	0.4645	-0.176	-0.0346	0.0215
(4, 60)	true	3.434	0.4472	0.4645	3.56	0.4209	0.4826	0.126	0.0263	-0.0182
(4, 60)	false	3.12	0.4983	0.4645	3.344	0.4536	0.4744	-0.224	-0.0448	0.0099
(4, 60)	true	4.2	0.3412	0.4628	4.18	0.3349	0.4364	-0.02	0.0063	0.0264
(26, 32)	false	4.246	0.3311	0.4298	3.666	0.4134	0.4579	0.58	0.0823	0.0281
(26, 32)	false	3.676	0.3946	0.3967	3.866	0.3824	0.3752	-0.19	-0.0122	-0.0215
(26, 32)	false	3.496	0.4618	0.4661	3.576	0.4332	0.476	-0.08	-0.0286	0.0099
(26, 32)	false	4.174	0.3562	0.4149	3.866	0.3832	0.4479	0.308	0.027	0.0331
(26, 32)	false	3.318	0.4484	0.4975	3.692	0.4148	0.4826	-0.374	-0.0336	-0.0149
(26, 32)	false	3.128	0.4805	0.4992	3.804	0.404	0.4793	-0.676	-0.0765	-0.0198
(26, 32)	true	3.628	0.4315	0.443	3.758	0.4056	0.4331	0.13	0.0258	0.0099
(26, 32)	true	3.434	0.4472	0.4645	3.454	0.4306	0.4579	0.02	0.0166	0.0066
(26, 32)	false	3.12	0.4983	0.4645	2.856	0.5478	0.5091	0.264	0.0495	0.0446
(26, 32)	true	4.2	0.3412	0.4628	3.958	0.3806	0.4182	-0.242	-0.0393	0.0446
(20, 53)	true	4.246	0.3311	0.4298	3.676	0.3921	0.443	-0.57	-0.061	-0.0132
(20, 53)	false	3.676	0.3946	0.3967	3.854	0.3753	0.3306	-0.178	-0.0193	-0.0661
(20, 53)	false	3.496	0.4618	0.4661	3.298	0.4418	0.4545	0.198	-0.02	-0.0116
(20, 53)	false	4.174	0.3562	0.4149	3.884	0.3987	0.4397	0.29	0.0425	0.0248
(20, 53)	false	3.318	0.4484	0.4975	3.532	0.4539	0.5025	-0.214	0.0055	0.005
(20, 53)	false	3.128	0.4805	0.4992	3.362	0.482	0.5223	-0.234	0.0015	0.0231
(20, 53)	false	3.628	0.4315	0.443	3.17	0.4881	0.5008	0.458	0.0566	0.0579
(20, 53)	false	3.434	0.4472	0.4645	3.444	0.4417	0.4826	-0.01	-0.0055	0.0182
(20, 53)	false	3.12	0.4983	0.4645	3.19	0.4576	0.476	-0.07	-0.0407	0.0116
(20, 53)	true	4.2	0.3412	0.4628	3.536	0.4254	0.4463	-0.664	-0.0842	0.0165
(25, 51)	false	4.246	0.3311	0.4298	3.664	0.427	0.4612	0.582	0.0959	0.0314
(25, 51)	false	3.676	0.3946	0.3967	3.956	0.3668	0.405	-0.28	-0.0278	0.0083
(25, 51)	false	3.496	0.4618	0.4661	3.406	0.4711	0.4926	0.09	0.0093	0.0264
(25, 51)	false	4.174	0.3562	0.4149	4.062	0.3787	0.4909	0.112	0.0226	0.076
(25, 51)	false	3.318	0.4484	0.4975	3.5	0.4661	0.4727	-0.182	0.0177	-0.0248
(25, 51)	false	3.128	0.4805	0.4992	3.412	0.4875	0.4909	-0.284	0.0071	-0.0083
(25, 51)	true	3.628	0.4315	0.443	3.752	0.3808	0.4661	0.124	0.0507	-0.0231
(25, 51)	false	3.434	0.4472	0.4645	3.502	0.4098	0.4694	-0.068	-0.0374	0.005
(25, 51)	false	3.12	0.4983	0.4645	3.096	0.4968	0.4612	0.024	-0.0016	-0.0033
(25, 51)	true	4.2	0.3412	0.4628	3.522	0.4223	0.443	-0.678	-0.0811	0.0198
(24, 50)	false	4.246	0.3311	0.4298	3.39	0.4507	0.4826	0.856	0.1197	0.0529
(24, 50)	true	3.676	0.3946	0.3967	3.888	0.3678	0.3736	0.212	0.0268	0.0231
(24, 50)	true	3.496	0.4618	0.4661	3.596	0.4501	0.4496	0.1	0.0117	0.0165
(24, 50)	true	4.174	0.3562	0.4149	4.02	0.3521	0.4033	-0.154	0.004	0.0116
(24, 50)	false	3.318	0.4484	0.4975	3.378	0.4669	0.4975	-0.06	0.0185	0
(24, 50)	false	3.128	0.4805	0.4992	3.294	0.4759	0.5107	-0.166	-0.0045	0.0116
(24, 50)	false	3.628	0.4315	0.443	3.592	0.4276	0.4694	0.036	-0.0038	0.0264
(24, 50)	true	3.434	0.4472	0.4645	3.402	0.4541	0.4529	-0.032	-0.007	0.0116
(24, 50)	true	3.12	0.4983	0.4645	3.19	0.4877	0.4959	0.07	0.0106	-0.0314
(24, 50)	true	4.2	0.3412	0.4628	4.19	0.3063	0.4744	-0.01	0.0349	-0.0116
(21, 55)	false	4.246	0.3311	0.4298	3.842	0.389	0.4397	0.404	0.0579	0.0099
(21, 55)	false	3.676	0.3946	0.3967	3.914	0.3642	0.362	-0.238	-0.0305	-0.0347
(21, 55)	false	3.496	0.4618	0.4661	3.722	0.4151	0.4645	-0.226	-0.0467	-0.0017
(21, 55)	false	4.174	0.3562	0.4149	4.25	0.3262	0.4116	-0.076	-0.0299	-0.0033
(21, 55)	false	3.318	0.4484	0.4975	3.512	0.4327	0.4579	-0.194	-0.0157	-0.0397
(21, 55)	false	3.128	0.4805	0.4992	3.358	0.4661	0.4562	-0.23	-0.0144	-0.043
(21, 55)	false	3.628	0.4315	0.443	3.402	0.4394	0.4843	0.226	0.008	0.0413
(21, 55)	false	3.434	0.4472	0.4645	3.396	0.4498	0.4595	0.038	0.0026	-0.005
(21, 55)	false	3.12	0.4983	0.4645	2.936	0.5318	0.4628	0.184	0.0335	-0.0017
(21, 55)	true	4.2	0.3412	0.4628	3.694	0.4143	0.4661	-0.506	-0.0731	-0.0033
(26, 33)	true	4.246	0.3311	0.4298	3.344	0.4578	0.4446	-0.902	-0.1267	-0.0149
(26, 33)	false	3.676	0.3946	0.3967	4.118	0.3499	0.3587	-0.442	-0.0447	-0.038
(26, 33)	false	3.496	0.4618	0.4661	3.62	0.4372	0.5041	-0.124	-0.0246	0.038
(26, 33)	false	4.174	0.3562	0.4149	3.904	0.3835	0.4579	0.27	0.0274	0.043
(26, 33)	false	3.318	0.4484	0.4975	3.532	0.4338	0.4909	-0.214	-0.0145	-0.0066
(26, 33)	false	3.128	0.4805	0.4992	3.814	0.4228	0.5223	-0.686	-0.0577	0.0231
(26, 33)	false	3.628	0.4315	0.443	3.14	0.4883	0.4595	0.488	0.0568	0.0165
(26, 33)	false	3.434	0.4472	0.4645	3.262	0.4709	0.4612	0.172	0.0237	-0.0033
(26, 33)	true	3.12	0.4983	0.4645	3.702	0.3679	0.438	0.582	0.1305	0.0264
(26, 33)	true	4.2	0.3412	0.4628	3.504	0.4473	0.4711	-0.696	-0.1061	-0.0083
(4, 11)	false	4.246	0.3311	0.4298	3.746	0.3949	0.4413	0.5	0.0639	0.0116
(4, 11)	false	3.676	0.3946	0.3967	4.106	0.3558	0.3719	-0.43	-0.0389	-0.0248
(4, 11)	false	3.496	0.4618	0.4661	3.712	0.4231	0.438	-0.216	-0.0387	-0.0281
(4, 11)	true	4.174	0.3562	0.4149	4.006	0.361	0.3686	-0.168	-0.0048	0.0463
(4, 11)	true	3.318	0.4484	0.4975	3.36	0.453	0.5074	0.042	-0.0046	-0.0099
(4, 11)	true	3.128	0.4805	0.4992	3.478	0.4434	0.5041	0.35	0.0371	-0.005
(4, 11)	false	3.628	0.4315	0.443	3.596	0.4237	0.4562	0.032	-0.0078	0.0132
(4, 11)	false	3.434	0.4472	0.4645	3.524	0.4168	0.4843	-0.09	-0.0303	0.0198
(4, 11)	false	3.12	0.4983	0.4645	3.814	0.3715	0.4331	-0.694	-0.1268	-0.0314
(4, 11)	true	4.2	0.3412	0.4628	3.604	0.3794	0.4579	-0.596	-0.0382	0.005
(1, 14)	true	4.246	0.3311	0.4298	3.926	0.3786	0.4099	-0.32	-0.0475	0.0198
(1, 14)	false	3.676	0.3946	0.3967	3.888	0.3798	0.4215	-0.212	-0.0148	0.0248
(1, 14)	true	3.496	0.4618	0.4661	3.434	0.4954	0.481	-0.062	-0.0336	-0.0149
(1, 14)	false	4.174	0.3562	0.4149	3.766	0.4212	0.4777	0.408	0.065	0.0628
(1, 14)	false	3.318	0.4484	0.4975	3.538	0.4439	0.519	-0.22	-0.0044	0.0215
(1, 14)	false	3.128	0.4805	0.4992	3.414	0.4423	0.5107	-0.286	-0.0382	0.0116
(1, 14)	false	3.628	0.4315	0.443	3.546	0.4408	0.4661	0.082	0.0093	0.0231
(1, 14)	true	3.434	0.4472	0.4645	3.718	0.396	0.438	0.284	0.0512	0.0264
(1, 14)	false	3.12	0.4983	0.4645	3.206	0.4833	0.4612	-0.086	-0.015	-0.0033
(1, 14)	true	4.2	0.3412	0.4628	3.618	0.4331	0.4661	-0.582	-0.0918	-0.0033
(54, 60)	true	4.246	0.3311	0.4298	3.592	0.4182	0.4496	-0.654	-0.0871	-0.0198
(54, 60)	false	3.676	0.3946	0.3967	4.076	0.3422	0.3636	-0.4	-0.0524	-0.0331
(54, 60)	false	3.496	0.4618	0.4661	3.68	0.448	0.4628	-0.184	-0.0138	-0.0033
(54, 60)	false	4.174	0.3562	0.4149	3.886	0.3955	0.4264	0.288	0.0393	0.0116
(54, 60)	false	3.318	0.4484	0.4975	3.19	0.4921	0.5421	0.128	0.0437	0.0446
(54, 60)	false	3.128	0.4805	0.4992	3.256	0.4937	0.5438	-0.128	0.0133	0.0446
(54, 60)	false	3.628	0.4315	0.443	3.526	0.4457	0.476	0.102	0.0142	0.0331
(54, 60)	false	3.434	0.4472	0.4645	3.512	0.4101	0.4694	-0.078	-0.0371	0.005
(54, 60)	true	3.12	0.4983	0.4645	3.01	0.5062	0.4843	-0.11	-0.0079	-0.0198
(54, 60)	true	4.2	0.3412	0.4628	4.044	0.3599	0.4397	-0.156	-0.0187	0.0231
(25, 33)	false	4.246	0.3311	0.4298	2.926	0.5188	0.5074	1.32	0.1877	0.0777
(25, 33)	true	3.676	0.3946	0.3967	4.028	0.3215	0.3421	0.352	0.0732	0.0545
(25, 33)	true	3.496	0.4618	0.4661	3.428	0.457	0.5124	-0.068	0.0048	-0.0463
(25, 33)	false	4.174	0.3562	0.4149	3.92	0.379	0.4413	0.254	0.0229	0.0264
(25, 33)	false	3.318	0.4484	0.4975	3.654	0.4026	0.5273	-0.336	-0.0458	0.0298
(25, 33)	false	3.128	0.4805	0.4992	3.776	0.4008	0.5174	-0.648	-0.0797	0.0182
(25, 33)	false	3.628	0.4315	0.443	3.398	0.4736	0.443	0.23	0.0421	0
(25, 33)	false	3.434	0.4472	0.4645	3.484	0.3926	0.4347	-0.05	-0.0545	-0.0298
(25, 33)	false	3.12	0.4983	0.4645	2.886	0.53	0.5058	0.234	0.0317	0.0413
(25, 33)	true	4.2	0.3412	0.4628	4.064	0.3488	0.4777	-0.136	-0.0076	-0.0149
(3, 59)	false	4.246	0.3311	0.4298	3.154	0.4808	0.4694	1.092	0.1497	0.0397
(3, 59)	true	3.676	0.3946	0.3967	3.744	0.396	0.3537	0.068	-0.0014	0.043
(3, 59)	true	3.496	0.4618	0.4661	3.516	0.4437	0.4694	0.02	0.0181	-0.0033
(3, 59)	true	4.174	0.3562	0.4149	4.194	0.3513	0.4132	0.02	0.0049	0.0017
(3, 59)	false	3.318	0.4484	0.4975	3.608	0.435	0.4744	-0.29	-0.0134	-0.0231
(3, 59)	false	3.128	0.4805	0.4992	3.304	0.4858	0.5041	-0.176	0.0053	0.005
(3, 59)	true	3.628	0.4315	0.443	3.768	0.3982	0.4562	0.14	0.0333	-0.0132
(3, 59)	false	3.434	0.4472	0.4645	3.35	0.4298	0.4231	0.084	-0.0173	-0.0413
(3, 59)	true	3.12	0.4983	0.4645	3.168	0.5045	0.4264	0.048	-0.0062	0.038
(3, 59)	true	4.2	0.3412	0.4628	3.768	0.3953	0.4479	-0.432	-0.0541	0.0149
(5, 37)	false	4.246	0.3311	0.4298	3.884	0.3924	0.4099	0.362	0.0614	-0.0198
(5, 37)	false	3.676	0.3946	0.3967	3.706	0.3672	0.4182	-0.03	-0.0274	0.0215
(5, 37)	false	3.496	0.4618	0.4661	4.012	0.3675	0.5124	-0.516	-0.0943	0.0463
(5, 37)	false	4.174	0.3562	0.4149	3.858	0.3653	0.3917	0.316	0.0091	-0.0231
(5, 37)	false	3.318	0.4484	0.4975	3.15	0.5187	0.5455	0.168	0.0704	0.0479
(5, 37)	false	3.128	0.4805	0.4992	3.382	0.4764	0.5124	-0.254	-0.0041	0.0132
(5, 37)	false	3.628	0.4315	0.443	3.27	0.4928	0.4645	0.358	0.0613	0.0215
(5, 37)	false	3.434	0.4472	0.4645	3.536	0.4129	0.4595	-0.102	-0.0343	-0.005
(5, 37)	false	3.12	0.4983	0.4645	3.094	0.499	0.5405	0.026	0.0007	0.076
(5, 37)	true	4.2	0.3412	0.4628	3.448	0.4284	0.4678	-0.752	-0.0871	-0.005
(21, 37)	false	4.246	0.3311	0.4298	3.44	0.4476	0.4744	0.806	0.1165	0.0446
(21, 37)	false	3.676	0.3946	0.3967	3.644	0.4183	0.3686	0.032	0.0237	-0.0281
(21, 37)	false	3.496	0.4618	0.4661	3.502	0.4452	0.4926	-0.006	-0.0166	0.0264
(21, 37)	true	4.174	0.3562	0.4149	3.968	0.4024	0.4529	-0.206	-0.0462	-0.038
(21, 37)	true	3.318	0.4484	0.4975	3.33	0.4772	0.4876	0.012	-0.0288	0.0099
(21, 37)	true	3.128	0.4805	0.4992	3.248	0.4733	0.514	0.12	0.0072	-0.0149
(21, 37)	false	3.628	0.4315	0.443	3.334	0.4758	0.4496	0.294	0.0443	0.0066
(21, 37)	true	3.434	0.4472	0.4645	3.548	0.4121	0.4479	0.114	0.0351	0.0165
(21, 37)	true	3.12	0.4983	0.4645	2.904	0.523	0.4777	-0.216	-0.0247	-0.0132
(21, 37)	true	4.2	0.3412	0.4628	3.988	0.3595	0.4413	-0.212	-0.0183	0.0215
(6, 36)	true	4.246	0.3311	0.4298	3.318	0.459	0.4529	-0.928	-0.1279	-0.0231
(6, 36)	false	3.676	0.3946	0.3967	4.182	0.3219	0.3653	-0.506	-0.0727	-0.0314
(6, 36)	false	3.496	0.4618	0.4661	3.7	0.4179	0.4909	-0.204	-0.0439	0.0248
(6, 36)	true	4.174	0.3562	0.4149	4.012	0.3663	0.3868	-0.162	-0.0101	0.0281
(6, 36)	false	3.318	0.4484	0.4975	3.694	0.3939	0.5223	-0.376	-0.0545	0.0248
(6, 36)	false	3.128	0.4805	0.4992	4.058	0.3511	0.4843	-0.93	-0.1294	-0.0149
(6, 36)	true	3.628	0.4315	0.443	3.88	0.3658	0.4545	0.252	0.0657	-0.0116
(6, 36)	false	3.434	0.4472	0.4645	3.546	0.4211	0.486	-0.112	-0.026	0.0215
(6, 36)	true	3.12	0.4983	0.4645	3.258	0.4869	0.4463	0.138	0.0115	0.0182
(6, 36)	true	4.2	0.3412	0.4628	3.472	0.454	0.4463	-0.728	-0.1128	0.0165
(44, 51)	false	4.246	0.3311	0.4298	3.08	0.497	0.486	1.166	0.1659	0.0562
(44, 51)	false	3.676	0.3946	0.3967	3.906	0.3754	0.3686	-0.23	-0.0192	-0.0281
(44, 51)	true	3.496	0.4618	0.4661	3.284	0.4876	0.514	-0.212	-0.0258	-0.0479
(44, 51)	false	4.174	0.3562	0.4149	3.93	0.384	0.4066	0.244	0.0279	-0.0083
(44, 51)	false	3.318	0.4484	0.4975	3.38	0.4678	0.5008	-0.062	0.0194	0.0033
(44, 51)	false	3.128	0.4805	0.4992	3.698	0.3949	0.4992	-0.57	-0.0856	0
(44, 51)	false	3.628	0.4315	0.443	3.162	0.5036	0.4777	0.466	0.0721	0.0347
(44, 51)	false	3.434	0.4472	0.4645	3.59	0.4076	0.438	-0.156	-0.0396	-0.0264
(44, 51)	false	3.12	0.4983	0.4645	3.408	0.4641	0.4744	-0.288	-0.0342	0.0099
(44, 51)	true	4.2	0.3412	0.4628	3.838	0.4088	0.4529	-0.362	-0.0676	0.0099
(20, 39)	false	4.246	0.3311	0.4298	3.908	0.3795	0.4661	0.338	0.0484	0.0364
(20, 39)	false	3.676	0.3946	0.3967	3.74	0.3679	0.3719	-0.064	-0.0268	-0.0248
(20, 39)	false	3.496	0.4618	0.4661	3.472	0.4599	0.4959	0.024	-0.0019	0.0298
(20, 39)	false	4.174	0.3562	0.4149	4.192	0.3654	0.4033	-0.018	0.0093	-0.0116
(20, 39)	false	3.318	0.4484	0.4975	3.51	0.4597	0.4893	-0.192	0.0113	-0.0083
(20, 39)	false	3.128	0.4805	0.4992	3.506	0.4729	0.486	-0.378	-0.0075	-0.0132
(20, 39)	true	3.628	0.4315	0.443	3.43	0.4454	0.4711	-0.198	-0.0139	-0.0281
(20, 39)	false	3.434	0.4472	0.4645	3.652	0.3894	0.443	-0.218	-0.0578	-0.0215
(20, 39)	false	3.12	0.4983	0.4645	3.116	0.5088	0.5025	0.004	0.0105	0.038
(20, 39)	true	4.2	0.3412	0.4628	3.766	0.3656	0.4083	-0.434	-0.0244	0.0545
(22, 42)	false	4.246	0.3311	0.4298	3.482	0.441	0.4876	0.764	0.1099	0.0579
(22, 42)	false	3.676	0.3946	0.3967	3.598	0.4375	0.4132	0.078	0.0429	0.0165
(22, 42)	false	3.496	0.4618	0.4661	3.336	0.5028	0.4893	0.16	0.041	0.0231
(22, 42)	false	4.174	0.3562	0.4149	3.616	0.4232	0.4628	0.558	0.067	0.0479
(22, 42)	false	3.318	0.4484	0.4975	3.406	0.4511	0.557	-0.088	0.0027	0.0595
(22, 42)	false	3.128	0.4805	0.4992	3.086	0.5213	0.5372	0.042	0.0408	0.038
(22, 42)	false	3.628	0.4315	0.443	3.172	0.4643	0.4529	0.456	0.0328	0.0099
(22, 42)	false	3.434	0.4472	0.4645	3.594	0.4153	0.4612	-0.16	-0.0318	-0.0033
(22, 42)	false	3.12	0.4983	0.4645	3.144	0.5053	0.4727	-0.024	0.007	0.0083
(22, 42)	true	4.2	0.3412	0.4628	3.64	0.4271	0.4595	-0.56	-0.0859	0.0033
(24, 33)	false	4.246	0.3311	0.4298	3.678	0.398	0.4562	0.568	0.067	0.0264
(24, 33)	true	3.676	0.3946	0.3967	4.032	0.3716	0.3769	0.356	0.023	0.0198
(24, 33)	true	3.496	0.4618	0.4661	3.416	0.4721	0.5041	-0.08	-0.0103	-0.038
(24, 33)	false	4.174	0.3562	0.4149	3.932	0.3933	0.4215	0.242	0.0371	0.0066
(24, 33)	false	3.318	0.4484	0.4975	3.268	0.4765	0.5388	0.05	0.0281	0.0413
(24, 33)	false	3.128	0.4805	0.4992	3.166	0.4885	0.5306	-0.038	0.008	0.0314
(24, 33)	false	3.628	0.4315	0.443	3.898	0.3916	0.4612	-0.27	-0.0399	0.0182
(24, 33)	true	3.434	0.4472	0.4645	3.434	0.4344	0.4727	-0	0.0128	-0.0083
(24, 33)	false	3.12	0.4983	0.4645	3.042	0.5008	0.4975	0.078	0.0025	0.0331
(24, 33)	true	4.2	0.3412	0.4628	3.65	0.4249	0.4579	-0.55	-0.0837	0.005
(23, 52)	false	4.246	0.3311	0.4298	3.15	0.4841	0.4628	1.096	0.1531	0.0331
(23, 52)	false	3.676	0.3946	0.3967	4.35	0.3103	0.3322	-0.674	-0.0844	-0.0645
(23, 52)	false	3.496	0.4618	0.4661	3.556	0.4652	0.5223	-0.06	0.0034	0.0562
(23, 52)	false	4.174	0.3562	0.4149	3.902	0.3648	0.405	0.272	0.0086	-0.0099
(23, 52)	false	3.318	0.4484	0.4975	3.236	0.4881	0.5306	0.082	0.0398	0.0331
(23, 52)	false	3.128	0.4805	0.4992	3.574	0.4308	0.5306	-0.446	-0.0497	0.0314
(23, 52)	true	3.628	0.4315	0.443	3.414	0.4393	0.4413	-0.214	-0.0078	0.0017
(23, 52)	false	3.434	0.4472	0.4645	3.518	0.4148	0.4512	-0.084	-0.0324	-0.0132
(23, 52)	false	3.12	0.4983	0.4645	3.138	0.4968	0.476	-0.018	-0.0016	0.0116
(23, 52)	true	4.2	0.3412	0.4628	3.948	0.3677	0.4562	-0.252	-0.0265	0.0066
(28, 48)	false	4.246	0.3311	0.4298	3.714	0.4197	0.4446	0.532	0.0886	0.0149
(28, 48)	false	3.676	0.3946	0.3967	3.954	0.3362	0.3339	-0.278	-0.0584	-0.0628
(28, 48)	false	3.496	0.4618	0.4661	3.614	0.4477	0.476	-0.118	-0.0141	0.0099
(28, 48)	false	4.174	0.3562	0.4149	4	0.3795	0.4463	0.174	0.0234	0.0314
(28, 48)	true	3.318	0.4484	0.4975	3.506	0.4209	0.4843	0.188	0.0275	0.0132
(28, 48)	true	3.128	0.4805	0.4992	3.676	0.3815	0.4843	0.548	0.0989	0.0149
(28, 48)	false	3.628	0.4315	0.443	3.524	0.4423	0.4694	0.104	0.0108	0.0264
(28, 48)	false	3.434	0.4472	0.4645	3.414	0.4166	0.4496	0.02	-0.0306	-0.0149
(28, 48)	true	3.12	0.4983	0.4645	3.126	0.4927	0.4992	0.006	0.0057	-0.0347
(28, 48)	true	4.2	0.3412	0.4628	3.928	0.3702	0.4496	-0.272	-0.029	0.0132
(25, 31)	true	4.246	0.3311	0.4298	3.744	0.3843	0.4231	-0.502	-0.0532	0.0066
(25, 31)	false	3.676	0.3946	0.3967	3.636	0.3891	0.3653	0.04	-0.0055	-0.0314
(25, 31)	false	3.496	0.4618	0.4661	3.708	0.3975	0.4893	-0.212	-0.0643	0.0231
(25, 31)	false	4.174	0.3562	0.4149	3.644	0.4346	0.3967	0.53	0.0785	-0.0182
(25, 31)	false	3.318	0.4484	0.4975	4.18	0.3212	0.5041	-0.862	-0.1272	0.0066
(25, 31)	false	3.128	0.4805	0.4992	4.204	0.3239	0.4959	-1.076	-0.1566	-0.0033
(25, 31)	false	3.628	0.4315	0.443	3.426	0.4556	0.4727	0.202	0.0241	0.0298
(25, 31)	false	3.434	0.4472	0.4645	3.382	0.4478	0.4711	0.052	0.0006	0.0066
(25, 31)	false	3.12	0.4983	0.4645	2.922	0.5171	0.5174	0.198	0.0188	0.0529
(25, 31)	true	4.2	0.3412	0.4628	3.776	0.4431	0.4182	-0.424	-0.1018	0.0446
(21, 53)	false	4.246	0.3311	0.4298	4.068	0.3414	0.4215	0.178	0.0103	-0.0083
(21, 53)	false	3.676	0.3946	0.3967	4.052	0.3332	0.3802	-0.376	-0.0615	-0.0165
(21, 53)	false	3.496	0.4618	0.4661	3.704	0.4395	0.5008	-0.208	-0.0223	0.0347
(21, 53)	true	4.174	0.3562	0.4149	4.052	0.3717	0.4248	-0.122	-0.0156	-0.0099
(21, 53)	false	3.318	0.4484	0.4975	3.498	0.4389	0.481	-0.18	-0.0094	-0.0165
(21, 53)	false	3.128	0.4805	0.4992	3.44	0.4414	0.4694	-0.312	-0.0391	-0.0298
(21, 53)	true	3.628	0.4315	0.443	3.484	0.4389	0.4645	-0.144	-0.0074	-0.0215
(21, 53)	false	3.434	0.4472	0.4645	3.614	0.4152	0.4512	-0.18	-0.0319	-0.0132
(21, 53)	false	3.12	0.4983	0.4645	3.158	0.4871	0.4959	-0.038	-0.0113	0.0314
(21, 53)	true	4.2	0.3412	0.4628	3.852	0.41	0.4595	-0.348	-0.0687	0.0033
(45, 51)	false	4.246	0.3311	0.4298	3.3	0.4583	0.4529	0.946	0.1272	0.0231
(45, 51)	false	3.676	0.3946	0.3967	3.738	0.3965	0.3785	-0.062	0.0019	-0.0182
(45, 51)	false	3.496	0.4618	0.4661	3.35	0.471	0.5025	0.146	0.0092	0.0364
(45, 51)	false	4.174	0.3562	0.4149	3.834	0.3821	0.4562	0.34	0.026	0.0413
(45, 51)	true	3.318	0.4484	0.4975	3.56	0.4451	0.5124	0.242	0.0033	-0.0149
(45, 51)	true	3.128	0.4805	0.4992	3.638	0.4351	0.4744	0.51	0.0454	0.0248
(45, 51)	false	3.628	0.4315	0.443	3.34	0.4753	0.4628	0.288	0.0438	0.0198
(45, 51)	false	3.434	0.4472	0.4645	3.764	0.3994	0.4612	-0.33	-0.0478	-0.0033
(45, 51)	false	3.12	0.4983	0.4645	3.07	0.4977	0.4975	0.05	-0.0006	0.0331
(45, 51)	true	4.2	0.3412	0.4628	4.066	0.3452	0.438	-0.134	-0.0039	0.0248
(26, 50)	true	4.246	0.3311	0.4298	3.728	0.4142	0.4198	-0.518	-0.0831	0.0099
(26, 50)	true	3.676	0.3946	0.3967	3.878	0.3878	0.3405	0.202	0.0068	0.0562
(26, 50)	true	3.496	0.4618	0.4661	3.498	0.4428	0.4496	0.002	0.019	0.0165
(26, 50)	true	4.174	0.3562	0.4149	3.984	0.371	0.4281	-0.19	-0.0148	-0.0132
(26, 50)	true	3.318	0.4484	0.4975	3.204	0.4821	0.476	-0.114	-0.0337	0.0215
(26, 50)	true	3.128	0.4805	0.4992	3.412	0.4424	0.4876	0.284	0.0381	0.0116
(26, 50)	false	3.628	0.4315	0.443	3.498	0.4514	0.4496	0.13	0.0199	0.0066
(26, 50)	false	3.434	0.4472	0.4645	3.478	0.4335	0.4777	-0.044	-0.0137	0.0132
(26, 50)	true	3.12	0.4983	0.4645	3.226	0.4861	0.4628	0.106	0.0123	0.0017
(26, 50)	true	4.2	0.3412	0.4628	4.288	0.3324	0.4298	0.088	0.0089	0.0331
(21, 60)	false	4.246	0.3311	0.4298	3.224	0.4736	0.4463	1.022	0.1426	0.0165
(21, 60)	false	3.676	0.3946	0.3967	3.78	0.3815	0.3355	-0.104	-0.0132	-0.0612
(21, 60)	false	3.496	0.4618	0.4661	3.748	0.4103	0.5008	-0.252	-0.0515	0.0347
(21, 60)	true	4.174	0.3562	0.4149	4.07	0.3915	0.4314	-0.104	-0.0354	-0.0165
(21, 60)	true	3.318	0.4484	0.4975	3.256	0.4914	0.5124	-0.062	-0.043	-0.0149
(21, 60)	true	3.128	0.4805	0.4992	3.284	0.4884	0.5124	0.156	-0.0079	-0.0132
(21, 60)	false	3.628	0.4315	0.443	3.464	0.4674	0.4893	0.164	0.0359	0.0463
(21, 60)	true	3.434	0.4472	0.4645	3.136	0.4825	0.476	-0.298	-0.0353	-0.0116
(21, 60)	true	3.12	0.4983	0.4645	2.982	0.523	0.4975	-0.138	-0.0246	-0.0331
(21, 60)	true	4.2	0.3412	0.4628	3.714	0.4262	0.5008	-0.486	-0.085	-0.038
(26, 34)	false	4.246	0.3311	0.4298	3.376	0.4608	0.4876	0.87	0.1297	0.0579
(26, 34)	true	3.676	0.3946	0.3967	3.942	0.3722	0.3537	0.266	0.0224	0.043
(26, 34)	true	3.496	0.4618	0.4661	3.456	0.4348	0.4562	-0.04	0.027	0.0099
(26, 34)	false	4.174	0.3562	0.4149	3.694	0.4038	0.4628	0.48	0.0476	0.0479
(26, 34)	true	3.318	0.4484	0.4975	3.79	0.4122	0.5008	0.472	0.0362	-0.0033
(26, 34)	true	3.128	0.4805	0.4992	3.424	0.4687	0.5074	0.296	0.0118	-0.0083
(26, 34)	false	3.628	0.4315	0.443	3.544	0.4416	0.4628	0.084	0.0101	0.0198
(26, 34)	true	3.434	0.4472	0.4645	3.38	0.4484	0.4298	-0.054	-0.0013	0.0347
(26, 34)	false	3.12	0.4983	0.4645	2.912	0.5268	0.5702	0.208	0.0285	0.1058
(26, 34)	true	4.2	0.3412	0.4628	3.956	0.3719	0.4066	-0.244	-0.0306	0.0562
(4, 58)	false	4.246	0.3311	0.4298	3.234	0.4912	0.476	1.012	0.1602	0.0463
(4, 58)	false	3.676	0.3946	0.3967	4.086	0.3406	0.3521	-0.41	-0.054	-0.0446
(4, 58)	false	3.496	0.4618	0.4661	3.62	0.418	0.4909	-0.124	-0.0438	0.0248
(4, 58)	true	4.174	0.3562	0.4149	3.846	0.3795	0.4595	-0.328	-0.0234	-0.0446
(4, 58)	false	3.318	0.4484	0.4975	4.062	0.3512	0.4529	-0.744	-0.0972	-0.0446
(4, 58)	false	3.128	0.4805	0.4992	3.756	0.3619	0.4727	-0.628	-0.1185	-0.0264
(4, 58)	true	3.628	0.4315	0.443	3.156	0.4812	0.4463	-0.472	-0.0497	-0.0033
(4, 58)	false	3.434	0.4472	0.4645	3.43	0.4551	0.4694	0.004	0.008	0.005
(4, 58)	false	3.12	0.4983	0.4645	3.27	0.4824	0.5107	-0.15	-0.016	0.0463
(4, 58)	true	4.2	0.3412	0.4628	3.742	0.408	0.481	-0.458	-0.0667	-0.0182
(1, 13)	false	4.246	0.3311	0.4298	4.074	0.3772	0.4645	0.172	0.0462	0.0347
(1, 13)	false	3.676	0.3946	0.3967	3.744	0.3694	0.3884	-0.068	-0.0252	-0.0083
(1, 13)	false	3.496	0.4618	0.4661	3.622	0.4234	0.4595	-0.126	-0.0384	-0.0066
(1, 13)	false	4.174	0.3562	0.4149	3.804	0.3722	0.3736	0.37	0.0161	-0.0413
(1, 13)	false	3.318	0.4484	0.4975	3.196	0.4881	0.5157	0.122	0.0397	0.0182
(1, 13)	false	3.128	0.4805	0.4992	3.33	0.474	0.5008	-0.202	-0.0064	0.0017
(1, 13)	false	3.628	0.4315	0.443	3.47	0.448	0.4595	0.158	0.0165	0.0165
(1, 13)	true	3.434	0.4472	0.4645	3.294	0.4693	0.4826	-0.14	-0.0221	-0.0182
(1, 13)	false	3.12	0.4983	0.4645	3.212	0.4863	0.4777	-0.092	-0.012	0.0132
(1, 13)	true	4.2	0.3412	0.4628	3.746	0.399	0.4694	-0.454	-0.0578	-0.0066
(3, 11)	false	4.246	0.3311	0.4298	2.932	0.5227	0.4711	1.314	0.1916	0.0413
(3, 11)	false	3.676	0.3946	0.3967	3.778	0.3845	0.3537	-0.102	-0.0101	-0.043
(3, 11)	false	3.496	0.4618	0.4661	3.008	0.5292	0.5041	0.488	0.0674	0.038
(3, 11)	true	4.174	0.3562	0.4149	3.768	0.3565	0.3686	-0.406	-0.0003	0.0463
(3, 11)	true	3.318	0.4484	0.4975	3.19	0.5061	0.5256	-0.128	-0.0577	-0.0281
(3, 11)	true	3.128	0.4805	0.4992	3.338	0.4816	0.514	0.21	-0.0011	-0.0149
(3, 11)	false	3.628	0.4315	0.443	3.648	0.3953	0.4777	-0.02	-0.0362	0.0347
(3, 11)	false	3.434	0.4472	0.4645	3.41	0.4465	0.4314	0.024	-0.0006	-0.0331
(3, 11)	false	3.12	0.4983	0.4645	3.226	0.461	0.4826	-0.106	-0.0373	0.0182
(3, 11)	true	4.2	0.3412	0.4628	4.054	0.3738	0.438	-0.146	-0.0325	0.0248
(23, 34)	false	4.246	0.3311	0.4298	3.302	0.4742	0.4876	0.944	0.1431	0.0579
(23, 34)	true	3.676	0.3946	0.3967	3.692	0.3927	0.3669	0.016	0.0019	0.0298
(23, 34)	false	3.496	0.4618	0.4661	3.878	0.3794	0.486	-0.382	-0.0824	0.0198
(23, 34)	false	4.174	0.3562	0.4149	3.894	0.4062	0.4479	0.28	0.0501	0.0331
(23, 34)	true	3.318	0.4484	0.4975	3.536	0.4427	0.4893	0.218	0.0057	0.0083
(23, 34)	true	3.128	0.4805	0.4992	3.646	0.4309	0.4909	0.518	0.0495	0.0083
(23, 34)	false	3.628	0.4315	0.443	3.524	0.4512	0.4496	0.104	0.0197	0.0066
(23, 34)	false	3.434	0.4472	0.4645	3.512	0.4157	0.4314	-0.078	-0.0315	-0.0331
(23, 34)	false	3.12	0.4983	0.4645	2.836	0.5427	0.5107	0.284	0.0444	0.0463
(23, 34)	false	4.2	0.3412	0.4628	3.988	0.3475	0.4529	0.212	0.0062	-0.0099
(53, 60)	true	4.246	0.3311	0.4298	3.828	0.3888	0.443	-0.418	-0.0577	-0.0132
(53, 60)	true	3.676	0.3946	0.3967	3.9	0.374	0.3405	0.224	0.0206	0.0562
(53, 60)	true	3.496	0.4618	0.4661	3.774	0.4087	0.4579	0.278	0.0531	0.0083
(53, 60)	true	4.174	0.3562	0.4149	3.874	0.4136	0.4512	-0.3	-0.0574	-0.0364
(53, 60)	false	3.318	0.4484	0.4975	3.026	0.5208	0.5306	0.292	0.0724	0.0331
(53, 60)	false	3.128	0.4805	0.4992	2.826	0.5575	0.5537	0.302	0.077	0.0545
(53, 60)	false	3.628	0.4315	0.443	3.162	0.47	0.476	0.466	0.0385	0.0331
(53, 60)	false	3.434	0.4472	0.4645	3.372	0.46	0.4678	0.062	0.0128	0.0033
(53, 60)	false	3.12	0.4983	0.4645	3.636	0.4083	0.4512	-0.516	-0.09	-0.0132
(53, 60)	false	4.2	0.3412	0.4628	4.218	0.3413	0.4298	-0.018	0.0001	-0.0331
(22, 54)	false	4.246	0.3311	0.4298	3.47	0.4332	0.4843	0.776	0.1022	0.0545
(22, 54)	true	3.676	0.3946	0.3967	4.258	0.2942	0.3785	0.582	0.1004	0.0182
(22, 54)	true	3.496	0.4618	0.4661	3.712	0.4259	0.481	0.216	0.0359	-0.0149
(22, 54)	false	4.174	0.3562	0.4149	3.828	0.3975	0.4215	0.346	0.0413	0.0066
(22, 54)	true	3.318	0.4484	0.4975	3.65	0.4487	0.4975	0.332	-0.0003	0
(22, 54)	true	3.128	0.4805	0.4992	3.592	0.4409	0.4992	0.464	0.0395	0
(22, 54)	false	3.628	0.4315	0.443	3.484	0.4169	0.4959	0.144	-0.0146	0.0529
(22, 54)	false	3.434	0.4472	0.4645	3.81	0.3584	0.4446	-0.376	-0.0888	-0.0198
(22, 54)	true	3.12	0.4983	0.4645	3.616	0.3945	0.4347	0.496	0.1038	0.0298
(22, 54)	false	4.2	0.3412	0.4628	4.046	0.387	0.4264	0.154	0.0458	-0.0364
(21, 38)	false	4.246	0.3311	0.4298	3.812	0.3844	0.4331	0.434	0.0534	0.0033
(21, 38)	false	3.676	0.3946	0.3967	4.008	0.3425	0.357	-0.332	-0.0521	-0.0397
(21, 38)	false	3.496	0.4618	0.4661	3.65	0.4198	0.4893	-0.154	-0.042	0.0231
(21, 38)	false	4.174	0.3562	0.4149	4.082	0.3375	0.4017	0.092	-0.0186	-0.0132
(21, 38)	false	3.318	0.4484	0.4975	3.838	0.3605	0.4711	-0.52	-0.0878	-0.0264
(21, 38)	false	3.128	0.4805	0.4992	3.646	0.4051	0.519	-0.518	-0.0754	0.0198
(21, 38)	false	3.628	0.4315	0.443	3.742	0.4126	0.4595	-0.114	-0.0189	0.0165
(21, 38)	false	3.434	0.4472	0.4645	3.182	0.472	0.4446	0.252	0.0248	-0.0198
(21, 38)	false	3.12	0.4983	0.4645	3.142	0.4909	0.4793	-0.022	-0.0075	0.0149
(21, 38)	false	4.2	0.3412	0.4628	3.89	0.3749	0.4397	0.31	0.0337	-0.0231
(4, 36)	false	4.246	0.3311	0.4298	3.59	0.4333	0.4645	0.656	0.1022	0.0347
(4, 36)	false	3.676	0.3946	0.3967	3.982	0.3225	0.3934	-0.306	-0.0721	-0.0033
(4, 36)	false	3.496	0.4618	0.4661	3.812	0.372	0.5041	-0.316	-0.0898	0.038
(4, 36)	true	4.174	0.3562	0.4149	3.992	0.3769	0.405	-0.182	-0.0208	0.0099
(4, 36)	true	3.318	0.4484	0.4975	3.134	0.5098	0.5025	-0.184	-0.0614	-0.005
(4, 36)	true	3.128	0.4805	0.4992	3.074	0.5238	0.5074	-0.054	-0.0433	-0.0083
(4, 36)	false	3.628	0.4315	0.443	3.692	0.3835	0.4645	-0.064	-0.048	0.0215
(4, 36)	false	3.434	0.4472	0.4645	3.644	0.4117	0.4694	-0.21	-0.0355	0.005
(4, 36)	false	3.12	0.4983	0.4645	3.13	0.5069	0.5041	-0.01	0.0086	0.0397
(4, 36)	false	4.2	0.3412	0.4628	3.786	0.3845	0.4562	0.414	0.0433	-0.0066
(23, 37)	false	4.246	0.3311	0.4298	3.172	0.4718	0.4562	1.074	0.1407	0.0264
(23, 37)	false	3.676	0.3946	0.3967	4.186	0.308	0.357	-0.51	-0.0867	-0.0397
(23, 37)	false	3.496	0.4618	0.4661	4.058	0.3297	0.4744	-0.562	-0.1321	0.0083
(23, 37)	false	4.174	0.3562	0.4149	3.99	0.3911	0.4529	0.184	0.035	0.038
(23, 37)	false	3.318	0.4484	0.4975	3.49	0.4464	0.5124	-0.172	-0.0019	0.0149
(23, 37)	false	3.128	0.4805	0.4992	3.336	0.4544	0.4959	-0.208	-0.0261	-0.0033
(23, 37)	true	3.628	0.4315	0.443	3.836	0.3982	0.4298	0.208	0.0333	0.0132
(23, 37)	false	3.434	0.4472	0.4645	3.686	0.3785	0.4893	-0.252	-0.0687	0.0248
(23, 37)	false	3.12	0.4983	0.4645	3.77	0.3818	0.4645	-0.65	-0.1166	0
(23, 37)	false	4.2	0.3412	0.4628	4.148	0.3523	0.4612	0.052	0.011	-0.0017
(5, 11)	false	4.246	0.3311	0.4298	3.642	0.4198	0.4628	0.604	0.0888	0.0331
(5, 11)	false	3.676	0.3946	0.3967	4.138	0.326	0.3736	-0.462	-0.0686	-0.0231
(5, 11)	false	3.496	0.4618	0.4661	3.758	0.4044	0.4744	-0.262	-0.0574	0.0083
(5, 11)	true	4.174	0.3562	0.4149	4.142	0.3614	0.4215	-0.032	-0.0052	-0.0066
(5, 11)	false	3.318	0.4484	0.4975	3.44	0.4285	0.4579	-0.122	-0.0199	-0.0397
(5, 11)	false	3.128	0.4805	0.4992	3.49	0.4173	0.4793	-0.362	-0.0632	-0.0198
(5, 11)	true	3.628	0.4315	0.443	3.692	0.4332	0.5008	0.064	-0.0017	-0.0579
(5, 11)	true	3.434	0.4472	0.4645	3.404	0.447	0.4678	-0.03	0.0002	-0.0033
(5, 11)	false	3.12	0.4983	0.4645	3.36	0.4653	0.5041	-0.24	-0.033	0.0397
(5, 11)	false	4.2	0.3412	0.4628	3.536	0.4284	0.476	0.664	0.0872	0.0132
(1, 20)	false	4.246	0.3311	0.4298	4.198	0.3327	0.4397	0.048	0.0017	0.0099
(1, 20)	false	3.676	0.3946	0.3967	4.174	0.3044	0.3471	-0.498	-0.0902	-0.0496
(1, 20)	false	3.496	0.4618	0.4661	3.67	0.4139	0.4843	-0.174	-0.0479	0.0182
(1, 20)	false	4.174	0.3562	0.4149	3.852	0.3746	0.4165	0.322	0.0184	0.0017
(1, 20)	false	3.318	0.4484	0.4975	3.532	0.4438	0.5025	-0.214	-0.0046	0.005
(1, 20)	false	3.128	0.4805	0.4992	3.256	0.4838	0.5091	-0.128	0.0033	0.0099
(1, 20)	false	3.628	0.4315	0.443	3.506	0.4461	0.4628	0.122	0.0146	0.0198
(1, 20)	false	3.434	0.4472	0.4645	3.416	0.432	0.4645	0.018	-0.0152	0
(1, 20)	false	3.12	0.4983	0.4645	3.29	0.447	0.4942	-0.17	-0.0513	0.0298
(1, 20)	false	4.2	0.3412	0.4628	3.822	0.4094	0.481	0.378	0.0682	0.0182
(28, 47)	false	4.246	0.3311	0.4298	3.12	0.4892	0.4612	1.126	0.1582	0.0314
(28, 47)	false	3.676	0.3946	0.3967	3.704	0.367	0.3818	-0.028	-0.0276	-0.0149
(28, 47)	false	3.496	0.4618	0.4661	3.592	0.438	0.5091	-0.096	-0.0238	0.043
(28, 47)	false	4.174	0.3562	0.4149	3.746	0.4098	0.4793	0.428	0.0536	0.0645
(28, 47)	false	3.318	0.4484	0.4975	3.448	0.4588	0.4793	-0.13	0.0104	-0.0182
(28, 47)	false	3.128	0.4805	0.4992	3.59	0.4431	0.481	-0.462	-0.0374	-0.0182
(28, 47)	false	3.628	0.4315	0.443	3.732	0.3803	0.5008	-0.104	-0.0512	0.0579
(28, 47)	false	3.434	0.4472	0.4645	3.566	0.4092	0.4744	-0.132	-0.0379	0.0099
(28, 47)	true	3.12	0.4983	0.4645	3.064	0.5073	0.4942	-0.056	-0.009	-0.0298
(28, 47)	false	4.2	0.3412	0.4628	3.838	0.3751	0.4793	0.362	0.0339	0.0165
(26, 49)	true	4.246	0.3311	0.4298	4.07	0.3373	0.4132	-0.176	-0.0062	0.0165
(26, 49)	false	3.676	0.3946	0.3967	3.568	0.442	0.3554	0.108	0.0473	-0.0413
(26, 49)	false	3.496	0.4618	0.4661	3.334	0.4595	0.5008	0.162	-0.0023	0.0347
(26, 49)	false	4.174	0.3562	0.4149	3.842	0.3904	0.4744	0.332	0.0343	0.0595
(26, 49)	false	3.318	0.4484	0.4975	3.306	0.4245	0.514	0.012	-0.0239	0.0165
(26, 49)	false	3.128	0.4805	0.4992	3.26	0.4573	0.514	-0.132	-0.0231	0.0149
(26, 49)	true	3.628	0.4315	0.443	3.288	0.4748	0.4595	-0.34	-0.0433	-0.0165
(26, 49)	true	3.434	0.4472	0.4645	3.616	0.4133	0.4496	0.182	0.0338	0.0149
(26, 49)	false	3.12	0.4983	0.4645	3.526	0.4548	0.4529	-0.406	-0.0436	-0.0116
(26, 49)	false	4.2	0.3412	0.4628	4.27	0.3405	0.4446	-0.07	-0.0007	-0.0182
(2, 11)	true	4.246	0.3311	0.4298	3.306	0.4882	0.4843	-0.94	-0.1571	-0.0545
(2, 11)	false	3.676	0.3946	0.3967	3.808	0.3748	0.3669	-0.132	-0.0198	-0.0298
(2, 11)	false	3.496	0.4618	0.4661	3.672	0.4004	0.4876	-0.176	-0.0614	0.0215
(2, 11)	false	4.174	0.3562	0.4149	3.882	0.3811	0.4215	0.292	0.025	0.0066
(2, 11)	false	3.318	0.4484	0.4975	3.644	0.3881	0.4744	-0.326	-0.0603	-0.0231
(2, 11)	false	3.128	0.4805	0.4992	3.518	0.4216	0.4909	-0.39	-0.0589	-0.0083
(2, 11)	false	3.628	0.4315	0.443	3.336	0.4884	0.5074	0.292	0.0569	0.0645
(2, 11)	true	3.434	0.4472	0.4645	3.278	0.439	0.4545	-0.156	0.0082	0.0099
(2, 11)	true	3.12	0.4983	0.4645	3.058	0.5012	0.4595	-0.062	-0.0029	0.005
(2, 11)	false	4.2	0.3412	0.4628	3.786	0.3979	0.4215	0.414	0.0567	-0.0413
(22, 37)	true	4.246	0.3311	0.4298	3.138	0.4813	0.5025	-1.108	-0.1502	-0.0727
(22, 37)	false	3.676	0.3946	0.3967	4.116	0.3344	0.3702	-0.44	-0.0602	-0.0264
(22, 37)	false	3.496	0.4618	0.4661	3.576	0.4173	0.4727	-0.08	-0.0445	0.0066
(22, 37)	true	4.174	0.3562	0.4149	3.988	0.3777	0.4314	-0.186	-0.0216	-0.0165
(22, 37)	false	3.318	0.4484	0.4975	3.288	0.5045	0.5223	0.03	0.0562	0.0248
(22, 37)	false	3.128	0.4805	0.4992	3.246	0.4983	0.5554	-0.118	0.0179	0.0562
(22, 37)	false	3.628	0.4315	0.443	3.534	0.4371	0.4545	0.094	0.0056	0.0116
(22, 37)	false	3.434	0.4472	0.4645	3.25	0.4703	0.4545	0.184	0.0232	-0.0099
(22, 37)	false	3.12	0.4983	0.4645	2.992	0.5352	0.5157	0.128	0.0369	0.0512
(22, 37)	false	4.2	0.3412	0.4628	4.006	0.3675	0.4529	0.194	0.0263	-0.0099
(23, 36)	false	4.246	0.3311	0.4298	3.378	0.463	0.4298	0.868	0.1319	0
(23, 36)	false	3.676	0.3946	0.3967	3.76	0.4026	0.3802	-0.084	0.0079	-0.0165
(23, 36)	false	3.496	0.4618	0.4661	3.626	0.426	0.4545	-0.13	-0.0358	-0.0116
(23, 36)	false	4.174	0.3562	0.4149	3.87	0.4021	0.4331	0.304	0.0459	0.0182
(23, 36)	false	3.318	0.4484	0.4975	3.442	0.4598	0.5256	-0.124	0.0114	0.0281
(23, 36)	false	3.128	0.4805	0.4992	3.174	0.4969	0.5124	-0.046	0.0165	0.0132
(23, 36)	false	3.628	0.4315	0.443	3.536	0.4139	0.4678	0.092	-0.0176	0.0248
(23, 36)	false	3.434	0.4472	0.4645	3.378	0.3975	0.4529	0.056	-0.0497	-0.0116
(23, 36)	true	3.12	0.4983	0.4645	3.19	0.4849	0.5008	0.07	0.0134	-0.0364
(23, 36)	false	4.2	0.3412	0.4628	3.476	0.4486	0.4678	0.724	0.1073	0.005
(27, 48)	true	4.246	0.3311	0.4298	4.536	0.2962	0.4331	0.29	0.0349	-0.0033
(27, 48)	false	3.676	0.3946	0.3967	3.926	0.3482	0.3587	-0.25	-0.0464	-0.038
(27, 48)	false	3.496	0.4618	0.4661	3.604	0.4278	0.4645	-0.108	-0.034	-0.0017
(27, 48)	true	4.174	0.3562	0.4149	4.126	0.3373	0.4	-0.048	0.0189	0.0149
(27, 48)	false	3.318	0.4484	0.4975	3.256	0.5111	0.5157	0.062	0.0627	0.0182
(27, 48)	false	3.128	0.4805	0.4992	3.324	0.4951	0.5074	-0.196	0.0146	0.0083
(27, 48)	false	3.628	0.4315	0.443	3.342	0.4738	0.4893	0.286	0.0423	0.0463
(27, 48)	true	3.434	0.4472	0.4645	3.25	0.488	0.4926	-0.184	-0.0408	-0.0281
(27, 48)	true	3.12	0.4983	0.4645	3.152	0.4839	0.4843	0.032	0.0144	-0.0198
(27, 48)	false	4.2	0.3412	0.4628	4.032	0.3543	0.4298	0.168	0.0131	-0.0331
(5, 12)	false	4.246	0.3311	0.4298	3.962	0.377	0.4231	0.284	0.0459	-0.0066
(5, 12)	false	3.676	0.3946	0.3967	3.982	0.3801	0.3769	-0.306	-0.0146	-0.0198
(5, 12)	false	3.496	0.4618	0.4661	3.376	0.4734	0.4975	0.12	0.0116	0.0314
(5, 12)	false	4.174	0.3562	0.4149	3.75	0.4068	0.4711	0.424	0.0506	0.0562
(5, 12)	false	3.318	0.4484	0.4975	3.19	0.5014	0.5554	0.128	0.0531	0.0579
(5, 12)	false	3.128	0.4805	0.4992	3.316	0.4767	0.5306	-0.188	-0.0038	0.0314
(5, 12)	false	3.628	0.4315	0.443	3.44	0.4569	0.4711	0.188	0.0254	0.0281
(5, 12)	false	3.434	0.4472	0.4645	3.282	0.4793	0.4959	0.152	0.0321	0.0314
(5, 12)	false	3.12	0.4983	0.4645	3.63	0.4034	0.4446	-0.51	-0.0949	-0.0198
(5, 12)	false	4.2	0.3412	0.4628	3.584	0.4349	0.4843	0.616	0.0937	0.0215
(2, 12)	false	4.246	0.3311	0.4298	3.53	0.4173	0.4529	0.716	0.0862	0.0231
(2, 12)	false	3.676	0.3946	0.3967	3.874	0.3641	0.3818	-0.198	-0.0306	-0.0149
(2, 12)	false	3.496	0.4618	0.4661	3.658	0.4376	0.5273	-0.162	-0.0242	0.0612
(2, 12)	false	4.174	0.3562	0.4149	4.064	0.3589	0.438	0.11	0.0028	0.0231
(2, 12)	false	3.318	0.4484	0.4975	3.73	0.3964	0.4843	-0.412	-0.052	-0.0132
(2, 12)	false	3.128	0.4805	0.4992	3.458	0.4438	0.5091	-0.33	-0.0367	0.0099
(2, 12)	false	3.628	0.4315	0.443	3.746	0.3999	0.481	-0.118	-0.0316	0.038
(2, 12)	false	3.434	0.4472	0.4645	3.62	0.3914	0.4463	-0.186	-0.0558	-0.0182
(2, 12)	false	3.12	0.4983	0.4645	3.226	0.4643	0.4661	-0.106	-0.034	0.0017
(2, 12)	false	4.2	0.3412	0.4628	4.092	0.3759	0.443	0.108	0.0347	-0.0198
(3, 38)	false	4.246	0.3311	0.4298	2.938	0.5049	0.4893	1.308	0.1738	0.0595
(3, 38)	false	3.676	0.3946	0.3967	3.76	0.3614	0.4347	-0.084	-0.0332	0.038
(3, 38)	false	3.496	0.4618	0.4661	3.762	0.4083	0.4595	-0.266	-0.0535	-0.0066
(3, 38)	false	4.174	0.3562	0.4149	4.298	0.3449	0.4281	-0.124	-0.0112	0.0132
(3, 38)	true	3.318	0.4484	0.4975	3.2	0.4905	0.5174	-0.118	-0.0421	-0.0198
(3, 38)	true	3.128	0.4805	0.4992	3.792	0.3945	0.4727	0.664	0.086	0.0264
(3, 38)	false	3.628	0.4315	0.443	3.926	0.3751	0.4595	-0.298	-0.0564	0.0165
(3, 38)	false	3.434	0.4472	0.4645	3.374	0.4781	0.486	0.06	0.031	0.0215
(3, 38)	false	3.12	0.4983	0.4645	3.342	0.5006	0.4893	-0.222	0.0023	0.0248
(3, 38)	false	4.2	0.3412	0.4628	3.624	0.4366	0.4413	0.576	0.0954	-0.0215
(22, 52)	true	4.246	0.3311	0.4298	3.842	0.3819	0.4033	-0.404	-0.0509	0.0264
(22, 52)	false	3.676	0.3946	0.3967	3.976	0.3777	0.3868	-0.3	-0.0169	-0.0099
(22, 52)	false	3.496	0.4618	0.4661	3.402	0.4489	0.4942	0.094	-0.0129	0.0281
(22, 52)	false	4.174	0.3562	0.4149	4.088	0.3508	0.4149	0.086	-0.0054	0
(22, 52)	true	3.318	0.4484	0.4975	3.6	0.427	0.4959	0.282	0.0214	0.0017
(22, 52)	true	3.128	0.4805	0.4992	3.64	0.4233	0.5008	0.512	0.0572	-0.0017
(22, 52)	true	3.628	0.4315	0.443	3.372	0.4546	0.4512	-0.256	-0.0231	-0.0083
(22, 52)	true	3.434	0.4472	0.4645	3.136	0.4767	0.4678	-0.298	-0.0295	-0.0033
(22, 52)	true	3.12	0.4983	0.4645	3.026	0.5341	0.4992	-0.094	-0.0358	-0.0347
(22, 52)	false	4.2	0.3412	0.4628	4.152	0.3453	0.4264	0.048	0.004	-0.0364
(23, 33)	false	4.246	0.3311	0.4298	3.492	0.4283	0.4562	0.754	0.0972	0.0264
(23, 33)	false	3.676	0.3946	0.3967	4.122	0.3527	0.3521	-0.446	-0.042	-0.0446
(23, 33)	false	3.496	0.4618	0.4661	3.41	0.441	0.4843	0.086	-0.0208	0.0182
(23, 33)	true	4.174	0.3562	0.4149	3.824	0.4052	0.4364	-0.35	-0.049	-0.0215
(23, 33)	false	3.318	0.4484	0.4975	3.422	0.4656	0.519	-0.104	0.0172	0.0215
(23, 33)	false	3.128	0.4805	0.4992	3.41	0.4683	0.5223	-0.282	-0.0121	0.0231
(23, 33)	true	3.628	0.4315	0.443	3.858	0.4014	0.4182	0.23	0.0301	0.0248
(23, 33)	true	3.434	0.4472	0.4645	3.468	0.4289	0.443	0.034	0.0182	0.0215
(23, 33)	false	3.12	0.4983	0.4645	3.334	0.455	0.4826	-0.214	-0.0433	0.0182
(23, 33)	false	4.2	0.3412	0.4628	3.928	0.4101	0.481	0.272	0.0689	0.0182
(18, 40)	false	4.246	0.3311	0.4298	3.4	0.4281	0.4479	0.846	0.097	0.0182
(18, 40)	false	3.676	0.3946	0.3967	3.612	0.4195	0.4281	0.064	0.0249	0.0314
(18, 40)	false	3.496	0.4618	0.4661	3.704	0.4218	0.4926	-0.208	-0.04	0.0264
(18, 40)	false	4.174	0.3562	0.4149	3.21	0.4998	0.4231	0.964	0.1436	0.0083
(18, 40)	false	3.318	0.4484	0.4975	3.218	0.4893	0.514	0.1	0.041	0.0165
(18, 40)	false	3.128	0.4805	0.4992	3.354	0.4703	0.4545	-0.226	-0.0101	-0.0446
(18, 40)	false	3.628	0.4315	0.443	3.722	0.4125	0.4694	-0.094	-0.019	0.0264
(18, 40)	true	3.434	0.4472	0.4645	3.842	0.3729	0.443	0.408	0.0742	0.0215
(18, 40)	false	3.12	0.4983	0.4645	3.142	0.4909	0.476	-0.022	-0.0074	0.0116
(18, 40)	false	4.2	0.3412	0.4628	3.568	0.4157	0.4744	0.632	0.0744	0.0116
(24, 35)	false	4.246	0.3311	0.4298	3.838	0.376	0.4727	0.408	0.0449	0.043
(24, 35)	true	3.676	0.3946	0.3967	3.738	0.3863	0.3339	0.062	0.0083	0.0628
(24, 35)	true	3.496	0.4618	0.4661	3.806	0.3363	0.4579	0.31	0.1255	0.0083
(24, 35)	false	4.174	0.3562	0.4149	3.976	0.3814	0.4149	0.198	0.0252	0
(24, 35)	false	3.318	0.4484	0.4975	2.912	0.5388	0.519	0.406	0.0904	0.0215
(24, 35)	false	3.128	0.4805	0.4992	3.236	0.4895	0.519	-0.108	0.009	0.0198
(24, 35)	false	3.628	0.4315	0.443	3.548	0.408	0.4579	0.08	-0.0235	0.0149
(24, 35)	false	3.434	0.4472	0.4645	3.568	0.4003	0.4512	-0.134	-0.0468	-0.0132
(24, 35)	true	3.12	0.4983	0.4645	3.306	0.4969	0.5025	0.186	0.0015	-0.038
(24, 35)	false	4.2	0.3412	0.4628	3.864	0.3954	0.438	0.336	0.0542	-0.0248
(24, 49)	true	4.246	0.3311	0.4298	3.662	0.4148	0.4512	-0.584	-0.0837	-0.0215
(24, 49)	false	3.676	0.3946	0.3967	3.83	0.3613	0.3405	-0.154	-0.0333	-0.0562
(24, 49)	false	3.496	0.4618	0.4661	3.808	0.3831	0.4744	-0.312	-0.0787	0.0083
(24, 49)	false	4.174	0.3562	0.4149	4.078	0.3508	0.3967	0.096	-0.0054	-0.0182
(24, 49)	false	3.318	0.4484	0.4975	3.798	0.4145	0.5074	-0.48	-0.0339	0.0099
(24, 49)	false	3.128	0.4805	0.4992	3.556	0.4525	0.5339	-0.428	-0.028	0.0347
(24, 49)	false	3.628	0.4315	0.443	3.816	0.3984	0.4397	-0.188	-0.0331	-0.0033
(24, 49)	false	3.434	0.4472	0.4645	3.524	0.4229	0.4826	-0.09	-0.0243	0.0182
(24, 49)	true	3.12	0.4983	0.4645	3.226	0.453	0.4843	0.106	0.0453	-0.0198
(24, 49)	false	4.2	0.3412	0.4628	4.068	0.3479	0.443	0.132	0.0067	-0.0198
(12, 37)	false	4.246	0.3311	0.4298	3.444	0.4323	0.4347	0.802	0.1012	0.005
(12, 37)	true	3.676	0.3946	0.3967	3.982	0.3472	0.3521	0.306	0.0475	0.0446
(12, 37)	true	3.496	0.4618	0.4661	3.816	0.3948	0.4496	0.32	0.067	0.0165
(12, 37)	true	4.174	0.3562	0.4149	4.218	0.3521	0.4281	0.044	0.004	-0.0132
(12, 37)	false	3.318	0.4484	0.4975	3.212	0.5171	0.557	0.106	0.0687	0.0595
(12, 37)	false	3.128	0.4805	0.4992	3.228	0.5142	0.514	-0.1	0.0338	0.0149
(12, 37)	false	3.628	0.4315	0.443	3.21	0.4976	0.4926	0.418	0.0661	0.0496
(12, 37)	false	3.434	0.4472	0.4645	3.6	0.3857	0.4512	-0.166	-0.0615	-0.0132
(12, 37)	true	3.12	0.4983	0.4645	3.47	0.468	0.4182	0.35	0.0303	0.0463
(12, 37)	false	4.2	0.3412	0.4628	3.49	0.4088	0.4628	0.71	0.0675	0
(20, 54)	false	4.246	0.3311	0.4298	3.292	0.4747	0.476	0.954	0.1436	0.0463
(20, 54)	true	3.676	0.3946	0.3967	3.814	0.3958	0.4347	0.138	-0.0011	-0.038
(20, 54)	true	3.496	0.4618	0.4661	3.854	0.4007	0.443	0.358	0.0611	0.0231
(20, 54)	false	4.174	0.3562	0.4149	3.924	0.4039	0.4562	0.25	0.0477	0.0413
(20, 54)	true	3.318	0.4484	0.4975	3.296	0.4809	0.4893	-0.022	-0.0325	0.0083
(20, 54)	true	3.128	0.4805	0.4992	3.226	0.4866	0.5025	0.098	-0.0061	-0.0033
(20, 54)	true	3.628	0.4315	0.443	3.62	0.3959	0.3934	-0.008	0.0356	0.0496
(20, 54)	true	3.434	0.4472	0.4645	3.534	0.4178	0.4595	0.1	0.0294	0.005
(20, 54)	false	3.12	0.4983	0.4645	3.634	0.4059	0.4413	-0.514	-0.0924	-0.0231
(20, 54)	false	4.2	0.3412	0.4628	3.852	0.3946	0.4446	0.348	0.0534	-0.0182
(17, 38)	true	4.246	0.3311	0.4298	3.946	0.3736	0.4595	-0.3	-0.0425	-0.0298
(17, 38)	false	3.676	0.3946	0.3967	3.634	0.4401	0.3868	0.042	0.0454	-0.0099
(17, 38)	false	3.496	0.4618	0.4661	3.594	0.3761	0.4545	-0.098	-0.0857	-0.0116
(17, 38)	false	4.174	0.3562	0.4149	3.738	0.4187	0.4463	0.436	0.0625	0.0314
(17, 38)	true	3.318	0.4484	0.4975	3.35	0.4421	0.5058	0.032	0.0063	-0.0083
(17, 38)	true	3.128	0.4805	0.4992	3.448	0.4353	0.5058	0.32	0.0452	-0.0066
(17, 38)	false	3.628	0.4315	0.443	3.616	0.4004	0.4512	0.012	-0.0311	0.0083
(17, 38)	true	3.434	0.4472	0.4645	3.166	0.4809	0.4711	-0.268	-0.0338	-0.0066
(17, 38)	true	3.12	0.4983	0.4645	2.976	0.5216	0.4727	-0.144	-0.0232	-0.0083
(17, 38)	false	4.2	0.3412	0.4628	3.552	0.458	0.4992	0.648	0.1167	0.0364
(18, 38)	false	4.246	0.3311	0.4298	3.59	0.4392	0.4711	0.656	0.1081	0.0413
(18, 38)	false	3.676	0.3946	0.3967	3.896	0.3416	0.3603	-0.22	-0.0531	-0.0364
(18, 38)	false	3.496	0.4618	0.4661	3.522	0.4712	0.5008	-0.026	0.0094	0.0347
(18, 38)	false	4.174	0.3562	0.4149	3.868	0.3814	0.4264	0.306	0.0252	0.0116
(18, 38)	true	3.318	0.4484	0.4975	3.608	0.3922	0.4678	0.29	0.0562	0.0298
(18, 38)	true	3.128	0.4805	0.4992	3.462	0.433	0.4744	0.334	0.0475	0.0248
(18, 38)	true	3.628	0.4315	0.443	3.86	0.3789	0.4512	0.232	0.0526	-0.0083
(18, 38)	false	3.434	0.4472	0.4645	3.252	0.458	0.4595	0.182	0.0108	-0.005
(18, 38)	false	3.12	0.4983	0.4645	2.722	0.5669	0.5041	0.398	0.0686	0.0397
(18, 38)	false	4.2	0.3412	0.4628	4.096	0.3518	0.4364	0.104	0.0106	-0.0264
(25, 50)	false	4.246	0.3311	0.4298	3.518	0.4366	0.4793	0.728	0.1055	0.0496
(25, 50)	false	3.676	0.3946	0.3967	4.048	0.351	0.3736	-0.372	-0.0436	-0.0231
(25, 50)	false	3.496	0.4618	0.4661	3.778	0.3938	0.4645	-0.282	-0.068	-0.0017
(25, 50)	false	4.174	0.3562	0.4149	4.07	0.3466	0.4149	0.104	-0.0095	0
(25, 50)	false	3.318	0.4484	0.4975	3.18	0.4799	0.5256	0.138	0.0315	0.0281
(25, 50)	false	3.128	0.4805	0.4992	3.184	0.4854	0.5339	-0.056	0.005	0.0347
(25, 50)	false	3.628	0.4315	0.443	3.582	0.4123	0.4364	0.046	-0.0192	-0.0066
(25, 50)	false	3.434	0.4472	0.4645	3.886	0.3712	0.4793	-0.452	-0.076	0.0149
(25, 50)	true	3.12	0.4983	0.4645	3.232	0.473	0.4496	0.112	0.0253	0.0149
(25, 50)	false	4.2	0.3412	0.4628	3.88	0.3958	0.4149	0.32	0.0545	-0.0479
(25, 35)	false	4.246	0.3311	0.4298	3.514	0.4216	0.4529	0.732	0.0905	0.0231
(25, 35)	true	3.676	0.3946	0.3967	3.742	0.3774	0.3868	0.066	0.0173	0.0099
(25, 35)	false	3.496	0.4618	0.4661	3.45	0.4257	0.4893	0.046	-0.0361	0.0231
(25, 35)	false	4.174	0.3562	0.4149	3.936	0.39	0.4727	0.238	0.0338	0.0579
(25, 35)	true	3.318	0.4484	0.4975	2.944	0.5623	0.5405	-0.374	-0.1139	-0.043
(25, 35)	true	3.128	0.4805	0.4992	2.94	0.5558	0.5322	-0.188	-0.0753	-0.0331
(25, 35)	true	3.628	0.4315	0.443	3.406	0.442	0.4512	-0.222	-0.0105	-0.0083
(25, 35)	false	3.434	0.4472	0.4645	3.138	0.4611	0.5008	0.296	0.0139	0.0364
(25, 35)	false	3.12	0.4983	0.4645	2.962	0.5374	0.5124	0.158	0.0391	0.0479
(25, 35)	false	4.2	0.3412	0.4628	3.984	0.3585	0.4364	0.216	0.0173	-0.0264
(27, 50)	false	4.246	0.3311	0.4298	3.862	0.3984	0.4678	0.384	0.0673	0.038
(27, 50)	false	3.676	0.3946	0.3967	3.772	0.3913	0.3636	-0.096	-0.0034	-0.0331
(27, 50)	true	3.496	0.4618	0.4661	3.72	0.4048	0.4711	0.224	0.057	-0.005
(27, 50)	false	4.174	0.3562	0.4149	4.01	0.3856	0.4496	0.164	0.0295	0.0347
(27, 50)	true	3.318	0.4484	0.4975	3.778	0.3532	0.476	0.46	0.0952	0.0215
(27, 50)	true	3.128	0.4805	0.4992	3.756	0.3904	0.4826	0.628	0.09	0.0165
(27, 50)	false	3.628	0.4315	0.443	3.62	0.421	0.5041	0.008	-0.0105	0.0612
(27, 50)	false	3.434	0.4472	0.4645	3.29	0.4659	0.4793	0.144	0.0188	0.0149
(27, 50)	false	3.12	0.4983	0.4645	3.012	0.5261	0.5091	0.108	0.0277	0.0446
(27, 50)	false	4.2	0.3412	0.4628	3.746	0.4088	0.438	0.454	0.0676	-0.0248
(20, 41)	false	4.246	0.3311	0.4298	3.082	0.5109	0.4727	1.164	0.1798	0.043
(20, 41)	false	3.676	0.3946	0.3967	3.688	0.4056	0.4132	-0.012	0.011	0.0165
(20, 41)	false	3.496	0.4618	0.4661	3.288	0.5002	0.4529	0.208	0.0384	-0.0132
(20, 41)	false	4.174	0.3562	0.4149	3.59	0.4118	0.4529	0.584	0.0556	0.038
(20, 41)	false	3.318	0.4484	0.4975	3.598	0.4413	0.5107	-0.28	-0.0071	0.0132
(20, 41)	false	3.128	0.4805	0.4992	3.452	0.4711	0.5223	-0.324	-0.0094	0.0231
(20, 41)	false	3.628	0.4315	0.443	3.586	0.4259	0.4562	0.042	-0.0056	0.0132
(20, 41)	false	3.434	0.4472	0.4645	3.064	0.5101	0.4843	0.37	0.0629	0.0198
(20, 41)	false	3.12	0.4983	0.4645	3.096	0.4996	0.5074	0.024	0.0013	0.043
(20, 41)	false	4.2	0.3412	0.4628	3.664	0.425	0.5025	0.536	0.0837	0.0397
(21, 39)	false	4.246	0.3311	0.4298	3.558	0.4218	0.4595	0.688	0.0907	0.0298
(21, 39)	false	3.676	0.3946	0.3967	3.932	0.3363	0.3752	-0.256	-0.0583	-0.0215
(21, 39)	false	3.496	0.4618	0.4661	3.622	0.4114	0.4661	-0.126	-0.0504	-0
(21, 39)	false	4.174	0.3562	0.4149	3.992	0.3667	0.4413	0.182	0.0105	0.0264
(21, 39)	false	3.318	0.4484	0.4975	3.158	0.4871	0.4926	0.16	0.0388	-0.005
(21, 39)	false	3.128	0.4805	0.4992	3.232	0.4892	0.5124	-0.104	0.0088	0.0132
(21, 39)	false	3.628	0.4315	0.443	3.78	0.3932	0.4694	-0.152	-0.0383	0.0264
(21, 39)	false	3.434	0.4472	0.4645	3.308	0.4556	0.476	0.126	0.0085	0.0116
(21, 39)	true	3.12	0.4983	0.4645	3.544	0.4237	0.4479	0.424	0.0746	0.0165
(21, 39)	false	4.2	0.3412	0.4628	3.806	0.386	0.4413	0.394	0.0448	-0.0215
(20, 55)	false	4.246	0.3311	0.4298	3.722	0.3973	0.4149	0.524	0.0662	-0.0149
(20, 55)	false	3.676	0.3946	0.3967	4.09	0.3522	0.3719	-0.414	-0.0424	-0.0248
(20, 55)	false	3.496	0.4618	0.4661	3.354	0.4867	0.514	0.142	0.0249	0.0479
(20, 55)	false	4.174	0.3562	0.4149	4.1	0.3816	0.4512	0.074	0.0255	0.0364
(20, 55)	false	3.318	0.4484	0.4975	3.742	0.3767	0.481	-0.424	-0.0717	-0.0165
(20, 55)	false	3.128	0.4805	0.4992	3.624	0.4211	0.5273	-0.496	-0.0593	0.0281
(20, 55)	false	3.628	0.4315	0.443	3.936	0.3525	0.4463	-0.308	-0.079	0.0033
(20, 55)	true	3.434	0.4472	0.4645	3.318	0.4793	0.4727	-0.116	-0.0321	-0.0083
(20, 55)	true	3.12	0.4983	0.4645	3.352	0.4456	0.4413	0.232	0.0527	0.0231
(20, 55)	false	4.2	0.3412	0.4628	3.892	0.3743	0.4694	0.308	0.033	0.0066
(20, 40)	false	4.246	0.3311	0.4298	3.634	0.4326	0.4793	0.612	0.1016	0.0496
(20, 40)	false	3.676	0.3946	0.3967	3.766	0.3902	0.4116	-0.09	-0.0045	0.0149
(20, 40)	true	3.496	0.4618	0.4661	3.694	0.3706	0.4579	0.198	0.0912	0.0083
(20, 40)	false	4.174	0.3562	0.4149	3.904	0.3704	0.4479	0.27	0.0143	0.0331
(20, 40)	true	3.318	0.4484	0.4975	3.502	0.4346	0.5058	0.184	0.0138	-0.0083
(20, 40)	true	3.128	0.4805	0.4992	3.46	0.4382	0.5124	0.332	0.0423	-0.0132
(20, 40)	false	3.628	0.4315	0.443	3.868	0.385	0.4529	-0.24	-0.0465	0.0099
(20, 40)	false	3.434	0.4472	0.4645	3.504	0.4265	0.4446	-0.07	-0.0206	-0.0198
(20, 40)	true	3.12	0.4983	0.4645	3.226	0.5023	0.4612	0.106	-0.004	0.0033
(20, 40)	false	4.2	0.3412	0.4628	3.516	0.462	0.4694	0.684	0.1208	0.0066
(5, 36)	false	4.246	0.3311	0.4298	3.49	0.4386	0.4727	0.756	0.1075	0.043
(5, 36)	false	3.676	0.3946	0.3967	4.204	0.3228	0.3884	-0.528	-0.0718	-0.0083
(5, 36)	false	3.496	0.4618	0.4661	3.442	0.4826	0.5074	0.054	0.0208	0.0413
(5, 36)	false	4.174	0.3562	0.4149	4.01	0.3771	0.4661	0.164	0.021	0.0512
(5, 36)	false	3.318	0.4484	0.4975	3.494	0.4248	0.5107	-0.176	-0.0235	0.0132
(5, 36)	false	3.128	0.4805	0.4992	3.418	0.4491	0.5041	-0.29	-0.0314	0.005
(5, 36)	false	3.628	0.4315	0.443	3.962	0.3868	0.4595	-0.334	-0.0447	0.0165
(5, 36)	true	3.434	0.4472	0.4645	3.592	0.3983	0.4496	0.158	0.0489	0.0149
(5, 36)	false	3.12	0.4983	0.4645	2.916	0.5275	0.4562	0.204	0.0292	-0.0083
(5, 36)	false	4.2	0.3412	0.4628	4.01	0.3676	0.4215	0.19	0.0264	-0.0413
(24, 51)	false	4.246	0.3311	0.4298	4.164	0.3353	0.4281	0.082	0.0042	-0.0017
(24, 51)	true	3.676	0.3946	0.3967	3.968	0.3361	0.3438	0.292	0.0585	0.0529
(24, 51)	true	3.496	0.4618	0.4661	3.886	0.3619	0.4612	0.39	0.0999	0.005
(24, 51)	false	4.174	0.3562	0.4149	3.984	0.398	0.4364	0.19	0.0418	0.0215
(24, 51)	false	3.318	0.4484	0.4975	3.394	0.4623	0.4992	-0.076	0.0139	0.0017
(24, 51)	false	3.128	0.4805	0.4992	3.48	0.4262	0.4793	-0.352	-0.0543	-0.0198
(24, 51)	false	3.628	0.4315	0.443	3.364	0.4541	0.4612	0.264	0.0226	0.0182
(24, 51)	false	3.434	0.4472	0.4645	3.412	0.4564	0.4876	0.022	0.0092	0.0231
(24, 51)	false	3.12	0.4983	0.4645	3.79	0.3954	0.4612	-0.67	-0.1029	-0.0033
(24, 51)	false	4.2	0.3412	0.4628	3.9	0.3814	0.4182	0.3	0.0402	-0.0446
(25, 49)	false	4.246	0.3311	0.4298	3.792	0.3871	0.4529	0.454	0.056	0.0231
(25, 49)	true	3.676	0.3946	0.3967	4.032	0.3721	0.3438	0.356	0.0226	0.0529
(25, 49)	true	3.496	0.4618	0.4661	3.804	0.3721	0.4678	0.308	0.0897	-0.0017
(25, 49)	false	4.174	0.3562	0.4149	3.922	0.372	0.4347	0.252	0.0158	0.0198
(25, 49)	false	3.318	0.4484	0.4975	3.578	0.4467	0.5256	-0.26	-0.0017	0.0281
(25, 49)	false	3.128	0.4805	0.4992	3.59	0.4377	0.5174	-0.462	-0.0428	0.0182
(25, 49)	true	3.628	0.4315	0.443	3.768	0.403	0.4579	0.14	0.0285	-0.0149
(25, 49)	false	3.434	0.4472	0.4645	3.512	0.423	0.438	-0.078	-0.0242	-0.0264
(25, 49)	false	3.12	0.4983	0.4645	3.086	0.5069	0.5091	0.034	0.0086	0.0446
(25, 49)	false	4.2	0.3412	0.4628	4.116	0.3359	0.4215	0.084	-0.0053	-0.0413
(23, 35)	false	4.246	0.3311	0.4298	3.39	0.4397	0.4579	0.856	0.1086	0.0281
(23, 35)	false	3.676	0.3946	0.3967	3.99	0.3309	0.3653	-0.314	-0.0637	-0.0314
(23, 35)	false	3.496	0.4618	0.4661	3.856	0.39	0.4347	-0.36	-0.0718	-0.0314
(23, 35)	false	4.174	0.3562	0.4149	3.786	0.4077	0.4347	0.388	0.0515	0.0198
(23, 35)	false	3.318	0.4484	0.4975	3.162	0.4979	0.5289	0.156	0.0495	0.0314
(23, 35)	false	3.128	0.4805	0.4992	3.202	0.4809	0.5091	-0.074	0.0004	0.0099
(23, 35)	true	3.628	0.4315	0.443	3.58	0.4089	0.4364	-0.048	0.0226	0.0066
(23, 35)	false	3.434	0.4472	0.4645	3.274	0.4664	0.4645	0.16	0.0192	0
(23, 35)	false	3.12	0.4983	0.4645	3.404	0.461	0.476	-0.284	-0.0373	0.0116
(23, 35)	false	4.2	0.3412	0.4628	4.046	0.3654	0.4628	0.154	0.0242	0
(22, 38)	false	4.246	0.3311	0.4298	3.966	0.3781	0.4413	0.28	0.047	0.0116
(22, 38)	false	3.676	0.3946	0.3967	4.276	0.2997	0.3504	-0.6	-0.095	-0.0463
(22, 38)	true	3.496	0.4618	0.4661	3.868	0.381	0.4595	0.372	0.0808	0.0066
(22, 38)	true	4.174	0.3562	0.4149	3.894	0.3924	0.4463	-0.28	-0.0363	-0.0314
(22, 38)	true	3.318	0.4484	0.4975	2.984	0.5305	0.5273	-0.334	-0.0821	-0.0298
(22, 38)	true	3.128	0.4805	0.4992	3.156	0.4879	0.5058	0.028	-0.0074	-0.0066
(22, 38)	true	3.628	0.4315	0.443	3.502	0.4415	0.481	-0.126	-0.01	-0.038
(22, 38)	true	3.434	0.4472	0.4645	3.408	0.4548	0.4777	-0.026	-0.0076	-0.0132
(22, 38)	false	3.12	0.4983	0.4645	3.16	0.4897	0.4843	-0.04	-0.0087	0.0198
(22, 38)	false	4.2	0.3412	0.4628	3.904	0.3937	0.4942	0.296	0.0524	0.0314
(25, 34)	false	4.246	0.3311	0.4298	3.486	0.4265	0.4612	0.76	0.0954	0.0314
(25, 34)	true	3.676	0.3946	0.3967	3.972	0.3671	0.3554	0.296	0.0275	0.0413
(25, 34)	true	3.496	0.4618	0.4661	3.574	0.463	0.5388	0.078	-0.0012	-0.0727
(25, 34)	false	4.174	0.3562	0.4149	3.904	0.3894	0.4281	0.27	0.0333	0.0132
(25, 34)	false	3.318	0.4484	0.4975	3.512	0.4229	0.5041	-0.194	-0.0255	0.0066
(25, 34)	false	3.128	0.4805	0.4992	3.426	0.4585	0.4975	-0.298	-0.0219	-0.0017
(25, 34)	true	3.628	0.4315	0.443	3.44	0.4598	0.4248	-0.188	-0.0284	0.0182
(25, 34)	false	3.434	0.4472	0.4645	3.974	0.393	0.4612	-0.54	-0.0542	-0.0033
(25, 34)	false	3.12	0.4983	0.4645	2.958	0.5298	0.514	0.162	0.0315	0.0496
(25, 34)	false	4.2	0.3412	0.4628	4.07	0.367	0.4562	0.13	0.0258	-0.0066
(22, 51)	false	4.246	0.3311	0.4298	3.302	0.4691	0.438	0.944	0.138	0.0083
(22, 51)	false	3.676	0.3946	0.3967	3.65	0.4019	0.3603	0.026	0.0073	-0.0364
(22, 51)	false	3.496	0.4618	0.4661	3.688	0.3805	0.4843	-0.192	-0.0813	0.0182
(22, 51)	false	4.174	0.3562	0.4149	3.784	0.4121	0.4446	0.39	0.056	0.0298
(22, 51)	false	3.318	0.4484	0.4975	3.562	0.4499	0.5058	-0.244	0.0015	0.0083
(22, 51)	false	3.128	0.4805	0.4992	3.4	0.447	0.5107	-0.272	-0.0334	0.0116
(22, 51)	false	3.628	0.4315	0.443	3.104	0.4924	0.4975	0.524	0.0609	0.0545
(22, 51)	false	3.434	0.4472	0.4645	3.596	0.417	0.4826	-0.162	-0.0301	0.0182
(22, 51)	false	3.12	0.4983	0.4645	3.252	0.4516	0.476	-0.132	-0.0468	0.0116
(22, 51)	false	4.2	0.3412	0.4628	3.582	0.427	0.4264	0.618	0.0858	-0.0364
(2, 57)	true	4.246	0.3311	0.4298	3.914	0.3766	0.4347	-0.332	-0.0455	-0.005
(2, 57)	false	3.676	0.3946	0.3967	3.676	0.4169	0.4231	0	0.0223	0.0264
(2, 57)	false	3.496	0.4618	0.4661	3.846	0.4036	0.4727	-0.35	-0.0582	0.0066
(2, 57)	false	4.174	0.3562	0.4149	4.152	0.3565	0.405	0.022	0.0003	-0.0099
(2, 57)	false	3.318	0.4484	0.4975	3.558	0.4404	0.5289	-0.24	-0.008	0.0314
(2, 57)	false	3.128	0.4805	0.4992	3.494	0.4574	0.5405	-0.366	-0.0231	0.0413
(2, 57)	true	3.628	0.4315	0.443	3.43	0.4693	0.4413	-0.198	-0.0378	0.0017
(2, 57)	false	3.434	0.4472	0.4645	3.618	0.4171	0.4595	-0.184	-0.0301	-0.005
(2, 57)	true	3.12	0.4983	0.4645	3.344	0.4749	0.4661	0.224	0.0234	-0.0017
(2, 57)	false	4.2	0.3412	0.4628	3.836	0.3984	0.4793	0.364	0.0571	0.0165
(25, 32)	true	4.246	0.3311	0.4298	4.066	0.3474	0.3983	-0.18	-0.0164	0.0314
(25, 32)	false	3.676	0.3946	0.3967	4.182	0.3074	0.3405	-0.506	-0.0873	-0.0562
(25, 32)	false	3.496	0.4618	0.4661	3.756	0.4356	0.4727	-0.26	-0.0262	0.0066
(25, 32)	false	4.174	0.3562	0.4149	3.736	0.4144	0.4826	0.438	0.0582	0.0678
(25, 32)	false	3.318	0.4484	0.4975	3.626	0.4024	0.4992	-0.308	-0.046	0.0017
(25, 32)	false	3.128	0.4805	0.4992	3.964	0.3594	0.5107	-0.836	-0.1211	0.0116
(25, 32)	false	3.628	0.4315	0.443	3.254	0.4773	0.4281	0.374	0.0458	-0.0149
(25, 32)	false	3.434	0.4472	0.4645	3.632	0.4159	0.4397	-0.198	-0.0312	-0.0248
(25, 32)	true	3.12	0.4983	0.4645	3.138	0.5285	0.519	0.018	-0.0302	-0.0545
(25, 32)	false	4.2	0.3412	0.4628	3.806	0.379	0.4562	0.394	0.0377	-0.0066
(23, 60)	true	4.246	0.3311	0.4298	3.504	0.4414	0.4364	-0.742	-0.1103	-0.0066
(23, 60)	false	3.676	0.3946	0.3967	4.078	0.315	0.3653	-0.402	-0.0797	-0.0314
(23, 60)	false	3.496	0.4618	0.4661	3.438	0.4777	0.4909	0.058	0.0159	0.0248
(23, 60)	true	4.174	0.3562	0.4149	4.038	0.3566	0.3835	-0.136	-0.0005	0.0314
(23, 60)	false	3.318	0.4484	0.4975	3.522	0.4385	0.4711	-0.204	-0.0099	-0.0264
(23, 60)	false	3.128	0.4805	0.4992	3.542	0.4324	0.4744	-0.414	-0.048	-0.0248
(23, 60)	false	3.628	0.4315	0.443	3.288	0.4838	0.4959	0.34	0.0523	0.0529
(23, 60)	false	3.434	0.4472	0.4645	3.628	0.4035	0.4694	-0.194	-0.0437	0.005
(23, 60)	false	3.12	0.4983	0.4645	3.504	0.4299	0.5025	-0.384	-0.0685	0.038
(23, 60)	false	4.2	0.3412	0.4628	3.654	0.4241	0.4678	0.546	0.0828	0.005
(3, 13)	false	4.246	0.3311	0.4298	4.276	0.319	0.4529	-0.03	-0.0121	0.0231
(3, 13)	false	3.676	0.3946	0.3967	4.002	0.3505	0.357	-0.326	-0.0442	-0.0397
(3, 13)	false	3.496	0.4618	0.4661	3.67	0.4512	0.519	-0.174	-0.0106	0.0529
(3, 13)	false	4.174	0.3562	0.4149	3.988	0.3392	0.3967	0.186	-0.017	-0.0182
(3, 13)	false	3.318	0.4484	0.4975	3.27	0.4881	0.4893	0.048	0.0397	-0.0083
(3, 13)	false	3.128	0.4805	0.4992	3.7	0.4419	0.4595	-0.572	-0.0385	-0.0397
(3, 13)	false	3.628	0.4315	0.443	3.45	0.475	0.4942	0.178	0.0435	0.0512
(3, 13)	true	3.434	0.4472	0.4645	3.276	0.4601	0.481	-0.158	-0.0129	-0.0165
(3, 13)	false	3.12	0.4983	0.4645	3.002	0.4968	0.4595	0.118	-0.0015	-0.005
(3, 13)	false	4.2	0.3412	0.4628	3.334	0.4685	0.4909	0.866	0.1273	0.0281
(22, 53)	true	4.246	0.3311	0.4298	3.384	0.4661	0.4744	-0.862	-0.135	-0.0446
(22, 53)	false	3.676	0.3946	0.3967	4.11	0.3405	0.4017	-0.434	-0.0541	0.005
(22, 53)	false	3.496	0.4618	0.4661	3.622	0.461	0.4612	-0.126	-0.0008	-0.005
(22, 53)	false	4.174	0.3562	0.4149	3.818	0.3885	0.4661	0.356	0.0324	0.0512
(22, 53)	false	3.318	0.4484	0.4975	3.056	0.5259	0.5322	0.262	0.0775	0.0347
(22, 53)	false	3.128	0.4805	0.4992	3.33	0.4872	0.4975	-0.202	0.0067	-0.0017
(22, 53)	false	3.628	0.4315	0.443	3.352	0.4538	0.438	0.276	0.0223	-0.005
(22, 53)	true	3.434	0.4472	0.4645	3.618	0.4314	0.443	0.184	0.0158	0.0215
(22, 53)	false	3.12	0.4983	0.4645	3.154	0.4707	0.4777	-0.034	-0.0276	0.0132
(22, 53)	false	4.2	0.3412	0.4628	4.07	0.3339	0.4562	0.13	-0.0073	-0.0066
(42, 53)	false	4.246	0.3311	0.4298	3.448	0.4528	0.4975	0.798	0.1218	0.0678
(42, 53)	false	3.676	0.3946	0.3967	3.744	0.3251	0.4	-0.068	-0.0695	0.0033
(42, 53)	false	3.496	0.4618	0.4661	3.322	0.4958	0.476	0.174	0.034	0.0099
(42, 53)	false	4.174	0.3562	0.4149	4.106	0.3561	0.4116	0.068	-0	-0.0033
(42, 53)	false	3.318	0.4484	0.4975	3.372	0.4608	0.5289	-0.054	0.0124	0.0314
(42, 53)	false	3.128	0.4805	0.4992	3.39	0.4632	0.5207	-0.262	-0.0172	0.0215
(42, 53)	false	3.628	0.4315	0.443	3.596	0.4331	0.4711	0.032	0.0016	0.0281
(42, 53)	false	3.434	0.4472	0.4645	3.37	0.4344	0.438	0.064	-0.0127	-0.0264
(42, 53)	true	3.12	0.4983	0.4645	3.288	0.4802	0.4463	0.168	0.0181	0.0182
(42, 53)	false	4.2	0.3412	0.4628	3.798	0.376	0.443	0.402	0.0347	-0.0198
(14, 38)	false	4.246	0.3311	0.4298	3.204	0.4825	0.4678	1.042	0.1515	0.038
(14, 38)	false	3.676	0.3946	0.3967	3.644	0.4159	0.3868	0.032	0.0213	-0.0099
(14, 38)	false	3.496	0.4618	0.4661	3.39	0.4675	0.4744	0.106	0.0057	0.0083
(14, 38)	false	4.174	0.3562	0.4149	3.596	0.4316	0.4149	0.578	0.0754	0
(14, 38)	false	3.318	0.4484	0.4975	3.444	0.4505	0.5355	-0.126	0.0021	0.038
(14, 38)	false	3.128	0.4805	0.4992	3.416	0.4518	0.5355	-0.288	-0.0286	0.0364
(14, 38)	false	3.628	0.4315	0.443	3.464	0.4594	0.4364	0.164	0.0279	-0.0066
(14, 38)	false	3.434	0.4472	0.4645	3.248	0.4756	0.4694	0.186	0.0284	0.005
(14, 38)	false	3.12	0.4983	0.4645	3.032	0.483	0.4926	0.088	-0.0153	0.0281
(14, 38)	false	4.2	0.3412	0.4628	3.52	0.4482	0.4479	0.68	0.107	-0.0149
(3, 57)	false	4.246	0.3311	0.4298	3.986	0.3774	0.4364	0.26	0.0463	0.0066
(3, 57)	false	3.676	0.3946	0.3967	3.72	0.3948	0.3719	-0.044	0.0002	-0.0248
(3, 57)	false	3.496	0.4618	0.4661	3.428	0.4636	0.486	0.068	0.0018	0.0198
(3, 57)	true	4.174	0.3562	0.4149	3.686	0.4165	0.4364	-0.488	-0.0604	-0.0215
(3, 57)	false	3.318	0.4484	0.4975	3.474	0.4525	0.5339	-0.156	0.0041	0.0364
(3, 57)	false	3.128	0.4805	0.4992	3.318	0.4842	0.5421	-0.19	0.0038	0.043
(3, 57)	false	3.628	0.4315	0.443	3.576	0.4149	0.4826	0.052	-0.0166	0.0397
(3, 57)	false	3.434	0.4472	0.4645	3.418	0.4429	0.4926	0.016	-0.0042	0.0281
(3, 57)	true	3.12	0.4983	0.4645	3.33	0.4719	0.4975	0.21	0.0264	-0.0331
(3, 57)	false	4.2	0.3412	0.4628	3.796	0.3933	0.4694	0.404	0.0521	0.0066
(1, 57)	false	4.246	0.3311	0.4298	3.44	0.4766	0.4959	0.806	0.1455	0.0661
(1, 57)	false	3.676	0.3946	0.3967	3.796	0.4223	0.4017	-0.12	0.0277	0.005
(1, 57)	false	3.496	0.4618	0.4661	3.568	0.4481	0.5058	-0.072	-0.0137	0.0397
(1, 57)	false	4.174	0.3562	0.4149	3.756	0.3847	0.4347	0.418	0.0285	0.0198
(1, 57)	true	3.318	0.4484	0.4975	3.802	0.3672	0.4678	0.484	0.0812	0.0298
(1, 57)	true	3.128	0.4805	0.4992	3.896	0.3837	0.4562	0.768	0.0967	0.043
(1, 57)	true	3.628	0.4315	0.443	3.512	0.4651	0.4413	-0.116	-0.0336	0.0017
(1, 57)	true	3.434	0.4472	0.4645	3.866	0.3738	0.4331	0.432	0.0734	0.0314
(1, 57)	false	3.12	0.4983	0.4645	3.328	0.4425	0.4512	-0.208	-0.0558	-0.0132
(1, 57)	false	4.2	0.3412	0.4628	3.738	0.4034	0.4711	0.462	0.0622	0.0083
(20, 38)	true	4.246	0.3311	0.4298	3.096	0.4959	0.4975	-1.15	-0.1648	-0.0678
(20, 38)	false	3.676	0.3946	0.3967	3.754	0.3985	0.395	-0.078	0.0039	-0.0017
(20, 38)	false	3.496	0.4618	0.4661	3.734	0.406	0.4727	-0.238	-0.0558	0.0066
(20, 38)	true	4.174	0.3562	0.4149	4.012	0.3528	0.4182	-0.162	0.0034	-0.0033
(20, 38)	false	3.318	0.4484	0.4975	3.382	0.466	0.481	-0.064	0.0176	-0.0165
(20, 38)	false	3.128	0.4805	0.4992	3.638	0.427	0.4843	-0.51	-0.0535	-0.0149
(20, 38)	true	3.628	0.4315	0.443	3.422	0.4634	0.4711	-0.206	-0.0319	-0.0281
(20, 38)	false	3.434	0.4472	0.4645	3.116	0.4729	0.4777	0.318	0.0257	0.0132
(20, 38)	false	3.12	0.4983	0.4645	3.216	0.4957	0.4876	-0.096	-0.0026	0.0231
(20, 38)	false	4.2	0.3412	0.4628	4.39	0.3392	0.4314	-0.19	-0.0021	-0.0314
(21, 54)	true	4.246	0.3311	0.4298	3.414	0.4332	0.4463	-0.832	-0.1021	-0.0165
(21, 54)	true	3.676	0.3946	0.3967	4.222	0.3141	0.3653	0.546	0.0805	0.0314
(21, 54)	true	3.496	0.4618	0.4661	3.466	0.455	0.481	-0.03	0.0068	-0.0149
(21, 54)	true	4.174	0.3562	0.4149	3.882	0.3697	0.438	-0.292	-0.0135	-0.0231
(21, 54)	false	3.318	0.4484	0.4975	3.172	0.4929	0.4975	0.146	0.0445	0
(21, 54)	false	3.128	0.4805	0.4992	3.438	0.4569	0.4843	-0.31	-0.0236	-0.0149
(21, 54)	false	3.628	0.4315	0.443	3.518	0.4321	0.4612	0.11	0.0006	0.0182
(21, 54)	true	3.434	0.4472	0.4645	3.302	0.4823	0.4612	-0.132	-0.0351	0.0033
(21, 54)	false	3.12	0.4983	0.4645	3.288	0.4413	0.5041	-0.168	-0.057	0.0397
(21, 54)	false	4.2	0.3412	0.4628	3.836	0.3785	0.438	0.364	0.0373	-0.0248
(5, 35)	false	4.246	0.3311	0.4298	3.904	0.3888	0.4512	0.342	0.0577	0.0215
(5, 35)	true	3.676	0.3946	0.3967	3.722	0.3536	0.2942	0.046	0.041	0.1025
(5, 35)	true	3.496	0.4618	0.4661	3.726	0.4182	0.4826	0.23	0.0436	-0.0165
(5, 35)	false	4.174	0.3562	0.4149	4.02	0.3651	0.3983	0.154	0.009	-0.0165
(5, 35)	true	3.318	0.4484	0.4975	3.796	0.3895	0.4975	0.478	0.0589	0
(5, 35)	true	3.128	0.4805	0.4992	3.812	0.3871	0.4876	0.684	0.0934	0.0116
(5, 35)	false	3.628	0.4315	0.443	3.818	0.3933	0.4612	-0.19	-0.0382	0.0182
(5, 35)	true	3.434	0.4472	0.4645	3.116	0.4965	0.4826	-0.318	-0.0493	-0.0182
(5, 35)	false	3.12	0.4983	0.4645	3.262	0.468	0.4711	-0.142	-0.0303	0.0066
(5, 35)	false	4.2	0.3412	0.4628	3.588	0.439	0.481	0.612	0.0978	0.0182
(42, 51)	true	4.246	0.3311	0.4298	4.076	0.3382	0.3917	-0.17	-0.0071	0.038
(42, 51)	true	3.676	0.3946	0.3967	3.892	0.3892	0.3587	0.216	0.0054	0.038
(42, 51)	true	3.496	0.4618	0.4661	3.454	0.4704	0.4744	-0.042	-0.0086	-0.0083
(42, 51)	false	4.174	0.3562	0.4149	3.846	0.378	0.4281	0.328	0.0219	0.0132
(42, 51)	false	3.318	0.4484	0.4975	3.078	0.4807	0.4926	0.24	0.0323	-0.005
(42, 51)	false	3.128	0.4805	0.4992	3.056	0.5035	0.5074	0.072	0.023	0.0083
(42, 51)	true	3.628	0.4315	0.443	3.584	0.4457	0.4364	-0.044	-0.0142	0.0066
(42, 51)	false	3.434	0.4472	0.4645	4.046	0.3577	0.4165	-0.612	-0.0895	-0.0479
(42, 51)	true	3.12	0.4983	0.4645	2.896	0.5251	0.4529	-0.224	-0.0267	0.0116
(42, 51)	false	4.2	0.3412	0.4628	3.592	0.4145	0.4727	0.608	0.0733	0.0099
(3, 37)	false	4.246	0.3311	0.4298	3.452	0.4565	0.4744	0.794	0.1254	0.0446
(3, 37)	false	3.676	0.3946	0.3967	3.868	0.3243	0.3983	-0.192	-0.0704	0.0017
(3, 37)	true	3.496	0.4618	0.4661	3.968	0.4016	0.4612	0.472	0.0602	0.005
(3, 37)	false	4.174	0.3562	0.4149	3.99	0.3655	0.4198	0.184	0.0093	0.005
(3, 37)	false	3.318	0.4484	0.4975	3.374	0.4902	0.4992	-0.056	0.0419	0.0017
(3, 37)	false	3.128	0.4805	0.4992	3.446	0.4829	0.4893	-0.318	0.0024	-0.0099
(3, 37)	true	3.628	0.4315	0.443	3.774	0.3841	0.4198	0.146	0.0474	0.0231
(3, 37)	false	3.434	0.4472	0.4645	3.426	0.4268	0.4496	0.008	-0.0204	-0.0149
(3, 37)	false	3.12	0.4983	0.4645	3.232	0.4778	0.4992	-0.112	-0.0205	0.0347
(3, 37)	false	4.2	0.3412	0.4628	3.572	0.4553	0.4744	0.628	0.1141	0.0116
(19, 55)	false	4.246	0.3311	0.4298	4.078	0.3394	0.4066	0.168	0.0083	-0.0231
(19, 55)	true	3.676	0.3946	0.3967	3.746	0.3843	0.3603	0.07	0.0103	0.0364
(19, 55)	true	3.496	0.4618	0.4661	3.586	0.4333	0.4579	0.09	0.0285	0.0083
(19, 55)	true	4.174	0.3562	0.4149	3.692	0.4228	0.443	-0.482	-0.0667	-0.0281
(19, 55)	true	3.318	0.4484	0.4975	3.678	0.4333	0.481	0.36	0.0151	0.0165
(19, 55)	true	3.128	0.4805	0.4992	3.606	0.4284	0.4661	0.478	0.0521	0.0331
(19, 55)	false	3.628	0.4315	0.443	3.438	0.4443	0.4727	0.19	0.0128	0.0298
(19, 55)	true	3.434	0.4472	0.4645	3.668	0.4267	0.476	0.234	0.0204	-0.0116
(19, 55)	true	3.12	0.4983	0.4645	3.008	0.5286	0.4942	-0.112	-0.0302	-0.0298
(19, 55)	false	4.2	0.3412	0.4628	3.808	0.4047	0.4149	0.392	0.0634	-0.0479
(2, 58)	false	4.246	0.3311	0.4298	3.192	0.4803	0.4876	1.054	0.1492	0.0579
(2, 58)	false	3.676	0.3946	0.3967	4.136	0.3473	0.3669	-0.46	-0.0473	-0.0298
(2, 58)	false	3.496	0.4618	0.4661	3.58	0.382	0.476	-0.084	-0.0798	0.0099
(2, 58)	true	4.174	0.3562	0.4149	3.978	0.3886	0.4331	-0.196	-0.0325	-0.0182
(2, 58)	false	3.318	0.4484	0.4975	2.99	0.5382	0.5471	0.328	0.0898	0.0496
(2, 58)	false	3.128	0.4805	0.4992	3.166	0.5279	0.5587	-0.038	0.0474	0.0595
(2, 58)	false	3.628	0.4315	0.443	3.402	0.4682	0.4364	0.226	0.0367	-0.0066
(2, 58)	false	3.434	0.4472	0.4645	3.804	0.3866	0.4645	-0.37	-0.0606	0
(2, 58)	false	3.12	0.4983	0.4645	2.948	0.5184	0.5124	0.172	0.02	0.0479
(2, 58)	false	4.2	0.3412	0.4628	3.688	0.4303	0.4793	0.512	0.0891	0.0165
(42, 52)	false	4.246	0.3311	0.4298	3.504	0.4414	0.4744	0.742	0.1104	0.0446
(42, 52)	true	3.676	0.3946	0.3967	4.244	0.322	0.3504	0.568	0.0726	0.0463
(42, 52)	true	3.496	0.4618	0.4661	3.678	0.4058	0.4826	0.182	0.056	-0.0165
(42, 52)	true	4.174	0.3562	0.4149	3.856	0.4078	0.4463	-0.318	-0.0517	-0.0314
(42, 52)	true	3.318	0.4484	0.4975	3.3	0.4707	0.5289	-0.018	-0.0223	-0.0314
(42, 52)	true	3.128	0.4805	0.4992	3.158	0.4763	0.5041	0.03	0.0042	-0.005
(42, 52)	false	3.628	0.4315	0.443	3.378	0.4857	0.4612	0.25	0.0542	0.0182
(42, 52)	false	3.434	0.4472	0.4645	3.584	0.4201	0.4479	-0.15	-0.027	-0.0165
(42, 52)	false	3.12	0.4983	0.4645	3.126	0.5111	0.5405	-0.006	0.0128	0.076
(42, 52)	false	4.2	0.3412	0.4628	4.098	0.3483	0.4463	0.102	0.007	-0.0165
(26, 48)	true	4.246	0.3311	0.4298	3.722	0.4073	0.405	-0.524	-0.0763	0.0248
(26, 48)	false	3.676	0.3946	0.3967	3.876	0.3599	0.3587	-0.2	-0.0347	-0.038
(26, 48)	false	3.496	0.4618	0.4661	3.892	0.3753	0.4595	-0.396	-0.0865	-0.0066
(26, 48)	false	4.174	0.3562	0.4149	4.206	0.3329	0.3983	-0.032	-0.0232	-0.0165
(26, 48)	false	3.318	0.4484	0.4975	3.656	0.4017	0.4364	-0.338	-0.0467	-0.0612
(26, 48)	true	3.434	0.4472	0.4645	3.344	0.454	0.4942	-0.09	-0.0068	-0.0298
(26, 48)	true	3.12	0.4983	0.4645	3.556	0.4105	0.4446	0.436	0.0879	0.0198
(26, 48)	false	4.2	0.3412	0.4628	3.868	0.3905	0.4529	0.332	0.0492	-0.0099
(1, 19)	true	4.246	0.3311	0.4298	3.596	0.426	0.4248	-0.65	-0.095	0.005
(1, 19)	true	3.676	0.3946	0.3967	3.938	0.3416	0.3322	0.262	0.053	0.0645