(56, 87)	false	3.3520	0.6301	0.4790	3.3040	0.6437	0.4647	0.0480	0.0136	-0.0143
(56, 87)	false	3.3780	0.6338	0.4429	3.2380	0.6392	0.4496	0.1400	0.0054	0.0067
(56, 87)	true	3.4160	0.6181	0.4479	3.2900	0.6234	0.4538	-0.1260	-0.0053	-0.0059
(56, 87)	true	3.4640	0.6051	0.4420	3.3360	0.6173	0.4420	-0.1280	-0.0122	0.0000
(56, 87)	false	3.2700	0.6233	0.4479	3.3200	0.6358	0.4958	-0.0500	0.0125	0.0479
(56, 87)	false	3.1580	0.6358	0.4697	3.1540	0.6336	0.4639	0.0040	-0.0022	-0.0059
(56, 87)	false	3.9120	0.5621	0.4143	3.8500	0.5706	0.4126	0.0620	0.0085	-0.0017
(56, 87)	true	3.5360	0.5953	0.4571	3.6460	0.5879	0.4538	0.1100	0.0074	0.0034
(56, 87)	true	3.6080	0.5769	0.4420	3.6300	0.5744	0.4101	0.0220	0.0025	0.0319
(56, 87)	true	3.5880	0.5822	0.4210	3.5860	0.5739	0.4328	-0.0020	0.0084	-0.0118
(4, 89)	false	3.3520	0.6301	0.4790	3.2520	0.6273	0.4748	0.1000	-0.0028	-0.0042
(4, 89)	true	3.3780	0.6338	0.4429	3.2660	0.6189	0.4681	-0.1120	0.0149	-0.0252
(4, 89)	false	3.4160	0.6181	0.4479	3.4160	0.6073	0.4361	0.0000	-0.0108	-0.0118
(4, 89)	false	3.4640	0.6051	0.4420	3.5380	0.5970	0.4328	-0.0740	-0.0081	-0.0092
(4, 89)	false	3.2700	0.6233	0.4479	3.3320	0.6276	0.4513	-0.0620	0.0043	0.0034
(4, 89)	true	3.1580	0.6358	0.4697	3.1700	0.6297	0.4840	0.0120	0.0062	-0.0143
(4, 89)	false	3.9120	0.5621	0.4143	3.9980	0.5568	0.3832	-0.0860	-0.0054	-0.0311
(4, 89)	false	3.5360	0.5953	0.4571	3.4080	0.6186	0.4824	0.1280	0.0233	0.0252
(4, 89)	true	3.6080	0.5769	0.4420	3.6580	0.5746	0.4025	0.0500	0.0023	0.0395
(4, 89)	true	3.5880	0.5822	0.4210	3.6920	0.5788	0.4034	0.1040	0.0035	0.0176
(23, 59)	false	3.3520	0.6301	0.4790	3.3040	0.6327	0.4538	0.0480	0.0027	-0.0252
(23, 59)	false	3.3780	0.6338	0.4429	3.3640	0.6327	0.4521	0.0140	-0.0011	0.0092
(23, 59)	false	3.4160	0.6181	0.4479	3.2760	0.6265	0.4454	0.1400	0.0084	-0.0025
(23, 59)	false	3.4640	0.6051	0.4420	3.3340	0.6089	0.4210	0.1300	0.0038	-0.0210
(23, 59)	true	3.2700	0.6233	0.4479	3.3400	0.6237	0.4849	0.0700	-0.0004	-0.0370
(23, 59)	false	3.1580	0.6358	0.4697	3.1800	0.6253	0.4681	-0.0220	-0.0105	-0.0017
(23, 59)	false	3.9120	0.5621	0.4143	4.1000	0.5366	0.3748	-0.1880	-0.0256	-0.0395
(23, 59)	true	3.5360	0.5953	0.4571	3.4260	0.6002	0.4714	-0.1100	-0.0049	-0.0143
(23, 59)	true	3.6080	0.5769	0.4420	3.6240	0.5798	0.4168	0.0160	-0.0029	0.0252
(23, 59)	true	3.5880	0.5822	0.4210	3.6860	0.5740	0.3958	0.0980	0.0082	0.0252
(4, 104)	false	3.3520	0.6301	0.4790	3.2600	0.6330	0.4462	0.0920	0.0030	-0.0328
(4, 104)	false	3.3780	0.6338	0.4429	3.3580	0.6320	0.4697	0.0200	-0.0018	0.0269
(4, 104)	true	3.4160	0.6181	0.4479	3.5340	0.6001	0.4269	0.1180	0.0180	0.0210
(4, 104)	true	3.4640	0.6051	0.4420	3.4180	0.6023	0.4269	-0.0460	0.0028	0.0151
(4, 104)	false	3.2700	0.6233	0.4479	3.3180	0.6236	0.4639	-0.0480	0.0003	0.0160
(4, 104)	false	3.1580	0.6358	0.4697	3.2880	0.6057	0.4563	-0.1300	-0.0301	-0.0134
(4, 104)	false	3.9120	0.5621	0.4143	3.8300	0.5521	0.4000	0.0820	-0.0101	-0.0143
(4, 104)	true	3.5360	0.5953	0.4571	3.3900	0.6029	0.4555	-0.1460	-0.0076	0.0017
(4, 104)	true	3.6080	0.5769	0.4420	3.5880	0.5879	0.4328	-0.0200	-0.0110	0.0092
(4, 104)	true	3.5880	0.5822	0.4210	3.5500	0.5811	0.4210	-0.0380	0.0011	0.0000
(59, 78)	true	3.3520	0.6301	0.4790	3.3960	0.6139	0.4546	0.0440	0.0161	0.0244
(59, 78)	true	3.3780	0.6338	0.4429	3.3460	0.6310	0.4471	-0.0320	0.0029	-0.0042
(59, 78)	false	3.4160	0.6181	0.4479	3.4460	0.6182	0.4395	-0.0300	0.0002	-0.0084
(59, 78)	true	3.4640	0.6051	0.4420	3.4740	0.6036	0.4487	0.0100	0.0015	-0.0067
(59, 78)	true	3.2700	0.6233	0.4479	3.4280	0.6091	0.4286	0.1580	0.0142	0.0193
(59, 78)	false	3.1580	0.6358	0.4697	3.3280	0.6067	0.4689	-0.1700	-0.0292	-0.0008
(59, 78)	false	3.9120	0.5621	0.4143	3.9220	0.5517	0.3966	-0.0100	-0.0105	-0.0176
(59, 78)	false	3.5360	0.5953	0.4571	3.5720	0.5989	0.4882	-0.0360	0.0036	0.0311
(59, 78)	true	3.6080	0.5769	0.4420	3.6260	0.5821	0.4193	0.0180	-0.0052	0.0227
(59, 78)	true	3.5880	0.5822	0.4210	3.5660	0.5941	0.4269	-0.0220	-0.0119	-0.0059
(24, 39)	false	3.3520	0.6301	0.4790	3.4440	0.6306	0.4639	-0.0920	0.0005	-0.0151
(24, 39)	false	3.3780	0.6338	0.4429	3.2300	0.6373	0.4689	0.1480	0.0034	0.0261
(24, 39)	false	3.4160	0.6181	0.4479	3.3180	0.6339	0.4487	0.0980	0.0159	0.0008
(24, 39)	true	3.4640	0.6051	0.4420	3.3220	0.6189	0.4353	-0.1420	-0.0138	0.0067
(24, 39)	false	3.2700	0.6233	0.4479	3.4460	0.6187	0.4714	-0.1760	-0.0046	0.0235
(24, 39)	false	3.1580	0.6358	0.4697	3.3200	0.6128	0.4723	-0.1620	-0.0230	0.0025
(24, 39)	false	3.9120	0.5621	0.4143	3.9180	0.5607	0.4143	-0.0060	-0.0014	0.0000
(24, 39)	false	3.5360	0.5953	0.4571	3.4060	0.6053	0.4958	0.1300	0.0100	0.0387
(24, 39)	true	3.6080	0.5769	0.4420	3.6600	0.5699	0.4261	0.0520	0.0070	0.0160
(24, 39)	true	3.5880	0.5822	0.4210	3.6820	0.5624	0.4151	0.0940	0.0199	0.0059
(52, 85)	false	3.3520	0.6301	0.4790	3.3140	0.6383	0.4731	0.0380	0.0083	-0.0059
(52, 85)	true	3.3780	0.6338	0.4429	3.3120	0.6353	0.4773	-0.0660	-0.0014	-0.0345
(52, 85)	false	3.4160	0.6181	0.4479	3.3400	0.6111	0.4118	0.0760	-0.0070	-0.0361
(52, 85)	false	3.4640	0.6051	0.4420	3.3460	0.6127	0.4571	0.1180	0.0076	0.0151
(52, 85)	false	3.2700	0.6233	0.4479	3.2520	0.6342	0.4655	0.0180	0.0110	0.0176
(52, 85)	true	3.1580	0.6358	0.4697	3.3760	0.6179	0.4538	0.2180	0.0179	0.0160
(52, 85)	false	3.9120	0.5621	0.4143	3.9940	0.5476	0.3849	-0.0820	-0.0145	-0.0294
(52, 85)	false	3.5360	0.5953	0.4571	3.3820	0.6056	0.4714	0.1540	0.0103	0.0143
(52, 85)	true	3.6080	0.5769	0.4420	3.6720	0.5639	0.4109	0.0640	0.0130	0.0311
(52, 85)	true	3.5880	0.5822	0.4210	3.6540	0.5637	0.4126	0.0660	0.0186	0.0084
(16, 89)	false	3.3520	0.6301	0.4790	3.3320	0.6227	0.4429	0.0200	-0.0074	-0.0361
(16, 89)	true	3.3780	0.6338	0.4429	3.3760	0.6254	0.4437	-0.0020	0.0084	-0.0008
(16, 89)	false	3.4160	0.6181	0.4479	3.4020	0.6228	0.4395	0.0140	0.0048	-0.0084
(16, 89)	false	3.4640	0.6051	0.4420	3.2020	0.6291	0.4655	0.2620	0.0240	0.0235
(16, 89)	true	3.2700	0.6233	0.4479	3.6960	0.5887	0.4563	0.4260	0.0346	-0.0084
(16, 89)	true	3.1580	0.6358	0.4697	3.3920	0.6081	0.4345	0.2340	0.0278	0.0353
(16, 89)	true	3.9120	0.5621	0.4143	3.7620	0.5567	0.4126	-0.1500	0.0054	0.0017
(16, 89)	false	3.5360	0.5953	0.4571	3.3420	0.6243	0.4857	0.1940	0.0290	0.0286
(16, 89)	true	3.6080	0.5769	0.4420	3.9100	0.5469	0.3891	0.3020	0.0300	0.0529
(16, 89)	true	3.5880	0.5822	0.4210	3.7700	0.5744	0.4076	0.1820	0.0078	0.0134
(16, 61)	true	3.3520	0.6301	0.4790	3.2060	0.6474	0.4588	-0.1460	-0.0173	0.0202
(16, 61)	false	3.3780	0.6338	0.4429	3.2800	0.6402	0.4731	0.0980	0.0063	0.0303
(16, 61)	false	3.4160	0.6181	0.4479	3.2920	0.6287	0.4412	0.1240	0.0107	-0.0067
(16, 61)	false	3.4640	0.6051	0.4420	3.3420	0.6204	0.4748	0.1220	0.0153	0.0328
(16, 61)	false	3.2700	0.6233	0.4479	3.4520	0.6121	0.4672	-0.1820	-0.0112	0.0193
(16, 61)	false	3.1580	0.6358	0.4697	3.1980	0.6207	0.4588	-0.0400	-0.0151	-0.0109
(16, 61)	false	3.9120	0.5621	0.4143	3.7980	0.5503	0.4109	0.1140	-0.0118	-0.0034
(16, 61)	true	3.5360	0.5953	0.4571	3.3740	0.6098	0.4706	-0.1620	-0.0145	-0.0134
(16, 61)	true	3.6080	0.5769	0.4420	3.5820	0.5757	0.4185	-0.0260	0.0012	0.0235
(16, 61)	true	3.5880	0.5822	0.4210	3.5780	0.5721	0.4277	-0.0100	0.0101	-0.0067
(78, 89)	false	3.3520	0.6301	0.4790	3.4040	0.6185	0.4538	-0.0520	-0.0115	-0.0252
(78, 89)	false	3.3780	0.6338	0.4429	3.1080	0.6475	0.4874	0.2700	0.0137	0.0445
(78, 89)	true	3.4160	0.6181	0.4479	3.4320	0.6165	0.4479	0.0160	0.0016	0.0000
(78, 89)	false	3.4640	0.6051	0.4420	3.4160	0.6133	0.4429	0.0480	0.0082	0.0008
(78, 89)	false	3.2700	0.6233	0.4479	3.3500	0.6257	0.4706	-0.0800	0.0024	0.0227
(78, 89)	true	3.1580	0.6358	0.4697	3.2840	0.6247	0.4647	0.1260	0.0112	0.0050
(78, 89)	true	3.9120	0.5621	0.4143	3.8820	0.5525	0.3958	-0.0300	0.0096	0.0185
(78, 89)	true	3.5360	0.5953	0.4571	3.3620	0.6063	0.4798	-0.1740	-0.0110	-0.0227
(78, 89)	true	3.6080	0.5769	0.4420	3.7380	0.5592	0.3908	0.1300	0.0177	0.0513
(78, 89)	true	3.5880	0.5822	0.4210	3.8020	0.5484	0.4059	0.2140	0.0338	0.0151
(89, 102)	true	3.3520	0.6301	0.4790	3.4940	0.6253	0.4538	0.1420	0.0047	0.0252
(89, 102)	false	3.3780	0.6338	0.4429	3.2100	0.6352	0.4849	0.1680	0.0014	0.0420
(89, 102)	false	3.4160	0.6181	0.4479	3.3160	0.6407	0.4387	0.1000	0.0226	-0.0092
(89, 102)	true	3.4640	0.6051	0.4420	3.3660	0.6021	0.4235	-0.0980	0.0030	0.0185
(89, 102)	false	3.2700	0.6233	0.4479	3.3540	0.6229	0.4403	-0.0840	-0.0004	-0.0076
(89, 102)	true	3.1580	0.6358	0.4697	3.2760	0.6238	0.4756	0.1180	0.0120	-0.0059
(89, 102)	false	3.9120	0.5621	0.4143	4.0260	0.5428	0.3798	-0.1140	-0.0194	-0.0345
(89, 102)	false	3.5360	0.5953	0.4571	3.3420	0.6204	0.4697	0.1940	0.0251	0.0126
(89, 102)	true	3.6080	0.5769	0.4420	3.6100	0.5779	0.4269	0.0020	-0.0010	0.0151
(89, 102)	true	3.5880	0.5822	0.4210	3.5680	0.5841	0.4202	-0.0200	-0.0019	0.0008
(57, 79)	false	3.3520	0.6301	0.4790	3.2720	0.6296	0.4513	0.0800	-0.0004	-0.0277
(57, 79)	false	3.3780	0.6338	0.4429	3.2700	0.6323	0.4714	0.1080	-0.0016	0.0286
(57, 79)	false	3.4160	0.6181	0.4479	3.2520	0.6265	0.4420	0.1640	0.0084	-0.0059
(57, 79)	false	3.4640	0.6051	0.4420	3.3500	0.6095	0.4395	0.1140	0.0044	-0.0025
(57, 79)	false	3.2700	0.6233	0.4479	3.5520	0.5944	0.4403	-0.2820	-0.0289	-0.0076
(57, 79)	false	3.1580	0.6358	0.4697	3.2200	0.6195	0.4639	-0.0620	-0.0163	-0.0059
(57, 79)	true	3.9120	0.5621	0.4143	3.9140	0.5483	0.3941	0.0020	0.0139	0.0202
(57, 79)	false	3.5360	0.5953	0.4571	3.4120	0.6070	0.4714	0.1240	0.0117	0.0143
(57, 79)	true	3.6080	0.5769	0.4420	3.6100	0.5795	0.4378	0.0020	-0.0026	0.0042
(57, 79)	true	3.5880	0.5822	0.4210	3.6360	0.5838	0.4588	0.0480	-0.0015	-0.0378
(20, 86)	true	3.3520	0.6301	0.4790	3.3620	0.6120	0.4361	0.0100	0.0180	0.0429
(20, 86)	true	3.3780	0.6338	0.4429	3.3720	0.6360	0.4538	-0.0060	-0.0022	-0.0109
(20, 86)	true	3.4160	0.6181	0.4479	3.3780	0.6196	0.4429	-0.0380	-0.0016	0.0050
(20, 86)	false	3.4640	0.6051	0.4420	3.2180	0.6226	0.4504	0.2460	0.0176	0.0084
(20, 86)	true	3.2700	0.6233	0.4479	3.4480	0.5932	0.4555	0.1780	0.0301	-0.0076
(20, 86)	false	3.1580	0.6358	0.4697	3.3300	0.6085	0.4588	-0.1720	-0.0273	-0.0109
(20, 86)	false	3.9120	0.5621	0.4143	3.7980	0.5535	0.4084	0.1140	-0.0087	-0.0059
(20, 86)	false	3.5360	0.5953	0.4571	3.4020	0.6024	0.4790	0.1340	0.0071	0.0218
(20, 86)	true	3.6080	0.5769	0.4420	3.6420	0.5810	0.4134	0.0340	-0.0041	0.0286
(20, 86)	true	3.5880	0.5822	0.4210	3.5240	0.5853	0.4353	-0.0640	-0.0031	-0.0143
(92, 101)	false	3.3520	0.6301	0.4790	3.3200	0.6293	0.4689	0.0320	-0.0008	-0.0101
(92, 101)	false	3.3780	0.6338	0.4429	3.3660	0.6210	0.4563	0.0120	-0.0128	0.0134
(92, 101)	false	3.4160	0.6181	0.4479	3.1200	0.6258	0.4403	0.2960	0.0078	-0.0076
(92, 101)	false	3.4640	0.6051	0.4420	3.3200	0.6118	0.4244	0.1440	0.0067	-0.0176
(92, 101)	false	3.2700	0.6233	0.4479	3.4720	0.6188	0.4697	-0.2020	-0.0045	0.0218
(92, 101)	false	3.1580	0.6358	0.4697	3.3160	0.6187	0.4748	-0.1580	-0.0171	0.0050
(92, 101)	false	3.9120	0.5621	0.4143	4.0040	0.5621	0.3950	-0.0920	-0.0000	-0.0193
(92, 101)	false	3.5360	0.5953	0.4571	3.5160	0.5997	0.4664	0.0200	0.0045	0.0092
(92, 101)	true	3.6080	0.5769	0.4420	3.4740	0.5915	0.4328	-0.1340	-0.0146	0.0092
(92, 101)	true	3.5880	0.5822	0.4210	3.5920	0.5708	0.4235	0.0040	0.0115	-0.0025
(4, 10)	false	3.3520	0.6301	0.4790	3.2480	0.6333	0.4697	0.1040	0.0032	-0.0092
(4, 10)	false	3.3780	0.6338	0.4429	3.3120	0.6362	0.4563	0.0660	0.0024	0.0134
(4, 10)	true	3.4160	0.6181	0.4479	3.3340	0.6360	0.4429	-0.0820	-0.0180	0.0050
(4, 10)	false	3.4640	0.6051	0.4420	3.4500	0.6001	0.4193	0.0140	-0.0050	-0.0227
(4, 10)	false	3.2700	0.6233	0.4479	3.4520	0.6183	0.4563	-0.1820	-0.0050	0.0084
(4, 10)	false	3.1580	0.6358	0.4697	3.1700	0.6364	0.4664	-0.0120	0.0005	-0.0034
(4, 10)	true	3.9120	0.5621	0.4143	3.7940	0.5501	0.4067	-0.1180	0.0121	0.0076
(4, 10)	false	3.5360	0.5953	0.4571	3.5180	0.6030	0.4798	0.0180	0.0077	0.0227
(4, 10)	true	3.6080	0.5769	0.4420	3.7140	0.5689	0.4235	0.1060	0.0080	0.0185
(4, 10)	true	3.5880	0.5822	0.4210	3.7620	0.5694	0.4235	0.1740	0.0129	-0.0025
(42, 56)	true	3.3520	0.6301	0.4790	3.1060	0.6538	0.5084	-0.2460	-0.0237	-0.0294
(42, 56)	true	3.3780	0.6338	0.4429	3.2660	0.6394	0.4546	-0.1120	-0.0056	-0.0118
(42, 56)	false	3.4160	0.6181	0.4479	3.5580	0.6090	0.4319	-0.1420	-0.0090	-0.0160
(42, 56)	false	3.4640	0.6051	0.4420	3.2420	0.6287	0.4513	0.2220	0.0237	0.0092
(42, 56)	true	3.2700	0.6233	0.4479	3.4360	0.6025	0.4639	0.1660	0.0207	-0.0160
(42, 56)	false	3.1580	0.6358	0.4697	3.1680	0.6323	0.4664	-0.0100	-0.0036	-0.0034
(42, 56)	false	3.9120	0.5621	0.4143	4.0280	0.5528	0.3950	-0.1160	-0.0094	-0.0193
(42, 56)	false	3.5360	0.5953	0.4571	3.5000	0.5913	0.4832	0.0360	-0.0040	0.0261
(42, 56)	true	3.6080	0.5769	0.4420	3.6500	0.5736	0.4151	0.0420	0.0033	0.0269
(42, 56)	true	3.5880	0.5822	0.4210	3.5760	0.5837	0.4303	-0.0120	-0.0015	-0.0092
(43, 57)	true	3.3520	0.6301	0.4790	3.3440	0.6255	0.4487	-0.0080	0.0045	0.0303
(43, 57)	false	3.3780	0.6338	0.4429	3.2240	0.6350	0.4723	0.1540	0.0012	0.0294
(43, 57)	false	3.4160	0.6181	0.4479	3.2340	0.6377	0.4655	0.1820	0.0196	0.0176
(43, 57)	true	3.4640	0.6051	0.4420	3.5540	0.5960	0.4303	0.0900	0.0091	0.0118
(43, 57)	false	3.2700	0.6233	0.4479	3.4460	0.6055	0.4731	-0.1760	-0.0178	0.0252
(43, 57)	false	3.1580	0.6358	0.4697	3.2960	0.6181	0.4899	-0.1380	-0.0177	0.0202
(43, 57)	false	3.9120	0.5621	0.4143	4.0660	0.5443	0.4084	-0.1540	-0.0178	-0.0059
(43, 57)	false	3.5360	0.5953	0.4571	3.1640	0.6252	0.4748	0.3720	0.0299	0.0176
(43, 57)	true	3.6080	0.5769	0.4420	3.6500	0.5815	0.4378	0.0420	-0.0046	0.0042
(43, 57)	true	3.5880	0.5822	0.4210	3.6440	0.5840	0.4479	0.0560	-0.0018	-0.0269
(19, 65)	false	3.3520	0.6301	0.4790	3.1420	0.6413	0.4891	0.2100	0.0112	0.0101
(19, 65)	false	3.3780	0.6338	0.4429	3.3680	0.6329	0.4513	0.0100	-0.0009	0.0084
(19, 65)	false	3.4160	0.6181	0.4479	3.5040	0.6135	0.4571	-0.0880	-0.0045	0.0092
(19, 65)	true	3.4640	0.6051	0.4420	3.3440	0.6179	0.4437	-0.1200	-0.0128	-0.0017
(19, 65)	false	3.2700	0.6233	0.4479	3.3260	0.6088	0.4647	-0.0560	-0.0144	0.0168
(19, 65)	false	3.1580	0.6358	0.4697	3.1460	0.6405	0.5017	0.0120	0.0046	0.0319
(19, 65)	false	3.9120	0.5621	0.4143	3.9840	0.5603	0.4109	-0.0720	-0.0018	-0.0034
(19, 65)	false	3.5360	0.5953	0.4571	3.2300	0.6211	0.4941	0.3060	0.0258	0.0370
(19, 65)	true	3.6080	0.5769	0.4420	3.7720	0.5718	0.4336	0.1640	0.0051	0.0084
(19, 65)	true	3.5880	0.5822	0.4210	3.7220	0.5779	0.4269	0.1340	0.0043	-0.0059
(58, 80)	false	3.3520	0.6301	0.4790	3.3380	0.6348	0.4655	0.0140	0.0048	-0.0134
(58, 80)	false	3.3780	0.6338	0.4429	3.4180	0.6292	0.4538	-0.0400	-0.0047	0.0109
(58, 80)	false	3.4160	0.6181	0.4479	3.5300	0.6097	0.4454	-0.1140	-0.0083	-0.0025
(58, 80)	true	3.4640	0.6051	0.4420	3.3620	0.6160	0.4319	-0.1020	-0.0110	0.0101
(58, 80)	false	3.2700	0.6233	0.4479	3.4800	0.5979	0.4471	-0.2100	-0.0254	-0.0008
(58, 80)	false	3.1580	0.6358	0.4697	3.2160	0.6303	0.4580	-0.0580	-0.0055	-0.0118
(58, 80)	true	3.9120	0.5621	0.4143	3.9540	0.5495	0.3992	0.0420	0.0127	0.0151
(58, 80)	true	3.5360	0.5953	0.4571	3.4720	0.6077	0.4580	-0.0640	-0.0124	-0.0008
(58, 80)	true	3.6080	0.5769	0.4420	3.6820	0.5870	0.4672	0.0740	-0.0101	-0.0252
(58, 80)	true	3.5880	0.5822	0.4210	3.5900	0.5820	0.4622	0.0020	0.0002	-0.0412
(58, 78)	false	3.3520	0.6301	0.4790	3.3380	0.6285	0.4714	0.0140	-0.0016	-0.0076
(58, 78)	false	3.3780	0.6338	0.4429	3.2060	0.6406	0.4370	0.1720	0.0068	-0.0059
(58, 78)	true	3.4160	0.6181	0.4479	3.3440	0.6188	0.4084	-0.0720	-0.0007	0.0395
(58, 78)	true	3.4640	0.6051	0.4420	3.4360	0.6000	0.4261	-0.0280	0.0051	0.0160
(58, 78)	false	3.2700	0.6233	0.4479	3.2820	0.6348	0.4756	-0.0120	0.0115	0.0277
(58, 78)	false	3.1580	0.6358	0.4697	3.1700	0.6399	0.5025	-0.0120	0.0041	0.0328
(58, 78)	false	3.9120	0.5621	0.4143	3.9980	0.5470	0.3866	-0.0860	-0.0152	-0.0277
(58, 78)	false	3.5360	0.5953	0.4571	3.4180	0.6035	0.4689	0.1180	0.0082	0.0118
(58, 78)	true	3.6080	0.5769	0.4420	3.5160	0.5855	0.4487	-0.0920	-0.0086	-0.0067
(58, 78)	true	3.5880	0.5822	0.4210	3.5300	0.5775	0.4235	-0.0580	0.0047	-0.0025
(79, 87)	true	3.3520	0.6301	0.4790	3.3460	0.6391	0.4647	-0.0060	-0.0091	0.0143
(79, 87)	false	3.3780	0.6338	0.4429	3.3000	0.6256	0.4765	0.0780	-0.0082	0.0336
(79, 87)	false	3.4160	0.6181	0.4479	3.2140	0.6323	0.4361	0.2020	0.0142	-0.0118
(79, 87)	false	3.4640	0.6051	0.4420	3.3820	0.5993	0.4311	0.0820	-0.0058	-0.0109
(79, 87)	true	3.2700	0.6233	0.4479	3.4120	0.6012	0.4697	0.1420	0.0221	-0.0218
(79, 87)	true	3.1580	0.6358	0.4697	3.1700	0.6358	0.4782	0.0120	0.0001	-0.0084
(79, 87)	true	3.9120	0.5621	0.4143	4.0280	0.5422	0.3983	0.1160	0.0199	0.0160
(79, 87)	false	3.5360	0.5953	0.4571	3.3100	0.6170	0.4706	0.2260	0.0218	0.0134
(79, 87)	true	3.6080	0.5769	0.4420	3.5580	0.5660	0.4185	-0.0500	0.0109	0.0235
(79, 87)	true	3.5880	0.5822	0.4210	3.6180	0.5760	0.4303	0.0300	0.0062	-0.0092
(20, 79)	false	3.3520	0.6301	0.4790	3.5480	0.6103	0.4563	-0.1960	-0.0198	-0.0227
(20, 79)	false	3.3780	0.6338	0.4429	3.2940	0.6468	0.4765	0.0840	0.0130	0.0336
(20, 79)	false	3.4160	0.6181	0.4479	3.4760	0.6143	0.4370	-0.0600	-0.0037	-0.0109
(20, 79)	false	3.4640	0.6051	0.4420	3.3780	0.6061	0.4429	0.0860	0.0010	0.0008
(20, 79)	false	3.2700	0.6233	0.4479	3.4760	0.6161	0.4773	-0.2060	-0.0071	0.0294
(20, 79)	false	3.1580	0.6358	0.4697	3.2220	0.6342	0.4840	-0.0640	-0.0016	0.0143
(20, 79)	false	3.9120	0.5621	0.4143	3.9900	0.5484	0.3857	-0.0780	-0.0138	-0.0286
(20, 79)	false	3.5360	0.5953	0.4571	3.5160	0.5927	0.4445	0.0200	-0.0026	-0.0126
(20, 79)	true	3.6080	0.5769	0.4420	3.5880	0.5786	0.4345	-0.0200	-0.0017	0.0076
(20, 79)	true	3.5880	0.5822	0.4210	3.6660	0.5707	0.3983	0.0780	0.0115	0.0227
(60, 68)	false	3.3520	0.6301	0.4790	3.2560	0.6368	0.4697	0.0960	0.0068	-0.0092
(60, 68)	false	3.3780	0.6338	0.4429	3.3860	0.6223	0.4689	-0.0080	-0.0115	0.0261
(60, 68)	false	3.4160	0.6181	0.4479	3.4760	0.6092	0.4126	-0.0600	-0.0089	-0.0353
(60, 68)	false	3.4640	0.6051	0.4420	3.3560	0.6137	0.4395	0.1080	0.0086	-0.0025
