(37, 63)	false	3.568	0.535	0.3234	3.38	0.5671	0.329	0.188	0.032	0.0056
(37, 63)	false	2.982	0.6546	0.4374	3.018	0.6257	0.4168	-0.036	-0.029	-0.0206
(37, 63)	false	3.452	0.5774	0.4075	3.178	0.5923	0.4692	0.274	0.0149	0.0617
(37, 63)	true	3.616	0.5385	0.4131	3.47	0.5766	0.3813	-0.146	-0.0381	0.0318
(37, 63)	false	3.486	0.5541	0.3925	3.42	0.5459	0.3963	0.066	-0.0081	0.0037
(37, 63)	false	3.116	0.5911	0.4224	3.494	0.5377	0.4037	-0.378	-0.0535	-0.0187
(37, 63)	true	3.934	0.4251	0.3364	3.592	0.4808	0.3664	-0.342	-0.0558	-0.0299
(37, 63)	true	3.556	0.5501	0.3813	3.306	0.5919	0.3738	-0.25	-0.0418	0.0075
(37, 63)	false	3.438	0.5599	0.3925	3.592	0.5264	0.329	-0.154	-0.0335	-0.0636
(37, 63)	true	3.402	0.5336	0.372	3.618	0.5285	0.3607	0.216	0.0051	0.0112
(12, 85)	false	3.568	0.535	0.3234	3.208	0.5452	0.2897	0.36	0.0102	-0.0336
(12, 85)	false	2.982	0.6546	0.4374	2.906	0.6494	0.4093	0.076	-0.0053	-0.028
(12, 85)	false	3.452	0.5774	0.4075	2.874	0.6119	0.4168	0.578	0.0345	0.0093
(12, 85)	false	3.616	0.5385	0.4131	3.446	0.5753	0.3963	0.17	0.0368	-0.0168
(12, 85)	false	3.486	0.5541	0.3925	3.562	0.5211	0.3757	-0.076	-0.033	-0.0168
(12, 85)	false	3.116	0.5911	0.4224	3.256	0.5897	0.4206	-0.14	-0.0014	-0.0019
(12, 85)	false	3.934	0.4251	0.3364	3.274	0.4943	0.3869	0.66	0.0692	0.0505
(12, 85)	false	3.556	0.5501	0.3813	3.456	0.5436	0.3907	0.1	-0.0065	0.0093
(12, 85)	false	3.438	0.5599	0.3925	3.654	0.5139	0.3607	-0.216	-0.046	-0.0318
(12, 85)	true	3.402	0.5336	0.372	3.192	0.5449	0.3813	-0.21	-0.0113	-0.0093
(12, 81)	false	3.568	0.535	0.3234	3.218	0.5801	0.3439	0.35	0.0451	0.0206
(12, 81)	false	2.982	0.6546	0.4374	3.042	0.6426	0.3907	-0.06	-0.012	-0.0467
(12, 81)	false	3.452	0.5774	0.4075	3.16	0.5912	0.4206	0.292	0.0137	0.0131
(12, 81)	false	3.616	0.5385	0.4131	3.494	0.5596	0.3234	0.122	0.0211	-0.0897
(12, 81)	false	3.486	0.5541	0.3925	3.372	0.5385	0.3477	0.114	-0.0156	-0.0449
(12, 81)	false	3.116	0.5911	0.4224	3.068	0.5989	0.4	0.048	0.0078	-0.0224
(12, 81)	false	3.934	0.4251	0.3364	3.612	0.4864	0.3495	0.322	0.0613	0.0131
(12, 81)	false	3.556	0.5501	0.3813	3.264	0.59	0.3514	0.292	0.0398	-0.0299
(12, 81)	false	3.438	0.5599	0.3925	3.576	0.5304	0.3607	-0.138	-0.0295	-0.0318
(12, 81)	true	3.402	0.5336	0.372	3.59	0.5244	0.3626	0.188	0.0092	0.0093
(32, 39)	true	3.568	0.535	0.3234	3.248	0.5341	0.2953	-0.32	0.0009	0.028
(32, 39)	true	2.982	0.6546	0.4374	2.986	0.6156	0.4075	0.004	0.039	0.0299
(32, 39)	false	3.452	0.5774	0.4075	2.74	0.6654	0.4505	0.712	0.088	0.043
(32, 39)	true	3.616	0.5385	0.4131	3.61	0.5576	0.4336	-0.006	-0.0191	-0.0206
(32, 39)	true	3.486	0.5541	0.3925	3.724	0.5252	0.3888	0.238	0.0289	0.0037
(32, 39)	false	3.116	0.5911	0.4224	3.032	0.596	0.4355	0.084	0.0049	0.0131
(32, 39)	false	3.934	0.4251	0.3364	3.366	0.4768	0.3757	0.568	0.0517	0.0393
(32, 39)	false	3.556	0.5501	0.3813	3.156	0.5999	0.4	0.4	0.0498	0.0187
(32, 39)	true	3.438	0.5599	0.3925	3.612	0.5177	0.3607	0.174	0.0422	0.0318
(32, 39)	true	3.402	0.5336	0.372	3.524	0.5665	0.3421	0.122	-0.0329	0.0299
(26, 57)	false	3.568	0.535	0.3234	3.234	0.6026	0.3813	0.334	0.0676	0.0579
(26, 57)	false	2.982	0.6546	0.4374	3.04	0.6488	0.3925	-0.058	-0.0058	-0.0449
(26, 57)	false	3.452	0.5774	0.4075	2.944	0.6225	0.4318	0.508	0.0451	0.0243
(26, 57)	true	3.616	0.5385	0.4131	3.296	0.5643	0.4093	-0.32	-0.0258	0.0037
(26, 57)	false	3.486	0.5541	0.3925	3.374	0.5517	0.372	0.112	-0.0024	-0.0206
(26, 57)	false	3.116	0.5911	0.4224	3.41	0.569	0.4056	-0.294	-0.0221	-0.0168
(26, 57)	false	3.934	0.4251	0.3364	3.67	0.4572	0.3607	0.264	0.0322	0.0243
(26, 57)	true	3.556	0.5501	0.3813	3.244	0.5799	0.3907	-0.312	-0.0298	-0.0093
(26, 57)	false	3.438	0.5599	0.3925	3.416	0.5481	0.3944	0.022	-0.0117	0.0019
(26, 57)	true	3.402	0.5336	0.372	3.434	0.4967	0.3776	0.032	0.0369	-0.0056
(8, 73)	false	3.568	0.535	0.3234	3.142	0.5605	0.3383	0.426	0.0254	0.015
(8, 73)	false	2.982	0.6546	0.4374	2.84	0.6596	0.4	0.142	0.005	-0.0374
(8, 73)	false	3.452	0.5774	0.4075	2.922	0.651	0.4224	0.53	0.0736	0.015
(8, 73)	false	3.616	0.5385	0.4131	3.758	0.5235	0.4019	-0.142	-0.015	-0.0112
(8, 73)	false	3.486	0.5541	0.3925	3.634	0.5205	0.3533	-0.148	-0.0336	-0.0393
(8, 73)	false	3.116	0.5911	0.4224	3.14	0.5917	0.4168	-0.024	0.0006	-0.0056
(8, 73)	false	3.934	0.4251	0.3364	3.676	0.5132	0.4224	0.258	0.0881	0.086
(8, 73)	false	3.556	0.5501	0.3813	3.486	0.5643	0.4262	0.07	0.0141	0.0449
(8, 73)	false	3.438	0.5599	0.3925	3.472	0.5347	0.415	-0.034	-0.0252	0.0224
(8, 73)	true	3.402	0.5336	0.372	3.684	0.5299	0.3327	0.282	0.0037	0.0393
(25, 53)	false	3.568	0.535	0.3234	3.194	0.6183	0.3664	0.374	0.0832	0.043
(25, 53)	false	2.982	0.6546	0.4374	3.078	0.6408	0.4	-0.096	-0.0138	-0.0374
(25, 53)	false	3.452	0.5774	0.4075	3.438	0.5395	0.3551	0.014	-0.0379	-0.0523
(25, 53)	false	3.616	0.5385	0.4131	3.44	0.5401	0.3813	0.176	0.0016	-0.0318
(25, 53)	true	3.486	0.5541	0.3925	3.51	0.5239	0.3963	0.024	0.0302	-0.0037
(25, 53)	true	3.116	0.5911	0.4224	3.544	0.5631	0.428	0.428	0.028	-0.0056
(25, 53)	true	3.934	0.4251	0.3364	3.552	0.4678	0.3308	-0.382	-0.0427	0.0056
(25, 53)	true	3.556	0.5501	0.3813	3.138	0.6109	0.4131	-0.418	-0.0607	-0.0318
(25, 53)	true	3.438	0.5599	0.3925	3.644	0.5233	0.4075	0.206	0.0366	-0.015
(25, 53)	true	3.402	0.5336	0.372	3.854	0.509	0.3682	0.452	0.0245	0.0037
(16, 84)	true	3.568	0.535	0.3234	3.37	0.5356	0.2953	-0.198	-0.0005	0.028
(16, 84)	true	2.982	0.6546	0.4374	3.146	0.627	0.3813	0.164	0.0276	0.0561
(16, 84)	true	3.452	0.5774	0.4075	3.178	0.5851	0.3981	-0.274	-0.0077	0.0093
(16, 84)	false	3.616	0.5385	0.4131	3.408	0.572	0.4243	0.208	0.0335	0.0112
(16, 84)	false	3.486	0.5541	0.3925	3.524	0.536	0.3963	-0.038	-0.0181	0.0037
(16, 84)	false	3.116	0.5911	0.4224	3.328	0.5964	0.428	-0.212	0.0053	0.0056
(16, 84)	true	3.934	0.4251	0.3364	3.532	0.4751	0.3664	-0.402	-0.05	-0.0299
(16, 84)	true	3.556	0.5501	0.3813	3.402	0.5709	0.3701	-0.154	-0.0207	0.0112
(16, 84)	false	3.438	0.5599	0.3925	3.908	0.4827	0.3794	-0.47	-0.0771	-0.0131
(16, 84)	true	3.402	0.5336	0.372	3.5	0.5314	0.3869	0.098	0.0021	-0.015
(17, 84)	true	3.568	0.535	0.3234	3.244	0.5602	0.3308	-0.324	-0.0252	-0.0075
(17, 84)	true	2.982	0.6546	0.4374	3.262	0.6116	0.3533	0.28	0.043	0.0841
(17, 84)	true	3.452	0.5774	0.4075	3.358	0.5991	0.3813	-0.094	-0.0216	0.0262
(17, 84)	true	3.616	0.5385	0.4131	3.706	0.5208	0.4093	0.09	0.0177	0.0037
(17, 84)	false	3.486	0.5541	0.3925	3.298	0.5912	0.4262	0.188	0.0371	0.0336
(17, 84)	false	3.116	0.5911	0.4224	3.59	0.5571	0.4037	-0.474	-0.034	-0.0187
(17, 84)	true	3.934	0.4251	0.3364	3.536	0.4627	0.3252	-0.398	-0.0376	0.0112
(17, 84)	true	3.556	0.5501	0.3813	3.402	0.569	0.3963	-0.154	-0.0189	-0.015
(17, 84)	false	3.438	0.5599	0.3925	3.292	0.5556	0.4336	0.146	-0.0043	0.0411
(17, 84)	true	3.402	0.5336	0.372	3.388	0.5049	0.3271	-0.014	0.0286	0.0449
(38, 63)	false	3.568	0.535	0.3234	3.432	0.5101	0.3458	0.136	-0.0249	0.0224
(38, 63)	false	2.982	0.6546	0.4374	3.358	0.569	0.3589	-0.376	-0.0856	-0.0785
(38, 63)	false	3.452	0.5774	0.4075	3.132	0.6265	0.4579	0.32	0.0491	0.0505
(38, 63)	false	3.616	0.5385	0.4131	3.34	0.5674	0.4299	0.276	0.0289	0.0168
(38, 63)	false	3.486	0.5541	0.3925	3.186	0.5954	0.4336	0.3	0.0413	0.0411
(38, 63)	false	3.116	0.5911	0.4224	3.438	0.5789	0.3981	-0.322	-0.0122	-0.0243
(38, 63)	true	3.934	0.4251	0.3364	3.41	0.4615	0.3645	-0.524	-0.0364	-0.028
(38, 63)	false	3.556	0.5501	0.3813	3.38	0.5823	0.3944	0.176	0.0321	0.0131
(38, 63)	false	3.438	0.5599	0.3925	3.264	0.5897	0.4262	0.174	0.0299	0.0336
(38, 63)	true	3.402	0.5336	0.372	3.518	0.503	0.3458	0.116	0.0306	0.0262
(11, 86)	false	3.568	0.535	0.3234	3.074	0.5862	0.3346	0.494	0.0512	0.0112
(11, 86)	false	2.982	0.6546	0.4374	3.218	0.614	0.4	-0.236	-0.0406	-0.0374
(11, 86)	false	3.452	0.5774	0.4075	3.128	0.6128	0.4168	0.324	0.0353	0.0093
(11, 86)	true	3.616	0.5385	0.4131	3.324	0.5638	0.3981	-0.292	-0.0253	0.015
(11, 86)	true	3.486	0.5541	0.3925	3.496	0.5495	0.443	0.01	0.0045	-0.0505
(11, 86)	false	3.116	0.5911	0.4224	2.864	0.6237	0.4336	0.252	0.0326	0.0112
(11, 86)	true	3.934	0.4251	0.3364	3.46	0.4556	0.3589	-0.474	-0.0305	-0.0224
(11, 86)	false	3.556	0.5501	0.3813	3.192	0.5646	0.4037	0.364	0.0144	0.0224
(11, 86)	true	3.438	0.5599	0.3925	3.572	0.5382	0.4467	0.134	0.0216	-0.0542
(11, 86)	true	3.402	0.5336	0.372	3.992	0.5007	0.3551	0.59	0.0329	0.0168
(32, 38)	false	3.568	0.535	0.3234	3.318	0.5577	0.329	0.25	0.0227	0.0056
(32, 38)	false	2.982	0.6546	0.4374	3.15	0.6314	0.3794	-0.168	-0.0232	-0.0579
(32, 38)	true	3.452	0.5774	0.4075	3.436	0.5851	0.4168	-0.016	-0.0077	-0.0093
(32, 38)	false	3.616	0.5385	0.4131	3.43	0.5793	0.3907	0.186	0.0408	-0.0224
(32, 38)	false	3.486	0.5541	0.3925	3.474	0.5507	0.3813	0.012	-0.0034	-0.0112
(32, 38)	false	3.116	0.5911	0.4224	3.212	0.5788	0.415	-0.096	-0.0124	-0.0075
(32, 38)	false	3.934	0.4251	0.3364	3.414	0.4673	0.3346	0.52	0.0422	-0.0019
(32, 38)	true	3.556	0.5501	0.3813	3.822	0.5376	0.3738	0.266	0.0125	0.0075
(32, 38)	false	3.438	0.5599	0.3925	3.276	0.5672	0.3813	0.162	0.0073	-0.0112
(32, 38)	true	3.402	0.5336	0.372	3.716	0.5116	0.3421	0.314	0.0219	0.0299
(5, 70)	false	3.568	0.535	0.3234	3.324	0.5371	0.2897	0.244	0.002	-0.0336
(5, 70)	false	2.982	0.6546	0.4374	3.116	0.6381	0.4187	-0.134	-0.0166	-0.0187
(5, 70)	false	3.452	0.5774	0.4075	3.198	0.6138	0.4206	0.254	0.0364	0.0131
(5, 70)	false	3.616	0.5385	0.4131	3.842	0.4952	0.3682	-0.226	-0.0433	-0.0449
(5, 70)	false	3.486	0.5541	0.3925	3.456	0.5497	0.3776	0.03	-0.0043	-0.015
(5, 70)	false	3.116	0.5911	0.4224	3.232	0.5827	0.4449	-0.116	-0.0084	0.0224
(5, 70)	false	3.934	0.4251	0.3364	3.624	0.5297	0.3402	0.31	0.1046	0.0037
(5, 70)	true	3.556	0.5501	0.3813	3.538	0.5213	0.3234	-0.018	0.0288	0.0579
(5, 70)	false	3.438	0.5599	0.3925	3.39	0.5604	0.3645	0.048	0.0005	-0.028
(5, 70)	true	3.402	0.5336	0.372	3.814	0.4832	0.3327	0.412	0.0504	0.0393
(31, 69)	true	3.568	0.535	0.3234	3.174	0.5828	0.3402	-0.394	-0.0478	-0.0168
(31, 69)	true	2.982	0.6546	0.4374	3.062	0.6445	0.4318	0.08	0.0101	0.0056
(31, 69)	false	3.452	0.5774	0.4075	3.252	0.5972	0.3813	0.2	0.0198	-0.0262
(31, 69)	false	3.616	0.5385	0.4131	3.522	0.5385	0.4299	0.094	0	0.0168
(31, 69)	false	3.486	0.5541	0.3925	3.344	0.5508	0.3701	0.142	-0.0032	-0.0224
(31, 69)	false	3.116	0.5911	0.4224	3.248	0.5952	0.428	-0.132	0.0041	0.0056
(31, 69)	true	3.934	0.4251	0.3364	3.696	0.447	0.3402	-0.238	-0.022	-0.0037
(31, 69)	false	3.556	0.5501	0.3813	3.414	0.5685	0.3907	0.142	0.0184	0.0093
(31, 69)	false	3.438	0.5599	0.3925	3.628	0.5368	0.329	-0.19	-0.0231	-0.0636
(31, 69)	true	3.402	0.5336	0.372	3.846	0.5332	0.3477	0.444	0.0004	0.0243
(39, 62)	false	3.568	0.535	0.3234	3.72	0.4929	0.2935	-0.152	-0.0422	-0.0299
(39, 62)	false	2.982	0.6546	0.4374	3.308	0.5647	0.3589	-0.326	-0.0899	-0.0785
(39, 62)	false	3.452	0.5774	0.4075	3.184	0.5923	0.3757	0.268	0.0149	-0.0318
(39, 62)	false	3.616	0.5385	0.4131	3.268	0.5606	0.4206	0.348	0.0221	0.0075
(39, 62)	false	3.486	0.5541	0.3925	3.542	0.5234	0.3757	-0.056	-0.0307	-0.0168
(39, 62)	false	3.116	0.5911	0.4224	3.636	0.5543	0.428	-0.52	-0.0368	0.0056
(39, 62)	false	3.934	0.4251	0.3364	3.656	0.4835	0.372	0.278	0.0584	0.0355
(39, 62)	false	3.556	0.5501	0.3813	3.522	0.5518	0.3757	0.034	0.0017	-0.0056
(39, 62)	false	3.438	0.5599	0.3925	3.52	0.5185	0.357	-0.082	-0.0413	-0.0355
(39, 62)	true	3.402	0.5336	0.372	3.486	0.5096	0.3402	0.084	0.024	0.0318
(31, 73)	false	3.568	0.535	0.3234	3.394	0.564	0.3215	0.174	0.029	-0.0019
(31, 73)	false	2.982	0.6546	0.4374	3.002	0.6322	0.415	-0.02	-0.0224	-0.0224
(31, 73)	false	3.452	0.5774	0.4075	3.044	0.5794	0.4075	0.408	0.002	0
(31, 73)	true	3.616	0.5385	0.4131	3.584	0.4882	0.3421	-0.032	0.0503	0.071
(31, 73)	false	3.486	0.5541	0.3925	3.65	0.4958	0.3869	-0.164	-0.0583	-0.0056
(31, 73)	true	3.116	0.5911	0.4224	3.442	0.5671	0.3757	0.326	0.0241	0.0467
(31, 73)	false	3.934	0.4251	0.3364	3.612	0.4224	0.3271	0.322	-0.0027	-0.0093
(31, 73)	true	3.556	0.5501	0.3813	3.094	0.5487	0.3514	-0.462	0.0014	0.0299
(31, 73)	false	3.438	0.5599	0.3925	3.546	0.5193	0.3626	-0.108	-0.0406	-0.0299
(31, 73)	true	3.402	0.5336	0.372	3.658	0.5178	0.3794	0.256	0.0158	-0.0075
(16, 85)	false	3.568	0.535	0.3234	3.356	0.5563	0.3215	0.212	0.0213	-0.0019
(16, 85)	true	2.982	0.6546	0.4374	2.918	0.6583	0.3944	-0.064	-0.0037	0.043
(16, 85)	true	3.452	0.5774	0.4075	2.91	0.6375	0.385	-0.542	-0.06	0.0224
(16, 85)	false	3.616	0.5385	0.4131	3.38	0.5454	0.372	0.236	0.0069	-0.0411
(16, 85)	false	3.486	0.5541	0.3925	3.434	0.5591	0.3925	0.052	0.0051	0
(16, 85)	true	3.116	0.5911	0.4224	3.468	0.5541	0.3832	0.352	0.037	0.0393
(16, 85)	false	3.934	0.4251	0.3364	3.632	0.4416	0.3682	0.302	0.0165	0.0318
(16, 85)	true	3.556	0.5501	0.3813	3.39	0.5495	0.3252	-0.166	0.0007	0.0561
(16, 85)	false	3.438	0.5599	0.3925	3.332	0.5501	0.3776	0.106	-0.0097	-0.015
(16, 85)	true	3.402	0.5336	0.372	3.386	0.4986	0.3551	-0.016	0.035	0.0168
(34, 65)	false	3.568	0.535	0.3234	3.318	0.5602	0.3421	0.25	0.0251	0.0187
(34, 65)	false	2.982	0.6546	0.4374	3.074	0.6255	0.4131	-0.092	-0.0292	-0.0243
(34, 65)	false	3.452	0.5774	0.4075	3.12	0.5969	0.4206	0.332	0.0195	0.0131
(34, 65)	false	3.616	0.5385	0.4131	3.582	0.5205	0.3626	0.034	-0.018	-0.0505
(34, 65)	false	3.486	0.5541	0.3925	3.616	0.5455	0.4075	-0.13	-0.0085	0.015
(34, 65)	false	3.116	0.5911	0.4224	3.446	0.5766	0.4093	-0.33	-0.0145	-0.0131
(34, 65)	false	3.934	0.4251	0.3364	3.506	0.4444	0.3383	0.428	0.0193	0.0019
(34, 65)	false	3.556	0.5501	0.3813	3.578	0.5549	0.4075	-0.022	0.0048	0.0262
(34, 65)	false	3.438	0.5599	0.3925	3.64	0.5321	0.3888	-0.202	-0.0277	-0.0037
(34, 65)	true	3.402	0.5336	0.372	3.72	0.5132	0.3607	0.318	0.0204	0.0112
(33, 62)	false	3.568	0.535	0.3234	3.346	0.5535	0.3084	0.222	0.0185	-0.015
(33, 62)	false	2.982	0.6546	0.4374	3.082	0.6254	0.3813	-0.1	-0.0292	-0.0561
(33, 62)	false	3.452	0.5774	0.4075	2.918	0.6389	0.4336	0.534	0.0615	0.0262
(33, 62)	false	3.616	0.5385	0.4131	3.544	0.5568	0.3645	0.072	0.0183	-0.0486
(33, 62)	false	3.486	0.5541	0.3925	3.472	0.51	0.3458	0.014	-0.0441	-0.0467
(33, 62)	false	3.116	0.5911	0.4224	3.262	0.6065	0.4374	-0.146	0.0153	0.015
(33, 62)	true	3.934	0.4251	0.3364	4.004	0.399	0.3439	0.07	0.026	-0.0075
(33, 62)	false	3.556	0.5501	0.3813	3.278	0.5877	0.3963	0.278	0.0376	0.015
(33, 62)	false	3.438	0.5599	0.3925	3.596	0.5243	0.3701	-0.158	-0.0355	-0.0224
(33, 62)	true	3.402	0.5336	0.372	3.678	0.5274	0.3477	0.276	0.0062	0.0243
(12, 80)	true	3.568	0.535	0.3234	3.142	0.5537	0.3047	-0.426	-0.0187	0.0187
(12, 80)	true	2.982	0.6546	0.4374	3.156	0.6466	0.372	0.174	0.008	0.0654
(12, 80)	false	3.452	0.5774	0.4075	3.188	0.6105	0.4093	0.264	0.0331	0.0019
(12, 80)	false	3.616	0.5385	0.4131	3.512	0.5642	0.3794	0.104	0.0257	-0.0336
(12, 80)	true	3.486	0.5541	0.3925	3.432	0.5604	0.3907	-0.054	-0.0063	0.0019
(12, 80)	false	3.116	0.5911	0.4224	3.31	0.5777	0.415	-0.194	-0.0134	-0.0075
(12, 80)	true	3.934	0.4251	0.3364	3.376	0.4765	0.3607	-0.558	-0.0515	-0.0243
(12, 80)	false	3.556	0.5501	0.3813	3.284	0.5922	0.4374	0.272	0.0421	0.0561
(12, 80)	true	3.438	0.5599	0.3925	3.356	0.5541	0.3701	-0.082	0.0058	0.0224
(12, 80)	true	3.402	0.5336	0.372	3.428	0.5213	0.3495	0.026	0.0123	0.0224
(14, 86)	true	3.568	0.535	0.3234	3.272	0.5433	0.2991	-0.296	-0.0083	0.0243
(14, 86)	true	2.982	0.6546	0.4374	3.108	0.654	0.4224	0.126	0.0006	0.015
(14, 86)	false	3.452	0.5774	0.4075	3.098	0.6205	0.4056	0.354	0.0431	-0.0019
(14, 86)	false	3.616	0.5385	0.4131	3.736	0.5153	0.3794	-0.12	-0.0232	-0.0336
(14, 86)	true	3.486	0.5541	0.3925	3.514	0.5288	0.3626	0.028	0.0253	0.0299
(14, 86)	false	3.116	0.5911	0.4224	3.094	0.585	0.4187	0.022	-0.0061	-0.0037
(14, 86)	true	3.934	0.4251	0.3364	3.204	0.4874	0.3215	-0.73	-0.0624	0.015
(14, 86)	false	3.556	0.5501	0.3813	3.552	0.5537	0.4224	0.004	0.0036	0.0411
(14, 86)	true	3.438	0.5599	0.3925	3.416	0.5475	0.385	-0.022	0.0124	0.0075
(14, 86)	true	3.402	0.5336	0.372	3.256	0.5471	0.3701	-0.146	-0.0136	0.0019
(33, 61)	false	3.568	0.535	0.3234	3.194	0.5813	0.3271	0.374	0.0463	0.0037
(33, 61)	true	2.982	0.6546	0.4374	3.264	0.611	0.3888	0.282	0.0436	0.0486
(33, 61)	false	3.452	0.5774	0.4075	3.256	0.5833	0.3776	0.196	0.0059	-0.0299
(33, 61)	true	3.616	0.5385	0.4131	3.748	0.5179	0.3794	0.132	0.0206	0.0336
(33, 61)	false	3.486	0.5541	0.3925	3.398	0.5354	0.3981	0.088	-0.0187	0.0056
(33, 61)	true	3.116	0.5911	0.4224	3.46	0.5619	0.4318	0.344	0.0293	-0.0093
(33, 61)	false	3.934	0.4251	0.3364	3.62	0.4628	0.3682	0.314	0.0377	0.0318
(33, 61)	false	3.556	0.5501	0.3813	3.344	0.5789	0.4112	0.212	0.0287	0.0299
(33, 61)	false	3.438	0.5599	0.3925	3.478	0.5508	0.3645	-0.04	-0.0091	-0.028
(33, 61)	true	3.402	0.5336	0.372	3.462	0.542	0.372	0.06	-0.0084	0
(30, 70)	false	3.568	0.535	0.3234	3.252	0.5735	0.2935	0.316	0.0384	-0.0299
(30, 70)	false	2.982	0.6546	0.4374	3.046	0.6393	0.3925	-0.064	-0.0153	-0.0449
(30, 70)	false	3.452	0.5774	0.4075	3.036	0.6181	0.3907	0.416	0.0407	-0.0168
(30, 70)	false	3.616	0.5385	0.4131	3.206	0.5824	0.4093	0.41	0.0439	-0.0037
(30, 70)	false	3.486	0.5541	0.3925	3.386	0.575	0.4075	0.1	0.0209	0.015
(30, 70)	false	3.116	0.5911	0.4224	3.12	0.5944	0.4131	-0.004	0.0033	-0.0093
(30, 70)	false	3.934	0.4251	0.3364	3.524	0.4673	0.3757	0.41	0.0422	0.0393
(30, 70)	false	3.556	0.5501	0.3813	3.468	0.5508	0.3607	0.088	0.0007	-0.0206
(30, 70)	false	3.438	0.5599	0.3925	3.508	0.5474	0.3963	-0.07	-0.0125	0.0037
(30, 70)	true	3.402	0.5336	0.372	3.56	0.544	0.3383	0.158	-0.0104	0.0336
(42, 55)	false	3.568	0.535	0.3234	3.576	0.5198	0.2748	-0.008	-0.0152	-0.0486
(42, 55)	false	2.982	0.6546	0.4374	3.014	0.6286	0.4206	-0.032	-0.0261	-0.0168
(42, 55)	true	3.452	0.5774	0.4075	2.908	0.6422	0.4243	-0.544	-0.0648	-0.0168
(42, 55)	false	3.616	0.5385	0.4131	3.776	0.5058	0.3794	-0.16	-0.0327	-0.0336
(42, 55)	true	3.486	0.5541	0.3925	3.228	0.5443	0.385	-0.258	0.0097	0.0075
(42, 55)	false	3.116	0.5911	0.4224	3.216	0.6017	0.4224	-0.1	0.0106	0
(42, 55)	false	3.934	0.4251	0.3364	3.558	0.4693	0.3664	0.376	0.0443	0.0299
(42, 55)	false	3.556	0.5501	0.3813	3.674	0.5253	0.3551	-0.118	-0.0248	-0.0262
(42, 55)	true	3.438	0.5599	0.3925	3.548	0.5329	0.3607	0.11	0.0269	0.0318
(42, 55)	true	3.402	0.5336	0.372	3.922	0.5342	0.3607	0.52	-0.0007	0.0112
(15, 85)	false	3.568	0.535	0.3234	3.236	0.5493	0.286	0.332	0.0143	-0.0374
(15, 85)	false	2.982	0.6546	0.4374	3.112	0.6343	0.3757	-0.13	-0.0204	-0.0617
(15, 85)	false	3.452	0.5774	0.4075	2.902	0.6272	0.4374	0.55	0.0498	0.0299
(15, 85)	false	3.616	0.5385	0.4131	3.428	0.5481	0.372	0.188	0.0096	-0.0411
(15, 85)	false	3.486	0.5541	0.3925	3.462	0.5114	0.3589	0.024	-0.0427	-0.0336
(15, 85)	false	3.116	0.5911	0.4224	3.488	0.574	0.3925	-0.372	-0.0171	-0.0299
(15, 85)	false	3.934	0.4251	0.3364	3.564	0.4414	0.3402	0.37	0.0163	0.0037
(15, 85)	false	3.556	0.5501	0.3813	3.252	0.5852	0.415	0.304	0.0351	0.0336
(15, 85)	false	3.438	0.5599	0.3925	3.298	0.5718	0.385	0.14	0.0119	-0.0075
(15, 85)	true	3.402	0.5336	0.372	3.39	0.5176	0.3907	-0.012	0.016	-0.0187
(5, 74)	false	3.568	0.535	0.3234	3.26	0.5642	0.3252	0.308	0.0292	0.0019
(5, 74)	false	2.982	0.6546	0.4374	2.81	0.6496	0.4112	0.172	-0.005	-0.0262
(5, 74)	true	3.452	0.5774	0.4075	3.046	0.5938	0.3925	-0.406	-0.0164	0.015
(5, 74)	true	3.616	0.5385	0.4131	3.312	0.5347	0.3907	-0.304	0.0038	0.0224
(5, 74)	true	3.486	0.5541	0.3925	3.812	0.5165	0.3813	0.326	0.0375	0.0112
(5, 74)	false	3.116	0.5911	0.4224	3.234	0.5451	0.3738	-0.118	-0.046	-0.0486
(5, 74)	false	3.934	0.4251	0.3364	3.554	0.5136	0.372	0.38	0.0885	0.0355
(5, 74)	false	3.556	0.5501	0.3813	3.3	0.5889	0.4037	0.256	0.0388	0.0224
(5, 74)	true	3.438	0.5599	0.3925	3.574	0.5149	0.3907	0.136	0.0449	0.0019
(5, 74)	true	3.402	0.5336	0.372	3.538	0.4943	0.3402	0.136	0.0393	0.0318
(30, 72)	true	3.568	0.535	0.3234	3.304	0.5549	0.3364	-0.264	-0.0198	-0.0131
(30, 72)	true	2.982	0.6546	0.4374	2.98	0.633	0.3682	-0.002	0.0217	0.0692
(30, 72)	false	3.452	0.5774	0.4075	3.142	0.6238	0.3757	0.31	0.0464	-0.0318
(30, 72)	true	3.616	0.5385	0.4131	3.396	0.5609	0.3757	-0.22	-0.0225	0.0374
(30, 72)	false	3.486	0.5541	0.3925	3.334	0.5496	0.3738	0.152	-0.0045	-0.0187
(30, 72)	false	3.116	0.5911	0.4224	3.186	0.6013	0.4318	-0.07	0.0102	0.0093
(30, 72)	false	3.934	0.4251	0.3364	3.604	0.4494	0.3944	0.33	0.0243	0.0579
(30, 72)	true	3.556	0.5501	0.3813	3.838	0.5028	0.3607	0.282	0.0474	0.0206
(30, 72)	false	3.438	0.5599	0.3925	3.246	0.5374	0.3963	0.192	-0.0225	0.0037
(30, 72)	true	3.402	0.5336	0.372	3.256	0.519	0.3103	-0.146	0.0145	0.0617
(33, 66)	false	3.568	0.535	0.3234	3.3	0.5861	0.3364	0.268	0.051	0.0131
(33, 66)	false	2.982	0.6546	0.4374	3	0.6461	0.4112	-0.018	-0.0085	-0.0262
(33, 66)	true	3.452	0.5774	0.4075	3.272	0.5755	0.4187	-0.18	0.0019	-0.0112
(33, 66)	true	3.616	0.5385	0.4131	3.67	0.5413	0.415	0.054	-0.0028	-0.0019
(33, 66)	false	3.486	0.5541	0.3925	3.614	0.508	0.3776	-0.128	-0.046	-0.015
(33, 66)	false	3.116	0.5911	0.4224	3.118	0.6009	0.4112	-0.002	0.0098	-0.0112
(33, 66)	false	3.934	0.4251	0.3364	3.898	0.4529	0.385	0.036	0.0279	0.0486
(33, 66)	false	3.556	0.5501	0.3813	3.512	0.5428	0.3813	0.044	-0.0073	0
(33, 66)	false	3.438	0.5599	0.3925	3.652	0.5368	0.3813	-0.214	-0.0231	-0.0112
(33, 66)	true	3.402	0.5336	0.372	3.452	0.5101	0.314	0.05	0.0235	0.0579
(11, 85)	true	3.568	0.535	0.3234	3.234	0.5608	0.3234	-0.334	-0.0257	0
(11, 85)	true	2.982	0.6546	0.4374	3.144	0.6355	0.415	0.162	0.0191	0.0224
(11, 85)	false	3.452	0.5774	0.4075	3.24	0.6012	0.4542	0.212	0.0238	0.0467
(11, 85)	false	3.616	0.5385	0.4131	3.402	0.5453	0.3907	0.214	0.0069	-0.0224
(11, 85)	true	3.486	0.5541	0.3925	3.242	0.5831	0.4	-0.244	-0.0291	-0.0075
(11, 85)	true	3.116	0.5911	0.4224	3.352	0.5751	0.3944	0.236	0.016	0.028
(11, 85)	true	3.934	0.4251	0.3364	3.7	0.4664	0.3757	-0.234	-0.0413	-0.0393
(11, 85)	false	3.556	0.5501	0.3813	3.834	0.5007	0.3626	-0.278	-0.0494	-0.0187
(11, 85)	true	3.438	0.5599	0.3925	3.208	0.5878	0.4206	-0.23	-0.0279	-0.028
(11, 85)	true	3.402	0.5336	0.372	3.562	0.5214	0.3551	0.16	0.0121	0.0168
(37, 66)	false	3.568	0.535	0.3234	3.436	0.5403	0.3121	0.132	0.0052	-0.0112
(37, 66)	false	2.982	0.6546	0.4374	3.326	0.5773	0.3682	-0.344	-0.0773	-0.0692
(37, 66)	false	3.452	0.5774	0.4075	3.038	0.6212	0.3869	0.414	0.0438	-0.0206
(37, 66)	false	3.616	0.5385	0.4131	3.464	0.5583	0.3645	0.152	0.0199	-0.0486
(37, 66)	true	3.486	0.5541	0.3925	3.512	0.536	0.3794	0.026	0.0181	0.0131
(37, 66)	false	3.116	0.5911	0.4224	3.532	0.5432	0.4168	-0.416	-0.0479	-0.0056
(37, 66)	true	3.934	0.4251	0.3364	3.236	0.48	0.3701	-0.698	-0.055	-0.0336
(37, 66)	false	3.556	0.5501	0.3813	3.32	0.583	0.4243	0.236	0.0328	0.043
(37, 66)	true	3.438	0.5599	0.3925	3.56	0.5433	0.3607	0.122	0.0166	0.0318
(37, 66)	true	3.402	0.5336	0.372	3.294	0.5028	0.3383	-0.108	0.0308	0.0336
(21, 50)	false	3.568	0.535	0.3234	2.958	0.64	0.357	0.61	0.105	0.0336
(21, 50)	false	2.982	0.6546	0.4374	2.754	0.6707	0.4056	0.228	0.0161	-0.0318
(21, 50)	false	3.452	0.5774	0.4075	3.032	0.6097	0.3963	0.42	0.0323	-0.0112
(21, 50)	true	3.616	0.5385	0.4131	3.582	0.5321	0.3701	-0.034	0.0064	0.043
(21, 50)	false	3.486	0.5541	0.3925	3.288	0.5355	0.3738	0.198	-0.0186	-0.0187
(21, 50)	true	3.116	0.5911	0.4224	3.482	0.5777	0.4019	0.366	0.0134	0.0206
(21, 50)	false	3.934	0.4251	0.3364	3.268	0.5196	0.4056	0.666	0.0945	0.0692
(21, 50)	true	3.556	0.5501	0.3813	3.4	0.5496	0.4075	-0.156	0.0005	-0.0262
(21, 50)	false	3.438	0.5599	0.3925	3.46	0.5462	0.3682	-0.022	-0.0137	-0.0243
(21, 50)	true	3.402	0.5336	0.372	3.388	0.545	0.3327	-0.014	-0.0114	0.0393
(27, 73)	true	3.568	0.535	0.3234	3.014	0.5764	0.314	-0.554	-0.0414	0.0093
(27, 73)	true	2.982	0.6546	0.4374	2.972	0.6589	0.4336	-0.01	-0.0043	0.0037
(27, 73)	false	3.452	0.5774	0.4075	3.142	0.6183	0.4299	0.31	0.0408	0.0224
(27, 73)	false	3.616	0.5385	0.4131	3.48	0.5582	0.3813	0.136	0.0197	-0.0318
(27, 73)	true	3.486	0.5541	0.3925	3.734	0.4832	0.3065	0.248	0.0709	0.086
(27, 73)	false	3.116	0.5911	0.4224	3.57	0.5576	0.3757	-0.454	-0.0335	-0.0467
(27, 73)	false	3.934	0.4251	0.3364	3.924	0.439	0.3664	0.01	0.0139	0.0299
(27, 73)	false	3.556	0.5501	0.3813	3.458	0.579	0.3813	0.098	0.0289	0
(27, 73)	true	3.438	0.5599	0.3925	3.778	0.4906	0.3402	0.34	0.0693	0.0523
(27, 73)	true	3.402	0.5336	0.372	3.666	0.4937	0.3271	0.264	0.0398	0.0449
(33, 58)	false	3.568	0.535	0.3234	3.214	0.5912	0.3383	0.354	0.0561	0.015
(33, 58)	true	2.982	0.6546	0.4374	3.072	0.6147	0.3963	0.09	0.0399	0.0411
(33, 58)	false	3.452	0.5774	0.4075	3.256	0.6169	0.4206	0.196	0.0395	0.0131
(33, 58)	false	3.616	0.5385	0.4131	3.496	0.5244	0.3776	0.12	-0.0141	-0.0355
(33, 58)	true	3.486	0.5541	0.3925	3.662	0.502	0.4	0.176	0.0521	-0.0075
(33, 58)	true	3.116	0.5911	0.4224	3.418	0.5778	0.3907	0.302	0.0134	0.0318
(33, 58)	false	3.934	0.4251	0.3364	3.802	0.4475	0.3944	0.132	0.0224	0.0579
(33, 58)	false	3.556	0.5501	0.3813	3.442	0.559	0.3888	0.114	0.0088	0.0075
(33, 58)	true	3.438	0.5599	0.3925	3.482	0.519	0.3607	0.044	0.0408	0.0318
(33, 58)	false	3.402	0.5336	0.372	3.378	0.5177	0.357	0.024	-0.0158	-0.015
(34, 69)	false	3.568	0.535	0.3234	3.18	0.6145	0.3682	0.388	0.0795	0.0449
(34, 69)	false	2.982	0.6546	0.4374	3.05	0.6452	0.4187	-0.068	-0.0094	-0.0187
(34, 69)	false	3.452	0.5774	0.4075	3.06	0.6135	0.4467	0.392	0.036	0.0393
(34, 69)	true	3.616	0.5385	0.4131	3.48	0.5606	0.3944	-0.136	-0.0222	0.0187
(34, 69)	true	3.486	0.5541	0.3925	3.46	0.5538	0.3607	-0.026	0.0003	0.0318
(34, 69)	true	3.116	0.5911	0.4224	2.994	0.6322	0.4206	-0.122	-0.0411	0.0019
(34, 69)	false	3.934	0.4251	0.3364	3.39	0.4769	0.3664	0.544	0.0519	0.0299
(34, 69)	true	3.556	0.5501	0.3813	3.164	0.5853	0.3869	-0.392	-0.0352	-0.0056
(34, 69)	true	3.438	0.5599	0.3925	3.448	0.5474	0.3664	0.01	0.0125	0.0262
(34, 69)	false	3.402	0.5336	0.372	3.4	0.5308	0.357	0.002	-0.0028	-0.015
(33, 63)	false	3.568	0.535	0.3234	3.602	0.5027	0.3103	-0.034	-0.0324	-0.0131
(33, 63)	false	2.982	0.6546	0.4374	3.194	0.6019	0.3308	-0.212	-0.0527	-0.1065
(33, 63)	false	3.452	0.5774	0.4075	3.12	0.5971	0.4374	0.332	0.0197	0.0299
(33, 63)	false	3.616	0.5385	0.4131	3.41	0.5688	0.3533	0.206	0.0303	-0.0598
(33, 63)	true	3.486	0.5541	0.3925	3.352	0.5505	0.3869	-0.134	0.0035	0.0056
(33, 63)	false	3.116	0.5911	0.4224	3.406	0.5615	0.428	-0.29	-0.0296	0.0056
(33, 63)	false	3.934	0.4251	0.3364	3.722	0.463	0.3327	0.212	0.038	-0.0037
(33, 63)	false	3.556	0.5501	0.3813	3.328	0.5883	0.4299	0.228	0.0381	0.0486
(33, 63)	true	3.438	0.5599	0.3925	3.562	0.4992	0.372	0.124	0.0607	0.0206
(33, 63)	false	3.402	0.5336	0.372	3.204	0.5371	0.3178	0.198	0.0035	-0.0542
(28, 54)	false	3.568	0.535	0.3234	3.212	0.6226	0.4093	0.356	0.0876	0.086
(28, 54)	false	2.982	0.6546	0.4374	2.922	0.6441	0.4075	0.06	-0.0106	-0.0299
(28, 54)	false	3.452	0.5774	0.4075	2.87	0.6235	0.3832	0.582	0.0461	-0.0243
(28, 54)	false	3.616	0.5385	0.4131	3.426	0.5615	0.3981	0.19	0.023	-0.015
(28, 54)	true	3.486	0.5541	0.3925	3.354	0.546	0.3757	-0.132	0.0081	0.0168
(28, 54)	false	3.116	0.5911	0.4224	3.442	0.555	0.4056	-0.326	-0.0361	-0.0168
(28, 54)	true	3.934	0.4251	0.3364	3.398	0.4621	0.3252	-0.536	-0.037	0.0112
(28, 54)	true	3.556	0.5501	0.3813	3.574	0.5399	0.4168	0.018	0.0102	-0.0355
(28, 54)	true	3.438	0.5599	0.3925	3.322	0.5417	0.3757	-0.116	0.0182	0.0168
(28, 54)	false	3.402	0.5336	0.372	3.326	0.582	0.3776	0.076	0.0485	0.0056
(29, 60)	false	3.568	0.535	0.3234	3.236	0.5546	0.3009	0.332	0.0196	-0.0224
(29, 60)	false	2.982	0.6546	0.4374	2.828	0.6655	0.4299	0.154	0.0109	-0.0075
(29, 60)	true	3.452	0.5774	0.4075	3.444	0.5815	0.3944	-0.008	-0.0041	0.0131
(29, 60)	true	3.616	0.5385	0.4131	3.496	0.55	0.3776	-0.12	-0.0115	0.0355
(29, 60)	false	3.486	0.5541	0.3925	3.684	0.496	0.3701	-0.198	-0.058	-0.0224
(29, 60)	false	3.116	0.5911	0.4224	3.408	0.5847	0.4374	-0.292	-0.0064	0.015
(29, 60)	false	3.934	0.4251	0.3364	3.188	0.507	0.3794	0.746	0.0819	0.043
(29, 60)	false	3.556	0.5501	0.3813	3.21	0.5586	0.4	0.346	0.0085	0.0187
(29, 60)	false	3.438	0.5599	0.3925	3.788	0.4872	0.3682	-0.35	-0.0726	-0.0243
(29, 60)	false	3.402	0.5336	0.372	3.536	0.5069	0.3196	-0.134	-0.0267	-0.0523
(23, 80)	false	3.568	0.535	0.3234	3	0.597	0.3495	0.568	0.062	0.0262
(23, 80)	false	2.982	0.6546	0.4374	2.874	0.6663	0.4411	0.108	0.0117	0.0037
(23, 80)	true	3.452	0.5774	0.4075	3.518	0.558	0.3701	0.066	0.0194	0.0374
(23, 80)	false	3.616	0.5385	0.4131	3.252	0.5275	0.4056	0.364	-0.011	-0.0075
(23, 80)	false	3.486	0.5541	0.3925	3.208	0.5825	0.3794	0.278	0.0284	-0.0131
(23, 80)	true	3.116	0.5911	0.4224	2.85	0.6243	0.4318	-0.266	-0.0331	-0.0093
(23, 80)	false	3.934	0.4251	0.3364	3.748	0.4429	0.329	0.186	0.0178	-0.0075
(23, 80)	true	3.556	0.5501	0.3813	3.054	0.5681	0.4224	-0.502	-0.018	-0.0411
(23, 80)	false	3.438	0.5599	0.3925	3.202	0.5919	0.4056	0.236	0.032	0.0131
(23, 80)	false	3.402	0.5336	0.372	3.494	0.5306	0.3477	-0.092	-0.003	-0.0243
(8, 74)	false	3.568	0.535	0.3234	3.198	0.5588	0.3308	0.37	0.0238	0.0075
(8, 74)	false	2.982	0.6546	0.4374	3.256	0.606	0.3832	-0.274	-0.0487	-0.0542
(8, 74)	true	3.452	0.5774	0.4075	2.988	0.6504	0.4355	-0.464	-0.073	-0.028
(8, 74)	true	3.616	0.5385	0.4131	3.358	0.5466	0.3645	-0.258	-0.0082	0.0486
(8, 74)	true	3.486	0.5541	0.3925	3.604	0.5039	0.3682	0.118	0.0501	0.0243
(8, 74)	true	3.116	0.5911	0.4224	3.074	0.6083	0.4187	-0.042	-0.0172	0.0037
(8, 74)	false	3.934	0.4251	0.3364	3.706	0.4894	0.3794	0.228	0.0644	0.043
(8, 74)	false	3.556	0.5501	0.3813	3.614	0.5304	0.3364	-0.058	-0.0198	-0.0449
(8, 74)	true	3.438	0.5599	0.3925	3.51	0.5396	0.3701	0.072	0.0203	0.0224
(8, 74)	false	3.402	0.5336	0.372	3.542	0.5386	0.3738	-0.14	0.005	0.0019
(8, 74)	false	3.568	0.535	0.3234	3.336	0.5671	0.3495	0.232	0.0321	0.0262
(8, 74)	false	2.982	0.6546	0.4374	3.238	0.6124	0.3907	-0.256	-0.0422	-0.0467
(8, 74)	true	3.452	0.5774	0.4075	2.968	0.6514	0.4299	-0.484	-0.074	-0.0224
(8, 74)	true	3.616	0.5385	0.4131	3.518	0.5691	0.3794	-0.098	-0.0306	0.0336
(8, 74)	true	3.486	0.5541	0.3925	3.548	0.533	0.3701	0.062	0.0211	0.0224
(8, 74)	true	3.116	0.5911	0.4224	3.26	0.5787	0.3813	0.144	0.0124	0.0411
(8, 74)	false	3.934	0.4251	0.3364	3.44	0.556	0.4056	0.494	0.131	0.0692
(8, 74)	false	3.556	0.5501	0.3813	3.59	0.5515	0.3701	-0.034	0.0014	-0.0112
(8, 74)	true	3.438	0.5599	0.3925	3.638	0.5118	0.3495	0.2	0.0481	0.043
(8, 74)	false	3.402	0.5336	0.372	3.68	0.5194	0.372	-0.278	-0.0141	0
(19, 84)	false	3.568	0.535	0.3234	3.224	0.567	0.3252	0.344	0.0319	0.0019
(19, 84)	false	2.982	0.6546	0.4374	2.914	0.6599	0.3813	0.068	0.0053	-0.0561
(19, 84)	false	3.452	0.5774	0.4075	3.018	0.6239	0.3963	0.434	0.0465	-0.0112
(19, 84)	false	3.616	0.5385	0.4131	3.276	0.5935	0.4393	0.34	0.055	0.0262
(19, 84)	false	3.486	0.5541	0.3925	3.408	0.5669	0.3514	0.078	0.0128	-0.0411
(19, 84)	true	3.116	0.5911	0.4224	3.35	0.5707	0.4206	0.234	0.0204	0.0019
(19, 84)	false	3.934	0.4251	0.3364	3.426	0.4763	0.3589	0.508	0.0512	0.0224
(19, 84)	true	3.556	0.5501	0.3813	3.316	0.5444	0.3925	-0.24	0.0057	-0.0112
(19, 84)	false	3.438	0.5599	0.3925	3.562	0.5587	0.385	-0.124	-0.0012	-0.0075
(19, 84)	false	3.402	0.5336	0.372	3.582	0.5332	0.3794	-0.18	-0.0004	0.0075
(29, 54)	false	3.568	0.535	0.3234	3.486	0.5827	0.3383	0.082	0.0477	0.015
(29, 54)	true	2.982	0.6546	0.4374	3.11	0.6334	0.3776	0.128	0.0212	0.0598
(29, 54)	true	3.452	0.5774	0.4075	3.414	0.5464	0.3458	-0.038	0.031	0.0617
(29, 54)	false	3.616	0.5385	0.4131	3.274	0.5643	0.3907	0.342	0.0258	-0.0224
(29, 54)	false	3.486	0.5541	0.3925	3.584	0.5053	0.3813	-0.098	-0.0488	-0.0112
(29, 54)	false	3.116	0.5911	0.4224	3.49	0.5685	0.3981	-0.374	-0.0227	-0.0243
(29, 54)	true	3.934	0.4251	0.3364	3.55	0.4661	0.3944	-0.384	-0.041	-0.0579
(29, 54)	true	3.556	0.5501	0.3813	3.13	0.5962	0.4037	-0.426	-0.046	-0.0224
(29, 54)	false	3.438	0.5599	0.3925	3.526	0.5317	0.3533	-0.088	-0.0282	-0.0393
(29, 54)	false	3.402	0.5336	0.372	3.446	0.5506	0.3533	-0.044	0.0171	-0.0187
(21, 54)	false	3.568	0.535	0.3234	3.33	0.6136	0.4019	0.238	0.0786	0.0785
(21, 54)	false	2.982	0.6546	0.4374	2.84	0.6586	0.4486	0.142	0.004	0.0112
(21, 54)	true	3.452	0.5774	0.4075	3.332	0.5565	0.4037	-0.12	0.0209	0.0037
(21, 54)	false	3.616	0.5385	0.4131	3.488	0.5357	0.3907	0.128	-0.0028	-0.0224
(21, 54)	false	3.486	0.5541	0.3925	3.18	0.5934	0.385	0.306	0.0393	-0.0075
(21, 54)	false	3.116	0.5911	0.4224	3.312	0.5716	0.443	-0.196	-0.0196	0.0206
(21, 54)	false	3.934	0.4251	0.3364	3.236	0.5133	0.3925	0.698	0.0883	0.0561
(21, 54)	true	3.556	0.5501	0.3813	3.258	0.6044	0.4056	-0.298	-0.0542	-0.0243
(21, 54)	false	3.438	0.5599	0.3925	3.37	0.569	0.4112	0.068	0.0091	0.0187
(21, 54)	false	3.402	0.5336	0.372	3.346	0.5058	0.3514	0.056	-0.0278	-0.0206
(5, 71)	true	3.568	0.535	0.3234	3.69	0.5247	0.271	0.122	0.0103	0.0523
(5, 71)	true	2.982	0.6546	0.4374	3.222	0.6121	0.3907	0.24	0.0425	0.0467
(5, 71)	false	3.452	0.5774	0.4075	3.062	0.6088	0.4075	0.39	0.0314	0
(5, 71)	false	3.616	0.5385	0.4131	3.554	0.5193	0.3364	0.062	-0.0192	-0.0766
(5, 71)	true	3.486	0.5541	0.3925	3.356	0.5692	0.3645	-0.13	-0.0151	0.028
(5, 71)	false	3.116	0.5911	0.4224	3.294	0.5353	0.4374	-0.178	-0.0558	0.015
(5, 71)	false	3.934	0.4251	0.3364	3.692	0.467	0.3421	0.242	0.042	0.0056
(5, 71)	false	3.556	0.5501	0.3813	3.756	0.5076	0.3589	-0.2	-0.0426	-0.0224
(5, 71)	true	3.438	0.5599	0.3925	3.282	0.5621	0.3402	-0.156	-0.0023	0.0523
(5, 71)	false	3.402	0.5336	0.372	3.436	0.5362	0.372	-0.034	0.0026	0
(32, 58)	false	3.568	0.535	0.3234	3.268	0.5677	0.3327	0.3	0.0326	0.0093
(32, 58)	false	2.982	0.6546	0.4374	2.914	0.6449	0.3832	0.068	-0.0097	-0.0542
(32, 58)	false	3.452	0.5774	0.4075	3.138	0.6135	0.415	0.314	0.0361	0.0075
(32, 58)	false	3.616	0.5385	0.4131	3.4	0.5675	0.4131	0.216	0.029	0
(32, 58)	false	3.486	0.5541	0.3925	3.41	0.5645	0.4411	0.076	0.0104	0.0486
(32, 58)	true	3.116	0.5911	0.4224	3.194	0.5815	0.4168	0.078	0.0096	0.0056
(32, 58)	false	3.934	0.4251	0.3364	3.558	0.4658	0.3832	0.376	0.0407	0.0467
(32, 58)	false	3.556	0.5501	0.3813	3.168	0.5813	0.3832	0.388	0.0311	0.0019
(32, 58)	false	3.438	0.5599	0.3925	3.52	0.5482	0.4056	-0.082	-0.0116	0.0131
(32, 58)	false	3.402	0.5336	0.372	3.39	0.5221	0.3477	0.012	-0.0115	-0.0243
(26, 73)	false	3.568	0.535	0.3234	3.03	0.5715	0.3327	0.538	0.0365	0.0093
(26, 73)	false	2.982	0.6546	0.4374	3.078	0.6354	0.4075	-0.096	-0.0192	-0.0299
(26, 73)	false	3.452	0.5774	0.4075	2.926	0.6444	0.4673	0.526	0.067	0.0598
(26, 73)	false	3.616	0.5385	0.4131	3.614	0.5351	0.4131	0.002	-0.0034	0
(26, 73)	false	3.486	0.5541	0.3925	3.508	0.5281	0.3776	-0.022	-0.026	-0.015
(26, 73)	true	3.116	0.5911	0.4224	3.496	0.5633	0.4093	0.38	0.0278	0.0131
(26, 73)	false	3.934	0.4251	0.3364	3.308	0.4687	0.3215	0.626	0.0436	-0.015
(26, 73)	true	3.556	0.5501	0.3813	3.476	0.5507	0.4112	-0.08	-0.0005	-0.0299
(26, 73)	false	3.438	0.5599	0.3925	3.512	0.5581	0.3794	-0.074	-0.0018	-0.0131
(26, 73)	false	3.402	0.5336	0.372	3.492	0.58	0.4019	-0.09	0.0465	0.0299
(35, 66)	true	3.568	0.535	0.3234	3.216	0.5564	0.314	-0.352	-0.0214	0.0093
(35, 66)	true	2.982	0.6546	0.4374	3.048	0.6303	0.4243	0.066	0.0243	0.0131
(35, 66)	false	3.452	0.5774	0.4075	3.182	0.6094	0.3907	0.27	0.032	-0.0168
(35, 66)	false	3.616	0.5385	0.4131	3.616	0.5371	0.4093	-0	-0.0014	-0.0037
(35, 66)	false	3.486	0.5541	0.3925	3.318	0.5732	0.3925	0.168	0.0191	0
(35, 66)	false	3.116	0.5911	0.4224	3.518	0.5339	0.4037	-0.402	-0.0572	-0.0187
(35, 66)	true	3.934	0.4251	0.3364	3.168	0.4918	0.3607	-0.766	-0.0667	-0.0243
(35, 66)	true	3.556	0.5501	0.3813	3.42	0.556	0.3439	-0.136	-0.0059	0.0374
(35, 66)	false	3.438	0.5599	0.3925	3.286	0.574	0.3757	0.152	0.0142	-0.0168
(35, 66)	false	3.402	0.5336	0.372	3.37	0.5351	0.372	0.032	0.0015	0
(25, 54)	false	3.568	0.535	0.3234	3.256	0.6047	0.357	0.312	0.0697	0.0336
(25, 54)	true	2.982	0.6546	0.4374	3.1	0.6363	0.4542	0.118	0.0184	-0.0168
(25, 54)	false	3.452	0.5774	0.4075	3.096	0.6271	0.4037	0.356	0.0496	-0.0037
(25, 54)	false	3.616	0.5385	0.4131	3.35	0.5802	0.4037	0.266	0.0417	-0.0093
(25, 54)	false	3.486	0.5541	0.3925	3.362	0.5723	0.3738	0.124	0.0182	-0.0187
(25, 54)	false	3.116	0.5911	0.4224	3.146	0.6001	0.4243	-0.03	0.009	0.0019
(25, 54)	false	3.934	0.4251	0.3364	3.492	0.4683	0.3832	0.442	0.0432	0.0467
(25, 54)	true	3.556	0.5501	0.3813	3.364	0.5653	0.3626	-0.192	-0.0152	0.0187
(25, 54)	false	3.438	0.5599	0.3925	3.46	0.5651	0.4075	-0.022	0.0052	0.015
(25, 54)	false	3.402	0.5336	0.372	3.762	0.5215	0.3533	-0.36	-0.0121	-0.0187
(38, 61)	false	3.568	0.535	0.3234	3.312	0.5335	0.3065	0.256	-0.0016	-0.0168
(38, 61)	false	2.982	0.6546	0.4374	2.868	0.6463	0.4112	0.114	-0.0083	-0.0262
(38, 61)	false	3.452	0.5774	0.4075	3.12	0.6165	0.4168	0.332	0.0391	0.0093
(38, 61)	true	3.616	0.5385	0.4131	3.512	0.5504	0.3533	-0.104	-0.0119	0.0598
(38, 61)	false	3.486	0.5541	0.3925	3.5	0.4908	0.3738	-0.014	-0.0633	-0.0187
(38, 61)	false	3.116	0.5911	0.4224	3.816	0.5213	0.4093	-0.7	-0.0698	-0.0131
(38, 61)	false	3.934	0.4251	0.3364	3.702	0.4482	0.3607	0.232	0.0232	0.0243
(38, 61)	true	3.556	0.5501	0.3813	3.428	0.5663	0.4075	-0.128	-0.0162	-0.0262
(38, 61)	false	3.438	0.5599	0.3925	3.458	0.4794	0.3626	-0.02	-0.0805	-0.0299
(38, 61)	false	3.402	0.5336	0.372	3.482	0.5138	0.3421	-0.08	-0.0197	-0.0299
(37, 62)	false	3.568	0.535	0.3234	3.418	0.5586	0.3757	0.15	0.0236	0.0523
(37, 62)	false	2.982	0.6546	0.4374	3.048	0.6199	0.3589	-0.066	-0.0348	-0.0785
(37, 62)	true	3.452	0.5774	0.4075	3.042	0.6059	0.3944	-0.41	-0.0285	0.0131
(37, 62)	true	3.616	0.5385	0.4131	3.35	0.5522	0.3682	-0.266	-0.0137	0.0449
(37, 62)	false	3.486	0.5541	0.3925	3.52	0.5334	0.3701	-0.034	-0.0207	-0.0224
(37, 62)	false	3.116	0.5911	0.4224	3.272	0.5756	0.4449	-0.156	-0.0155	0.0224
(37, 62)	true	3.934	0.4251	0.3364	3.884	0.4469	0.3402	-0.05	-0.0218	-0.0037
(37, 62)	true	3.556	0.5501	0.3813	3.424	0.5587	0.4019	-0.132	-0.0086	-0.0206
(37, 62)	false	3.438	0.5599	0.3925	3.768	0.5162	0.3514	-0.33	-0.0437	-0.0411
(37, 62)	false	3.402	0.5336	0.372	3.466	0.5389	0.3271	-0.064	0.0054	-0.0449
(15, 86)	false	3.568	0.535	0.3234	3.136	0.5766	0.3234	0.432	0.0416	0
(15, 86)	false	2.982	0.6546	0.4374	2.96	0.6453	0.3963	0.022	-0.0093	-0.0411
(15, 86)	false	3.452	0.5774	0.4075	3.174	0.6143	0.4224	0.278	0.0368	0.015
(15, 86)	false	3.616	0.5385	0.4131	3.396	0.581	0.4299	0.22	0.0425	0.0168
(15, 86)	false	3.486	0.5541	0.3925	3.548	0.5383	0.3907	-0.062	-0.0158	-0.0019
(15, 86)	true	3.116	0.5911	0.4224	3.61	0.5608	0.4112	0.494	0.0303	0.0112
(15, 86)	false	3.934	0.4251	0.3364	3.696	0.4528	0.3682	0.238	0.0278	0.0318
(15, 86)	false	3.556	0.5501	0.3813	3.576	0.5229	0.4093	-0.02	-0.0272	0.028
(15, 86)	false	3.438	0.5599	0.3925	3.484	0.5165	0.3888	-0.046	-0.0434	-0.0037
(15, 86)	false	3.402	0.5336	0.372	4.01	0.5286	0.357	-0.608	-0.0049	-0.015
(43, 55)	false	3.568	0.535	0.3234	3.2	0.5649	0.3439	0.368	0.0299	0.0206
(43, 55)	false	2.982	0.6546	0.4374	3.02	0.6409	0.3963	-0.038	-0.0137	-0.0411
(43, 55)	false	3.452	0.5774	0.4075	3.36	0.575	0.4318	0.092	-0.0024	0.0243
(43, 55)	false	3.616	0.5385	0.4131	3.712	0.5438	0.372	-0.096	0.0053	-0.0411
(43, 55)	true	3.486	0.5541	0.3925	3.548	0.5182	0.3495	0.062	0.0359	0.043
(43, 55)	false	3.116	0.5911	0.4224	3.47	0.5434	0.4037	-0.354	-0.0477	-0.0187
(43, 55)	true	3.934	0.4251	0.3364	3.198	0.5009	0.3664	-0.736	-0.0758	-0.0299
(43, 55)	true	3.556	0.5501	0.3813	3.368	0.539	0.3888	-0.188	0.0111	-0.0075
(43, 55)	true	3.438	0.5599	0.3925	3.794	0.489	0.3364	0.356	0.0708	0.0561
(43, 55)	false	3.402	0.5336	0.372	3.984	0.5036	0.3495	-0.582	-0.0299	-0.0224
(44, 51)	true	3.568	0.535	0.3234	2.998	0.5663	0.3196	-0.57	-0.0313	0.0037
(44, 51)	false	2.982	0.6546	0.4374	3.134	0.6261	0.3794	-0.152	-0.0285	-0.0579
(44, 51)	false	3.452	0.5774	0.4075	3.07	0.6272	0.4187	0.382	0.0497	0.0112
(44, 51)	false	3.616	0.5385	0.4131	3.582	0.5458	0.4	0.034	0.0073	-0.0131
(44, 51)	false	3.486	0.5541	0.3925	3.534	0.5012	0.3813	-0.048	-0.0529	-0.0112
(44, 51)	false	3.116	0.5911	0.4224	3.27	0.5934	0.4336	-0.154	0.0023	0.0112
(44, 51)	false	3.934	0.4251	0.3364	3.736	0.4455	0.3383	0.198	0.0205	0.0019
(44, 51)	false	3.556	0.5501	0.3813	3.212	0.6003	0.3776	0.344	0.0502	-0.0037
(44, 51)	false	3.438	0.5599	0.3925	3.58	0.5025	0.4168	-0.142	-0.0574	0.0243
(44, 51)	false	3.402	0.5336	0.372	3.586	0.5336	0.3495	-0.184	0.0001	-0.0224
(26, 58)	false	3.568	0.535	0.3234	3.476	0.5782	0.3495	0.092	0.0432	0.0262
(26, 58)	false	2.982	0.6546	0.4374	2.954	0.6449	0.4262	0.028	-0.0097	-0.0112
(26, 58)	false	3.452	0.5774	0.4075	2.98	0.6108	0.4093	0.472	0.0334	0.0019
(26, 58)	false	3.616	0.5385	0.4131	3.326	0.5422	0.4243	0.29	0.0037	0.0112
(26, 58)	false	3.486	0.5541	0.3925	3.502	0.555	0.385	-0.016	0.0009	-0.0075
(26, 58)	false	3.116	0.5911	0.4224	3.098	0.5992	0.4355	0.018	0.0081	0.0131
(26, 58)	false	3.934	0.4251	0.3364	3.162	0.4997	0.3738	0.772	0.0746	0.0374
(26, 58)	false	3.556	0.5501	0.3813	3.58	0.5438	0.3832	-0.024	-0.0064	0.0019
(26, 58)	false	3.438	0.5599	0.3925	3.416	0.5635	0.4	0.022	0.0036	0.0075
(26, 58)	false	3.402	0.5336	0.372	3.368	0.5696	0.4056	0.034	0.0361	0.0336
(29, 59)	false	3.568	0.535	0.3234	3.182	0.5624	0.3065	0.386	0.0273	-0.0168
(29, 59)	false	2.982	0.6546	0.4374	3.216	0.6142	0.3981	-0.234	-0.0404	-0.0393
(29, 59)	false	3.452	0.5774	0.4075	3.044	0.6434	0.4056	0.408	0.066	-0.0019
(29, 59)	false	3.616	0.5385	0.4131	3.276	0.5624	0.3776	0.34	0.0239	-0.0355
(29, 59)	true	3.486	0.5541	0.3925	3.396	0.5534	0.3888	-0.09	0.0007	0.0037
(29, 59)	false	3.116	0.5911	0.4224	3.328	0.5555	0.3888	-0.212	-0.0356	-0.0336
(29, 59)	false	3.934	0.4251	0.3364	3.506	0.4634	0.3421	0.428	0.0383	0.0056
(29, 59)	false	3.556	0.5501	0.3813	3.5	0.5593	0.4112	0.056	0.0092	0.0299
(29, 59)	true	3.438	0.5599	0.3925	3.372	0.5397	0.3888	-0.066	0.0202	0.0037
(29, 59)	false	3.402	0.5336	0.372	3.54	0.5104	0.3327	-0.138	-0.0231	-0.0393
(30, 61)	false	3.568	0.535	0.3234	3.414	0.5524	0.329	0.154	0.0173	0.0056
(30, 61)	false	2.982	0.6546	0.4374	3.046	0.6359	0.4019	-0.064	-0.0188	-0.0355
(30, 61)	true	3.452	0.5774	0.4075	3.17	0.6127	0.3664	-0.282	-0.0353	0.0411
(30, 61)	false	3.616	0.5385	0.4131	3.388	0.5633	0.3813	0.228	0.0248	-0.0318
(30, 61)	true	3.486	0.5541	0.3925	3.52	0.5516	0.3907	0.034	0.0025	0.0019
(30, 61)	false	3.116	0.5911	0.4224	3.818	0.5173	0.3664	-0.702	-0.0738	-0.0561
(30, 61)	false	3.934	0.4251	0.3364	3.338	0.4801	0.3832	0.596	0.0551	0.0467
(30, 61)	false	3.556	0.5501	0.3813	2.936	0.6098	0.4037	0.62	0.0597	0.0224
(30, 61)	true	3.438	0.5599	0.3925	3.328	0.5665	0.372	-0.11	-0.0066	0.0206
(30, 61)	false	3.402	0.5336	0.372	3.8	0.5282	0.3701	-0.398	-0.0054	-0.0019
(25, 58)	false	3.568	0.535	0.3234	3.366	0.5965	0.3495	0.202	0.0615	0.0262
(25, 58)	true	2.982	0.6546	0.4374	3.264	0.5994	0.3308	0.282	0.0553	0.1065
(25, 58)	true	3.452	0.5774	0.4075	3.396	0.5503	0.4093	-0.056	0.0271	-0.0019
(25, 58)	false	3.616	0.5385	0.4131	3.326	0.5758	0.4355	0.29	0.0373	0.0224
(25, 58)	false	3.486	0.5541	0.3925	3.42	0.5487	0.3813	0.066	-0.0053	-0.0112
(25, 58)	true	3.116	0.5911	0.4224	3.584	0.5433	0.4206	0.468	0.0478	0.0019
(25, 58)	true	3.934	0.4251	0.3364	3.63	0.4592	0.2841	-0.304	-0.0341	0.0523
(25, 58)	true	3.556	0.5501	0.3813	3.558	0.5271	0.3776	0.002	0.023	0.0037
(25, 58)	false	3.438	0.5599	0.3925	3.256	0.5672	0.4131	0.182	0.0074	0.0206
(25, 58)	false	3.402	0.5336	0.372	3.36	0.5534	0.3364	0.042	0.0198	-0.0355
(34, 66)	false	3.568	0.535	0.3234	3.09	0.59	0.3701	0.478	0.055	0.0467
(34, 66)	false	2.982	0.6546	0.4374	3.176	0.6257	0.4037	-0.194	-0.0289	-0.0336
(34, 66)	false	3.452	0.5774	0.4075	2.898	0.6413	0.3832	0.554	0.0639	-0.0243
(34, 66)	false	3.616	0.5385	0.4131	3.41	0.5651	0.3664	0.206	0.0266	-0.0467
(34, 66)	false	3.486	0.5541	0.3925	3.364	0.5779	0.3963	0.122	0.0239	0.0037
(34, 66)	false	3.116	0.5911	0.4224	3.234	0.5827	0.4075	-0.118	-0.0084	-0.015
(34, 66)	true	3.934	0.4251	0.3364	3.748	0.4521	0.3271	-0.186	-0.027	0.0093
(34, 66)	true	3.556	0.5501	0.3813	3.348	0.5547	0.3514	-0.208	-0.0046	0.0299
(34, 66)	false	3.438	0.5599	0.3925	3.446	0.5756	0.3869	-0.008	0.0157	-0.0056
(34, 66)	false	3.402	0.5336	0.372	3.814	0.5282	0.3402	-0.412	-0.0054	-0.0318
(29, 57)	false	3.568	0.535	0.3234	3.056	0.593	0.3682	0.512	0.058	0.0449
(29, 57)	false	2.982	0.6546	0.4374	3.066	0.6351	0.4168	-0.084	-0.0195	-0.0206
(29, 57)	false	3.452	0.5774	0.4075	3.268	0.5895	0.4075	0.184	0.0121	0
(29, 57)	false	3.616	0.5385	0.4131	3.426	0.5682	0.385	0.19	0.0297	-0.028
(29, 57)	false	3.486	0.5541	0.3925	3.42	0.5635	0.4093	0.066	0.0094	0.0168
(29, 57)	false	3.116	0.5911	0.4224	3.474	0.5756	0.3813	-0.358	-0.0155	-0.0411
(29, 57)	true	3.934	0.4251	0.3364	3.624	0.4565	0.3271	-0.31	-0.0314	0.0093
(29, 57)	false	3.556	0.5501	0.3813	3.118	0.5947	0.4168	0.438	0.0445	0.0355
(29, 57)	false	3.438	0.5599	0.3925	3.448	0.5561	0.4355	-0.01	-0.0038	0.043
(29, 57)	false	3.402	0.5336	0.372	3.998	0.495	0.3738	-0.596	-0.0386	0.0019
(34, 64)	false	3.568	0.535	0.3234	3.34	0.5496	0.3121	0.228	0.0146	-0.0112
(34, 64)	false	2.982	0.6546	0.4374	3.112	0.6093	0.3701	-0.13	-0.0454	-0.0673
(34, 64)	false	3.452	0.5774	0.4075	3.286	0.5909	0.443	0.166	0.0134	0.0355
(34, 64)	false	3.616	0.5385	0.4131	3.666	0.5495	0.4037	-0.05	0.011	-0.0093
(34, 64)	false	3.486	0.5541	0.3925	3.424	0.561	0.3869	0.062	0.0069	-0.0056
(34, 64)	false	3.116	0.5911	0.4224	3.372	0.5692	0.3907	-0.256	-0.0219	-0.0318
(34, 64)	false	3.934	0.4251	0.3364	3.552	0.475	0.3776	0.382	0.0499	0.0411
(34, 64)	false	3.556	0.5501	0.3813	3.294	0.5499	0.4131	0.262	-0.0003	0.0318
(34, 64)	false	3.438	0.5599	0.3925	3.43	0.5614	0.3869	0.008	0.0015	-0.0056
(34, 64)	false	3.402	0.5336	0.372	3.348	0.5378	0.3738	0.054	0.0042	0.0019
(33, 69)	false	3.568	0.535	0.3234	3.422	0.5574	0.314	0.146	0.0224	-0.0093
(33, 69)	false	2.982	0.6546	0.4374	3.122	0.6395	0.3981	-0.14	-0.0151	-0.0393
(33, 69)	true	3.452	0.5774	0.4075	3.3	0.5951	0.3907	-0.152	-0.0177	0.0168
(33, 69)	false	3.616	0.5385	0.4131	3.218	0.5597	0.3981	0.398	0.0212	-0.015
(33, 69)	true	3.486	0.5541	0.3925	3.084	0.5573	0.3888	-0.402	-0.0032	0.0037
(33, 69)	true	3.116	0.5911	0.4224	3.266	0.5817	0.4	0.15	0.0094	0.0224
(33, 69)	true	3.934	0.4251	0.3364	3.844	0.4306	0.3103	-0.09	-0.0055	0.0262
(33, 69)	false	3.556	0.5501	0.3813	3.244	0.5793	0.4037	0.312	0.0291	0.0224
(33, 69)	true	3.438	0.5599	0.3925	2.952	0.5698	0.385	-0.486	-0.0099	0.0075
(33, 69)	false	3.402	0.5336	0.372	3.268	0.5579	0.3626	0.134	0.0243	-0.0093
(38, 62)	false	3.568	0.535	0.3234	3.388	0.5556	0.2991	0.18	0.0205	-0.0243
(38, 62)	false	2.982	0.6546	0.4374	3.342	0.5658	0.3832	-0.36	-0.0888	-0.0542
(38, 62)	false	3.452	0.5774	0.4075	3.77	0.5151	0.4075	-0.318	-0.0623	0
(38, 62)	true	3.616	0.5385	0.4131	3.38	0.573	0.4	-0.236	-0.0345	0.0131
(38, 62)	false	3.486	0.5541	0.3925	3.436	0.5231	0.3664	0.05	-0.031	-0.0262
(38, 62)	true	3.116	0.5911	0.4224	3.146	0.5911	0.3682	0.03	0.0001	0.0542
(38, 62)	false	3.934	0.4251	0.3364	3.53	0.4674	0.3813	0.404	0.0424	0.0449
(38, 62)	false	3.556	0.5501	0.3813	3.27	0.5842	0.4093	0.286	0.034	0.028
(38, 62)	false	3.438	0.5599	0.3925	3.59	0.5028	0.3738	-0.152	-0.0571	-0.0187
(38, 62)	false	3.402	0.5336	0.372	3.242	0.5328	0.3589	0.16	-0.0007	-0.0131
(43, 52)	true	3.568	0.535	0.3234	3.528	0.5498	0.3178	-0.04	-0.0148	0.0056
(43, 52)	true	2.982	0.6546	0.4374	3.016	0.6499	0.4037	0.034	0.0048	0.0336
(43, 52)	true	3.452	0.5774	0.4075	3.402	0.5941	0.3981	-0.05	-0.0167	0.0093
(43, 52)	false	3.616	0.5385	0.4131	3.458	0.5607	0.4336	0.158	0.0222	0.0206
(43, 52)	false	3.486	0.5541	0.3925	3.588	0.5309	0.3757	-0.102	-0.0232	-0.0168
(43, 52)	true	3.116	0.5911	0.4224	3.482	0.567	0.3701	0.366	0.0242	0.0523
(43, 52)	true	3.934	0.4251	0.3364	3.646	0.4619	0.314	-0.288	-0.0368	0.0224
(43, 52)	false	3.556	0.5501	0.3813	3.254	0.5761	0.3458	0.302	0.0259	-0.0355
(43, 52)	false	3.438	0.5599	0.3925	3.594	0.5359	0.4037	-0.156	-0.024	0.0112
(43, 52)	false	3.402	0.5336	0.372	3.336	0.518	0.3907	0.066	-0.0156	0.0187
(31, 70)	true	3.568	0.535	0.3234	3.138	0.5797	0.3252	-0.43	-0.0447	-0.0019
(31, 70)	true	2.982	0.6546	0.4374	2.916	0.6596	0.4112	-0.066	-0.005	0.0262
(31, 70)	true	3.452	0.5774	0.4075	3.12	0.6	0.4	-0.332	-0.0226	0.0075
(31, 70)	false	3.616	0.5385	0.4131	3.064	0.5691	0.3645	0.552	0.0306	-0.0486
(31, 70)	false	3.486	0.5541	0.3925	3.678	0.5181	0.3963	-0.192	-0.0359	0.0037
(31, 70)	false	3.116	0.5911	0.4224	3.134	0.5939	0.443	-0.018	0.0028	0.0206
(31, 70)	false	3.934	0.4251	0.3364	3.642	0.444	0.3402	0.292	0.019	0.0037
(31, 70)	false	3.556	0.5501	0.3813	3.494	0.5644	0.3925	0.062	0.0143	0.0112
(31, 70)	false	3.438	0.5599	0.3925	3.71	0.5013	0.3626	-0.272	-0.0585	-0.0299
(31, 70)	false	3.402	0.5336	0.372	3.694	0.5507	0.3308	-0.292	0.0171	-0.0411
(30, 69)	true	3.568	0.535	0.3234	3.384	0.5478	0.3215	-0.184	-0.0128	0.0019
(30, 69)	true	2.982	0.6546	0.4374	2.998	0.6395	0.4243	0.016	0.0151	0.0131
(30, 69)	false	3.452	0.5774	0.4075	3.102	0.6228	0.3963	0.35	0.0454	-0.0112
(30, 69)	false	3.616	0.5385	0.4131	3.77	0.5428	0.3794	-0.154	0.0043	-0.0336
(30, 69)	false	3.486	0.5541	0.3925	3.578	0.519	0.385	-0.092	-0.0351	-0.0075
(30, 69)	false	3.116	0.5911	0.4224	3.284	0.583	0.4224	-0.168	-0.0081	0
(30, 69)	false	3.934	0.4251	0.3364	3.65	0.4502	0.3514	0.284	0.0251	0.015
(30, 69)	false	3.556	0.5501	0.3813	3.324	0.5684	0.3738	0.232	0.0183	-0.0075
(30, 69)	false	3.438	0.5599	0.3925	3.566	0.5372	0.3701	-0.128	-0.0227	-0.0224
(30, 69)	false	3.402	0.5336	0.372	3.382	0.5229	0.3738	0.02	-0.0106	0.0019
(11, 81)	true	3.568	0.535	0.3234	3.318	0.5452	0.314	-0.25	-0.0102	0.0093
(11, 81)	true	2.982	0.6546	0.4374	3.184	0.6396	0.4206	0.202	0.0151	0.0168
(11, 81)	false	3.452	0.5774	0.4075	3.392	0.5516	0.3832	0.06	-0.0258	-0.0243
(11, 81)	true	3.616	0.5385	0.4131	3.332	0.5374	0.372	-0.284	0.0011	0.0411
(11, 81)	false	3.486	0.5541	0.3925	3.482	0.5388	0.385	0.004	-0.0153	-0.0075
(11, 81)	false	3.116	0.5911	0.4224	3.446	0.5616	0.4299	-0.33	-0.0295	0.0075
(11, 81)	false	3.934	0.4251	0.3364	3.48	0.4643	0.3271	0.454	0.0392	-0.0093
(11, 81)	false	3.556	0.5501	0.3813	3.184	0.5799	0.4187	0.372	0.0297	0.0374
(11, 81)	false	3.438	0.5599	0.3925	3.244	0.5566	0.4168	0.194	-0.0033	0.0243
(11, 81)	false	3.402	0.5336	0.372	3.756	0.5336	0.3589	-0.354	0	-0.0131
(30, 58)	true	3.568	0.535	0.3234	3.138	0.4844	0.2841	-0.43	0.0506	0.0393
(30, 58)	false	2.982	0.6546	0.4374	3.164	0.6209	0.415	-0.182	-0.0337	-0.0224
(30, 58)	false	3.452	0.5774	0.4075	2.948	0.6248	0.4804	0.504	0.0474	0.0729
(30, 58)	false	3.616	0.5385	0.4131	3.394	0.5427	0.4187	0.222	0.0042	0.0056
(30, 58)	false	3.486	0.5541	0.3925	3.588	0.5575	0.4131	-0.102	0.0034	0.0206
(30, 58)	false	3.116	0.5911	0.4224	3.268	0.5935	0.443	-0.152	0.0024	0.0206
(30, 58)	false	3.934	0.4251	0.3364	3.484	0.4677	0.3738	0.45	0.0427	0.0374
(30, 58)	false	3.556	0.5501	0.3813	3.292	0.5791	0.4	0.264	0.029	0.0187
(30, 58)	false	3.438	0.5599	0.3925	3.578	0.545	0.443	-0.14	-0.0149	0.0505
(30, 58)	false	3.402	0.5336	0.372	3.6	0.5415	0.3832	-0.198	0.0079	0.0112
(28, 57)	false	3.568	0.535	0.3234	3.234	0.5909	0.3794	0.334	0.0559	0.0561
(28, 57)	false	2.982	0.6546	0.4374	2.842	0.6497	0.4112	0.14	-0.0049	-0.0262
(28, 57)	true	3.452	0.5774	0.4075	3.238	0.606	0.4131	-0.214	-0.0286	-0.0056
(28, 57)	true	3.616	0.5385	0.4131	3.514	0.5362	0.3757	-0.102	0.0022	0.0374
(28, 57)	false	3.486	0.5541	0.3925	3.49	0.5377	0.4131	-0.004	-0.0164	0.0206
(28, 57)	true	3.116	0.5911	0.4224	3.386	0.5818	0.3869	0.27	0.0093	0.0355
(28, 57)	true	3.934	0.4251	0.3364	3.428	0.4628	0.3533	-0.506	-0.0378	-0.0168
(28, 57)	true	3.556	0.5501	0.3813	3.51	0.5749	0.4	-0.046	-0.0248	-0.0187
(28, 57)	false	3.438	0.5599	0.3925	3.374	0.5407	0.4131	0.064	-0.0192	0.0206
(28, 57)	false	3.402	0.5336	0.372	3.49	0.5546	0.3607	-0.088	0.021	-0.0112
(17, 85)	true	3.568	0.535	0.3234	3.248	0.5511	0.2935	-0.32	-0.016	0.0299
(17, 85)	true	2.982	0.6546	0.4374	3.136	0.6165	0.3813	0.154	0.0381	0.0561
(17, 85)	false	3.452	0.5774	0.4075	3.154	0.5996	0.3888	0.298	0.0222	-0.0187
(17, 85)	false	3.616	0.5385	0.4131	3.306	0.5691	0.415	0.31	0.0306	0.0019
(17, 85)	true	3.486	0.5541	0.3925	3.522	0.551	0.3907	0.036	0.0031	0.0019
(17, 85)	false	3.116	0.5911	0.4224	3.272	0.579	0.3757	-0.156	-0.0121	-0.0467
(17, 85)	false	3.934	0.4251	0.3364	3.612	0.4567	0.3813	0.322	0.0317	0.0449
(17, 85)	false	3.556	0.5501	0.3813	3.2	0.5887	0.3776	0.356	0.0386	-0.0037
(17, 85)	true	3.438	0.5599	0.3925	3.502	0.5543	0.4019	0.064	0.0056	-0.0093
(17, 85)	false	3.402	0.5336	0.372	3.564	0.5472	0.3776	-0.162	0.0136	0.0056
(9, 31)	true	3.568	0.535	0.3234	3.664	0.4188	0.2598	0.096	0.1162	0.0636
(9, 31)	true	2.982	0.6546	0.4374	4.028	0.4808	0.3234	1.046	0.1738	0.114
(9, 31)	true	3.452	0.5774	0.4075	3.292	0.5373	0.415	-0.16	0.0402	-0.0075
(9, 31)	false	3.616	0.5385	0.4131	3.16	0.5991	0.3907	0.456	0.0606	-0.0224
(9, 31)	false	3.486	0.5541	0.3925	3.308	0.5826	0.3888	0.178	0.0286	-0.0037
(9, 31)	false	3.116	0.5911	0.4224	2.938	0.6423	0.3944	0.178	0.0512	-0.028
(9, 31)	false	3.934	0.4251	0.3364	3.596	0.5246	0.3682	0.338	0.0995	0.0318
(9, 31)	false	3.556	0.5501	0.3813	2.668	0.6748	0.4093	0.888	0.1247	0.028
(9, 31)	false	3.438	0.5599	0.3925	3.24	0.6032	0.4262	0.198	0.0434	0.0336
(9, 31)	false	3.402	0.5336	0.372	3.12	0.5966	0.3234	0.282	0.0631	-0.0486
(34, 70)	false	3.568	0.535	0.3234	3.5	0.5598	0.329	0.068	0.0248	0.0056
(34, 70)	false	2.982	0.6546	0.4374	2.826	0.6525	0.4168	0.156	-0.0022	-0.0206
(34, 70)	false	3.452	0.5774	0.4075	3.3	0.5998	0.4131	0.152	0.0224	0.0056
(34, 70)	false	3.616	0.5385	0.4131	3.388	0.5429	0.3813	0.228	0.0044	-0.0318
(34, 70)	true	3.486	0.5541	0.3925	3.626	0.5124	0.3645	0.14	0.0417	0.028
(34, 70)	false	3.116	0.5911	0.4224	3.278	0.5774	0.4243	-0.162	-0.0137	0.0019
(34, 70)	true	3.934	0.4251	0.3364	3.812	0.4433	0.3327	-0.122	-0.0182	0.0037
(34, 70)	false	3.556	0.5501	0.3813	3.112	0.5899	0.4093	0.444	0.0398	0.028
(34, 70)	true	3.438	0.5599	0.3925	3.37	0.5278	0.3439	-0.068	0.0321	0.0486
(34, 70)	false	3.402	0.5336	0.372	3.29	0.5306	0.3477	0.112	-0.003	-0.0243
(33, 39)	false	3.568	0.535	0.3234	3.292	0.54	0.3065	0.276	0.0049	-0.0168
(33, 39)	false	2.982	0.6546	0.4374	3.456	0.5793	0.3589	-0.474	-0.0753	-0.0785
(33, 39)	false	3.452	0.5774	0.4075	3.252	0.6054	0.4224	0.2	0.028	0.015
(33, 39)	false	3.616	0.5385	0.4131	3.43	0.5269	0.3645	0.186	-0.0115	-0.0486
(33, 39)	false	3.486	0.5541	0.3925	3.528	0.5518	0.3514	-0.042	-0.0023	-0.0411
(33, 39)	false	3.116	0.5911	0.4224	3.422	0.5555	0.4449	-0.306	-0.0357	0.0224
(33, 39)	false	3.934	0.4251	0.3364	3.776	0.4489	0.3832	0.158	0.0239	0.0467
(33, 39)	false	3.556	0.5501	0.3813	3.69	0.5469	0.3701	-0.134	-0.0032	-0.0112
(33, 39)	false	3.438	0.5599	0.3925	3.68	0.5361	0.3776	-0.242	-0.0238	-0.015
(33, 39)	false	3.402	0.5336	0.372	3.292	0.5332	0.314	0.11	-0.0004	-0.0579
(28, 58)	false	3.568	0.535	0.3234	3.262	0.5614	0.3514	0.306	0.0263	0.028
(28, 58)	false	2.982	0.6546	0.4374	3.046	0.6563	0.4206	-0.064	0.0017	-0.0168
(28, 58)	true	3.452	0.5774	0.4075	3.426	0.5767	0.3944	-0.026	0.0007	0.0131
(28, 58)	false	3.616	0.5385	0.4131	3.248	0.5723	0.3981	0.368	0.0338	-0.015
(28, 58)	false	3.486	0.5541	0.3925	3.6	0.528	0.3944	-0.114	-0.0261	0.0019
(28, 58)	true	3.116	0.5911	0.4224	3.226	0.5969	0.4336	0.11	-0.0058	-0.0112
(28, 58)	false	3.934	0.4251	0.3364	3.592	0.444	0.3383	0.342	0.0189	0.0019
(28, 58)	false	3.556	0.5501	0.3813	3.456	0.5552	0.3776	0.1	0.005	-0.0037
(28, 58)	false	3.438	0.5599	0.3925	3.206	0.5775	0.4168	0.232	0.0176	0.0243
(28, 58)	false	3.402	0.5336	0.372	3.686	0.5499	0.4056	-0.284	0.0163	0.0336
(29, 61)	false	3.568	0.535	0.3234	3.55	0.5452	0.3364	0.018	0.0102	0.0131
(29, 61)	false	2.982	0.6546	0.4374	2.964	0.6476	0.3963	0.018	-0.007	-0.0411
(29, 61)	false	3.452	0.5774	0.4075	3.184	0.6026	0.4	0.268	0.0252	-0.0075
(29, 61)	true	3.616	0.5385	0.4131	3.578	0.5234	0.3439	-0.038	0.0151	0.0692
(29, 61)	true	3.486	0.5541	0.3925	3.498	0.5112	0.3346	0.012	0.0429	0.0579
(29, 61)	false	3.116	0.5911	0.4224	3.176	0.6055	0.4393	-0.06	0.0144	0.0168
(29, 61)	false	3.934	0.4251	0.3364	3.438	0.4867	0.3794	0.496	0.0616	0.043
(29, 61)	false	3.556	0.5501	0.3813	3.216	0.608	0.428	0.34	0.0579	0.0467
(29, 61)	true	3.438	0.5599	0.3925	3.452	0.5301	0.3477	0.014	0.0298	0.0449
(29, 61)	false	3.402	0.5336	0.372	3.622	0.5407	0.3794	-0.22	0.0072	0.0075
(25, 57)	false	3.568	0.535	0.3234	3.24	0.5954	0.3776	0.328	0.0604	0.0542
(25, 57)	false	2.982	0.6546	0.4374	2.89	0.6727	0.4056	0.092	0.0181	-0.0318
(25, 57)	true	3.452	0.5774	0.4075	3.224	0.5941	0.4037	-0.228	-0.0167	0.0037
(25, 57)	false	3.616	0.5385	0.4131	3.398	0.5635	0.3794	0.218	0.025	-0.0336
(25, 57)	false	3.486	0.5541	0.3925	3.85	0.5016	0.3626	-0.364	-0.0525	-0.0299
(25, 57)	false	3.116	0.5911	0.4224	3.426	0.5766	0.3645	-0.31	-0.0145	-0.0579
(25, 57)	false	3.934	0.4251	0.3364	3.324	0.4757	0.3645	0.61	0.0506	0.028
(25, 57)	true	3.556	0.5501	0.3813	3.734	0.5031	0.329	0.178	0.047	0.0523
(25, 57)	false	3.438	0.5599	0.3925	3.704	0.5067	0.357	-0.266	-0.0531	-0.0355
(25, 57)	false	3.402	0.5336	0.372	3.178	0.5383	0.3963	0.224	0.0047	0.0243
(19, 80)	true	3.568	0.535	0.3234	3.282	0.5709	0.3364	-0.286	-0.0358	-0.0131
(19, 80)	true	2.982	0.6546	0.4374	3.058	0.6406	0.3738	0.076	0.014	0.0636
(19, 80)	false	3.452	0.5774	0.4075	3.366	0.5931	0.4187	0.086	0.0156	0.0112
(19, 80)	false	3.616	0.5385	0.4131	3.58	0.5177	0.3738	0.036	-0.0208	-0.0393
(19, 80)	false	3.486	0.5541	0.3925	3.554	0.5499	0.4056	-0.068	-0.0042	0.0131
(19, 80)	true	3.116	0.5911	0.4224	3.556	0.5471	0.3757	0.44	0.044	0.0467
(19, 80)	true	3.934	0.4251	0.3364	3.648	0.4441	0.3458	-0.286	-0.019	-0.0093
(19, 80)	false	3.556	0.5501	0.3813	2.898	0.6024	0.3682	0.658	0.0523	-0.0131
(19, 80)	false	3.438	0.5599	0.3925	3.268	0.5729	0.4093	0.17	0.013	0.0168
(19, 80)	false	3.402	0.5336	0.372	3.234	0.5306	0.3944	0.168	-0.003	0.0224
(43, 56)	false	3.568	0.535	0.3234	3.33	0.5455	0.3626	0.238	0.0104	0.0393
(43, 56)	false	2.982	0.6546	0.4374	2.874	0.6385	0.4243	0.108	-0.0162	-0.0131
(43, 56)	false	3.452	0.5774	0.4075	3.388	0.6002	0.4318	0.064	0.0228	0.0243
(43, 56)	false	3.616	0.5385	0.4131	3.628	0.5402	0.4093	-0.012	0.0017	-0.0037
(43, 56)	false	3.486	0.5541	0.3925	3.632	0.5348	0.3925	-0.146	-0.0193	0
(43, 56)	false	3.116	0.5911	0.4224	3.162	0.6112	0.471	-0.046	0.0201	0.0486
(43, 56)	false	3.934	0.4251	0.3364	3.796	0.4471	0.3439	0.138	0.022	0.0075
(43, 56)	false	3.556	0.5501	0.3813	3.43	0.5866	0.4318	0.126	0.0365	0.0505
(43, 56)	false	3.438	0.5599	0.3925	3.614	0.5344	0.3813	-0.176	-0.0255	-0.0112
(43, 56)	false	3.402	0.5336	0.372	3.568	0.518	0.3533	-0.166	-0.0156	-0.0187
(8, 77)	true	3.568	0.535	0.3234	3.266	0.5476	0.286	-0.302	-0.0126	0.0374
(8, 77)	true	2.982	0.6546	0.4374	3.264	0.6017	0.4	0.282	0.0529	0.0374
(8, 77)	false	3.452	0.5774	0.4075	3.244	0.6128	0.4505	0.208	0.0353	0.043
(8, 77)	false	3.616	0.5385	0.4131	3.422	0.529	0.372	0.194	-0.0095	-0.0411
(8, 77)	false	3.486	0.5541	0.3925	3.538	0.5243	0.3776	-0.052	-0.0298	-0.015
(8, 77)	false	3.116	0.5911	0.4224	3.158	0.6058	0.4355	-0.042	0.0147	0.0131
(8, 77)	false	3.934	0.4251	0.3364	3.714	0.5085	0.3869	0.22	0.0835	0.0505
(8, 77)	false	3.556	0.5501	0.3813	3.374	0.5593	0.4131	0.182	0.0091	0.0318
(8, 77)	false	3.438	0.5599	0.3925	3.526	0.5259	0.3813	-0.088	-0.0339	-0.0112
(8, 77)	false	3.402	0.5336	0.372	3.612	0.5114	0.3364	-0.21	-0.0222	-0.0355
(16, 86)	true	3.568	0.535	0.3234	3.054	0.5651	0.329	-0.514	-0.03	-0.0056
(16, 86)	true	2.982	0.6546	0.4374	3.094	0.6394	0.4112	0.112	0.0152	0.0262
(16, 86)	false	3.452	0.5774	0.4075	2.97	0.6239	0.3888	0.482	0.0465	-0.0187
(16, 86)	false	3.616	0.5385	0.4131	3.538	0.5395	0.4168	0.078	0.001	0.0037
(16, 86)	true	3.486	0.5541	0.3925	3.528	0.5329	0.4112	0.042	0.0212	-0.0187
(16, 86)	false	3.116	0.5911	0.4224	3.464	0.5497	0.4168	-0.348	-0.0414	-0.0056
(16, 86)	true	3.934	0.4251	0.3364	3.28	0.4916	0.3645	-0.654	-0.0665	-0.028
(16, 86)	false	3.556	0.5501	0.3813	3.462	0.5768	0.4168	0.094	0.0267	0.0355
(16, 86)	true	3.438	0.5599	0.3925	3.446	0.538	0.3813	0.008	0.0219	0.0112
(16, 86)	false	3.402	0.5336	0.372	3.568	0.5283	0.3813	-0.166	-0.0052	0.0093
(9, 27)	false	3.568	0.535	0.3234	3.328	0.574	0.3664	0.24	0.0389	0.043
(9, 27)	false	2.982	0.6546	0.4374	3.026	0.6323	0.3664	-0.044	-0.0223	-0.071
(9, 27)	false	3.452	0.5774	0.4075	3.018	0.5934	0.3944	0.434	0.016	-0.0131
(9, 27)	false	3.616	0.5385	0.4131	3.636	0.5501	0.3907	-0.02	0.0116	-0.0224
(9, 27)	true	3.486	0.5541	0.3925	3.5	0.5261	0.3533	0.014	0.0279	0.0393
(9, 27)	true	3.116	0.5911	0.4224	3.516	0.5424	0.4037	0.4	0.0487	0.0187
(9, 27)	false	3.934	0.4251	0.3364	3.654	0.5073	0.3402	0.28	0.0822	0.0037
(9, 27)	false	3.556	0.5501	0.3813	2.97	0.6143	0.3907	0.586	0.0642	0.0093
(9, 27)	true	3.438	0.5599	0.3925	3.534	0.5272	0.3439	0.096	0.0327	0.0486
(9, 27)	false	3.402	0.5336	0.372	3.47	0.4791	0.314	-0.068	-0.0544	-0.0579
(34, 68)	true	3.568	0.535	0.3234	3.35	0.5514	0.3028	-0.218	-0.0163	0.0206
(34, 68)	true	2.982	0.6546	0.4374	2.89	0.6466	0.3944	-0.092	0.008	0.043
(34, 68)	true	3.452	0.5774	0.4075	3.128	0.6018	0.4075	-0.324	-0.0244	0
(34, 68)	true	3.616	0.5385	0.4131	3.492	0.5602	0.3664	-0.124	-0.0217	0.0467
(34, 68)	false	3.486	0.5541	0.3925	3.46	0.5356	0.4019	0.026	-0.0185	0.0093
(34, 68)	false	3.116	0.5911	0.4224	3.314	0.5853	0.4262	-0.198	-0.0058	0.0037
(34, 68)	false	3.934	0.4251	0.3364	3.396	0.4934	0.3645	0.538	0.0683	0.028
(34, 68)	false	3.556	0.5501	0.3813	3.146	0.602	0.3794	0.41	0.0518	-0.0019
(34, 68)	false	3.438	0.5599	0.3925	3.424	0.5496	0.4075	0.014	-0.0102	0.015
(34, 68)	false	3.402	0.5336	0.372	3.652	0.5063	0.3514	-0.25	-0.0272	-0.0206
(29, 55)	false	3.568	0.535	0.3234	3.566	0.5426	0.2879	0.002	0.0075	-0.0355
(29, 55)	false	2.982	0.6546	0.4374	2.906	0.6388	0.3738	0.076	-0.0158	-0.0636
(29, 55)	false	3.452	0.5774	0.4075	2.824	0.6523	0.4262	0.628	0.0749	0.0187
(29, 55)	false	3.616	0.5385	0.4131	3.72	0.5271	0.4037	-0.104	-0.0114	-0.0093
(29, 55)	true	3.486	0.5541	0.3925	3.476	0.5414	0.4224	-0.01	0.0126	-0.0299
(29, 55)	true	3.116	0.5911	0.4224	3.424	0.5698	0.4	0.308	0.0213	0.0224
(29, 55)	false	3.934	0.4251	0.3364	3.434	0.4705	0.3626	0.5	0.0454	0.0262
(29, 55)	false	3.556	0.5501	0.3813	3.456	0.5524	0.3701	0.1	0.0023	-0.0112
(29, 55)	true	3.438	0.5599	0.3925	3.666	0.5343	0.3944	0.228	0.0255	-0.0019
(29, 55)	false	3.402	0.5336	0.372	3.492	0.5526	0.3944	-0.09	0.0191	0.0224
(15, 81)	false	3.568	0.535	0.3234	3.58	0.5379	0.2953	-0.012	0.0029	-0.028
(15, 81)	false	2.982	0.6546	0.4374	2.904	0.6471	0.4075	0.078	-0.0075	-0.0299
(15, 81)	true	3.452	0.5774	0.4075	2.88	0.6516	0.3907	-0.572	-0.0742	0.0168
(15, 81)	true	3.616	0.5385	0.4131	3.292	0.5594	0.357	-0.324	-0.0209	0.0561
(15, 81)	false	3.486	0.5541	0.3925	3.494	0.5458	0.4262	-0.008	-0.0083	0.0336
(15, 81)	false	3.116	0.5911	0.4224	3.498	0.5636	0.4393	-0.382	-0.0276	0.0168
(15, 81)	true	3.934	0.4251	0.3364	3.672	0.4613	0.3271	-0.262	-0.0362	0.0093
(15, 81)	false	3.556	0.5501	0.3813	3.328	0.5574	0.3813	0.228	0.0073	0
(15, 81)	false	3.438	0.5599	0.3925	3.272	0.5702	0.4112	0.166	0.0103	0.0187
(15, 81)	false	3.402	0.5336	0.372	3.526	0.5305	0.4075	-0.124	-0.0031	0.0355
(12, 27)	false	3.568	0.535	0.3234	3.276	0.5491	0.2953	0.292	0.0141	-0.028
(12, 27)	false	2.982	0.6546	0.4374	2.934	0.655	0.3907	0.048	0.0004	-0.0467
(12, 27)	false	3.452	0.5774	0.4075	3.308	0.5873	0.4224	0.144	0.0098	0.015
(12, 27)	false	3.616	0.5385	0.4131	3.138	0.6126	0.4206	0.478	0.0741	0.0075
(12, 27)	false	3.486	0.5541	0.3925	3.844	0.512	0.3832	-0.358	-0.042	-0.0093
(12, 27)	false	3.116	0.5911	0.4224	3.18	0.5891	0.3907	-0.064	-0.002	-0.0318
(12, 27)	false	3.934	0.4251	0.3364	3.836	0.4551	0.3458	0.098	0.03	0.0093
(12, 27)	false	3.556	0.5501	0.3813	3.028	0.5951	0.385	0.528	0.0449	0.0037
(12, 27)	false	3.438	0.5599	0.3925	3.486	0.5549	0.3738	-0.048	-0.005	-0.0187
(12, 27)	false	3.402	0.5336	0.372	3.614	0.5167	0.329	-0.212	-0.0168	-0.043
(27, 76)	true	3.568	0.535	0.3234	3.3	0.5567	0.3047	-0.268	-0.0217	0.0187
(27, 76)	true	2.982	0.6546	0.4374	3.242	0.6244	0.4131	0.26	0.0302	0.0243
(27, 76)	true	3.452	0.5774	0.4075	3.37	0.5769	0.3813	-0.082	0.0005	0.0262
(27, 76)	false	3.616	0.5385	0.4131	3.422	0.5787	0.3832	0.194	0.0403	-0.0299
(27, 76)	true	3.486	0.5541	0.3925	3.686	0.5272	0.3757	0.2	0.0269	0.0168
(27, 76)	false	3.116	0.5911	0.4224	3.458	0.554	0.415	-0.342	-0.0371	-0.0075
(27, 76)	false	3.934	0.4251	0.3364	3.88	0.4437	0.3458	0.054	0.0186	0.0093
(27, 76)	false	3.556	0.5501	0.3813	3.2	0.6002	0.3907	0.356	0.05	0.0093
(27, 76)	true	3.438	0.5599	0.3925	3.446	0.5322	0.3907	0.008	0.0277	0.0019
(27, 76)	false	3.402	0.5336	0.372	3.548	0.5508	0.385	-0.146	0.0172	0.0131
(34, 67)	false	3.568	0.535	0.3234	3.316	0.5566	0.3234	0.252	0.0216	0
(34, 67)	false	2.982	0.6546	0.4374	2.99	0.6369	0.4112	-0.008	-0.0177	-0.0262
(34, 67)	true	3.452	0.5774	0.4075	2.964	0.631	0.443	-0.488	-0.0536	-0.0355
(34, 67)	false	3.616	0.5385	0.4131	3.45	0.5759	0.385	0.166	0.0375	-0.028
(34, 67)	false	3.486	0.5541	0.3925	3.348	0.5679	0.4131	0.138	0.0138	0.0206
(34, 67)	false	3.116	0.5911	0.4224	3.588	0.55	0.4467	-0.472	-0.0411	0.0243
(34, 67)	false	3.934	0.4251	0.3364	3.44	0.4724	0.3757	0.494	0.0474	0.0393
(34, 67)	false	3.556	0.5501	0.3813	3.386	0.5547	0.3925	0.17	0.0045	0.0112
(34, 67)	false	3.438	0.5599	0.3925	3.21	0.5827	0.4206	0.228	0.0229	0.028
(34, 67)	false	3.402	0.5336	0.372	3.332	0.5296	0.4019	0.07	-0.004	0.0299
(39, 58)	false	3.568	0.535	0.3234	3.132	0.5637	0.3421	0.436	0.0286	0.0187
(39, 58)	false	2.982	0.6546	0.4374	2.916	0.6518	0.4336	0.066	-0.0028	-0.0037
(39, 58)	false	3.452	0.5774	0.4075	3.204	0.5909	0.4168	0.248	0.0135	0.0093
(39, 58)	true	3.616	0.5385	0.4131	3.64	0.5093	0.3551	0.024	0.0291	0.0579
(39, 58)	true	3.486	0.5541	0.3925	3.492	0.5411	0.3589	0.006	0.013	0.0336
(39, 58)	false	3.116	0.5911	0.4224	3.192	0.5818	0.4	-0.076	-0.0093	-0.0224
(39, 58)	true	3.934	0.4251	0.3364	3.544	0.4494	0.3626	-0.39	-0.0243	-0.0262
(39, 58)	false	3.556	0.5501	0.3813	3.358	0.5752	0.4	0.198	0.0251	0.0187
(39, 58)	true	3.438	0.5599	0.3925	3.008	0.6095	0.4	-0.43	-0.0496	-0.0075
(39, 58)	false	3.402	0.5336	0.372	3.296	0.5797	0.3925	0.106	0.0462	0.0206
(29, 58)	false	3.568	0.535	0.3234	3.276	0.5889	0.3327	0.292	0.0539	0.0093
(29, 58)	false	2.982	0.6546	0.4374	3.032	0.6298	0.4131	-0.05	-0.0248	-0.0243
(29, 58)	false	3.452	0.5774	0.4075	3.124	0.6145	0.4056	0.328	0.0371	-0.0019
(29, 58)	false	3.616	0.5385	0.4131	3.67	0.5252	0.4131	-0.054	-0.0133	0
(29, 58)	false	3.486	0.5541	0.3925	3.56	0.5312	0.3776	-0.074	-0.0229	-0.015
(29, 58)	false	3.116	0.5911	0.4224	3.398	0.5471	0.3869	-0.282	-0.0441	-0.0355
(29, 58)	false	3.934	0.4251	0.3364	3.642	0.4619	0.3869	0.292	0.0368	0.0505
(29, 58)	false	3.556	0.5501	0.3813	3.2	0.5832	0.3888	0.356	0.033	0.0075
(29, 58)	false	3.438	0.5599	0.3925	3.582	0.5296	0.3701	-0.144	-0.0303	-0.0224
(29, 58)	false	3.402	0.5336	0.372	3.514	0.5244	0.372	-0.112	-0.0092	0
(18, 84)	false	3.568	0.535	0.3234	3.268	0.5695	0.3159	0.3	0.0345	-0.0075
(18, 84)	false	2.982	0.6546	0.4374	3.024	0.6573	0.4037	-0.042	0.0027	-0.0336
(18, 84)	true	3.452	0.5774	0.4075	3.142	0.616	0.3682	-0.31	-0.0386	0.0393
(18, 84)	false	3.616	0.5385	0.4131	3.516	0.5349	0.3925	0.1	-0.0036	-0.0206
(18, 84)	false	3.486	0.5541	0.3925	3.468	0.5543	0.3551	0.018	0.0002	-0.0374
(18, 84)	false	3.116	0.5911	0.4224	3.442	0.5377	0.3738	-0.326	-0.0534	-0.0486
(18, 84)	false	3.934	0.4251	0.3364	3.486	0.4754	0.3439	0.448	0.0503	0.0075
(18, 84)	false	3.556	0.5501	0.3813	3.49	0.5434	0.3402	0.066	-0.0067	-0.0411
(18, 84)	false	3.438	0.5599	0.3925	3.482	0.5538	0.3701	-0.044	-0.0061	-0.0224
(18, 84)	false	3.402	0.5336	0.372	3.568	0.5243	0.3907	-0.166	-0.0092	0.0187
(39, 59)	false	3.568	0.535	0.3234	3.52	0.5354	0.3551	0.048	0.0004	0.0318
(39, 59)	false	2.982	0.6546	0.4374	3.164	0.6059	0.4131	-0.182	-0.0487	-0.0243
(39, 59)	false	3.452	0.5774	0.4075	2.926	0.635	0.4224	0.526	0.0576	0.015
(39, 59)	false	3.616	0.5385	0.4131	3.504	0.5627	0.3832	0.112	0.0242	-0.0299
(39, 59)	false	3.486	0.5541	0.3925	3.524	0.5306	0.4019	-0.038	-0.0234	0.0093
(39, 59)	false	3.116	0.5911	0.4224	3.564	0.557	0.4262	-0.448	-0.0341	0.0037
(39, 59)	false	3.934	0.4251	0.3364	3.382	0.4594	0.3664	0.552	0.0343	0.0299
(39, 59)	true	3.556	0.5501	0.3813	3.146	0.597	0.3944	-0.41	-0.0469	-0.0131
(39, 59)	false	3.438	0.5599	0.3925	3.442	0.5447	0.3738	-0.004	-0.0152	-0.0187
(39, 59)	false	3.402	0.5336	0.372	3.312	0.5159	0.3757	0.09	-0.0177	0.0037
(4, 74)	false	3.568	0.535	0.3234	3.234	0.556	0.3327	0.334	0.021	0.0093
(4, 74)	false	2.982	0.6546	0.4374	3.272	0.6072	0.3757	-0.29	-0.0474	-0.0617
(4, 74)	true	3.452	0.5774	0.4075	3.186	0.6262	0.4	-0.266	-0.0488	0.0075
(4, 74)	false	3.616	0.5385	0.4131	3.61	0.509	0.3701	0.006	-0.0294	-0.043
(4, 74)	false	3.486	0.5541	0.3925	3.496	0.5207	0.3907	-0.01	-0.0333	-0.0019
(4, 74)	false	3.116	0.5911	0.4224	3.418	0.5674	0.3757	-0.302	-0.0237	-0.0467
(4, 74)	false	3.934	0.4251	0.3364	3.962	0.4681	0.3738	-0.028	0.043	0.0374
(4, 74)	false	3.556	0.5501	0.3813	3.208	0.6125	0.4561	0.348	0.0623	0.0748
(4, 74)	false	3.438	0.5599	0.3925	3.402	0.5203	0.3682	0.036	-0.0396	-0.0243
(4, 74)	false	3.402	0.5336	0.372	3.662	0.5545	0.3551	-0.26	0.0209	-0.0168
(44, 52)	true	3.568	0.535	0.3234	3.234	0.5867	0.3252	-0.334	-0.0516	-0.0019
(44, 52)	true	2.982	0.6546	0.4374	3.124	0.6342	0.3888	0.142	0.0204	0.0486
(44, 52)	false	3.452	0.5774	0.4075	2.942	0.6293	0.3327	0.51	0.0519	-0.0748
(44, 52)	false	3.616	0.5385	0.4131	3.73	0.4934	0.3589	-0.114	-0.0451	-0.0542
(44, 52)	false	3.486	0.5541	0.3925	3.796	0.5286	0.3813	-0.31	-0.0255	-0.0112
(44, 52)	true	3.116	0.5911	0.4224	3.316	0.576	0.4019	0.2	0.0151	0.0206
(44, 52)	false	3.934	0.4251	0.3364	3.684	0.4664	0.3645	0.25	0.0413	0.028
(44, 52)	false	3.556	0.5501	0.3813	3.476	0.5659	0.3776	0.08	0.0158	-0.0037
(44, 52)	false	3.438	0.5599	0.3925	3.882	0.4936	0.3738	-0.444	-0.0663	-0.0187
(44, 52)	false	3.402	0.5336	0.372	3.642	0.479	0.3551	-0.24	-0.0546	-0.0168
(27, 77)	false	3.568	0.535	0.3234	3.388	0.5626	0.3178	0.18	0.0276	-0.0056
(27, 77)	false	2.982	0.6546	0.4374	2.878	0.6556	0.3813	0.104	0.001	-0.0561
(27, 77)	false	3.452	0.5774	0.4075	3.332	0.5825	0.3626	0.12	0.0051	-0.0449
(27, 77)	true	3.616	0.5385	0.4131	3.606	0.5463	0.3776	-0.01	-0.0078	0.0355
(27, 77)	false	3.486	0.5541	0.3925	3.302	0.5677	0.4	0.184	0.0136	0.0075
(27, 77)	true	3.116	0.5911	0.4224	3.252	0.603	0.4411	0.136	-0.0119	-0.0187
(27, 77)	false	3.934	0.4251	0.3364	3.56	0.4341	0.3981	0.374	0.009	0.0617
(27, 77)	true	3.556	0.5501	0.3813	3.274	0.5611	0.3607	-0.282	-0.011	0.0206
(27, 77)	false	3.438	0.5599	0.3925	3.082	0.5817	0.4224	0.356	0.0218	0.0299
(27, 77)	false	3.402	0.5336	0.372	3.658	0.5315	0.3607	-0.256	-0.002	-0.0112
(38, 59)	false	3.568	0.535	0.3234	3.238	0.5642	0.3308	0.33	0.0292	0.0075
(38, 59)	false	2.982	0.6546	0.4374	2.984	0.6308	0.4019	-0.002	-0.0238	-0.0355
(38, 59)	false	3.452	0.5774	0.4075	3.116	0.6199	0.4093	0.336	0.0425	0.0019
(38, 59)	false	3.616	0.5385	0.4131	3.334	0.5612	0.4187	0.282	0.0227	0.0056
(38, 59)	false	3.486	0.5541	0.3925	3.28	0.573	0.4056	0.206	0.0189	0.0131
(38, 59)	false	3.116	0.5911	0.4224	3.144	0.5922	0.4131	-0.028	0.0011	-0.0093
(38, 59)	true	3.934	0.4251	0.3364	3.39	0.478	0.3514	-0.544	-0.0529	-0.015
(38, 59)	false	3.556	0.5501	0.3813	3.324	0.5715	0.3682	0.232	0.0213	-0.0131
(38, 59)	false	3.438	0.5599	0.3925	3.49	0.543	0.3981	-0.052	-0.0169	0.0056
(38, 59)	false	3.402	0.5336	0.372	3.72	0.5105	0.372	-0.318	-0.0231	0
(14, 85)	true	3.568	0.535	0.3234	3.328	0.5503	0.3383	-0.24	-0.0152	-0.015
(14, 85)	true	2.982	0.6546	0.4374	3.026	0.6254	0.4168	0.044	0.0292	0.0206
(14, 85)	false	3.452	0.5774	0.4075	3.192	0.6135	0.4598	0.26	0.0361	0.0523
(14, 85)	true	3.616	0.5385	0.4131	3.612	0.5311	0.4056	-0.004	0.0074	0.0075
(14, 85)	true	3.486	0.5541	0.3925	3.498	0.5369	0.3757	0.012	0.0171	0.0168
(14, 85)	true	3.116	0.5911	0.4224	3.52	0.5382	0.3925	0.404	0.0529	0.0299
(14, 85)	true	3.934	0.4251	0.3364	3.57	0.4498	0.3383	-0.364	-0.0248	-0.0019
(14, 85)	false	3.556	0.5501	0.3813	3.29	0.5738	0.4	0.266	0.0237	0.0187
(14, 85)	true	3.438	0.5599	0.3925	3.516	0.5294	0.3701	0.078	0.0305	0.0224
(14, 85)	false	3.402	0.5336	0.372	3.55	0.539	0.3477	-0.148	0.0055	-0.0243
(12, 86)	false	3.568	0.535	0.3234	3.16	0.5655	0.2916	0.408	0.0304	-0.0318
(12, 86)	false	2.982	0.6546	0.4374	2.998	0.6407	0.4243	-0.016	-0.0139	-0.0131
(12, 86)	true	3.452	0.5774	0.4075	3.178	0.602	0.3776	-0.274	-0.0245	0.0299
(12, 86)	true	3.616	0.5385	0.4131	3.378	0.5713	0.3907	-0.238	-0.0328	0.0224
(12, 86)	false	3.486	0.5541	0.3925	3.454	0.5111	0.3533	0.032	-0.043	-0.0393
(12, 86)	false	3.116	0.5911	0.4224	3.2	0.5943	0.443	-0.084	0.0032	0.0206
(12, 86)	false	3.934	0.4251	0.3364	3.654	0.4767	0.3682	0.28	0.0516	0.0318
(12, 86)	false	3.556	0.5501	0.3813	2.94	0.611	0.4542	0.616	0.0609	0.0729
(12, 86)	false	3.438	0.5599	0.3925	3.304	0.5484	0.3607	0.134	-0.0115	-0.0318
(12, 86)	false	3.402	0.5336	0.372	3.604	0.5384	0.3776	-0.202	0.0048	0.0056
(9, 74)	true	3.568	0.535	0.3234	3.356	0.5502	0.2953	-0.212	-0.0151	0.028
(9, 74)	true	2.982	0.6546	0.4374	3.04	0.6379	0.3701	0.058	0.0167	0.0673
(9, 74)	true	3.452	0.5774	0.4075	3.118	0.6051	0.4131	-0.334	-0.0277	-0.0056
(9, 74)	true	3.616	0.5385	0.4131	3.68	0.5394	0.3981	0.064	-0.0009	0.015
(9, 74)	false	3.486	0.5541	0.3925	3.566	0.5183	0.3888	-0.08	-0.0358	-0.0037
(9, 74)	true	3.116	0.5911	0.4224	3.232	0.587	0.4056	0.116	0.0041	0.0168
(9, 74)	false	3.934	0.4251	0.3364	3.91	0.4861	0.3458	0.024	0.0611	0.0093
(9, 74)	false	3.556	0.5501	0.3813	3.2	0.5863	0.4093	0.356	0.0362	0.028
(9, 74)	false	3.438	0.5599	0.3925	3.642	0.5083	0.3888	-0.204	-0.0515	-0.0037
(9, 74)	false	3.402	0.5336	0.372	3.284	0.5429	0.3794	0.118	0.0093	0.0075
(39, 55)	false	3.568	0.535	0.3234	3.26	0.5469	0.3103	0.308	0.0119	-0.0131
(39, 55)	false	2.982	0.6546	0.4374	3.114	0.6209	0.3907	-0.132	-0.0337	-0.0467
(39, 55)	false	3.452	0.5774	0.4075	2.992	0.6432	0.4411	0.46	0.0658	0.0336
(39, 55)	false	3.616	0.5385	0.4131	3.726	0.5412	0.415	-0.11	0.0027	0.0019
(39, 55)	false	3.486	0.5541	0.3925	3.594	0.5263	0.385	-0.108	-0.0278	-0.0075
(39, 55)	true	3.116	0.5911	0.4224	3.282	0.5628	0.4	0.166	0.0284	0.0224
(39, 55)	false	3.934	0.4251	0.3364	3.168	0.4997	0.3963	0.766	0.0746	0.0598
(39, 55)	true	3.556	0.5501	0.3813	3.184	0.596	0.415	-0.372	-0.0459	-0.0336
(39, 55)	false	3.438	0.5599	0.3925	3.756	0.5335	0.3626	-0.318	-0.0264	-0.0299
(39, 55)	false	3.402	0.5336	0.372	3.298	0.5631	0.3626	0.104	0.0296	-0.0093
(15, 84)	false	3.568	0.535	0.3234	3.222	0.558	0.3159	0.346	0.0229	-0.0075
(15, 84)	false	2.982	0.6546	0.4374	2.958	0.6457	0.3888	0.024	-0.0089	-0.0486
(15, 84)	true	3.452	0.5774	0.4075	2.904	0.6404	0.4019	-0.548	-0.063	0.0056
(15, 84)	false	3.616	0.5385	0.4131	3.53	0.5561	0.385	0.086	0.0176	-0.028
(15, 84)	false	3.486	0.5541	0.3925	3.634	0.5272	0.3907	-0.148	-0.0269	-0.0019
(15, 84)	true	3.116	0.5911	0.4224	3.258	0.6019	0.3963	0.142	-0.0108	0.0262
(15, 84)	false	3.934	0.4251	0.3364	3.662	0.4502	0.3439	0.272	0.0251	0.0075
(15, 84)	false	3.556	0.5501	0.3813	3.186	0.5732	0.385	0.37	0.023	0.0037
(15, 84)	false	3.438	0.5599	0.3925	3.518	0.5322	0.3813	-0.08	-0.0277	-0.0112
(15, 84)	false	3.402	0.5336	0.372	3.32	0.5445	0.3514	0.082	0.0109	-0.0206
(24, 54)	false	3.568	0.535	0.3234	3.39	0.5874	0.3551	0.178	0.0524	0.0318
(24, 54)	false	2.982	0.6546	0.4374	2.778	0.6545	0.4374	0.204	-0.0001	0
(24, 54)	false	3.452	0.5774	0.4075	3.012	0.6162	0.415	0.44	0.0388	0.0075
(24, 54)	true	3.616	0.5385	0.4131	3.428	0.5256	0.3364	-0.188	0.0129	0.0766
(24, 54)	false	3.486	0.5541	0.3925	3.382	0.5536	0.415	0.104	-0.0005	0.0224
(24, 54)	true	3.116	0.5911	0.4224	3.482	0.5804	0.3888	0.366	0.0107	0.0336
(24, 54)	false	3.934	0.4251	0.3364	3.372	0.4919	0.3757	0.562	0.0668	0.0393
(24, 54)	false	3.556	0.5501	0.3813	3.364	0.5595	0.4131	0.192	0.0094	0.0318
(24, 54)	false	3.438	0.5599	0.3925	3.616	0.5292	0.4093	-0.178	-0.0307	0.0168
(24, 54)	false	3.402	0.5336	0.372	3.52	0.5513	0.3701	-0.118	0.0177	-0.0019
(21, 53)	false	3.568	0.535	0.3234	2.974	0.6397	0.3869	0.594	0.1047	0.0636
(21, 53)	false	2.982	0.6546	0.4374	3.04	0.6491	0.4019	-0.058	-0.0055	-0.0355
(21, 53)	false	3.452	0.5774	0.4075	3.214	0.6017	0.4056	0.238	0.0242	-0.0019
(21, 53)	false	3.616	0.5385	0.4131	3.412	0.5707	0.3907	0.204	0.0323	-0.0224
(21, 53)	false	3.486	0.5541	0.3925	3.528	0.5377	0.3664	-0.042	-0.0163	-0.0262
(21, 53)	false	3.116	0.5911	0.4224	3.284	0.583	0.3794	-0.168	-0.0081	-0.043
(21, 53)	false	3.934	0.4251	0.3364	3.492	0.4925	0.4206	0.442	0.0674	0.0841
(21, 53)	false	3.556	0.5501	0.3813	3.45	0.5615	0.3383	0.106	0.0113	-0.043
(21, 53)	false	3.438	0.5599	0.3925	3.362	0.525	0.3589	0.076	-0.0349	-0.0336
(21, 53)	false	3.402	0.5336	0.372	3.3	0.5158	0.3439	0.102	-0.0177	-0.028
(44, 55)	false	3.568	0.535	0.3234	3.388	0.5389	0.3346	0.18	0.0039	0.0112
(44, 55)	false	2.982	0.6546	0.4374	2.874	0.6495	0.4019	0.108	-0.0051	-0.0355
(44, 55)	false	3.452	0.5774	0.4075	2.99	0.6399	0.4206	0.462	0.0625	0.0131
(44, 55)	true	3.616	0.5385	0.4131	3.424	0.5799	0.4411	-0.192	-0.0414	-0.028
(44, 55)	false	3.486	0.5541	0.3925	3.194	0.565	0.357	0.292	0.0109	-0.0355
(44, 55)	false	3.116	0.5911	0.4224	3.526	0.5242	0.3832	-0.41	-0.0669	-0.0393
(44, 55)	true	3.934	0.4251	0.3364	3.394	0.4806	0.3907	-0.54	-0.0555	-0.0542
(44, 55)	false	3.556	0.5501	0.3813	3.338	0.5674	0.3925	0.218	0.0172	0.0112
(44, 55)	false	3.438	0.5599	0.3925	3.148	0.5562	0.3682	0.29	-0.0037	-0.0243
(44, 55)	false	3.402	0.5336	0.372	3.756	0.5058	0.3346	-0.354	-0.0278	-0.0374
(15, 80)	false	3.568	0.535	0.3234	3.358	0.5705	0.3383	0.21	0.0355	0.015
(15, 80)	false	2.982	0.6546	0.4374	3.17	0.6155	0.3925	-0.188	-0.0391	-0.0449
(15, 80)	false	3.452	0.5774	0.4075	3.174	0.5876	0.3813	0.278	0.0102	-0.0262
(15, 80)	true	3.616	0.5385	0.4131	3.67	0.5453	0.3607	0.054	-0.0068	0.0523
(15, 80)	true	3.486	0.5541	0.3925	3.386	0.5417	0.3458	-0.1	0.0124	0.0467
(15, 80)	false	3.116	0.5911	0.4224	3.712	0.5365	0.4224	-0.596	-0.0546	0
(15, 80)	false	3.934	0.4251	0.3364	3.652	0.4642	0.3645	0.282	0.0391	0.028
(15, 80)	false	3.556	0.5501	0.3813	3.306	0.5558	0.3944	0.25	0.0056	0.0131
(15, 80)	true	3.438	0.5599	0.3925	3.562	0.5492	0.3514	0.124	0.0107	0.0411
(15, 80)	false	3.402	0.5336	0.372	3.67	0.5362	0.3869	-0.268	0.0026	0.015
(5, 73)	false	3.568	0.535	0.3234	3.12	0.5971	0.329	0.448	0.0621	0.0056
(5, 73)	false	2.982	0.6546	0.4374	2.926	0.6552	0.4093	0.056	0.0005	-0.028
(5, 73)	false	3.452	0.5774	0.4075	3.104	0.6313	0.4243	0.348	0.0539	0.0168
(5, 73)	false	3.616	0.5385	0.4131	3.372	0.5823	0.3869	0.244	0.0438	-0.0262
(5, 73)	false	3.486	0.5541	0.3925	3.436	0.5552	0.4112	0.05	0.0011	0.0187
(5, 73)	false	3.116	0.5911	0.4224	3.002	0.6195	0.4318	0.114	0.0284	0.0093
(5, 73)	false	3.934	0.4251	0.3364	3.53	0.5495	0.3757	0.404	0.1244	0.0393
(5, 73)	true	3.556	0.5501	0.3813	3.408	0.5888	0.3383	-0.148	-0.0387	0.043
(5, 73)	false	3.438	0.5599	0.3925	3.348	0.5712	0.4112	0.09	0.0113	0.0187
(5, 73)	false	3.402	0.5336	0.372	3.81	0.4883	0.3701	-0.408	-0.0452	-0.0019
(12, 77)	false	3.568	0.535	0.3234	3.504	0.5514	0.329	0.064	0.0164	0.0056
(12, 77)	false	2.982	0.6546	0.4374	3.396	0.5929	0.3888	-0.414	-0.0617	-0.0486
(12, 77)	true	3.452	0.5774	0.4075	3.036	0.5919	0.3963	-0.416	-0.0145	0.0112
(12, 77)	false	3.616	0.5385	0.4131	3.406	0.5739	0.4486	0.21	0.0354	0.0355
(12, 77)	false	3.486	0.5541	0.3925	3.526	0.5467	0.357	-0.04	-0.0074	-0.0355
(12, 77)	false	3.116	0.5911	0.4224	3.418	0.5701	0.4393	-0.302	-0.0211	0.0168
(12, 77)	false	3.934	0.4251	0.3364	3.358	0.5025	0.385	0.576	0.0774	0.0486
(12, 77)	true	3.556	0.5501	0.3813	3.972	0.4255	0.3159	0.416	0.1246	0.0654
(12, 77)	false	3.438	0.5599	0.3925	3.43	0.5536	0.4056	0.008	-0.0063	0.0131
(12, 77)	false	3.402	0.5336	0.372	3.444	0.5122	0.3477	-0.042	-0.0214	-0.0243
(30, 73)	false	3.568	0.535	0.3234	3.246	0.5778	0.3533	0.322	0.0427	0.0299
(30, 73)	true	2.982	0.6546	0.4374	2.92	0.6604	0.4243	-0.062	-0.0057	0.0131
(30, 73)	false	3.452	0.5774	0.4075	3.042	0.618	0.4093	0.41	0.0406	0.0019
(30, 73)	false	3.616	0.5385	0.4131	3.506	0.553	0.4131	0.11	0.0145	0
(30, 73)	false	3.486	0.5541	0.3925	3.608	0.5219	0.3664	-0.122	-0.0322	-0.0262
(30, 73)	false	3.116	0.5911	0.4224	3.284	0.5946	0.3907	-0.168	0.0035	-0.0318
(30, 73)	true	3.934	0.4251	0.3364	4.268	0.4101	0.3327	0.334	0.0149	0.0037
(30, 73)	false	3.556	0.5501	0.3813	3.542	0.5391	0.3533	0.014	-0.011	-0.028
(30, 73)	false	3.438	0.5599	0.3925	3.678	0.5235	0.3869	-0.24	-0.0363	-0.0056
(30, 73)	false	3.402	0.5336	0.372	3.46	0.5435	0.3626	-0.058	0.0099	-0.0093
(33, 64)	false	3.568	0.535	0.3234	3.284	0.556	0.3215	0.284	0.0209	-0.0019
(33, 64)	false	2.982	0.6546	0.4374	3.046	0.6457	0.3383	-0.064	-0.0089	-0.0991
(33, 64)	false	3.452	0.5774	0.4075	3.026	0.6291	0.4355	0.426	0.0517	0.028
(33, 64)	true	3.616	0.5385	0.4131	3.452	0.554	0.3888	-0.164	-0.0155	0.0243
(33, 64)	true	3.486	0.5541	0.3925	3.69	0.5223	0.372	0.204	0.0317	0.0206
(33, 64)	true	3.116	0.5911	0.4224	3.328	0.5751	0.4262	0.212	0.016	-0.0037
(33, 64)	false	3.934	0.4251	0.3364	3.476	0.494	0.3963	0.458	0.0689	0.0598
(33, 64)	false	3.556	0.5501	0.3813	3.084	0.5591	0.3738	0.472	0.0089	-0.0075
(33, 64)	true	3.438	0.5599	0.3925	3.574	0.5281	0.3664	0.136	0.0318	0.0262
(33, 64)	false	3.402	0.5336	0.372	3.232	0.5295	0.3495	0.17	-0.004	-0.0224