(11, 37)	false	2.7780	0.5355	0.5196	2.8600	0.5412	0.5304	-0.0820	0.0057	0.0107
(11, 37)	false	2.6980	0.5716	0.4982	2.9080	0.5385	0.4875	-0.2100	-0.0330	-0.0107
(11, 37)	false	2.6740	0.5592	0.5464	2.6340	0.5692	0.5393	0.0400	0.0100	-0.0071
(11, 37)	false	2.5920	0.5827	0.5768	2.5300	0.6001	0.5554	0.0620	0.0174	-0.0214
(11, 37)	true	3.5580	0.4089	0.4875	3.4620	0.4174	0.5071	-0.0960	-0.0085	-0.0196
(11, 37)	false	2.5740	0.5786	0.5161	2.6000	0.5764	0.5536	-0.0260	-0.0022	0.0375
(11, 37)	false	3.3660	0.4518	0.4429	3.0880	0.4906	0.4411	0.2780	0.0387	-0.0018
(11, 37)	false	2.9920	0.5176	0.4982	2.9980	0.5138	0.4964	-0.0060	-0.0038	-0.0018
(11, 37)	true	2.7580	0.5553	0.4839	2.7660	0.5673	0.4893	0.0080	-0.0119	-0.0054
(11, 37)	true	2.9400	0.5370	0.4643	2.7080	0.5638	0.4804	-0.2320	-0.0267	-0.0161
(28, 58)	false	2.7780	0.5355	0.5196	2.8220	0.5530	0.4982	-0.0440	0.0175	-0.0214
(28, 58)	false	2.6980	0.5716	0.4982	2.7500	0.5514	0.4964	-0.0520	-0.0201	-0.0018
(28, 58)	false	2.6740	0.5592	0.5464	2.5900	0.5831	0.5536	0.0840	0.0238	0.0071
(28, 58)	false	2.5920	0.5827	0.5768	2.5540	0.5753	0.5518	0.0380	-0.0074	-0.0250
(28, 58)	true	3.5580	0.4089	0.4875	3.6920	0.3987	0.4554	0.1340	0.0102	0.0321
(28, 58)	false	2.5740	0.5786	0.5161	2.5600	0.5768	0.5304	0.0140	-0.0018	0.0143
(28, 58)	false	3.3660	0.4518	0.4429	3.2100	0.4967	0.4661	0.1560	0.0449	0.0232
(28, 58)	false	2.9920	0.5176	0.4982	3.0000	0.5309	0.5125	-0.0080	0.0133	0.0143
(28, 58)	true	2.7580	0.5553	0.4839	3.0180	0.5323	0.5321	0.2600	0.0230	-0.0482
(28, 58)	true	2.9400	0.5370	0.4643	2.6820	0.5716	0.4464	-0.2580	-0.0346	0.0179
(14, 36)	false	2.7780	0.5355	0.5196	2.7260	0.5622	0.5250	0.0520	0.0267	0.0054
(14, 36)	false	2.6980	0.5716	0.4982	2.8060	0.5640	0.5054	-0.1080	-0.0076	0.0071
(14, 36)	false	2.6740	0.5592	0.5464	2.7040	0.5560	0.5661	-0.0300	-0.0033	0.0196
(14, 36)	true	2.5920	0.5827	0.5768	2.4780	0.6019	0.5500	-0.1140	-0.0192	0.0268
(14, 36)	true	3.5580	0.4089	0.4875	3.2180	0.4385	0.4839	-0.3400	-0.0296	0.0036
(14, 36)	false	2.5740	0.5786	0.5161	2.5240	0.5928	0.5321	0.0500	0.0142	0.0161
(14, 36)	true	3.3660	0.4518	0.4429	3.7400	0.4496	0.4214	0.3740	0.0022	0.0214
(14, 36)	true	2.9920	0.5176	0.4982	2.9960	0.4997	0.4911	0.0040	0.0179	0.0071
(14, 36)	false	2.7580	0.5553	0.4839	2.5060	0.5897	0.5196	0.2520	0.0343	0.0357
(14, 36)	true	2.9400	0.5370	0.4643	2.8480	0.5623	0.5143	-0.0920	-0.0253	-0.0500
(13, 36)	false	2.7780	0.5355	0.5196	2.7820	0.5556	0.5018	-0.0040	0.0201	-0.0179
(13, 36)	false	2.6980	0.5716	0.4982	2.8600	0.5594	0.5161	-0.1620	-0.0122	0.0179
(13, 36)	false	2.6740	0.5592	0.5464	2.4820	0.5929	0.5804	0.1920	0.0336	0.0339
(13, 36)	true	2.5920	0.5827	0.5768	2.5040	0.5945	0.5536	-0.0880	-0.0118	0.0232
(13, 36)	false	3.5580	0.4089	0.4875	3.3400	0.3999	0.4821	0.2180	-0.0090	-0.0054
(13, 36)	false	2.5740	0.5786	0.5161	2.6020	0.5764	0.5089	-0.0280	-0.0022	-0.0071
(13, 36)	false	3.3660	0.4518	0.4429	3.8320	0.4088	0.4375	-0.4660	-0.0430	-0.0054
(13, 36)	false	2.9920	0.5176	0.4982	2.9380	0.5302	0.5625	0.0540	0.0127	0.0643
(13, 36)	true	2.7580	0.5553	0.4839	2.7280	0.5621	0.5250	-0.0300	-0.0067	-0.0411
(13, 36)	true	2.9400	0.5370	0.4643	2.9900	0.5352	0.4893	0.0500	0.0019	-0.0250
(17, 36)	false	2.7780	0.5355	0.5196	2.6100	0.5596	0.5107	0.1680	0.0241	-0.0089
(17, 36)	false	2.6980	0.5716	0.4982	2.6760	0.5696	0.5339	0.0220	-0.0020	0.0357
(17, 36)	false	2.6740	0.5592	0.5464	2.6160	0.5716	0.5286	0.0580	0.0124	-0.0179
(17, 36)	false	2.5920	0.5827	0.5768	2.5820	0.5955	0.5375	0.0100	0.0127	-0.0393
(17, 36)	false	3.5580	0.4089	0.4875	3.2720	0.3957	0.4518	0.2860	-0.0132	-0.0357
(17, 36)	false	2.5740	0.5786	0.5161	2.6800	0.5617	0.5107	-0.1060	-0.0170	-0.0054
(17, 36)	true	3.3660	0.4518	0.4429	3.4180	0.5088	0.4411	0.0520	-0.0570	0.0018
(17, 36)	true	2.9920	0.5176	0.4982	2.8300	0.5443	0.5250	-0.1620	-0.0267	-0.0268
(17, 36)	false	2.7580	0.5553	0.4839	2.6980	0.5658	0.5143	0.0600	0.0105	0.0304
(17, 36)	true	2.9400	0.5370	0.4643	2.5640	0.5826	0.5161	-0.3760	-0.0456	-0.0518
(28, 57)	true	2.7780	0.5355	0.5196	2.6200	0.5575	0.5250	-0.1580	-0.0220	-0.0054
(28, 57)	true	2.6980	0.5716	0.4982	2.7380	0.5875	0.5339	0.0400	-0.0159	-0.0357
(28, 57)	false	2.6740	0.5592	0.5464	2.7340	0.5588	0.5393	-0.0600	-0.0005	-0.0071
(28, 57)	false	2.5920	0.5827	0.5768	2.6080	0.5818	0.5339	-0.0160	-0.0009	-0.0429
(28, 57)	true	3.5580	0.4089	0.4875	3.4360	0.3854	0.4893	-0.1220	0.0235	-0.0018
(28, 57)	false	2.5740	0.5786	0.5161	2.6060	0.5837	0.5429	-0.0320	0.0050	0.0268
(28, 57)	false	3.3660	0.4518	0.4429	3.1100	0.5134	0.4768	0.2560	0.0615	0.0339
(28, 57)	false	2.9920	0.5176	0.4982	2.9160	0.5258	0.5036	0.0760	0.0082	0.0054
(28, 57)	false	2.7580	0.5553	0.4839	2.7080	0.5619	0.5071	0.0500	0.0066	0.0232
(28, 57)	true	2.9400	0.5370	0.4643	2.8780	0.5514	0.5071	-0.0620	-0.0143	-0.0429
(14, 37)	false	2.7780	0.5355	0.5196	2.6820	0.5613	0.5214	0.0960	0.0258	0.0018
(14, 37)	false	2.6980	0.5716	0.4982	2.8480	0.5504	0.4821	-0.1500	-0.0212	-0.0161
(14, 37)	false	2.6740	0.5592	0.5464	2.7680	0.5466	0.5214	-0.0940	-0.0126	-0.0250
(14, 37)	true	2.5920	0.5827	0.5768	2.5860	0.5780	0.5214	-0.0060	0.0047	0.0554
(14, 37)	false	3.5580	0.4089	0.4875	3.6320	0.3692	0.4768	-0.0740	-0.0397	-0.0107
(14, 37)	false	2.5740	0.5786	0.5161	2.6940	0.5608	0.5250	-0.1200	-0.0178	0.0089
(14, 37)	true	3.3660	0.4518	0.4429	3.5020	0.4736	0.4518	0.1360	-0.0218	-0.0089
(14, 37)	false	2.9920	0.5176	0.4982	3.0520	0.5035	0.5000	-0.0600	-0.0141	0.0018
(14, 37)	false	2.7580	0.5553	0.4839	2.6980	0.5686	0.5286	0.0600	0.0133	0.0446
(14, 37)	true	2.9400	0.5370	0.4643	2.7260	0.5547	0.4964	-0.2140	-0.0177	-0.0321
(12, 38)	false	2.7780	0.5355	0.5196	2.8120	0.5491	0.5286	-0.0340	0.0136	0.0089
(12, 38)	false	2.6980	0.5716	0.4982	2.4980	0.6001	0.5607	0.2000	0.0285	0.0625
(12, 38)	false	2.6740	0.5592	0.5464	2.9660	0.5139	0.5375	-0.2920	-0.0454	-0.0089
(12, 38)	false	2.5920	0.5827	0.5768	2.5980	0.5770	0.5304	-0.0060	-0.0057	-0.0464
(12, 38)	false	3.5580	0.4089	0.4875	3.6260	0.3200	0.4357	-0.0680	-0.0889	-0.0518
(12, 38)	true	2.5740	0.5786	0.5161	2.6500	0.5666	0.5161	0.0760	0.0120	0.0000
(12, 38)	false	3.3660	0.4518	0.4429	3.3760	0.4451	0.4214	-0.0100	-0.0068	-0.0214
(12, 38)	false	2.9920	0.5176	0.4982	2.8100	0.5244	0.5304	0.1820	0.0068	0.0321
(12, 38)	true	2.7580	0.5553	0.4839	2.8040	0.5629	0.4804	0.0460	-0.0076	0.0036
(12, 38)	true	2.9400	0.5370	0.4643	2.7020	0.5534	0.5107	-0.2380	-0.0163	-0.0464
(10, 44)	false	2.7780	0.5355	0.5196	2.9220	0.5527	0.5018	-0.1440	0.0172	-0.0179
(10, 44)	false	2.6980	0.5716	0.4982	2.6260	0.5873	0.5518	0.0720	0.0157	0.0536
(10, 44)	false	2.6740	0.5592	0.5464	2.9400	0.5573	0.5607	-0.2660	-0.0020	0.0143
(10, 44)	true	2.5920	0.5827	0.5768	2.6980	0.5859	0.5696	0.1060	-0.0032	0.0071
(10, 44)	true	3.5580	0.4089	0.4875	3.3360	0.3865	0.4429	-0.2220	0.0224	0.0446
(10, 44)	false	2.5740	0.5786	0.5161	2.6200	0.5945	0.6036	-0.0460	0.0159	0.0875
(10, 44)	false	3.3660	0.4518	0.4429	3.6120	0.4394	0.4482	-0.2460	-0.0124	0.0054
(10, 44)	false	2.9920	0.5176	0.4982	3.0460	0.4966	0.4839	-0.0540	-0.0210	-0.0143
(10, 44)	true	2.7580	0.5553	0.4839	2.5620	0.5822	0.4964	-0.1960	-0.0269	-0.0125
(10, 44)	true	2.9400	0.5370	0.4643	2.9060	0.5483	0.4893	-0.0340	-0.0113	-0.0250
(10, 41)	false	2.7780	0.5355	0.5196	2.6860	0.5475	0.5214	0.0920	0.0120	0.0018
(10, 41)	false	2.6980	0.5716	0.4982	2.5740	0.5973	0.5339	0.1240	0.0258	0.0357
(10, 41)	false	2.6740	0.5592	0.5464	2.9280	0.5318	0.5482	-0.2540	-0.0274	0.0018
(10, 41)	false	2.5920	0.5827	0.5768	2.5840	0.5980	0.5500	0.0080	0.0153	-0.0268
(10, 41)	false	3.5580	0.4089	0.4875	3.8180	0.3899	0.4857	-0.2600	-0.0191	-0.0018
(10, 41)	true	2.5740	0.5786	0.5161	2.6280	0.5694	0.5107	0.0540	0.0092	0.0054
(10, 41)	true	3.3660	0.4518	0.4429	3.7300	0.4464	0.4357	0.3640	0.0054	0.0071
(10, 41)	false	2.9920	0.5176	0.4982	3.1940	0.4628	0.5000	-0.2020	-0.0548	0.0018
(10, 41)	false	2.7580	0.5553	0.4839	2.7720	0.5629	0.5214	-0.0140	0.0076	0.0375
(10, 41)	true	2.9400	0.5370	0.4643	2.7400	0.5684	0.5179	-0.2000	-0.0314	-0.0536
(22, 45)	true	2.7780	0.5355	0.5196	2.9880	0.4972	0.4804	0.2100	0.0383	0.0393
(22, 45)	true	2.6980	0.5716	0.4982	2.8340	0.5710	0.5696	0.1360	0.0006	-0.0714
(22, 45)	true	2.6740	0.5592	0.5464	3.5460	0.4523	0.5089	0.8720	0.1069	0.0375
(22, 45)	false	2.5920	0.5827	0.5768	2.5000	0.6093	0.5804	0.0920	0.0265	0.0036
(22, 45)	true	3.5580	0.4089	0.4875	3.5280	0.4323	0.4786	-0.0300	-0.0234	0.0089
(22, 45)	false	2.5740	0.5786	0.5161	2.7240	0.5645	0.5446	-0.1500	-0.0141	0.0286
(22, 45)	true	3.3660	0.4518	0.4429	3.7880	0.4352	0.4321	0.4220	0.0166	0.0107
(22, 45)	false	2.9920	0.5176	0.4982	2.7880	0.5487	0.5196	0.2040	0.0311	0.0214
(22, 45)	false	2.7580	0.5553	0.4839	2.7820	0.5584	0.5196	-0.0240	0.0031	0.0357
(22, 45)	true	2.9400	0.5370	0.4643	3.0220	0.5328	0.5161	0.0820	0.0042	-0.0518
(20, 33)	false	2.7780	0.5355	0.5196	2.6900	0.5563	0.5482	0.0880	0.0208	0.0286
(20, 33)	false	2.6980	0.5716	0.4982	2.7640	0.5751	0.5571	-0.0660	0.0036	0.0589
(20, 33)	false	2.6740	0.5592	0.5464	2.9920	0.5067	0.5071	-0.3180	-0.0525	-0.0393
(20, 33)	false	2.5920	0.5827	0.5768	2.6380	0.5964	0.5429	-0.0460	0.0137	-0.0339
(20, 33)	false	3.5580	0.4089	0.4875	3.2740	0.4767	0.4821	0.2840	0.0678	-0.0054
(20, 33)	false	2.5740	0.5786	0.5161	2.7420	0.5574	0.5232	-0.1680	-0.0212	0.0071
(20, 33)	false	3.3660	0.4518	0.4429	3.4980	0.4720	0.3964	-0.1320	0.0202	-0.0464
(20, 33)	false	2.9920	0.5176	0.4982	2.8440	0.5343	0.5304	0.1480	0.0167	0.0321
(20, 33)	false	2.7580	0.5553	0.4839	2.7980	0.5452	0.5179	-0.0400	-0.0102	0.0339
(20, 33)	true	2.9400	0.5370	0.4643	2.6000	0.5777	0.5304	-0.3400	-0.0407	-0.0661
(11, 36)	true	2.7780	0.5355	0.5196	2.8060	0.5456	0.5143	0.0280	-0.0101	0.0054
(11, 36)	false	2.6980	0.5716	0.4982	2.9380	0.5565	0.4875	-0.2400	-0.0151	-0.0107
(11, 36)	true	2.6740	0.5592	0.5464	2.9960	0.5322	0.4643	0.3220	0.0270	0.0821
(11, 36)	false	2.5920	0.5827	0.5768	2.5580	0.5928	0.5268	0.0340	0.0100	-0.0500
(11, 36)	false	3.5580	0.4089	0.4875	3.8160	0.3466	0.4946	-0.2580	-0.0624	0.0071
(11, 36)	true	2.5740	0.5786	0.5161	2.5720	0.5815	0.5482	-0.0020	-0.0029	-0.0321
(11, 36)	false	3.3660	0.4518	0.4429	3.0000	0.5108	0.4250	0.3660	0.0590	-0.0179
(11, 36)	false	2.9920	0.5176	0.4982	3.0500	0.5029	0.5071	-0.0580	-0.0147	0.0089
(11, 36)	true	2.7580	0.5553	0.4839	2.5540	0.5916	0.5464	-0.2040	-0.0363	-0.0625
(11, 36)	true	2.9400	0.5370	0.4643	2.8560	0.5582	0.5232	-0.0840	-0.0212	-0.0589
(20, 46)	false	2.7780	0.5355	0.5196	2.5860	0.5746	0.5625	0.1920	0.0391	0.0429
(20, 46)	true	2.6980	0.5716	0.4982	2.7860	0.5665	0.5125	0.0880	0.0050	-0.0143
(20, 46)	false	2.6740	0.5592	0.5464	2.7800	0.5529	0.5107	-0.1060	-0.0064	-0.0357
(20, 46)	true	2.5920	0.5827	0.5768	2.4340	0.6015	0.5607	-0.1580	-0.0188	0.0161
(20, 46)	false	3.5580	0.4089	0.4875	3.7420	0.3788	0.4857	-0.1840	-0.0301	-0.0018
(20, 46)	false	2.5740	0.5786	0.5161	2.4320	0.6069	0.5321	0.1420	0.0283	0.0161
(20, 46)	false	3.3660	0.4518	0.4429	3.5440	0.4495	0.4321	-0.1780	-0.0023	-0.0107
(20, 46)	false	2.9920	0.5176	0.4982	2.7920	0.5502	0.5250	0.2000	0.0326	0.0268
(20, 46)	false	2.7580	0.5553	0.4839	2.7900	0.5607	0.4893	-0.0320	0.0054	0.0054
(20, 46)	true	2.9400	0.5370	0.4643	3.3280	0.4792	0.4464	0.3880	0.0578	0.0179
(23, 51)	false	2.7780	0.5355	0.5196	2.7980	0.5562	0.5125	-0.0200	0.0207	-0.0071
(23, 51)	true	2.6980	0.5716	0.4982	2.7540	0.5597	0.5232	0.0560	0.0119	-0.0250
(23, 51)	true	2.6740	0.5592	0.5464	2.5060	0.5896	0.5250	-0.1680	-0.0303	0.0214
(23, 51)	false	2.5920	0.5827	0.5768	2.3980	0.6135	0.5625	0.1940	0.0308	-0.0143
(23, 51)	false	3.5580	0.4089	0.4875	3.3160	0.4815	0.5000	0.2420	0.0726	0.0125
(23, 51)	false	2.5740	0.5786	0.5161	2.8780	0.5306	0.5036	-0.3040	-0.0481	-0.0125
(23, 51)	false	3.3660	0.4518	0.4429	3.6580	0.4401	0.4411	-0.2920	-0.0117	-0.0018
(23, 51)	false	2.9920	0.5176	0.4982	2.8660	0.5234	0.4821	0.1260	0.0058	-0.0161
(23, 51)	false	2.7580	0.5553	0.4839	2.6520	0.5809	0.5232	0.1060	0.0256	0.0393
(23, 51)	true	2.9400	0.5370	0.4643	3.3620	0.4828	0.4482	0.4220	0.0542	0.0161
(16, 35)	false	2.7780	0.5355	0.5196	2.7940	0.5451	0.4804	-0.0160	0.0096	-0.0393
(16, 35)	false	2.6980	0.5716	0.4982	3.0000	0.5314	0.4964	-0.3020	-0.0401	-0.0018
(16, 35)	true	2.6740	0.5592	0.5464	2.9520	0.5026	0.5393	0.2780	0.0567	0.0071
(16, 35)	false	2.5920	0.5827	0.5768	2.6220	0.5774	0.5304	-0.0300	-0.0054	-0.0464
(16, 35)	false	3.5580	0.4089	0.4875	3.3920	0.4147	0.4643	0.1660	0.0058	-0.0232
(16, 35)	false	2.5740	0.5786	0.5161	2.4980	0.5982	0.5321	0.0760	0.0196	0.0161
(16, 35)	false	3.3660	0.4518	0.4429	3.8240	0.4268	0.3982	-0.4580	-0.0250	-0.0446
(16, 35)	true	2.9920	0.5176	0.4982	2.9940	0.5220	0.5018	0.0020	-0.0044	-0.0036
(16, 35)	false	2.7580	0.5553	0.4839	2.9740	0.5307	0.5571	-0.2160	-0.0246	0.0732
(16, 35)	true	2.9400	0.5370	0.4643	2.7100	0.5487	0.4857	-0.2300	-0.0117	-0.0214
(11, 40)	false	2.7780	0.5355	0.5196	2.5840	0.6007	0.5357	0.1940	0.0652	0.0161
(11, 40)	false	2.6980	0.5716	0.4982	2.5940	0.5789	0.5357	0.1040	0.0073	0.0375
(11, 40)	false	2.6740	0.5592	0.5464	2.7540	0.5445	0.5429	-0.0800	-0.0147	-0.0036
(11, 40)	false	2.5920	0.5827	0.5768	2.5880	0.5997	0.5339	0.0040	0.0169	-0.0429
(11, 40)	true	3.5580	0.4089	0.4875	3.7100	0.3946	0.4661	0.1520	0.0143	0.0214
(11, 40)	true	2.5740	0.5786	0.5161	2.7220	0.5668	0.5196	0.1480	0.0119	-0.0036
(11, 40)	true	3.3660	0.4518	0.4429	3.4940	0.4851	0.4393	0.1280	-0.0332	0.0036
(11, 40)	true	2.9920	0.5176	0.4982	2.9860	0.5097	0.4982	-0.0060	0.0078	0.0000
(11, 40)	false	2.7580	0.5553	0.4839	2.6120	0.5716	0.5143	0.1460	0.0163	0.0304
(11, 40)	true	2.9400	0.5370	0.4643	2.6540	0.5798	0.4982	-0.2860	-0.0428	-0.0339
(22, 43)	false	2.7780	0.5355	0.5196	2.6720	0.5879	0.5464	0.1060	0.0524	0.0268
(22, 43)	false	2.6980	0.5716	0.4982	2.6240	0.5870	0.5321	0.0740	0.0154	0.0339
(22, 43)	false	2.6740	0.5592	0.5464	3.0600	0.5042	0.5089	-0.3860	-0.0550	-0.0375
(22, 43)	false	2.5920	0.5827	0.5768	2.5520	0.5983	0.5429	0.0400	0.0156	-0.0339
(22, 43)	false	3.5580	0.4089	0.4875	3.3280	0.4401	0.4589	0.2300	0.0312	-0.0286
(22, 43)	false	2.5740	0.5786	0.5161	2.8340	0.5409	0.4929	-0.2600	-0.0377	-0.0232
(22, 43)	false	3.3660	0.4518	0.4429	3.8580	0.4313	0.4304	-0.4920	-0.0206	-0.0125
(22, 43)	false	2.9920	0.5176	0.4982	2.8240	0.5433	0.5393	0.1680	0.0257	0.0411
(22, 43)	false	2.7580	0.5553	0.4839	2.7480	0.5668	0.5286	0.0100	0.0115	0.0446
(22, 43)	true	2.9400	0.5370	0.4643	2.6920	0.5631	0.5304	-0.2480	-0.0261	-0.0661
(30, 52)	false	2.7780	0.5355	0.5196	2.7640	0.5528	0.5071	0.0140	0.0173	-0.0125
(30, 52)	false	2.6980	0.5716	0.4982	2.7200	0.5741	0.5161	-0.0220	0.0025	0.0179
(30, 52)	false	2.6740	0.5592	0.5464	2.5940	0.5715	0.5464	0.0800	0.0123	0.0000
(30, 52)	false	2.5920	0.5827	0.5768	2.6080	0.5891	0.5714	-0.0160	0.0063	-0.0054
(30, 52)	false	3.5580	0.4089	0.4875	3.6740	0.3860	0.4464	-0.1160	-0.0229	-0.0411
(30, 52)	true	2.5740	0.5786	0.5161	2.9100	0.5436	0.5125	0.3360	0.0350	0.0036
(30, 52)	false	3.3660	0.4518	0.4429	3.4460	0.4806	0.4161	-0.0800	0.0287	-0.0268
(30, 52)	false	2.9920	0.5176	0.4982	2.8740	0.5297	0.4982	0.1180	0.0121	0.0000
(30, 52)	false	2.7580	0.5553	0.4839	2.7140	0.5783	0.5125	0.0440	0.0230	0.0286
(30, 52)	true	2.9400	0.5370	0.4643	2.6100	0.5792	0.5232	-0.3300	-0.0421	-0.0589
(5, 24)	false	2.7780	0.5355	0.5196	2.7140	0.5539	0.5268	0.0640	0.0184	0.0071
(5, 24)	true	2.6980	0.5716	0.4982	2.7380	0.5507	0.5071	0.0400	0.0208	-0.0089
(5, 24)	false	2.6740	0.5592	0.5464	2.7560	0.5660	0.5304	-0.0820	0.0067	-0.0161
(5, 24)	true	2.5920	0.5827	0.5768	2.4780	0.6105	0.5607	-0.1140	-0.0278	0.0161
(5, 24)	false	3.5580	0.4089	0.4875	3.5100	0.4094	0.4571	0.0480	0.0005	-0.0304
(5, 24)	false	2.5740	0.5786	0.5161	2.7420	0.5577	0.5411	-0.1680	-0.0209	0.0250
(5, 24)	true	3.3660	0.4518	0.4429	3.5640	0.4453	0.4304	0.1980	0.0065	0.0125
(5, 24)	false	2.9920	0.5176	0.4982	3.0240	0.5072	0.5089	-0.0320	-0.0104	0.0107
(5, 24)	false	2.7580	0.5553	0.4839	2.6580	0.5731	0.5107	0.1000	0.0178	0.0268
(5, 24)	true	2.9400	0.5370	0.4643	3.4260	0.3884	0.3839	0.4860	0.1487	0.0804
(21, 43)	false	2.7780	0.5355	0.5196	2.6580	0.5835	0.5571	0.1200	0.0480	0.0375
(21, 43)	true	2.6980	0.5716	0.4982	2.6160	0.5775	0.5268	-0.0820	-0.0059	-0.0286
(21, 43)	false	2.6740	0.5592	0.5464	2.6700	0.5746	0.5429	0.0040	0.0154	-0.0036
(21, 43)	false	2.5920	0.5827	0.5768	2.5500	0.5991	0.5661	0.0420	0.0164	-0.0107
(21, 43)	false	3.5580	0.4089	0.4875	3.6360	0.4292	0.4857	-0.0780	0.0203	-0.0018
(21, 43)	false	2.5740	0.5786	0.5161	2.6880	0.5655	0.5250	-0.1140	-0.0131	0.0089
(21, 43)	false	3.3660	0.4518	0.4429	4.1460	0.4093	0.4268	-0.7800	-0.0425	-0.0161
(21, 43)	false	2.9920	0.5176	0.4982	3.2220	0.4838	0.5125	-0.2300	-0.0338	0.0143
(21, 43)	false	2.7580	0.5553	0.4839	2.8340	0.5414	0.4893	-0.0760	-0.0139	0.0054
(21, 43)	true	2.9400	0.5370	0.4643	2.6100	0.5693	0.5393	-0.3300	-0.0323	-0.0750
(18, 37)	false	2.7780	0.5355	0.5196	2.6200	0.5661	0.5143	0.1580	0.0306	-0.0054
(18, 37)	false	2.6980	0.5716	0.4982	2.7200	0.5564	0.4929	-0.0220	-0.0152	-0.0054
(18, 37)	false	2.6740	0.5592	0.5464	2.4800	0.5858	0.5518	0.1940	0.0265	0.0054
(18, 37)	true	2.5920	0.5827	0.5768	2.6900	0.5765	0.5232	0.0980	0.0062	0.0536
(18, 37)	true	3.5580	0.4089	0.4875	3.4060	0.3609	0.4429	-0.1520	0.0480	0.0446
(18, 37)	true	2.5740	0.5786	0.5161	2.6320	0.5705	0.5393	0.0580	0.0082	-0.0232
(18, 37)	false	3.3660	0.4518	0.4429	3.4600	0.4682	0.4536	-0.0940	0.0164	0.0107
(18, 37)	false	2.9920	0.5176	0.4982	2.8440	0.5364	0.5125	0.1480	0.0188	0.0143
(18, 37)	true	2.7580	0.5553	0.4839	2.6340	0.5672	0.5357	-0.1240	-0.0119	-0.0518
(18, 37)	true	2.9400	0.5370	0.4643	2.8320	0.5650	0.5036	-0.1080	-0.0280	-0.0393
(23, 30)	false	2.7780	0.5355	0.5196	2.7300	0.5510	0.5179	0.0480	0.0155	-0.0018
(23, 30)	true	2.6980	0.5716	0.4982	2.8800	0.5432	0.5411	0.1820	0.0284	-0.0429
(23, 30)	false	2.6740	0.5592	0.5464	2.7360	0.5512	0.5268	-0.0620	-0.0081	-0.0196
(23, 30)	false	2.5920	0.5827	0.5768	2.4720	0.5950	0.5732	0.1200	0.0123	-0.0036
(23, 30)	false	3.5580	0.4089	0.4875	3.9740	0.3282	0.4554	-0.4160	-0.0808	-0.0321
(23, 30)	true	2.5740	0.5786	0.5161	2.6540	0.5805	0.5571	0.0800	-0.0019	-0.0411
(23, 30)	false	3.3660	0.4518	0.4429	3.3660	0.4627	0.4107	0.0000	0.0108	-0.0321
(23, 30)	true	2.9920	0.5176	0.4982	3.1160	0.5069	0.4821	0.1240	0.0107	0.0161
(23, 30)	false	2.7580	0.5553	0.4839	2.7880	0.5633	0.4964	-0.0300	0.0080	0.0125
(23, 30)	true	2.9400	0.5370	0.4643	2.8880	0.5322	0.4929	-0.0520	0.0048	-0.0286
(10, 35)	true	2.7780	0.5355	0.5196	2.8420	0.5565	0.5018	0.0640	-0.0210	0.0179
(10, 35)	true	2.6980	0.5716	0.4982	2.8540	0.5624	0.5054	0.1560	0.0091	-0.0071
(10, 35)	false	2.6740	0.5592	0.5464	2.6420	0.5793	0.5125	0.0320	0.0201	-0.0339
(10, 35)	false	2.5920	0.5827	0.5768	2.6220	0.5816	0.5304	-0.0300	-0.0011	-0.0464
(10, 35)	false	3.5580	0.4089	0.4875	3.3340	0.3970	0.4643	0.2240	-0.0120	-0.0232
(10, 35)	false	2.5740	0.5786	0.5161	2.6740	0.5727	0.5250	-0.1000	-0.0059	0.0089
(10, 35)	false	3.3660	0.4518	0.4429	3.3200	0.4686	0.4589	0.0460	0.0167	0.0161
(10, 35)	true	2.9920	0.5176	0.4982	2.9780	0.5199	0.5286	-0.0140	-0.0023	-0.0304
(10, 35)	false	2.7580	0.5553	0.4839	2.7160	0.5711	0.5304	0.0420	0.0157	0.0464
(10, 35)	true	2.9400	0.5370	0.4643	3.5200	0.4861	0.3893	0.5800	0.0510	0.0750
(20, 44)	false	2.7780	0.5355	0.5196	2.5080	0.5919	0.5464	0.2700	0.0564	0.0268
(20, 44)	false	2.6980	0.5716	0.4982	2.7100	0.5589	0.5179	-0.0120	-0.0127	0.0196
(20, 44)	true	2.6740	0.5592	0.5464	2.7120	0.5715	0.5321	0.0380	-0.0122	0.0143
(20, 44)	false	2.5920	0.5827	0.5768	2.6200	0.5995	0.5732	-0.0280	0.0168	-0.0036
(20, 44)	false	3.5580	0.4089	0.4875	3.4220	0.4269	0.4393	0.1360	0.0180	-0.0482
(20, 44)	true	2.5740	0.5786	0.5161	2.6880	0.5758	0.5393	0.1140	0.0028	-0.0232
(20, 44)	true	3.3660	0.4518	0.4429	3.6580	0.4438	0.4321	0.2920	0.0080	0.0107
(20, 44)	false	2.9920	0.5176	0.4982	2.9220	0.5187	0.5232	0.0700	0.0011	0.0250
(20, 44)	false	2.7580	0.5553	0.4839	2.6840	0.5806	0.5054	0.0740	0.0252	0.0214
(20, 44)	true	2.9400	0.5370	0.4643	2.9820	0.5298	0.4946	0.0420	0.0072	-0.0304
(44, 51)	true	2.7780	0.5355	0.5196	2.6520	0.5728	0.5071	-0.1260	-0.0372	0.0125
(44, 51)	false	2.6980	0.5716	0.4982	2.8020	0.5705	0.4839	-0.1040	-0.0011	-0.0143
(44, 51)	true	2.6740	0.5592	0.5464	2.8040	0.5494	0.5375	0.1300	0.0098	0.0089
(44, 51)	false	2.5920	0.5827	0.5768	2.6040	0.5956	0.5518	-0.0120	0.0129	-0.0250
(44, 51)	false	3.5580	0.4089	0.4875	3.3780	0.4966	0.5054	0.1800	0.0877	0.0179
(44, 51)	true	2.5740	0.5786	0.5161	2.5360	0.5947	0.5714	-0.0380	-0.0160	-0.0554
(44, 51)	false	3.3660	0.4518	0.4429	3.6280	0.4677	0.4018	-0.2620	0.0159	-0.0411
(44, 51)	false	2.9920	0.5176	0.4982	2.8500	0.5421	0.5268	0.1420	0.0245	0.0286
(44, 51)	false	2.7580	0.5553	0.4839	2.8640	0.5502	0.5125	-0.1060	-0.0052	0.0286
(44, 51)	true	2.9400	0.5370	0.4643	2.8960	0.5189	0.4661	-0.0440	0.0181	-0.0018
(43, 51)	true	2.7780	0.5355	0.5196	2.8980	0.5351	0.5143	0.1200	0.0004	0.0054
(43, 51)	true	2.6980	0.5716	0.4982	2.8640	0.5429	0.5054	0.1660	0.0287	-0.0071
(43, 51)	false	2.6740	0.5592	0.5464	2.4780	0.5863	0.5268	0.1960	0.0271	-0.0196
(43, 51)	true	2.5920	0.5827	0.5768	2.5320	0.5980	0.5804	-0.0600	-0.0153	-0.0036
(43, 51)	false	3.5580	0.4089	0.4875	3.1000	0.5080	0.5000	0.4580	0.0991	0.0125
(43, 51)	true	2.5740	0.5786	0.5161	2.6380	0.5858	0.5375	0.0640	-0.0072	-0.0214
(43, 51)	false	3.3660	0.4518	0.4429	3.7640	0.4349	0.3714	-0.3980	-0.0169	-0.0714
(43, 51)	false	2.9920	0.5176	0.4982	3.3060	0.4854	0.5107	-0.3140	-0.0322	0.0125
(43, 51)	true	2.7580	0.5553	0.4839	3.1160	0.5277	0.5214	0.3580	0.0277	-0.0375
(43, 51)	true	2.9400	0.5370	0.4643	2.7900	0.5413	0.4518	-0.1500	-0.0043	0.0125
(5, 55)	true	2.7780	0.5355	0.5196	2.7460	0.5594	0.5089	-0.0320	-0.0239	0.0107
(5, 55)	true	2.6980	0.5716	0.4982	2.5660	0.5781	0.5375	-0.1320	-0.0065	-0.0393
(5, 55)	false	2.6740	0.5592	0.5464	2.4560	0.5857	0.5429	0.2180	0.0265	-0.0036
(5, 55)	false	2.5920	0.5827	0.5768	2.6040	0.5722	0.5786	-0.0120	-0.0105	0.0018
(5, 55)	false	3.5580	0.4089	0.4875	2.8360	0.5412	0.4893	0.7220	0.1322	0.0018
(5, 55)	false	2.5740	0.5786	0.5161	2.7780	0.5491	0.5036	-0.2040	-0.0295	-0.0125
(5, 55)	true	3.3660	0.4518	0.4429	3.2340	0.4664	0.4232	-0.1320	-0.0145	0.0196
(5, 55)	true	2.9920	0.5176	0.4982	2.8880	0.5345	0.5107	-0.1040	-0.0169	-0.0125
(5, 55)	false	2.7580	0.5553	0.4839	2.7040	0.5764	0.5464	0.0540	0.0211	0.0625
(5, 55)	true	2.9400	0.5370	0.4643	3.0640	0.5112	0.4661	0.1240	0.0259	-0.0018
(31, 48)	true	2.7780	0.5355	0.5196	3.0380	0.4921	0.5214	0.2600	0.0434	-0.0018
(31, 48)	true	2.6980	0.5716	0.4982	3.4280	0.4601	0.4554	0.7300	0.1115	0.0429
(31, 48)	false	2.6740	0.5592	0.5464	2.6300	0.5775	0.5375	0.0440	0.0183	-0.0089
(31, 48)	true	2.5920	0.5827	0.5768	2.5120	0.5810	0.5464	-0.0800	0.0017	0.0304
(31, 48)	true	3.5580	0.4089	0.4875	3.6940	0.3263	0.4429	0.1360	0.0826	0.0446
(31, 48)	false	2.5740	0.5786	0.5161	2.4460	0.6095	0.5661	0.1280	0.0309	0.0500
(31, 48)	true	3.3660	0.4518	0.4429	4.0040	0.3886	0.4071	0.6380	0.0632	0.0357
(31, 48)	false	2.9920	0.5176	0.4982	3.5360	0.4790	0.4536	-0.5440	-0.0386	-0.0446
(31, 48)	true	2.7580	0.5553	0.4839	3.1080	0.5203	0.4607	0.3500	0.0350	0.0232
(31, 48)	true	2.9400	0.5370	0.4643	2.9900	0.5124	0.4821	0.0500	0.0246	-0.0179
(18, 36)	true	2.7780	0.5355	0.5196	2.8900	0.5266	0.4625	0.1120	0.0089	0.0571
(18, 36)	true	2.6980	0.5716	0.4982	2.8740	0.5606	0.5250	0.1760	0.0109	-0.0268
(18, 36)	true	2.6740	0.5592	0.5464	2.6440	0.5688	0.5571	-0.0300	-0.0095	-0.0107
(18, 36)	false	2.5920	0.5827	0.5768	2.7780	0.5593	0.5214	-0.1860	-0.0235	-0.0554
(18, 36)	true	3.5580	0.4089	0.4875	3.3700	0.4464	0.4821	-0.1880	-0.0375	0.0054
(18, 36)	false	2.5740	0.5786	0.5161	2.6960	0.5590	0.5107	-0.1220	-0.0197	-0.0054
(18, 36)	true	3.3660	0.4518	0.4429	3.3420	0.4642	0.4125	-0.0240	-0.0124	0.0304
(18, 36)	true	2.9920	0.5176	0.4982	3.0900	0.4995	0.5143	0.0980	0.0181	-0.0161
(18, 36)	false	2.7580	0.5553	0.4839	2.8920	0.5551	0.4893	-0.1340	-0.0003	0.0054
(18, 36)	true	2.9400	0.5370	0.4643	2.8840	0.5681	0.5196	-0.0560	-0.0310	-0.0554
(19, 33)	false	2.7780	0.5355	0.5196	2.8040	0.5474	0.4982	-0.0260	0.0119	-0.0214
(19, 33)	false	2.6980	0.5716	0.4982	3.0240	0.5270	0.5125	-0.3260	-0.0446	0.0143
(19, 33)	true	2.6740	0.5592	0.5464	2.5700	0.5667	0.5446	-0.1040	-0.0075	0.0018
(19, 33)	true	2.5920	0.5827	0.5768	2.6080	0.5772	0.5268	0.0160	0.0056	0.0500
(19, 33)	false	3.5580	0.4089	0.4875	3.7320	0.4085	0.4750	-0.1740	-0.0005	-0.0125
(19, 33)	false	2.5740	0.5786	0.5161	2.6200	0.5666	0.5036	-0.0460	-0.0120	-0.0125
(19, 33)	false	3.3660	0.4518	0.4429	3.3840	0.4691	0.4268	-0.0180	0.0172	-0.0161
(19, 33)	false	2.9920	0.5176	0.4982	2.8740	0.5345	0.5161	0.1180	0.0169	0.0179
(19, 33)	false	2.7580	0.5553	0.4839	2.7840	0.5559	0.5232	-0.0260	0.0006	0.0393
(19, 33)	true	2.9400	0.5370	0.4643	2.5900	0.5757	0.4982	-0.3500	-0.0387	-0.0339
(2, 55)	true	2.7780	0.5355	0.5196	2.8680	0.5460	0.4982	0.0900	-0.0105	0.0214
(2, 55)	true	2.6980	0.5716	0.4982	2.8120	0.5635	0.5250	0.1140	0.0081	-0.0268
(2, 55)	true	2.6740	0.5592	0.5464	2.8640	0.5420	0.5286	0.1900	0.0172	0.0179
(2, 55)	false	2.5920	0.5827	0.5768	2.4960	0.5971	0.5571	0.0960	0.0144	-0.0196
(2, 55)	false	3.5580	0.4089	0.4875	2.8800	0.5198	0.4804	0.6780	0.1109	-0.0071
(2, 55)	false	2.5740	0.5786	0.5161	2.8260	0.5545	0.4946	-0.2520	-0.0241	-0.0214
(2, 55)	false	3.3660	0.4518	0.4429	3.5220	0.4492	0.4000	-0.1560	-0.0026	-0.0429
(2, 55)	true	2.9920	0.5176	0.4982	3.0560	0.5025	0.4500	0.0640	0.0151	0.0482
(2, 55)	false	2.7580	0.5553	0.4839	2.7940	0.5581	0.5161	-0.0360	0.0027	0.0321
(2, 55)	true	2.9400	0.5370	0.4643	3.3480	0.4827	0.4268	0.4080	0.0543	0.0375
(21, 30)	false	2.7780	0.5355	0.5196	2.6320	0.5583	0.5107	0.1460	0.0228	-0.0089
(21, 30)	false	2.6980	0.5716	0.4982	2.5980	0.6015	0.5607	0.1000	0.0299	0.0625
(21, 30)	false	2.6740	0.5592	0.5464	2.6860	0.5545	0.5482	-0.0120	-0.0048	0.0018
(21, 30)	true	2.5920	0.5827	0.5768	2.5380	0.5947	0.5554	-0.0540	-0.0120	0.0214
(21, 30)	true	3.5580	0.4089	0.4875	3.6980	0.3979	0.4750	0.1400	0.0110	0.0125
(21, 30)	true	2.5740	0.5786	0.5161	2.8840	0.5331	0.4661	0.3100	0.0455	0.0500
(21, 30)	true	3.3660	0.4518	0.4429	3.6460	0.4495	0.4196	0.2800	0.0023	0.0232
(21, 30)	false	2.9920	0.5176	0.4982	3.0380	0.5154	0.5196	-0.0460	-0.0022	0.0214
(21, 30)	false	2.7580	0.5553	0.4839	2.8200	0.5455	0.5536	-0.0620	-0.0099	0.0696
(21, 30)	true	2.9400	0.5370	0.4643	2.5960	0.5772	0.5161	-0.3440	-0.0401	-0.0518
(9, 44)	false	2.7780	0.5355	0.5196	2.7700	0.5313	0.5464	0.0080	-0.0042	0.0268
(9, 44)	false	2.6980	0.5716	0.4982	2.5800	0.5762	0.5857	0.1180	0.0046	0.0875
(9, 44)	false	2.6740	0.5592	0.5464	2.5880	0.5782	0.5304	0.0860	0.0189	-0.0161
(9, 44)	false	2.5920	0.5827	0.5768	2.6020	0.5836	0.5429	-0.0100	0.0009	-0.0339
(9, 44)	false	3.5580	0.4089	0.4875	3.1920	0.4110	0.4821	0.3660	0.0020	-0.0054
(9, 44)	false	2.5740	0.5786	0.5161	2.8600	0.5508	0.5357	-0.2860	-0.0278	0.0196
(9, 44)	true	3.3660	0.4518	0.4429	3.6940	0.4457	0.3964	0.3280	0.0061	0.0464
(9, 44)	true	2.9920	0.5176	0.4982	3.0140	0.5030	0.4804	0.0220	0.0146	0.0179
(9, 44)	false	2.7580	0.5553	0.4839	2.7780	0.5547	0.4714	-0.0200	-0.0007	-0.0125
(9, 44)	false	2.9400	0.5370	0.4643	3.0520	0.5389	0.4893	-0.1120	0.0018	0.0250
(11, 34)	false	2.7780	0.5355	0.5196	2.7540	0.5309	0.4804	0.0240	-0.0046	-0.0393
(11, 34)	false	2.6980	0.5716	0.4982	2.8660	0.5568	0.5089	-0.1680	-0.0148	0.0107
(11, 34)	false	2.6740	0.5592	0.5464	2.6900	0.5700	0.5375	-0.0160	0.0107	-0.0089
(11, 34)	false	2.5920	0.5827	0.5768	2.6380	0.5918	0.5750	-0.0460	0.0090	-0.0018
(11, 34)	false	3.5580	0.4089	0.4875	3.0680	0.4994	0.5179	0.4900	0.0905	0.0304
(11, 34)	false	2.5740	0.5786	0.5161	2.5860	0.5825	0.5571	-0.0120	0.0039	0.0411
(11, 34)	false	3.3660	0.4518	0.4429	3.0720	0.5086	0.4857	0.2940	0.0567	0.0429
(11, 34)	false	2.9920	0.5176	0.4982	2.8800	0.5184	0.5089	0.1120	0.0008	0.0107
(11, 34)	true	2.7580	0.5553	0.4839	2.8360	0.5415	0.4857	0.0780	0.0138	-0.0018
(11, 34)	false	2.9400	0.5370	0.4643	3.1480	0.5148	0.4768	-0.2080	-0.0222	0.0125
(24, 31)	true	2.7780	0.5355	0.5196	2.7400	0.5339	0.4964	-0.0380	0.0016	0.0232
(24, 31)	true	2.6980	0.5716	0.4982	2.6080	0.5811	0.5161	-0.0900	-0.0095	-0.0179
(24, 31)	false	2.6740	0.5592	0.5464	2.4880	0.5989	0.5357	0.1860	0.0396	-0.0107
(24, 31)	false	2.5920	0.5827	0.5768	2.4620	0.5977	0.5732	0.1300	0.0150	-0.0036
(24, 31)	false	3.5580	0.4089	0.4875	3.3960	0.4149	0.5232	0.1620	0.0060	0.0357
(24, 31)	true	2.5740	0.5786	0.5161	2.5720	0.5896	0.5446	-0.0020	-0.0109	-0.0286
(24, 31)	false	3.3660	0.4518	0.4429	3.5360	0.4696	0.4571	-0.1700	0.0177	0.0143
(24, 31)	false	2.9920	0.5176	0.4982	2.8340	0.5537	0.5375	0.1580	0.0361	0.0393
(24, 31)	true	2.7580	0.5553	0.4839	2.7120	0.5512	0.5196	-0.0460	0.0041	-0.0357
(24, 31)	false	2.9400	0.5370	0.4643	3.0980	0.5355	0.5179	-0.1580	-0.0015	0.0536
(22, 32)	false	2.7780	0.5355	0.5196	2.9100	0.5422	0.4821	-0.1320	0.0067	-0.0375
(22, 32)	false	2.6980	0.5716	0.4982	2.8200	0.5571	0.5196	-0.1220	-0.0144	0.0214
(22, 32)	false	2.6740	0.5592	0.5464	2.5000	0.5859	0.5429	0.1740	0.0266	-0.0036
(22, 32)	false	2.5920	0.5827	0.5768	2.3540	0.6024	0.5679	0.2380	0.0197	-0.0089
(22, 32)	false	3.5580	0.4089	0.4875	3.4060	0.4071	0.4839	0.1520	-0.0018	-0.0036
(22, 32)	false	2.5740	0.5786	0.5161	2.6520	0.5590	0.5268	-0.0780	-0.0197	0.0107
(22, 32)	false	3.3660	0.4518	0.4429	3.5440	0.4418	0.3875	-0.1780	-0.0100	-0.0554
(22, 32)	true	2.9920	0.5176	0.4982	3.1180	0.5076	0.4911	0.1260	0.0100	0.0071
(22, 32)	true	2.7580	0.5553	0.4839	2.8820	0.5325	0.4982	0.1240	0.0228	-0.0143
(22, 32)	false	2.9400	0.5370	0.4643	2.6540	0.5528	0.5071	0.2860	0.0158	0.0429
(16, 36)	false	2.7780	0.5355	0.5196	2.7660	0.5505	0.5321	0.0120	0.0150	0.0125
(16, 36)	false	2.6980	0.5716	0.4982	2.6480	0.5820	0.5125	0.0500	0.0105	0.0143
(16, 36)	false	2.6740	0.5592	0.5464	2.6900	0.5735	0.5446	-0.0160	0.0142	-0.0018
(16, 36)	false	2.5920	0.5827	0.5768	2.6340	0.5786	0.5000	-0.0420	-0.0042	-0.0768
(16, 36)	false	3.5580	0.4089	0.4875	3.4680	0.3998	0.4768	0.0900	-0.0091	-0.0107
(16, 36)	false	2.5740	0.5786	0.5161	2.7000	0.5586	0.5196	-0.1260	-0.0201	0.0036
(16, 36)	true	3.3660	0.4518	0.4429	3.8560	0.4365	0.4411	0.4900	0.0153	0.0018
(16, 36)	false	2.9920	0.5176	0.4982	2.9200	0.5184	0.4464	0.0720	0.0008	-0.0518
(16, 36)	true	2.7580	0.5553	0.4839	2.8460	0.5523	0.4964	0.0880	0.0030	-0.0125
(16, 36)	false	2.9400	0.5370	0.4643	2.9180	0.5509	0.5000	0.0220	0.0138	0.0357
(19, 32)	false	2.7780	0.5355	0.5196	2.7540	0.5660	0.5411	0.0240	0.0305	0.0214
(19, 32)	false	2.6980	0.5716	0.4982	2.6340	0.5954	0.5500	0.0640	0.0238	0.0518
(19, 32)	false	2.6740	0.5592	0.5464	2.7900	0.5352	0.5107	-0.1160	-0.0240	-0.0357
(19, 32)	false	2.5920	0.5827	0.5768	2.3880	0.6137	0.5536	0.2040	0.0310	-0.0232
(19, 32)	false	3.5580	0.4089	0.4875	3.2820	0.4750	0.4875	0.2760	0.0660	0.0000
(19, 32)	false	2.5740	0.5786	0.5161	2.6280	0.5880	0.5554	-0.0540	0.0094	0.0393
(19, 32)	false	3.3660	0.4518	0.4429	3.4200	0.4827	0.4732	-0.0540	0.0309	0.0304
(19, 32)	true	2.9920	0.5176	0.4982	2.8980	0.5171	0.5018	-0.0940	0.0005	-0.0036
(19, 32)	false	2.7580	0.5553	0.4839	2.6200	0.5901	0.5107	0.1380	0.0348	0.0268
(19, 32)	false	2.9400	0.5370	0.4643	2.8280	0.5663	0.4893	0.1120	0.0293	0.0250
(17, 35)	true	2.7780	0.5355	0.5196	2.7360	0.5640	0.5018	-0.0420	-0.0285	0.0179
(17, 35)	true	2.6980	0.5716	0.4982	2.8320	0.5516	0.5054	0.1340	0.0199	-0.0071
(17, 35)	false	2.6740	0.5592	0.5464	2.5160	0.5946	0.5929	0.1580	0.0354	0.0464
(17, 35)	false	2.5920	0.5827	0.5768	2.6240	0.5721	0.5518	-0.0320	-0.0106	-0.0250
(17, 35)	false	3.5580	0.4089	0.4875	3.2300	0.4596	0.4857	0.3280	0.0507	-0.0018
(17, 35)	false	2.5740	0.5786	0.5161	2.7920	0.5422	0.4839	-0.2180	-0.0364	-0.0321
(17, 35)	false	3.3660	0.4518	0.4429	3.7380	0.4600	0.5000	-0.3720	0.0082	0.0571
(17, 35)	true	2.9920	0.5176	0.4982	2.8320	0.5366	0.5214	-0.1600	-0.0190	-0.0232
(17, 35)	false	2.7580	0.5553	0.4839	2.6840	0.5793	0.5125	0.0740	0.0239	0.0286
(17, 35)	false	2.9400	0.5370	0.4643	2.6220	0.5661	0.5000	0.3180	0.0291	0.0357
(15, 36)	false	2.7780	0.5355	0.5196	2.7980	0.5451	0.5071	-0.0200	0.0096	-0.0125
(15, 36)	false	2.6980	0.5716	0.4982	2.8200	0.5550	0.5089	-0.1220	-0.0166	0.0107
(15, 36)	false	2.6740	0.5592	0.5464	2.6840	0.5759	0.5500	-0.0100	0.0166	0.0036
(15, 36)	false	2.5920	0.5827	0.5768	2.7160	0.5622	0.5179	-0.1240	-0.0206	-0.0589
(15, 36)	false	3.5580	0.4089	0.4875	3.4760	0.4367	0.4732	0.0820	0.0278	-0.0143
(15, 36)	false	2.5740	0.5786	0.5161	2.5520	0.5921	0.5589	0.0220	0.0135	0.0429
(15, 36)	false	3.3660	0.4518	0.4429	3.6500	0.4534	0.4571	-0.2840	0.0015	0.0143
(15, 36)	false	2.9920	0.5176	0.4982	3.0760	0.4833	0.4929	-0.0840	-0.0343	-0.0054
(15, 36)	false	2.7580	0.5553	0.4839	2.8920	0.5505	0.5250	-0.1340	-0.0048	0.0411
(15, 36)	false	2.9400	0.5370	0.4643	2.7120	0.5579	0.5161	0.2280	0.0209	0.0518
(20, 35)	false	2.7780	0.5355	0.5196	2.7700	0.5316	0.5196	0.0080	-0.0039	-0.0000
(20, 35)	false	2.6980	0.5716	0.4982	2.8640	0.5616	0.5464	-0.1660	-0.0099	0.0482
(20, 35)	false	2.6740	0.5592	0.5464	2.5440	0.5763	0.5518	0.1300	0.0170	0.0054
(20, 35)	true	2.5920	0.5827	0.5768	2.4480	0.6073	0.5696	-0.1440	-0.0246	0.0071
(20, 35)	true	3.5580	0.4089	0.4875	3.6760	0.4414	0.4946	0.1180	-0.0325	-0.0071
(20, 35)	true	2.5740	0.5786	0.5161	2.8340	0.5315	0.4607	0.2600	0.0472	0.0554
(20, 35)	false	3.3660	0.4518	0.4429	3.5380	0.4539	0.4339	-0.1720	0.0021	-0.0089
(20, 35)	false	2.9920	0.5176	0.4982	2.9620	0.5131	0.5482	0.0300	-0.0045	0.0500
(20, 35)	false	2.7580	0.5553	0.4839	2.7100	0.5707	0.5161	0.0480	0.0153	0.0321
(20, 35)	false	2.9400	0.5370	0.4643	2.5040	0.5998	0.5179	0.4360	0.0628	0.0536
(16, 37)	false	2.7780	0.5355	0.5196	2.6040	0.5716	0.5232	0.1740	0.0361	0.0036
(16, 37)	false	2.6980	0.5716	0.4982	2.8160	0.5549	0.4839	-0.1180	-0.0167	-0.0143
(16, 37)	true	2.6740	0.5592	0.5464	2.5860	0.5714	0.5179	-0.0880	-0.0122	0.0286
(16, 37)	true	2.5920	0.5827	0.5768	2.5620	0.5796	0.5304	-0.0300	0.0032	0.0464
(16, 37)	true	3.5580	0.4089	0.4875	3.1880	0.4806	0.4929	-0.3700	-0.0717	-0.0054
(16, 37)	true	2.5740	0.5786	0.5161	2.6880	0.5586	0.5250	0.1140	0.0201	-0.0089
(16, 37)	false	3.3660	0.4518	0.4429	3.5700	0.4522	0.4179	-0.2040	0.0004	-0.0250
(16, 37)	false	2.9920	0.5176	0.4982	2.7440	0.5439	0.5375	0.2480	0.0264	0.0393
(16, 37)	false	2.7580	0.5553	0.4839	2.5840	0.5902	0.5232	0.1740	0.0348	0.0393
(16, 37)	false	2.9400	0.5370	0.4643	2.6660	0.5986	0.5232	0.2740	0.0615	0.0589
(22, 33)	true	2.7780	0.5355	0.5196	2.5900	0.5828	0.5750	-0.1880	-0.0473	-0.0554
(22, 33)	false	2.6980	0.5716	0.4982	3.0520	0.5196	0.5411	-0.3540	-0.0520	0.0429
(22, 33)	false	2.6740	0.5592	0.5464	3.1960	0.4555	0.4964	-0.5220	-0.1038	-0.0500
(22, 33)	false	2.5920	0.5827	0.5768	2.5680	0.5884	0.5446	0.0240	0.0057	-0.0321
(22, 33)	false	3.5580	0.4089	0.4875	3.6580	0.3860	0.4732	-0.1000	-0.0230	-0.0143
(22, 33)	false	2.5740	0.5786	0.5161	2.5640	0.6003	0.5446	0.0100	0.0216	0.0286
(22, 33)	false	3.3660	0.4518	0.4429	3.4020	0.4795	0.4339	-0.0360	0.0277	-0.0089
(22, 33)	false	2.9920	0.5176	0.4982	3.6660	0.3839	0.4643	-0.6740	-0.1337	-0.0339
(22, 33)	false	2.7580	0.5553	0.4839	2.6100	0.5758	0.4929	0.1480	0.0204	0.0089
(22, 33)	false	2.9400	0.5370	0.4643	2.7600	0.5545	0.5125	0.1800	0.0174	0.0482
(28, 56)	false	2.7780	0.5355	0.5196	2.8660	0.5246	0.4964	-0.0880	-0.0109	-0.0232
(28, 56)	true	2.6980	0.5716	0.4982	2.7300	0.5649	0.5125	0.0320	0.0067	-0.0143
(28, 56)	true	2.6740	0.5592	0.5464	2.4960	0.5825	0.5321	-0.1780	-0.0233	0.0143
(28, 56)	false	2.5920	0.5827	0.5768	2.6240	0.5704	0.5393	-0.0320	-0.0123	-0.0375
(28, 56)	true	3.5580	0.4089	0.4875	3.5520	0.3938	0.4643	-0.0060	0.0151	0.0232
(28, 56)	false	2.5740	0.5786	0.5161	2.6080	0.5802	0.5250	-0.0340	0.0015	0.0089
(28, 56)	false	3.3660	0.4518	0.4429	3.3600	0.4790	0.4554	0.0060	0.0272	0.0125
(28, 56)	false	2.9920	0.5176	0.4982	3.0060	0.5090	0.4911	-0.0140	-0.0086	-0.0071
(28, 56)	false	2.7580	0.5553	0.4839	2.4840	0.6049	0.5393	0.2740	0.0496	0.0554
(28, 56)	false	2.9400	0.5370	0.4643	2.7280	0.5748	0.5232	0.2120	0.0378	0.0589
(21, 44)	false	2.7780	0.5355	0.5196	3.0080	0.5499	0.5429	-0.2300	0.0144	0.0232
(21, 44)	false	2.6980	0.5716	0.4982	2.7720	0.5604	0.5393	-0.0740	-0.0112	0.0411
(21, 44)	false	2.6740	0.5592	0.5464	2.9420	0.5117	0.4893	-0.2680	-0.0476	-0.0571
(21, 44)	false	2.5920	0.5827	0.5768	2.5540	0.5782	0.5536	0.0380	-0.0045	-0.0232
(21, 44)	false	3.5580	0.4089	0.4875	3.7980	0.3926	0.5036	-0.2400	-0.0164	0.0161
(21, 44)	false	2.5740	0.5786	0.5161	2.8580	0.5102	0.4964	-0.2840	-0.0685	-0.0196
(21, 44)	true	3.3660	0.4518	0.4429	3.3300	0.4937	0.4054	-0.0360	-0.0419	0.0375
(21, 44)	false	2.9920	0.5176	0.4982	2.9560	0.5254	0.5339	0.0360	0.0078	0.0357
(21, 44)	false	2.7580	0.5553	0.4839	2.7460	0.5737	0.5214	0.0120	0.0183	0.0375
(21, 44)	false	2.9400	0.5370	0.4643	2.8760	0.5283	0.4946	0.0640	-0.0088	0.0304
(8, 24)	false	2.7780	0.5355	0.5196	2.4940	0.5992	0.5625	0.2840	0.0637	0.0429
(8, 24)	true	2.6980	0.5716	0.4982	2.8900	0.5440	0.5071	0.1920	0.0276	-0.0089
(8, 24)	true	2.6740	0.5592	0.5464	2.7040	0.5644	0.5339	0.0300	-0.0052	0.0125
(8, 24)	true	2.5920	0.5827	0.5768	2.6740	0.5682	0.5411	0.0820	0.0146	0.0357
(8, 24)	true	3.5580	0.4089	0.4875	3.9840	0.3192	0.4786	0.4260	0.0898	0.0089
(8, 24)	true	2.5740	0.5786	0.5161	2.9320	0.5310	0.5411	0.3580	0.0476	-0.0250
(8, 24)	false	3.3660	0.4518	0.4429	3.2320	0.4903	0.4393	0.1340	0.0385	-0.0036
(8, 24)	false	2.9920	0.5176	0.4982	2.7440	0.5514	0.5429	0.2480	0.0338	0.0446
(8, 24)	false	2.7580	0.5553	0.4839	2.4700	0.5894	0.5268	0.2880	0.0341	0.0429
(8, 24)	false	2.9400	0.5370	0.4643	2.6320	0.5790	0.5250	0.3080	0.0420	0.0607
(21, 48)	false	2.7780	0.5355	0.5196	2.6960	0.5673	0.5411	0.0820	0.0318	0.0214
(21, 48)	true	2.6980	0.5716	0.4982	2.7980	0.5708	0.5321	0.1000	0.0007	-0.0339
(21, 48)	false	2.6740	0.5592	0.5464	2.7100	0.5592	0.5429	-0.0360	-0.0001	-0.0036
(21, 48)	false	2.5920	0.5827	0.5768	2.4480	0.6120	0.5607	0.1440	0.0292	-0.0161
(21, 48)	false	3.5580	0.4089	0.4875	3.4580	0.3341	0.4732	0.1000	-0.0748	-0.0143
(21, 48)	false	2.5740	0.5786	0.5161	2.5560	0.5903	0.5500	0.0180	0.0116	0.0339
(21, 48)	false	3.3660	0.4518	0.4429	3.2900	0.5099	0.4643	0.0760	0.0581	0.0214
(21, 48)	false	2.9920	0.5176	0.4982	2.9020	0.5205	0.4964	0.0900	0.0029	-0.0018
(21, 48)	false	2.7580	0.5553	0.4839	2.8480	0.5539	0.4929	-0.0900	-0.0014	0.0089
(21, 48)	false	2.9400	0.5370	0.4643	2.7600	0.5635	0.4982	0.1800	0.0264	0.0339
(9, 22)	false	2.7780	0.5355	0.5196	2.6380	0.5740	0.5446	0.1400	0.0384	0.0250
(9, 22)	false	2.6980	0.5716	0.4982	2.7840	0.5648	0.5179	-0.0860	-0.0067	0.0196
(9, 22)	true	2.6740	0.5592	0.5464	2.7820	0.5578	0.5054	0.1080	0.0014	0.0411
(9, 22)	false	2.5920	0.5827	0.5768	2.4380	0.5771	0.5804	0.1540	-0.0057	0.0036
(9, 22)	false	3.5580	0.4089	0.4875	3.0980	0.4913	0.5107	0.4600	0.0824	0.0232
(9, 22)	false	2.5740	0.5786	0.5161	2.7200	0.5627	0.5232	-0.1460	-0.0160	0.0071
(9, 22)	false	3.3660	0.4518	0.4429	3.0360	0.5170	0.4393	0.3300	0.0652	-0.0036
(9, 22)	false	2.9920	0.5176	0.4982	2.7360	0.5384	0.5375	0.2560	0.0209	0.0393
(9, 22)	false	2.7580	0.5553	0.4839	2.7100	0.5683	0.5054	0.0480	0.0130	0.0214
(9, 22)	false	2.9400	0.5370	0.4643	3.0300	0.5470	0.4839	-0.0900	0.0099	0.0196
(22, 30)	false	2.7780	0.5355	0.5196	2.7000	0.5810	0.5625	0.0780	0.0455	0.0429
(22, 30)	false	2.6980	0.5716	0.4982	2.7660	0.5504	0.5000	-0.0680	-0.0211	0.0018
(22, 30)	false	2.6740	0.5592	0.5464	2.7180	0.5652	0.5607	-0.0440	0.0060	0.0143
(22, 30)	false	2.5920	0.5827	0.5768	2.5700	0.5845	0.5696	0.0220	0.0017	-0.0071
(22, 30)	false	3.5580	0.4089	0.4875	3.3040	0.4278	0.4786	0.2540	0.0188	-0.0089
(22, 30)	false	2.5740	0.5786	0.5161	2.7220	0.5657	0.4964	-0.1480	-0.0129	-0.0196
(22, 30)	false	3.3660	0.4518	0.4429	3.5120	0.4673	0.4554	-0.1460	0.0155	0.0125
(22, 30)	false	2.9920	0.5176	0.4982	3.0180	0.5091	0.5143	-0.0260	-0.0085	0.0161
(22, 30)	false	2.7580	0.5553	0.4839	2.6520	0.5584	0.5286	0.1060	0.0031	0.0446
(22, 30)	false	2.9400	0.5370	0.4643	2.6340	0.5810	0.5304	0.3060	0.0440	0.0661
(45, 51)	false	2.7780	0.5355	0.5196	2.7240	0.5667	0.5429	0.0540	0.0312	0.0232
(45, 51)	false	2.6980	0.5716	0.4982	2.7800	0.5629	0.5411	-0.0820	-0.0087	0.0429
(45, 51)	false	2.6740	0.5592	0.5464	2.6100	0.5722	0.5625	0.0640	0.0130	0.0161
(45, 51)	false	2.5920	0.5827	0.5768	2.5860	0.5967	0.5661	0.0060	0.0139	-0.0107
(45, 51)	false	3.5580	0.4089	0.4875	3.4660	0.4477	0.4982	0.0920	0.0388	0.0107
(45, 51)	false	2.5740	0.5786	0.5161	2.7880	0.5500	0.5286	-0.2140	-0.0287	0.0125
(45, 51)	false	3.3660	0.4518	0.4429	3.5500	0.4753	0.3982	-0.1840	0.0235	-0.0446
(45, 51)	false	2.9920	0.5176	0.4982	2.8720	0.5363	0.5143	0.1200	0.0187	0.0161
(45, 51)	true	2.7580	0.5553	0.4839	2.7100	0.5716	0.5500	-0.0480	-0.0162	-0.0661
(45, 51)	false	2.9400	0.5370	0.4643	2.6540	0.5836	0.5036	0.2860	0.0465	0.0393
(15, 37)	false	2.7780	0.5355	0.5196	2.7680	0.5463	0.5071	0.0100	0.0108	-0.0125
(15, 37)	false	2.6980	0.5716	0.4982	2.8060	0.5456	0.5179	-0.1080	-0.0259	0.0196
(15, 37)	false	2.6740	0.5592	0.5464	2.8320	0.5112	0.5107	-0.1580	-0.0481	-0.0357
(15, 37)	false	2.5920	0.5827	0.5768	2.6720	0.5831	0.5018	-0.0800	0.0004	-0.0750
(15, 37)	false	3.5580	0.4089	0.4875	3.5120	0.4019	0.4964	0.0460	-0.0070	0.0089
(15, 37)	false	2.5740	0.5786	0.5161	2.5580	0.6015	0.5429	0.0160	0.0229	0.0268
(15, 37)	false	3.3660	0.4518	0.4429	3.5020	0.4712	0.4321	-0.1360	0.0194	-0.0107
(15, 37)	false	2.9920	0.5176	0.4982	3.0420	0.5019	0.4839	-0.0500	-0.0157	-0.0143
(15, 37)	false	2.7580	0.5553	0.4839	2.7220	0.5683	0.4982	0.0360	0.0130	0.0143
(15, 37)	false	2.9400	0.5370	0.4643	2.6540	0.5804	0.4911	0.2860	0.0434	0.0268
(5, 42)	true	2.7780	0.5355	0.5196	2.9260	0.5359	0.4964	0.1480	-0.0004	0.0232
(5, 42)	false	2.6980	0.5716	0.4982	2.6600	0.5717	0.5232	0.0380	0.0001	0.0250
(5, 42)	true	2.6740	0.5592	0.5464	2.6940	0.5565	0.5500	0.0200	0.0027	-0.0036
(5, 42)	false	2.5920	0.5827	0.5768	2.7000	0.5815	0.5607	-0.1080	-0.0012	-0.0161
(5, 42)	false	3.5580	0.4089	0.4875	3.6320	0.3924	0.4625	-0.0740	-0.0166	-0.0250
(5, 42)	false	2.5740	0.5786	0.5161	2.7220	0.5497	0.5196	-0.1480	-0.0290	0.0036
(5, 42)	false	3.3660	0.4518	0.4429	3.2020	0.5039	0.4589	0.1640	0.0521	0.0161
(5, 42)	false	2.9920	0.5176	0.4982	3.0640	0.5095	0.5036	-0.0720	-0.0081	0.0054
(5, 42)	true	2.7580	0.5553	0.4839	2.4940	0.5914	0.5500	-0.2640	-0.0360	-0.0661
(5, 42)	false	2.9400	0.5370	0.4643	3.2760	0.5157	0.5089	-0.3360	-0.0213	0.0446
(20, 34)	false	2.7780	0.5355	0.5196	2.8040	0.5478	0.4982	-0.0260	0.0122	-0.0214
(20, 34)	false	2.6980	0.5716	0.4982	2.7700	0.5575	0.4964	-0.0720	-0.0141	-0.0018
(20, 34)	false	2.6740	0.5592	0.5464	2.5860	0.5625	0.5268	0.0880	0.0033	-0.0196
(20, 34)	false	2.5920	0.5827	0.5768	2.7040	0.5777	0.5518	-0.1120	-0.0050	-0.0250
(20, 34)	false	3.5580	0.4089	0.4875	3.3880	0.4063	0.4696	0.1700	-0.0026	-0.0179
(20, 34)	false	2.5740	0.5786	0.5161	2.5640	0.5805	0.5268	0.0100	0.0019	0.0107
(20, 34)	true	3.3660	0.4518	0.4429	3.6760	0.4474	0.4214	0.3100	0.0044	0.0214
(20, 34)	true	2.9920	0.5176	0.4982	3.5020	0.4300	0.4821	0.5100	0.0876	0.0161
(20, 34)	false	2.7580	0.5553	0.4839	2.8240	0.5594	0.5071	-0.0660	0.0041	0.0232
(20, 34)	false	2.9400	0.5370	0.4643	3.0240	0.5329	0.5214	-0.0840	-0.0041	0.0571
(22, 51)	false	2.7780	0.5355	0.5196	2.4820	0.5992	0.5929	0.2960	0.0637	0.0732
(22, 51)	false	2.6980	0.5716	0.4982	2.8480	0.5532	0.5429	-0.1500	-0.0184	0.0446
(22, 51)	false	2.6740	0.5592	0.5464	2.5860	0.5700	0.5482	0.0880	0.0107	0.0018
(22, 51)	false	2.5920	0.5827	0.5768	2.4440	0.5891	0.5464	0.1480	0.0064	-0.0304
(22, 51)	false	3.5580	0.4089	0.4875	3.4800	0.4191	0.4732	0.0780	0.0102	-0.0143
(22, 51)	true	2.5740	0.5786	0.5161	2.6460	0.5707	0.4946	0.0720	0.0079	0.0214
(22, 51)	false	3.3660	0.4518	0.4429	3.6240	0.4790	0.4071	-0.2580	0.0272	-0.0357
(22, 51)	false	2.9920	0.5176	0.4982	2.8800	0.5195	0.5357	0.1120	0.0019	0.0375
(22, 51)	false	2.7580	0.5553	0.4839	2.8460	0.5461	0.5018	-0.0880	-0.0092	0.0179
(22, 51)	false	2.9400	0.5370	0.4643	2.7560	0.5704	0.5089	0.1840	0.0334	0.0446
(1, 55)	false	2.7780	0.5355	0.5196	2.8160	0.5475	0.4911	-0.0380	0.0120	-0.0286
(1, 55)	false	2.6980	0.5716	0.4982	2.7300	0.5565	0.5018	-0.0320	-0.0151	0.0036
(1, 55)	false	2.6740	0.5592	0.5464	2.5580	0.5988	0.5643	0.1160	0.0396	0.0179
(1, 55)	false	2.5920	0.5827	0.5768	2.5040	0.5972	0.5321	0.0880	0.0145	-0.0446
(1, 55)	false	3.5580	0.4089	0.4875	3.1240	0.5055	0.4571	0.4340	0.0966	-0.0304
(1, 55)	true	2.5740	0.5786	0.5161	2.5100	0.5919	0.5482	-0.0640	-0.0132	-0.0321
(1, 55)	true	3.3660	0.4518	0.4429	3.6760	0.4572	0.4732	0.3100	-0.0054	-0.0304
(1, 55)	true	2.9920	0.5176	0.4982	2.7980	0.5257	0.5304	-0.1940	-0.0081	-0.0321
(1, 55)	false	2.7580	0.5553	0.4839	2.6660	0.5979	0.5179	0.0920	0.0426	0.0339
(1, 55)	false	2.9400	0.5370	0.4643	2.5520	0.5836	0.5089	0.3880	0.0465	0.0446
(9, 41)	false	2.7780	0.5355	0.5196	2.7780	0.5515	0.5214	0.0000	0.0160	0.0018
(9, 41)	false	2.6980	0.5716	0.4982	2.7660	0.5683	0.5464	-0.0680	-0.0033	0.0482
(9, 41)	true	2.6740	0.5592	0.5464	3.4180	0.4580	0.5286	0.7440	0.1012	0.0179
(9, 41)	false	2.5920	0.5827	0.5768	2.6440	0.5806	0.5625	-0.0520	-0.0021	-0.0143
(9, 41)	false	3.5580	0.4089	0.4875	3.3420	0.4786	0.5018	0.2160	0.0697	0.0143
(9, 41)	true	2.5740	0.5786	0.5161	2.7580	0.5617	0.4929	0.1840	0.0169	0.0232
(9, 41)	true	3.3660	0.4518	0.4429	3.4820	0.4672	0.4661	0.1160	-0.0154	-0.0232
(9, 41)	false	2.9920	0.5176	0.4982	2.8480	0.5169	0.5143	0.1440	-0.0006	0.0161
(9, 41)	false	2.7580	0.5553	0.4839	2.7660	0.5525	0.4893	-0.0080	-0.0029	0.0054
(9, 41)	false	2.9400	0.5370	0.4643	2.9400	0.5404	0.4696	0.0000	0.0033	0.0054
(12, 36)	false	2.7780	0.5355	0.5196	2.8700	0.5401	0.4804	-0.0920	0.0045	-0.0393
(12, 36)	true	2.6980	0.5716	0.4982	2.8440	0.5460	0.4786	0.1460	0.0256	0.0196
(12, 36)	false	2.6740	0.5592	0.5464	2.5060	0.5949	0.5500	0.1680	0.0356	0.0036
(12, 36)	false	2.5920	0.5827	0.5768	2.5420	0.6019	0.5536	0.0500	0.0192	-0.0232
(12, 36)	true	3.5580	0.4089	0.4875	3.5580	0.4347	0.4625	0.0000	-0.0258	0.0250
(12, 36)	false	2.5740	0.5786	0.5161	2.7020	0.5776	0.5036	-0.1280	-0.0010	-0.0125
(12, 36)	false	3.3660	0.4518	0.4429	3.3900	0.4724	0.4661	-0.0240	0.0206	0.0232
(12, 36)	false	2.9920	0.5176	0.4982	3.0100	0.5106	0.4821	-0.0180	-0.0070	-0.0161
(12, 36)	false	2.7580	0.5553	0.4839	2.8700	0.5493	0.5161	-0.1120	-0.0060	0.0321
(12, 36)	false	2.9400	0.5370	0.4643	2.7140	0.5518	0.5089	0.2260	0.0148	0.0446
(17, 34)	true	2.7780	0.5355	0.5196	2.6060	0.5634	0.5161	-0.1720	-0.0279	0.0036
(17, 34)	false	2.6980	0.5716	0.4982	2.8040	0.5514	0.5357	-0.1060	-0.0202	0.0375
(17, 34)	false	2.6740	0.5592	0.5464	2.6860	0.5618	0.5482	-0.0120	0.0026	0.0018
(17, 34)	false	2.5920	0.5827	0.5768	2.5420	0.5969	0.5268	0.0500	0.0142	-0.0500
(17, 34)	false	3.5580	0.4089	0.4875	3.6840	0.3329	0.4875	-0.1260	-0.0760	0.0000
(17, 34)	false	2.5740	0.5786	0.5161	2.4220	0.6105	0.5518	0.1520	0.0319	0.0357
(17, 34)	false	3.3660	0.4518	0.4429	3.4120	0.4658	0.4250	-0.0460	0.0140	-0.0179
(17, 34)	false	2.9920	0.5176	0.4982	2.9720	0.5233	0.5214	0.0200	0.0058	0.0232
(17, 34)	false	2.7580	0.5553	0.4839	2.6760	0.5806	0.5411	0.0820	0.0253	0.0571
(17, 34)	false	2.9400	0.5370	0.4643	2.6500	0.5841	0.5429	0.2900	0.0470	0.0786
(6, 24)	true	2.7780	0.5355	0.5196	2.7600	0.5740	0.5446	-0.0180	-0.0385	-0.0250
(6, 24)	false	2.6980	0.5716	0.4982	2.7100	0.5656	0.5107	-0.0120	-0.0059	0.0125
(6, 24)	false	2.6740	0.5592	0.5464	3.1460	0.5000	0.5357	-0.4720	-0.0593	-0.0107
(6, 24)	false	2.5920	0.5827	0.5768	2.5780	0.6000	0.5464	0.0140	0.0173	-0.0304
(6, 24)	true	3.5580	0.4089	0.4875	3.3500	0.3923	0.5036	-0.2080	0.0166	-0.0161
(6, 24)	false	2.5740	0.5786	0.5161	2.8640	0.5310	0.5196	-0.2900	-0.0476	0.0036
(6, 24)	false	3.3660	0.4518	0.4429	3.2860	0.4862	0.4250	0.0800	0.0343	-0.0179
(6, 24)	false	2.9920	0.5176	0.4982	3.1960	0.4954	0.5143	-0.2040	-0.0222	0.0161
(6, 24)	true	2.7580	0.5553	0.4839	2.8480	0.5379	0.4500	0.0900	0.0174	0.0339
(6, 24)	false	2.9400	0.5370	0.4643	2.8740	0.5524	0.4911	0.0660	0.0154	0.0268
(14, 38)	true	2.7780	0.5355	0.5196	2.6660	0.5684	0.5304	-0.1120	-0.0329	-0.0107
(14, 38)	false	2.6980	0.5716	0.4982	2.9280	0.5463	0.5125	-0.2300	-0.0253	0.0143
(14, 38)	false	2.6740	0.5592	0.5464	2.7140	0.5618	0.5143	-0.0400	0.0026	-0.0321
(14, 38)	false	2.5920	0.5827	0.5768	2.6400	0.5936	0.5482	-0.0480	0.0109	-0.0286
(14, 38)	true	3.5580	0.4089	0.4875	3.5700	0.4199	0.5071	0.0120	-0.0110	-0.0196
(14, 38)	false	2.5740	0.5786	0.5161	2.7360	0.5566	0.5143	-0.1620	-0.0220	-0.0018
(14, 38)	true	3.3660	0.4518	0.4429	3.7280	0.4379	0.4161	0.3620	0.0140	0.0268
(14, 38)	true	2.9920	0.5176	0.4982	3.0600	0.5253	0.5071	0.0680	-0.0078	-0.0089
(14, 38)	true	2.7580	0.5553	0.4839	2.7200	0.5611	0.5268	-0.0380	-0.0058	-0.0429
(14, 38)	false	2.9400	0.5370	0.4643	2.6620	0.5536	0.5286	0.2780	0.0166	0.0643
(21, 46)	false	2.7780	0.5355	0.5196	2.7840	0.5561	0.5107	-0.0060	0.0206	-0.0089
(21, 46)	false	2.6980	0.5716	0.4982	2.7900	0.5401	0.5286	-0.0920	-0.0315	0.0304
(21, 46)	false	2.6740	0.5592	0.5464	2.6520	0.5691	0.5179	0.0220	0.0099	-0.0286
(21, 46)	false	2.5920	0.5827	0.5768	2.5680	0.5823	0.5768	0.0240	-0.0004	0.0000
(21, 46)	true	3.5580	0.4089	0.4875	3.2720	0.4498	0.5125	-0.2860	-0.0409	-0.0250
(21, 46)	false	2.5740	0.5786	0.5161	2.4300	0.6244	0.5786	0.1440	0.0458	0.0625
(21, 46)	false	3.3660	0.4518	0.4429	3.5100	0.4570	0.3875	-0.1440	0.0052	-0.0554
(21, 46)	false	2.9920	0.5176	0.4982	3.0400	0.5102	0.4946	-0.0480	-0.0074	-0.0036
(21, 46)	true	2.7580	0.5553	0.4839	2.6460	0.5648	0.5286	-0.1120	-0.0094	-0.0446
(21, 46)	false	2.9400	0.5370	0.4643	2.7700	0.5743	0.5000	0.1700	0.0372	0.0357
(21, 33)	false	2.7780	0.5355	0.5196	2.6340	0.5618	0.5232	0.1440	0.0263	0.0036
(21, 33)	false	2.6980	0.5716	0.4982	2.7680	0.5596	0.5179	-0.0700	-0.0120	0.0196
(21, 33)	false	2.6740	0.5592	0.5464	3.0360	0.5005	0.4946	-0.3620	-0.0588	-0.0518
(21, 33)	false	2.5920	0.5827	0.5768	2.5880	0.5894	0.5232	0.0040	0.0067	-0.0536
(21, 33)	true	3.5580	0.4089	0.4875	3.4820	0.3951	0.4500	-0.0760	0.0138	0.0375
(21, 33)	true	2.5740	0.5786	0.5161	2.7140	0.5633	0.5268	0.1400	0.0153	-0.0107
(21, 33)	false	3.3660	0.4518	0.4429	3.7900	0.4257	0.4571	-0.4240	-0.0262	0.0143
(21, 33)	false	2.9920	0.5176	0.4982	2.9880	0.5186	0.5071	0.0040	0.0010	0.0089
(21, 33)	false	2.7580	0.5553	0.4839	2.7400	0.5645	0.5446	0.0180	0.0092	0.0607
(21, 33)	false	2.9400	0.5370	0.4643	2.6280	0.5737	0.4911	0.3120	0.0366	0.0268
(5, 23)	false	2.7780	0.5355	0.5196	3.0400	0.5459	0.5143	-0.2620	0.0104	-0.0054
(5, 23)	false	2.6980	0.5716	0.4982	2.8900	0.5486	0.5018	-0.1920	-0.0229	0.0036
(5, 23)	true	2.6740	0.5592	0.5464	2.9760	0.5140	0.5321	0.3020	0.0452	0.0143
(5, 23)	false	2.5920	0.5827	0.5768	2.5380	0.5982	0.5357	0.0540	0.0155	-0.0411
(5, 23)	false	3.5580	0.4089	0.4875	3.4520	0.3735	0.4804	0.1060	-0.0354	-0.0071
(5, 23)	false	2.5740	0.5786	0.5161	2.6180	0.5820	0.5518	-0.0440	0.0033	0.0357
(5, 23)	false	3.3660	0.4518	0.4429	3.5720	0.4692	0.4482	-0.2060	0.0173	0.0054
(5, 23)	false	2.9920	0.5176	0.4982	2.9960	0.5138	0.5107	-0.0040	-0.0037	0.0125
(5, 23)	false	2.7580	0.5553	0.4839	2.7980	0.5588	0.5196	-0.0400	0.0034	0.0357
(5, 23)	false	2.9400	0.5370	0.4643	2.8980	0.5593	0.4911	0.0420	0.0223	0.0268
(23, 52)	true	2.7780	0.5355	0.5196	2.7520	0.5312	0.5036	-0.0260	0.0043	0.0161
(23, 52)	true	2.6980	0.5716	0.4982	2.8140	0.5567	0.5161	0.1160	0.0149	-0.0179
(23, 52)	false	2.6740	0.5592	0.5464	2.9160	0.5280	0.5357	-0.2420	-0.0313	-0.0107
(23, 52)	false	2.5920	0.5827	0.5768	2.6140	0.5673	0.5286	-0.0220	-0.0154	-0.0482
(23, 52)	false	3.5580	0.4089	0.4875	4.0800	0.3324	0.5054	-0.5220	-0.0766	0.0179
(23, 52)	false	2.5740	0.5786	0.5161	2.6080	0.5618	0.5161	-0.0340	-0.0168	0.0000
(23, 52)	false	3.3660	0.4518	0.4429	3.2140	0.4834	0.4018	0.1520	0.0316	-0.0411
(23, 52)	false	2.9920	0.5176	0.4982	3.0220	0.5135	0.5250	-0.0300	-0.0041	0.0268
(23, 52)	false	2.7580	0.5553	0.4839	2.7260	0.5661	0.5125	0.0320	0.0108	0.0286
(23, 52)	false	2.9400	0.5370	0.4643	3.1240	0.5399	0.5000	-0.1840	0.0029	0.0357
(30, 51)	true	2.7780	0.5355	0.5196	2.6580	0.5786	0.5286	-0.1200	-0.0431	-0.0089
(30, 51)	true	2.6980	0.5716	0.4982	2.7760	0.5717	0.5196	0.0780	-0.0001	-0.0214
(30, 51)	true	2.6740	0.5592	0.5464	2.8780	0.5415	0.4946	0.2040	0.0178	0.0518
(30, 51)	false	2.5920	0.5827	0.5768	2.4480	0.6024	0.5786	0.1440	0.0197	0.0018
(30, 51)	false	3.5580	0.4089	0.4875	3.9820	0.3258	0.4911	-0.4240	-0.0831	0.0036
(30, 51)	false	2.5740	0.5786	0.5161	2.6920	0.5670	0.5196	-0.1180	-0.0116	0.0036
(30, 51)	false	3.3660	0.4518	0.4429	3.4760	0.4721	0.4589	-0.1100	0.0203	0.0161
(30, 51)	false	2.9920	0.5176	0.4982	2.9800	0.5245	0.4946	0.0120	0.0069	-0.0036
(30, 51)	false	2.7580	0.5553	0.4839	2.7500	0.5375	0.4911	0.0080	-0.0178	0.0071
(30, 51)	false	2.9400	0.5370	0.4643	2.6300	0.5882	0.5143	0.3100	0.0512	0.0500
(18, 34)	false	2.7780	0.5355	0.5196	2.7800	0.5549	0.5500	-0.0020	0.0194	0.0304
(18, 34)	false	2.6980	0.5716	0.4982	2.5960	0.5809	0.5304	0.1020	0.0093	0.0321
(18, 34)	true	2.6740	0.5592	0.5464	2.6940	0.5559	0.5411	0.0200	0.0034	0.0054
(18, 34)	false	2.5920	0.5827	0.5768	2.5800	0.5950	0.5643	0.0120	0.0123	-0.0125
(18, 34)	false	3.5580	0.4089	0.4875	3.3000	0.3959	0.4714	0.2580	-0.0130	-0.0161
(18, 34)	false	2.5740	0.5786	0.5161	2.5580	0.5858	0.5625	0.0160	0.0071	0.0464
(18, 34)	false	3.3660	0.4518	0.4429	3.7180	0.4724	0.4857	-0.3520	0.0206	0.0429
(18, 34)	false	2.9920	0.5176	0.4982	3.0020	0.5055	0.5250	-0.0100	-0.0121	0.0268
(18, 34)	false	2.7580	0.5553	0.4839	2.7740	0.5640	0.5089	-0.0160	0.0086	0.0250
(18, 34)	false	2.9400	0.5370	0.4643	2.7060	0.5546	0.4875	0.2340	0.0176	0.0232
(19, 35)	false	2.7780	0.5355	0.5196	2.7780	0.5659	0.5250	0.0000	0.0303	0.0054
(19, 35)	false	2.6980	0.5716	0.4982	2.7000	0.5727	0.5268	-0.0020	0.0011	0.0286
(19, 35)	true	2.6740	0.5592	0.5464	3.0820	0.4995	0.5107	0.4080	0.0597	0.0357
(19, 35)	false	2.5920	0.5827	0.5768	2.5300	0.5965	0.5768	0.0620	0.0138	0.0000
(19, 35)	false	3.5580	0.4089	0.4875	3.4960	0.4017	0.4982	0.0620	-0.0072	0.0107
(19, 35)	false	2.5740	0.5786	0.5161	2.6220	0.5722	0.5429	-0.0480	-0.0065	0.0268
(19, 35)	false	3.3660	0.4518	0.4429	3.5400	0.4720	0.4286	-0.1740	0.0202	-0.0143
(19, 35)	false	2.9920	0.5176	0.4982	2.8000	0.5424	0.5393	0.1920	0.0248	0.0411
(19, 35)	false	2.7580	0.5553	0.4839	2.8760	0.5673	0.5500	-0.1180	0.0120	0.0661
(19, 35)	false	2.9400	0.5370	0.4643	2.8460	0.5478	0.4982	0.0940	0.0108	0.0339
(6, 23)	true	2.7780	0.5355	0.5196	2.7000	0.5655	0.5339	-0.0780	-0.0300	-0.0143
(6, 23)	true	2.6980	0.5716	0.4982	2.7360	0.5674	0.5357	0.0380	0.0041	-0.0375
(6, 23)	false	2.6740	0.5592	0.5464	3.1640	0.4883	0.5161	-0.4900	-0.0710	-0.0304
(6, 23)	false	2.5920	0.5827	0.5768	2.6180	0.5992	0.5661	-0.0260	0.0165	-0.0107
(6, 23)	true	3.5580	0.4089	0.4875	3.8280	0.3434	0.4375	0.2700	0.0655	0.0500
(6, 23)	false	2.5740	0.5786	0.5161	2.7000	0.5690	0.5607	-0.1260	-0.0097	0.0446
(6, 23)	false	3.3660	0.4518	0.4429	3.5520	0.4664	0.4464	-0.1860	0.0146	0.0036
(6, 23)	true	2.9920	0.5176	0.4982	3.0640	0.5171	0.5286	0.0720	0.0005	-0.0304
(6, 23)	true	2.7580	0.5553	0.4839	2.8020	0.5501	0.5071	0.0440	0.0052	-0.0232
(6, 23)	false	2.9400	0.5370	0.4643	2.9600	0.5406	0.4929	-0.0200	0.0035	0.0286
(1, 54)	false	2.7780	0.5355	0.5196	2.7580	0.5542	0.5393	0.0200	0.0187	0.0196
(1, 54)	false	2.6980	0.5716	0.4982	2.8260	0.5657	0.4857	-0.1280	-0.0058	-0.0125
(1, 54)	true	2.6740	0.5592	0.5464	2.6700	0.5659	0.5393	-0.0040	-0.0066	0.0071
(1, 54)	false	2.5920	0.5827	0.5768	2.5280	0.6076	0.5339	0.0640	0.0248	-0.0429
(1, 54)	false	3.5580	0.4089	0.4875	2.6240	0.5688	0.5196	0.9340	0.1598	0.0321
(1, 54)	false	2.5740	0.5786	0.5161	2.6560	0.5589	0.5125	-0.0820	-0.0198	-0.0036
(1, 54)	false	3.3660	0.4518	0.4429	3.5940	0.4502	0.4107	-0.2280	-0.0017	-0.0321
(1, 54)	true	2.9920	0.5176	0.4982	3.0680	0.5063	0.4839	0.0760	0.0113	0.0143
(1, 54)	false	2.7580	0.5553	0.4839	2.5180	0.5905	0.5214	0.2400	0.0352	0.0375
(1, 54)	false	2.9400	0.5370	0.4643	2.8120	0.5537	0.5000	0.1280	0.0166	0.0357
(21, 31)	false	2.7780	0.5355	0.5196	2.9420	0.5497	0.5304	-0.1640	0.0142	0.0107
(21, 31)	false	2.6980	0.5716	0.4982	2.7300	0.5794	0.5196	-0.0320	0.0078	0.0214
(21, 31)	true	2.6740	0.5592	0.5464	2.6140	0.5676	0.5500	-0.0600	-0.0084	-0.0036
(21, 31)	false	2.5920	0.5827	0.5768	2.6180	0.5936	0.5286	-0.0260	0.0109	-0.0482
(21, 31)	true	3.5580	0.4089	0.4875	3.5960	0.3439	0.4661	0.0380	0.0651	0.0214
(21, 31)	false	2.5740	0.5786	0.5161	2.5700	0.5767	0.5286	0.0040	-0.0019	0.0125
(21, 31)	false	3.3660	0.4518	0.4429	3.5120	0.4659	0.4107	-0.1460	0.0141	-0.0321
(21, 31)	true	2.9920	0.5176	0.4982	3.1080	0.5027	0.4982	0.1160	0.0149	-0.0000
(21, 31)	false	2.7580	0.5553	0.4839	2.6000	0.5904	0.5571	0.1580	0.0351	0.0732
(21, 31)	false	2.9400	0.5370	0.4643	2.6780	0.5502	0.4607	0.2620	0.0132	-0.0036
(7, 43)	true	2.7780	0.5355	0.5196	2.9120	0.5501	0.5196	0.1340	-0.0146	0.0000
(7, 43)	false	2.6980	0.5716	0.4982	2.7900	0.5736	0.5304	-0.0920	0.0020	0.0321
(7, 43)	false	2.6740	0.5592	0.5464	2.8200	0.5204	0.5429	-0.1460	-0.0389	-0.0036
(7, 43)	false	2.5920	0.5827	0.5768	2.5540	0.5815	0.6036	0.0380	-0.0012	0.0268
(7, 43)	false	3.5580	0.4089	0.4875	3.5360	0.4088	0.5018	0.0220	-0.0002	0.0143
(7, 43)	false	2.5740	0.5786	0.5161	2.5940	0.5869	0.5625	-0.0200	0.0083	0.0464
(7, 43)	false	3.3660	0.4518	0.4429	3.2720	0.4835	0.4768	0.0940	0.0316	0.0339
(7, 43)	false	2.9920	0.5176	0.4982	3.3180	0.4446	0.4750	-0.3260	-0.0729	-0.0232
(7, 43)	false	2.7580	0.5553	0.4839	2.5960	0.5781	0.5375	0.1620	0.0228	0.0536
(7, 43)	false	2.9400	0.5370	0.4643	3.2660	0.5049	0.4518	-0.3260	-0.0321	-0.0125
(11, 35)	true	2.7780	0.5355	0.5196	2.8360	0.5557	0.5268	0.0580	-0.0202	-0.0071
(11, 35)	false	2.6980	0.5716	0.4982	2.7520	0.5654	0.5214	-0.0540	-0.0062	0.0232
(11, 35)	false	2.6740	0.5592	0.5464	3.6600	0.4015	0.4946	-0.9860	-0.1578	-0.0518
(11, 35)	false	2.5920	0.5827	0.5768	2.5880	0.5704	0.5393	0.0040	-0.0123	-0.0375
(11, 35)	false	3.5580	0.4089	0.4875	3.5400	0.3661	0.4964	0.0180	-0.0429	0.0089
(11, 35)	false	2.5740	0.5786	0.5161	2.6260	0.5746	0.5125	-0.0520	-0.0040	-0.0036
(11, 35)	false	3.3660	0.4518	0.4429	3.1800	0.4862	0.4643	0.1860	0.0344	0.0214
(11, 35)	false	2.9920	0.5176	0.4982	2.9080	0.5266	0.5000	0.0840	0.0090	0.0018
(11, 35)	true	2.7580	0.5553	0.4839	2.6960	0.5619	0.5393	-0.0620	-0.0066	-0.0554
(11, 35)	false	2.9400	0.5370	0.4643	2.6740	0.5683	0.4982	0.2660	0.0312	0.0339
(5, 25)	false	2.7780	0.5355	0.5196	2.8840	0.5591	0.5375	-0.1060	0.0235	0.0179
(5, 25)	false	2.6980	0.5716	0.4982	2.7840	0.5562	0.5375	-0.0860	-0.0153	0.0393
(5, 25)	false	2.6740	0.5592	0.5464	2.8200	0.5245	0.5071	-0.1460	-0.0347	-0.0393
(5, 25)	true	2.5920	0.5827	0.5768	2.6400	0.5737	0.5411	0.0480	0.0091	0.0357
(5, 25)	true	3.5580	0.4089	0.4875	3.2320	0.4391	0.4821	-0.3260	-0.0302	0.0054
(5, 25)	true	2.5740	0.5786	0.5161	3.1140	0.4797	0.4786	0.5400	0.0989	0.0375
(5, 25)	true	3.3660	0.4518	0.4429	3.4160	0.4645	0.4036	0.0500	-0.0127	0.0393
(5, 25)	true	2.9920	0.5176	0.4982	3.3280	0.4495	0.4464	0.3360	0.0680	0.0518
(5, 25)	false	2.7580	0.5553	0.4839	2.7320	0.5685	0.5464	0.0260	0.0132	0.0625
(5, 25)	false	2.9400	0.5370	0.4643	2.7780	0.5365	0.4839	0.1620	-0.0006	0.0196
(24, 30)	false	2.7780	0.5355	0.5196	3.2720	0.4706	0.5357	-0.4940	-0.0649	0.0161
(24, 30)	true	2.6980	0.5716	0.4982	2.6620	0.5627	0.5268	-0.0360	0.0089	-0.0286
(24, 30)	false	2.6740	0.5592	0.5464	2.4900	0.5913	0.5804	0.1840	0.0320	0.0339
(24, 30)	false	2.5920	0.5827	0.5768	2.5500	0.6045	0.5768	0.0420	0.0218	0.0000
(24, 30)	false	3.5580	0.4089	0.4875	4.0820	0.3342	0.4839	-0.5240	-0.0748	-0.0036
(24, 30)	true	2.5740	0.5786	0.5161	2.8040	0.5566	0.5018	0.2300	0.0220	0.0143
(24, 30)	false	3.3660	0.4518	0.4429	3.3220	0.4816	0.5107	0.0440	0.0298	0.0679
(24, 30)	false	2.9920	0.5176	0.4982	3.3640	0.4396	0.4696	-0.3720	-0.0780	-0.0286
(24, 30)	true	2.7580	0.5553	0.4839	2.7620	0.5621	0.4750	0.0040	-0.0068	0.0089
(24, 30)	false	2.9400	0.5370	0.4643	2.7540	0.5449	0.5339	0.1860	0.0079	0.0696
(21, 32)	true	2.7780	0.5355	0.5196	2.8680	0.5266	0.4911	0.0900	0.0089	0.0286
(21, 32)	false	2.6980	0.5716	0.4982	2.7300	0.5740	0.5054	-0.0320	0.0024	0.0071
(21, 32)	true	2.6740	0.5592	0.5464	3.1140	0.4941	0.5054	0.4400	0.0652	0.0411
(21, 32)	true	2.5920	0.5827	0.5768	2.5720	0.5932	0.5286	-0.0200	-0.0104	0.0482
(21, 32)	true	3.5580	0.4089	0.4875	3.4460	0.3656	0.4893	-0.1120	0.0434	-0.0018
(21, 32)	false	2.5740	0.5786	0.5161	2.6980	0.5824	0.5268	-0.1240	0.0038	0.0107
(21, 32)	true	3.3660	0.4518	0.4429	3.5500	0.4410	0.4339	0.1840	0.0108	0.0089
(21, 32)	true	2.9920	0.5176	0.4982	2.7280	0.5336	0.5071	-0.2640	-0.0160	-0.0089
(21, 32)	false	2.7580	0.5553	0.4839	2.7260	0.5593	0.4964	0.0320	0.0040	0.0125
(21, 32)	false	2.9400	0.5370	0.4643	2.8340	0.5722	0.5107	0.1060	0.0352	0.0464
(12, 37)	true	2.7780	0.5355	0.5196	2.8200	0.5425	0.4982	0.0420	-0.0070	0.0214
(12, 37)	false	2.6980	0.5716	0.4982	2.7060	0.5747	0.5214	-0.0080	0.0031	0.0232
(12, 37)	false	2.6740	0.5592	0.5464	3.5920	0.4304	0.4661	-0.9180	-0.1288	-0.0804
(12, 37)	true	2.5920	0.5827	0.5768	2.6460	0.5824	0.5089	0.0540	0.0003	0.0679
(12, 37)	false	3.5580	0.4089	0.4875	3.4620	0.4243	0.4911	0.0960	0.0154	0.0036
(12, 37)	false	2.5740	0.5786	0.5161	2.6940	0.5677	0.5125	-0.1200	-0.0109	-0.0036
(12, 37)	false	3.3660	0.4518	0.4429	3.7780	0.4583	0.4750	-0.4120	0.0065	0.0321
(12, 37)	false	2.9920	0.5176	0.4982	2.8580	0.5345	0.5304	0.1340	0.0169	0.0321
(12, 37)	false	2.7580	0.5553	0.4839	2.6700	0.5656	0.5571	0.0880	0.0103	0.0732
(12, 37)	false	2.9400	0.5370	0.4643	2.7180	0.5665	0.5071	0.2220	0.0295	0.0429
(4, 43)	false	2.7780	0.5355	0.5196	2.5980	0.5838	0.5286	0.1800	0.0483	0.0089
(4, 43)	false	2.6980	0.5716	0.4982	2.9280	0.5523	0.5125	-0.2300	-0.0193	0.0143
(4, 43)	true	2.6740	0.5592	0.5464	3.1800	0.4888	0.4696	0.5060	0.0704	0.0768
(4, 43)	false	2.5920	0.5827	0.5768	2.6300	0.5845	0.5714	-0.0380	0.0018	-0.0054
(4, 43)	false	3.5580	0.4089	0.4875	3.6780	0.3841	0.4893	-0.1200	-0.0248	0.0018
(4, 43)	false	2.5740	0.5786	0.5161	2.5920	0.5795	0.5464	-0.0180	0.0009	0.0304
(4, 43)	true	3.3660	0.4518	0.4429	3.4080	0.4830	0.4679	0.0420	-0.0312	-0.0250
(4, 43)	true	2.9920	0.5176	0.4982	3.1140	0.5036	0.4786	0.1220	0.0140	0.0196
(4, 43)	false	2.7580	0.5553	0.4839	2.5180	0.5931	0.5286	0.2400	0.0378	0.0446
(4, 43)	false	2.9400	0.5370	0.4643	2.8540	0.5576	0.4964	0.0860	0.0206	0.0321
(4, 42)	false	2.7780	0.5355	0.5196	2.6300	0.5608	0.5643	0.1480	0.0253	0.0446
(4, 42)	false	2.6980	0.5716	0.4982	2.7380	0.5710	0.4964	-0.0400	-0.0005	-0.0018
(4, 42)	true	2.6740	0.5592	0.5464	2.6100	0.5789	0.5214	-0.0640	-0.0197	0.0250
(4, 42)	true	2.5920	0.5827	0.5768	2.6900	0.5781	0.5661	0.0980	0.0046	0.0107
(4, 42)	true	3.5580	0.4089	0.4875	3.6080	0.4107	0.5196	0.0500	-0.0018	-0.0321
(4, 42)	true	2.5740	0.5786	0.5161	2.8260	0.5415	0.4714	0.2520	0.0371	0.0446
(4, 42)	true	3.3660	0.4518	0.4429	3.7660	0.4287	0.4107	0.4000	0.0232	0.0321
(4, 42)	false	2.9920	0.5176	0.4982	3.0120	0.5152	0.5089	-0.0200	-0.0024	0.0107
(4, 42)	true	2.7580	0.5553	0.4839	2.7860	0.5529	0.4661	0.0280	0.0025	0.0179
(4, 42)	false	2.9400	0.5370	0.4643	2.8860	0.5400	0.4607	0.0540	0.0030	-0.0036
(20, 32)	true	2.7780	0.5355	0.5196	2.9400	0.5405	0.5071	0.1620	-0.0050	0.0125
(20, 32)	true	2.6980	0.5716	0.4982	2.9320	0.5348	0.5089	0.2340	0.0368	-0.0107
(20, 32)	false	2.6740	0.5592	0.5464	3.5060	0.3842	0.5089	-0.8320	-0.1750	-0.0375
(20, 32)	false	2.5920	0.5827	0.5768	2.6120	0.5979	0.5482	-0.0200	0.0152	-0.0286
(20, 32)	false	3.5580	0.4089	0.4875	3.5100	0.4108	0.5125	0.0480	0.0019	0.0250
(20, 32)	false	2.5740	0.5786	0.5161	2.6560	0.5771	0.5429	-0.0820	-0.0016	0.0268
(20, 32)	false	3.3660	0.4518	0.4429	3.3600	0.4660	0.4054	0.0060	0.0142	-0.0375
(20, 32)	true	2.9920	0.5176	0.4982	3.1560	0.5018	0.5286	0.1640	0.0158	-0.0304
(20, 32)	false	2.7580	0.5553	0.4839	2.5980	0.5865	0.5446	0.1600	0.0312	0.0607
(20, 32)	false	2.9400	0.5370	0.4643	2.9140	0.5510	0.4768	0.0260	0.0139	0.0125
(21, 47)	false	2.7780	0.5355	0.5196	2.5760	0.5939	0.5500	0.2020	0.0584	0.0304
(21, 47)	false	2.6980	0.5716	0.4982	2.6120	0.5872	0.5607	0.0860	0.0156	0.0625
(21, 47)	false	2.6740	0.5592	0.5464	2.7440	0.5552	0.5500	-0.0700	-0.0041	0.0036
(21, 47)	true	2.5920	0.5827	0.5768	2.5720	0.5869	0.5250	-0.0200	-0.0042	0.0518
(21, 47)	false	3.5580	0.4089	0.4875	3.8520	0.3619	0.4625	-0.2940	-0.0470	-0.0250
(21, 47)	false	2.5740	0.5786	0.5161	2.4420	0.6146	0.5768	0.1320	0.0360	0.0607
(21, 47)	false	3.3660	0.4518	0.4429	3.5160	0.4750	0.4429	-0.1500	0.0232	0.0000
(21, 47)	false	2.9920	0.5176	0.4982	2.8340	0.5313	0.5036	0.1580	0.0138	0.0054
(21, 47)	true	2.7580	0.5553	0.4839	2.7120	0.5647	0.5321	-0.0460	-0.0093	-0.0482
(21, 47)	false	2.9400	0.5370	0.4643	2.8300	0.5625	0.5107	0.1100	0.0255	0.0464
(21, 45)	false	2.7780	0.5355	0.5196	2.8040	0.5442	0.5214	-0.0260	0.0087	0.0018
(21, 45)	false	2.6980	0.5716	0.4982	2.5960	0.5902	0.5429	0.1020	0.0186	0.0446
(21, 45)	false	2.6740	0.5592	0.5464	2.9040	0.5354	0.5143	-0.2300	-0.0239	-0.0321
(21, 45)	true	2.5920	0.5827	0.5768	2.6480	0.5777	0.5125	0.0560	0.0050	0.0643
(21, 45)	true	3.5580	0.4089	0.4875	3.7240	0.3351	0.4911	0.1660	0.0738	-0.0036
(21, 45)	false	2.5740	0.5786	0.5161	2.7620	0.5613	0.5268	-0.1880	-0.0173	0.0107
(21, 45)	true	3.3660	0.4518	0.4429	3.4040	0.4840	0.4268	0.0380	-0.0322	0.0161
(21, 45)	true	2.9920	0.5176	0.4982	2.9700	0.5035	0.4911	-0.0220	0.0141	0.0071
(21, 45)	false	2.7580	0.5553	0.4839	2.7400	0.5641	0.4821	0.0180	0.0087	-0.0018
(21, 45)	false	2.9400	0.5370	0.4643	2.8180	0.5531	0.5000	0.1220	0.0161	0.0357
(12, 39)	true	2.7780	0.5355	0.5196	2.8160	0.5458	0.4839	0.0380	-0.0103	0.0357
(12, 39)	true	2.6980	0.5716	0.4982	2.7280	0.5772	0.5375	0.0300	-0.0056	-0.0393
(12, 39)	true	2.6740	0.5592	0.5464	2.7820	0.5487	0.5143	0.1080	0.0106	0.0321
(12, 39)	false	2.5920	0.5827	0.5768	2.5680	0.5951	0.5661	0.0240	0.0123	-0.0107
(12, 39)	false	3.5580	0.4089	0.4875	3.8400	0.3730	0.4607	-0.2820	-0.0359	-0.0268
(12, 39)	true	2.5740	0.5786	0.5161	2.7600	0.5604	0.5054	0.1860	0.0182	0.0107
(12, 39)	true	3.3660	0.4518	0.4429	3.5300	0.4763	0.4518	0.1640	-0.0245	-0.0089
(12, 39)	false	2.9920	0.5176	0.4982	3.0180	0.5044	0.4893	-0.0260	-0.0132	-0.0089
(12, 39)	true	2.7580	0.5553	0.4839	2.8180	0.5445	0.4946	0.0600	0.0108	-0.0107
(12, 39)	false	2.9400	0.5370	0.4643	2.9140	0.5338	0.5018	0.0260	-0.0032	0.0375
(23, 56)	false	2.7780	0.5355	0.5196	2.6500	0.5603	0.5554	0.1280	0.0248	0.0357
(23, 56)	false	2.6980	0.5716	0.4982	2.7680	0.5671	0.5107	-0.0700	-0.0045	0.0125
(23, 56)	false	2.6740	0.5592	0.5464	2.5520	0.5787	0.5429	0.1220	0.0194	-0.0036
(23, 56)	true	2.5920	0.5827	0.5768	2.9080	0.5256	0.5054	0.3160	0.0571	0.0714
(23, 56)	false	3.5580	0.4089	0.4875	3.2680	0.4797	0.4500	0.2900	0.0708	-0.0375
(23, 56)	true	2.5740	0.5786	0.5161	2.5520	0.5769	0.5036	-0.0220	0.0018	0.0125
(23, 56)	false	3.3660	0.4518	0.4429	3.1940	0.5062	0.4750	0.1720	0.0544	0.0321
(23, 56)	false	2.9920	0.5176	0.4982	2.9780	0.5172	0.5071	0.0140	-0.0004	0.0089
(23, 56)	false	2.7580	0.5553	0.4839	2.4940	0.5985	0.5411	0.2640	0.0431	0.0571
(23, 56)	false	2.9400	0.5370	0.4643	2.6580	0.5840	0.5143	0.2820	0.0470	0.0500
(18, 35)	true	2.7780	0.5355	0.5196	2.9120	0.5395	0.5179	0.1340	-0.0040	0.0018
(18, 35)	true	2.6980	0.5716	0.4982	2.9140	0.5404	0.5000	0.2160	0.0311	-0.0018
(18, 35)	true	2.6740	0.5592	0.5464	2.9920	0.5084	0.5179	0.3180	0.0508	0.0286
(18, 35)	true	2.5920	0.5827	0.5768	2.5480	0.5974	0.5518	-0.0440	-0.0146	0.0250
(18, 35)	true	3.5580	0.4089	0.4875	3.7180	0.4118	0.4571	0.1600	-0.0028	0.0304
(18, 35)	false	2.5740	0.5786	0.5161	2.5960	0.5863	0.5625	-0.0220	0.0077	0.0464
(18, 35)	true	3.3660	0.4518	0.4429	3.6160	0.4576	0.4214	0.2500	-0.0057	0.0214
(18, 35)	false	2.9920	0.5176	0.4982	3.0180	0.5186	0.5125	-0.0260	0.0010	0.0143
(18, 35)	false	2.7580	0.5553	0.4839	2.7100	0.5666	0.5304	0.0480	0.0113	0.0464
(18, 35)	false	2.9400	0.5370	0.4643	2.7600	0.5737	0.5054	0.1800	0.0367	0.0411
(22, 31)	false	2.7780	0.5355	0.5196	2.6920	0.5406	0.5036	0.0860	0.0051	-0.0161
(22, 31)	false	2.6980	0.5716	0.4982	2.6900	0.5771	0.5179	0.0080	0.0055	0.0196
(22, 31)	true	2.6740	0.5592	0.5464	2.5780	0.5819	0.5589	-0.0960	-0.0227	-0.0125
(22, 31)	false	2.5920	0.5827	0.5768	2.6020	0.5863	0.5393	-0.0100	0.0036	-0.0375
(22, 31)	false	3.5580	0.4089	0.4875	3.3980	0.4079	0.4875	0.1600	-0.0011	0.0000
(22, 31)	false	2.5740	0.5786	0.5161	2.6320	0.5608	0.4929	-0.0580	-0.0178	-0.0232
(22, 31)	true	3.3660	0.4518	0.4429	3.4480	0.4400	0.4071	0.0820	0.0118	0.0357
(22, 31)	false	2.9920	0.5176	0.4982	3.0060	0.5105	0.5036	-0.0140	-0.0071	0.0054
(22, 31)	false	2.7580	0.5553	0.4839	2.9000	0.5434	0.5304	-0.1420	-0.0119	0.0464
(22, 31)	false	2.9400	0.5370	0.4643	2.8480	0.5341	0.4893	0.0920	-0.0029	0.0250
(13, 38)	false	2.7780	0.5355	0.5196	2.7000	0.5694	0.5107	0.0780	0.0339	-0.0089
(13, 38)	false	2.6980	0.5716	0.4982	2.8580	0.5439	0.5107	-0.1600	-0.0277	0.0125
(13, 38)	false	2.6740	0.5592	0.5464	2.6680	0.5630	0.5214	0.0060	0.0037	-0.0250
(13, 38)	true	2.5920	0.5827	0.5768	2.7560	0.5796	0.5339	0.1640	0.0031	0.0429
(13, 38)	true	3.5580	0.4089	0.4875	3.2840	0.4812	0.4964	-0.2740	-0.0723	-0.0089
(13, 38)	false	2.5740	0.5786	0.5161	3.0160	0.5281	0.4857	-0.4420	-0.0505	-0.0304
(13, 38)	false	3.3660	0.4518	0.4429	3.5060	0.4815	0.4125	-0.1400	0.0297	-0.0304
(13, 38)	false	2.9920	0.5176	0.4982	2.9200	0.5227	0.5107	0.0720	0.0051	0.0125
(13, 38)	false	2.7580	0.5553	0.4839	2.6820	0.5536	0.5000	0.0760	-0.0018	0.0161
(13, 38)	false	2.9400	0.5370	0.4643	2.9360	0.5575	0.5036	0.0040	0.0205	0.0393
(29, 52)	false	2.7780	0.5355	0.5196	2.8600	0.5480	0.5107	-0.0820	0.0125	-0.0089
(29, 52)	false	2.6980	0.5716	0.4982	2.8400	0.5508	0.5089	-0.1420	-0.0208	0.0107
(29, 52)	false	2.6740	0.5592	0.5464	3.1120	0.4904	0.4929	-0.4380	-0.0688	-0.0536
(29, 52)	true	2.5920	0.5827	0.5768	2.5960	0.5878	0.5446	0.0040	-0.0051	0.0321
(29, 52)	false	3.5580	0.4089	0.4875	3.4280	0.4455	0.4679	0.1300	0.0366	-0.0196
(29, 52)	true	2.5740	0.5786	0.5161	2.6300	0.5723	0.5304	0.0560	0.0063	-0.0143
(29, 52)	false	3.3660	0.4518	0.4429	3.5380	0.4496	0.4571	-0.1720	-0.0023	0.0143
(29, 52)	true	2.9920	0.5176	0.4982	3.5860	0.3942	0.4839	0.5940	0.1234	0.0143
(29, 52)	false	2.7580	0.5553	0.4839	2.7520	0.5698	0.5482	0.0060	0.0144	0.0643
(29, 52)	false	2.9400	0.5370	0.4643	2.7800	0.5430	0.5036	0.1600	0.0060	0.0393
(30, 48)	false	2.7780	0.5355	0.5196	2.6860	0.5610	0.5179	0.0920	0.0255	-0.0018
(30, 48)	false	2.6980	0.5716	0.4982	2.6340	0.5799	0.5339	0.0640	0.0083	0.0357
(30, 48)	false	2.6740	0.5592	0.5464	2.7680	0.5376	0.5036	-0.0940	-0.0217	-0.0429
(30, 48)	true	2.5920	0.5827	0.5768	2.6260	0.5847	0.5839	0.0340	-0.0020	-0.0071
(30, 48)	false	3.5580	0.4089	0.4875	3.7420	0.3196	0.4393	-0.1840	-0.0894	-0.0482
(30, 48)	false	2.5740	0.5786	0.5161	2.4700	0.5869	0.5179	0.1040	0.0083	0.0018
(30, 48)	false	3.3660	0.4518	0.4429	3.6740	0.4447	0.4429	-0.3080	-0.0071	0.0000
(30, 48)	false	2.9920	0.5176	0.4982	3.1240	0.5033	0.4607	-0.1320	-0.0143	-0.0375
(30, 48)	false	2.7580	0.5553	0.4839	2.6340	0.5642	0.5536	0.1240	0.0089	0.0696
(30, 48)	false	2.9400	0.5370	0.4643	3.0460	0.5112	0.4714	-0.1060	-0.0258	0.0071
(12, 35)	false	2.7780	0.5355	0.5196	2.9400	0.5445	0.5393	-0.1620	0.0089	0.0196
(12, 35)	false	2.6980	0.5716	0.4982	2.7340	0.5606	0.5125	-0.0360	-0.0110	0.0143
(12, 35)	false	2.6740	0.5592	0.5464	2.4940	0.6005	0.5786	0.1800	0.0412	0.0321
(12, 35)	false	2.5920	0.5827	0.5768	2.4320	0.6144	0.5571	0.1600	0.0317	-0.0196
(12, 35)	false	3.5580	0.4089	0.4875	3.4760	0.4429	0.4589	0.0820	0.0340	-0.0286
(12, 35)	true	2.5740	0.5786	0.5161	2.7880	0.5553	0.5036	0.2140	0.0233	0.0125
(12, 35)	false	3.3660	0.4518	0.4429	3.2980	0.4914	0.4786	0.0680	0.0396	0.0357
(12, 35)	true	2.9920	0.5176	0.4982	3.0160	0.5158	0.5000	0.0240	0.0017	-0.0018
(12, 35)	false	2.7580	0.5553	0.4839	2.8220	0.5308	0.4875	-0.0640	-0.0246	0.0036
(12, 35)	false	2.9400	0.5370	0.4643	2.5920	0.5650	0.4946	0.3480	0.0280	0.0304
(22, 44)	false	2.7780	0.5355	0.5196	2.5140	0.6046	0.5571	0.2640	0.0691	0.0375
(22, 44)	false	2.6980	0.5716	0.4982	2.4500	0.5846	0.5571	0.2480	0.0130	0.0589
(22, 44)	false	2.6740	0.5592	0.5464	2.5620	0.5728	0.5339	0.1120	0.0135	-0.0125
(22, 44)	true	2.5920	0.5827	0.5768	2.5840	0.5927	0.5125	-0.0080	-0.0100	0.0643
(22, 44)	false	3.5580	0.4089	0.4875	3.7100	0.4076	0.4982	-0.1520	-0.0013	0.0107
(22, 44)	false	2.5740	0.5786	0.5161	2.7560	0.5515	0.4750	-0.1820	-0.0271	-0.0411
(22, 44)	false	3.3660	0.4518	0.4429	3.5260	0.4496	0.4536	-0.1600	-0.0022	0.0107
(22, 44)	false	2.9920	0.5176	0.4982	2.9160	0.5245	0.4911	0.0760	0.0069	-0.0071
(22, 44)	false	2.7580	0.5553	0.4839	2.8800	0.5604	0.5125	-0.1220	0.0050	0.0286
(22, 44)	false	2.9400	0.5370	0.4643	2.5840	0.5924	0.5161	0.3560	0.0553	0.0518
(23, 31)	false	2.7780	0.5355	0.5196	2.7180	0.5531	0.5161	0.0600	0.0175	-0.0036
(23, 31)	false	2.6980	0.5716	0.4982	2.7240	0.5826	0.5107	-0.0260	0.0110	0.0125
(23, 31)	false	2.6740	0.5592	0.5464	2.6160	0.5900	0.5464	0.0580	0.0308	0.0000
(23, 31)	false	2.5920	0.5827	0.5768	2.5720	0.5776	0.5500	0.0200	-0.0051	-0.0268
(23, 31)	true	3.5580	0.4089	0.4875	3.6580	0.3833	0.4607	0.1000	0.0256	0.0268
(23, 31)	false	2.5740	0.5786	0.5161	2.7220	0.5674	0.5321	-0.1480	-0.0112	0.0161
(23, 31)	false	3.3660	0.4518	0.4429	3.4000	0.4893	0.4554	-0.0340	0.0375	0.0125
(23, 31)	true	2.9920	0.5176	0.4982	3.1440	0.4912	0.5125	0.1520	0.0264	-0.0143
(23, 31)	false	2.7580	0.5553	0.4839	2.6560	0.5815	0.5429	0.1020	0.0262	0.0589
(23, 31)	false	2.9400	0.5370	0.4643	2.5700	0.5838	0.5161	0.3700	0.0468	0.0518
(9, 43)	false	2.7780	0.5355	0.5196	2.6600	0.5508	0.5375	0.1180	0.0153	0.0179
(9, 43)	false	2.6980	0.5716	0.4982	2.6800	0.5823	0.5411	0.0180	0.0107	0.0429
(9, 43)	false	2.6740	0.5592	0.5464	2.8040	0.5369	0.5304	-0.1300	-0.0223	-0.0161
(9, 43)	false	2.5920	0.5827	0.5768	2.6360	0.5795	0.5607	-0.0440	-0.0033	-0.0161
(9, 43)	false	3.5580	0.4089	0.4875	3.6520	0.3487	0.4446	-0.0940	-0.0602	-0.0429
(9, 43)	false	2.5740	0.5786	0.5161	2.6380	0.5701	0.5321	-0.0640	-0.0085	0.0161
(9, 43)	false	3.3660	0.4518	0.4429	3.5140	0.4636	0.4518	-0.1480	0.0118	0.0089
(9, 43)	false	2.9920	0.5176	0.4982	3.0820	0.4848	0.4696	-0.0900	-0.0328	-0.0286
(9, 43)	true	2.7580	0.5553	0.4839	2.7380	0.5562	0.5143	-0.0200	-0.0009	-0.0304
(9, 43)	false	2.9400	0.5370	0.4643	2.6880	0.5727	0.5429	0.2520	0.0356	0.0786
(6, 25)	false	2.7780	0.5355	0.5196	2.7080	0.5689	0.5339	0.0700	0.0334	0.0143
(6, 25)	true	2.6980	0.5716	0.4982	2.8180	0.5646	0.5375	0.1200	0.0069	-0.0393
(6, 25)	true	2.6740	0.5592	0.5464	2.7480	0.5413	0.5161	0.0740	0.0179	0.0304
(6, 25)	false	2.5920	0.5827	0.5768	2.5260	0.5974	0.5286	0.0660	0.0146	-0.0482
(6, 25)	false	3.5580	0.4089	0.4875	3.8540	0.3951	0.4714	-0.2960	-0.0138	-0.0161
(6, 25)	true	2.5740	0.5786	0.5161	2.6720	0.5646	0.5321	0.0980	0.0140	-0.0161
(6, 25)	false	3.3660	0.4518	0.4429	3.1460	0.5002	0.4411	0.2200	0.0484	-0.0018
(6, 25)	false	2.9920	0.5176	0.4982	2.9600	0.5230	0.5179	0.0320	0.0054	0.0196
(6, 25)	false	2.7580	0.5553	0.4839	2.6620	0.5777	0.5321	0.0960	0.0223	0.0482
(6, 25)	false	2.9400	0.5370	0.4643	2.7560	0.5537	0.5250	0.1840	0.0167	0.0607
(9, 33)	false	2.7780	0.5355	0.5196	2.6700	0.5578	0.5268	0.1080	0.0222	0.0071
(9, 33)	true	2.6980	0.5716	0.4982	2.7080	0.5707	0.4982	0.0100	0.0009	0.0000
(9, 33)	false	2.6740	0.5592	0.5464	3.1860	0.5045	0.5018	-0.5120	-0.0547	-0.0446
(9, 33)	false	2.5920	0.5827	0.5768	2.3440	0.6193	0.6089	0.2480	0.0366	0.0321
(9, 33)	false	3.5580	0.4089	0.4875	3.5780	0.4019	0.4750	-0.0200	-0.0070	-0.0125
(9, 33)	false	2.5740	0.5786	0.5161	2.7680	0.5550	0.5339	-0.1940	-0.0236	0.0179
(9, 33)	false	3.3660	0.4518	0.4429	3.4960	0.4513	0.4589	-0.1300	-0.0005	0.0161
(9, 33)	false	2.9920	0.5176	0.4982	2.9100	0.5167	0.5375	0.0820	-0.0009	0.0393
(9, 33)	false	2.7580	0.5553	0.4839	2.5500	0.5721	0.5321	0.2080	0.0167	0.0482
(9, 33)	false	2.9400	0.5370	0.4643	2.6640	0.6010	0.5661	0.2760	0.0639	0.1018
(23, 43)	false	2.7780	0.5355	0.5196	2.7760	0.5454	0.5143	0.0020	0.0099	-0.0054
(23, 43)	false	2.6980	0.5716	0.4982	2.7220	0.5666	0.5643	-0.0240	-0.0049	0.0661
(23, 43)	true	2.6740	0.5592	0.5464	3.1600	0.4969	0.4893	0.4860	0.0624	0.0571
(23, 43)	false	2.5920	0.5827	0.5768	2.5500	0.5800	0.5786	0.0420	-0.0027	0.0018
(23, 43)	false	3.5580	0.4089	0.4875	3.8180	0.4038	0.4786	-0.2600	-0.0051	-0.0089
(23, 43)	true	2.5740	0.5786	0.5161	2.6620	0.5765	0.4929	0.0880	0.0021	0.0232
(23, 43)	false	3.3660	0.4518	0.4429	4.0360	0.3726	0.3768	-0.6700	-0.0793	-0.0661
(23, 43)	false	2.9920	0.5176	0.4982	3.0540	0.4793	0.5161	-0.0620	-0.0383	0.0179
(23, 43)	false	2.7580	0.5553	0.4839	2.7100	0.5778	0.5375	0.0480	0.0225	0.0536
(23, 43)	false	2.9400	0.5370	0.4643	2.9960	0.5432	0.5018	-0.0560	0.0061	0.0375
(5, 43)	false	2.7780	0.5355	0.5196	2.8020	0.5564	0.5036	-0.0240	0.0209	-0.0161
(5, 43)	true	2.6980	0.5716	0.4982	3.1460	0.5010	0.4911	0.4480	0.0705	0.0071
(5, 43)	false	2.6740	0.5592	0.5464	2.6840	0.5616	0.5286	-0.0100	0.0023	-0.0179
(5, 43)	false	2.5920	0.5827	0.5768	2.7880	0.5708	0.5518	-0.1960	-0.0119	-0.0250
(5, 43)	false	3.5580	0.4089	0.4875	3.3540	0.4414	0.4679	0.2040	0.0325	-0.0196
(5, 43)	false	2.5740	0.5786	0.5161	2.6360	0.5920	0.5536	-0.0620	0.0133	0.0375
(5, 43)	false	3.3660	0.4518	0.4429	3.5080	0.4181	0.4446	-0.1420	-0.0337	0.0018
(5, 43)	false	2.9920	0.5176	0.4982	2.9460	0.5183	0.5018	0.0460	0.0007	0.0036
(5, 43)	true	2.7580	0.5553	0.4839	2.7260	0.5728	0.5429	-0.0320	-0.0175	-0.0589
(5, 43)	false	2.9400	0.5370	0.4643	3.1140	0.5339	0.5089	-0.1740	-0.0031	0.0446
(29, 56)	false	2.7780	0.5355	0.5196	2.9640	0.5297	0.5071	-0.1860	-0.0058	-0.0125
(29, 56)	false	2.6980	0.5716	0.4982	2.7280	0.5809	0.4857	-0.0300	0.0094	-0.0125
(29, 56)	true	2.6740	0.5592	0.5464	2.7360	0.5437	0.4946	0.0620	0.0155	0.0518
(29, 56)	false	2.5920	0.5827	0.5768	2.5560	0.5853	0.5857	0.0360	0.0025	0.0089
(29, 56)	false	3.5580	0.4089	0.4875	3.5920	0.3620	0.4554	-0.0340	-0.0469	-0.0321
(29, 56)	true	2.5740	0.5786	0.5161	2.7540	0.5475	0.4911	0.1800	0.0311	0.0250
(29, 56)	false	3.3660	0.4518	0.4429	3.4100	0.4770	0.4643	-0.0440	0.0252	0.0214
(29, 56)	true	2.9920	0.5176	0.4982	2.8440	0.5274	0.5107	-0.1480	-0.0098	-0.0125
(29, 56)	false	2.7580	0.5553	0.4839	2.4220	0.6076	0.5946	0.3360	0.0523	0.1107
(29, 56)	false	2.9400	0.5370	0.4643	2.6960	0.5664	0.5429	0.2440	0.0293	0.0786
(11, 33)	false	2.7780	0.5355	0.5196	2.8000	0.5613	0.4929	-0.0220	0.0258	-0.0268
(11, 33)	false	2.6980	0.5716	0.4982	2.9960	0.5477	0.5161	-0.2980	-0.0239	0.0179
(11, 33)	false	2.6740	0.5592	0.5464	3.0420	0.4953	0.5554	-0.3680	-0.0639	0.0089
(11, 33)	true	2.5920	0.5827	0.5768	3.0540	0.5289	0.4679	0.4620	0.0538	0.1089
(11, 33)	false	3.5580	0.4089	0.4875	3.8660	0.3582	0.4893	-0.3080	-0.0507	0.0018
(11, 33)	false	2.5740	0.5786	0.5161	2.5700	0.5855	0.5286	0.0040	0.0069	0.0125
(11, 33)	false	3.3660	0.4518	0.4429	3.1880	0.4886	0.4625	0.1780	0.0368	0.0196
(11, 33)	true	2.9920	0.5176	0.4982	2.8360	0.5245	0.5054	-0.1560	-0.0070	-0.0071
(11, 33)	false	2.7580	0.5553	0.4839	2.4760	0.6069	0.5500	0.2820	0.0515	0.0661
(11, 33)	false	2.9400	0.5370	0.4643	3.0000	0.5291	0.5000	-0.0600	-0.0080	0.0357
(23, 55)	true	2.7780	0.5355	0.5196	2.8780	0.5478	0.4911	0.1000	-0.0123	0.0286
(23, 55)	true	2.6980	0.5716	0.4982	2.8380	0.5537	0.5286	0.1400	0.0179	-0.0304
(23, 55)	false	2.6740	0.5592	0.5464	3.1240	0.4408	0.4857	-0.4500	-0.1184	-0.0607
(23, 55)	false	2.5920	0.5827	0.5768	2.5460	0.5981	0.5429	0.0460	0.0154	-0.0339
(23, 55)	false	3.5580	0.4089	0.4875	2.8760	0.5247	0.5500	0.6820	0.1157	0.0625
(23, 55)	false	2.5740	0.5786	0.5161	2.7320	0.5786	0.5268	-0.1580	-0.0000	0.0107
(23, 55)	false	3.3660	0.4518	0.4429	3.3780	0.4679	0.4393	-0.0120	0.0161	-0.0036
(23, 55)	false	2.9920	0.5176	0.4982	2.7280	0.5624	0.5411	0.2640	0.0448	0.0429
(23, 55)	true	2.7580	0.5553	0.4839	2.9140	0.5098	0.4804	0.1560	0.0455	0.0036
(23, 55)	false	2.9400	0.5370	0.4643	2.8260	0.5732	0.5250	0.1140	0.0361	0.0607
(21, 51)	false	2.7780	0.5355	0.5196	2.5640	0.5623	0.5161	0.2140	0.0268	-0.0036
(21, 51)	false	2.6980	0.5716	0.4982	2.5000	0.6095	0.5518	0.1980	0.0379	0.0536
(21, 51)	true	2.6740	0.5592	0.5464	3.0680	0.5062	0.4964	0.3940	0.0530	0.0500
(21, 51)	false	2.5920	0.5827	0.5768	2.5540	0.5795	0.5161	0.0380	-0.0033	-0.0607
(21, 51)	true	3.5580	0.4089	0.4875	3.5540	0.4054	0.4446	-0.0040	0.0036	0.0429
(21, 51)	false	2.5740	0.5786	0.5161	2.4940	0.5915	0.5625	0.0800	0.0129	0.0464
(21, 51)	false	3.3660	0.4518	0.4429	3.5220	0.4730	0.4607	-0.1560	0.0212	0.0179
(21, 51)	false	2.9920	0.5176	0.4982	2.7320	0.5555	0.5232	0.2600	0.0379	0.0250
(21, 51)	false	2.7580	0.5553	0.4839	2.6480	0.5760	0.5304	0.1100	0.0206	0.0464
(21, 51)	false	2.9400	0.5370	0.4643	2.6420	0.5774	0.5125	0.2980	0.0404	0.0482
(20, 45)	true	2.7780	0.5355	0.5196	3.3960	0.4687	0.4821	0.6180	0.0668	0.0375
(20, 45)	false	2.6980	0.5716	0.4982	2.9320	0.5308	0.5161	-0.2340	-0.0408	0.0179
(20, 45)	false	2.6740	0.5592	0.5464	2.5020	0.5940	0.5429	0.1720	0.0348	-0.0036
(20, 45)	false	2.5920	0.5827	0.5768	2.6140	0.5854	0.5339	-0.0220	0.0027	-0.0429
(20, 45)	true	3.5580	0.4089	0.4875	3.2760	0.4591	0.5089	-0.2820	-0.0502	-0.0214
(20, 45)	true	2.5740	0.5786	0.5161	2.6880	0.5706	0.5232	0.1140	0.0081	-0.0071
(20, 45)	true	3.3660	0.4518	0.4429	3.4020	0.4574	0.4446	0.0360	-0.0056	-0.0018
(20, 45)	true	2.9920	0.5176	0.4982	3.2260	0.4638	0.4607	0.2340	0.0538	0.0375
(20, 45)	true	2.7580	0.5553	0.4839	2.7140	0.5520	0.5232	-0.0440	0.0034	-0.0393
(20, 45)	false	2.9400	0.5370	0.4643	2.6840	0.5661	0.5286	0.2560	0.0291	0.0643
(23, 29)	true	2.7780	0.5355	0.5196	2.8180	0.5337	0.5161	0.0400	0.0018	0.0036
(23, 29)	false	2.6980	0.5716	0.4982	2.7500	0.5751	0.5036	-0.0520	0.0035	0.0054
(23, 29)	true	2.6740	0.5592	0.5464	2.8120	0.5301	0.5304	0.1380	0.0292	0.0161
(23, 29)	false	2.5920	0.5827	0.5768	2.3700	0.6173	0.5768	0.2220	0.0346	0.0000
(23, 29)	false	3.5580	0.4089	0.4875	3.7220	0.4076	0.4339	-0.1640	-0.0014	-0.0536
(23, 29)	false	2.5740	0.5786	0.5161	2.9100	0.5404	0.5214	-0.3360	-0.0383	0.0054
(23, 29)	true	3.3660	0.4518	0.4429	3.5060	0.4541	0.4500	0.1400	-0.0023	-0.0071
(23, 29)	false	2.9920	0.5176	0.4982	2.9820	0.5058	0.4964	0.0100	-0.0117	-0.0018
(23, 29)	true	2.7580	0.5553	0.4839	2.7120	0.5589	0.5339	-0.0460	-0.0035	-0.0500
(23, 29)	false	2.9400	0.5370	0.4643	2.6980	0.5616	0.5054	0.2420	0.0246	0.0411
(20, 47)	false	2.7780	0.5355	0.5196	2.7360	0.5711	0.5089	0.0420	0.0356	-0.0107
(20, 47)	false	2.6980	0.5716	0.4982	2.6780	0.5874	0.5054	0.0200	0.0158	0.0071
(20, 47)	false	2.6740	0.5592	0.5464	2.6180	0.5776	0.5393	0.0560	0.0184	-0.0071
(20, 47)	true	2.5920	0.5827	0.5768	2.4960	0.5886	0.5839	-0.0960	-0.0058	-0.0071
(20, 47)	true	3.5580	0.4089	0.4875	3.7360	0.3470	0.4732	0.1780	0.0620	0.0143
(20, 47)	false	2.5740	0.5786	0.5161	2.6360	0.5765	0.5464	-0.0620	-0.0022	0.0304
(20, 47)	true	3.3660	0.4518	0.4429	3.6420	0.4385	0.3464	0.2760	0.0133	0.0964
(20, 47)	false	2.9920	0.5176	0.4982	2.6180	0.5646	0.5339	0.3740	0.0470	0.0357
(20, 47)	false	2.7580	0.5553	0.4839	2.6400	0.5786	0.5107	0.1180	0.0233	0.0268
(20, 47)	false	2.9400	0.5370	0.4643	2.7240	0.5769	0.5375	0.2160	0.0399	0.0732
(12, 40)	false	2.7780	0.5355	0.5196	2.8620	0.5252	0.5036	-0.0840	-0.0104	-0.0161
(12, 40)	false	2.6980	0.5716	0.4982	2.6020	0.5850	0.5446	0.0960	0.0134	0.0464
(12, 40)	false	2.6740	0.5592	0.5464	2.8940	0.4997	0.5161	-0.2200	-0.0596	-0.0304
(12, 40)	false	2.5920	0.5827	0.5768	2.5000	0.6010	0.5661	0.0920	0.0183	-0.0107
(12, 40)	false	3.5580	0.4089	0.4875	3.7960	0.3690	0.4696	-0.2380	-0.0399	-0.0179
(12, 40)	true	2.5740	0.5786	0.5161	2.6880	0.5644	0.5179	0.1140	0.0142	-0.0018
(12, 40)	false	3.3660	0.4518	0.4429	3.6420	0.4397	0.4018	-0.2760	-0.0121	-0.0411
(12, 40)	false	2.9920	0.5176	0.4982	3.1800	0.5014	0.5161	-0.1880	-0.0161	0.0179
(12, 40)	true	2.7580	0.5553	0.4839	2.5440	0.5805	0.5446	-0.2140	-0.0252	-0.0607
(12, 40)	false	2.9400	0.5370	0.4643	2.7580	0.5810	0.5161	0.1820	0.0440	0.0518
(10, 40)	true	2.7780	0.5355	0.5196	2.8260	0.5450	0.5143	0.0480	-0.0095	0.0054
(10, 40)	true	2.6980	0.5716	0.4982	2.5960	0.5741	0.5179	-0.1020	-0.0026	-0.0196
(10, 40)	false	2.6740	0.5592	0.5464	2.5140	0.5727	0.5125	0.1600	0.0135	-0.0339
(10, 40)	true	2.5920	0.5827	0.5768	2.4860	0.5979	0.5714	-0.1060	-0.0151	0.0054
(10, 40)	true	3.5580	0.4089	0.4875	3.6080	0.3644	0.4625	0.0500	0.0445	0.0250
(10, 40)	true	2.5740	0.5786	0.5161	2.5960	0.5762	0.5393	0.0220	0.0024	-0.0232
(10, 40)	true	3.3660	0.4518	0.4429	3.6160	0.4442	0.4357	0.2500	0.0076	0.0071
(10, 40)	false	2.9920	0.5176	0.4982	2.9400	0.5108	0.5036	0.0520	-0.0068	0.0054
(10, 40)	false	2.7580	0.5553	0.4839	2.8620	0.5405	0.5107	-0.1040	-0.0148	0.0268
(10, 40)	false	2.9400	0.5370	0.4643	2.9860	0.5490	0.4804	-0.0460	0.0120	0.0161
(8, 43)	false	2.7780	0.5355	0.5196	2.8500	0.5387	0.5089	-0.0720	0.0032	-0.0107
(8, 43)	false	2.6980	0.5716	0.4982	2.6180	0.5873	0.5304	0.0800	0.0157	0.0321
(8, 43)	false	2.6740	0.5592	0.5464	2.8960	0.5299	0.5286	-0.2220	-0.0293	-0.0179
(8, 43)	false	2.5920	0.5827	0.5768	2.5240	0.5819	0.5750	0.0680	-0.0008	-0.0018
(8, 43)	false	3.5580	0.4089	0.4875	3.8520	0.3185	0.4196	-0.2940	-0.0904	-0.0679
(8, 43)	false	2.5740	0.5786	0.5161	2.5140	0.5897	0.5482	0.0600	0.0111	0.0321
(8, 43)	false	3.3660	0.4518	0.4429	3.7120	0.4438	0.3982	-0.3460	-0.0080	-0.0446
(8, 43)	false	2.9920	0.5176	0.4982	3.0620	0.5088	0.4875	-0.0700	-0.0088	-0.0107
(8, 43)	false	2.7580	0.5553	0.4839	2.8740	0.5345	0.5018	-0.1160	-0.0208	0.0179
(8, 43)	false	2.9400	0.5370	0.4643	3.0940	0.5292	0.5143	-0.1540	-0.0078	0.0500
(17, 37)	true	2.7780	0.5355	0.5196	2.7000	0.5633	0.5161	-0.0780	-0.0278	0.0036
(17, 37)	true	2.6980	0.5716	0.4982	2.8080	0.5599	0.5500	0.1100	0.0117	-0.0518
(17, 37)	false	2.6740	0.5592	0.5464	2.5200	0.5971	0.5839	0.1540	0.0379	0.0375
(17, 37)	false	2.5920	0.5827	0.5768	2.5260	0.5880	0.5214	0.0660	0.0053	-0.0554
(17, 37)	false	3.5580	0.4089	0.4875	4.0440	0.3290	0.4696	-0.4860	-0.0800	-0.0179
(17, 37)	false	2.5740	0.5786	0.5161	2.5980	0.5883	0.5571	-0.0240	0.0097	0.0411
(17, 37)	false	3.3660	0.4518	0.4429	3.4660	0.4576	0.4482	-0.1000	0.0057	0.0054
(17, 37)	false	2.9920	0.5176	0.4982	3.1340	0.4978	0.5071	-0.1420	-0.0198	0.0089
(17, 37)	true	2.7580	0.5553	0.4839	2.7080	0.5613	0.5161	-0.0500	-0.0060	-0.0321
(17, 37)	false	2.9400	0.5370	0.4643	2.7240	0.5661	0.5214	0.2160	0.0291	0.0571
(1, 56)	false	2.7780	0.5355	0.5196	2.6160	0.5628	0.5464	0.1620	0.0272	0.0268
(1, 56)	true	2.6980	0.5716	0.4982	3.0900	0.4975	0.5250	0.3920	0.0741	-0.0268
(1, 56)	false	2.6740	0.5592	0.5464	2.5620	0.5822	0.5893	0.1120	0.0230	0.0429
(1, 56)	true	2.5920	0.5827	0.5768	2.5060	0.5929	0.5464	-0.0860	-0.0101	0.0304
(1, 56)	false	3.5580	0.4089	0.4875	2.8000	0.5643	0.5000	0.7580	0.1554	0.0125
(1, 56)	false	2.5740	0.5786	0.5161	2.6160	0.5798	0.5214	-0.0420	0.0011	0.0054
(1, 56)	true	3.3660	0.4518	0.4429	3.5700	0.4446	0.4232	0.2040	0.0072	0.0196
(1, 56)	false	2.9920	0.5176	0.4982	3.0980	0.4715	0.5036	-0.1060	-0.0460	0.0054
(1, 56)	true	2.7580	0.5553	0.4839	2.9180	0.5294	0.4750	0.1600	0.0260	0.0089
(1, 56)	false	2.9400	0.5370	0.4643	2.7800	0.5641	0.5071	0.1600	0.0271	0.0429
(19, 34)	true	2.7780	0.5355	0.5196	2.6560	0.5638	0.5071	-0.1220	-0.0283	0.0125
(19, 34)	false	2.6980	0.5716	0.4982	2.9340	0.5494	0.5107	-0.2360	-0.0222	0.0125
(19, 34)	false	2.6740	0.5592	0.5464	2.9800	0.5046	0.5107	-0.3060	-0.0546	-0.0357
(19, 34)	true	2.5920	0.5827	0.5768	2.6400	0.5785	0.5214	0.0480	0.0042	0.0554
(19, 34)	false	3.5580	0.4089	0.4875	3.1100	0.4372	0.4893	0.4480	0.0283	0.0018
(19, 34)	false	2.5740	0.5786	0.5161	2.7620	0.5519	0.5179	-0.1880	-0.0268	0.0018
(19, 34)	true	3.3660	0.4518	0.4429	3.1800	0.4923	0.4571	-0.1860	-0.0405	-0.0143
(19, 34)	true	2.9920	0.5176	0.4982	2.9720	0.5013	0.5125	-0.0200	0.0163	-0.0143
(19, 34)	true	2.7580	0.5553	0.4839	2.8920	0.5364	0.4929	0.1340	0.0189	-0.0089
(19, 34)	false	2.9400	0.5370	0.4643	2.8800	0.5381	0.4625	0.0600	0.0011	-0.0018
(13, 39)	false	2.7780	0.5355	0.5196	2.4100	0.5918	0.5571	0.3680	0.0563	0.0375
(13, 39)	false	2.6980	0.5716	0.4982	2.7260	0.5764	0.5554	-0.0280	0.0048	0.0571
(13, 39)	true	2.6740	0.5592	0.5464	2.7420	0.5510	0.5268	0.0680	0.0082	0.0196
(13, 39)	true	2.5920	0.5827	0.5768	2.7500	0.5635	0.5554	0.1580	0.0193	0.0214
(13, 39)	false	3.5580	0.4089	0.4875	3.3700	0.4342	0.4893	0.1880	0.0253	0.0018
(13, 39)	false	2.5740	0.5786	0.5161	2.6700	0.5751	0.5393	-0.0960	-0.0036	0.0232
(13, 39)	false	3.3660	0.4518	0.4429	3.6420	0.4546	0.4411	-0.2760	0.0028	-0.0018
(13, 39)	true	2.9920	0.5176	0.4982	3.0780	0.5098	0.4857	0.0860	0.0078	0.0125
(13, 39)	false	2.7580	0.5553	0.4839	2.6260	0.5769	0.5196	0.1320	0.0216	0.0357
(13, 39)	false	2.9400	0.5370	0.4643	2.6460	0.5735	0.5268	0.2940	0.0364	0.0625
(2, 54)	false	2.7780	0.5355	0.5196	2.6480	0.5610	0.5464	0.1300	0.0255	0.0268
(2, 54)	false	2.6980	0.5716	0.4982	2.9820	0.5092	0.4696	-0.2840	-0.0623	-0.0286
(2, 54)	false	2.6740	0.5592	0.5464	2.6400	0.5690	0.5375	0.0340	0.0098	-0.0089
(2, 54)	false	3.5580	0.4089	0.4875	2.6040	0.5814	0.5286	0.9540	0.1725	0.0411
(2, 54)	false	3.3660	0.4518	0.4429	3.6840	0.4506	0.4518	-0.3180	-0.0012	0.0089
(2, 54)	true	2.9920	0.5176	0.4982	2.9720	0.5183	0.4857	-0.0200	-0.0007	0.0125
(2, 54)	false	2.7580	0.5553	0.4839	2.5200	0.5959	0.5339	0.2380	0.0406	0.0500
(2, 54)	false	2.9400	0.5370	0.4643	2.9800	0.5242	0.5018	-0.0400	-0.0128	0.0375