(55, 66)	false	4.308	0.2373	0	4.674	0.2474	0.0122	-0.366	0.0101	0.0122
(55, 66)	true	4.586	0.2445	0	4.756	0.2462	0.0024	0.17	-0.0017	-0.0024
(55, 66)	true	4.796	0.2465	0	4.7	0.2498	0	-0.096	-0.0033	0
(55, 66)	false	4.196	0.2691	0	4.42	0.2387	0	-0.224	-0.0304	0
(55, 66)	false	4.278	0.2307	0	4.724	0.2213	0.0024	-0.446	-0.0094	0.0024
(55, 66)	false	4.752	0.245	0.0024	4.298	0.2328	0.0098	0.454	-0.0122	0.0073
(55, 66)	false	4.084	0.2296	0.0098	4.22	0.2248	0.0024	-0.136	-0.0047	-0.0073
(55, 66)	false	4.524	0.2595	0.0098	4.486	0.2745	0.0049	0.038	0.015	-0.0049
(55, 66)	false	4.452	0.2408	0.0024	4.614	0.2369	0	-0.162	-0.0039	-0.0024
(55, 66)	true	4.91	0.2367	0.0049	4.62	0.2409	0.0024	-0.29	-0.0042	0.0024
(76, 94)	false	4.308	0.2373	0	4.686	0.2168	0	-0.378	-0.0205	0
(76, 94)	true	4.586	0.2445	0	4.702	0.2288	0	0.116	0.0157	0
(76, 94)	false	4.796	0.2465	0	4.84	0.2482	0.0049	-0.044	0.0018	0.0049
(76, 94)	true	4.196	0.2691	0	4.972	0.2363	0.0024	0.776	0.0327	-0.0024
(76, 94)	false	4.278	0.2307	0	4.98	0.2214	0.0024	-0.702	-0.0093	0.0024
(76, 94)	false	4.752	0.245	0.0024	4.888	0.2358	0.0024	-0.136	-0.0093	0
(76, 94)	false	4.084	0.2296	0.0098	4.224	0.231	0.0122	-0.14	0.0014	0.0024
(76, 94)	false	4.524	0.2595	0.0098	4.522	0.2372	0.0098	0.002	-0.0223	0
(76, 94)	false	4.452	0.2408	0.0024	4.826	0.2239	0	-0.374	-0.0169	-0.0024
(76, 94)	true	4.91	0.2367	0.0049	4.63	0.2599	0.0049	-0.28	-0.0232	0
(29, 41)	false	4.308	0.2373	0	4.436	0.2425	0.0024	-0.128	0.0052	0.0024
(29, 41)	false	4.586	0.2445	0	4.774	0.2354	0	-0.188	-0.0091	0
(29, 41)	false	4.796	0.2465	0	4.546	0.2465	0.0098	0.25	0	0.0098
(29, 41)	false	4.196	0.2691	0	4.63	0.2415	0	-0.434	-0.0276	0
(29, 41)	false	4.278	0.2307	0	4.612	0.2345	0.0122	-0.334	0.0038	0.0122
(29, 41)	true	4.752	0.245	0.0024	4.636	0.2436	0	-0.116	0.0015	0.0024
(29, 41)	true	4.084	0.2296	0.0098	4.714	0.2114	0.0024	0.63	0.0182	0.0073
(29, 41)	false	4.524	0.2595	0.0098	4.566	0.2569	0.0024	-0.042	-0.0026	-0.0073
(29, 41)	false	4.452	0.2408	0.0024	4.372	0.248	0	0.08	0.0071	-0.0024
(29, 41)	true	4.91	0.2367	0.0049	4.446	0.2411	0	-0.464	-0.0044	0.0049
(32, 39)	false	4.308	0.2373	0	4.566	0.2366	0.0073	-0.258	-0.0007	0.0073
(32, 39)	false	4.586	0.2445	0	4.554	0.2706	0	0.032	0.0262	0
(32, 39)	false	4.796	0.2465	0	4.588	0.2434	0.0024	0.208	-0.0031	0.0024
(32, 39)	false	4.196	0.2691	0	4.302	0.2473	0.0049	-0.106	-0.0217	0.0049
(32, 39)	false	4.278	0.2307	0	4.408	0.2289	0	-0.13	-0.0018	0
(32, 39)	false	4.752	0.245	0.0024	4.774	0.231	0.0049	-0.022	-0.0141	0.0024
(32, 39)	false	4.084	0.2296	0.0098	4.466	0.2286	0.0024	-0.382	-0.001	-0.0073
(32, 39)	true	4.524	0.2595	0.0098	4.496	0.2535	0.0098	-0.028	0.006	0
(32, 39)	false	4.452	0.2408	0.0024	4.572	0.2393	0	-0.12	-0.0015	-0.0024
(32, 39)	true	4.91	0.2367	0.0049	4.112	0.2561	0.0024	-0.798	-0.0194	0.0024
(76, 95)	true	4.308	0.2373	0	4.63	0.246	0	0.322	-0.0088	0
(76, 95)	false	4.586	0.2445	0	4.694	0.2584	0	-0.108	0.0139	0
(76, 95)	false	4.796	0.2465	0	4.762	0.2602	0	0.034	0.0137	0
(76, 95)	false	4.196	0.2691	0	4.504	0.2316	0.0024	-0.308	-0.0374	0.0024
(76, 95)	true	4.278	0.2307	0	4.63	0.2334	0	0.352	-0.0027	0
(76, 95)	true	4.752	0.245	0.0024	4.562	0.2481	0.0024	-0.19	-0.0031	0
(76, 95)	false	4.084	0.2296	0.0098	4.548	0.2511	0.0146	-0.464	0.0215	0.0049
(76, 95)	true	4.524	0.2595	0.0098	4.456	0.2581	0.0049	-0.068	0.0014	0.0049
(76, 95)	true	4.452	0.2408	0.0024	4.558	0.221	0	0.106	0.0199	0.0024
(76, 95)	true	4.91	0.2367	0.0049	4.49	0.2493	0	-0.42	-0.0126	0.0049
(54, 67)	false	4.308	0.2373	0	4.694	0.2544	0.0024	-0.386	0.0171	0.0024
(54, 67)	true	4.586	0.2445	0	4.57	0.2533	0	-0.016	-0.0088	0
(54, 67)	true	4.796	0.2465	0	4.564	0.2297	0.0024	-0.232	0.0168	-0.0024
(54, 67)	true	4.196	0.2691	0	4.552	0.2365	0	0.356	0.0325	0
(54, 67)	false	4.278	0.2307	0	4.8	0.2245	0.0024	-0.522	-0.0062	0.0024
(54, 67)	false	4.752	0.245	0.0024	4.736	0.2461	0.0049	0.016	0.0011	0.0024
(54, 67)	false	4.084	0.2296	0.0098	4.152	0.2527	0	-0.068	0.0232	-0.0098
(54, 67)	false	4.524	0.2595	0.0098	4.776	0.2348	0.0024	-0.252	-0.0247	-0.0073
(54, 67)	false	4.452	0.2408	0.0024	4.326	0.2156	0	0.126	-0.0253	-0.0024
(54, 67)	true	4.91	0.2367	0.0049	4.742	0.222	0	-0.168	0.0147	0.0049
(33, 40)	false	4.308	0.2373	0	4.296	0.2252	0.0098	0.012	-0.0121	0.0098
(33, 40)	false	4.586	0.2445	0	4.102	0.2375	0	0.484	-0.007	0
(33, 40)	false	4.796	0.2465	0	4.698	0.2391	0.0024	0.098	-0.0073	0.0024
(33, 40)	true	4.196	0.2691	0	4.516	0.2518	0.0024	0.32	0.0173	-0.0024
(33, 40)	false	4.278	0.2307	0	4.54	0.2261	0	-0.262	-0.0046	0
(33, 40)	true	4.752	0.245	0.0024	4.552	0.2461	0	-0.2	-0.0011	0.0024
(33, 40)	false	4.084	0.2296	0.0098	4.25	0.2333	0.0146	-0.166	0.0037	0.0049
(33, 40)	false	4.524	0.2595	0.0098	4.606	0.2542	0.0049	-0.082	-0.0053	-0.0049
(33, 40)	false	4.452	0.2408	0.0024	4.418	0.2146	0.0098	0.034	-0.0263	0.0073
(33, 40)	true	4.91	0.2367	0.0049	4.626	0.2524	0.0049	-0.284	-0.0158	0
(56, 65)	false	4.308	0.2373	0	4.336	0.2538	0	-0.028	0.0165	0
(56, 65)	false	4.586	0.2445	0	4.358	0.2576	0	0.228	0.0131	0
(56, 65)	true	4.796	0.2465	0	4.618	0.237	0.0049	-0.178	0.0095	-0.0049
(56, 65)	false	4.196	0.2691	0	4.516	0.2668	0.0024	-0.32	-0.0023	0.0024
(56, 65)	false	4.278	0.2307	0	4.514	0.2264	0	-0.236	-0.0043	0
(56, 65)	false	4.752	0.245	0.0024	4.552	0.2451	0.0024	0.2	0.0001	0
(56, 65)	false	4.084	0.2296	0.0098	4.582	0.2304	0.0024	-0.498	0.0008	-0.0073
(56, 65)	false	4.524	0.2595	0.0098	4.708	0.2388	0.0098	-0.184	-0.0207	0
(56, 65)	false	4.452	0.2408	0.0024	4.702	0.2402	0.0049	-0.25	-0.0006	0.0024
(56, 65)	true	4.91	0.2367	0.0049	4.692	0.2377	0.0098	-0.218	-0.001	-0.0049
(55, 65)	true	4.308	0.2373	0	4.246	0.2663	0.0024	-0.062	-0.029	-0.0024
(55, 65)	false	4.586	0.2445	0	4.492	0.259	0.0073	0.094	0.0145	0.0073
(55, 65)	false	4.796	0.2465	0	4.694	0.2445	0	0.102	-0.002	0
(55, 65)	true	4.196	0.2691	0	4.744	0.2384	0	0.548	0.0307	0
(55, 65)	false	4.278	0.2307	0	4.666	0.2278	0.0073	-0.388	-0.0029	0.0073
(55, 65)	true	4.752	0.245	0.0024	4.488	0.2491	0.0024	-0.264	-0.0041	0
(55, 65)	false	4.084	0.2296	0.0098	4.47	0.2351	0.0049	-0.386	0.0055	-0.0049
(55, 65)	true	4.524	0.2595	0.0098	4.678	0.2501	0	0.154	0.0094	0.0098
(55, 65)	true	4.452	0.2408	0.0024	4.32	0.2567	0.0024	-0.132	-0.0158	0
(55, 65)	true	4.91	0.2367	0.0049	4.484	0.2548	0	-0.426	-0.0181	0.0049
(76, 92)	false	4.308	0.2373	0	4.988	0.2291	0.0098	-0.68	-0.0081	0.0098
(76, 92)	true	4.586	0.2445	0	4.794	0.2306	0	0.208	0.0139	0
(76, 92)	false	4.796	0.2465	0	4.488	0.241	0	0.308	-0.0055	0
(76, 92)	true	4.196	0.2691	0	4.492	0.2473	0	0.296	0.0217	0
(76, 92)	true	4.278	0.2307	0	4.798	0.221	0.0049	0.52	0.0097	-0.0049
(76, 92)	true	4.752	0.245	0.0024	4.696	0.2476	0.0146	-0.056	-0.0026	-0.0122
(76, 92)	true	4.084	0.2296	0.0098	4.718	0.2184	0	0.634	0.0112	0.0098
(76, 92)	true	4.524	0.2595	0.0098	4.306	0.2511	0.0024	-0.218	0.0084	0.0073
(76, 92)	false	4.452	0.2408	0.0024	4.492	0.2414	0	-0.04	0.0006	-0.0024
(76, 92)	true	4.91	0.2367	0.0049	4.756	0.2432	0	-0.154	-0.0065	0.0049
(75, 95)	false	4.308	0.2373	0	4.676	0.2335	0.0049	-0.368	-0.0037	0.0049
(75, 95)	false	4.586	0.2445	0	4.826	0.2581	0	-0.24	0.0136	0
(75, 95)	false	4.796	0.2465	0	4.512	0.2416	0	0.284	-0.0049	0
(75, 95)	false	4.196	0.2691	0	4.756	0.2337	0.0024	-0.56	-0.0353	0.0024
(75, 95)	false	4.278	0.2307	0	4.486	0.2301	0	-0.208	-0.0006	0
(75, 95)	false	4.752	0.245	0.0024	4.42	0.2534	0.0049	0.332	0.0083	0.0024
(75, 95)	false	4.084	0.2296	0.0098	4.746	0.2281	0.0049	-0.662	-0.0015	-0.0049
(75, 95)	false	4.524	0.2595	0.0098	4.71	0.2485	0	-0.186	-0.011	-0.0098
(75, 95)	false	4.452	0.2408	0.0024	4.382	0.2406	0	0.07	-0.0002	-0.0024
(75, 95)	true	4.91	0.2367	0.0049	4.508	0.2356	0	-0.402	0.0011	0.0049
(75, 93)	true	4.308	0.2373	0	4.478	0.2308	0.0098	0.17	0.0064	-0.0098
(75, 93)	false	4.586	0.2445	0	4.556	0.2628	0	0.03	0.0183	0
(75, 93)	false	4.796	0.2465	0	4.632	0.226	0	0.164	-0.0205	0
(75, 93)	true	4.196	0.2691	0	4.362	0.252	0.0049	0.166	0.0171	-0.0049
(75, 93)	false	4.278	0.2307	0	4.294	0.2337	0.0098	-0.016	0.003	0.0098
(75, 93)	false	4.752	0.245	0.0024	4.95	0.2355	0.0098	-0.198	-0.0095	0.0073
(75, 93)	true	4.084	0.2296	0.0098	4.286	0.2263	0.0098	0.202	0.0033	0
(75, 93)	false	4.524	0.2595	0.0098	4.862	0.246	0	-0.338	-0.0135	-0.0098
(75, 93)	false	4.452	0.2408	0.0024	4.562	0.227	0	-0.11	-0.0139	-0.0024
(75, 93)	true	4.91	0.2367	0.0049	4.536	0.2419	0	-0.374	-0.0053	0.0049
(78, 90)	false	4.308	0.2373	0	4.524	0.2512	0.0049	-0.216	0.014	0.0049
(78, 90)	true	4.586	0.2445	0	4.65	0.2476	0	0.064	-0.0031	0
(78, 90)	false	4.796	0.2465	0	4.736	0.2386	0.0024	0.06	-0.0079	0.0024
(78, 90)	false	4.196	0.2691	0	4.526	0.2649	0.0049	-0.33	-0.0042	0.0049
(78, 90)	true	4.278	0.2307	0	4.85	0.2105	0	0.572	0.0202	0
(78, 90)	true	4.752	0.245	0.0024	4.126	0.2655	0.0049	-0.626	-0.0205	-0.0024
(78, 90)	false	4.084	0.2296	0.0098	4.148	0.2388	0.0049	-0.064	0.0092	-0.0049
(78, 90)	true	4.524	0.2595	0.0098	4.75	0.2554	0.0024	0.226	0.0041	0.0073
(78, 90)	false	4.452	0.2408	0.0024	4.32	0.229	0.0024	0.132	-0.0118	0
(78, 90)	true	4.91	0.2367	0.0049	4.568	0.2472	0	-0.342	-0.0105	0.0049
(32, 40)	false	4.308	0.2373	0	4.662	0.2388	0.0098	-0.354	0.0016	0.0098
(32, 40)	true	4.586	0.2445	0	4.398	0.2642	0	-0.188	-0.0198	0
(32, 40)	true	4.796	0.2465	0	4.032	0.2311	0.0024	-0.764	0.0154	-0.0024
(32, 40)	false	4.196	0.2691	0	4.184	0.2438	0	0.012	-0.0252	0
(32, 40)	false	4.278	0.2307	0	4.46	0.2407	0	-0.182	0.01	0
(32, 40)	false	4.752	0.245	0.0024	4.388	0.2455	0	0.364	0.0005	-0.0024
(32, 40)	false	4.084	0.2296	0.0098	4.532	0.2188	0.0098	-0.448	-0.0107	-0
(32, 40)	false	4.524	0.2595	0.0098	4.446	0.251	0.0049	0.078	-0.0085	-0.0049
(32, 40)	true	4.452	0.2408	0.0024	4.554	0.2236	0.0024	0.102	0.0172	0
(32, 40)	true	4.91	0.2367	0.0049	4.51	0.2508	0	-0.4	-0.0141	0.0049
(28, 45)	true	4.308	0.2373	0	4.458	0.2288	0	0.15	0.0085	0
(28, 45)	true	4.586	0.2445	0	4.58	0.2554	0	-0.006	-0.0109	0
(28, 45)	false	4.796	0.2465	0	4.572	0.2398	0	0.224	-0.0067	0
(28, 45)	false	4.196	0.2691	0	4.812	0.2488	0.0024	-0.616	-0.0202	0.0024
(28, 45)	false	4.278	0.2307	0	4.638	0.2444	0.0049	-0.36	0.0137	0.0049
(28, 45)	false	4.752	0.245	0.0024	4.638	0.2228	0	0.114	-0.0223	-0.0024
(28, 45)	false	4.084	0.2296	0.0098	4.796	0.2192	0.0073	-0.712	-0.0103	-0.0024
(28, 45)	false	4.524	0.2595	0.0098	4.46	0.2465	0	0.064	-0.013	-0.0098
(28, 45)	false	4.452	0.2408	0.0024	4.61	0.2219	0	-0.158	-0.019	-0.0024
(28, 45)	true	4.91	0.2367	0.0049	4.776	0.2422	0.0024	-0.134	-0.0055	0.0024
(81, 89)	true	4.308	0.2373	0	4.758	0.2161	0.0073	0.45	0.0212	-0.0073
(81, 89)	true	4.586	0.2445	0	4.852	0.2393	0	0.266	0.0052	0
(81, 89)	true	4.796	0.2465	0	4.658	0.2411	0.0024	-0.138	0.0053	-0.0024
(81, 89)	true	4.196	0.2691	0	4.85	0.2302	0.0024	0.654	0.0389	-0.0024
(81, 89)	false	4.278	0.2307	0	4.37	0.2246	0.0073	-0.092	-0.0061	0.0073
(81, 89)	false	4.752	0.245	0.0024	4.53	0.2528	0.0024	0.222	0.0078	0
(81, 89)	false	4.084	0.2296	0.0098	4.704	0.2134	0.0098	-0.62	-0.0161	-0
(81, 89)	false	4.524	0.2595	0.0098	4.706	0.2385	0	-0.182	-0.021	-0.0098
(81, 89)	true	4.452	0.2408	0.0024	4.554	0.2251	0	0.102	0.0157	0.0024
(81, 89)	true	4.91	0.2367	0.0049	4.414	0.2483	0.0073	-0.496	-0.0116	-0.0024
(75, 94)	true	4.308	0.2373	0	4.126	0.2615	0.0024	-0.182	-0.0243	-0.0024
(75, 94)	true	4.586	0.2445	0	4.854	0.2263	0	0.268	0.0182	0
(75, 94)	false	4.796	0.2465	0	4.93	0.2361	0	-0.134	-0.0103	0
(75, 94)	false	4.196	0.2691	0	4.378	0.2705	0.0024	-0.182	0.0015	0.0024
(75, 94)	true	4.278	0.2307	0	4.508	0.2144	0.0024	0.23	0.0163	-0.0024
(75, 94)	true	4.752	0.245	0.0024	4.758	0.2418	0	0.006	0.0033	0.0024
(75, 94)	false	4.084	0.2296	0.0098	4.088	0.2379	0.0098	-0.004	0.0083	-0
(75, 94)	true	4.524	0.2595	0.0098	4.478	0.2784	0.0098	-0.046	-0.0189	0
(75, 94)	true	4.452	0.2408	0.0024	4.894	0.2289	0	0.442	0.0119	0.0024
(75, 94)	true	4.91	0.2367	0.0049	4.186	0.2371	0	-0.724	-0.0004	0.0049
(72, 97)	true	4.308	0.2373	0	4.634	0.2347	0	0.326	0.0026	0
(72, 97)	false	4.586	0.2445	0	4.674	0.2568	0.0024	-0.088	0.0123	0.0024
(72, 97)	true	4.796	0.2465	0	4.714	0.2319	0.0024	-0.082	0.0146	-0.0024
(72, 97)	false	4.196	0.2691	0	4.436	0.2526	0	-0.24	-0.0164	0
(72, 97)	false	4.278	0.2307	0	4.278	0.2331	0.0024	0	0.0024	0.0024
(72, 97)	false	4.752	0.245	0.0024	4.39	0.2592	0	0.362	0.0142	-0.0024
(72, 97)	true	4.084	0.2296	0.0098	4.566	0.246	0	0.482	-0.0165	0.0098
(72, 97)	false	4.524	0.2595	0.0098	4.572	0.2443	0.0049	-0.048	-0.0152	-0.0049
(72, 97)	false	4.452	0.2408	0.0024	4.442	0.2481	0.0049	0.01	0.0073	0.0024
(72, 97)	true	4.91	0.2367	0.0049	4.462	0.2384	0	-0.448	-0.0017	0.0049
(74, 94)	false	4.308	0.2373	0	4.434	0.2527	0	-0.126	0.0154	0
(74, 94)	true	4.586	0.2445	0	4.204	0.2516	0	-0.382	-0.0071	0
(74, 94)	false	4.796	0.2465	0	4.6	0.2321	0	0.196	-0.0143	0
(74, 94)	true	4.196	0.2691	0	4.492	0.2513	0	0.296	0.0177	0
(74, 94)	true	4.278	0.2307	0	4.494	0.216	0.0024	0.216	0.0147	-0.0024
(74, 94)	true	4.752	0.245	0.0024	4.546	0.2396	0	-0.206	0.0054	0.0024
(74, 94)	false	4.084	0.2296	0.0098	4.424	0.2271	0.0024	-0.34	-0.0024	-0.0073
(74, 94)	false	4.524	0.2595	0.0098	4.606	0.2557	0	-0.082	-0.0038	-0.0098
(74, 94)	false	4.452	0.2408	0.0024	4.198	0.2464	0	0.254	0.0055	-0.0024
(74, 94)	true	4.91	0.2367	0.0049	4.908	0.2281	0	-0.002	0.0086	0.0049
(80, 89)	true	4.308	0.2373	0	4.678	0.2172	0	0.37	0.0201	0
(80, 89)	false	4.586	0.2445	0	4.716	0.2509	0	-0.13	0.0064	0
(80, 89)	false	4.796	0.2465	0	4.408	0.2518	0	0.388	0.0054	0
(80, 89)	false	4.196	0.2691	0	4.73	0.2415	0	-0.534	-0.0275	0
(80, 89)	false	4.278	0.2307	0	4.746	0.2315	0.0024	-0.468	0.0008	0.0024
(80, 89)	false	4.752	0.245	0.0024	4.524	0.2546	0	0.228	0.0096	-0.0024
(80, 89)	true	4.084	0.2296	0.0098	4.886	0.2313	0.0073	0.802	-0.0018	0.0024
(80, 89)	false	4.524	0.2595	0.0098	4.002	0.253	0.0024	0.522	-0.0065	-0.0073
(80, 89)	true	4.452	0.2408	0.0024	4.344	0.2295	0	-0.108	0.0113	0.0024
(80, 89)	true	4.91	0.2367	0.0049	4.222	0.2365	0.0024	-0.688	0.0002	0.0024
(76, 93)	true	4.308	0.2373	0	4.728	0.2294	0.0073	0.42	0.0078	-0.0073
(76, 93)	false	4.586	0.2445	0	4.754	0.2444	0	-0.168	-0.0001	0
(76, 93)	false	4.796	0.2465	0	4.688	0.233	0.0024	0.108	-0.0135	0.0024
(76, 93)	false	4.196	0.2691	0	4.652	0.2456	0	-0.456	-0.0235	0
(76, 93)	false	4.278	0.2307	0	4.906	0.2165	0	-0.628	-0.0142	0
(76, 93)	false	4.752	0.245	0.0024	4.362	0.2547	0.0171	0.39	0.0097	0.0146
(76, 93)	true	4.084	0.2296	0.0098	4.72	0.2187	0.0098	0.636	0.0109	0
(76, 93)	false	4.524	0.2595	0.0098	4.56	0.2238	0.0024	-0.036	-0.0357	-0.0073
(76, 93)	false	4.452	0.2408	0.0024	4.66	0.2347	0	-0.208	-0.0062	-0.0024
(76, 93)	true	4.91	0.2367	0.0049	4.448	0.2537	0.0024	-0.462	-0.017	0.0024
(82, 88)	true	4.308	0.2373	0	4.418	0.2443	0	0.11	-0.0071	0
(82, 88)	false	4.586	0.2445	0	4.718	0.2575	0.0024	-0.132	0.013	0.0024
(82, 88)	true	4.796	0.2465	0	4.082	0.2614	0	-0.714	-0.015	0
(82, 88)	false	4.196	0.2691	0	4.634	0.2633	0	-0.438	-0.0057	0
(82, 88)	false	4.278	0.2307	0	5.014	0.2188	0.0049	-0.736	-0.0119	0.0049
(82, 88)	false	4.752	0.245	0.0024	4.932	0.2398	0	-0.18	-0.0052	-0.0024
(82, 88)	false	4.084	0.2296	0.0098	4.638	0.2193	0.0024	-0.554	-0.0103	-0.0073
(82, 88)	true	4.524	0.2595	0.0098	4.548	0.2542	0.0195	0.024	0.0053	-0.0098
(82, 88)	false	4.452	0.2408	0.0024	4.168	0.247	0	0.284	0.0062	-0.0024
(82, 88)	true	4.91	0.2367	0.0049	4.75	0.2361	0	-0.16	0.0006	0.0049
(28, 42)	false	4.308	0.2373	0	4.516	0.2254	0	-0.208	-0.0118	0
(28, 42)	true	4.586	0.2445	0	4.546	0.2389	0	-0.04	0.0056	0
(28, 42)	false	4.796	0.2465	0	4.772	0.2501	0.0049	0.024	0.0036	0.0049
(28, 42)	false	4.196	0.2691	0	4.716	0.2434	0	-0.52	-0.0257	0
(28, 42)	false	4.278	0.2307	0	4.74	0.2326	0.0024	-0.462	0.0019	0.0024
(28, 42)	false	4.752	0.245	0.0024	4.33	0.2758	0.0024	0.422	0.0307	0
(28, 42)	true	4.084	0.2296	0.0098	4.574	0.2284	0	0.49	0.0012	0.0098
(28, 42)	true	4.524	0.2595	0.0098	4.414	0.2621	0.0024	-0.11	-0.0026	0.0073
(28, 42)	false	4.452	0.2408	0.0024	4.926	0.2264	0.0024	-0.474	-0.0145	0
(28, 42)	true	4.91	0.2367	0.0049	4.514	0.2522	0.0024	-0.396	-0.0156	0.0024
(78, 89)	true	4.308	0.2373	0	4.192	0.2404	0.0024	-0.116	-0.0031	-0.0024
(78, 89)	true	4.586	0.2445	0	4.57	0.2521	0.0024	-0.016	-0.0076	-0.0024
(78, 89)	false	4.796	0.2465	0	4.344	0.2647	0	0.452	0.0183	0
(78, 89)	false	4.196	0.2691	0	4.752	0.2363	0	-0.556	-0.0328	0
(78, 89)	false	4.278	0.2307	0	4.618	0.2347	0.0024	-0.34	0.004	0.0024
(78, 89)	false	4.752	0.245	0.0024	4.466	0.2402	0.0024	0.286	-0.0048	0
(78, 89)	false	4.084	0.2296	0.0098	4.718	0.217	0.0049	-0.634	-0.0125	-0.0049
(78, 89)	false	4.524	0.2595	0.0098	4.458	0.2553	0.0049	0.066	-0.0042	-0.0049
(78, 89)	true	4.452	0.2408	0.0024	4.88	0.2283	0.0024	0.428	0.0126	0
(78, 89)	true	4.91	0.2367	0.0049	4.458	0.245	0	-0.452	-0.0084	0.0049
(6, 16)	false	4.308	0.2373	0	4.88	0.2237	0.0073	-0.572	-0.0136	0.0073
(6, 16)	false	4.586	0.2445	0	4.518	0.2406	0.0024	0.068	-0.0039	0.0024
(6, 16)	true	4.796	0.2465	0	4.606	0.2416	0.0049	-0.19	0.0049	-0.0049
(6, 16)	false	4.196	0.2691	0	4.818	0.2414	0	-0.622	-0.0276	0
(6, 16)	false	4.278	0.2307	0	4.576	0.2243	0	-0.298	-0.0064	0
(6, 16)	false	4.752	0.245	0.0024	4.47	0.231	0	0.282	-0.014	-0.0024
(6, 16)	false	4.084	0.2296	0.0098	4.1	0.2486	0.0024	-0.016	0.019	-0.0073
(6, 16)	true	4.524	0.2595	0.0098	4.444	0.2602	0	-0.08	-0.0007	0.0098
(6, 16)	false	4.452	0.2408	0.0024	4.628	0.2361	0	-0.176	-0.0047	-0.0024
(6, 16)	false	4.91	0.2367	0.0049	4.47	0.249	0	0.44	0.0123	-0.0049
(77, 91)	true	4.308	0.2373	0	4.6	0.2438	0	0.292	-0.0065	0
(77, 91)	true	4.586	0.2445	0	4.798	0.2462	0	0.212	-0.0017	0
(77, 91)	false	4.796	0.2465	0	4.492	0.2393	0	0.304	-0.0072	0
(77, 91)	true	4.196	0.2691	0	4.626	0.2256	0.0024	0.43	0.0435	-0.0024
(77, 91)	false	4.278	0.2307	0	4.762	0.2305	0.0024	-0.484	-0.0002	0.0024
(77, 91)	false	4.752	0.245	0.0024	4.2	0.2378	0	0.552	-0.0073	-0.0024
(77, 91)	true	4.084	0.2296	0.0098	4.5	0.2021	0.0024	0.416	0.0274	0.0073
(77, 91)	true	4.524	0.2595	0.0098	4.57	0.2503	0.0024	0.046	0.0091	0.0073
(77, 91)	false	4.452	0.2408	0.0024	4.556	0.2341	0.0146	-0.104	-0.0067	0.0122
(77, 91)	false	4.91	0.2367	0.0049	4.638	0.2214	0	0.272	-0.0153	-0.0049
(57, 63)	false	4.308	0.2373	0	4.574	0.2438	0	-0.266	0.0065	0
(57, 63)	false	4.586	0.2445	0	4.538	0.2614	0	0.048	0.0169	0
(57, 63)	false	4.796	0.2465	0	4.66	0.2356	0	0.136	-0.0109	0
(57, 63)	false	4.196	0.2691	0	4.484	0.2323	0.0024	-0.288	-0.0367	0.0024
(57, 63)	false	4.278	0.2307	0	4.906	0.2255	0.0024	-0.628	-0.0052	0.0024
(57, 63)	false	4.752	0.245	0.0024	4.81	0.2377	0.0049	-0.058	-0.0073	0.0024
(57, 63)	true	4.084	0.2296	0.0098	5.018	0.2135	0.0171	0.934	0.0161	-0.0073
(57, 63)	false	4.524	0.2595	0.0098	4.628	0.2525	0.0024	-0.104	-0.007	-0.0073
(57, 63)	false	4.452	0.2408	0.0024	4.378	0.2373	0.0024	0.074	-0.0035	0
(57, 63)	false	4.91	0.2367	0.0049	4.574	0.235	0	0.336	-0.0017	-0.0049
(29, 43)	false	4.308	0.2373	0	4.32	0.2225	0.0073	-0.012	-0.0147	0.0073
(29, 43)	false	4.586	0.2445	0	4.632	0.2526	0.0024	-0.046	0.0081	0.0024
(29, 43)	false	4.796	0.2465	0	4.512	0.2564	0	0.284	0.0099	0
(29, 43)	false	4.196	0.2691	0	4.582	0.2505	0	-0.386	-0.0185	0
(29, 43)	false	4.278	0.2307	0	4.68	0.2444	0.0122	-0.402	0.0137	0.0122
(29, 43)	false	4.752	0.245	0.0024	4.646	0.2452	0.0024	0.106	0.0002	0
(29, 43)	false	4.084	0.2296	0.0098	4.394	0.2385	0	-0.31	0.0089	-0.0098
(29, 43)	false	4.524	0.2595	0.0098	4.746	0.2461	0	-0.222	-0.0134	-0.0098
(29, 43)	false	4.452	0.2408	0.0024	4.394	0.2662	0.0049	0.058	0.0253	0.0024
(29, 43)	false	4.91	0.2367	0.0049	4.37	0.2444	0	0.54	0.0077	-0.0049
(80, 90)	false	4.308	0.2373	0	4.662	0.2359	0.0024	-0.354	-0.0013	0.0024
(80, 90)	false	4.586	0.2445	0	4.688	0.2434	0.0024	-0.102	-0.0011	0.0024
(80, 90)	true	4.796	0.2465	0	4.498	0.254	0	-0.298	-0.0075	0
(80, 90)	true	4.196	0.2691	0	4.386	0.2615	0.0024	0.19	0.0076	-0.0024
(80, 90)	false	4.278	0.2307	0	4.878	0.226	0.0073	-0.6	-0.0047	0.0073
(80, 90)	false	4.752	0.245	0.0024	5.052	0.2324	0	-0.3	-0.0126	-0.0024
(80, 90)	false	4.084	0.2296	0.0098	4.346	0.2576	0.0024	-0.262	0.028	-0.0073
(80, 90)	false	4.524	0.2595	0.0098	4.448	0.235	0	0.076	-0.0245	-0.0098
(80, 90)	true	4.452	0.2408	0.0024	4.27	0.2213	0	-0.182	0.0195	0.0024
(80, 90)	false	4.91	0.2367	0.0049	4.462	0.2417	0	0.448	0.005	-0.0049
(70, 97)	false	4.308	0.2373	0	4.73	0.243	0.0122	-0.422	0.0058	0.0122
(70, 97)	true	4.586	0.2445	0	4.812	0.2439	0	0.226	0.0005	0
(70, 97)	false	4.796	0.2465	0	4.82	0.2466	0	-0.024	0.0001	0
(70, 97)	true	4.196	0.2691	0	4.318	0.2515	0.0024	0.122	0.0176	-0.0024
(70, 97)	false	4.278	0.2307	0	4.06	0.2138	0	0.218	-0.0169	0
(70, 97)	false	4.752	0.245	0.0024	4.242	0.2517	0.0024	0.51	0.0067	0
(70, 97)	false	4.084	0.2296	0.0098	4.466	0.2248	0.0049	-0.382	-0.0048	-0.0049
(70, 97)	false	4.524	0.2595	0.0098	4.212	0.2728	0.0098	0.312	0.0133	0
(70, 97)	false	4.452	0.2408	0.0024	4.346	0.2558	0.0049	0.106	0.0149	0.0024
(70, 97)	false	4.91	0.2367	0.0049	4.012	0.2389	0.0024	0.898	0.0023	-0.0024
(73, 95)	true	4.308	0.2373	0	4.65	0.236	0.0024	0.342	0.0012	-0.0024
(73, 95)	true	4.586	0.2445	0	4.306	0.2559	0	-0.28	-0.0114	0
(73, 95)	false	4.796	0.2465	0	4.674	0.2463	0	0.122	-0.0002	0
(73, 95)	false	4.196	0.2691	0	4.76	0.2423	0	-0.564	-0.0268	0
(73, 95)	true	4.278	0.2307	0	4.75	0.2268	0.0024	0.472	0.0039	-0.0024
(73, 95)	true	4.752	0.245	0.0024	4.236	0.2614	0	-0.516	-0.0164	0.0024
(73, 95)	true	4.084	0.2296	0.0098	3.884	0.2234	0.0098	-0.2	0.0061	0
(73, 95)	false	4.524	0.2595	0.0098	4.494	0.2668	0	0.03	0.0073	-0.0098
(73, 95)	false	4.452	0.2408	0.0024	4.4	0.2165	0.0146	0.052	-0.0243	0.0122
(73, 95)	false	4.91	0.2367	0.0049	4.51	0.2359	0	0.4	-0.0007	-0.0049
(31, 38)	false	4.308	0.2373	0	4.554	0.22	0.0146	-0.246	-0.0173	0.0146
(31, 38)	false	4.586	0.2445	0	4.576	0.2432	0.0049	0.01	-0.0013	0.0049
(31, 38)	false	4.796	0.2465	0	4.852	0.2301	0.0024	-0.056	-0.0164	0.0024
(31, 38)	false	4.196	0.2691	0	4.292	0.2433	0.0024	-0.096	-0.0257	0.0024
(31, 38)	false	4.278	0.2307	0	4.516	0.2377	0.0024	-0.238	0.007	0.0024
(31, 38)	false	4.752	0.245	0.0024	4.73	0.2353	0	0.022	-0.0097	-0.0024
(31, 38)	true	4.084	0.2296	0.0098	4.528	0.2356	0.0098	0.444	-0.0061	0
(31, 38)	false	4.524	0.2595	0.0098	4.758	0.2444	0.0024	-0.234	-0.0151	-0.0073
(31, 38)	false	4.452	0.2408	0.0024	4.434	0.2484	0.0024	0.018	0.0076	0
(31, 38)	false	4.91	0.2367	0.0049	4.586	0.2464	0	0.324	0.0097	-0.0049
(77, 93)	false	4.308	0.2373	0	4.792	0.2303	0	-0.484	-0.007	0
(77, 93)	false	4.586	0.2445	0	4.65	0.2543	0	-0.064	0.0098	0
(77, 93)	false	4.796	0.2465	0	4.242	0.2561	0.0024	0.554	0.0096	0.0024
(77, 93)	false	4.196	0.2691	0	4.94	0.2228	0	-0.744	-0.0463	0
(77, 93)	false	4.278	0.2307	0	4.53	0.2338	0	-0.252	0.0031	0
(77, 93)	false	4.752	0.245	0.0024	4.442	0.2418	0.0122	0.31	-0.0033	0.0098
(77, 93)	false	4.084	0.2296	0.0098	4.472	0.2275	0	-0.388	-0.002	-0.0098
(77, 93)	false	4.524	0.2595	0.0098	4.814	0.2463	0	-0.29	-0.0132	-0.0098
(77, 93)	false	4.452	0.2408	0.0024	4.608	0.242	0.0024	-0.156	0.0012	0
(77, 93)	false	4.91	0.2367	0.0049	4.466	0.2437	0.0024	0.444	0.0071	-0.0024
(79, 89)	true	4.308	0.2373	0	5.042	0.2214	0.0024	0.734	0.0158	-0.0024
(79, 89)	false	4.586	0.2445	0	4.51	0.2434	0	0.076	-0.0011	0
(79, 89)	true	4.796	0.2465	0	4.398	0.2585	0.0024	-0.398	-0.012	-0.0024
(79, 89)	false	4.196	0.2691	0	4.648	0.2239	0	-0.452	-0.0452	0
(79, 89)	true	4.278	0.2307	0	4.88	0.2066	0	0.602	0.0241	0
(79, 89)	true	4.752	0.245	0.0024	4.552	0.2461	0	-0.2	-0.0011	0.0024
(79, 89)	false	4.084	0.2296	0.0098	4.892	0.2241	0.0049	-0.808	-0.0055	-0.0049
(79, 89)	true	4.524	0.2595	0.0098	4.262	0.2552	0.0049	-0.262	0.0043	0.0049
(79, 89)	true	4.452	0.2408	0.0024	4.404	0.2273	0.0122	-0.048	0.0136	-0.0098
(79, 89)	false	4.91	0.2367	0.0049	4.97	0.2313	0	-0.06	-0.0054	-0.0049
(32, 41)	true	4.308	0.2373	0	4.83	0.2253	0	0.522	0.012	0
(32, 41)	false	4.586	0.2445	0	4.754	0.2587	0	-0.168	0.0142	0
(32, 41)	false	4.796	0.2465	0	4.41	0.2439	0	0.386	-0.0025	0
(32, 41)	false	4.196	0.2691	0	4.65	0.2385	0.0122	-0.454	-0.0306	0.0122
(32, 41)	true	4.278	0.2307	0	4.718	0.2178	0.0073	0.44	0.0129	-0.0073
(32, 41)	true	4.752	0.245	0.0024	4.16	0.264	0.0024	-0.592	-0.019	0
(32, 41)	false	4.084	0.2296	0.0098	4.944	0.2267	0.0073	-0.86	-0.0028	-0.0024
(32, 41)	false	4.524	0.2595	0.0098	4.21	0.2668	0.0024	0.314	0.0074	-0.0073
(32, 41)	false	4.452	0.2408	0.0024	5.118	0.2298	0	-0.666	-0.011	-0.0024
(32, 41)	false	4.91	0.2367	0.0049	4.336	0.2587	0.0024	0.574	0.022	-0.0024
(78, 92)	false	4.308	0.2373	0	4.642	0.2203	0	-0.334	-0.017	0
(78, 92)	true	4.586	0.2445	0	4.398	0.2545	0	-0.188	-0.01	0
(78, 92)	false	4.796	0.2465	0	4.64	0.256	0	0.156	0.0095	0
(78, 92)	false	4.196	0.2691	0	4.56	0.2457	0.0024	-0.364	-0.0233	0.0024
(78, 92)	true	4.278	0.2307	0	4.292	0.2253	0.0049	0.014	0.0054	-0.0049
(78, 92)	true	4.752	0.245	0.0024	4.606	0.2451	0.0024	-0.146	-0.0001	0
(78, 92)	false	4.084	0.2296	0.0098	4.504	0.2203	0	-0.42	-0.0092	-0.0098
(78, 92)	false	4.524	0.2595	0.0098	4.804	0.2359	0.0073	-0.28	-0.0236	-0.0024
(78, 92)	false	4.452	0.2408	0.0024	4.754	0.2114	0.0049	-0.302	-0.0294	0.0024
(78, 92)	false	4.91	0.2367	0.0049	4.754	0.2239	0	0.156	-0.0127	-0.0049
(54, 66)	false	4.308	0.2373	0	4.822	0.2369	0.0049	-0.514	-0.0003	0.0049
(54, 66)	true	4.586	0.2445	0	4.106	0.2536	0	-0.48	-0.0091	0
(54, 66)	false	4.796	0.2465	0	4.37	0.2556	0.0024	0.426	0.0092	0.0024
(54, 66)	false	4.196	0.2691	0	4.326	0.2481	0	-0.13	-0.0209	0
(54, 66)	true	4.278	0.2307	0	4.244	0.22	0	-0.034	0.0107	0
(54, 66)	true	4.752	0.245	0.0024	4.376	0.2674	0	-0.376	-0.0224	0.0024
(54, 66)	false	4.084	0.2296	0.0098	4.426	0.2277	0	-0.342	-0.0019	-0.0098
(54, 66)	true	4.524	0.2595	0.0098	4.894	0.2333	0.0049	0.37	0.0262	0.0049
(54, 66)	true	4.452	0.2408	0.0024	4.69	0.2398	0	0.238	0.001	0.0024
(54, 66)	false	4.91	0.2367	0.0049	4.53	0.2393	0	0.38	0.0027	-0.0049
(50, 57)	false	4.308	0.2373	0	5.054	0.2414	0	-0.746	0.0042	0
(50, 57)	false	4.586	0.2445	0	4.446	0.2545	0	0.14	0.01	0
(50, 57)	true	4.796	0.2465	0	4.276	0.2498	0.0073	-0.52	-0.0033	-0.0073
(50, 57)	true	4.196	0.2691	0	4.854	0.2291	0	0.658	0.0399	0
(50, 57)	false	4.278	0.2307	0	4.334	0.2506	0	-0.056	0.0199	0
(50, 57)	true	4.752	0.245	0.0024	4.3	0.2448	0	-0.452	0.0002	0.0024
(50, 57)	false	4.084	0.2296	0.0098	4.64	0.2382	0	-0.556	0.0086	-0.0098
(50, 57)	true	4.524	0.2595	0.0098	4.62	0.2502	0.0073	0.096	0.0093	0.0024
(50, 57)	false	4.452	0.2408	0.0024	4.512	0.2372	0	-0.06	-0.0037	-0.0024
(50, 57)	false	4.91	0.2367	0.0049	4.814	0.2303	0	0.096	-0.0064	-0.0049
(69, 97)	false	4.308	0.2373	0	4.658	0.2232	0.0146	-0.35	-0.0141	0.0146
(69, 97)	false	4.586	0.2445	0	4.88	0.234	0	-0.294	-0.0105	0
(69, 97)	true	4.796	0.2465	0	4.654	0.2565	0	-0.142	-0.01	0
(69, 97)	false	4.196	0.2691	0	4.354	0.2468	0	-0.158	-0.0222	0
(69, 97)	false	4.278	0.2307	0	4.954	0.2178	0.0049	-0.676	-0.0129	0.0049
(69, 97)	true	4.752	0.245	0.0024	4.894	0.2227	0.0024	0.142	0.0223	0
(69, 97)	false	4.084	0.2296	0.0098	4.784	0.2113	0	-0.7	-0.0183	-0.0098
(69, 97)	false	4.524	0.2595	0.0098	4.42	0.2739	0.0073	0.104	0.0144	-0.0024
(69, 97)	false	4.452	0.2408	0.0024	4.29	0.2167	0.0098	0.162	-0.0241	0.0073
(69, 97)	false	4.91	0.2367	0.0049	4.41	0.2559	0	0.5	0.0193	-0.0049
(48, 57)	false	4.308	0.2373	0	4.62	0.2365	0	-0.312	-0.0007	0
(48, 57)	true	4.586	0.2445	0	3.962	0.2428	0	-0.624	0.0017	0
(48, 57)	false	4.796	0.2465	0	4.458	0.229	0	0.338	-0.0175	0
(48, 57)	false	4.196	0.2691	0	4.578	0.264	0	-0.382	-0.005	0
(48, 57)	false	4.278	0.2307	0	4.52	0.2331	0	-0.242	0.0024	0
(48, 57)	false	4.752	0.245	0.0024	4.774	0.2447	0.0024	-0.022	-0.0003	0
(48, 57)	false	4.084	0.2296	0.0098	4.446	0.256	0.0049	-0.362	0.0265	-0.0049
(48, 57)	true	4.524	0.2595	0.0098	4.46	0.2494	0.0073	-0.064	0.0101	0.0024
(48, 57)	false	4.452	0.2408	0.0024	4.622	0.2505	0	-0.17	0.0097	-0.0024
(48, 57)	false	4.91	0.2367	0.0049	4.48	0.2659	0	0.43	0.0293	-0.0049
(31, 42)	true	4.308	0.2373	0	4.886	0.241	0.0024	0.578	-0.0038	-0.0024
(31, 42)	false	4.586	0.2445	0	4.67	0.2636	0	-0.084	0.0191	0
(31, 42)	true	4.796	0.2465	0	4.178	0.2469	0	-0.618	-0.0004	0
(31, 42)	false	4.196	0.2691	0	4.346	0.2493	0	-0.15	-0.0197	0
(31, 42)	false	4.278	0.2307	0	4.684	0.2305	0.0024	-0.406	-0.0002	0.0024
(31, 42)	false	4.752	0.245	0.0024	4.686	0.2491	0.0024	0.066	0.0041	0
(31, 42)	false	4.084	0.2296	0.0098	4.264	0.2305	0.0073	-0.18	0.0009	-0.0024
(31, 42)	false	4.524	0.2595	0.0098	4.672	0.2361	0	-0.148	-0.0234	-0.0098
(31, 42)	true	4.452	0.2408	0.0024	4.838	0.2185	0	0.386	0.0223	0.0024
(31, 42)	false	4.91	0.2367	0.0049	4.522	0.2406	0	0.388	0.0039	-0.0049
(54, 65)	false	4.308	0.2373	0	4.818	0.2268	0	-0.51	-0.0105	0
(54, 65)	false	4.586	0.2445	0	4.456	0.2589	0	0.13	0.0144	0
(54, 65)	false	4.796	0.2465	0	4.442	0.2439	0	0.354	-0.0025	0
(54, 65)	false	4.196	0.2691	0	4.304	0.2597	0.0024	-0.108	-0.0093	0.0024
(54, 65)	true	4.278	0.2307	0	4.79	0.2404	0	0.512	-0.0097	0
(54, 65)	false	4.752	0.245	0.0024	4.48	0.2457	0	0.272	0.0007	-0.0024
(54, 65)	false	4.084	0.2296	0.0098	4.78	0.2289	0	-0.696	-0.0007	-0.0098
(54, 65)	false	4.524	0.2595	0.0098	4.568	0.2552	0.0049	-0.044	-0.0043	-0.0049
(54, 65)	false	4.452	0.2408	0.0024	4.466	0.2317	0	-0.014	-0.0091	-0.0024
(54, 65)	false	4.91	0.2367	0.0049	4.906	0.229	0	0.004	-0.0077	-0.0049
(77, 90)	true	4.308	0.2373	0	5.006	0.2251	0	0.698	0.0121	0
(77, 90)	true	4.586	0.2445	0	4.704	0.2407	0	0.118	0.0038	0
(77, 90)	false	4.796	0.2465	0	4.606	0.2504	0	0.19	0.0039	0
(77, 90)	true	4.196	0.2691	0	4.914	0.2389	0	0.718	0.0302	0
(77, 90)	false	4.278	0.2307	0	4.736	0.2356	0	-0.458	0.0049	0
(77, 90)	false	4.752	0.245	0.0024	4.522	0.2299	0	0.23	-0.0151	-0.0024
(77, 90)	true	4.084	0.2296	0.0098	4.322	0.2435	0.0073	0.238	-0.0139	0.0024
(77, 90)	false	4.524	0.2595	0.0098	4.822	0.2604	0.0024	-0.298	0.0009	-0.0073
(77, 90)	false	4.452	0.2408	0.0024	4.638	0.234	0.0049	-0.186	-0.0068	0.0024
(77, 90)	false	4.91	0.2367	0.0049	4.692	0.2419	0	0.218	0.0052	-0.0049
(78, 91)	false	4.308	0.2373	0	4.754	0.2251	0.0024	-0.446	-0.0122	0.0024
(78, 91)	false	4.586	0.2445	0	4.728	0.2642	0	-0.142	0.0197	0
(78, 91)	false	4.796	0.2465	0	4.628	0.2434	0	0.168	-0.0031	0
(78, 91)	true	4.196	0.2691	0	4.858	0.2344	0	0.662	0.0347	0
(78, 91)	false	4.278	0.2307	0	4.79	0.215	0	-0.512	-0.0157	0
(78, 91)	false	4.752	0.245	0.0024	4.47	0.234	0.0024	0.282	-0.011	0
(78, 91)	false	4.084	0.2296	0.0098	4.542	0.228	0.0024	-0.458	-0.0015	-0.0073
(78, 91)	false	4.524	0.2595	0.0098	4.462	0.2548	0.0049	0.062	-0.0047	-0.0049
(78, 91)	true	4.452	0.2408	0.0024	4.51	0.2256	0	0.058	0.0152	0.0024
(78, 91)	false	4.91	0.2367	0.0049	4.652	0.2326	0	0.258	-0.0041	-0.0049
(80, 87)	false	4.308	0.2373	0	4.654	0.2387	0.0024	-0.346	0.0014	0.0024
(80, 87)	false	4.586	0.2445	0	4.36	0.2574	0	0.226	0.013	0
(80, 87)	true	4.796	0.2465	0	4.56	0.2343	0	-0.236	0.0122	0
(80, 87)	false	4.196	0.2691	0	4.474	0.2517	0	-0.278	-0.0173	0
(80, 87)	false	4.278	0.2307	0	4.928	0.2111	0	-0.65	-0.0196	0
(80, 87)	false	4.752	0.245	0.0024	4.548	0.2597	0.0073	0.204	0.0147	0.0049
(80, 87)	false	4.084	0.2296	0.0098	4.704	0.233	0	-0.62	0.0035	-0.0098
(80, 87)	false	4.524	0.2595	0.0098	4.764	0.2679	0	-0.24	0.0084	-0.0098
(80, 87)	true	4.452	0.2408	0.0024	4.37	0.2253	0.0098	-0.082	0.0155	-0.0073
(80, 87)	false	4.91	0.2367	0.0049	4.252	0.2329	0.0049	0.658	-0.0037	0
(30, 41)	false	4.308	0.2373	0	4.972	0.2321	0.0098	-0.664	-0.0052	0.0098
(30, 41)	false	4.586	0.2445	0	4.61	0.2389	0	-0.024	-0.0056	0
(30, 41)	false	4.796	0.2465	0	4.642	0.2704	0.0049	0.154	0.0239	0.0049
(30, 41)	true	4.196	0.2691	0	4.368	0.2272	0.0024	0.172	0.0419	-0.0024
(30, 41)	false	4.278	0.2307	0	4.59	0.2259	0	-0.312	-0.0048	0
(30, 41)	false	4.752	0.245	0.0024	4.454	0.2479	0.0024	0.298	0.0029	0
(30, 41)	false	4.084	0.2296	0.0098	4.188	0.2196	0.0024	-0.104	-0.01	-0.0073
(30, 41)	false	4.524	0.2595	0.0098	4.682	0.2573	0	-0.158	-0.0022	-0.0098
(30, 41)	false	4.452	0.2408	0.0024	4.816	0.2336	0	-0.364	-0.0072	-0.0024
(30, 41)	false	4.91	0.2367	0.0049	4.21	0.2404	0	0.7	0.0037	-0.0049
(50, 56)	false	4.308	0.2373	0	4.254	0.2456	0	0.054	0.0083	0
(50, 56)	false	4.586	0.2445	0	4.754	0.2265	0	-0.168	-0.018	0
(50, 56)	false	4.796	0.2465	0	4.46	0.26	0.0049	0.336	0.0135	0.0049
(50, 56)	false	4.196	0.2691	0	4.486	0.2412	0	-0.29	-0.0278	0
(50, 56)	false	4.278	0.2307	0	4.488	0.2498	0	-0.21	0.0191	0
(50, 56)	true	4.752	0.245	0.0024	4.608	0.2446	0.0049	-0.144	0.0004	-0.0024
(50, 56)	false	4.084	0.2296	0.0098	4.808	0.2347	0.0073	-0.724	0.0051	-0.0024
(50, 56)	true	4.524	0.2595	0.0098	4.996	0.2316	0.0049	0.472	0.0279	0.0049
(50, 56)	false	4.452	0.2408	0.0024	4.604	0.2417	0.0049	-0.152	0.0009	0.0024
(50, 56)	false	4.91	0.2367	0.0049	4.99	0.2523	0	-0.08	0.0156	-0.0049
(57, 64)	false	4.308	0.2373	0	4.56	0.248	0.0073	-0.252	0.0108	0.0073
(57, 64)	false	4.586	0.2445	0	4.598	0.2499	0.0024	-0.012	0.0054	0.0024
(57, 64)	false	4.796	0.2465	0	4.658	0.2531	0	0.138	0.0066	0
(57, 64)	true	4.196	0.2691	0	4.872	0.238	0	0.676	0.0311	0
(57, 64)	true	4.278	0.2307	0	4.208	0.2121	0.0073	-0.07	0.0186	-0.0073
(57, 64)	true	4.752	0.245	0.0024	4.612	0.252	0.0024	-0.14	-0.0069	0
(57, 64)	true	4.084	0.2296	0.0098	4.318	0.2477	0.0073	0.234	-0.0181	0.0024
(57, 64)	false	4.524	0.2595	0.0098	4.718	0.2466	0	-0.194	-0.0129	-0.0098
(57, 64)	false	4.452	0.2408	0.0024	4.71	0.2618	0	-0.258	0.021	-0.0024
(57, 64)	false	4.91	0.2367	0.0049	4.472	0.2422	0	0.438	0.0055	-0.0049
(72, 95)	false	4.308	0.2373	0	4.61	0.2353	0.0122	-0.302	-0.0019	0.0122
(72, 95)	false	4.586	0.2445	0	4.51	0.2629	0	0.076	0.0184	0
(72, 95)	true	4.796	0.2465	0	4.392	0.2567	0	-0.404	-0.0102	0
(72, 95)	true	4.196	0.2691	0	4.664	0.2467	0	0.468	0.0224	0
(72, 95)	false	4.278	0.2307	0	4.536	0.2234	0.0024	-0.258	-0.0073	0.0024
(72, 95)	false	4.752	0.245	0.0024	4.418	0.2484	0	0.334	0.0034	-0.0024
(72, 95)	false	4.084	0.2296	0.0098	3.912	0.2305	0.0073	0.172	0.001	-0.0024
(72, 95)	false	4.524	0.2595	0.0098	4.59	0.2453	0.0024	-0.066	-0.0142	-0.0073
(72, 95)	true	4.452	0.2408	0.0024	4.576	0.2342	0	0.124	0.0067	0.0024
(72, 95)	false	4.91	0.2367	0.0049	4.746	0.2369	0	0.164	0.0003	-0.0049
(79, 87)	false	4.308	0.2373	0	4.848	0.2299	0	-0.54	-0.0073	0
(79, 87)	true	4.586	0.2445	0	4.486	0.2515	0	-0.1	-0.007	0
(79, 87)	true	4.796	0.2465	0	4.306	0.2441	0	-0.49	0.0024	0
(79, 87)	false	4.196	0.2691	0	4.788	0.2424	0	-0.592	-0.0267	0
(79, 87)	true	4.278	0.2307	0	4.55	0.226	0.0146	0.272	0.0047	-0.0146
(79, 87)	true	4.752	0.245	0.0024	4.684	0.2339	0.0024	-0.068	0.0111	0
(79, 87)	true	4.084	0.2296	0.0098	4.666	0.2232	0.0024	0.582	0.0064	0.0073
(79, 87)	false	4.524	0.2595	0.0098	4.152	0.2551	0	0.372	-0.0044	-0.0098
(79, 87)	false	4.452	0.2408	0.0024	4.528	0.2272	0	-0.076	-0.0136	-0.0024
(79, 87)	false	4.91	0.2367	0.0049	4.948	0.2422	0	-0.038	0.0055	-0.0049
(81, 87)	false	4.308	0.2373	0	4.66	0.2374	0	-0.352	0.0001	0
(81, 87)	false	4.586	0.2445	0	4.684	0.2399	0	-0.098	-0.0046	0
(81, 87)	false	4.796	0.2465	0	4.516	0.257	0	0.28	0.0106	0
(81, 87)	false	4.196	0.2691	0	4.676	0.2498	0.0024	-0.48	-0.0193	0.0024
(81, 87)	false	4.278	0.2307	0	4.436	0.222	0.0146	-0.158	-0.0086	0.0146
(81, 87)	false	4.752	0.245	0.0024	4.578	0.241	0.0049	0.174	-0.004	0.0024
(81, 87)	false	4.084	0.2296	0.0098	4.476	0.2354	0	-0.392	0.0059	-0.0098
(81, 87)	false	4.524	0.2595	0.0098	4.346	0.2412	0	0.178	-0.0183	-0.0098
(81, 87)	false	4.452	0.2408	0.0024	4.748	0.2224	0.0073	-0.296	-0.0184	0.0049
(81, 87)	false	4.91	0.2367	0.0049	4.456	0.2487	0	0.454	0.012	-0.0049
(73, 97)	false	4.308	0.2373	0	4.496	0.2365	0.0049	-0.188	-0.0007	0.0049
(73, 97)	false	4.586	0.2445	0	4.724	0.2409	0	-0.138	-0.0036	0
(73, 97)	false	4.796	0.2465	0	4.328	0.2708	0	0.468	0.0243	0
(73, 97)	false	4.196	0.2691	0	4.57	0.2432	0.0024	-0.374	-0.0258	0.0024
(73, 97)	false	4.278	0.2307	0	4.698	0.228	0.0024	-0.42	-0.0027	0.0024
(73, 97)	false	4.752	0.245	0.0024	4.538	0.2561	0.0024	0.214	0.0111	0
(73, 97)	false	4.084	0.2296	0.0098	4.256	0.2415	0.0098	-0.172	0.0119	-0
(73, 97)	true	4.524	0.2595	0.0098	4.622	0.2503	0.0024	0.098	0.0092	0.0073
(73, 97)	true	4.452	0.2408	0.0024	4.36	0.2212	0	-0.092	0.0196	0.0024
(73, 97)	false	4.91	0.2367	0.0049	4.416	0.2483	0.0024	0.494	0.0116	-0.0024
(79, 90)	true	4.308	0.2373	0	4.79	0.2224	0	0.482	0.0148	0
(79, 90)	false	4.586	0.2445	0	4.608	0.2509	0.0146	-0.022	0.0064	0.0146
(79, 90)	true	4.796	0.2465	0	4.582	0.2594	0	-0.214	-0.0129	0
(79, 90)	false	4.196	0.2691	0	4.68	0.2317	0	-0.484	-0.0373	0
(79, 90)	false	4.278	0.2307	0	4.446	0.2307	0.0268	-0.168	-0	0.0268
(79, 90)	false	4.752	0.245	0.0024	4.726	0.244	0.0024	0.026	-0.001	0
(79, 90)	false	4.084	0.2296	0.0098	4.334	0.2312	0.0049	-0.25	0.0016	-0.0049
(79, 90)	true	4.524	0.2595	0.0098	4.766	0.2338	0.0024	0.242	0.0257	0.0073
(79, 90)	false	4.452	0.2408	0.0024	4.36	0.2392	0	0.092	-0.0016	-0.0024
(79, 90)	false	4.91	0.2367	0.0049	4.888	0.2375	0	0.022	0.0008	-0.0049
(31, 39)	false	4.308	0.2373	0	4.476	0.239	0.0024	-0.168	0.0017	0.0024
(31, 39)	false	4.586	0.2445	0	4.67	0.2461	0.0098	-0.084	0.0016	0.0098
(31, 39)	false	4.796	0.2465	0	4.906	0.251	0	-0.11	0.0045	0
(31, 39)	false	4.196	0.2691	0	4.446	0.243	0	-0.25	-0.026	0
(31, 39)	false	4.278	0.2307	0	4.556	0.24	0.0073	-0.278	0.0093	0.0073
(31, 39)	false	4.752	0.245	0.0024	4.556	0.2508	0.0024	0.196	0.0057	0
(31, 39)	true	4.084	0.2296	0.0098	4.558	0.2318	0.0122	0.474	-0.0023	-0.0024
(31, 39)	false	4.524	0.2595	0.0098	4.49	0.2455	0	0.034	-0.014	-0.0098
(31, 39)	false	4.452	0.2408	0.0024	4.8	0.2257	0	-0.348	-0.0151	-0.0024
(31, 39)	false	4.91	0.2367	0.0049	4.478	0.2425	0	0.432	0.0058	-0.0049
(73, 96)	false	4.308	0.2373	0	4.584	0.2457	0.0049	-0.276	0.0085	0.0049
(73, 96)	false	4.586	0.2445	0	4.744	0.2431	0	-0.158	-0.0014	0
(73, 96)	false	4.796	0.2465	0	4.718	0.2327	0	0.078	-0.0138	0
(73, 96)	true	4.196	0.2691	0	4.752	0.2277	0	0.556	0.0414	0
(73, 96)	false	4.278	0.2307	0	4.184	0.2238	0	0.094	-0.0069	0
(73, 96)	false	4.752	0.245	0.0024	4.002	0.2274	0	0.75	-0.0176	-0.0024
(73, 96)	true	4.084	0.2296	0.0098	4.154	0.2551	0.0049	0.07	-0.0255	0.0049
(73, 96)	false	4.524	0.2595	0.0098	4.812	0.2349	0	-0.288	-0.0246	-0.0098
(73, 96)	false	4.452	0.2408	0.0024	4.18	0.2526	0	0.272	0.0118	-0.0024
(73, 96)	false	4.91	0.2367	0.0049	4.882	0.2395	0	0.028	0.0029	-0.0049
(74, 96)	false	4.308	0.2373	0	4.628	0.2147	0.0049	-0.32	-0.0226	0.0049
(74, 96)	false	4.586	0.2445	0	4.598	0.2465	0	-0.012	0.002	0
(74, 96)	false	4.796	0.2465	0	4.368	0.2428	0	0.428	-0.0036	0
(74, 96)	false	4.196	0.2691	0	4.64	0.2406	0	-0.444	-0.0284	0
(74, 96)	false	4.278	0.2307	0	4.382	0.2467	0	-0.104	0.016	0
(74, 96)	false	4.752	0.245	0.0024	4.502	0.2508	0	0.25	0.0058	-0.0024
(74, 96)	false	4.084	0.2296	0.0098	4.454	0.2408	0.0073	-0.37	0.0113	-0.0024
(74, 96)	false	4.524	0.2595	0.0098	4.534	0.2461	0.0049	-0.01	-0.0134	-0.0049
(74, 96)	true	4.452	0.2408	0.0024	4.81	0.24	0	0.358	0.0008	0.0024
(74, 96)	false	4.91	0.2367	0.0049	4.354	0.2428	0	0.556	0.0061	-0.0049
(30, 42)	true	4.308	0.2373	0	4.098	0.2391	0.0049	-0.21	-0.0018	-0.0049
(30, 42)	false	4.586	0.2445	0	4.702	0.2476	0	-0.116	0.0031	0
(30, 42)	false	4.796	0.2465	0	4.442	0.2721	0.0024	0.354	0.0256	0.0024
(30, 42)	false	4.196	0.2691	0	4.65	0.2555	0.0049	-0.454	-0.0135	0.0049
(30, 42)	false	4.278	0.2307	0	4.512	0.238	0.0024	-0.234	0.0073	0.0024
(30, 42)	false	4.752	0.245	0.0024	4.62	0.2467	0	0.132	0.0017	-0.0024
(30, 42)	false	4.084	0.2296	0.0098	4.428	0.2282	0.0073	-0.344	-0.0014	-0.0024
(30, 42)	false	4.524	0.2595	0.0098	4.808	0.2442	0	-0.284	-0.0153	-0.0098
(30, 42)	false	4.452	0.2408	0.0024	4.444	0.2368	0.0122	0.008	-0.0041	0.0098
(30, 42)	false	4.91	0.2367	0.0049	4.454	0.2485	0	0.456	0.0118	-0.0049
(29, 42)	false	4.308	0.2373	0	4.554	0.2222	0	-0.246	-0.0151	0
(29, 42)	false	4.586	0.2445	0	4.598	0.2388	0.0098	-0.012	-0.0057	0.0098
(29, 42)	false	4.796	0.2465	0	4.756	0.254	0	0.04	0.0076	0
(29, 42)	false	4.196	0.2691	0	4.31	0.2625	0	-0.114	-0.0066	0
(29, 42)	false	4.278	0.2307	0	4.426	0.2392	0	-0.148	0.0085	0
(29, 42)	false	4.752	0.245	0.0024	4.406	0.242	0.0024	0.346	-0.003	0
(29, 42)	true	4.084	0.2296	0.0098	4.718	0.2354	0.0098	0.634	-0.0058	0
(29, 42)	true	4.524	0.2595	0.0098	4.786	0.246	0.0049	0.262	0.0135	0.0049
(29, 42)	false	4.452	0.2408	0.0024	4.24	0.2229	0.0024	0.212	-0.0179	0
(29, 42)	false	4.91	0.2367	0.0049	4.666	0.2388	0	0.244	0.0021	-0.0049
(32, 38)	false	4.308	0.2373	0	4.722	0.234	0.0122	-0.414	-0.0033	0.0122
(32, 38)	false	4.586	0.2445	0	4.536	0.2463	0.0024	0.05	0.0018	0.0024
(32, 38)	false	4.796	0.2465	0	4.844	0.2466	0	-0.048	0.0001	0
(32, 38)	true	4.196	0.2691	0	4.652	0.2482	0	0.456	0.0209	0
(32, 38)	false	4.278	0.2307	0	4.616	0.2308	0.0024	-0.338	0.0001	0.0024
(32, 38)	false	4.752	0.245	0.0024	4.586	0.2491	0	0.166	0.0041	-0.0024
(32, 38)	false	4.084	0.2296	0.0098	4.524	0.2427	0	-0.44	0.0131	-0.0098
(32, 38)	true	4.524	0.2595	0.0098	4.79	0.2343	0.0024	0.266	0.0252	0.0073
(32, 38)	false	4.452	0.2408	0.0024	4.754	0.2168	0	-0.302	-0.0241	-0.0024
(32, 38)	false	4.91	0.2367	0.0049	4.828	0.232	0	0.082	-0.0047	-0.0049
(79, 88)	false	4.308	0.2373	0	4.966	0.2257	0.0049	-0.658	-0.0115	0.0049
(79, 88)	false	4.586	0.2445	0	4.466	0.2423	0.0073	0.12	-0.0022	0.0073
(79, 88)	true	4.796	0.2465	0	4.48	0.2427	0	-0.316	0.0038	0
(79, 88)	true	4.196	0.2691	0	4.33	0.2546	0	0.134	0.0145	0
(79, 88)	false	4.278	0.2307	0	4.754	0.2048	0.0073	-0.476	-0.0259	0.0073
(79, 88)	false	4.752	0.245	0.0024	4.38	0.2419	0.0024	0.372	-0.0031	0
(79, 88)	false	4.084	0.2296	0.0098	4.618	0.2385	0.0122	-0.534	0.009	0.0024
(79, 88)	false	4.524	0.2595	0.0098	4.452	0.2536	0.0049	0.072	-0.0059	-0.0049
(79, 88)	false	4.452	0.2408	0.0024	4.524	0.2344	0.0049	-0.072	-0.0064	0.0024
(79, 88)	false	4.91	0.2367	0.0049	4.34	0.2229	0	0.57	-0.0138	-0.0049
(29, 44)	false	4.308	0.2373	0	4.608	0.2372	0.0024	-0.3	-0.0001	0.0024
(29, 44)	true	4.586	0.2445	0	4.376	0.2491	0	-0.21	-0.0046	0
(29, 44)	false	4.796	0.2465	0	4.666	0.2525	0.0024	0.13	0.006	0.0024
(29, 44)	false	4.196	0.2691	0	4.188	0.2444	0.0024	0.008	-0.0246	0.0024
(29, 44)	false	4.278	0.2307	0	4.564	0.2466	0.0049	-0.286	0.0159	0.0049
(29, 44)	false	4.752	0.245	0.0024	4.836	0.2514	0	-0.084	0.0063	-0.0024
(29, 44)	false	4.084	0.2296	0.0098	4.03	0.2354	0.0098	0.054	0.0059	-0
(29, 44)	false	4.524	0.2595	0.0098	4.416	0.262	0	0.108	0.0025	-0.0098
(29, 44)	false	4.452	0.2408	0.0024	4.368	0.2465	0	0.084	0.0057	-0.0024
(29, 44)	false	4.91	0.2367	0.0049	4.722	0.24	0.0024	0.188	0.0034	-0.0024
(56, 66)	false	4.308	0.2373	0	4.414	0.253	0.0024	-0.106	0.0157	0.0024
(56, 66)	false	4.586	0.2445	0	4.412	0.2401	0	0.174	-0.0044	0
(56, 66)	true	4.796	0.2465	0	4.484	0.2327	0	-0.312	0.0137	0
(56, 66)	false	4.196	0.2691	0	4.758	0.2518	0.0024	-0.562	-0.0172	0.0024
(56, 66)	false	4.278	0.2307	0	4.616	0.2283	0	-0.338	-0.0024	0
(56, 66)	false	4.752	0.245	0.0024	4.732	0.249	0.0024	0.02	0.004	0
(56, 66)	false	4.084	0.2296	0.0098	4.914	0.2245	0	-0.83	-0.005	-0.0098
(56, 66)	false	4.524	0.2595	0.0098	4.286	0.2526	0	0.238	-0.0069	-0.0098
(56, 66)	true	4.452	0.2408	0.0024	3.882	0.2442	0.0024	-0.57	-0.0034	0
(56, 66)	false	4.91	0.2367	0.0049	4.592	0.2493	0.0024	0.318	0.0126	-0.0024
(73, 94)	true	4.308	0.2373	0	4.586	0.2279	0	0.278	0.0094	0
(73, 94)	true	4.586	0.2445	0	4.786	0.2511	0	0.2	-0.0067	0
(73, 94)	true	4.796	0.2465	0	4.62	0.258	0.0024	-0.176	-0.0115	-0.0024
(73, 94)	true	4.196	0.2691	0	4.578	0.2615	0	0.382	0.0076	0
(73, 94)	true	4.278	0.2307	0	4.964	0.2007	0	0.686	0.03	0
(73, 94)	true	4.752	0.245	0.0024	4.778	0.2336	0	0.026	0.0115	0.0024
(73, 94)	false	4.084	0.2296	0.0098	4.88	0.2274	0.0146	-0.796	-0.0022	0.0049
(73, 94)	false	4.524	0.2595	0.0098	4.27	0.24	0.0024	0.254	-0.0195	-0.0073
(73, 94)	false	4.452	0.2408	0.0024	4.284	0.2155	0	0.168	-0.0253	-0.0024
(73, 94)	false	4.91	0.2367	0.0049	4.49	0.2401	0	0.42	0.0035	-0.0049
(31, 41)	false	4.308	0.2373	0	4.888	0.2032	0	-0.58	-0.034	0
(31, 41)	false	4.586	0.2445	0	4.702	0.2336	0	-0.116	-0.0108	0
(31, 41)	true	4.796	0.2465	0	4.42	0.2501	0	-0.376	-0.0037	0
(31, 41)	false	4.196	0.2691	0	4.744	0.2194	0	-0.548	-0.0496	0
(31, 41)	false	4.278	0.2307	0	4.89	0.2239	0	-0.612	-0.0068	0
(31, 41)	false	4.752	0.245	0.0024	4.398	0.2557	0	0.354	0.0106	-0.0024
(31, 41)	true	4.084	0.2296	0.0098	3.906	0.238	0.0098	-0.178	-0.0084	0
(31, 41)	false	4.524	0.2595	0.0098	4.744	0.2474	0.0122	-0.22	-0.0121	0.0024
(31, 41)	true	4.452	0.2408	0.0024	4.87	0.2306	0.0024	0.418	0.0103	0
(31, 41)	false	4.91	0.2367	0.0049	4.598	0.234	0	0.312	-0.0027	-0.0049
(8, 14)	false	4.308	0.2373	0	4.51	0.2621	0	-0.202	0.0249	0
(8, 14)	false	4.586	0.2445	0	4.604	0.2483	0.0024	-0.018	0.0038	0.0024
(8, 14)	true	4.796	0.2465	0	4.506	0.2399	0	-0.29	0.0066	0
(8, 14)	false	4.196	0.2691	0	4.15	0.2587	0	0.046	-0.0104	0
(8, 14)	true	4.278	0.2307	0	4.604	0.2344	0.0049	0.326	-0.0037	-0.0049
(8, 14)	true	4.752	0.245	0.0024	4.642	0.2533	0	-0.11	-0.0083	0.0024
(8, 14)	false	4.084	0.2296	0.0098	4.832	0.2248	0.0049	-0.748	-0.0048	-0.0049
(8, 14)	false	4.524	0.2595	0.0098	4.746	0.2419	0.0024	-0.222	-0.0176	-0.0073
(8, 14)	false	4.452	0.2408	0.0024	4.566	0.2426	0.0024	-0.114	0.0018	0
(8, 14)	false	4.91	0.2367	0.0049	4.088	0.2362	0	0.822	-0.0005	-0.0049
(80, 88)	true	4.308	0.2373	0	4.664	0.2491	0.0024	0.356	-0.0118	-0.0024
(80, 88)	false	4.586	0.2445	0	4.462	0.242	0.0024	0.124	-0.0025	0.0024
(80, 88)	false	4.796	0.2465	0	4.422	0.2523	0	0.374	0.0058	0
(80, 88)	false	4.196	0.2691	0	4.768	0.2504	0	-0.572	-0.0186	0
(80, 88)	false	4.278	0.2307	0	4.42	0.2441	0.0049	-0.142	0.0134	0.0049
(80, 88)	false	4.752	0.245	0.0024	4.428	0.2415	0	0.324	-0.0035	-0.0024
(80, 88)	false	4.084	0.2296	0.0098	4.59	0.2356	0.0049	-0.506	0.0061	-0.0049
(80, 88)	false	4.524	0.2595	0.0098	4.474	0.266	0.0024	0.05	0.0065	-0.0073
(80, 88)	true	4.452	0.2408	0.0024	4.56	0.2288	0	0.108	0.012	0.0024
(80, 88)	false	4.91	0.2367	0.0049	4.58	0.2496	0	0.33	0.0129	-0.0049
(55, 64)	false	4.308	0.2373	0	4.108	0.2379	0.0049	0.2	0.0007	0.0049
(55, 64)	false	4.586	0.2445	0	4.7	0.2469	0.0049	-0.114	0.0024	0.0049
(55, 64)	false	4.796	0.2465	0	4.164	0.2581	0.0024	0.632	0.0117	0.0024
(55, 64)	false	4.196	0.2691	0	4.914	0.2346	0.0049	-0.718	-0.0344	0.0049
(55, 64)	false	4.278	0.2307	0	4.3	0.2222	0.0317	-0.022	-0.0085	0.0317
(55, 64)	false	4.752	0.245	0.0024	4.592	0.2482	0	0.16	0.0032	-0.0024
(55, 64)	false	4.084	0.2296	0.0098	4.632	0.2412	0.0049	-0.548	0.0116	-0.0049
(55, 64)	false	4.524	0.2595	0.0098	4.886	0.2543	0	-0.362	-0.0052	-0.0098
(55, 64)	false	4.452	0.2408	0.0024	4.378	0.242	0.0049	0.074	0.0012	0.0024
(55, 64)	false	4.91	0.2367	0.0049	4.518	0.241	0	0.392	0.0043	-0.0049
(28, 44)	false	4.308	0.2373	0	4.49	0.2395	0.0024	-0.182	0.0023	0.0024
(28, 44)	false	4.586	0.2445	0	4.63	0.2519	0	-0.044	0.0074	0
(28, 44)	false	4.796	0.2465	0	4.65	0.2395	0.0024	0.146	-0.007	0.0024
(28, 44)	false	4.196	0.2691	0	4.852	0.2385	0	-0.656	-0.0306	0
(28, 44)	false	4.278	0.2307	0	4.668	0.2356	0.0073	-0.39	0.0049	0.0073
(28, 44)	false	4.752	0.245	0.0024	4.73	0.2415	0.0073	0.022	-0.0035	0.0049
(28, 44)	false	4.084	0.2296	0.0098	4.736	0.2162	0.0073	-0.652	-0.0133	-0.0024
(28, 44)	true	4.524	0.2595	0.0098	4.572	0.2498	0.0073	0.048	0.0097	0.0024
(28, 44)	false	4.452	0.2408	0.0024	4.5	0.2348	0	-0.048	-0.006	-0.0024
(28, 44)	false	4.91	0.2367	0.0049	4.498	0.222	0.0049	0.412	-0.0147	0
(75, 92)	false	4.308	0.2373	0	4.984	0.2223	0	-0.676	-0.015	0
(75, 92)	false	4.586	0.2445	0	4.738	0.2455	0.0024	-0.152	0.001	0.0024
(75, 92)	true	4.796	0.2465	0	4.72	0.2219	0.0049	-0.076	0.0246	-0.0049
(75, 92)	false	4.196	0.2691	0	4.556	0.2593	0.0024	-0.36	-0.0097	0.0024
(75, 92)	true	4.278	0.2307	0	4.714	0.232	0	0.436	-0.0013	0
(75, 92)	true	4.752	0.245	0.0024	4.944	0.2361	0.0024	0.192	0.0089	0
(75, 92)	false	4.084	0.2296	0.0098	4.088	0.2131	0.0049	-0.004	-0.0165	-0.0049
(75, 92)	false	4.524	0.2595	0.0098	4.748	0.2361	0	-0.224	-0.0234	-0.0098
(75, 92)	true	4.452	0.2408	0.0024	4.488	0.2235	0	0.036	0.0174	0.0024
(75, 92)	false	4.91	0.2367	0.0049	4.834	0.2232	0.0073	0.076	-0.0135	0.0024
(81, 88)	false	4.308	0.2373	0	4.936	0.2312	0.0024	-0.628	-0.006	0.0024
(81, 88)	true	4.586	0.2445	0	4.68	0.2369	0	0.094	0.0076	0
(81, 88)	false	4.796	0.2465	0	4.444	0.2499	0	0.352	0.0034	0
(81, 88)	false	4.196	0.2691	0	4.228	0.2574	0.0024	-0.032	-0.0116	0.0024
(81, 88)	false	4.278	0.2307	0	5.006	0.2174	0	-0.728	-0.0133	0
(81, 88)	false	4.752	0.245	0.0024	4.68	0.2673	0	0.072	0.0223	-0.0024
(81, 88)	true	4.084	0.2296	0.0098	4.264	0.2325	0.0073	0.18	-0.0029	0.0024
(81, 88)	true	4.524	0.2595	0.0098	4.406	0.2531	0	-0.118	0.0064	0.0098
(81, 88)	false	4.452	0.2408	0.0024	4.502	0.2415	0.0049	-0.05	0.0007	0.0024
(81, 88)	false	4.91	0.2367	0.0049	4.564	0.2326	0	0.346	-0.004	-0.0049
(56, 64)	false	4.308	0.2373	0	4.46	0.2332	0	-0.152	-0.0041	0
(56, 64)	false	4.586	0.2445	0	4.59	0.2373	0	-0.004	-0.0072	0
(56, 64)	true	4.796	0.2465	0	4.73	0.2417	0.0024	-0.066	0.0047	-0.0024
(56, 64)	false	4.196	0.2691	0	4.492	0.2343	0	-0.296	-0.0348	0
(56, 64)	false	4.278	0.2307	0	4.686	0.2251	0.0024	-0.408	-0.0056	0.0024
(56, 64)	false	4.752	0.245	0.0024	4.206	0.2693	0	0.546	0.0243	-0.0024
(56, 64)	false	4.084	0.2296	0.0098	4.666	0.2292	0	-0.582	-0.0004	-0.0098
(56, 64)	false	4.524	0.2595	0.0098	4.834	0.242	0	-0.31	-0.0175	-0.0098
(56, 64)	false	4.452	0.2408	0.0024	4.638	0.2319	0	-0.186	-0.0089	-0.0024
(56, 64)	false	4.91	0.2367	0.0049	4.65	0.2527	0.0049	0.26	0.016	0
(55, 63)	false	4.308	0.2373	0	4.732	0.2141	0	-0.424	-0.0232	0
(55, 63)	false	4.586	0.2445	0	4.564	0.2348	0.0024	0.022	-0.0097	0.0024
(55, 63)	false	4.796	0.2465	0	4.626	0.2557	0.0024	0.17	0.0092	0.0024
(55, 63)	false	4.196	0.2691	0	4.75	0.2528	0.0024	-0.554	-0.0162	0.0024
(55, 63)	false	4.278	0.2307	0	4.63	0.2318	0	-0.352	0.0011	0
(55, 63)	false	4.752	0.245	0.0024	4.276	0.2553	0	0.476	0.0103	-0.0024
(55, 63)	false	4.084	0.2296	0.0098	4.162	0.2369	0.0122	-0.078	0.0074	0.0024
(55, 63)	false	4.524	0.2595	0.0098	4.336	0.2521	0.0049	0.188	-0.0074	-0.0049
(55, 63)	false	4.452	0.2408	0.0024	3.94	0.248	0.0024	0.512	0.0072	0
(55, 63)	false	4.91	0.2367	0.0049	4.814	0.2377	0	0.096	0.001	-0.0049
(68, 97)	false	4.308	0.2373	0	4.136	0.2642	0.0073	0.172	0.027	0.0073
(68, 97)	true	4.586	0.2445	0	4.662	0.2526	0	0.076	-0.0081	0
(68, 97)	false	4.796	0.2465	0	4.484	0.2235	0	0.312	-0.0229	0
(68, 97)	false	4.196	0.2691	0	5.03	0.2265	0	-0.834	-0.0425	0
(68, 97)	false	4.278	0.2307	0	4.522	0.2329	0	-0.244	0.0022	0
(68, 97)	false	4.752	0.245	0.0024	4.568	0.2407	0	0.184	-0.0044	-0.0024
(68, 97)	true	4.084	0.2296	0.0098	4.338	0.2312	0.0049	0.254	-0.0016	0.0049
(68, 97)	false	4.524	0.2595	0.0098	4.73	0.2391	0	-0.206	-0.0204	-0.0098
(68, 97)	true	4.452	0.2408	0.0024	4.46	0.2377	0	0.008	0.0031	0.0024
(68, 97)	false	4.91	0.2367	0.0049	5.188	0.2385	0	-0.278	0.0018	-0.0049
(33, 39)	true	4.308	0.2373	0	4.488	0.2363	0	0.18	0.001	0
(33, 39)	false	4.586	0.2445	0	4.674	0.2503	0	-0.088	0.0058	0
(33, 39)	false	4.796	0.2465	0	4.52	0.2541	0	0.276	0.0076	0
(33, 39)	false	4.196	0.2691	0	4.074	0.2737	0.0049	0.122	0.0047	0.0049
(33, 39)	true	4.278	0.2307	0	4.732	0.219	0	0.454	0.0117	0
(33, 39)	true	4.752	0.245	0.0024	4.5	0.2465	0	-0.252	-0.0015	0.0024
(33, 39)	false	4.084	0.2296	0.0098	4.862	0.213	0	-0.778	-0.0166	-0.0098
(33, 39)	false	4.524	0.2595	0.0098	4.726	0.2414	0	-0.202	-0.0181	-0.0098
(33, 39)	false	4.452	0.2408	0.0024	4.702	0.2338	0	-0.25	-0.007	-0.0024
(33, 39)	false	4.91	0.2367	0.0049	4.952	0.2319	0	-0.042	-0.0048	-0.0049
(58, 64)	true	4.308	0.2373	0	4.75	0.2276	0	0.442	0.0096	0
(58, 64)	false	4.586	0.2445	0	4.4	0.249	0	0.186	0.0046	0
(58, 64)	false	4.796	0.2465	0	4.728	0.2408	0.0024	0.068	-0.0057	0.0024
(58, 64)	true	4.196	0.2691	0	4.63	0.2367	0.0049	0.434	0.0323	-0.0049
(58, 64)	true	4.278	0.2307	0	4.422	0.2234	0	0.144	0.0073	0
(58, 64)	true	4.752	0.245	0.0024	4.808	0.2303	0.0024	0.056	0.0147	0
(58, 64)	false	4.084	0.2296	0.0098	4.514	0.2331	0.0049	-0.43	0.0035	-0.0049
(58, 64)	false	4.524	0.2595	0.0098	4.364	0.2712	0	0.16	0.0117	-0.0098
(58, 64)	true	4.452	0.2408	0.0024	4.73	0.2395	0	0.278	0.0013	0.0024
(58, 64)	false	4.91	0.2367	0.0049	4.824	0.2393	0	0.086	0.0026	-0.0049
(74, 95)	false	4.308	0.2373	0	4.806	0.2475	0.0098	-0.498	0.0103	0.0098
(74, 95)	false	4.586	0.2445	0	4.53	0.2457	0	0.056	0.0012	0
(74, 95)	false	4.796	0.2465	0	4.8	0.2391	0	-0.004	-0.0074	0
(74, 95)	false	4.196	0.2691	0	4.772	0.2246	0	-0.576	-0.0445	0
(74, 95)	false	4.278	0.2307	0	4.262	0.2355	0.0073	0.016	0.0048	0.0073
(74, 95)	false	4.752	0.245	0.0024	4.77	0.231	0.0024	-0.018	-0.014	0
(74, 95)	true	4.084	0.2296	0.0098	4.528	0.2291	0.0122	0.444	0.0005	-0.0024
(74, 95)	false	4.524	0.2595	0.0098	4.682	0.2584	0.0098	-0.158	-0.0011	0
(74, 95)	false	4.452	0.2408	0.0024	4.662	0.2313	0	-0.21	-0.0095	-0.0024
(74, 95)	false	4.91	0.2367	0.0049	4.758	0.2366	0	0.152	-0.0001	-0.0049
(79, 91)	false	4.308	0.2373	0	5.042	0.2302	0.0073	-0.734	-0.007	0.0073
(79, 91)	false	4.586	0.2445	0	4.508	0.2625	0	0.078	0.018	0
(79, 91)	false	4.796	0.2465	0	4.506	0.2621	0.0049	0.29	0.0156	0.0049
(79, 91)	true	4.196	0.2691	0	4.622	0.255	0	0.426	0.0141	0
(79, 91)	false	4.278	0.2307	0	4.716	0.2373	0.0049	-0.438	0.0066	0.0049
(79, 91)	true	4.752	0.245	0.0024	4.936	0.2286	0.0049	0.184	0.0164	-0.0024
(79, 91)	true	4.084	0.2296	0.0098	4.472	0.2394	0.0024	0.388	-0.0098	0.0073
(79, 91)	true	4.524	0.2595	0.0098	4.514	0.2424	0.0024	-0.01	0.0171	0.0073
(79, 91)	true	4.452	0.2408	0.0024	4.58	0.2434	0.0024	0.128	-0.0025	0
(79, 91)	false	4.91	0.2367	0.0049	4.744	0.2351	0.0049	0.166	-0.0016	0
(30, 43)	false	4.308	0.2373	0	4.62	0.2314	0.0073	-0.312	-0.0059	0.0073
(30, 43)	false	4.586	0.2445	0	4.72	0.2473	0	-0.134	0.0028	0
(30, 43)	false	4.796	0.2465	0	4.676	0.2322	0.0073	0.12	-0.0143	0.0073
(30, 43)	false	4.196	0.2691	0	4.79	0.2592	0.0024	-0.594	-0.0099	0.0024
(30, 43)	false	4.278	0.2307	0	4.49	0.2302	0	-0.212	-0.0005	0
(30, 43)	false	4.752	0.245	0.0024	4.5	0.2652	0.0024	0.252	0.0202	0
(30, 43)	false	4.084	0.2296	0.0098	4.77	0.2225	0.0098	-0.686	-0.0071	-0
(30, 43)	true	4.524	0.2595	0.0098	4.564	0.2483	0.0098	0.04	0.0112	0
(30, 43)	false	4.452	0.2408	0.0024	4.2	0.2743	0.0024	0.252	0.0334	0
(30, 43)	false	4.91	0.2367	0.0049	4.488	0.2337	0.0024	0.422	-0.003	-0.0024
(77, 92)	false	4.308	0.2373	0	4.752	0.2327	0.0024	-0.444	-0.0045	0.0024
(77, 92)	false	4.586	0.2445	0	4.966	0.2351	0.0024	-0.38	-0.0094	0.0024
(77, 92)	false	4.796	0.2465	0	4.492	0.2389	0	0.304	-0.0076	0
(77, 92)	false	4.196	0.2691	0	4.752	0.2351	0	-0.556	-0.0339	0
(77, 92)	false	4.278	0.2307	0	4.69	0.2143	0.0073	-0.412	-0.0163	0.0073
(77, 92)	false	4.752	0.245	0.0024	4.798	0.2411	0	-0.046	-0.0039	-0.0024
(77, 92)	false	4.084	0.2296	0.0098	4.748	0.231	0.0049	-0.664	0.0015	-0.0049
(77, 92)	false	4.524	0.2595	0.0098	4.46	0.2641	0.0024	0.064	0.0046	-0.0073
(77, 92)	true	4.452	0.2408	0.0024	5.084	0.2185	0	0.632	0.0224	0.0024
(77, 92)	false	4.91	0.2367	0.0049	4.504	0.2461	0	0.406	0.0094	-0.0049
(56, 63)	true	4.308	0.2373	0	4.842	0.2225	0.0122	0.534	0.0148	-0.0122
(56, 63)	false	4.586	0.2445	0	4.524	0.2512	0.0049	0.062	0.0067	0.0049
(56, 63)	false	4.796	0.2465	0	4.418	0.2452	0	0.378	-0.0013	0
(56, 63)	true	4.196	0.2691	0	4.606	0.2482	0	0.41	0.0208	0
(56, 63)	false	4.278	0.2307	0	4.234	0.224	0.0024	0.044	-0.0067	0.0024
(56, 63)	false	4.752	0.245	0.0024	4.65	0.238	0	0.102	-0.007	-0.0024
(56, 63)	true	4.084	0.2296	0.0098	4.82	0.2187	0	0.736	0.0109	0.0098
(56, 63)	true	4.524	0.2595	0.0098	4.408	0.2405	0	-0.116	0.019	0.0098
(56, 63)	false	4.452	0.2408	0.0024	4.786	0.2276	0	-0.334	-0.0132	-0.0024
(56, 63)	false	4.91	0.2367	0.0049	4.354	0.2349	0.0024	0.556	-0.0018	-0.0024
(28, 43)	false	4.308	0.2373	0	4.424	0.2196	0.0049	-0.116	-0.0177	0.0049
(28, 43)	false	4.586	0.2445	0	4.356	0.2725	0	0.23	0.028	0
(28, 43)	false	4.796	0.2465	0	4.542	0.2625	0.0024	0.254	0.0161	0.0024
(28, 43)	false	4.196	0.2691	0	4.462	0.2687	0	-0.266	-0.0003	0
(28, 43)	false	4.278	0.2307	0	4.37	0.2501	0	-0.092	0.0194	0
(28, 43)	false	4.752	0.245	0.0024	4.66	0.2565	0	0.092	0.0115	-0.0024
(28, 43)	true	4.084	0.2296	0.0098	4.69	0.2368	0.0049	0.606	-0.0072	0.0049
(28, 43)	false	4.524	0.2595	0.0098	4.856	0.2365	0	-0.332	-0.023	-0.0098
(28, 43)	false	4.452	0.2408	0.0024	4.788	0.2387	0.0073	-0.336	-0.0021	0.0049
(28, 43)	false	4.91	0.2367	0.0049	4.548	0.247	0	0.362	0.0103	-0.0049
(31, 40)	false	4.308	0.2373	0	4.546	0.2454	0	-0.238	0.0081	0
(31, 40)	false	4.586	0.2445	0	5.104	0.2399	0	-0.518	-0.0046	0
(31, 40)	false	4.796	0.2465	0	4.648	0.2421	0	0.148	-0.0044	0
(31, 40)	false	4.196	0.2691	0	4.148	0.2552	0	0.048	-0.0139	0
(31, 40)	false	4.278	0.2307	0	4.984	0.2143	0	-0.706	-0.0164	0
(31, 40)	false	4.752	0.245	0.0024	4.332	0.2407	0	0.42	-0.0043	-0.0024
(31, 40)	false	4.084	0.2296	0.0098	4.552	0.2225	0.0073	-0.468	-0.0071	-0.0024
(31, 40)	false	4.524	0.2595	0.0098	4.738	0.2478	0	-0.214	-0.0117	-0.0098
(31, 40)	false	4.452	0.2408	0.0024	4.994	0.221	0.0049	-0.542	-0.0198	0.0024
(31, 40)	false	4.91	0.2367	0.0049	4.728	0.2397	0	0.182	0.0031	-0.0049