(63, 75)	false	3.902	0.3857	0.4537	3.588	0.4459	0.4585	0.314	0.0603	0.0049
(63, 75)	false	3.874	0.3869	0.4114	4.42	0.3886	0.3593	-0.546	0.0017	-0.052
(63, 75)	false	3.924	0.378	0.3935	4.396	0.3877	0.4309	-0.472	0.0097	0.0374
(63, 75)	false	4.21	0.3638	0.4228	4.238	0.3667	0.4374	-0.028	0.0029	0.0146
(63, 75)	false	3.86	0.442	0.4585	3.672	0.4486	0.426	0.188	0.0066	-0.0325
(63, 75)	false	4.032	0.4059	0.4667	3.95	0.413	0.4764	0.082	0.0071	0.0098
(63, 75)	false	4.188	0.34	0.4195	4.042	0.3665	0.4569	0.146	0.0266	0.0374
(63, 75)	false	3.828	0.4104	0.535	4.182	0.3569	0.4732	-0.354	-0.0535	-0.0618
(63, 75)	true	4.244	0.3992	0.4862	4.3	0.3576	0.4764	0.056	0.0417	0.0098
(63, 75)	true	4.192	0.3889	0.4341	4.152	0.4176	0.4358	-0.04	-0.0287	-0.0016
(19, 40)	false	3.902	0.3857	0.4537	3.4	0.4645	0.4553	0.502	0.0788	0.0016
(19, 40)	true	3.874	0.3869	0.4114	4.058	0.3871	0.4228	0.184	-0.0002	-0.0114
(19, 40)	true	3.924	0.378	0.3935	4.166	0.395	0.3691	0.242	-0.017	0.0244
(19, 40)	false	4.21	0.3638	0.4228	3.944	0.3949	0.3805	0.266	0.031	-0.0423
(19, 40)	false	3.86	0.442	0.4585	3.854	0.4183	0.4439	0.006	-0.0238	-0.0146
(19, 40)	false	4.032	0.4059	0.4667	4.268	0.3588	0.4455	-0.236	-0.0471	-0.0211
(19, 40)	false	4.188	0.34	0.4195	4.3	0.3971	0.4146	-0.112	0.0571	-0.0049
(19, 40)	true	3.828	0.4104	0.535	4.16	0.3584	0.452	0.332	0.052	0.0829
(19, 40)	false	4.244	0.3992	0.4862	4.45	0.3523	0.5073	-0.206	-0.047	0.0211
(19, 40)	true	4.192	0.3889	0.4341	3.702	0.4398	0.4683	-0.49	-0.0509	-0.0341
(26, 76)	false	3.902	0.3857	0.4537	3.472	0.4832	0.4829	0.43	0.0975	0.0293
(26, 76)	true	3.874	0.3869	0.4114	4.226	0.3964	0.4244	0.352	-0.0095	-0.013
(26, 76)	true	3.924	0.378	0.3935	4.042	0.4081	0.426	0.118	-0.0301	-0.0325
(26, 76)	false	4.21	0.3638	0.4228	4.228	0.3666	0.4244	-0.018	0.0028	0.0016
(26, 76)	false	3.86	0.442	0.4585	3.778	0.4171	0.4065	0.082	-0.0249	-0.052
(26, 76)	false	4.032	0.4059	0.4667	4.088	0.416	0.4715	-0.056	0.0101	0.0049
(26, 76)	true	4.188	0.34	0.4195	4.134	0.3609	0.4228	-0.054	-0.0209	-0.0033
(26, 76)	false	3.828	0.4104	0.535	4.33	0.3231	0.4358	-0.502	-0.0872	-0.0992
(26, 76)	false	4.244	0.3992	0.4862	4.038	0.3557	0.4862	0.206	-0.0435	0
(26, 76)	true	4.192	0.3889	0.4341	3.866	0.4303	0.4423	-0.326	-0.0415	-0.0081
(20, 70)	false	3.902	0.3857	0.4537	4.056	0.3809	0.4715	-0.154	-0.0047	0.0179
(20, 70)	false	3.874	0.3869	0.4114	4.016	0.3518	0.4081	-0.142	-0.0351	-0.0033
(20, 70)	false	3.924	0.378	0.3935	3.93	0.416	0.4114	-0.006	0.038	0.0179
(20, 70)	true	4.21	0.3638	0.4228	4.288	0.3271	0.4	0.078	0.0367	0.0228
(20, 70)	true	3.86	0.442	0.4585	4.074	0.3959	0.3528	0.214	0.0462	0.1057
(20, 70)	true	4.032	0.4059	0.4667	4.038	0.3774	0.4081	0.006	0.0286	0.0585
(20, 70)	false	4.188	0.34	0.4195	4.154	0.395	0.4	0.034	0.055	-0.0195
(20, 70)	false	3.828	0.4104	0.535	4.438	0.3545	0.4943	-0.61	-0.0559	-0.0407
(20, 70)	false	4.244	0.3992	0.4862	4.2	0.3345	0.5089	0.044	-0.0647	0.0228
(20, 70)	true	4.192	0.3889	0.4341	3.724	0.4177	0.4244	-0.468	-0.0288	0.0098
(44, 70)	true	3.902	0.3857	0.4537	3.466	0.4707	0.5057	-0.436	-0.0851	-0.052
(44, 70)	true	3.874	0.3869	0.4114	3.992	0.3954	0.4455	0.118	-0.0086	-0.0341
(44, 70)	true	3.924	0.378	0.3935	3.93	0.3953	0.4358	0.006	-0.0173	-0.0423
(44, 70)	true	4.21	0.3638	0.4228	4.19	0.389	0.4618	-0.02	-0.0252	-0.039
(44, 70)	false	3.86	0.442	0.4585	3.924	0.3951	0.3951	-0.064	-0.0469	-0.0634
(44, 70)	false	4.032	0.4059	0.4667	3.916	0.3655	0.4049	0.116	-0.0404	-0.0618
(44, 70)	false	4.188	0.34	0.4195	4.144	0.3837	0.4309	0.044	0.0437	0.0114
(44, 70)	false	3.828	0.4104	0.535	3.98	0.3893	0.4894	-0.152	-0.0211	-0.0455
(44, 70)	true	4.244	0.3992	0.4862	4.372	0.3184	0.4618	0.128	0.0809	0.0244
(44, 70)	true	4.192	0.3889	0.4341	4.108	0.4022	0.4439	-0.084	-0.0134	-0.0098
(23, 72)	true	3.902	0.3857	0.4537	3.826	0.4108	0.5089	-0.076	-0.0252	-0.0553
(23, 72)	false	3.874	0.3869	0.4114	4.166	0.3677	0.4211	-0.292	-0.0191	0.0098
(23, 72)	false	3.924	0.378	0.3935	4.268	0.3801	0.4016	-0.344	0.0021	0.0081
(23, 72)	true	4.21	0.3638	0.4228	4.01	0.3689	0.4504	-0.2	-0.0051	-0.0276
(23, 72)	true	3.86	0.442	0.4585	3.89	0.3991	0.4195	0.03	0.0429	0.039
(23, 72)	true	4.032	0.4059	0.4667	4.07	0.3776	0.4423	0.038	0.0283	0.0244
(23, 72)	false	4.188	0.34	0.4195	4.18	0.4419	0.4732	0.008	0.1019	0.0537
(23, 72)	false	3.828	0.4104	0.535	4.268	0.351	0.4732	-0.44	-0.0594	-0.0618
(23, 72)	true	4.244	0.3992	0.4862	3.86	0.3511	0.4846	-0.384	0.0482	0.0016
(23, 72)	true	4.192	0.3889	0.4341	4.218	0.3921	0.4309	0.026	-0.0032	0.0033
(17, 37)	false	3.902	0.3857	0.4537	4.354	0.3616	0.4943	-0.452	-0.0241	0.0407
(17, 37)	false	3.874	0.3869	0.4114	4.086	0.3698	0.4244	-0.212	-0.017	0.013
(17, 37)	false	3.924	0.378	0.3935	4.098	0.4153	0.4504	-0.174	0.0373	0.0569
(17, 37)	false	4.21	0.3638	0.4228	3.998	0.3165	0.4244	0.212	-0.0473	0.0016
(17, 37)	true	3.86	0.442	0.4585	3.664	0.4195	0.4488	-0.196	0.0225	0.0098
(17, 37)	true	4.032	0.4059	0.4667	3.626	0.4428	0.4325	-0.406	-0.0368	0.0341
(17, 37)	true	4.188	0.34	0.4195	4.01	0.3992	0.4504	-0.178	-0.0592	-0.0309
(17, 37)	false	3.828	0.4104	0.535	4.214	0.3332	0.4699	-0.386	-0.0772	-0.065
(17, 37)	false	4.244	0.3992	0.4862	4.066	0.3942	0.5431	0.178	-0.005	0.0569
(17, 37)	true	4.192	0.3889	0.4341	4.542	0.3334	0.4195	0.35	0.0555	0.0146
(58, 77)	false	3.902	0.3857	0.4537	4.01	0.3804	0.4829	-0.108	-0.0052	0.0293
(58, 77)	false	3.874	0.3869	0.4114	4.1	0.3555	0.4033	-0.226	-0.0313	-0.0081
(58, 77)	false	3.924	0.378	0.3935	4.228	0.3908	0.413	-0.304	0.0127	0.0195
(58, 77)	true	4.21	0.3638	0.4228	4.084	0.3547	0.4244	-0.126	0.0091	-0.0016
(58, 77)	false	3.86	0.442	0.4585	4.03	0.4144	0.3789	-0.17	-0.0276	-0.0797
(58, 77)	false	4.032	0.4059	0.4667	4.062	0.4204	0.4715	-0.03	0.0144	0.0049
(58, 77)	false	4.188	0.34	0.4195	4.256	0.3484	0.4309	-0.068	0.0085	0.0114
(58, 77)	true	3.828	0.4104	0.535	4.364	0.3083	0.4195	0.536	0.102	0.1154
(58, 77)	true	4.244	0.3992	0.4862	4.53	0.3281	0.5089	0.286	0.0712	-0.0228
(58, 77)	true	4.192	0.3889	0.4341	4.088	0.4067	0.4878	-0.104	-0.0178	-0.0537
(35, 47)	true	3.902	0.3857	0.4537	3.988	0.4304	0.4715	0.086	-0.0448	-0.0179
(35, 47)	false	3.874	0.3869	0.4114	3.892	0.385	0.4358	-0.018	-0.0019	0.0244
(35, 47)	false	3.924	0.378	0.3935	3.916	0.3974	0.4293	0.008	0.0194	0.0358
(35, 47)	true	4.21	0.3638	0.4228	4.514	0.3221	0.4179	0.304	0.0417	0.0049
(35, 47)	true	3.86	0.442	0.4585	4.142	0.3849	0.4081	0.282	0.0572	0.0504
(35, 47)	true	4.032	0.4059	0.4667	3.7	0.4306	0.4715	-0.332	-0.0247	-0.0049
(35, 47)	false	4.188	0.34	0.4195	4.48	0.3479	0.4634	-0.292	0.0079	0.0439
(35, 47)	false	3.828	0.4104	0.535	3.892	0.3524	0.478	-0.064	-0.0579	-0.0569
(35, 47)	false	4.244	0.3992	0.4862	3.92	0.4473	0.5252	0.324	0.0481	0.039
(35, 47)	true	4.192	0.3889	0.4341	4.078	0.4051	0.5041	-0.114	-0.0162	-0.0699
(24, 33)	false	3.902	0.3857	0.4537	3.618	0.4577	0.5122	0.284	0.0721	0.0585
(24, 33)	false	3.874	0.3869	0.4114	3.978	0.3933	0.3837	-0.104	0.0065	-0.0276
(24, 33)	false	3.924	0.378	0.3935	4.25	0.3812	0.3821	-0.326	0.0032	-0.0114
(24, 33)	true	4.21	0.3638	0.4228	4.304	0.3278	0.3902	0.094	0.036	0.0325
(24, 33)	false	3.86	0.442	0.4585	3.7	0.4525	0.4276	0.16	0.0104	-0.0309
(24, 33)	false	4.032	0.4059	0.4667	3.964	0.3724	0.4846	0.068	-0.0336	0.0179
(24, 33)	true	4.188	0.34	0.4195	4.34	0.3803	0.4244	0.152	-0.0403	-0.0049
(24, 33)	true	3.828	0.4104	0.535	3.864	0.388	0.4667	0.036	0.0224	0.0683
(24, 33)	false	4.244	0.3992	0.4862	3.886	0.3636	0.5171	0.358	-0.0357	0.0309
(24, 33)	true	4.192	0.3889	0.4341	3.706	0.4547	0.452	-0.486	-0.0659	-0.0179
(22, 47)	false	3.902	0.3857	0.4537	4.164	0.3758	0.4732	-0.262	-0.0099	0.0195
(22, 47)	false	3.874	0.3869	0.4114	3.886	0.3387	0.4049	-0.012	-0.0482	-0.0065
(22, 47)	false	3.924	0.378	0.3935	4.15	0.3804	0.4033	-0.226	0.0023	0.0098
(22, 47)	false	4.21	0.3638	0.4228	3.748	0.3715	0.4146	0.462	0.0077	-0.0081
(22, 47)	false	3.86	0.442	0.4585	3.684	0.4217	0.4455	0.176	-0.0203	-0.013
(22, 47)	false	4.032	0.4059	0.4667	4.144	0.3793	0.4813	-0.112	-0.0266	0.0146
(22, 47)	false	4.188	0.34	0.4195	4.438	0.366	0.4537	-0.25	0.026	0.0341
(22, 47)	false	3.828	0.4104	0.535	3.952	0.3339	0.4846	-0.124	-0.0765	-0.0504
(22, 47)	true	4.244	0.3992	0.4862	4	0.4272	0.5203	-0.244	-0.028	-0.0341
(22, 47)	true	4.192	0.3889	0.4341	3.88	0.4046	0.4569	-0.312	-0.0157	-0.0228
(24, 76)	false	3.902	0.3857	0.4537	3.688	0.4185	0.522	0.214	0.0328	0.0683
(24, 76)	false	3.874	0.3869	0.4114	4.238	0.394	0.3577	-0.364	0.0071	-0.0537
(24, 76)	false	3.924	0.378	0.3935	3.932	0.423	0.4114	-0.008	0.045	0.0179
(24, 76)	true	4.21	0.3638	0.4228	4.006	0.3373	0.4585	-0.204	0.0266	-0.0358
(24, 76)	false	3.86	0.442	0.4585	3.99	0.4033	0.4488	-0.13	-0.0387	-0.0098
(24, 76)	true	4.032	0.4059	0.4667	3.708	0.4451	0.5024	-0.324	-0.0391	-0.0358
(24, 76)	true	4.188	0.34	0.4195	4.128	0.4	0.439	-0.06	-0.06	-0.0195
(24, 76)	true	3.828	0.4104	0.535	4.284	0.3339	0.4618	0.456	0.0765	0.0732
(24, 76)	false	4.244	0.3992	0.4862	3.732	0.4371	0.5268	0.512	0.0379	0.0407
(24, 76)	true	4.192	0.3889	0.4341	3.774	0.4478	0.4439	-0.418	-0.0589	-0.0098
(64, 71)	false	3.902	0.3857	0.4537	3.95	0.3975	0.4699	-0.048	0.0118	0.0163
(64, 71)	true	3.874	0.3869	0.4114	3.88	0.424	0.4065	0.006	-0.0371	0.0049
(64, 71)	true	3.924	0.378	0.3935	3.94	0.4179	0.439	0.016	-0.0399	-0.0455
(64, 71)	false	4.21	0.3638	0.4228	4.122	0.3745	0.387	0.088	0.0107	-0.0358
(64, 71)	false	3.86	0.442	0.4585	3.554	0.4414	0.4455	0.306	-0.0007	-0.013
(64, 71)	false	4.032	0.4059	0.4667	3.934	0.4067	0.4715	0.098	0.0007	0.0049
(64, 71)	false	4.188	0.34	0.4195	4.222	0.4038	0.4423	-0.034	0.0638	0.0228
(64, 71)	true	3.828	0.4104	0.535	4.102	0.3575	0.465	0.274	0.0528	0.0699
(64, 71)	true	4.244	0.3992	0.4862	4.386	0.3688	0.4293	0.142	0.0304	0.0569
(64, 71)	true	4.192	0.3889	0.4341	3.542	0.4423	0.4325	-0.65	-0.0534	0.0016
(20, 40)	true	3.902	0.3857	0.4537	3.896	0.4358	0.5106	-0.006	-0.0501	-0.0569
(20, 40)	false	3.874	0.3869	0.4114	3.936	0.4052	0.3984	-0.062	0.0183	-0.013
(20, 40)	false	3.924	0.378	0.3935	4.186	0.4078	0.4309	-0.262	0.0298	0.0374
(20, 40)	false	4.21	0.3638	0.4228	4.33	0.3557	0.4325	-0.12	-0.0081	0.0098
(20, 40)	false	3.86	0.442	0.4585	4.218	0.3744	0.4439	-0.358	-0.0676	-0.0146
(20, 40)	false	4.032	0.4059	0.4667	4.128	0.3779	0.4764	-0.096	-0.028	0.0098
(20, 40)	true	4.188	0.34	0.4195	4.04	0.4329	0.4569	-0.148	-0.093	-0.0374
(20, 40)	false	3.828	0.4104	0.535	3.934	0.3896	0.478	-0.106	-0.0207	-0.0569
(20, 40)	true	4.244	0.3992	0.4862	4.172	0.3953	0.5106	-0.072	0.0039	-0.0244
(20, 40)	true	4.192	0.3889	0.4341	4.07	0.3919	0.4033	-0.122	-0.003	0.0309
(23, 34)	true	3.902	0.3857	0.4537	3.818	0.4141	0.4699	-0.084	-0.0284	-0.0163
(23, 34)	true	3.874	0.3869	0.4114	4.176	0.3986	0.4374	0.302	-0.0118	-0.026
(23, 34)	true	3.924	0.378	0.3935	4.086	0.3662	0.413	0.162	0.0118	-0.0195
(23, 34)	true	4.21	0.3638	0.4228	4.144	0.3595	0.4602	-0.066	0.0044	-0.0374
(23, 34)	false	3.86	0.442	0.4585	3.58	0.4164	0.4472	0.28	-0.0257	-0.0114
(23, 34)	false	4.032	0.4059	0.4667	4.054	0.4037	0.4634	-0.022	-0.0022	-0.0033
(23, 34)	false	4.188	0.34	0.4195	4.15	0.3795	0.4033	0.038	0.0396	-0.0163
(23, 34)	false	3.828	0.4104	0.535	3.9	0.3651	0.4602	-0.072	-0.0453	-0.0748
(23, 34)	true	4.244	0.3992	0.4862	3.944	0.3989	0.5122	-0.3	0.0003	-0.026
(23, 34)	true	4.192	0.3889	0.4341	3.9	0.4271	0.4764	-0.292	-0.0382	-0.0423
(34, 47)	false	3.902	0.3857	0.4537	3.846	0.4392	0.5252	0.056	0.0536	0.0715
(34, 47)	false	3.874	0.3869	0.4114	3.956	0.3806	0.3886	-0.082	-0.0062	-0.0228
(34, 47)	false	3.924	0.378	0.3935	3.92	0.3315	0.4163	0.004	-0.0466	0.0228
(34, 47)	true	4.21	0.3638	0.4228	4.302	0.3342	0.4244	0.092	0.0296	-0.0016
(34, 47)	false	3.86	0.442	0.4585	3.798	0.4209	0.452	0.062	-0.0211	-0.0065
(34, 47)	false	4.032	0.4059	0.4667	4.022	0.4173	0.4455	0.01	0.0113	-0.0211
(34, 47)	false	4.188	0.34	0.4195	4.042	0.3715	0.4732	0.146	0.0315	0.0537
(34, 47)	true	3.828	0.4104	0.535	4.128	0.3802	0.4618	0.3	0.0302	0.0732
(34, 47)	true	4.244	0.3992	0.4862	4.24	0.4018	0.4455	-0.004	-0.0026	0.0407
(34, 47)	true	4.192	0.3889	0.4341	3.798	0.4331	0.4846	-0.394	-0.0442	-0.0504
(61, 74)	false	3.902	0.3857	0.4537	3.84	0.4376	0.4699	0.062	0.0519	0.0163
(61, 74)	false	3.874	0.3869	0.4114	3.9	0.3899	0.3496	-0.026	0.0031	-0.0618
(61, 74)	false	3.924	0.378	0.3935	4.164	0.3838	0.3772	-0.24	0.0058	-0.0163
(61, 74)	false	4.21	0.3638	0.4228	4.036	0.3882	0.4195	0.174	0.0244	-0.0033
(61, 74)	true	3.86	0.442	0.4585	4.232	0.3814	0.3789	0.372	0.0607	0.0797
(61, 74)	true	4.032	0.4059	0.4667	3.986	0.4099	0.4504	-0.046	-0.004	0.0163
(61, 74)	false	4.188	0.34	0.4195	4.17	0.4008	0.4764	0.018	0.0609	0.0569
(61, 74)	false	3.828	0.4104	0.535	4.332	0.3553	0.4764	-0.504	-0.055	-0.0585
(61, 74)	false	4.244	0.3992	0.4862	4.224	0.3601	0.4959	0.02	-0.0391	0.0098
(61, 74)	true	4.192	0.3889	0.4341	3.96	0.4155	0.4683	-0.232	-0.0266	-0.0341
(21, 33)	false	3.902	0.3857	0.4537	4.254	0.354	0.4537	-0.352	-0.0317	0
(21, 33)	false	3.874	0.3869	0.4114	4.072	0.4176	0.4211	-0.198	0.0307	0.0098
(21, 33)	false	3.924	0.378	0.3935	4.292	0.3997	0.4065	-0.368	0.0217	0.013
(21, 33)	false	4.21	0.3638	0.4228	4.21	0.3576	0.426	0	-0.0062	0.0033
(21, 33)	false	3.86	0.442	0.4585	3.914	0.4292	0.452	-0.054	-0.0128	-0.0065
(21, 33)	false	4.032	0.4059	0.4667	3.658	0.4431	0.4699	0.374	0.0372	0.0033
(21, 33)	false	4.188	0.34	0.4195	4.284	0.3559	0.4618	-0.096	0.0159	0.0423
(21, 33)	true	3.828	0.4104	0.535	3.92	0.3747	0.4537	0.092	0.0356	0.0813
(21, 33)	true	4.244	0.3992	0.4862	4.094	0.376	0.4764	-0.15	0.0232	0.0098
(21, 33)	true	4.192	0.3889	0.4341	4.196	0.373	0.4813	0.004	0.0159	-0.0472
(24, 73)	false	3.902	0.3857	0.4537	3.514	0.4418	0.5057	0.388	0.0561	0.052
(24, 73)	false	3.874	0.3869	0.4114	3.598	0.3933	0.4114	0.276	0.0065	-0
(24, 73)	false	3.924	0.378	0.3935	3.754	0.404	0.3789	0.17	0.026	-0.0146
(24, 73)	false	4.21	0.3638	0.4228	4.426	0.3224	0.4374	-0.216	-0.0414	0.0146
(24, 73)	false	3.86	0.442	0.4585	3.494	0.507	0.478	0.366	0.0649	0.0195
(24, 73)	false	4.032	0.4059	0.4667	4.502	0.3569	0.452	-0.47	-0.049	-0.0146
(24, 73)	false	4.188	0.34	0.4195	4.536	0.378	0.4065	-0.348	0.038	-0.013
(24, 73)	false	3.828	0.4104	0.535	4.006	0.3622	0.4553	-0.178	-0.0482	-0.0797
(24, 73)	false	4.244	0.3992	0.4862	3.978	0.3793	0.5057	0.266	-0.02	0.0195
(24, 73)	true	4.192	0.3889	0.4341	3.594	0.4634	0.4699	-0.598	-0.0745	-0.0358
(26, 77)	true	3.902	0.3857	0.4537	3.954	0.3943	0.4715	0.052	-0.0087	-0.0179
(26, 77)	true	3.874	0.3869	0.4114	4.196	0.3509	0.3561	0.322	0.0359	0.0553
(26, 77)	true	3.924	0.378	0.3935	4.21	0.3359	0.3789	0.286	0.0421	0.0146
(26, 77)	false	4.21	0.3638	0.4228	4.046	0.3642	0.439	0.164	0.0004	0.0163
(26, 77)	false	3.86	0.442	0.4585	3.886	0.4235	0.5008	-0.026	-0.0186	0.0423
(26, 77)	false	4.032	0.4059	0.4667	3.808	0.424	0.4488	0.224	0.0181	-0.0179
(26, 77)	false	4.188	0.34	0.4195	4.316	0.3728	0.4114	-0.128	0.0329	-0.0081
(26, 77)	true	3.828	0.4104	0.535	4.398	0.3299	0.4504	0.57	0.0805	0.0846
(26, 77)	true	4.244	0.3992	0.4862	4.068	0.3844	0.5138	-0.176	0.0148	-0.0276
(26, 77)	true	4.192	0.3889	0.4341	3.698	0.4202	0.4211	-0.494	-0.0313	0.013
(19, 36)	true	3.902	0.3857	0.4537	3.984	0.3578	0.4114	0.082	0.0278	0.0423
(19, 36)	false	3.874	0.3869	0.4114	4.424	0.3456	0.3935	-0.55	-0.0412	-0.0179
(19, 36)	false	3.924	0.378	0.3935	4.208	0.3441	0.3593	-0.284	-0.0339	-0.0341
(19, 36)	false	4.21	0.3638	0.4228	4.086	0.3603	0.4455	0.124	-0.0035	0.0228
(19, 36)	false	3.86	0.442	0.4585	3.814	0.448	0.4163	0.046	0.0059	-0.0423
(19, 36)	false	4.032	0.4059	0.4667	3.896	0.4216	0.4179	0.136	0.0157	-0.0488
(19, 36)	false	4.188	0.34	0.4195	4.2	0.4039	0.4488	-0.012	0.064	0.0293
(19, 36)	false	3.828	0.4104	0.535	4.114	0.3499	0.452	-0.286	-0.0605	-0.0829
(19, 36)	false	4.244	0.3992	0.4862	4.458	0.3648	0.5268	-0.214	-0.0345	0.0407
(19, 36)	true	4.192	0.3889	0.4341	3.816	0.4105	0.4585	-0.376	-0.0216	-0.0244
(48, 63)	false	3.902	0.3857	0.4537	4.012	0.4207	0.4407	-0.11	0.0351	-0.013
(48, 63)	true	3.874	0.3869	0.4114	4.116	0.3725	0.4179	0.242	0.0143	-0.0065
(48, 63)	true	3.924	0.378	0.3935	4.066	0.3752	0.4049	0.142	0.0029	-0.0114
(48, 63)	false	4.21	0.3638	0.4228	3.694	0.4198	0.4358	0.516	0.056	0.013
(48, 63)	false	3.86	0.442	0.4585	3.926	0.409	0.3772	-0.066	-0.033	-0.0813
(48, 63)	false	4.032	0.4059	0.4667	3.992	0.386	0.4146	0.04	-0.0199	-0.052
(48, 63)	true	4.188	0.34	0.4195	4.106	0.4201	0.4894	-0.082	-0.0802	-0.0699
(48, 63)	false	3.828	0.4104	0.535	4.06	0.3968	0.4764	-0.232	-0.0136	-0.0585
(48, 63)	false	4.244	0.3992	0.4862	3.842	0.3875	0.4699	0.402	-0.0117	-0.0163
(48, 63)	true	4.192	0.3889	0.4341	4.11	0.4174	0.4959	-0.082	-0.0286	-0.0618
(21, 47)	false	3.902	0.3857	0.4537	4.068	0.3939	0.4715	-0.166	0.0082	0.0179
(21, 47)	false	3.874	0.3869	0.4114	4.046	0.4136	0.4504	-0.172	0.0267	0.039
(21, 47)	false	3.924	0.378	0.3935	3.928	0.4068	0.4699	-0.004	0.0288	0.0764
(21, 47)	false	4.21	0.3638	0.4228	4.256	0.3769	0.3919	-0.046	0.0131	-0.0309
(21, 47)	false	3.86	0.442	0.4585	3.7	0.4458	0.478	0.16	0.0038	0.0195
(21, 47)	false	4.032	0.4059	0.4667	3.894	0.3998	0.4488	0.138	-0.0061	-0.0179
(21, 47)	true	4.188	0.34	0.4195	4.644	0.3577	0.4309	0.456	-0.0178	-0.0114
(21, 47)	true	3.828	0.4104	0.535	4.236	0.3425	0.4911	0.408	0.0679	0.0439
(21, 47)	false	4.244	0.3992	0.4862	4.312	0.3674	0.5008	-0.068	-0.0318	0.0146
(21, 47)	true	4.192	0.3889	0.4341	3.658	0.4504	0.4569	-0.534	-0.0615	-0.0228
(61, 77)	true	3.902	0.3857	0.4537	4.258	0.3571	0.4423	0.356	0.0285	0.0114
(61, 77)	false	3.874	0.3869	0.4114	4.23	0.3344	0.4325	-0.356	-0.0524	0.0211
(61, 77)	false	3.924	0.378	0.3935	4.54	0.3187	0.4114	-0.616	-0.0593	0.0179
(61, 77)	false	4.21	0.3638	0.4228	4.134	0.3474	0.4553	0.076	-0.0164	0.0325
(61, 77)	false	3.86	0.442	0.4585	3.734	0.4417	0.4846	0.126	-0.0003	0.026
(61, 77)	false	4.032	0.4059	0.4667	3.95	0.3951	0.4341	0.082	-0.0108	-0.0325
(61, 77)	false	4.188	0.34	0.4195	4.222	0.3727	0.4293	-0.034	0.0328	0.0098
(61, 77)	false	3.828	0.4104	0.535	4.452	0.3288	0.4602	-0.624	-0.0815	-0.0748
(61, 77)	false	4.244	0.3992	0.4862	3.854	0.4104	0.5545	0.39	0.0112	0.0683
(61, 77)	true	4.192	0.3889	0.4341	3.87	0.4501	0.4211	-0.322	-0.0612	0.013
(24, 75)	false	3.902	0.3857	0.4537	3.676	0.3953	0.5024	0.226	0.0097	0.0488
(24, 75)	true	3.874	0.3869	0.4114	4.33	0.35	0.3691	0.456	0.0369	0.0423
(24, 75)	true	3.924	0.378	0.3935	3.902	0.365	0.4309	-0.022	0.013	-0.0374
(24, 75)	false	4.21	0.3638	0.4228	4.246	0.3707	0.439	-0.036	0.0068	0.0163
(24, 75)	false	3.86	0.442	0.4585	3.844	0.439	0.4374	0.016	-0.003	-0.0211
(24, 75)	false	4.032	0.4059	0.4667	4.094	0.3927	0.4455	-0.062	-0.0132	-0.0211
(24, 75)	true	4.188	0.34	0.4195	4.038	0.3553	0.4634	-0.15	-0.0154	-0.0439
(24, 75)	false	3.828	0.4104	0.535	4.114	0.378	0.4732	-0.286	-0.0324	-0.0618
(24, 75)	false	4.244	0.3992	0.4862	3.814	0.4482	0.5203	0.43	0.049	0.0341
(24, 75)	true	4.192	0.3889	0.4341	3.948	0.4067	0.4959	-0.244	-0.0179	-0.0618
(64, 72)	true	3.902	0.3857	0.4537	3.828	0.4093	0.4748	-0.074	-0.0237	-0.0211
(64, 72)	true	3.874	0.3869	0.4114	4.218	0.3649	0.4065	0.344	0.022	0.0049
(64, 72)	true	3.924	0.378	0.3935	4.256	0.3386	0.4065	0.332	0.0394	-0.013
(64, 72)	false	4.21	0.3638	0.4228	4.284	0.3632	0.426	-0.074	-0.0006	0.0033
(64, 72)	false	3.86	0.442	0.4585	4.068	0.4005	0.413	-0.208	-0.0415	-0.0455
(64, 72)	false	4.032	0.4059	0.4667	3.828	0.4391	0.478	0.204	0.0332	0.0114
(64, 72)	false	4.188	0.34	0.4195	4.276	0.376	0.4244	-0.088	0.0361	0.0049
(64, 72)	true	3.828	0.4104	0.535	3.98	0.3533	0.4764	0.152	0.0571	0.0585
(64, 72)	false	4.244	0.3992	0.4862	3.966	0.3652	0.5154	0.278	-0.0341	0.0293
(64, 72)	true	4.192	0.3889	0.4341	4.2	0.3684	0.452	0.008	0.0205	-0.0179
(20, 71)	true	3.902	0.3857	0.4537	4.134	0.3567	0.4797	0.232	0.029	-0.026
(20, 71)	false	3.874	0.3869	0.4114	4.412	0.3328	0.4537	-0.538	-0.0541	0.0423
(20, 71)	false	3.924	0.378	0.3935	4.082	0.3283	0.4699	-0.158	-0.0498	0.0764
(20, 71)	false	4.21	0.3638	0.4228	4.018	0.3592	0.426	0.192	-0.0046	0.0033
(20, 71)	false	3.86	0.442	0.4585	4.218	0.3703	0.4667	-0.358	-0.0717	0.0081
(20, 71)	false	4.032	0.4059	0.4667	3.734	0.4525	0.4439	0.298	0.0466	-0.0228
(20, 71)	false	4.188	0.34	0.4195	4.31	0.3518	0.4358	-0.122	0.0118	0.0163
(20, 71)	false	3.828	0.4104	0.535	3.804	0.367	0.5268	0.024	-0.0433	-0.0081
(20, 71)	false	4.244	0.3992	0.4862	4.444	0.3807	0.5041	-0.2	-0.0185	0.0179
(20, 71)	true	4.192	0.3889	0.4341	3.79	0.4303	0.4374	-0.402	-0.0414	-0.0033
(63, 72)	true	3.902	0.3857	0.4537	3.662	0.428	0.4618	-0.24	-0.0424	-0.0081
(63, 72)	true	3.874	0.3869	0.4114	3.93	0.377	0.3626	0.056	0.0099	0.0488
(63, 72)	true	3.924	0.378	0.3935	4.238	0.3948	0.4049	0.314	-0.0168	-0.0114
(63, 72)	true	4.21	0.3638	0.4228	3.848	0.3861	0.4309	-0.362	-0.0223	-0.0081
(63, 72)	false	3.86	0.442	0.4585	3.896	0.4076	0.4065	-0.036	-0.0345	-0.052
(63, 72)	false	4.032	0.4059	0.4667	3.908	0.4002	0.4439	0.124	-0.0058	-0.0228
(63, 72)	false	4.188	0.34	0.4195	3.918	0.3712	0.4618	0.27	0.0313	0.0423
(63, 72)	false	3.828	0.4104	0.535	3.946	0.3836	0.4699	-0.118	-0.0268	-0.065
(63, 72)	true	4.244	0.3992	0.4862	4.24	0.318	0.4211	-0.004	0.0812	0.065
(63, 72)	true	4.192	0.3889	0.4341	4.246	0.4251	0.4325	0.054	-0.0362	0.0016
(18, 37)	false	3.902	0.3857	0.4537	3.786	0.4011	0.4732	0.116	0.0155	0.0195
(18, 37)	false	3.874	0.3869	0.4114	3.97	0.3864	0.4813	-0.096	-0.0004	0.0699
(18, 37)	false	3.924	0.378	0.3935	4.164	0.3621	0.4016	-0.24	-0.0159	0.0081
(18, 37)	false	4.21	0.3638	0.4228	4.542	0.3139	0.3902	-0.332	-0.0499	-0.0325
(18, 37)	false	3.86	0.442	0.4585	3.558	0.4127	0.4537	0.302	-0.0293	-0.0049
(18, 37)	false	4.032	0.4059	0.4667	3.882	0.4095	0.4455	0.15	0.0035	-0.0211
(18, 37)	false	4.188	0.34	0.4195	4.106	0.3731	0.4602	0.082	0.0331	0.0407
(18, 37)	true	3.828	0.4104	0.535	4.598	0.3086	0.426	0.77	0.1018	0.1089
(18, 37)	false	4.244	0.3992	0.4862	3.928	0.38	0.5089	0.316	-0.0192	0.0228
(18, 37)	true	4.192	0.3889	0.4341	3.652	0.4434	0.4683	-0.54	-0.0545	-0.0341
(22, 71)	false	3.902	0.3857	0.4537	3.772	0.4322	0.4667	0.13	0.0466	0.013
(22, 71)	false	3.874	0.3869	0.4114	3.788	0.4117	0.4423	0.086	0.0249	0.0309
(22, 71)	false	3.924	0.378	0.3935	4.012	0.3845	0.4065	-0.088	0.0065	0.013
(22, 71)	true	4.21	0.3638	0.4228	3.942	0.353	0.4016	-0.268	0.0108	0.0211
(22, 71)	true	3.86	0.442	0.4585	4.1	0.3678	0.3805	0.24	0.0743	0.078
(22, 71)	true	4.032	0.4059	0.4667	4.218	0.3551	0.413	0.186	0.0508	0.0537
(22, 71)	false	4.188	0.34	0.4195	4.006	0.4342	0.4764	0.182	0.0942	0.0569
(22, 71)	false	3.828	0.4104	0.535	4.248	0.329	0.4878	-0.42	-0.0813	-0.0472
(22, 71)	false	4.244	0.3992	0.4862	4.094	0.3767	0.4911	0.15	-0.0225	0.0049
(22, 71)	true	4.192	0.3889	0.4341	3.946	0.4368	0.4829	-0.246	-0.0479	-0.0488
(21, 71)	false	3.902	0.3857	0.4537	4.092	0.3912	0.4488	-0.19	0.0055	-0.0049
(21, 71)	false	3.874	0.3869	0.4114	4.128	0.3524	0.4098	-0.254	-0.0345	-0.0016
(21, 71)	false	3.924	0.378	0.3935	4.092	0.3725	0.4114	-0.168	-0.0055	0.0179
(21, 71)	true	4.21	0.3638	0.4228	4.118	0.3805	0.4358	-0.092	-0.0167	-0.013
(21, 71)	false	3.86	0.442	0.4585	3.75	0.4632	0.4228	0.11	0.0212	-0.0358
(21, 71)	false	4.032	0.4059	0.4667	4.234	0.3416	0.4715	-0.202	-0.0644	0.0049
(21, 71)	true	4.188	0.34	0.4195	4.212	0.3807	0.4276	0.024	-0.0408	-0.0081
(21, 71)	false	3.828	0.4104	0.535	4.064	0.3833	0.4829	-0.236	-0.027	-0.052
(21, 71)	true	4.244	0.3992	0.4862	4.222	0.4249	0.5252	-0.022	-0.0257	-0.039
(21, 71)	true	4.192	0.3889	0.4341	4.156	0.4426	0.4553	-0.036	-0.0538	-0.0211
(23, 32)	false	3.902	0.3857	0.4537	3.768	0.3982	0.4374	0.134	0.0125	-0.0163
(23, 32)	false	3.874	0.3869	0.4114	4.44	0.3678	0.4	-0.566	-0.0191	-0.0114
(23, 32)	false	3.924	0.378	0.3935	4.488	0.3285	0.3967	-0.564	-0.0495	0.0033
(23, 32)	false	4.21	0.3638	0.4228	4.418	0.325	0.439	-0.208	-0.0389	0.0163
(23, 32)	false	3.86	0.442	0.4585	3.716	0.3836	0.4293	0.144	-0.0584	-0.0293
(23, 32)	false	4.032	0.4059	0.4667	4.134	0.3658	0.4504	-0.102	-0.0401	-0.0163
(23, 32)	false	4.188	0.34	0.4195	4.188	0.3887	0.4683	-0	0.0487	0.0488
(23, 32)	true	3.828	0.4104	0.535	3.846	0.3869	0.4829	0.018	0.0235	0.052
(23, 32)	false	4.244	0.3992	0.4862	4.212	0.3794	0.4927	0.032	-0.0199	0.0065
(23, 32)	true	4.192	0.3889	0.4341	4.276	0.3728	0.5171	0.084	0.0161	-0.0829
(60, 78)	true	3.902	0.3857	0.4537	3.57	0.4332	0.4894	-0.332	-0.0475	-0.0358
(60, 78)	true	3.874	0.3869	0.4114	3.94	0.4146	0.4211	0.066	-0.0278	-0.0098
(60, 78)	true	3.924	0.378	0.3935	3.818	0.4312	0.4244	-0.106	-0.0532	-0.0309
(60, 78)	false	4.21	0.3638	0.4228	4.136	0.371	0.4309	0.074	0.0072	0.0081
(60, 78)	false	3.86	0.442	0.4585	3.42	0.4572	0.4602	0.44	0.0152	0.0016
(60, 78)	false	4.032	0.4059	0.4667	3.992	0.373	0.4585	0.04	-0.0329	-0.0081
(60, 78)	true	4.188	0.34	0.4195	4.15	0.3923	0.4472	-0.038	-0.0524	-0.0276
(60, 78)	false	3.828	0.4104	0.535	4.194	0.3156	0.439	-0.366	-0.0948	-0.0959
(60, 78)	false	4.244	0.3992	0.4862	4.116	0.3576	0.4976	0.128	-0.0416	0.0114
(60, 78)	true	4.192	0.3889	0.4341	4.206	0.3747	0.4423	0.014	0.0142	-0.0081
(20, 37)	false	3.902	0.3857	0.4537	3.624	0.3926	0.4748	0.278	0.0069	0.0211
(20, 37)	false	3.874	0.3869	0.4114	4.454	0.3327	0.4033	-0.58	-0.0542	-0.0081
(20, 37)	false	3.924	0.378	0.3935	4.398	0.334	0.4244	-0.474	-0.044	0.0309
(20, 37)	false	4.21	0.3638	0.4228	3.972	0.3543	0.3984	0.238	-0.0095	-0.0244
(20, 37)	false	3.86	0.442	0.4585	3.604	0.4563	0.4699	0.256	0.0142	0.0114
(20, 37)	false	4.032	0.4059	0.4667	3.766	0.3666	0.4569	0.266	-0.0393	-0.0098
(20, 37)	false	4.188	0.34	0.4195	4.338	0.356	0.3642	-0.15	0.0161	-0.0553
(20, 37)	false	3.828	0.4104	0.535	3.942	0.3799	0.4894	-0.114	-0.0305	-0.0455
(20, 37)	false	4.244	0.3992	0.4862	4.01	0.3549	0.4943	0.234	-0.0444	0.0081
(20, 37)	true	4.192	0.3889	0.4341	4.316	0.3563	0.4715	0.124	0.0325	-0.0374
(23, 73)	true	3.902	0.3857	0.4537	3.744	0.4075	0.4846	-0.158	-0.0218	-0.0309
(23, 73)	false	3.874	0.3869	0.4114	4.194	0.3603	0.3967	-0.32	-0.0265	-0.0146
(23, 73)	false	3.924	0.378	0.3935	4.132	0.399	0.4163	-0.208	0.021	0.0228
(23, 73)	true	4.21	0.3638	0.4228	4.38	0.3552	0.4098	0.17	0.0086	0.013
(23, 73)	false	3.86	0.442	0.4585	3.912	0.3749	0.4081	-0.052	-0.0671	-0.0504
(23, 73)	false	4.032	0.4059	0.4667	3.928	0.4126	0.4699	0.104	0.0066	0.0033
(23, 73)	true	4.188	0.34	0.4195	4.11	0.4447	0.4455	-0.078	-0.1048	-0.026
(23, 73)	false	3.828	0.4104	0.535	3.792	0.3892	0.4862	0.036	-0.0211	-0.0488
(23, 73)	false	4.244	0.3992	0.4862	4.294	0.3682	0.4602	-0.05	-0.0311	-0.026
(23, 73)	true	4.192	0.3889	0.4341	3.914	0.4472	0.452	-0.278	-0.0584	-0.0179
(24, 51)	false	3.902	0.3857	0.4537	3.824	0.4286	0.4585	0.078	0.0429	0.0049
(24, 51)	false	3.874	0.3869	0.4114	3.834	0.3903	0.3902	0.04	0.0034	-0.0211
(24, 51)	false	3.924	0.378	0.3935	4.092	0.3965	0.3902	-0.168	0.0185	-0.0033
(24, 51)	false	4.21	0.3638	0.4228	4.338	0.3383	0.4585	-0.128	-0.0255	0.0358
(24, 51)	false	3.86	0.442	0.4585	3.982	0.3623	0.4033	-0.122	-0.0797	-0.0553
(24, 51)	false	4.032	0.4059	0.4667	4.292	0.3538	0.3951	-0.26	-0.0522	-0.0715
(24, 51)	false	4.188	0.34	0.4195	4.164	0.3822	0.4146	0.024	0.0422	-0.0049
(24, 51)	true	3.828	0.4104	0.535	3.926	0.3332	0.4894	0.098	0.0771	0.0455
(24, 51)	true	4.244	0.3992	0.4862	3.902	0.4038	0.4862	-0.342	-0.0046	-0
(24, 51)	true	4.192	0.3889	0.4341	3.964	0.3904	0.4618	-0.228	-0.0016	-0.0276
(58, 78)	true	3.902	0.3857	0.4537	4.042	0.406	0.4894	0.14	-0.0203	-0.0358
(58, 78)	true	3.874	0.3869	0.4114	4.208	0.3598	0.3935	0.334	0.0271	0.0179
(58, 78)	true	3.924	0.378	0.3935	4.45	0.377	0.3919	0.526	0.001	0.0016
(58, 78)	false	4.21	0.3638	0.4228	3.998	0.3852	0.4618	0.212	0.0214	0.039
(58, 78)	true	3.86	0.442	0.4585	3.776	0.4314	0.4553	-0.084	0.0106	0.0033
(58, 78)	true	4.032	0.4059	0.4667	3.88	0.423	0.4667	-0.152	-0.0171	0
(58, 78)	true	4.188	0.34	0.4195	4.364	0.3448	0.3984	0.176	-0.0049	0.0211
(58, 78)	false	3.828	0.4104	0.535	4.404	0.3395	0.4911	-0.576	-0.0709	-0.0439
(58, 78)	false	4.244	0.3992	0.4862	3.978	0.3981	0.5398	0.266	-0.0011	0.0537
(58, 78)	false	4.192	0.3889	0.4341	3.89	0.4308	0.4244	0.302	0.0419	-0.0098
(26, 78)	false	3.902	0.3857	0.4537	3.792	0.4557	0.5203	0.11	0.07	0.0667
(26, 78)	false	3.874	0.3869	0.4114	4.134	0.3992	0.4537	-0.26	0.0124	0.0423
(26, 78)	false	3.924	0.378	0.3935	3.98	0.4413	0.452	-0.056	0.0633	0.0585
(26, 78)	false	4.21	0.3638	0.4228	4.232	0.3733	0.4244	-0.022	0.0095	0.0016
(26, 78)	false	3.86	0.442	0.4585	3.794	0.4679	0.4228	0.066	0.0259	-0.0358
(26, 78)	false	4.032	0.4059	0.4667	4.494	0.3395	0.4341	-0.462	-0.0664	-0.0325
(26, 78)	false	4.188	0.34	0.4195	3.978	0.4251	0.4455	0.21	0.0851	0.026
(26, 78)	false	3.828	0.4104	0.535	4.398	0.3243	0.4569	-0.57	-0.086	-0.078
(26, 78)	true	4.244	0.3992	0.4862	4.178	0.3924	0.4959	-0.066	0.0069	-0.0098
(26, 78)	false	4.192	0.3889	0.4341	4.018	0.4009	0.4423	0.174	0.0121	0.0081
(61, 75)	false	3.902	0.3857	0.4537	4.05	0.3834	0.4488	-0.148	-0.0022	-0.0049
(61, 75)	false	3.874	0.3869	0.4114	4.394	0.3275	0.3593	-0.52	-0.0593	-0.052
(61, 75)	false	3.924	0.378	0.3935	4.118	0.3848	0.3545	-0.194	0.0068	-0.039
(61, 75)	true	4.21	0.3638	0.4228	4.274	0.3628	0.3805	0.064	0.001	0.0423
(61, 75)	true	3.86	0.442	0.4585	3.732	0.4628	0.4537	-0.128	-0.0207	0.0049
(61, 75)	true	4.032	0.4059	0.4667	4.762	0.348	0.4244	0.73	0.058	0.0423
(61, 75)	true	4.188	0.34	0.4195	4.198	0.4095	0.4033	0.01	-0.0695	0.0163
(61, 75)	false	3.828	0.4104	0.535	4.068	0.368	0.4846	-0.24	-0.0424	-0.0504
(61, 75)	false	4.244	0.3992	0.4862	4.288	0.3763	0.5089	-0.044	-0.0229	0.0228
(61, 75)	false	4.192	0.3889	0.4341	3.388	0.4925	0.5106	0.804	0.1036	0.0764
(59, 76)	true	3.902	0.3857	0.4537	3.668	0.4043	0.4715	-0.234	-0.0186	-0.0179
(59, 76)	true	3.874	0.3869	0.4114	4.326	0.3414	0.348	0.452	0.0454	0.0634
(59, 76)	true	3.924	0.378	0.3935	4.426	0.3382	0.3528	0.502	0.0398	0.0407
(59, 76)	false	4.21	0.3638	0.4228	4.27	0.319	0.4309	-0.06	-0.0448	0.0081
(59, 76)	true	3.86	0.442	0.4585	3.628	0.4171	0.4195	-0.232	0.0249	0.039
(59, 76)	true	4.032	0.4059	0.4667	3.866	0.4	0.478	-0.166	0.006	-0.0114
(59, 76)	false	4.188	0.34	0.4195	4.142	0.4337	0.452	0.046	0.0938	0.0325
(59, 76)	false	3.828	0.4104	0.535	3.886	0.3601	0.4813	-0.058	-0.0503	-0.0537
(59, 76)	false	4.244	0.3992	0.4862	4.342	0.3697	0.5024	-0.098	-0.0296	0.0163
(59, 76)	false	4.192	0.3889	0.4341	3.786	0.4434	0.4602	0.406	0.0545	0.026
(21, 70)	true	3.902	0.3857	0.4537	3.614	0.4196	0.4114	-0.288	-0.0339	0.0423
(21, 70)	true	3.874	0.3869	0.4114	4.406	0.3923	0.374	0.532	-0.0054	0.0374
(21, 70)	true	3.924	0.378	0.3935	4.208	0.419	0.4211	0.284	-0.041	-0.0276
(21, 70)	false	4.21	0.3638	0.4228	4.208	0.3699	0.4455	0.002	0.0061	0.0228
(21, 70)	false	3.86	0.442	0.4585	4.014	0.3761	0.4228	-0.154	-0.0659	-0.0358
(21, 70)	false	4.032	0.4059	0.4667	4.288	0.3553	0.4163	-0.256	-0.0507	-0.0504
(21, 70)	false	4.188	0.34	0.4195	3.896	0.4148	0.4553	0.292	0.0748	0.0358
(21, 70)	false	3.828	0.4104	0.535	4.162	0.3779	0.4569	-0.334	-0.0324	-0.078
(21, 70)	false	4.244	0.3992	0.4862	4.334	0.3651	0.5138	-0.09	-0.0342	0.0276
(21, 70)	false	4.192	0.3889	0.4341	3.806	0.4539	0.4748	0.386	0.0651	0.0407
(25, 33)	false	3.902	0.3857	0.4537	4.06	0.3649	0.478	-0.158	-0.0207	0.0244
(25, 33)	false	3.874	0.3869	0.4114	4.07	0.429	0.4325	-0.196	0.0421	0.0211
(25, 33)	false	3.924	0.378	0.3935	4.102	0.4215	0.4293	-0.178	0.0435	0.0358
(25, 33)	false	4.21	0.3638	0.4228	4.182	0.3632	0.4423	0.028	-0.0006	0.0195
(25, 33)	false	3.86	0.442	0.4585	3.562	0.458	0.4894	0.298	0.016	0.0309
(25, 33)	false	4.032	0.4059	0.4667	3.588	0.3966	0.4341	0.444	-0.0093	-0.0325
(25, 33)	true	4.188	0.34	0.4195	4.118	0.379	0.4309	-0.07	-0.0391	-0.0114
(25, 33)	false	3.828	0.4104	0.535	4.002	0.3677	0.5008	-0.174	-0.0427	-0.0341
(25, 33)	true	4.244	0.3992	0.4862	4.008	0.3964	0.4764	-0.236	0.0028	0.0098
(25, 33)	false	4.192	0.3889	0.4341	3.832	0.4009	0.4927	0.36	0.0121	0.0585
(22, 50)	false	3.902	0.3857	0.4537	3.884	0.4114	0.4634	0.018	0.0257	0.0098
(22, 50)	false	3.874	0.3869	0.4114	3.828	0.4273	0.3967	0.046	0.0405	-0.0146
(22, 50)	false	3.924	0.378	0.3935	3.898	0.4229	0.3935	0.026	0.0448	0
(22, 50)	false	4.21	0.3638	0.4228	4.286	0.3624	0.4602	-0.076	-0.0014	0.0374
(22, 50)	false	3.86	0.442	0.4585	3.924	0.4261	0.4293	-0.064	-0.0159	-0.0293
(22, 50)	false	4.032	0.4059	0.4667	4.104	0.3771	0.4341	-0.072	-0.0289	-0.0325
(22, 50)	false	4.188	0.34	0.4195	4.108	0.4199	0.4163	0.08	0.0799	-0.0033
(22, 50)	false	3.828	0.4104	0.535	4.256	0.3335	0.4504	-0.428	-0.0769	-0.0846
(22, 50)	true	4.244	0.3992	0.4862	4.576	0.3412	0.5024	0.332	0.0581	-0.0163
(22, 50)	false	4.192	0.3889	0.4341	4.044	0.4184	0.4488	0.148	0.0295	0.0146
(65, 73)	true	3.902	0.3857	0.4537	4.1	0.3438	0.4715	0.198	0.0418	-0.0179
(65, 73)	false	3.874	0.3869	0.4114	3.98	0.3955	0.3886	-0.106	0.0087	-0.0228
(65, 73)	false	3.924	0.378	0.3935	3.756	0.3924	0.4439	0.168	0.0143	0.0504
(65, 73)	false	4.21	0.3638	0.4228	4.202	0.3581	0.426	0.008	-0.0057	0.0033
(65, 73)	false	3.86	0.442	0.4585	3.862	0.4186	0.4553	-0.002	-0.0234	-0.0033
(65, 73)	false	4.032	0.4059	0.4667	4.24	0.3635	0.4553	-0.208	-0.0425	-0.0114
(65, 73)	false	4.188	0.34	0.4195	3.918	0.3955	0.4699	0.27	0.0555	0.0504
(65, 73)	true	3.828	0.4104	0.535	3.942	0.3687	0.4504	0.114	0.0417	0.0846
(65, 73)	false	4.244	0.3992	0.4862	3.848	0.3962	0.5106	0.396	-0.0031	0.0244
(65, 73)	false	4.192	0.3889	0.4341	3.872	0.4121	0.4407	0.32	0.0232	0.0065
(64, 75)	false	3.902	0.3857	0.4537	3.972	0.3606	0.4911	-0.07	-0.025	0.0374
(64, 75)	false	3.874	0.3869	0.4114	4.438	0.3825	0.4098	-0.564	-0.0043	-0.0016
(64, 75)	false	3.924	0.378	0.3935	4.118	0.376	0.4163	-0.194	-0.002	0.0228
(64, 75)	false	4.21	0.3638	0.4228	4.108	0.3614	0.4439	0.102	-0.0024	0.0211
(64, 75)	true	3.86	0.442	0.4585	3.672	0.4491	0.5041	-0.188	-0.0071	-0.0455
(64, 75)	true	4.032	0.4059	0.4667	4.244	0.3735	0.4309	0.212	0.0324	0.0358
(64, 75)	false	4.188	0.34	0.4195	4.074	0.3698	0.4667	0.114	0.0298	0.0472
(64, 75)	false	3.828	0.4104	0.535	4.364	0.3602	0.4715	-0.536	-0.0501	-0.0634
(64, 75)	false	4.244	0.3992	0.4862	4.068	0.3895	0.5285	0.176	-0.0097	0.0423
(64, 75)	false	4.192	0.3889	0.4341	3.734	0.4636	0.4732	0.458	0.0747	0.039
(16, 37)	false	3.902	0.3857	0.4537	3.882	0.4278	0.4959	0.02	0.0421	0.0423
(16, 37)	false	3.874	0.3869	0.4114	3.938	0.3526	0.413	-0.064	-0.0342	0.0016
(16, 37)	false	3.924	0.378	0.3935	4.072	0.3453	0.3512	-0.148	-0.0327	-0.0423
(16, 37)	false	4.21	0.3638	0.4228	4.366	0.375	0.4163	-0.156	0.0112	-0.0065
(16, 37)	false	3.86	0.442	0.4585	3.92	0.3683	0.4195	-0.06	-0.0737	-0.039
(16, 37)	false	4.032	0.4059	0.4667	4.146	0.341	0.4065	-0.114	-0.0649	-0.0602
(16, 37)	true	4.188	0.34	0.4195	4.236	0.3588	0.465	0.048	-0.0188	-0.0455
(16, 37)	false	3.828	0.4104	0.535	3.962	0.382	0.5008	-0.134	-0.0284	-0.0341
(16, 37)	false	4.244	0.3992	0.4862	4.152	0.3495	0.4976	0.092	-0.0497	0.0114
(16, 37)	false	4.192	0.3889	0.4341	3.8	0.4429	0.5236	0.392	0.054	0.0894
(62, 76)	false	3.902	0.3857	0.4537	4.178	0.3628	0.4927	-0.276	-0.0229	0.039
(62, 76)	false	3.874	0.3869	0.4114	4.176	0.3813	0.4179	-0.302	-0.0055	0.0065
(62, 76)	false	3.924	0.378	0.3935	4.148	0.3349	0.3821	-0.224	-0.0432	-0.0114
(62, 76)	false	4.21	0.3638	0.4228	4.128	0.377	0.452	0.082	0.0132	0.0293
(62, 76)	false	3.86	0.442	0.4585	3.852	0.4114	0.4033	0.008	-0.0306	-0.0553
(62, 76)	false	4.032	0.4059	0.4667	4.154	0.4014	0.4244	-0.122	-0.0045	-0.0423
(62, 76)	false	4.188	0.34	0.4195	4.068	0.4025	0.4455	0.12	0.0625	0.026
(62, 76)	false	3.828	0.4104	0.535	4.138	0.3498	0.5154	-0.31	-0.0605	-0.0195
(62, 76)	true	4.244	0.3992	0.4862	4.026	0.3542	0.5041	-0.218	0.0451	-0.0179
(62, 76)	false	4.192	0.3889	0.4341	3.578	0.4552	0.4472	0.614	0.0664	0.013
(22, 48)	false	3.902	0.3857	0.4537	3.896	0.4005	0.4829	0.006	0.0148	0.0293
(22, 48)	true	3.874	0.3869	0.4114	3.924	0.4114	0.3984	0.05	-0.0245	0.013
(22, 48)	true	3.924	0.378	0.3935	4.09	0.4104	0.3886	0.166	-0.0324	0.0049
(22, 48)	false	4.21	0.3638	0.4228	4.22	0.3651	0.452	-0.01	0.0012	0.0293
(22, 48)	false	3.86	0.442	0.4585	3.716	0.4285	0.4488	0.144	-0.0135	-0.0098
(22, 48)	false	4.032	0.4059	0.4667	3.984	0.3824	0.4407	0.048	-0.0235	-0.026
(22, 48)	false	4.188	0.34	0.4195	4.552	0.3218	0.4504	-0.364	-0.0182	0.0309
(22, 48)	false	3.828	0.4104	0.535	4.258	0.372	0.4911	-0.43	-0.0383	-0.0439
(22, 48)	true	4.244	0.3992	0.4862	3.948	0.4293	0.4959	-0.296	-0.0301	-0.0098
(22, 48)	false	4.192	0.3889	0.4341	3.756	0.3723	0.4732	0.436	-0.0166	0.039
(23, 33)	false	3.902	0.3857	0.4537	3.728	0.3619	0.4748	0.174	-0.0237	0.0211
(23, 33)	false	3.874	0.3869	0.4114	4.222	0.3718	0.4341	-0.348	-0.015	0.0228
(23, 33)	false	3.924	0.378	0.3935	4.216	0.3847	0.4293	-0.292	0.0067	0.0358
(23, 33)	false	4.21	0.3638	0.4228	3.842	0.3885	0.4407	0.368	0.0247	0.0179
(23, 33)	false	3.86	0.442	0.4585	4.03	0.406	0.4439	-0.17	-0.0361	-0.0146
(23, 33)	false	4.032	0.4059	0.4667	4.294	0.3586	0.4325	-0.262	-0.0473	-0.0341
(23, 33)	false	4.188	0.34	0.4195	4.416	0.3899	0.4797	-0.228	0.0499	0.0602
(23, 33)	true	3.828	0.4104	0.535	3.628	0.4013	0.4585	-0.2	0.0091	0.0764
(23, 33)	false	4.244	0.3992	0.4862	4.224	0.3711	0.4699	0.02	-0.0282	-0.0163
(23, 33)	false	4.192	0.3889	0.4341	3.952	0.3902	0.4228	0.24	0.0013	-0.0114
(20, 36)	false	3.902	0.3857	0.4537	4.128	0.3611	0.4732	-0.226	-0.0246	0.0195
(20, 36)	false	3.874	0.3869	0.4114	4.344	0.3529	0.3854	-0.47	-0.0339	-0.026
(20, 36)	false	3.924	0.378	0.3935	4.026	0.3857	0.4098	-0.102	0.0076	0.0163
(20, 36)	false	4.21	0.3638	0.4228	4.198	0.3341	0.4228	0.012	-0.0297	0
(20, 36)	false	3.86	0.442	0.4585	3.918	0.381	0.3789	-0.058	-0.061	-0.0797
(20, 36)	false	4.032	0.4059	0.4667	3.878	0.4194	0.4211	0.154	0.0135	-0.0455
(20, 36)	false	4.188	0.34	0.4195	4.178	0.3712	0.4146	0.01	0.0313	-0.0049
(20, 36)	false	3.828	0.4104	0.535	4.344	0.3541	0.4732	-0.516	-0.0563	-0.0618
(20, 36)	false	4.244	0.3992	0.4862	4.4	0.362	0.4829	-0.156	-0.0373	-0.0033
(20, 36)	false	4.192	0.3889	0.4341	4.07	0.3791	0.4699	0.122	-0.0098	0.0358
(57, 78)	false	3.902	0.3857	0.4537	3.798	0.4063	0.4667	0.104	0.0206	0.013
(57, 78)	false	3.874	0.3869	0.4114	3.84	0.4166	0.4423	0.034	0.0298	0.0309
(57, 78)	false	3.924	0.378	0.3935	3.904	0.4067	0.3772	0.02	0.0287	-0.0163
(57, 78)	false	4.21	0.3638	0.4228	4.13	0.3984	0.4179	0.08	0.0346	-0.0049
(57, 78)	false	3.86	0.442	0.4585	3.676	0.4467	0.4179	0.184	0.0047	-0.0407
(57, 78)	false	4.032	0.4059	0.4667	3.9	0.4181	0.4455	0.132	0.0122	-0.0211
(57, 78)	false	4.188	0.34	0.4195	4.17	0.387	0.4764	0.018	0.0471	0.0569
(57, 78)	false	3.828	0.4104	0.535	3.938	0.3525	0.4553	-0.11	-0.0578	-0.0797
(57, 78)	false	4.244	0.3992	0.4862	4.24	0.3831	0.5073	0.004	-0.0161	0.0211
(57, 78)	false	4.192	0.3889	0.4341	3.934	0.4377	0.4407	0.258	0.0488	0.0065
(17, 38)	false	3.902	0.3857	0.4537	3.706	0.4507	0.5106	0.196	0.0651	0.0569
(17, 38)	false	3.874	0.3869	0.4114	4.092	0.3503	0.3951	-0.218	-0.0365	-0.0163
(17, 38)	false	3.924	0.378	0.3935	4.23	0.3682	0.4016	-0.306	-0.0098	0.0081
(17, 38)	false	4.21	0.3638	0.4228	4.024	0.3453	0.4325	0.186	-0.0185	0.0098
(17, 38)	false	3.86	0.442	0.4585	3.772	0.4373	0.4829	0.088	-0.0047	0.0244
(17, 38)	false	4.032	0.4059	0.4667	4.194	0.3846	0.4276	-0.162	-0.0213	-0.039
(17, 38)	false	4.188	0.34	0.4195	4.274	0.388	0.4569	-0.086	0.048	0.0374
(17, 38)	false	3.828	0.4104	0.535	4.508	0.3347	0.4829	-0.68	-0.0757	-0.052
(17, 38)	false	4.244	0.3992	0.4862	3.964	0.396	0.5073	0.28	-0.0032	0.0211
(17, 38)	false	4.192	0.3889	0.4341	3.708	0.4846	0.4407	0.484	0.0957	0.0065
(20, 38)	false	3.902	0.3857	0.4537	3.63	0.4398	0.4829	0.272	0.0542	0.0293
(20, 38)	false	3.874	0.3869	0.4114	4.318	0.4073	0.4569	-0.444	0.0204	0.0455
(20, 38)	false	3.924	0.378	0.3935	4.528	0.3555	0.3821	-0.604	-0.0226	-0.0114
(20, 38)	false	4.21	0.3638	0.4228	4.168	0.3453	0.4341	0.042	-0.0186	0.0114
(20, 38)	false	3.86	0.442	0.4585	3.828	0.4142	0.4439	0.032	-0.0279	-0.0146
(20, 38)	false	4.032	0.4059	0.4667	4.02	0.3909	0.4309	0.012	-0.015	-0.0358
(20, 38)	true	4.188	0.34	0.4195	4.522	0.3433	0.4179	0.334	-0.0033	0.0016
(20, 38)	true	3.828	0.4104	0.535	4.088	0.3425	0.4602	0.26	0.0679	0.0748
(20, 38)	true	4.244	0.3992	0.4862	4.166	0.4217	0.4797	-0.078	-0.0225	0.0065
(20, 38)	false	4.192	0.3889	0.4341	4.088	0.386	0.4846	0.104	-0.0029	0.0504
(21, 72)	false	3.902	0.3857	0.4537	3.848	0.4079	0.4715	0.054	0.0223	0.0179
(21, 72)	false	3.874	0.3869	0.4114	3.888	0.3714	0.4146	-0.014	-0.0154	0.0033
(21, 72)	false	3.924	0.378	0.3935	4.054	0.3576	0.3935	-0.13	-0.0204	0
(21, 72)	false	4.21	0.3638	0.4228	4.256	0.3431	0.4049	-0.046	-0.0207	-0.0179
(21, 72)	true	3.86	0.442	0.4585	4.214	0.3542	0.4033	0.354	0.0878	0.0553
(21, 72)	true	4.032	0.4059	0.4667	3.828	0.3231	0.387	-0.204	0.0828	0.0797
(21, 72)	true	4.188	0.34	0.4195	4.01	0.3857	0.4407	-0.178	-0.0457	-0.0211
(21, 72)	false	3.828	0.4104	0.535	4.134	0.3809	0.5154	-0.306	-0.0295	-0.0195
(21, 72)	false	4.244	0.3992	0.4862	4.322	0.3713	0.535	-0.078	-0.0279	0.0488
(21, 72)	false	4.192	0.3889	0.4341	4.12	0.4339	0.452	0.072	0.045	0.0179
(20, 41)	false	3.902	0.3857	0.4537	3.936	0.3757	0.4683	-0.034	-0.01	0.0146
(20, 41)	false	3.874	0.3869	0.4114	4.3	0.3662	0.387	-0.426	-0.0206	-0.0244
(20, 41)	false	3.924	0.378	0.3935	4.194	0.3787	0.4065	-0.27	0.0007	0.013
(20, 41)	false	4.21	0.3638	0.4228	4.122	0.3783	0.4358	0.088	0.0145	0.013
(20, 41)	true	3.86	0.442	0.4585	3.716	0.4228	0.4293	-0.144	0.0192	0.0293
(20, 41)	true	4.032	0.4059	0.4667	4.046	0.4345	0.4715	0.014	-0.0286	-0.0049
(20, 41)	false	4.188	0.34	0.4195	4.452	0.388	0.478	-0.264	0.048	0.0585
(20, 41)	false	3.828	0.4104	0.535	4.126	0.3919	0.4553	-0.298	-0.0185	-0.0797
(20, 41)	true	4.244	0.3992	0.4862	3.978	0.454	0.5398	-0.266	-0.0548	-0.0537
(20, 41)	false	4.192	0.3889	0.4341	3.954	0.4273	0.4797	0.238	0.0384	0.0455
(63, 73)	false	3.902	0.3857	0.4537	3.512	0.4359	0.5236	0.39	0.0503	0.0699
(63, 73)	true	3.874	0.3869	0.4114	4.084	0.3452	0.3837	0.21	0.0416	0.0276
(63, 73)	true	3.924	0.378	0.3935	4.31	0.3594	0.3837	0.386	0.0186	0.0098
(63, 73)	false	4.21	0.3638	0.4228	4.254	0.3697	0.439	-0.044	0.0059	0.0163
(63, 73)	false	3.86	0.442	0.4585	4.238	0.3459	0.4098	-0.378	-0.0962	-0.0488
(63, 73)	false	4.032	0.4059	0.4667	4.36	0.346	0.4098	-0.328	-0.0599	-0.0569
(63, 73)	false	4.188	0.34	0.4195	4.174	0.3364	0.4423	0.014	-0.0035	0.0228
(63, 73)	true	3.828	0.4104	0.535	4.032	0.3611	0.4862	0.204	0.0493	0.0488
(63, 73)	false	4.244	0.3992	0.4862	4.236	0.3474	0.4618	0.008	-0.0519	-0.0244
(63, 73)	false	4.192	0.3889	0.4341	4.254	0.3545	0.4585	-0.062	-0.0344	0.0244
(41, 70)	false	3.902	0.3857	0.4537	3.666	0.4563	0.4927	0.236	0.0707	0.039
(41, 70)	false	3.874	0.3869	0.4114	4.026	0.3535	0.374	-0.152	-0.0334	-0.0374
(41, 70)	false	3.924	0.378	0.3935	4.182	0.331	0.3463	-0.258	-0.047	-0.0472
(41, 70)	true	4.21	0.3638	0.4228	4.008	0.3218	0.4049	-0.202	0.042	0.0179
(41, 70)	true	3.86	0.442	0.4585	3.694	0.4356	0.4341	-0.166	0.0065	0.0244
(41, 70)	true	4.032	0.4059	0.4667	3.896	0.3786	0.439	-0.136	0.0273	0.0276
(41, 70)	false	4.188	0.34	0.4195	4.426	0.3751	0.4472	-0.238	0.0352	0.0276
(41, 70)	false	3.828	0.4104	0.535	4.328	0.3691	0.4732	-0.5	-0.0413	-0.0618
(41, 70)	false	4.244	0.3992	0.4862	4.288	0.3697	0.4748	-0.044	-0.0296	-0.0114
(41, 70)	false	4.192	0.3889	0.4341	4.362	0.3766	0.4943	-0.17	-0.0123	0.0602
(36, 47)	false	3.902	0.3857	0.4537	4.338	0.3552	0.4423	-0.436	-0.0304	-0.0114
(36, 47)	false	3.874	0.3869	0.4114	3.836	0.3566	0.452	0.038	-0.0302	0.0407
(36, 47)	false	3.924	0.378	0.3935	4.04	0.3709	0.4585	-0.116	-0.0072	0.065
(36, 47)	false	4.21	0.3638	0.4228	4.106	0.3366	0.4455	0.104	-0.0272	0.0228
(36, 47)	true	3.86	0.442	0.4585	3.734	0.4647	0.4455	-0.126	-0.0226	0.013
(36, 47)	true	4.032	0.4059	0.4667	3.91	0.3993	0.4618	-0.122	0.0066	0.0049
(36, 47)	false	4.188	0.34	0.4195	3.638	0.467	0.439	0.55	0.1271	0.0195
(36, 47)	true	3.828	0.4104	0.535	3.766	0.3828	0.4829	-0.062	0.0276	0.052
(36, 47)	false	4.244	0.3992	0.4862	3.492	0.4874	0.5285	0.752	0.0881	0.0423
(36, 47)	false	4.192	0.3889	0.4341	3.778	0.4181	0.4602	0.414	0.0292	0.026
(18, 40)	true	3.902	0.3857	0.4537	3.954	0.3905	0.4569	0.052	-0.0048	-0.0033
(18, 40)	false	3.874	0.3869	0.4114	4.01	0.3382	0.4	-0.136	-0.0486	-0.0114
(18, 40)	false	3.924	0.378	0.3935	3.98	0.3565	0.4114	-0.056	-0.0215	0.0179
(18, 40)	false	4.21	0.3638	0.4228	4.114	0.3869	0.4228	0.096	0.023	0
(18, 40)	true	3.86	0.442	0.4585	4.072	0.3835	0.3951	0.212	0.0585	0.0634
(18, 40)	true	4.032	0.4059	0.4667	4.196	0.3667	0.426	0.164	0.0392	0.0407
(18, 40)	false	4.188	0.34	0.4195	4.118	0.3938	0.4553	0.07	0.0538	0.0358
(18, 40)	true	3.828	0.4104	0.535	3.72	0.3693	0.4293	-0.108	0.0411	0.1057
(18, 40)	false	4.244	0.3992	0.4862	4.244	0.3374	0.5236	0	-0.0618	0.0374
(18, 40)	false	4.192	0.3889	0.4341	4.242	0.3771	0.465	-0.05	-0.0117	0.0309
(20, 35)	false	3.902	0.3857	0.4537	4.058	0.3759	0.4683	-0.156	-0.0097	0.0146
(20, 35)	false	3.874	0.3869	0.4114	4.456	0.3507	0.4309	-0.582	-0.0362	0.0195
(20, 35)	false	3.924	0.378	0.3935	4.594	0.3203	0.4	-0.67	-0.0577	0.0065
(20, 35)	false	4.21	0.3638	0.4228	4.2	0.369	0.4309	0.01	0.0052	0.0081
(20, 35)	false	3.86	0.442	0.4585	3.546	0.4588	0.4325	0.314	0.0168	-0.026
(20, 35)	false	4.032	0.4059	0.4667	3.872	0.4063	0.3984	0.16	0.0004	-0.0683
(20, 35)	true	4.188	0.34	0.4195	4.23	0.3681	0.4114	0.042	-0.0281	0.0081
(20, 35)	false	3.828	0.4104	0.535	4.228	0.3247	0.5122	-0.4	-0.0856	-0.0228
(20, 35)	true	4.244	0.3992	0.4862	4.124	0.3758	0.535	-0.12	0.0235	-0.0488
(20, 35)	false	4.192	0.3889	0.4341	4.174	0.3578	0.4472	0.018	-0.0311	0.013
(58, 76)	false	3.902	0.3857	0.4537	4.012	0.3621	0.4374	-0.11	-0.0235	-0.0163
(58, 76)	false	3.874	0.3869	0.4114	3.948	0.401	0.4114	-0.074	0.0141	-0
(58, 76)	false	3.924	0.378	0.3935	4.144	0.3696	0.3837	-0.22	-0.0084	-0.0098
(58, 76)	true	4.21	0.3638	0.4228	4.342	0.3039	0.4423	0.132	0.0599	-0.0195
(58, 76)	true	3.86	0.442	0.4585	3.614	0.4396	0.478	-0.246	0.0025	-0.0195
(58, 76)	true	4.032	0.4059	0.4667	3.956	0.3775	0.4098	-0.076	0.0284	0.0569
(58, 76)	false	4.188	0.34	0.4195	4.226	0.4082	0.4862	-0.038	0.0682	0.0667
(58, 76)	false	3.828	0.4104	0.535	4.298	0.3447	0.4602	-0.47	-0.0656	-0.0748
(58, 76)	true	4.244	0.3992	0.4862	4.332	0.3794	0.4602	0.088	0.0199	0.026
(58, 76)	false	4.192	0.3889	0.4341	3.918	0.3845	0.4959	0.274	-0.0043	0.0618
(22, 74)	false	3.902	0.3857	0.4537	3.804	0.4432	0.4748	0.098	0.0575	0.0211
(22, 74)	false	3.874	0.3869	0.4114	4.502	0.3471	0.4293	-0.628	-0.0398	0.0179
(22, 74)	false	3.924	0.378	0.3935	4.38	0.3744	0.4585	-0.456	-0.0036	0.065
(22, 74)	false	4.21	0.3638	0.4228	4.136	0.3898	0.3984	0.074	0.026	-0.0244
(22, 74)	false	3.86	0.442	0.4585	3.826	0.4405	0.4715	0.034	-0.0015	0.013
(22, 74)	false	4.032	0.4059	0.4667	4.278	0.335	0.4569	-0.246	-0.071	-0.0098
(22, 74)	true	4.188	0.34	0.4195	4.04	0.3854	0.4423	-0.148	-0.0454	-0.0228
(22, 74)	false	3.828	0.4104	0.535	4.02	0.3603	0.4829	-0.192	-0.0501	-0.052
(22, 74)	true	4.244	0.3992	0.4862	3.788	0.425	0.5366	-0.456	-0.0258	-0.0504
(22, 74)	false	4.192	0.3889	0.4341	4.276	0.3646	0.4407	-0.084	-0.0243	0.0065
(20, 44)	false	3.902	0.3857	0.4537	4.194	0.3733	0.4797	-0.292	-0.0124	0.026
(20, 44)	true	3.874	0.3869	0.4114	4.194	0.4028	0.4211	0.32	-0.016	-0.0098
(20, 44)	true	3.924	0.378	0.3935	4.104	0.3688	0.3789	0.18	0.0093	0.0146
(20, 44)	false	4.21	0.3638	0.4228	4.034	0.3858	0.4569	0.176	0.022	0.0341
(20, 44)	true	3.86	0.442	0.4585	3.784	0.4042	0.3789	-0.076	0.0378	0.0797
(20, 44)	true	4.032	0.4059	0.4667	4.044	0.3922	0.4634	0.012	0.0137	0.0033
(20, 44)	false	4.188	0.34	0.4195	4.4	0.3855	0.4683	-0.212	0.0455	0.0488
(20, 44)	false	3.828	0.4104	0.535	4.022	0.3488	0.4911	-0.194	-0.0616	-0.0439
(20, 44)	false	4.244	0.3992	0.4862	4.118	0.3646	0.4537	0.126	-0.0347	-0.0325
(20, 44)	false	4.192	0.3889	0.4341	3.766	0.4081	0.4407	0.426	0.0192	0.0065
(28, 78)	true	3.902	0.3857	0.4537	3.896	0.3993	0.4748	-0.006	-0.0136	-0.0211
(28, 78)	true	3.874	0.3869	0.4114	4.15	0.3839	0.3886	0.276	0.003	0.0228
(28, 78)	true	3.924	0.378	0.3935	4.5	0.3397	0.387	0.576	0.0383	0.0065
(28, 78)	false	4.21	0.3638	0.4228	4.104	0.3408	0.4569	0.106	-0.023	0.0341
(28, 78)	false	3.86	0.442	0.4585	3.768	0.4504	0.4537	0.092	0.0084	-0.0049
(28, 78)	false	4.032	0.4059	0.4667	3.918	0.4006	0.4423	0.114	-0.0053	-0.0244
(28, 78)	false	4.188	0.34	0.4195	4.01	0.4103	0.4407	0.178	0.0704	0.0211
(28, 78)	false	3.828	0.4104	0.535	4.28	0.3544	0.4699	-0.452	-0.056	-0.065
(28, 78)	false	4.244	0.3992	0.4862	4.14	0.3858	0.5171	0.104	-0.0134	0.0309
(28, 78)	false	4.192	0.3889	0.4341	3.854	0.4441	0.4927	0.338	0.0553	0.0585
(21, 35)	false	3.902	0.3857	0.4537	3.848	0.4055	0.4585	0.054	0.0199	0.0049
(21, 35)	false	3.874	0.3869	0.4114	4.14	0.3599	0.4016	-0.266	-0.0269	-0.0098
(21, 35)	false	3.924	0.378	0.3935	3.994	0.3762	0.4016	-0.07	-0.0018	0.0081
(21, 35)	true	4.21	0.3638	0.4228	3.898	0.371	0.4504	-0.312	-0.0072	-0.0276
(21, 35)	true	3.86	0.442	0.4585	4.178	0.408	0.4	0.318	0.0341	0.0585
(21, 35)	true	4.032	0.4059	0.4667	3.864	0.3921	0.4244	-0.168	0.0138	0.0423
(21, 35)	false	4.188	0.34	0.4195	4.136	0.4039	0.4537	0.052	0.0639	0.0341
(21, 35)	true	3.828	0.4104	0.535	4.224	0.36	0.4699	0.396	0.0504	0.065
(21, 35)	false	4.244	0.3992	0.4862	4.552	0.3649	0.4911	-0.308	-0.0343	0.0049
(21, 35)	false	4.192	0.3889	0.4341	4.016	0.3939	0.4293	0.176	0.005	-0.0049
(19, 39)	false	3.902	0.3857	0.4537	3.766	0.3929	0.4878	0.136	0.0072	0.0341
(19, 39)	false	3.874	0.3869	0.4114	4.462	0.328	0.3756	-0.588	-0.0588	-0.0358
(19, 39)	false	3.924	0.378	0.3935	4.31	0.3404	0.3821	-0.386	-0.0376	-0.0114
(19, 39)	false	4.21	0.3638	0.4228	4.196	0.3952	0.4309	0.014	0.0314	0.0081
(19, 39)	true	3.86	0.442	0.4585	3.94	0.3894	0.426	0.08	0.0526	0.0325
(19, 39)	true	4.032	0.4059	0.4667	4.006	0.3994	0.4764	-0.026	0.0065	-0.0098
(19, 39)	true	4.188	0.34	0.4195	4.112	0.4273	0.4553	-0.076	-0.0873	-0.0358
(19, 39)	false	3.828	0.4104	0.535	3.648	0.3262	0.4472	0.18	-0.0842	-0.0878
(19, 39)	false	4.244	0.3992	0.4862	3.898	0.3983	0.5008	0.346	-0.0009	0.0146
(19, 39)	false	4.192	0.3889	0.4341	3.824	0.4554	0.5106	0.368	0.0665	0.0764
(27, 77)	false	3.902	0.3857	0.4537	3.83	0.3971	0.5008	0.072	0.0114	0.0472
(27, 77)	false	3.874	0.3869	0.4114	4.276	0.3622	0.374	-0.402	-0.0246	-0.0374
(27, 77)	false	3.924	0.378	0.3935	3.998	0.3703	0.4228	-0.074	-0.0077	0.0293
(27, 77)	false	4.21	0.3638	0.4228	3.886	0.4181	0.4472	0.324	0.0543	0.0244
(27, 77)	false	3.86	0.442	0.4585	3.95	0.4135	0.4033	-0.09	-0.0285	-0.0553
(27, 77)	false	4.032	0.4059	0.4667	3.758	0.3642	0.4341	0.274	-0.0418	-0.0325
(27, 77)	true	4.188	0.34	0.4195	4.128	0.381	0.4407	-0.06	-0.041	-0.0211
(27, 77)	false	3.828	0.4104	0.535	4.388	0.3417	0.4488	-0.56	-0.0686	-0.0862
(27, 77)	true	4.244	0.3992	0.4862	3.926	0.4108	0.5382	-0.318	-0.0115	-0.052
(27, 77)	false	4.192	0.3889	0.4341	4.112	0.4215	0.426	0.08	0.0327	-0.0081
(52, 60)	false	3.902	0.3857	0.4537	3.63	0.4013	0.4537	0.272	0.0157	0
(52, 60)	false	3.874	0.3869	0.4114	4.134	0.3847	0.3805	-0.26	-0.0021	-0.0309
(52, 60)	false	3.924	0.378	0.3935	4.244	0.4041	0.413	-0.32	0.026	0.0195
(52, 60)	false	4.21	0.3638	0.4228	3.88	0.4023	0.3951	0.33	0.0385	-0.0276
(52, 60)	false	3.86	0.442	0.4585	3.806	0.4258	0.4358	0.054	-0.0162	-0.0228
(52, 60)	false	4.032	0.4059	0.4667	3.792	0.4142	0.426	0.24	0.0083	-0.0407
(52, 60)	true	4.188	0.34	0.4195	4.258	0.3961	0.465	0.07	-0.0561	-0.0455
(52, 60)	false	3.828	0.4104	0.535	4.416	0.3429	0.4455	-0.588	-0.0675	-0.0894
(52, 60)	false	4.244	0.3992	0.4862	3.916	0.3882	0.4846	0.328	-0.0111	-0.0016
(52, 60)	false	4.192	0.3889	0.4341	3.996	0.4157	0.4634	0.196	0.0269	0.0293
(25, 32)	true	3.902	0.3857	0.4537	3.916	0.394	0.4358	0.014	-0.0083	0.0179
(25, 32)	false	3.874	0.3869	0.4114	4.47	0.3817	0.413	-0.596	-0.0051	0.0016
(25, 32)	false	3.924	0.378	0.3935	4.026	0.4131	0.4228	-0.102	0.0351	0.0293
(25, 32)	false	4.21	0.3638	0.4228	4.478	0.3503	0.3919	-0.268	-0.0135	-0.0309
(25, 32)	false	3.86	0.442	0.4585	3.808	0.4538	0.4146	0.052	0.0118	-0.0439
(25, 32)	false	4.032	0.4059	0.4667	4.162	0.3573	0.439	-0.13	-0.0486	-0.0276
(25, 32)	false	4.188	0.34	0.4195	4.166	0.3821	0.4553	0.022	0.0421	0.0358
(25, 32)	false	3.828	0.4104	0.535	4.458	0.3489	0.4797	-0.63	-0.0615	-0.0553
(25, 32)	false	4.244	0.3992	0.4862	4.082	0.3746	0.5203	0.162	-0.0246	0.0341
(25, 32)	false	4.192	0.3889	0.4341	3.9	0.4562	0.4455	0.292	0.0673	0.0114
(22, 72)	false	3.902	0.3857	0.4537	3.79	0.4015	0.4699	0.112	0.0159	0.0163
(22, 72)	false	3.874	0.3869	0.4114	4.394	0.3273	0.4033	-0.52	-0.0595	-0.0081
(22, 72)	false	3.924	0.378	0.3935	3.896	0.3723	0.3935	0.028	-0.0057	0
(22, 72)	false	4.21	0.3638	0.4228	4.298	0.3735	0.4114	-0.088	0.0096	-0.0114
(22, 72)	true	3.86	0.442	0.4585	3.764	0.4298	0.4244	-0.096	0.0123	0.0341
(22, 72)	true	4.032	0.4059	0.4667	4.006	0.3653	0.4862	-0.026	0.0406	-0.0195
(22, 72)	true	4.188	0.34	0.4195	4.102	0.3783	0.4423	-0.086	-0.0384	-0.0228
(22, 72)	true	3.828	0.4104	0.535	4.352	0.3311	0.4488	0.524	0.0793	0.0862
(22, 72)	true	4.244	0.3992	0.4862	4.378	0.3784	0.439	0.134	0.0209	0.0472
(22, 72)	false	4.192	0.3889	0.4341	3.854	0.432	0.5203	0.338	0.0431	0.0862
(18, 39)	false	3.902	0.3857	0.4537	3.74	0.4237	0.4358	0.162	0.038	-0.0179
(18, 39)	false	3.874	0.3869	0.4114	3.784	0.345	0.3675	0.09	-0.0419	-0.0439
(18, 39)	false	3.924	0.378	0.3935	4.26	0.3451	0.4179	-0.336	-0.0329	0.0244
(18, 39)	false	4.21	0.3638	0.4228	4.08	0.3623	0.426	0.13	-0.0015	0.0033
(18, 39)	false	3.86	0.442	0.4585	4.22	0.376	0.4211	-0.36	-0.0661	-0.0374
(18, 39)	false	4.032	0.4059	0.4667	3.988	0.4316	0.4537	0.044	0.0257	-0.013
(18, 39)	false	4.188	0.34	0.4195	4.292	0.3571	0.4537	-0.104	0.0171	0.0341
(18, 39)	true	3.828	0.4104	0.535	4.256	0.3677	0.4472	0.428	0.0427	0.0878
(18, 39)	false	4.244	0.3992	0.4862	4.002	0.3814	0.4797	0.242	-0.0178	-0.0065
(18, 39)	false	4.192	0.3889	0.4341	3.934	0.3968	0.4618	0.258	0.008	0.0276
(59, 78)	false	3.902	0.3857	0.4537	3.688	0.4092	0.4764	0.214	0.0235	0.0228
(59, 78)	false	3.874	0.3869	0.4114	4.214	0.3096	0.322	-0.34	-0.0772	-0.0894
(59, 78)	false	3.924	0.378	0.3935	4.014	0.3459	0.3724	-0.09	-0.0321	-0.0211
(59, 78)	true	4.21	0.3638	0.4228	4.016	0.3788	0.4358	-0.194	-0.015	-0.013
(59, 78)	true	3.86	0.442	0.4585	3.99	0.4296	0.4634	0.13	0.0124	-0.0049
(59, 78)	true	4.032	0.4059	0.4667	4.112	0.3897	0.4114	0.08	0.0162	0.0553
(59, 78)	false	4.188	0.34	0.4195	4.074	0.3927	0.4374	0.114	0.0527	0.0179
(59, 78)	false	3.828	0.4104	0.535	3.838	0.3395	0.4553	-0.01	-0.0709	-0.0797
(59, 78)	false	4.244	0.3992	0.4862	3.96	0.4137	0.535	0.284	0.0145	0.0488
(59, 78)	false	4.192	0.3889	0.4341	4.204	0.397	0.4618	-0.012	0.0081	0.0276
(25, 75)	true	3.902	0.3857	0.4537	3.838	0.4387	0.4211	-0.064	-0.0531	0.0325
(25, 75)	true	3.874	0.3869	0.4114	3.64	0.4501	0.4504	-0.234	-0.0633	-0.039
(25, 75)	true	3.924	0.378	0.3935	3.552	0.4494	0.4537	-0.372	-0.0714	-0.0602
(25, 75)	false	4.21	0.3638	0.4228	4.18	0.3509	0.4195	0.03	-0.0129	-0.0033
(25, 75)	false	3.86	0.442	0.4585	4.034	0.4023	0.439	-0.174	-0.0398	-0.0195
(25, 75)	false	4.032	0.4059	0.4667	3.808	0.4449	0.5301	0.224	0.039	0.0634
(25, 75)	true	4.188	0.34	0.4195	4.172	0.3772	0.4244	-0.016	-0.0373	-0.0049
(25, 75)	false	3.828	0.4104	0.535	4.318	0.3438	0.5057	-0.49	-0.0666	-0.0293
(25, 75)	false	4.244	0.3992	0.4862	3.814	0.4072	0.5122	0.43	0.0079	0.026
(25, 75)	false	4.192	0.3889	0.4341	3.99	0.4453	0.4813	0.202	0.0564	0.0472
(26, 75)	true	3.902	0.3857	0.4537	3.79	0.4129	0.5024	-0.112	-0.0272	-0.0488
(26, 75)	true	3.874	0.3869	0.4114	4.218	0.3684	0.3854	0.344	0.0185	0.026
(26, 75)	true	3.924	0.378	0.3935	3.856	0.4068	0.413	-0.068	-0.0288	-0.0195
(26, 75)	true	4.21	0.3638	0.4228	4.222	0.2977	0.4407	0.012	0.0661	-0.0179
(26, 75)	false	3.86	0.442	0.4585	4.082	0.3751	0.4163	-0.222	-0.0669	-0.0423
(26, 75)	false	4.032	0.4059	0.4667	3.996	0.3817	0.4634	0.036	-0.0242	-0.0033
(26, 75)	false	4.188	0.34	0.4195	4.086	0.3919	0.4618	0.102	0.052	0.0423
(26, 75)	false	3.828	0.4104	0.535	4.304	0.3407	0.465	-0.476	-0.0696	-0.0699
(26, 75)	true	4.244	0.3992	0.4862	3.928	0.3818	0.5236	-0.316	0.0174	-0.0374
(26, 75)	false	4.192	0.3889	0.4341	4.038	0.4215	0.4911	0.154	0.0327	0.0569
(65, 71)	false	3.902	0.3857	0.4537	3.692	0.4349	0.452	0.21	0.0493	-0.0016
(65, 71)	true	3.874	0.3869	0.4114	4.204	0.4057	0.4472	0.33	-0.0189	-0.0358
(65, 71)	true	3.924	0.378	0.3935	4.198	0.405	0.4146	0.274	-0.027	-0.0211
(65, 71)	false	4.21	0.3638	0.4228	4.298	0.3776	0.4569	-0.088	0.0138	0.0341
(65, 71)	true	3.86	0.442	0.4585	3.826	0.4461	0.3919	-0.034	-0.0041	0.0667
(65, 71)	true	4.032	0.4059	0.4667	3.72	0.4381	0.4309	-0.312	-0.0322	0.0358
(65, 71)	true	4.188	0.34	0.4195	4.588	0.3211	0.413	0.4	0.0189	0.0065
(65, 71)	true	3.828	0.4104	0.535	4.312	0.3141	0.465	0.484	0.0963	0.0699
(65, 71)	false	4.244	0.3992	0.4862	4.004	0.4106	0.5122	0.24	0.0113	0.026
(65, 71)	false	4.192	0.3889	0.4341	4.216	0.3974	0.4813	-0.024	0.0086	0.0472
(19, 35)	false	3.902	0.3857	0.4537	3.79	0.4338	0.4764	0.112	0.0481	0.0228
(19, 35)	false	3.874	0.3869	0.4114	3.77	0.4142	0.4179	0.104	0.0273	0.0065
(19, 35)	false	3.924	0.378	0.3935	3.76	0.3962	0.4407	0.164	0.0182	0.0472
(19, 35)	false	4.21	0.3638	0.4228	4.258	0.3182	0.4244	-0.048	-0.0456	0.0016
(19, 35)	false	3.86	0.442	0.4585	3.77	0.4004	0.4553	0.09	-0.0416	-0.0033
(19, 35)	false	4.032	0.4059	0.4667	4.27	0.3507	0.4163	-0.238	-0.0552	-0.0504
(19, 35)	false	4.188	0.34	0.4195	3.922	0.4033	0.4374	0.266	0.0634	0.0179
(19, 35)	false	3.828	0.4104	0.535	3.782	0.4101	0.4976	0.046	-0.0003	-0.0374
(19, 35)	true	4.244	0.3992	0.4862	3.822	0.428	0.5106	-0.422	-0.0287	-0.0244
(19, 35)	false	4.192	0.3889	0.4341	3.96	0.3978	0.4553	0.232	0.0089	0.0211
(18, 38)	true	3.902	0.3857	0.4537	4.028	0.4131	0.478	0.126	-0.0274	-0.0244
(18, 38)	true	3.874	0.3869	0.4114	3.992	0.3923	0.4146	0.118	-0.0054	-0.0033
(18, 38)	true	3.924	0.378	0.3935	4.022	0.4034	0.4293	0.098	-0.0254	-0.0358
(18, 38)	false	4.21	0.3638	0.4228	4.456	0.3533	0.4033	-0.246	-0.0106	-0.0195
(18, 38)	true	3.86	0.442	0.4585	3.764	0.4206	0.4569	-0.096	0.0214	0.0016
(18, 38)	true	4.032	0.4059	0.4667	4.008	0.3858	0.4683	-0.024	0.0202	-0.0016
(18, 38)	false	4.188	0.34	0.4195	4.41	0.3405	0.3935	-0.222	0.0006	-0.026
(18, 38)	false	3.828	0.4104	0.535	3.92	0.3739	0.4699	-0.092	-0.0365	-0.065
(18, 38)	false	4.244	0.3992	0.4862	4.472	0.3689	0.4878	-0.228	-0.0303	0.0016
(18, 38)	false	4.192	0.3889	0.4341	4.156	0.4084	0.5171	0.036	0.0195	0.0829
(24, 74)	false	3.902	0.3857	0.4537	3.638	0.4719	0.4829	0.264	0.0863	0.0293
(24, 74)	false	3.874	0.3869	0.4114	4.076	0.3995	0.4195	-0.202	0.0126	0.0081
(24, 74)	false	3.924	0.378	0.3935	4.144	0.4235	0.4065	-0.22	0.0455	0.013
(24, 74)	true	4.21	0.3638	0.4228	4.144	0.329	0.4179	-0.066	0.0348	0.0049
(24, 74)	false	3.86	0.442	0.4585	4.054	0.3668	0.4049	-0.194	-0.0752	-0.0537
(24, 74)	false	4.032	0.4059	0.4667	3.682	0.4491	0.4797	0.35	0.0432	0.013
(24, 74)	true	4.188	0.34	0.4195	4.418	0.3707	0.4455	0.23	-0.0308	-0.026
(24, 74)	true	3.828	0.4104	0.535	4.018	0.3626	0.4829	0.19	0.0478	0.052
(24, 74)	false	4.244	0.3992	0.4862	4.45	0.3493	0.5203	-0.206	-0.0499	0.0341
(24, 74)	false	4.192	0.3889	0.4341	3.962	0.4401	0.4585	0.23	0.0513	0.0244
(36, 46)	false	3.902	0.3857	0.4537	3.89	0.4087	0.4472	0.012	0.0231	-0.0065
(36, 46)	false	3.874	0.3869	0.4114	4.006	0.4031	0.4098	-0.132	0.0163	-0.0016
(36, 46)	false	3.924	0.378	0.3935	3.918	0.4099	0.4358	0.006	0.0319	0.0423
(36, 46)	false	4.21	0.3638	0.4228	4.51	0.3253	0.4065	-0.3	-0.0385	-0.0163
(36, 46)	true	3.86	0.442	0.4585	3.79	0.3972	0.4033	-0.07	0.0449	0.0553
(36, 46)	true	4.032	0.4059	0.4667	4.134	0.3853	0.4195	0.102	0.0206	0.0472
(36, 46)	false	4.188	0.34	0.4195	3.938	0.4282	0.4407	0.25	0.0882	0.0211
(36, 46)	false	3.828	0.4104	0.535	3.88	0.3715	0.5024	-0.052	-0.0389	-0.0325
(36, 46)	false	4.244	0.3992	0.4862	4.054	0.4004	0.4911	0.19	0.0011	0.0049
(36, 46)	false	4.192	0.3889	0.4341	3.552	0.4658	0.4553	0.64	0.0769	0.0211
(19, 37)	false	3.902	0.3857	0.4537	3.7	0.4316	0.5073	0.202	0.0459	0.0537
(19, 37)	true	3.874	0.3869	0.4114	3.868	0.4246	0.3724	-0.006	-0.0378	0.039
(19, 37)	true	3.924	0.378	0.3935	3.734	0.4286	0.3902	-0.19	-0.0506	0.0033
(19, 37)	false	4.21	0.3638	0.4228	4.116	0.3543	0.4	0.094	-0.0096	-0.0228
(19, 37)	false	3.86	0.442	0.4585	3.924	0.4377	0.4602	-0.064	-0.0043	0.0016
(19, 37)	false	4.032	0.4059	0.4667	3.964	0.435	0.5024	0.068	0.0291	0.0358
(19, 37)	false	4.188	0.34	0.4195	4.148	0.3772	0.4455	0.04	0.0373	0.026
(19, 37)	true	3.828	0.4104	0.535	4.446	0.3379	0.426	0.618	0.0725	0.1089
(19, 37)	false	4.244	0.3992	0.4862	4.296	0.3697	0.4618	-0.052	-0.0295	-0.0244
(19, 37)	false	4.192	0.3889	0.4341	3.918	0.4015	0.4667	0.274	0.0127	0.0325
(60, 77)	false	3.902	0.3857	0.4537	4.03	0.373	0.4683	-0.128	-0.0126	0.0146
(60, 77)	false	3.874	0.3869	0.4114	3.982	0.3739	0.4602	-0.108	-0.013	0.0488
(60, 77)	false	3.924	0.378	0.3935	3.864	0.3995	0.4228	0.06	0.0215	0.0293
(60, 77)	false	4.21	0.3638	0.4228	4.094	0.3776	0.4211	0.116	0.0138	-0.0016
(60, 77)	false	3.86	0.442	0.4585	3.854	0.4158	0.4114	0.006	-0.0262	-0.0472
(60, 77)	false	4.032	0.4059	0.4667	3.796	0.411	0.4374	0.236	0.0051	-0.0293
(60, 77)	true	4.188	0.34	0.4195	3.99	0.4227	0.4504	-0.198	-0.0827	-0.0309
(60, 77)	false	3.828	0.4104	0.535	3.918	0.3221	0.4959	-0.09	-0.0883	-0.039
(60, 77)	false	4.244	0.3992	0.4862	4.4	0.3306	0.4927	-0.156	-0.0686	0.0065
(60, 77)	false	4.192	0.3889	0.4341	3.808	0.4033	0.4455	0.384	0.0144	0.0114
(62, 73)	true	3.902	0.3857	0.4537	4.216	0.3715	0.4276	0.314	0.0142	0.026
(62, 73)	false	3.874	0.3869	0.4114	4.2	0.3893	0.4033	-0.326	0.0025	-0.0081
(62, 73)	false	3.924	0.378	0.3935	4.426	0.3826	0.413	-0.502	0.0046	0.0195
(62, 73)	false	4.21	0.3638	0.4228	3.894	0.3843	0.4715	0.316	0.0205	0.0488
(62, 73)	true	3.86	0.442	0.4585	3.886	0.4217	0.4016	0.026	0.0204	0.0569
(62, 73)	true	4.032	0.4059	0.4667	3.89	0.4247	0.4569	-0.142	-0.0187	0.0098
(62, 73)	false	4.188	0.34	0.4195	3.97	0.3891	0.4829	0.218	0.0491	0.0634
(62, 73)	true	3.828	0.4104	0.535	3.818	0.4078	0.4846	-0.01	0.0025	0.0504
(62, 73)	false	4.244	0.3992	0.4862	4.058	0.3767	0.4407	0.186	-0.0226	-0.0455
(62, 73)	false	4.192	0.3889	0.4341	3.678	0.4523	0.4569	0.514	0.0634	0.0228
(65, 72)	false	3.902	0.3857	0.4537	3.562	0.4212	0.5041	0.34	0.0355	0.0504
(65, 72)	true	3.874	0.3869	0.4114	4.204	0.3459	0.4098	0.33	0.041	0.0016
(65, 72)	true	3.924	0.378	0.3935	4.062	0.3738	0.3772	0.138	0.0042	0.0163
(65, 72)	false	4.21	0.3638	0.4228	4.218	0.3544	0.465	-0.008	-0.0094	0.0423
(65, 72)	false	3.86	0.442	0.4585	3.888	0.44	0.4146	-0.028	-0.002	-0.0439
(65, 72)	false	4.032	0.4059	0.4667	3.906	0.3741	0.4634	0.126	-0.0318	-0.0033
(65, 72)	false	4.188	0.34	0.4195	4.148	0.3772	0.4407	0.04	0.0372	0.0211
(65, 72)	false	3.828	0.4104	0.535	3.94	0.3453	0.4602	-0.112	-0.0651	-0.0748
(65, 72)	false	4.244	0.3992	0.4862	3.916	0.4251	0.5382	0.328	0.0259	0.052
(65, 72)	false	4.192	0.3889	0.4341	3.644	0.4576	0.4927	0.548	0.0687	0.0585
(40, 70)	true	3.902	0.3857	0.4537	3.56	0.4412	0.5187	-0.342	-0.0555	-0.065
(40, 70)	false	3.874	0.3869	0.4114	3.916	0.3438	0.387	-0.042	-0.0431	-0.0244
(40, 70)	false	3.924	0.378	0.3935	4.036	0.4216	0.4439	-0.112	0.0436	0.0504
(40, 70)	true	4.21	0.3638	0.4228	4.21	0.3705	0.4244	0	-0.0067	-0.0016
(40, 70)	false	3.86	0.442	0.4585	3.654	0.4297	0.4618	0.206	-0.0123	0.0033
(40, 70)	false	4.032	0.4059	0.4667	3.858	0.3949	0.465	0.174	-0.0111	-0.0016
(40, 70)	true	4.188	0.34	0.4195	4.172	0.3905	0.5203	-0.016	-0.0506	-0.1008
(40, 70)	false	3.828	0.4104	0.535	4.038	0.3596	0.5122	-0.21	-0.0508	-0.0228
(40, 70)	false	4.244	0.3992	0.4862	4.066	0.4258	0.5772	0.178	0.0266	0.0911
(40, 70)	false	4.192	0.3889	0.4341	4.488	0.3673	0.4634	-0.296	-0.0216	0.0293
(24, 31)	false	3.902	0.3857	0.4537	3.372	0.4672	0.5252	0.53	0.0816	0.0715
(24, 31)	false	3.874	0.3869	0.4114	4.038	0.3569	0.374	-0.164	-0.03	-0.0374
(24, 31)	false	3.924	0.378	0.3935	4.192	0.3628	0.3528	-0.268	-0.0152	-0.0407
(24, 31)	false	4.21	0.3638	0.4228	4.312	0.3562	0.3837	-0.102	-0.0076	-0.039
(24, 31)	false	3.86	0.442	0.4585	3.952	0.3958	0.4472	-0.092	-0.0463	-0.0114
(24, 31)	false	4.032	0.4059	0.4667	3.866	0.4502	0.5366	0.166	0.0443	0.0699
(24, 31)	true	4.188	0.34	0.4195	4.208	0.3862	0.4309	0.02	-0.0463	-0.0114
(24, 31)	false	3.828	0.4104	0.535	4.122	0.3528	0.5301	-0.294	-0.0576	-0.0049
(24, 31)	false	4.244	0.3992	0.4862	4.242	0.3408	0.5073	0.002	-0.0585	0.0211
(24, 31)	false	4.192	0.3889	0.4341	3.762	0.3807	0.4813	0.43	-0.0081	0.0472
(22, 35)	true	3.902	0.3857	0.4537	3.686	0.3893	0.4634	-0.216	-0.0036	-0.0098
(22, 35)	false	3.874	0.3869	0.4114	3.956	0.3919	0.4358	-0.082	0.005	0.0244
(22, 35)	false	3.924	0.378	0.3935	3.978	0.4099	0.4081	-0.054	0.0319	0.0146
(22, 35)	true	4.21	0.3638	0.4228	4.344	0.3544	0.4439	0.134	0.0094	-0.0211
(22, 35)	false	3.86	0.442	0.4585	3.66	0.4511	0.4179	0.2	0.009	-0.0407
(22, 35)	false	4.032	0.4059	0.4667	4.4	0.3444	0.4683	-0.368	-0.0615	0.0016
(22, 35)	false	4.188	0.34	0.4195	4.066	0.4174	0.452	0.122	0.0775	0.0325
(22, 35)	false	3.828	0.4104	0.535	4.05	0.3722	0.4472	-0.222	-0.0382	-0.0878
(22, 35)	false	4.244	0.3992	0.4862	4.15	0.3554	0.4764	0.094	-0.0438	-0.0098
(22, 35)	false	4.192	0.3889	0.4341	3.804	0.475	0.4943	0.388	0.0862	0.0602
(61, 76)	false	3.902	0.3857	0.4537	4.3	0.3349	0.4439	-0.398	-0.0508	-0.0098
(61, 76)	false	3.874	0.3869	0.4114	4.138	0.3483	0.4244	-0.264	-0.0386	0.013
(61, 76)	false	3.924	0.378	0.3935	4.118	0.3955	0.4325	-0.194	0.0175	0.039
(61, 76)	false	4.21	0.3638	0.4228	4.128	0.3508	0.4244	0.082	-0.013	0.0016
(61, 76)	false	3.86	0.442	0.4585	3.59	0.4639	0.4585	0.27	0.0219	-0
(61, 76)	false	4.032	0.4059	0.4667	3.998	0.392	0.4472	0.034	-0.0139	-0.0195
(61, 76)	false	4.188	0.34	0.4195	3.936	0.4268	0.4699	0.252	0.0869	0.0504
(61, 76)	false	3.828	0.4104	0.535	3.94	0.3717	0.4748	-0.112	-0.0386	-0.0602
(61, 76)	true	4.244	0.3992	0.4862	4.278	0.3396	0.4602	0.034	0.0596	0.026
(61, 76)	false	4.192	0.3889	0.4341	4.012	0.4152	0.4537	0.18	0.0263	0.0195
(27, 78)	false	3.902	0.3857	0.4537	4.3	0.3677	0.4455	-0.398	-0.0179	-0.0081
(27, 78)	false	3.874	0.3869	0.4114	4.282	0.3467	0.3919	-0.408	-0.0402	-0.0195
(27, 78)	false	3.924	0.378	0.3935	4.366	0.3591	0.3837	-0.442	-0.0189	-0.0098
(27, 78)	false	4.21	0.3638	0.4228	4.51	0.3176	0.4244	-0.3	-0.0462	0.0016
(27, 78)	false	3.86	0.442	0.4585	3.61	0.4467	0.4634	0.25	0.0047	0.0049
(27, 78)	false	4.032	0.4059	0.4667	3.778	0.4439	0.4618	0.254	0.038	-0.0049
(27, 78)	true	4.188	0.34	0.4195	4.024	0.4152	0.4537	-0.164	-0.0752	-0.0341
(27, 78)	false	3.828	0.4104	0.535	3.746	0.3695	0.4764	0.082	-0.0409	-0.0585
(27, 78)	false	4.244	0.3992	0.4862	3.986	0.3749	0.5252	0.258	-0.0243	0.039
(27, 78)	false	4.192	0.3889	0.4341	3.724	0.4815	0.5073	0.468	0.0926	0.0732
(37, 43)	true	3.902	0.3857	0.4537	3.708	0.3854	0.5024	-0.194	0.0003	-0.0488
(37, 43)	true	3.874	0.3869	0.4114	4.248	0.373	0.4098	0.374	0.0139	0.0016
(37, 43)	true	3.924	0.378	0.3935	4.388	0.3704	0.3837	0.464	0.0076	0.0098
(37, 43)	true	4.21	0.3638	0.4228	4.242	0.3712	0.4634	0.032	-0.0074	-0.0407
(37, 43)	false	3.86	0.442	0.4585	3.96	0.424	0.4341	-0.1	-0.0181	-0.0244
(37, 43)	false	4.032	0.4059	0.4667	3.86	0.3978	0.4341	0.172	-0.0081	-0.0325
(37, 43)	false	4.188	0.34	0.4195	4.406	0.3521	0.4033	-0.218	0.0122	-0.0163
(37, 43)	false	3.828	0.4104	0.535	4.162	0.391	0.4569	-0.334	-0.0194	-0.078
(37, 43)	true	4.244	0.3992	0.4862	4.236	0.3824	0.4764	-0.008	0.0168	0.0098
(37, 43)	false	4.192	0.3889	0.4341	4.14	0.3676	0.4569	0.052	-0.0212	0.0228
(25, 73)	true	3.902	0.3857	0.4537	3.844	0.3975	0.439	-0.058	-0.0119	0.0146
(25, 73)	false	3.874	0.3869	0.4114	3.896	0.366	0.4179	-0.022	-0.0208	0.0065
(25, 73)	false	3.924	0.378	0.3935	4.294	0.3569	0.4146	-0.37	-0.0212	0.0211
(25, 73)	false	4.21	0.3638	0.4228	4.178	0.3601	0.452	0.032	-0.0037	0.0293
(25, 73)	true	3.86	0.442	0.4585	3.902	0.4059	0.3886	0.042	0.0361	0.0699
(25, 73)	true	4.032	0.4059	0.4667	4.03	0.399	0.4504	-0.002	0.0069	0.0163
(25, 73)	false	4.188	0.34	0.4195	4.262	0.3812	0.4407	-0.074	0.0413	0.0211
(25, 73)	true	3.828	0.4104	0.535	4.214	0.3375	0.4846	0.386	0.0728	0.0504
(25, 73)	false	4.244	0.3992	0.4862	3.956	0.369	0.5171	0.288	-0.0303	0.0309
(25, 73)	false	4.192	0.3889	0.4341	3.856	0.4407	0.478	0.336	0.0518	0.0439
(59, 77)	false	3.902	0.3857	0.4537	3.772	0.4037	0.439	0.13	0.0181	-0.0146
(59, 77)	true	3.874	0.3869	0.4114	3.768	0.3833	0.4146	-0.106	0.0035	-0.0033
(59, 77)	true	3.924	0.378	0.3935	3.888	0.414	0.4065	-0.036	-0.036	-0.013
(59, 77)	false	4.21	0.3638	0.4228	3.77	0.4262	0.4683	0.44	0.0624	0.0455
(59, 77)	false	3.86	0.442	0.4585	3.484	0.4599	0.4341	0.376	0.0178	-0.0244
(59, 77)	false	4.032	0.4059	0.4667	3.876	0.4053	0.4715	0.156	-0.0006	0.0049
(59, 77)	true	4.188	0.34	0.4195	4.228	0.3643	0.4553	0.04	-0.0243	-0.0358
(59, 77)	false	3.828	0.4104	0.535	3.724	0.3572	0.4911	0.104	-0.0532	-0.0439
(59, 77)	false	4.244	0.3992	0.4862	4.146	0.3801	0.5008	0.098	-0.0191	0.0146
(59, 77)	false	4.192	0.3889	0.4341	3.752	0.4556	0.4748	0.44	0.0667	0.0407
(36, 43)	true	3.902	0.3857	0.4537	3.764	0.4093	0.4667	-0.138	-0.0237	-0.013
(36, 43)	true	3.874	0.3869	0.4114	4.102	0.384	0.3919	0.228	0.0028	0.0195
(36, 43)	true	3.924	0.378	0.3935	3.88	0.4015	0.4	-0.044	-0.0235	-0.0065
(36, 43)	false	4.21	0.3638	0.4228	4.012	0.4242	0.4293	0.198	0.0604	0.0065
(36, 43)	false	3.86	0.442	0.4585	3.998	0.3623	0.4276	-0.138	-0.0797	-0.0309
(36, 43)	false	4.032	0.4059	0.4667	4.06	0.3774	0.465	-0.028	-0.0285	-0.0016
(36, 43)	false	4.188	0.34	0.4195	4.32	0.3868	0.4341	-0.132	0.0469	0.0146
(36, 43)	false	3.828	0.4104	0.535	4.036	0.3571	0.4764	-0.208	-0.0533	-0.0585
(36, 43)	false	4.244	0.3992	0.4862	4.052	0.3609	0.5008	0.192	-0.0383	0.0146
(36, 43)	false	4.192	0.3889	0.4341	3.878	0.419	0.4537	0.314	0.0301	0.0195
(25, 76)	false	3.902	0.3857	0.4537	3.906	0.3726	0.478	-0.004	-0.013	0.0244
(25, 76)	false	3.874	0.3869	0.4114	3.906	0.4086	0.4309	-0.032	0.0217	0.0195
(25, 76)	false	3.924	0.378	0.3935	3.794	0.4253	0.439	0.13	0.0473	0.0455
(25, 76)	false	4.21	0.3638	0.4228	3.914	0.3451	0.4228	0.296	-0.0187	0
(25, 76)	false	3.86	0.442	0.4585	3.752	0.4071	0.4293	0.108	-0.0349	-0.0293
(25, 76)	false	4.032	0.4059	0.4667	3.706	0.4101	0.4683	0.326	0.0042	0.0016
(25, 76)	false	4.188	0.34	0.4195	3.892	0.4267	0.439	0.296	0.0868	0.0195
(25, 76)	true	3.828	0.4104	0.535	4.064	0.3653	0.4829	0.236	0.0451	0.052
(25, 76)	false	4.244	0.3992	0.4862	3.94	0.4159	0.5041	0.304	0.0167	0.0179
(25, 76)	false	4.192	0.3889	0.4341	4.404	0.342	0.4358	-0.212	-0.0469	0.0016
(64, 73)	true	3.902	0.3857	0.4537	3.922	0.4041	0.4911	0.02	-0.0184	-0.0374
(64, 73)	true	3.874	0.3869	0.4114	4.074	0.3764	0.3772	0.2	0.0105	0.0341
(64, 73)	true	3.924	0.378	0.3935	4.15	0.3495	0.3886	0.226	0.0285	0.0049
(64, 73)	false	4.21	0.3638	0.4228	4.346	0.3604	0.4195	-0.136	-0.0034	-0.0033
(64, 73)	false	3.86	0.442	0.4585	3.694	0.4394	0.4504	0.166	-0.0027	-0.0081
(64, 73)	false	4.032	0.4059	0.4667	4.212	0.3516	0.4537	-0.18	-0.0543	-0.013
(64, 73)	true	4.188	0.34	0.4195	3.982	0.3873	0.4098	-0.206	-0.0474	0.0098
(64, 73)	false	3.828	0.4104	0.535	4.09	0.3678	0.4634	-0.262	-0.0426	-0.0715
(64, 73)	false	4.244	0.3992	0.4862	4.32	0.4086	0.4813	-0.076	0.0093	-0.0049
(64, 73)	false	4.192	0.3889	0.4341	3.76	0.4196	0.465	0.432	0.0307	0.0309
(24, 32)	false	3.902	0.3857	0.4537	4.066	0.3896	0.4455	-0.164	0.0039	-0.0081
(24, 32)	false	3.874	0.3869	0.4114	4.11	0.4115	0.4228	-0.236	0.0247	0.0114
(24, 32)	false	3.924	0.378	0.3935	4.092	0.4098	0.4065	-0.168	0.0318	0.013
(24, 32)	false	4.21	0.3638	0.4228	4.118	0.3134	0.439	0.092	-0.0504	0.0163
(24, 32)	false	3.86	0.442	0.4585	3.918	0.3738	0.3967	-0.058	-0.0683	-0.0618
(24, 32)	false	4.032	0.4059	0.4667	3.984	0.39	0.4959	0.048	-0.016	0.0293
(24, 32)	false	4.188	0.34	0.4195	4.368	0.377	0.4537	-0.18	0.037	0.0341
(24, 32)	false	3.828	0.4104	0.535	4.234	0.3496	0.4699	-0.406	-0.0607	-0.065
(24, 32)	false	4.244	0.3992	0.4862	4.246	0.3345	0.4699	-0.002	-0.0647	-0.0163
(24, 32)	false	4.192	0.3889	0.4341	4.3	0.3595	0.4065	-0.108	-0.0294	-0.0276
(62, 75)	false	3.902	0.3857	0.4537	3.762	0.4174	0.4488	0.14	0.0317	-0.0049
(62, 75)	false	3.874	0.3869	0.4114	3.574	0.4068	0.4504	0.3	0.02	0.039
(62, 75)	false	3.924	0.378	0.3935	3.808	0.4347	0.4407	0.116	0.0566	0.0472
(62, 75)	false	4.21	0.3638	0.4228	3.986	0.3741	0.4423	0.224	0.0103	0.0195
(62, 75)	false	3.86	0.442	0.4585	3.704	0.4417	0.4927	0.156	-0.0003	0.0341
(62, 75)	false	4.032	0.4059	0.4667	4.002	0.4215	0.426	0.03	0.0156	-0.0407
(62, 75)	false	4.188	0.34	0.4195	4.008	0.4255	0.4276	0.18	0.0855	0.0081
(62, 75)	true	3.828	0.4104	0.535	4.236	0.3736	0.4846	0.408	0.0368	0.0504
(62, 75)	true	4.244	0.3992	0.4862	3.996	0.382	0.4894	-0.248	0.0173	-0.0033
(62, 75)	false	4.192	0.3889	0.4341	4.138	0.35	0.4114	0.054	-0.0389	-0.0228
(62, 74)	false	3.902	0.3857	0.4537	3.79	0.4085	0.4683	0.112	0.0229	0.0146
(62, 74)	true	3.874	0.3869	0.4114	4.008	0.3747	0.4114	0.134	0.0121	0
(62, 74)	true	3.924	0.378	0.3935	4.368	0.3604	0.387	0.444	0.0176	0.0065
(62, 74)	true	4.21	0.3638	0.4228	4.034	0.4043	0.4341	-0.176	-0.0405	-0.0114
(62, 74)	true	3.86	0.442	0.4585	3.658	0.4616	0.478	-0.202	-0.0196	-0.0195
(62, 74)	true	4.032	0.4059	0.4667	3.91	0.4076	0.465	-0.122	-0.0017	0.0016
(62, 74)	false	4.188	0.34	0.4195	4.31	0.3678	0.4553	-0.122	0.0278	0.0358
(62, 74)	false	3.828	0.4104	0.535	4.216	0.3551	0.465	-0.388	-0.0552	-0.0699
(62, 74)	false	4.244	0.3992	0.4862	3.906	0.4049	0.548	0.338	0.0057	0.0618
(62, 74)	false	4.192	0.3889	0.4341	3.838	0.3981	0.4228	0.354	0.0092	-0.0114
(48, 74)	true	3.902	0.3857	0.4537	3.908	0.4178	0.4683	0.006	-0.0321	-0.0146
(48, 74)	true	3.874	0.3869	0.4114	3.95	0.3801	0.3659	0.076	0.0067	0.0455
(48, 74)	true	3.924	0.378	0.3935	4.074	0.3811	0.3561	0.15	-0.0031	0.0374
(48, 74)	false	4.21	0.3638	0.4228	4.126	0.3522	0.4374	0.084	-0.0116	0.0146
(48, 74)	true	3.86	0.442	0.4585	3.792	0.4418	0.4602	-0.068	0.0002	-0.0016
(48, 74)	true	4.032	0.4059	0.4667	4.18	0.3821	0.4537	0.148	0.0238	0.013
(48, 74)	false	4.188	0.34	0.4195	4.07	0.3574	0.4439	0.118	0.0175	0.0244
(48, 74)	false	3.828	0.4104	0.535	4.288	0.3354	0.4374	-0.46	-0.0749	-0.0976
(48, 74)	false	4.244	0.3992	0.4862	4.164	0.3545	0.4488	0.08	-0.0448	-0.0374
(48, 74)	false	4.192	0.3889	0.4341	3.708	0.4535	0.4618	0.484	0.0646	0.0276
(19, 38)	false	3.902	0.3857	0.4537	3.934	0.409	0.4943	-0.032	0.0234	0.0407
(19, 38)	false	3.874	0.3869	0.4114	4.234	0.3694	0.4472	-0.36	-0.0175	0.0358
(19, 38)	false	3.924	0.378	0.3935	4.104	0.3623	0.4179	-0.18	-0.0157	0.0244
(19, 38)	true	4.21	0.3638	0.4228	4.2	0.3812	0.4195	-0.01	-0.0174	0.0033
(19, 38)	true	3.86	0.442	0.4585	3.588	0.4522	0.4992	-0.272	-0.0102	-0.0407
(19, 38)	true	4.032	0.4059	0.4667	3.634	0.4412	0.5024	-0.398	-0.0353	-0.0358
(19, 38)	false	4.188	0.34	0.4195	4.326	0.3387	0.452	-0.138	-0.0012	0.0325
(19, 38)	false	3.828	0.4104	0.535	4.082	0.3635	0.5089	-0.254	-0.0469	-0.026
(19, 38)	false	4.244	0.3992	0.4862	3.822	0.3647	0.4862	0.422	-0.0346	0
(19, 38)	false	4.192	0.3889	0.4341	4.124	0.375	0.4797	0.068	-0.0139	0.0455
(21, 34)	false	3.902	0.3857	0.4537	3.868	0.4044	0.4699	0.034	0.0187	0.0163
(21, 34)	false	3.874	0.3869	0.4114	4.34	0.2906	0.4211	-0.466	-0.0963	0.0098
(21, 34)	false	3.924	0.378	0.3935	3.93	0.3596	0.4358	-0.006	-0.0184	0.0423
(21, 34)	false	4.21	0.3638	0.4228	4.24	0.3633	0.4211	-0.03	-0.0005	-0.0016
(21, 34)	false	3.86	0.442	0.4585	3.96	0.3844	0.4504	-0.1	-0.0577	-0.0081
(21, 34)	false	4.032	0.4059	0.4667	4.19	0.3515	0.4358	-0.158	-0.0544	-0.0309
(21, 34)	false	4.188	0.34	0.4195	4.128	0.4074	0.4862	0.06	0.0674	0.0667
(21, 34)	false	3.828	0.4104	0.535	4.586	0.3299	0.4764	-0.758	-0.0805	-0.0585
(21, 34)	false	4.244	0.3992	0.4862	4.142	0.3671	0.4569	0.102	-0.0321	-0.0293
(21, 34)	false	4.192	0.3889	0.4341	3.824	0.4164	0.478	0.368	0.0276	0.0439
(66, 72)	false	3.902	0.3857	0.4537	3.666	0.434	0.4911	0.236	0.0483	0.0374
(66, 72)	false	3.874	0.3869	0.4114	4.182	0.3673	0.3577	-0.308	-0.0195	-0.0537
(66, 72)	false	3.924	0.378	0.3935	4.032	0.4021	0.426	-0.108	0.0241	0.0325
(66, 72)	true	4.21	0.3638	0.4228	3.94	0.3838	0.4228	-0.27	-0.02	0
(66, 72)	false	3.86	0.442	0.4585	3.764	0.4463	0.4341	0.096	0.0042	-0.0244
(66, 72)	false	4.032	0.4059	0.4667	3.914	0.394	0.413	0.118	-0.0119	-0.0537
(66, 72)	false	4.188	0.34	0.4195	4.084	0.3604	0.426	0.104	0.0204	0.0065
(66, 72)	false	3.828	0.4104	0.535	4.07	0.3461	0.4553	-0.242	-0.0643	-0.0797
(66, 72)	true	4.244	0.3992	0.4862	4.11	0.3913	0.5203	-0.134	0.0079	-0.0341
(66, 72)	false	4.192	0.3889	0.4341	3.854	0.4564	0.5041	0.338	0.0675	0.0699
(25, 74)	false	3.902	0.3857	0.4537	3.732	0.3656	0.4764	0.17	-0.0201	0.0228
(25, 74)	false	3.874	0.3869	0.4114	3.806	0.4083	0.4114	0.068	0.0214	0
(25, 74)	false	3.924	0.378	0.3935	3.886	0.397	0.439	0.038	0.019	0.0455
(25, 74)	true	4.21	0.3638	0.4228	4.062	0.346	0.4195	-0.148	0.0178	0.0033
(25, 74)	true	3.86	0.442	0.4585	3.72	0.4543	0.4293	-0.14	-0.0123	0.0293
(25, 74)	true	4.032	0.4059	0.4667	3.87	0.4267	0.4407	-0.162	-0.0208	0.026
(25, 74)	false	4.188	0.34	0.4195	4.352	0.3517	0.4764	-0.164	0.0117	0.0569
(25, 74)	true	3.828	0.4104	0.535	4.394	0.3816	0.4683	0.566	0.0287	0.0667
(25, 74)	true	4.244	0.3992	0.4862	4.192	0.3706	0.5285	-0.052	0.0287	-0.0423
(25, 74)	false	4.192	0.3889	0.4341	4.074	0.42	0.4618	0.118	0.0311	0.0276
(17, 40)	false	3.902	0.3857	0.4537	3.748	0.4074	0.4748	0.154	0.0218	0.0211
(17, 40)	false	3.874	0.3869	0.4114	3.852	0.3712	0.4276	0.022	-0.0156	0.0163
(17, 40)	false	3.924	0.378	0.3935	3.76	0.3822	0.3902	0.164	0.0041	-0.0033
(17, 40)	false	4.21	0.3638	0.4228	4.306	0.3421	0.4634	-0.096	-0.0217	0.0407
(17, 40)	false	3.86	0.442	0.4585	4.266	0.3866	0.387	-0.406	-0.0554	-0.0715
(17, 40)	false	4.032	0.4059	0.4667	4.494	0.3263	0.4244	-0.462	-0.0796	-0.0423
(17, 40)	false	4.188	0.34	0.4195	4.14	0.4045	0.4537	0.048	0.0646	0.0341
(17, 40)	false	3.828	0.4104	0.535	4.456	0.3466	0.5024	-0.628	-0.0638	-0.0325
(17, 40)	false	4.244	0.3992	0.4862	3.85	0.3808	0.5138	0.394	-0.0185	0.0276
(17, 40)	false	4.192	0.3889	0.4341	3.284	0.4622	0.5285	0.908	0.0733	0.0943
(23, 74)	true	3.902	0.3857	0.4537	3.976	0.3701	0.4764	0.074	0.0155	-0.0228
(23, 74)	false	3.874	0.3869	0.4114	4.082	0.4129	0.452	-0.208	0.026	0.0407
(23, 74)	false	3.924	0.378	0.3935	4.08	0.4239	0.4455	-0.156	0.0459	0.052
(23, 74)	true	4.21	0.3638	0.4228	4.284	0.3288	0.4585	0.074	0.035	-0.0358
(23, 74)	false	3.86	0.442	0.4585	3.73	0.4	0.4309	0.13	-0.0421	-0.0276
(23, 74)	false	4.032	0.4059	0.4667	3.948	0.4136	0.4341	0.084	0.0076	-0.0325
(23, 74)	false	4.188	0.34	0.4195	3.73	0.3887	0.4472	0.458	0.0487	0.0276
(23, 74)	false	3.828	0.4104	0.535	4.266	0.3503	0.4423	-0.438	-0.06	-0.0927
(23, 74)	false	4.244	0.3992	0.4862	4.142	0.3934	0.5073	0.102	-0.0058	0.0211
(23, 74)	false	4.192	0.3889	0.4341	4.072	0.4037	0.4862	0.12	0.0148	0.052
(21, 37)	true	3.902	0.3857	0.4537	3.424	0.4333	0.465	-0.478	-0.0477	-0.0114
(21, 37)	true	3.874	0.3869	0.4114	4.18	0.3343	0.348	0.306	0.0526	0.0634
(21, 37)	true	3.924	0.378	0.3935	4.44	0.3324	0.348	0.516	0.0456	0.0455
(21, 37)	true	4.21	0.3638	0.4228	4.262	0.3563	0.3951	0.052	0.0076	0.0276
(21, 37)	true	3.86	0.442	0.4585	3.722	0.441	0.3724	-0.138	0.001	0.0862
(21, 37)	true	4.032	0.4059	0.4667	4.286	0.3515	0.4228	0.254	0.0545	0.0439
(21, 37)	true	4.188	0.34	0.4195	4.314	0.3862	0.4195	0.126	-0.0462	0
(21, 37)	true	3.828	0.4104	0.535	4.252	0.3236	0.4732	0.424	0.0868	0.0618
(21, 37)	false	4.244	0.3992	0.4862	3.816	0.3947	0.5577	0.428	-0.0045	0.0715
(21, 37)	false	4.192	0.3889	0.4341	4.052	0.4323	0.478	0.14	0.0434	0.0439
(21, 36)	false	3.902	0.3857	0.4537	3.686	0.4054	0.4699	0.216	0.0197	0.0163
(21, 36)	false	3.874	0.3869	0.4114	4.058	0.3451	0.3707	-0.184	-0.0418	-0.0407
(21, 36)	false	3.924	0.378	0.3935	4.028	0.3627	0.3951	-0.104	-0.0154	0.0016
(21, 36)	true	4.21	0.3638	0.4228	3.876	0.4177	0.4667	-0.334	-0.0539	-0.0439
(21, 36)	false	3.86	0.442	0.4585	3.934	0.4311	0.4634	-0.074	-0.0109	0.0049
(21, 36)	false	4.032	0.4059	0.4667	4.25	0.3507	0.4504	-0.218	-0.0552	-0.0163
(21, 36)	false	4.188	0.34	0.4195	4.158	0.365	0.4748	0.03	0.025	0.0553
(21, 36)	false	3.828	0.4104	0.535	4.304	0.3384	0.4537	-0.476	-0.072	-0.0813
(21, 36)	false	4.244	0.3992	0.4862	4.18	0.402	0.4894	0.064	0.0027	0.0033
(21, 36)	false	4.192	0.3889	0.4341	4.334	0.3549	0.4911	-0.142	-0.034	0.0569
(16, 38)	false	3.902	0.3857	0.4537	3.89	0.3964	0.5041	0.012	0.0107	0.0504
(16, 38)	false	3.874	0.3869	0.4114	4.116	0.4306	0.452	-0.242	0.0438	0.0407
(16, 38)	false	3.924	0.378	0.3935	4.132	0.4207	0.387	-0.208	0.0427	-0.0065
(16, 38)	false	4.21	0.3638	0.4228	4.338	0.3307	0.4211	-0.128	-0.0331	-0.0016
(16, 38)	false	3.86	0.442	0.4585	3.814	0.4218	0.478	0.046	-0.0202	0.0195
(16, 38)	false	4.032	0.4059	0.4667	4.052	0.4098	0.4195	-0.02	0.0039	-0.0472
(16, 38)	false	4.188	0.34	0.4195	4.142	0.3772	0.4358	0.046	0.0373	0.0163
(16, 38)	false	3.828	0.4104	0.535	4.338	0.369	0.4992	-0.51	-0.0413	-0.0358
(16, 38)	false	4.244	0.3992	0.4862	4.182	0.3483	0.5154	0.062	-0.0509	0.0293
(16, 38)	false	4.192	0.3889	0.4341	4.166	0.4086	0.465	0.026	0.0197	0.0309
(25, 31)	false	3.902	0.3857	0.4537	3.448	0.4734	0.5024	0.454	0.0877	0.0488
(25, 31)	true	3.874	0.3869	0.4114	4.006	0.4067	0.3789	0.132	-0.0198	0.0325
(25, 31)	true	3.924	0.378	0.3935	4.222	0.389	0.3902	0.298	-0.011	0.0033
(25, 31)	true	4.21	0.3638	0.4228	4.33	0.3614	0.4293	0.12	0.0024	-0.0065
(25, 31)	false	3.86	0.442	0.4585	3.776	0.4103	0.4016	0.084	-0.0317	-0.0569
(25, 31)	false	4.032	0.4059	0.4667	4.082	0.3758	0.4358	-0.05	-0.0301	-0.0309
(25, 31)	false	4.188	0.34	0.4195	4.156	0.3725	0.4276	0.032	0.0325	0.0081
(25, 31)	true	3.828	0.4104	0.535	4.432	0.365	0.439	0.604	0.0454	0.0959
(25, 31)	true	4.244	0.3992	0.4862	4.272	0.3805	0.4894	0.028	0.0187	-0.0033
(25, 31)	false	4.192	0.3889	0.4341	3.97	0.4176	0.4146	0.222	0.0287	-0.0195
(17, 39)	false	3.902	0.3857	0.4537	4.294	0.33	0.4325	-0.392	-0.0556	-0.0211
(17, 39)	false	3.874	0.3869	0.4114	4.21	0.4008	0.426	-0.336	0.014	0.0146
(17, 39)	false	3.924	0.378	0.3935	4.196	0.4063	0.3984	-0.272	0.0283	0.0049
(17, 39)	true	4.21	0.3638	0.4228	4.212	0.3841	0.3902	0.002	-0.0202	0.0325
(17, 39)	true	3.86	0.442	0.4585	3.55	0.4524	0.4569	-0.31	-0.0103	0.0016
(17, 39)	true	4.032	0.4059	0.4667	4.024	0.386	0.4179	-0.008	0.0199	0.0488
(17, 39)	true	4.188	0.34	0.4195	4.228	0.3693	0.4146	0.04	-0.0293	0.0049
(17, 39)	false	3.828	0.4104	0.535	4.16	0.3706	0.4423	-0.332	-0.0398	-0.0927
(17, 39)	false	4.244	0.3992	0.4862	4.068	0.3857	0.522	0.176	-0.0135	0.0358
(17, 39)	false	4.192	0.3889	0.4341	3.454	0.4651	0.4846	0.738	0.0763	0.0504
(23, 35)	false	3.902	0.3857	0.4537	3.46	0.4635	0.5106	0.442	0.0778	0.0569
(23, 35)	true	3.874	0.3869	0.4114	4.388	0.33	0.3919	0.514	0.0568	0.0195
(23, 35)	true	3.924	0.378	0.3935	4.184	0.3346	0.3902	0.26	0.0434	0.0033
(23, 35)	true	4.21	0.3638	0.4228	4.476	0.3345	0.4033	0.266	0.0293	0.0195
(23, 35)	false	3.86	0.442	0.4585	3.634	0.4441	0.4537	0.226	0.002	-0.0049
(23, 35)	false	4.032	0.4059	0.4667	4.194	0.3409	0.4244	-0.162	-0.065	-0.0423
(23, 35)	false	4.188	0.34	0.4195	3.732	0.4102	0.4309	0.456	0.0702	0.0114
(23, 35)	false	3.828	0.4104	0.535	4.134	0.3462	0.4764	-0.306	-0.0642	-0.0585
(23, 35)	false	4.244	0.3992	0.4862	3.96	0.3923	0.4829	0.284	-0.007	-0.0033
(23, 35)	false	4.192	0.3889	0.4341	4.23	0.3798	0.478	-0.038	-0.0091	0.0439
(63, 74)	false	3.902	0.3857	0.4537	3.622	0.474	0.5463	0.28	0.0884	0.0927
(63, 74)	true	3.874	0.3869	0.4114	3.876	0.4122	0.4081	0.002	-0.0254	0.0033
(63, 74)	true	3.924	0.378	0.3935	3.81	0.3802	0.3512	-0.114	-0.0022	0.0423
(63, 74)	true	4.21	0.3638	0.4228	4.038	0.3632	0.4081	-0.172	0.0006	0.0146
(63, 74)	false	3.86	0.442	0.4585	4.158	0.3429	0.4228	-0.298	-0.0991	-0.0358
(63, 74)	false	4.032	0.4059	0.4667	4.236	0.3605	0.4211	-0.204	-0.0454	-0.0455
(63, 74)	false	4.188	0.34	0.4195	4.218	0.3464	0.465	-0.03	0.0064	0.0455
(63, 74)	true	3.828	0.4104	0.535	4.068	0.3347	0.4325	0.24	0.0757	0.1024
(63, 74)	false	4.244	0.3992	0.4862	4.324	0.3801	0.5236	-0.08	-0.0191	0.0374
(63, 74)	false	4.192	0.3889	0.4341	3.65	0.4313	0.4683	0.542	0.0425	0.0341
(23, 75)	false	3.902	0.3857	0.4537	3.744	0.4526	0.5057	0.158	0.067	0.052
(23, 75)	false	3.874	0.3869	0.4114	4.114	0.4143	0.4211	-0.24	0.0274	0.0098
(23, 75)	false	3.924	0.378	0.3935	3.876	0.4239	0.413	0.048	0.0459	0.0195
(23, 75)	false	4.21	0.3638	0.4228	4.064	0.3305	0.4081	0.146	-0.0333	-0.0146
(23, 75)	false	3.86	0.442	0.4585	4.194	0.3721	0.4081	-0.334	-0.07	-0.0504
(23, 75)	false	4.032	0.4059	0.4667	4.004	0.4197	0.4049	0.028	0.0138	-0.0618
(23, 75)	false	4.188	0.34	0.4195	4.144	0.3375	0.4569	0.044	-0.0025	0.0374
(23, 75)	false	3.828	0.4104	0.535	4.008	0.3598	0.5008	-0.18	-0.0506	-0.0341
(23, 75)	true	4.244	0.3992	0.4862	4.342	0.3409	0.478	0.098	0.0583	0.0081
(23, 75)	false	4.192	0.3889	0.4341	3.674	0.4502	0.4667	0.518	0.0613	0.0325
(26, 32)	false	3.902	0.3857	0.4537	3.462	0.4778	0.5122	0.44	0.0922	0.0585
(26, 32)	true	3.874	0.3869	0.4114	4.112	0.3548	0.3707	0.238	0.0321	0.0407
(26, 32)	true	3.924	0.378	0.3935	3.996	0.3652	0.387	0.072	0.0128	0.0065
(26, 32)	false	4.21	0.3638	0.4228	3.944	0.3786	0.4114	0.266	0.0148	-0.0114
(26, 32)	false	3.86	0.442	0.4585	3.856	0.424	0.4	0.004	-0.018	-0.0585
(26, 32)	false	4.032	0.4059	0.4667	3.984	0.3768	0.4439	0.048	-0.0291	-0.0228
(26, 32)	false	4.188	0.34	0.4195	4.288	0.3817	0.4309	-0.1	0.0417	0.0114
(26, 32)	false	3.828	0.4104	0.535	4.478	0.3203	0.4862	-0.65	-0.09	-0.0488
(26, 32)	false	4.244	0.3992	0.4862	3.644	0.4451	0.5382	0.6	0.0459	0.052
(26, 32)	false	4.192	0.3889	0.4341	4.112	0.395	0.4797	0.08	0.0061	0.0455
(27, 76)	false	3.902	0.3857	0.4537	3.544	0.4264	0.4748	0.358	0.0408	0.0211
(27, 76)	false	3.874	0.3869	0.4114	3.912	0.4276	0.4423	-0.038	0.0408	0.0309
(27, 76)	false	3.924	0.378	0.3935	3.814	0.4263	0.4016	0.11	0.0483	0.0081
(27, 76)	false	4.21	0.3638	0.4228	4.052	0.3771	0.4276	0.158	0.0133	0.0049
(27, 76)	true	3.86	0.442	0.4585	4.008	0.4143	0.4098	0.148	0.0277	0.0488
(27, 76)	true	4.032	0.4059	0.4667	4.356	0.3214	0.4276	0.324	0.0845	0.039
(27, 76)	false	4.188	0.34	0.4195	3.708	0.4613	0.4585	0.48	0.1214	0.039
(27, 76)	false	3.828	0.4104	0.535	3.872	0.3973	0.5008	-0.044	-0.0131	-0.0341
(27, 76)	false	4.244	0.3992	0.4862	4.392	0.3856	0.522	-0.148	-0.0137	0.0358
(27, 76)	false	4.192	0.3889	0.4341	4.028	0.3872	0.4683	0.164	-0.0016	0.0341
(24, 34)	false	3.902	0.3857	0.4537	3.788	0.3936	0.4667	0.114	0.0079	0.013
(24, 34)	false	3.874	0.3869	0.4114	3.86	0.394	0.4098	0.014	0.0072	-0.0016
(24, 34)	false	3.924	0.378	0.3935	4.176	0.3559	0.374	-0.252	-0.0221	-0.0195
(24, 34)	false	4.21	0.3638	0.4228	4.336	0.3522	0.4081	-0.126	-0.0116	-0.0146
(24, 34)	false	3.86	0.442	0.4585	3.978	0.4052	0.4146	-0.118	-0.0368	-0.0439
(24, 34)	false	4.032	0.4059	0.4667	3.708	0.3954	0.5089	0.324	-0.0105	0.0423
(24, 34)	false	4.188	0.34	0.4195	3.814	0.4057	0.4618	0.374	0.0657	0.0423
(24, 34)	false	3.828	0.4104	0.535	4.286	0.345	0.4927	-0.458	-0.0654	-0.0423
(24, 34)	false	4.244	0.3992	0.4862	4.386	0.3676	0.5333	-0.142	-0.0317	0.0472
(24, 34)	false	4.192	0.3889	0.4341	3.698	0.4654	0.4439	0.494	0.0766	0.0098
(51, 74)	false	3.902	0.3857	0.4537	3.838	0.4036	0.4407	0.064	0.0179	-0.013
(51, 74)	true	3.874	0.3869	0.4114	4.086	0.3833	0.3902	0.212	0.0036	0.0211
(51, 74)	true	3.924	0.378	0.3935	4.144	0.4027	0.4325	0.22	-0.0247	-0.039
(51, 74)	false	4.21	0.3638	0.4228	4.034	0.3518	0.387	0.176	-0.012	-0.0358
(51, 74)	true	3.86	0.442	0.4585	4.016	0.3706	0.4309	0.156	0.0715	0.0276
(51, 74)	true	4.032	0.4059	0.4667	4.186	0.3696	0.439	0.154	0.0363	0.0276
(51, 74)	false	4.188	0.34	0.4195	4.532	0.3486	0.4358	-0.344	0.0086	0.0163
(51, 74)	false	3.828	0.4104	0.535	4.286	0.3831	0.4976	-0.458	-0.0273	-0.0374
(51, 74)	false	4.244	0.3992	0.4862	4.12	0.3888	0.4797	0.124	-0.0104	-0.0065
(51, 74)	false	4.192	0.3889	0.4341	4.194	0.3872	0.5285	-0.002	-0.0017	0.0943
(22, 73)	false	3.902	0.3857	0.4537	3.944	0.3682	0.4602	-0.042	-0.0174	0.0065
(22, 73)	false	3.874	0.3869	0.4114	3.838	0.4185	0.4163	0.036	0.0317	0.0049
(22, 73)	false	3.924	0.378	0.3935	4.002	0.3935	0.3902	-0.078	0.0155	-0.0033
(22, 73)	false	4.21	0.3638	0.4228	4.124	0.3668	0.4163	0.086	0.003	-0.0065
(22, 73)	false	3.86	0.442	0.4585	3.716	0.4481	0.4569	0.144	0.006	-0.0016
(22, 73)	false	4.032	0.4059	0.4667	3.922	0.4148	0.4439	0.11	0.0089	-0.0228
(22, 73)	false	4.188	0.34	0.4195	4.064	0.4101	0.4358	0.124	0.0701	0.0163
(22, 73)	true	3.828	0.4104	0.535	4.192	0.3569	0.4667	0.364	0.0534	0.0683
(22, 73)	false	4.244	0.3992	0.4862	4.258	0.396	0.5236	-0.014	-0.0033	0.0374
(22, 73)	false	4.192	0.3889	0.4341	4.022	0.4166	0.4293	0.17	0.0277	-0.0049
(20, 43)	false	3.902	0.3857	0.4537	3.822	0.4462	0.5024	0.08	0.0605	0.0488
(20, 43)	false	3.874	0.3869	0.4114	4.212	0.3616	0.4065	-0.338	-0.0253	-0.0049
(20, 43)	false	3.924	0.378	0.3935	4.242	0.3611	0.4049	-0.318	-0.017	0.0114
(20, 43)	false	4.21	0.3638	0.4228	4.06	0.3903	0.4748	0.15	0.0265	0.052
(20, 43)	false	3.86	0.442	0.4585	3.558	0.4559	0.4715	0.302	0.0138	0.013
(20, 43)	false	4.032	0.4059	0.4667	4.256	0.3742	0.4569	-0.224	-0.0318	-0.0098
(20, 43)	false	4.188	0.34	0.4195	4.31	0.355	0.4488	-0.122	0.0151	0.0293
(20, 43)	true	3.828	0.4104	0.535	4.238	0.3439	0.4764	0.41	0.0665	0.0585
(20, 43)	false	4.244	0.3992	0.4862	4.026	0.3987	0.5382	0.218	-0.0006	0.052
(20, 43)	false	4.192	0.3889	0.4341	3.682	0.4553	0.452	0.51	0.0664	0.0179
(22, 34)	false	3.902	0.3857	0.4537	3.8	0.432	0.4114	0.102	0.0463	-0.0423
(22, 34)	false	3.874	0.3869	0.4114	3.7	0.4218	0.4585	0.174	0.0349	0.0472
(22, 34)	false	3.924	0.378	0.3935	4.054	0.4064	0.4455	-0.13	0.0284	0.052
(22, 34)	true	4.21	0.3638	0.4228	4.048	0.3686	0.4407	-0.162	-0.0048	-0.0179
(22, 34)	false	3.86	0.442	0.4585	3.99	0.4386	0.4276	-0.13	-0.0035	-0.0309
(22, 34)	false	4.032	0.4059	0.4667	4.174	0.389	0.478	-0.142	-0.0169	0.0114
(22, 34)	false	4.188	0.34	0.4195	3.986	0.4249	0.4325	0.202	0.085	0.013
(22, 34)	false	3.828	0.4104	0.535	3.926	0.3445	0.4976	-0.098	-0.0659	-0.0374
(22, 34)	false	4.244	0.3992	0.4862	4.26	0.3138	0.4618	-0.016	-0.0855	-0.0244
(22, 34)	false	4.192	0.3889	0.4341	4.014	0.4456	0.4797	0.178	0.0567	0.0455
(22, 33)	false	3.902	0.3857	0.4537	3.264	0.4988	0.5333	0.638	0.1131	0.0797
(22, 33)	false	3.874	0.3869	0.4114	4.036	0.3634	0.4114	-0.162	-0.0235	-0
(22, 33)	false	3.924	0.378	0.3935	3.596	0.3718	0.4114	0.328	-0.0062	0.0179
(22, 33)	false	4.21	0.3638	0.4228	4.24	0.3546	0.4016	-0.03	-0.0092	-0.0211
(22, 33)	false	3.86	0.442	0.4585	3.91	0.415	0.387	-0.05	-0.027	-0.0715
(22, 33)	false	4.032	0.4059	0.4667	3.708	0.4518	0.4976	0.324	0.0459	0.0309
(22, 33)	true	4.188	0.34	0.4195	4.17	0.3609	0.4049	-0.018	-0.0209	0.0146
(22, 33)	false	3.828	0.4104	0.535	3.906	0.3507	0.4959	-0.078	-0.0597	-0.039
(22, 33)	false	4.244	0.3992	0.4862	4.464	0.3245	0.4504	-0.22	-0.0747	-0.0358
(22, 33)	false	4.192	0.3889	0.4341	3.982	0.3961	0.4602	0.21	0.0072	0.026
(23, 51)	true	3.902	0.3857	0.4537	3.852	0.3987	0.4797	-0.05	-0.013	-0.026
(23, 51)	false	3.874	0.3869	0.4114	4.364	0.3729	0.4358	-0.49	-0.014	0.0244
(23, 51)	false	3.924	0.378	0.3935	4.146	0.4065	0.4537	-0.222	0.0285	0.0602
(23, 51)	false	4.21	0.3638	0.4228	4.294	0.3436	0.4374	-0.084	-0.0202	0.0146
(23, 51)	false	3.86	0.442	0.4585	4.032	0.3799	0.478	-0.172	-0.0621	0.0195
(23, 51)	false	4.032	0.4059	0.4667	3.904	0.4143	0.4927	0.128	0.0084	0.026
(23, 51)	false	4.188	0.34	0.4195	4.228	0.3932	0.3984	-0.04	0.0532	-0.0211
(23, 51)	false	3.828	0.4104	0.535	3.898	0.3649	0.4748	-0.07	-0.0455	-0.0602
(23, 51)	true	4.244	0.3992	0.4862	4.07	0.4171	0.5496	-0.174	-0.0178	-0.0634
(23, 51)	false	4.192	0.3889	0.4341	3.3	0.4991	0.5528	0.892	0.1102	0.1187
(64, 74)	true	3.902	0.3857	0.4537	3.678	0.4457	0.4683	-0.224	-0.06	-0.0146
(64, 74)	false	3.874	0.3869	0.4114	3.926	0.4124	0.3951	-0.052	0.0256	-0.0163
(64, 74)	false	3.924	0.378	0.3935	3.85	0.4442	0.3967	0.074	0.0662	0.0033
(64, 74)	true	4.21	0.3638	0.4228	4.08	0.3769	0.4098	-0.13	-0.0131	0.013
(64, 74)	true	3.86	0.442	0.4585	3.752	0.4432	0.4618	-0.108	-0.0012	-0.0033
(64, 74)	true	4.032	0.4059	0.4667	3.986	0.4024	0.4211	-0.046	0.0035	0.0455
(64, 74)	false	4.188	0.34	0.4195	4.166	0.3714	0.4374	0.022	0.0314	0.0179
(64, 74)	false	3.828	0.4104	0.535	4.528	0.3153	0.4537	-0.7	-0.0951	-0.0813
(64, 74)	false	4.244	0.3992	0.4862	4.386	0.3418	0.465	-0.142	-0.0574	-0.0211
(64, 74)	false	4.192	0.3889	0.4341	4.092	0.3679	0.4423	0.1	-0.021	0.0081
(60, 76)	true	3.902	0.3857	0.4537	3.462	0.4613	0.4732	-0.44	-0.0756	-0.0195
(60, 76)	false	3.874	0.3869	0.4114	4.306	0.3252	0.4098	-0.432	-0.0616	-0.0016
(60, 76)	false	3.924	0.378	0.3935	3.926	0.3777	0.4472	-0.002	-0.0003	0.0537
(60, 76)	false	4.21	0.3638	0.4228	4.34	0.3272	0.4	-0.13	-0.0366	-0.0228
(60, 76)	false	3.86	0.442	0.4585	3.914	0.4163	0.4	-0.054	-0.0257	-0.0585
(60, 76)	false	4.032	0.4059	0.4667	3.97	0.4037	0.4309	0.062	-0.0022	-0.0358
(60, 76)	true	4.188	0.34	0.4195	4.066	0.3608	0.4244	-0.122	-0.0208	-0.0049
(60, 76)	true	3.828	0.4104	0.535	4.154	0.3844	0.465	0.326	0.026	0.0699
(60, 76)	false	4.244	0.3992	0.4862	3.674	0.4752	0.548	0.57	0.076	0.0618
(60, 76)	false	4.192	0.3889	0.4341	3.924	0.4449	0.5057	0.268	0.056	0.0715