(111, 126)	false	4.2200	0.5451	0.4132	4.3140	0.5554	0.4211	-0.0940	0.0103	0.0079
(111, 126)	false	3.8600	0.5864	0.4132	4.0260	0.5966	0.4123	-0.1660	0.0103	-0.0009
(111, 126)	false	4.1140	0.5784	0.4149	4.1400	0.5837	0.4026	-0.0260	0.0053	-0.0123
(111, 126)	false	3.9900	0.5826	0.4360	3.8020	0.5984	0.4289	0.1880	0.0158	-0.0070
(111, 126)	true	3.7320	0.6143	0.4211	3.7320	0.5969	0.4035	0.0000	0.0174	0.0175
(111, 126)	false	4.0720	0.5771	0.4167	4.2160	0.5628	0.4009	-0.1440	-0.0144	-0.0158
(111, 126)	true	3.7220	0.6111	0.4228	3.9420	0.5734	0.4114	0.2200	0.0377	0.0114
(111, 126)	false	4.1720	0.5813	0.4632	3.9060	0.5948	0.4456	0.2660	0.0135	-0.0175
(111, 126)	false	3.9980	0.6043	0.4035	4.0120	0.6069	0.4053	-0.0140	0.0025	0.0018
(111, 126)	true	4.2300	0.5550	0.4351	4.0320	0.5627	0.4105	-0.1980	-0.0078	0.0246
(40, 109)	false	4.2200	0.5451	0.4132	4.1940	0.5483	0.4123	0.0260	0.0033	-0.0009
(40, 109)	false	3.8600	0.5864	0.4132	4.0220	0.5874	0.4140	-0.1620	0.0011	0.0009
(40, 109)	false	4.1140	0.5784	0.4149	4.1940	0.5679	0.4044	-0.0800	-0.0105	-0.0105
(40, 109)	false	3.9900	0.5826	0.4360	3.8960	0.5921	0.4307	0.0940	0.0096	-0.0053
(40, 109)	false	3.7320	0.6143	0.4211	3.8900	0.5975	0.4114	-0.1580	-0.0168	-0.0096
(40, 109)	false	4.0720	0.5771	0.4167	4.0300	0.5846	0.4228	0.0420	0.0075	0.0061
(40, 109)	false	3.7220	0.6111	0.4228	3.7940	0.6090	0.4254	-0.0720	-0.0021	0.0026
(40, 109)	false	4.1720	0.5813	0.4632	4.1480	0.5830	0.4640	0.0240	0.0017	0.0009
(40, 109)	false	3.9980	0.6043	0.4035	3.9880	0.6172	0.4491	0.0100	0.0129	0.0456
(40, 109)	true	4.2300	0.5550	0.4351	4.1680	0.5675	0.4096	-0.0620	-0.0125	0.0254
(10, 74)	false	4.2200	0.5451	0.4132	4.3600	0.5281	0.4211	-0.1400	-0.0170	0.0079
(10, 74)	false	3.8600	0.5864	0.4132	4.0680	0.5771	0.4184	-0.2080	-0.0093	0.0053
(10, 74)	false	4.1140	0.5784	0.4149	4.0120	0.5863	0.4026	0.1020	0.0079	-0.0123
(10, 74)	false	3.9900	0.5826	0.4360	4.0280	0.5947	0.4272	-0.0380	0.0121	-0.0088
(10, 74)	true	3.7320	0.6143	0.4211	4.0320	0.5923	0.4009	0.3000	0.0220	0.0202
(10, 74)	true	4.0720	0.5771	0.4167	4.0180	0.5822	0.4202	-0.0540	-0.0051	-0.0035
(10, 74)	true	3.7220	0.6111	0.4228	3.8140	0.5968	0.4333	0.0920	0.0143	-0.0105
(10, 74)	false	4.1720	0.5813	0.4632	4.0400	0.5839	0.4289	0.1320	0.0026	-0.0342
(10, 74)	true	3.9980	0.6043	0.4035	3.9380	0.6010	0.4193	-0.0600	0.0033	-0.0158
(10, 74)	true	4.2300	0.5550	0.4351	4.2860	0.5648	0.4342	0.0560	-0.0098	0.0009
(91, 98)	true	4.2200	0.5451	0.4132	4.3480	0.5527	0.4009	0.1280	-0.0076	0.0123
(91, 98)	true	3.8600	0.5864	0.4132	4.0440	0.5885	0.4316	0.1840	-0.0021	-0.0184
(91, 98)	true	4.1140	0.5784	0.4149	4.0420	0.5863	0.4246	-0.0720	-0.0079	-0.0096
(91, 98)	false	3.9900	0.5826	0.4360	3.8580	0.6065	0.4342	0.1320	0.0239	-0.0018
(91, 98)	false	3.7320	0.6143	0.4211	3.8700	0.5950	0.4360	-0.1380	-0.0193	0.0149
(91, 98)	false	4.0720	0.5771	0.4167	4.0120	0.5724	0.3904	0.0600	-0.0048	-0.0263
(91, 98)	false	3.7220	0.6111	0.4228	3.6820	0.5987	0.4333	0.0400	-0.0123	0.0105
(91, 98)	false	4.1720	0.5813	0.4632	3.9200	0.5902	0.4746	0.2520	0.0089	0.0114
(91, 98)	false	3.9980	0.6043	0.4035	3.9760	0.5955	0.3974	0.0220	-0.0088	-0.0061
(91, 98)	true	4.2300	0.5550	0.4351	4.7320	0.4590	0.3439	0.5020	0.0960	0.0912
(41, 58)	false	4.2200	0.5451	0.4132	4.0920	0.5763	0.4351	0.1280	0.0312	0.0219
(41, 58)	false	3.8600	0.5864	0.4132	3.9100	0.5940	0.3956	-0.0500	0.0076	-0.0175
(41, 58)	false	4.1140	0.5784	0.4149	4.0380	0.5516	0.4114	0.0760	-0.0268	-0.0035
(41, 58)	false	3.9900	0.5826	0.4360	4.1180	0.5802	0.4254	-0.1280	-0.0024	-0.0105
(41, 58)	false	3.7320	0.6143	0.4211	3.6860	0.6015	0.4079	0.0460	-0.0128	-0.0132
(41, 58)	false	4.0720	0.5771	0.4167	4.0380	0.5863	0.4316	0.0340	0.0092	0.0149
(41, 58)	false	3.7220	0.6111	0.4228	3.7960	0.5920	0.4088	-0.0740	-0.0191	-0.0140
(41, 58)	true	4.1720	0.5813	0.4632	4.0220	0.5979	0.4570	-0.1500	-0.0166	0.0061
(41, 58)	true	3.9980	0.6043	0.4035	4.6300	0.4897	0.4000	0.6320	0.1147	0.0035
(41, 58)	true	4.2300	0.5550	0.4351	3.9700	0.5680	0.4167	-0.2600	-0.0130	0.0184
(35, 87)	true	4.2200	0.5451	0.4132	4.4220	0.5322	0.4140	0.2020	0.0129	-0.0009
(35, 87)	true	3.8600	0.5864	0.4132	4.0700	0.5768	0.3965	0.2100	0.0096	0.0167
(35, 87)	true	4.1140	0.5784	0.4149	4.4940	0.5019	0.3868	0.3800	0.0765	0.0281
(35, 87)	true	3.9900	0.5826	0.4360	3.8080	0.5904	0.4105	-0.1820	-0.0079	0.0254
(35, 87)	true	3.7320	0.6143	0.4211	4.0120	0.5750	0.3991	0.2800	0.0393	0.0219
(35, 87)	true	4.0720	0.5771	0.4167	4.0000	0.5747	0.4009	-0.0720	0.0024	0.0158
(35, 87)	true	3.7220	0.6111	0.4228	3.9180	0.6008	0.4000	0.1960	0.0103	0.0228
(35, 87)	false	4.1720	0.5813	0.4632	4.0380	0.6014	0.4623	0.1340	0.0201	-0.0009
(35, 87)	true	3.9980	0.6043	0.4035	4.2880	0.5442	0.4360	0.2900	0.0601	-0.0325
(35, 87)	true	4.2300	0.5550	0.4351	4.1600	0.5491	0.4254	-0.0700	0.0059	0.0096
(11, 72)	false	4.2200	0.5451	0.4132	4.4180	0.5305	0.3982	-0.1980	-0.0146	-0.0149
(11, 72)	false	3.8600	0.5864	0.4132	4.0360	0.5792	0.4289	-0.1760	-0.0071	0.0158
(11, 72)	false	4.1140	0.5784	0.4149	4.0940	0.5860	0.4219	0.0200	0.0076	0.0070
(11, 72)	false	3.9900	0.5826	0.4360	4.0600	0.5702	0.4096	-0.0700	-0.0124	-0.0263
(11, 72)	false	3.7320	0.6143	0.4211	3.8560	0.6068	0.3974	-0.1240	-0.0075	-0.0237
(11, 72)	true	4.0720	0.5771	0.4167	4.0400	0.5738	0.4035	-0.0320	0.0034	0.0132
(11, 72)	false	3.7220	0.6111	0.4228	3.7620	0.5876	0.4026	-0.0400	-0.0235	-0.0202
(11, 72)	false	4.1720	0.5813	0.4632	3.9740	0.5998	0.4430	0.1980	0.0185	-0.0202
(11, 72)	true	3.9980	0.6043	0.4035	3.9020	0.6087	0.4289	-0.0960	-0.0043	-0.0254
(11, 72)	true	4.2300	0.5550	0.4351	4.1740	0.5540	0.4263	-0.0560	0.0010	0.0088
(105, 128)	true	4.2200	0.5451	0.4132	4.1820	0.5441	0.4105	-0.0380	0.0010	0.0026
(105, 128)	false	3.8600	0.5864	0.4132	3.9740	0.5935	0.4404	-0.1140	0.0072	0.0272
(105, 128)	false	4.1140	0.5784	0.4149	4.3000	0.5369	0.4053	-0.1860	-0.0415	-0.0096
(105, 128)	false	3.9900	0.5826	0.4360	3.9300	0.5956	0.4386	0.0600	0.0130	0.0026
(105, 128)	false	3.7320	0.6143	0.4211	3.8080	0.6073	0.4184	-0.0760	-0.0070	-0.0026
(105, 128)	true	4.0720	0.5771	0.4167	4.0460	0.5731	0.3807	-0.0260	0.0041	0.0360
(105, 128)	false	3.7220	0.6111	0.4228	3.6800	0.6089	0.3860	0.0420	-0.0022	-0.0368
(105, 128)	true	4.1720	0.5813	0.4632	4.0360	0.5919	0.4500	-0.1360	-0.0105	0.0132
(105, 128)	false	3.9980	0.6043	0.4035	3.9640	0.6177	0.4395	0.0340	0.0133	0.0360
(105, 128)	true	4.2300	0.5550	0.4351	4.1300	0.5762	0.4175	-0.1000	-0.0212	0.0175
(106, 137)	false	4.2200	0.5451	0.4132	4.3520	0.5512	0.4298	-0.1320	0.0062	0.0167
(106, 137)	false	3.8600	0.5864	0.4132	4.2260	0.5629	0.4123	-0.3660	-0.0235	-0.0009
(106, 137)	false	4.1140	0.5784	0.4149	3.9000	0.6029	0.4351	0.2140	0.0245	0.0202
(106, 137)	false	3.9900	0.5826	0.4360	3.8700	0.5930	0.4228	0.1200	0.0105	-0.0132
(106, 137)	true	3.7320	0.6143	0.4211	3.8380	0.5952	0.4404	0.1060	0.0191	-0.0193
(106, 137)	false	4.0720	0.5771	0.4167	4.0420	0.5807	0.4096	0.0300	0.0036	-0.0070
(106, 137)	true	3.7220	0.6111	0.4228	3.6520	0.6101	0.4132	-0.0700	0.0010	0.0096
(106, 137)	false	4.1720	0.5813	0.4632	4.1580	0.5773	0.4447	0.0140	-0.0040	-0.0184
(106, 137)	false	3.9980	0.6043	0.4035	3.9500	0.6098	0.4184	0.0480	0.0055	0.0149
(106, 137)	true	4.2300	0.5550	0.4351	4.2160	0.5583	0.4184	-0.0140	-0.0034	0.0167
(20, 58)	false	4.2200	0.5451	0.4132	4.2660	0.5609	0.4395	-0.0460	0.0158	0.0263
(20, 58)	false	3.8600	0.5864	0.4132	3.9540	0.5957	0.4254	-0.0940	0.0094	0.0123
(20, 58)	false	4.1140	0.5784	0.4149	4.0400	0.5959	0.4193	0.0740	0.0175	0.0044
(20, 58)	true	3.9900	0.5826	0.4360	3.9460	0.6003	0.4474	-0.0440	-0.0177	-0.0114
(20, 58)	true	3.7320	0.6143	0.4211	3.7540	0.5978	0.4184	0.0220	0.0165	0.0026
(20, 58)	false	4.0720	0.5771	0.4167	3.9000	0.5810	0.3965	0.1720	0.0038	-0.0202
(20, 58)	true	3.7220	0.6111	0.4228	3.8060	0.5970	0.4307	0.0840	0.0141	-0.0079
(20, 58)	true	4.1720	0.5813	0.4632	4.1020	0.5817	0.4605	-0.0700	-0.0003	0.0026
(20, 58)	false	3.9980	0.6043	0.4035	3.7560	0.6086	0.4167	0.2420	0.0042	0.0132
(20, 58)	true	4.2300	0.5550	0.4351	4.2000	0.5441	0.4553	-0.0300	0.0109	-0.0202
(21, 34)	false	4.2200	0.5451	0.4132	4.1860	0.5505	0.4132	0.0340	0.0054	0.0000
(21, 34)	false	3.8600	0.5864	0.4132	4.0660	0.5714	0.4167	-0.2060	-0.0149	0.0035
(21, 34)	false	4.1140	0.5784	0.4149	4.0060	0.5992	0.4246	0.1080	0.0208	0.0096
(21, 34)	true	3.9900	0.5826	0.4360	3.8960	0.6136	0.4456	-0.0940	-0.0310	-0.0096
(21, 34)	false	3.7320	0.6143	0.4211	3.7980	0.6109	0.4009	-0.0660	-0.0034	-0.0202
(21, 34)	true	4.0720	0.5771	0.4167	4.1500	0.5672	0.4000	0.0780	0.0099	0.0167
(21, 34)	false	3.7220	0.6111	0.4228	3.7260	0.6003	0.4518	-0.0040	-0.0107	0.0289
(21, 34)	true	4.1720	0.5813	0.4632	4.1540	0.5728	0.4237	-0.0180	0.0085	0.0395
(21, 34)	false	3.9980	0.6043	0.4035	4.2660	0.5476	0.3930	-0.2680	-0.0568	-0.0105
(21, 34)	true	4.2300	0.5550	0.4351	4.2040	0.5531	0.4158	-0.0260	0.0019	0.0193
(58, 103)	true	4.2200	0.5451	0.4132	4.3500	0.5122	0.4088	0.1300	0.0329	0.0044
(58, 103)	false	3.8600	0.5864	0.4132	4.2680	0.5701	0.4219	-0.4080	-0.0163	0.0088
(58, 103)	false	4.1140	0.5784	0.4149	3.9800	0.5917	0.4342	0.1340	0.0133	0.0193
(58, 103)	false	3.9900	0.5826	0.4360	3.9840	0.5929	0.4456	0.0060	0.0103	0.0096
(58, 103)	false	3.7320	0.6143	0.4211	3.8660	0.5999	0.3982	-0.1340	-0.0144	-0.0228
(58, 103)	false	4.0720	0.5771	0.4167	4.0460	0.5925	0.4158	0.0260	0.0154	-0.0009
(58, 103)	false	3.7220	0.6111	0.4228	3.9780	0.5944	0.4509	-0.2560	-0.0166	0.0281
(58, 103)	false	4.1720	0.5813	0.4632	4.0300	0.5896	0.4342	0.1420	0.0083	-0.0289
(58, 103)	false	3.9980	0.6043	0.4035	4.0100	0.5908	0.3991	-0.0120	-0.0135	-0.0044
(58, 103)	true	4.2300	0.5550	0.4351	4.0700	0.5703	0.4175	-0.1600	-0.0153	0.0175
(36, 91)	true	4.2200	0.5451	0.4132	4.2380	0.5462	0.3930	0.0180	-0.0012	0.0202
(36, 91)	false	3.8600	0.5864	0.4132	3.8260	0.5979	0.4500	0.0340	0.0115	0.0368
(36, 91)	false	4.1140	0.5784	0.4149	3.9040	0.6024	0.4237	0.2100	0.0240	0.0088
(36, 91)	false	3.9900	0.5826	0.4360	3.9340	0.5976	0.4088	0.0560	0.0150	-0.0272
(36, 91)	false	3.7320	0.6143	0.4211	3.6040	0.6052	0.4298	0.1280	-0.0091	0.0088
(36, 91)	false	4.0720	0.5771	0.4167	4.1340	0.5694	0.3991	-0.0620	-0.0077	-0.0175
(36, 91)	false	3.7220	0.6111	0.4228	3.8020	0.6064	0.4351	-0.0800	-0.0047	0.0123
(36, 91)	false	4.1720	0.5813	0.4632	4.1280	0.5894	0.4368	0.0440	0.0081	-0.0263
(36, 91)	false	3.9980	0.6043	0.4035	4.2300	0.5385	0.4202	-0.2320	-0.0659	0.0167
(36, 91)	true	4.2300	0.5550	0.4351	4.1900	0.5546	0.4518	-0.0400	0.0004	-0.0167
(73, 93)	false	4.2200	0.5451	0.4132	4.4460	0.4935	0.4193	-0.2260	-0.0515	0.0061
(73, 93)	false	3.8600	0.5864	0.4132	4.0240	0.5877	0.4149	-0.1640	0.0014	0.0018
(73, 93)	false	4.1140	0.5784	0.4149	3.9100	0.5798	0.4035	0.2040	0.0013	-0.0114
(73, 93)	false	3.9900	0.5826	0.4360	3.8600	0.6002	0.4482	0.1300	0.0176	0.0123
(73, 93)	false	3.7320	0.6143	0.4211	3.9420	0.5800	0.3719	-0.2100	-0.0343	-0.0491
(73, 93)	false	4.0720	0.5771	0.4167	4.1080	0.5880	0.4026	-0.0360	0.0108	-0.0140
(73, 93)	false	3.7220	0.6111	0.4228	3.9440	0.5934	0.4219	-0.2220	-0.0177	-0.0009
(73, 93)	false	4.1720	0.5813	0.4632	3.9960	0.5967	0.4632	0.1760	0.0154	0.0000
(73, 93)	false	3.9980	0.6043	0.4035	4.3060	0.4945	0.4193	-0.3080	-0.1098	0.0158
(73, 93)	true	4.2300	0.5550	0.4351	4.2920	0.5519	0.4281	0.0620	0.0031	0.0070
(39, 104)	false	4.2200	0.5451	0.4132	4.4320	0.4950	0.3772	-0.2120	-0.0500	-0.0360
(39, 104)	false	3.8600	0.5864	0.4132	4.1560	0.5777	0.4333	-0.2960	-0.0086	0.0202
(39, 104)	false	4.1140	0.5784	0.4149	3.7640	0.6038	0.4351	0.3500	0.0254	0.0202
(39, 104)	false	3.9900	0.5826	0.4360	3.9700	0.5983	0.4035	0.0200	0.0158	-0.0325
(39, 104)	true	3.7320	0.6143	0.4211	3.9320	0.5940	0.4000	0.2000	0.0203	0.0211
(39, 104)	false	4.0720	0.5771	0.4167	4.0080	0.5790	0.3895	0.0640	0.0019	-0.0272
(39, 104)	true	3.7220	0.6111	0.4228	3.8680	0.6057	0.4219	0.1460	0.0053	0.0009
(39, 104)	true	4.1720	0.5813	0.4632	4.0660	0.5719	0.4053	-0.1060	0.0095	0.0579
(39, 104)	true	3.9980	0.6043	0.4035	4.0440	0.6117	0.4351	0.0460	-0.0073	-0.0316
(39, 104)	true	4.2300	0.5550	0.4351	4.1020	0.5641	0.4281	-0.1280	-0.0092	0.0070
(107, 137)	false	4.2200	0.5451	0.4132	4.4620	0.5020	0.4053	-0.2420	-0.0430	-0.0079
(107, 137)	true	3.8600	0.5864	0.4132	3.9500	0.5962	0.4456	0.0900	-0.0098	-0.0325
(107, 137)	true	4.1140	0.5784	0.4149	3.9780	0.5943	0.3939	-0.1360	-0.0159	0.0211
(107, 137)	true	3.9900	0.5826	0.4360	3.9920	0.5917	0.4439	0.0020	-0.0091	-0.0079
(107, 137)	false	3.7320	0.6143	0.4211	3.7760	0.5949	0.4263	-0.0440	-0.0194	0.0053
(107, 137)	true	4.0720	0.5771	0.4167	4.2460	0.5605	0.3851	0.1740	0.0166	0.0316
(107, 137)	false	3.7220	0.6111	0.4228	3.7760	0.5909	0.4228	-0.0540	-0.0202	0.0000
(107, 137)	false	4.1720	0.5813	0.4632	4.2340	0.5899	0.4474	-0.0620	0.0086	-0.0158
(107, 137)	false	3.9980	0.6043	0.4035	4.0460	0.6171	0.4254	-0.0480	0.0128	0.0219
(107, 137)	true	4.2300	0.5550	0.4351	4.2640	0.5292	0.4044	0.0340	0.0258	0.0307
(38, 122)	false	4.2200	0.5451	0.4132	4.1500	0.5583	0.4149	0.0700	0.0132	0.0018
(38, 122)	false	3.8600	0.5864	0.4132	3.6360	0.6131	0.4482	0.2240	0.0267	0.0351
(38, 122)	false	4.1140	0.5784	0.4149	3.8120	0.6100	0.4579	0.3020	0.0316	0.0430
(38, 122)	false	3.9900	0.5826	0.4360	3.9540	0.5967	0.4263	0.0360	0.0141	-0.0096
(38, 122)	false	3.7320	0.6143	0.4211	3.6940	0.6135	0.4482	0.0380	-0.0008	0.0272
(38, 122)	false	4.0720	0.5771	0.4167	3.8840	0.5930	0.4430	0.1880	0.0158	0.0263
(38, 122)	false	3.7220	0.6111	0.4228	3.7720	0.6023	0.4298	-0.0500	-0.0088	0.0070
(38, 122)	true	4.1720	0.5813	0.4632	4.0120	0.5867	0.4237	-0.1600	-0.0054	0.0395
(38, 122)	false	3.9980	0.6043	0.4035	3.9100	0.6123	0.4386	0.0880	0.0079	0.0351
(38, 122)	true	4.2300	0.5550	0.4351	4.3260	0.5487	0.4298	0.0960	0.0063	0.0053
(25, 32)	true	4.2200	0.5451	0.4132	4.3780	0.5511	0.3877	0.1580	-0.0060	0.0254
(25, 32)	false	3.8600	0.5864	0.4132	4.1800	0.5776	0.4298	-0.3200	-0.0087	0.0167
(25, 32)	false	4.1140	0.5784	0.4149	3.9480	0.5869	0.3991	0.1660	0.0085	-0.0158
(25, 32)	false	3.9900	0.5826	0.4360	3.7680	0.5984	0.4553	0.2220	0.0159	0.0193
(25, 32)	true	3.7220	0.6111	0.4228	3.7940	0.6080	0.4219	0.0720	0.0030	0.0009
(25, 32)	false	4.1720	0.5813	0.4632	4.1240	0.5824	0.4219	0.0480	0.0011	-0.0412
(25, 32)	false	3.9980	0.6043	0.4035	3.9060	0.6097	0.4281	0.0920	0.0054	0.0246
(25, 32)	true	4.2300	0.5550	0.4351	4.3460	0.5583	0.4202	0.1160	-0.0033	0.0149
(82, 89)	false	4.2200	0.5451	0.4132	4.3300	0.5489	0.4105	-0.1100	0.0038	-0.0026
(82, 89)	false	3.8600	0.5864	0.4132	4.0660	0.5944	0.4079	-0.2060	0.0080	-0.0053