(162, 173)	false	3.5420	0.5402	0.0000	3.3980	0.6000	0.0000	0.1440	0.0598	0.0000
(162, 173)	false	3.5120	0.5433	0.0000	3.5220	0.5717	0.0000	-0.0100	0.0284	0.0000
(162, 173)	true	3.3500	0.5736	0.0000	3.0320	0.6153	0.0000	-0.3180	-0.0417	0.0000
(162, 173)	false	3.4220	0.5706	0.0000	3.3280	0.5896	0.0000	0.0940	0.0190	0.0000
(162, 173)	true	3.6580	0.5246	0.0000	3.7500	0.5531	0.0000	0.0920	-0.0285	0.0000
(162, 173)	false	3.3120	0.5935	0.0000	3.8160	0.5082	0.0000	-0.5040	-0.0853	0.0000
(162, 173)	false	3.7180	0.5250	0.0000	3.7720	0.5405	0.0000	-0.0540	0.0155	0.0000
(162, 173)	false	3.1860	0.6173	0.0000	3.4860	0.5734	0.0000	-0.3000	-0.0439	0.0000
(162, 173)	false	3.7800	0.4903	0.0000	3.8440	0.4952	0.0000	-0.0640	0.0049	0.0000
(162, 173)	true	3.7920	0.5355	0.0000	3.7860	0.5064	0.0000	-0.0060	0.0292	0.0000
(100, 177)	false	3.5420	0.5402	0.0000	3.5740	0.5514	0.0000	-0.0320	0.0113	0.0000
(100, 177)	false	3.5120	0.5433	0.0000	3.3900	0.5725	0.0000	0.1220	0.0292	0.0000
(100, 177)	true	3.3500	0.5736	0.0000	3.2040	0.5789	0.0000	-0.1460	-0.0053	0.0000
(100, 177)	false	3.4220	0.5706	0.0000	3.0120	0.6370	0.0000	0.4100	0.0663	0.0000
(100, 177)	false	3.6580	0.5246	0.0000	3.6860	0.4995	0.0000	-0.0280	-0.0252	0.0000
(100, 177)	true	3.3120	0.5935	0.0000	3.4680	0.5899	0.0000	0.1560	0.0036	0.0000
(100, 177)	false	3.7180	0.5250	0.0000	3.4840	0.5621	0.0000	0.2340	0.0371	0.0000
(100, 177)	true	3.1860	0.6173	0.0000	3.1660	0.6282	0.0000	-0.0200	-0.0109	0.0000
(100, 177)	false	3.7800	0.4903	0.0000	3.4320	0.5049	0.0000	0.3480	0.0146	0.0000
(100, 177)	true	3.7920	0.5355	0.0000	4.0720	0.4730	0.0000	0.2800	0.0625	0.0000
(166, 174)	false	3.5420	0.5402	0.0000	3.5660	0.5619	0.0000	-0.0240	0.0218	0.0000
(166, 174)	false	3.5120	0.5433	0.0000	3.5900	0.5707	0.0000	-0.0780	0.0274	0.0000
(166, 174)	false	3.3500	0.5736	0.0000	3.2360	0.5946	0.0000	0.1140	0.0210	0.0000
(166, 174)	true	3.4220	0.5706	0.0000	3.5540	0.5448	0.0000	0.1320	0.0259	0.0000
(166, 174)	true	3.6580	0.5246	0.0000	3.8940	0.4969	0.0000	0.2360	0.0278	0.0000
(166, 174)	false	3.3120	0.5935	0.0000	3.2820	0.5847	0.0000	0.0300	-0.0088	0.0000
(166, 174)	false	3.7180	0.5250	0.0000	3.4120	0.5820	0.0000	0.3060	0.0570	0.0000
(166, 174)	false	3.1860	0.6173	0.0000	3.1920	0.6126	0.0000	-0.0060	-0.0047	0.0000
(166, 174)	false	3.7800	0.4903	0.0000	3.8820	0.5029	0.0000	-0.1020	0.0126	0.0000
(166, 174)	true	3.7920	0.5355	0.0000	3.4480	0.5446	0.0000	-0.3440	-0.0091	0.0000
(163, 174)	false	3.5420	0.5402	0.0000	3.6360	0.5672	0.0000	-0.0940	0.0270	0.0000
(163, 174)	false	3.5120	0.5433	0.0000	3.5580	0.5617	0.0000	-0.0460	0.0184	0.0000
(163, 174)	false	3.3500	0.5736	0.0000	3.0980	0.5996	0.0000	0.2520	0.0260	0.0000
(163, 174)	false	3.4220	0.5706	0.0000	3.7460	0.5515	0.0000	-0.3240	-0.0192	0.0000
(163, 174)	true	3.6580	0.5246	0.0000	3.7360	0.5187	0.0000	0.0780	0.0059	0.0000
(163, 174)	false	3.3120	0.5935	0.0000	3.2620	0.6150	0.0000	0.0500	0.0215	0.0000
(163, 174)	false	3.7180	0.5250	0.0000	3.5580	0.5762	0.0000	0.1600	0.0512	0.0000
(163, 174)	false	3.1860	0.6173	0.0000	3.6220	0.5272	0.0000	-0.4360	-0.0901	0.0000
(163, 174)	false	3.7800	0.4903	0.0000	3.9460	0.4480	0.0000	-0.1660	-0.0423	0.0000
(163, 174)	true	3.7920	0.5355	0.0000	3.6160	0.5251	0.0000	-0.1760	0.0105	0.0000
(165, 173)	false	3.5420	0.5402	0.0000	2.9640	0.6269	0.0000	0.5780	0.0867	0.0000
(165, 173)	false	3.5120	0.5433	0.0000	3.5480	0.5651	0.0000	-0.0360	0.0218	0.0000
(165, 173)	true	3.3500	0.5736	0.0000	3.1740	0.6109	0.0000	-0.1760	-0.0373	0.0000
(165, 173)	false	3.4220	0.5706	0.0000	3.4880	0.5815	0.0000	-0.0660	0.0109	0.0000
(165, 173)	false	3.6580	0.5246	0.0000	4.0820	0.5311	0.0000	-0.4240	0.0064	0.0000
(165, 173)	true	3.3120	0.5935	0.0000	3.5160	0.5490	0.0000	0.2040	0.0445	0.0000
(165, 173)	true	3.7180	0.5250	0.0000	3.1960	0.6063	0.0000	-0.5220	-0.0812	0.0000
(165, 173)	false	3.1860	0.6173	0.0000	3.2020	0.6170	0.0000	-0.0160	-0.0003	0.0000
(165, 173)	false	3.7800	0.4903	0.0000	4.0200	0.4694	0.0000	-0.2400	-0.0209	0.0000
(165, 173)	true	3.7920	0.5355	0.0000	4.1660	0.4565	0.0000	0.3740	0.0790	0.0000
(99, 177)	false	3.5420	0.5402	0.0000	3.6880	0.5206	0.0000	-0.1460	-0.0196	0.0000
(99, 177)	false	3.5120	0.5433	0.0000	3.4840	0.5405	0.0000	0.0280	-0.0028	0.0000
(99, 177)	false	3.3500	0.5736	0.0000	3.2560	0.5832	0.0000	0.0940	0.0096	0.0000
(99, 177)	false	3.4220	0.5706	0.0000	3.5940	0.5564	0.0000	-0.1720	-0.0143	0.0000
(99, 177)	false	3.6580	0.5246	0.0000	4.1360	0.5009	0.0000	-0.4780	-0.0237	0.0000
(99, 177)	true	3.3120	0.5935	0.0000	3.3220	0.5990	0.0000	0.0100	-0.0055	0.0000
(99, 177)	false	3.7180	0.5250	0.0000	3.5740	0.5484	0.0000	0.1440	0.0233	0.0000
(99, 177)	true	3.1860	0.6173	0.0000	3.3720	0.5892	0.0000	0.1860	0.0281	0.0000
(99, 177)	true	3.7800	0.4903	0.0000	4.1260	0.4339	0.0000	0.3460	0.0564	0.0000
(99, 177)	true	3.7920	0.5355	0.0000	3.5860	0.5028	0.0000	-0.2060	0.0327	0.0000
(162, 178)	false	3.5420	0.5402	0.0000	3.4840	0.5841	0.0000	0.0580	0.0439	0.0000
(162, 178)	false	3.5120	0.5433	0.0000	3.2060	0.6145	0.0000	0.3060	0.0712	0.0000
(162, 178)	false	3.3500	0.5736	0.0000	3.2360	0.5979	0.0000	0.1140	0.0243	0.0000
(162, 178)	false	3.4220	0.5706	0.0000	3.2240	0.5803	0.0000	0.1980	0.0096	0.0000
(162, 178)	true	3.6580	0.5246	0.0000	3.5220	0.5168	0.0000	-0.1360	0.0078	0.0000
(162, 178)	false	3.3120	0.5935	0.0000	3.1120	0.6260	0.0000	0.2000	0.0325	0.0000
(162, 178)	false	3.7180	0.5250	0.0000	3.5280	0.5613	0.0000	0.1900	0.0363	0.0000
(162, 178)	true	3.1860	0.6173	0.0000	3.6480	0.5460	0.0000	0.4620	0.0713	0.0000
(162, 178)	false	3.7800	0.4903	0.0000	3.7160	0.5041	0.0000	0.0640	0.0138	0.0000
(162, 178)	true	3.7920	0.5355	0.0000	4.0140	0.4375	0.0000	0.2220	0.0981	0.0000
(118, 167)	false	3.5420	0.5402	0.0000	3.2520	0.6046	0.0000	0.2900	0.0644	0.0000
(118, 167)	false	3.5120	0.5433	0.0000	3.7240	0.5437	0.0000	-0.2120	0.0004	0.0000
(118, 167)	false	3.3500	0.5736	0.0000	3.1180	0.6084	0.0000	0.2320	0.0348	0.0000
(118, 167)	false	3.4220	0.5706	0.0000	3.0980	0.6254	0.0000	0.3240	0.0548	0.0000
(118, 167)	true	3.6580	0.5246	0.0000	3.9780	0.4706	0.0000	0.3200	0.0540	0.0000
(118, 167)	false	3.3120	0.5935	0.0000	3.3420	0.5944	0.0000	-0.0300	0.0008	0.0000
(118, 167)	false	3.7180	0.5250	0.0000	3.5320	0.5743	0.0000	0.1860	0.0492	0.0000
(118, 167)	true	3.1860	0.6173	0.0000	3.5280	0.5824	0.0000	0.3420	0.0349	0.0000
(118, 167)	false	3.7800	0.4903	0.0000	4.1240	0.4776	0.0000	-0.3440	-0.0127	0.0000
(118, 167)	true	3.7920	0.5355	0.0000	3.7740	0.4914	0.0000	-0.0180	0.0442	0.0000
(115, 168)	false	3.5420	0.5402	0.0000	3.6600	0.5583	0.0000	-0.1180	0.0181	0.0000
(115, 168)	false	3.5120	0.5433	0.0000	3.4100	0.5902	0.0000	0.1020	0.0469	0.0000
(115, 168)	false	3.3500	0.5736	0.0000	3.2780	0.6030	0.0000	0.0720	0.0294	0.0000
(115, 168)	false	3.4220	0.5706	0.0000	3.3620	0.5888	0.0000	0.0600	0.0182	0.0000
(115, 168)	false	3.6580	0.5246	0.0000	3.7680	0.5367	0.0000	-0.1100	0.0120	0.0000
(115, 168)	false	3.3120	0.5935	0.0000	3.3560	0.5932	0.0000	-0.0440	-0.0003	0.0000
(115, 168)	true	3.7180	0.5250	0.0000	3.5240	0.5506	0.0000	-0.1940	-0.0256	0.0000
(115, 168)	false	3.1860	0.6173	0.0000	3.5900	0.5489	0.0000	-0.4040	-0.0684	0.0000
(115, 168)	false	3.7800	0.4903	0.0000	3.4380	0.5652	0.0000	0.3420	0.0749	0.0000
(115, 168)	true	3.7920	0.5355	0.0000	4.0720	0.4861	0.0000	0.2800	0.0494	0.0000
(159, 181)	true	3.5420	0.5402	0.0000	4.0340	0.4940	0.0000	0.4920	0.0462	0.0000
(159, 181)	true	3.5120	0.5433	0.0000	3.9080	0.5052	0.0000	0.3960	0.0381	0.0000
(159, 181)	false	3.3500	0.5736	0.0000	3.2240	0.5937	0.0000	0.1260	0.0201	0.0000
(159, 181)	false	3.4220	0.5706	0.0000	3.5540	0.5456	0.0000	-0.1320	-0.0250	0.0000
(159, 181)	false	3.6580	0.5246	0.0000	3.8460	0.4937	0.0000	-0.1880	-0.0309	0.0000
(159, 181)	false	3.3120	0.5935	0.0000	3.1920	0.6287	0.0000	0.1200	0.0352	0.0000
(159, 181)	true	3.7180	0.5250	0.0000	3.5460	0.5451	0.0000	-0.1720	-0.0201	0.0000
(159, 181)	false	3.1860	0.6173	0.0000	3.1420	0.6177	0.0000	0.0440	0.0004	0.0000
(159, 181)	false	3.7800	0.4903	0.0000	4.0160	0.4903	0.0000	-0.2360	-0.0000	0.0000
(159, 181)	true	3.7920	0.5355	0.0000	3.8740	0.4986	0.0000	0.0820	0.0369	0.0000
(119, 152)	false	3.5420	0.5402	0.0000	3.3640	0.5684	0.0000	0.1780	0.0282	0.0000
(119, 152)	false	3.5120	0.5433	0.0000	3.5600	0.5663	0.0000	-0.0480	0.0230	0.0000
(119, 152)	false	3.3500	0.5736	0.0000	3.2800	0.5894	0.0000	0.0700	0.0158	0.0000
(119, 152)	true	3.4220	0.5706	0.0000	3.0720	0.6146	0.0000	-0.3500	-0.0440	0.0000
(119, 152)	false	3.6580	0.5246	0.0000	3.8440	0.5105	0.0000	-0.1860	-0.0141	0.0000
(119, 152)	false	3.3120	0.5935	0.0000	3.5720	0.5399	0.0000	-0.2600	-0.0537	0.0000
(119, 152)	false	3.7180	0.5250	0.0000	3.3060	0.5887	0.0000	0.4120	0.0636	0.0000
(119, 152)	false	3.1860	0.6173	0.0000	4.0360	0.4577	0.0000	-0.8500	-0.1596	0.0000
(119, 152)	true	3.7800	0.4903	0.0000	3.7360	0.4900	0.0000	-0.0440	0.0003	0.0000
(119, 152)	true	3.7920	0.5355	0.0000	3.8040	0.4683	0.0000	0.0120	0.0673	0.0000
(129, 143)	false	3.5420	0.5402	0.0000	3.3440	0.5983	0.0000	0.1980	0.0581	0.0000
(129, 143)	false	3.5120	0.5433	0.0000	3.5140	0.5828	0.0000	-0.0020	0.0395	0.0000
(129, 143)	false	3.3500	0.5736	0.0000	3.3440	0.5935	0.0000	0.0060	0.0199	0.0000
(129, 143)	false	3.4220	0.5706	0.0000	3.4340	0.5709	0.0000	-0.0120	0.0002	0.0000
(129, 143)	true	3.6580	0.5246	0.0000	3.8720	0.5443	0.0000	0.2140	-0.0196	0.0000
(129, 143)	true	3.3120	0.5935	0.0000	3.7940	0.5237	0.0000	0.4820	0.0699	0.0000
(129, 143)	false	3.7180	0.5250	0.0000	3.2340	0.5955	0.0000	0.4840	0.0704	0.0000
(129, 143)	false	3.1860	0.6173	0.0000	3.4580	0.5861	0.0000	-0.2720	-0.0312	0.0000
(129, 143)	false	3.7800	0.4903	0.0000	3.7580	0.4928	0.0000	0.0220	0.0025	0.0000
(129, 143)	true	3.7920	0.5355	0.0000	4.1920	0.4951	0.0000	0.4000	0.0405	0.0000
(129, 141)	false	3.5420	0.5402	0.0000	3.6380	0.5501	0.0000	-0.0960	0.0099	0.0000
(129, 141)	false	3.5120	0.5433	0.0000	3.7980	0.5365	0.0000	-0.2860	-0.0068	0.0000
(129, 141)	false	3.3500	0.5736	0.0000	3.2620	0.5965	0.0000	0.0880	0.0229	0.0000
(129, 141)	false	3.4220	0.5706	0.0000	3.0640	0.6229	0.0000	0.3580	0.0522	0.0000
(129, 141)	false	3.6580	0.5246	0.0000	3.8060	0.5095	0.0000	-0.1480	-0.0151	0.0000
(129, 141)	false	3.3120	0.5935	0.0000	4.3000	0.3730	0.0000	-0.9880	-0.2205	0.0000
(129, 141)	true	3.7180	0.5250	0.0000	3.6180	0.5435	0.0000	-0.1000	-0.0184	0.0000
(129, 141)	false	3.1860	0.6173	0.0000	3.9560	0.4962	0.0000	-0.7700	-0.1211	0.0000
(129, 141)	false	3.7800	0.4903	0.0000	4.1500	0.4689	0.0000	-0.3700	-0.0214	0.0000
(129, 141)	true	3.7920	0.5355	0.0000	3.5620	0.5386	0.0000	-0.2300	-0.0031	0.0000
(108, 138)	false	3.5420	0.5402	0.0000	3.5280	0.5729	0.0000	0.0140	0.0327	0.0000
(108, 138)	false	3.5120	0.5433	0.0000	3.4940	0.5634	0.0000	0.0180	0.0201	0.0000
(108, 138)	false	3.3500	0.5736	0.0000	3.2940	0.5936	0.0000	0.0560	0.0200	0.0000
(108, 138)	false	3.4220	0.5706	0.0000	3.5260	0.5734	0.0000	-0.1040	0.0027	0.0000
(108, 138)	false	3.6580	0.5246	0.0000	3.9660	0.4817	0.0000	-0.3080	-0.0429	0.0000
(108, 138)	false	3.3120	0.5935	0.0000	3.0760	0.6209	0.0000	0.2360	0.0274	0.0000
(108, 138)	true	3.7180	0.5250	0.0000	3.4800	0.5776	0.0000	-0.2380	-0.0526	0.0000
(108, 138)	false	3.1860	0.6173	0.0000	4.2280	0.4969	0.0000	-1.0420	-0.1204	0.0000
(108, 138)	false	3.7800	0.4903	0.0000	3.5960	0.5026	0.0000	0.1840	0.0123	0.0000
(108, 138)	true	3.7920	0.5355	0.0000	4.0400	0.4685	0.0000	0.2480	0.0670	0.0000
(115, 164)	false	3.5420	0.5402	0.0000	3.3960	0.6014	0.0000	0.1460	0.0613	0.0000
(115, 164)	false	3.5120	0.5433	0.0000	2.9960	0.6354	0.0000	0.5160	0.0921	0.0000
(115, 164)	false	3.3500	0.5736	0.0000	3.0800	0.6409	0.0000	0.2700	0.0672	0.0000
(115, 164)	false	3.4220	0.5706	0.0000	3.5780	0.5488	0.0000	-0.1560	-0.0219	0.0000
(115, 164)	true	3.6580	0.5246	0.0000	3.6980	0.5195	0.0000	0.0400	0.0051	0.0000
(115, 164)	false	3.3120	0.5935	0.0000	3.3880	0.5691	0.0000	-0.0760	-0.0244	0.0000
(115, 164)	true	3.7180	0.5250	0.0000	3.3280	0.5959	0.0000	-0.3900	-0.0709	0.0000
(115, 164)	false	3.1860	0.6173	0.0000	3.0660	0.6476	0.0000	0.1200	0.0302	0.0000
(115, 164)	false	3.7800	0.4903	0.0000	3.6880	0.4981	0.0000	0.0920	0.0078	0.0000
(115, 164)	true	3.7920	0.5355	0.0000	3.9060	0.5173	0.0000	0.1140	0.0182	0.0000
(105, 112)	false	3.5420	0.5402	0.0000	4.0440	0.4659	0.0000	-0.5020	-0.0743	0.0000
(105, 112)	false	3.5120	0.5433	0.0000	3.8540	0.5298	0.0000	-0.3420	-0.0135	0.0000
(105, 112)	true	3.3500	0.5736	0.0000	3.2380	0.5912	0.0000	-0.1120	-0.0176	0.0000
(105, 112)	false	3.4220	0.5706	0.0000	3.2040	0.6123	0.0000	0.2180	0.0417	0.0000
(105, 112)	true	3.6580	0.5246	0.0000	3.8120	0.4971	0.0000	0.1540	0.0275	0.0000
(105, 112)	true	3.3120	0.5935	0.0000	3.0960	0.6269	0.0000	-0.2160	-0.0334	0.0000
(105, 112)	false	3.7180	0.5250	0.0000	3.7020	0.5333	0.0000	0.0160	0.0082	0.0000
(105, 112)	false	3.1860	0.6173	0.0000	3.2320	0.5946	0.0000	-0.0460	-0.0227	0.0000
(105, 112)	true	3.7800	0.4903	0.0000	3.7180	0.5018	0.0000	-0.0620	-0.0114	0.0000
(105, 112)	true	3.7920	0.5355	0.0000	3.5960	0.5481	0.0000	-0.1960	-0.0126	0.0000
(104, 141)	false	3.5420	0.5402	0.0000	3.8560	0.5141	0.0000	-0.3140	-0.0261	0.0000
(104, 141)	false	3.5120	0.5433	0.0000	3.5240	0.5789	0.0000	-0.0120	0.0356	0.0000
(104, 141)	false	3.3500	0.5736	0.0000	3.0200	0.6159	0.0000	0.3300	0.0423	0.0000
(104, 141)	true	3.4220	0.5706	0.0000	3.5880	0.5467	0.0000	0.1660	0.0239	0.0000
(104, 141)	false	3.6580	0.5246	0.0000	2.8540	0.6448	0.0000	0.8040	0.1201	0.0000
(104, 141)	false	3.3120	0.5935	0.0000	3.5840	0.5542	0.0000	-0.2720	-0.0393	0.0000
(104, 141)	false	3.7180	0.5250	0.0000	3.8520	0.5060	0.0000	-0.1340	-0.0190	0.0000
(104, 141)	false	3.1860	0.6173	0.0000	3.5620	0.5455	0.0000	-0.3760	-0.0718	0.0000
(104, 141)	false	3.7800	0.4903	0.0000	4.0440	0.4620	0.0000	-0.2640	-0.0283	0.0000
(104, 141)	true	3.7920	0.5355	0.0000	4.2260	0.4375	0.0000	0.4340	0.0981	0.0000
(97, 158)	false	3.5420	0.5402	0.0000	3.1840	0.6097	0.0000	0.3580	0.0695	0.0000
(97, 158)	false	3.5120	0.5433	0.0000	3.1260	0.6302	0.0000	0.3860	0.0869	0.0000
(97, 158)	false	3.3500	0.5736	0.0000	3.0220	0.6540	0.0000	0.3280	0.0804	0.0000
(97, 158)	true	3.4220	0.5706	0.0000	3.7880	0.5447	0.0000	0.3660	0.0259	0.0000
(97, 158)	true	3.6580	0.5246	0.0000	4.3860	0.3379	0.0000	0.7280	0.1867	0.0000
(97, 158)	true	3.3120	0.5935	0.0000	3.5540	0.5435	0.0000	0.2420	0.0500	0.0000
(97, 158)	false	3.7180	0.5250	0.0000	3.7180	0.5267	0.0000	0.0000	0.0017	0.0000
(97, 158)	true	3.1860	0.6173	0.0000	3.9960	0.5052	0.0000	0.8100	0.1121	0.0000
(97, 158)	true	3.7800	0.4903	0.0000	3.8620	0.4631	0.0000	0.0820	0.0273	0.0000
(97, 158)	true	3.7920	0.5355	0.0000	3.3460	0.5892	0.0000	-0.4460	-0.0537	0.0000
(108, 141)	true	3.5420	0.5402	0.0000	3.3060	0.6073	0.0000	-0.2360	-0.0671	0.0000
(108, 141)	true	3.5120	0.5433	0.0000	3.4880	0.5888	0.0000	-0.0240	-0.0455	0.0000
(108, 141)	false	3.3500	0.5736	0.0000	3.2360	0.5943	0.0000	0.1140	0.0207	0.0000
(108, 141)	false	3.4220	0.5706	0.0000	3.7600	0.5447	0.0000	-0.3380	-0.0260	0.0000
(108, 141)	false	3.6580	0.5246	0.0000	4.0260	0.5032	0.0000	-0.3680	-0.0214	0.0000
(108, 141)	false	3.3120	0.5935	0.0000	3.3080	0.5855	0.0000	0.0040	-0.0081	0.0000
(108, 141)	false	3.7180	0.5250	0.0000	3.5680	0.5479	0.0000	0.1500	0.0229	0.0000
(108, 141)	false	3.1860	0.6173	0.0000	4.0180	0.5155	0.0000	-0.8320	-0.1018	0.0000
(108, 141)	false	3.7800	0.4903	0.0000	3.8420	0.4716	0.0000	-0.0620	-0.0187	0.0000
(108, 141)	true	3.7920	0.5355	0.0000	3.8640	0.5227	0.0000	0.0720	0.0128	0.0000
(104, 115)	false	3.5420	0.5402	0.0000	3.8400	0.5396	0.0000	-0.2980	-0.0006	0.0000
(104, 115)	false	3.5120	0.5433	0.0000	3.6980	0.5366	0.0000	-0.1860	-0.0067	0.0000
(104, 115)	false	3.3500	0.5736	0.0000	3.2380	0.5906	0.0000	0.1120	0.0170	0.0000
(104, 115)	true	3.4220	0.5706	0.0000	3.4200	0.5915	0.0000	-0.0020	-0.0209	0.0000
(104, 115)	true	3.6580	0.5246	0.0000	3.5820	0.5649	0.0000	-0.0760	-0.0402	0.0000
(104, 115)	false	3.3120	0.5935	0.0000	3.5000	0.5469	0.0000	-0.1880	-0.0466	0.0000
(104, 115)	false	3.7180	0.5250	0.0000	3.5080	0.5620	0.0000	0.2100	0.0370	0.0000
(104, 115)	false	3.1860	0.6173	0.0000	3.3520	0.5862	0.0000	-0.1660	-0.0311	0.0000
(104, 115)	true	3.7800	0.4903	0.0000	3.9680	0.4565	0.0000	0.1880	0.0339	0.0000
(104, 115)	true	3.7920	0.5355	0.0000	3.5640	0.5775	0.0000	-0.2280	-0.0419	0.0000
(165, 171)	true	3.5420	0.5402	0.0000	3.5840	0.5641	0.0000	0.0420	-0.0239	0.0000
(165, 171)	true	3.5120	0.5433	0.0000	3.6660	0.5595	0.0000	0.1540	-0.0162	0.0000
(165, 171)	false	3.3500	0.5736	0.0000	3.3900	0.5709	0.0000	-0.0400	-0.0027	0.0000
(165, 171)	false	3.4220	0.5706	0.0000	3.2980	0.6273	0.0000	0.1240	0.0567	0.0000
(165, 171)	true	3.6580	0.5246	0.0000	4.0040	0.4770	0.0000	0.3460	0.0476	0.0000
(165, 171)	false	3.3120	0.5935	0.0000	3.2620	0.5874	0.0000	0.0500	-0.0061	0.0000
(165, 171)	false	3.7180	0.5250	0.0000	3.5100	0.5676	0.0000	0.2080	0.0425	0.0000
(165, 171)	false	3.1860	0.6173	0.0000	3.5640	0.5495	0.0000	-0.3780	-0.0678	0.0000
(165, 171)	true	3.7800	0.4903	0.0000	4.1440	0.4460	0.0000	0.3640	0.0443	0.0000
(165, 171)	true	3.7920	0.5355	0.0000	3.8900	0.4521	0.0000	0.0980	0.0834	0.0000
(116, 141)	false	3.5420	0.5402	0.0000	3.6080	0.5539	0.0000	-0.0660	0.0137	0.0000
(116, 141)	false	3.5120	0.5433	0.0000	3.4800	0.5910	0.0000	0.0320	0.0477	0.0000
(116, 141)	false	3.3500	0.5736	0.0000	3.1520	0.6076	0.0000	0.1980	0.0340	0.0000
(116, 141)	true	3.4220	0.5706	0.0000	3.7160	0.5429	0.0000	0.2940	0.0277	0.0000
(116, 141)	false	3.6580	0.5246	0.0000	3.8020	0.5463	0.0000	-0.1440	0.0217	0.0000
(116, 141)	false	3.3120	0.5935	0.0000	3.0740	0.6277	0.0000	0.2380	0.0342	0.0000
(116, 141)	false	3.7180	0.5250	0.0000	3.9160	0.4420	0.0000	-0.1980	-0.0830	0.0000
(116, 141)	false	3.1860	0.6173	0.0000	2.9840	0.6510	0.0000	0.2020	0.0337	0.0000
(116, 141)	true	3.7800	0.4903	0.0000	3.7520	0.4999	0.0000	-0.0280	-0.0096	0.0000
(116, 141)	true	3.7920	0.5355	0.0000	4.3860	0.4068	0.0000	0.5940	0.1287	0.0000
(149, 156)	false	3.5420	0.5402	0.0000	3.4560	0.5684	0.0000	0.0860	0.0282	0.0000
(149, 156)	false	3.5120	0.5433	0.0000	3.6040	0.5527	0.0000	-0.0920	0.0094	0.0000
(149, 156)	false	3.3500	0.5736	0.0000	3.2860	0.5898	0.0000	0.0640	0.0162	0.0000
(149, 156)	true	3.4220	0.5706	0.0000	3.9460	0.5317	0.0000	0.5240	0.0390	0.0000
(149, 156)	true	3.6580	0.5246	0.0000	3.8260	0.4903	0.0000	0.1680	0.0343	0.0000
(149, 156)	false	3.3120	0.5935	0.0000	3.1740	0.6370	0.0000	0.1380	0.0434	0.0000
(149, 156)	false	3.7180	0.5250	0.0000	3.1180	0.6141	0.0000	0.6000	0.0891	0.0000
(149, 156)	false	3.1860	0.6173	0.0000	3.2160	0.5744	0.0000	-0.0300	-0.0429	0.0000
(149, 156)	false	3.7800	0.4903	0.0000	3.7360	0.5115	0.0000	0.0440	0.0212	0.0000
(149, 156)	true	3.7920	0.5355	0.0000	4.2420	0.4539	0.0000	0.4500	0.0817	0.0000
(120, 152)	false	3.5420	0.5402	0.0000	3.3080	0.5823	0.0000	0.2340	0.0421	0.0000
(120, 152)	false	3.5120	0.5433	0.0000	3.2840	0.5734	0.0000	0.2280	0.0301	0.0000
(120, 152)	true	3.3500	0.5736	0.0000	2.9140	0.6395	0.0000	-0.4360	-0.0659	0.0000
(120, 152)	true	3.4220	0.5706	0.0000	4.0640	0.5141	0.0000	0.6420	0.0565	0.0000
(120, 152)	true	3.6580	0.5246	0.0000	3.9120	0.4772	0.0000	0.2540	0.0474	0.0000
(120, 152)	true	3.3120	0.5935	0.0000	3.2620	0.6120	0.0000	-0.0500	-0.0184	0.0000
(120, 152)	false	3.7180	0.5250	0.0000	3.4400	0.5834	0.0000	0.2780	0.0583	0.0000
(120, 152)	false	3.1860	0.6173	0.0000	3.7500	0.5063	0.0000	-0.5640	-0.1110	0.0000
(120, 152)	false	3.7800	0.4903	0.0000	3.7440	0.4767	0.0000	0.0360	-0.0136	0.0000
(120, 152)	true	3.7920	0.5355	0.0000	4.1120	0.4717	0.0000	0.3200	0.0639	0.0000
(115, 165)	false	3.5420	0.5402	0.0000	3.5980	0.5693	0.0000	-0.0560	0.0291	0.0000
(115, 165)	false	3.5120	0.5433	0.0000	3.4040	0.5818	0.0000	0.1080	0.0385	0.0000
(115, 165)	false	3.3500	0.5736	0.0000	3.1300	0.6344	0.0000	0.2200	0.0608	0.0000
(115, 165)	false	3.4220	0.5706	0.0000	3.6700	0.5515	0.0000	-0.2480	-0.0191	0.0000
(115, 165)	false	3.6580	0.5246	0.0000	3.9380	0.5124	0.0000	-0.2800	-0.0123	0.0000
(115, 165)	true	3.3120	0.5935	0.0000	3.7200	0.4902	0.0000	0.4080	0.1033	0.0000
(115, 165)	true	3.7180	0.5250	0.0000	3.5680	0.5748	0.0000	-0.1500	-0.0498	0.0000
(115, 165)	false	3.1860	0.6173	0.0000	3.1120	0.6380	0.0000	0.0740	0.0207	0.0000
(115, 165)	false	3.7800	0.4903	0.0000	3.9400	0.4925	0.0000	-0.1600	0.0022	0.0000
(115, 165)	true	3.7920	0.5355	0.0000	3.8280	0.4704	0.0000	0.0360	0.0652	0.0000
(119, 149)	true	3.5420	0.5402	0.0000	3.3020	0.5784	0.0000	-0.2400	-0.0382	0.0000
(119, 149)	true	3.5120	0.5433	0.0000	3.2420	0.5887	0.0000	-0.2700	-0.0454	0.0000
(119, 149)	false	3.3500	0.5736	0.0000	3.5720	0.5349	0.0000	-0.2220	-0.0387	0.0000
(119, 149)	false	3.4220	0.5706	0.0000	3.6320	0.5483	0.0000	-0.2100	-0.0223	0.0000
(119, 149)	true	3.6580	0.5246	0.0000	4.0800	0.5063	0.0000	0.4220	0.0183	0.0000
(119, 149)	true	3.3120	0.5935	0.0000	4.0280	0.4340	0.0000	0.7160	0.1595	0.0000
(119, 149)	false	3.7180	0.5250	0.0000	3.5840	0.5579	0.0000	0.1340	0.0329	0.0000
(119, 149)	false	3.1860	0.6173	0.0000	4.0080	0.4776	0.0000	-0.8220	-0.1397	0.0000
(119, 149)	true	3.7800	0.4903	0.0000	4.3300	0.4470	0.0000	0.5500	0.0433	0.0000
(119, 149)	true	3.7920	0.5355	0.0000	3.6440	0.5232	0.0000	-0.1480	0.0123	0.0000
(105, 142)	false	3.5420	0.5402	0.0000	3.5260	0.5736	0.0000	0.0160	0.0335	0.0000
(105, 142)	false	3.5120	0.5433	0.0000	3.5340	0.5830	0.0000	-0.0220	0.0397	0.0000
(105, 142)	true	3.3500	0.5736	0.0000	3.0660	0.5998	0.0000	-0.2840	-0.0262	0.0000
(105, 142)	true	3.4220	0.5706	0.0000	3.2600	0.6040	0.0000	-0.1620	-0.0333	0.0000
(105, 142)	false	3.6580	0.5246	0.0000	3.2020	0.6375	0.0000	0.4560	0.1129	0.0000
(105, 142)	false	3.3120	0.5935	0.0000	3.4040	0.5541	0.0000	-0.0920	-0.0394	0.0000
(105, 142)	false	3.7180	0.5250	0.0000	3.5460	0.5494	0.0000	0.1720	0.0244	0.0000
(105, 142)	false	3.1860	0.6173	0.0000	4.0280	0.4754	0.0000	-0.8420	-0.1419	0.0000
(105, 142)	true	3.7800	0.4903	0.0000	4.0860	0.4141	0.0000	0.3060	0.0762	0.0000
(105, 142)	false	3.7920	0.5355	0.0000	3.6340	0.5636	0.0000	0.1580	0.0281	0.0000
(118, 168)	true	3.5420	0.5402	0.0000	3.7360	0.5212	0.0000	0.1940	0.0190	0.0000
(118, 168)	true	3.5120	0.5433	0.0000	3.5700	0.5417	0.0000	0.0580	0.0016	0.0000
(118, 168)	false	3.3500	0.5736	0.0000	3.2460	0.5978	0.0000	0.1040	0.0242	0.0000
(118, 168)	false	3.4220	0.5706	0.0000	3.5060	0.5806	0.0000	-0.0840	0.0099	0.0000
(118, 168)	false	3.6580	0.5246	0.0000	3.9420	0.5160	0.0000	-0.2840	-0.0086	0.0000
(118, 168)	false	3.3120	0.5935	0.0000	4.0240	0.4653	0.0000	-0.7120	-0.1282	0.0000
(118, 168)	false	3.7180	0.5250	0.0000	3.3260	0.5836	0.0000	0.3920	0.0586	0.0000
(118, 168)	true	3.1860	0.6173	0.0000	3.1040	0.6365	0.0000	-0.0820	-0.0192	0.0000
(118, 168)	false	3.7800	0.4903	0.0000	3.7840	0.4613	0.0000	-0.0040	-0.0290	0.0000
(118, 168)	false	3.7920	0.5355	0.0000	3.5200	0.5404	0.0000	0.2720	0.0049	0.0000
(162, 177)	true	3.5420	0.5402	0.0000	3.0300	0.6429	0.0000	-0.5120	-0.1027	0.0000
(162, 177)	true	3.5120	0.5433	0.0000	3.3520	0.6054	0.0000	-0.1600	-0.0621	0.0000
(162, 177)	false	3.3500	0.5736	0.0000	3.0600	0.6011	0.0000	0.2900	0.0275	0.0000
(162, 177)	false	3.4220	0.5706	0.0000	3.3440	0.5905	0.0000	0.0780	0.0198	0.0000
(162, 177)	false	3.6580	0.5246	0.0000	3.7380	0.5339	0.0000	-0.0800	0.0093	0.0000
(162, 177)	false	3.3120	0.5935	0.0000	3.4800	0.5596	0.0000	-0.1680	-0.0340	0.0000
(162, 177)	true	3.7180	0.5250	0.0000	3.4940	0.5689	0.0000	-0.2240	-0.0438	0.0000
(162, 177)	false	3.1860	0.6173	0.0000	3.1500	0.6241	0.0000	0.0360	0.0068	0.0000
(162, 177)	false	3.7800	0.4903	0.0000	3.6960	0.5052	0.0000	0.0840	0.0148	0.0000
(162, 177)	false	3.7920	0.5355	0.0000	3.7440	0.5109	0.0000	0.0480	-0.0246	0.0000
(148, 156)	false	3.5420	0.5402	0.0000	3.3560	0.6010	0.0000	0.1860	0.0608	0.0000
(148, 156)	false	3.5120	0.5433	0.0000	3.2300	0.6038	0.0000	0.2820	0.0605	0.0000
(148, 156)	true	3.3500	0.5736	0.0000	3.1660	0.5885	0.0000	-0.1840	-0.0149	0.0000
(148, 156)	true	3.4220	0.5706	0.0000	3.4560	0.5860	0.0000	0.0340	-0.0153	0.0000
(148, 156)	false	3.6580	0.5246	0.0000	3.6800	0.5339	0.0000	-0.0220	0.0093	0.0000
(148, 156)	false	3.3120	0.5935	0.0000	3.3340	0.6143	0.0000	-0.0220	0.0208	0.0000
(148, 156)	false	3.7180	0.5250	0.0000	3.3800	0.5966	0.0000	0.3380	0.0715	0.0000
(148, 156)	true	3.1860	0.6173	0.0000	3.9400	0.5466	0.0000	0.7540	0.0707	0.0000
(148, 156)	false	3.7800	0.4903	0.0000	3.8840	0.4907	0.0000	-0.1040	0.0004	0.0000
(148, 156)	false	3.7920	0.5355	0.0000	3.6380	0.5247	0.0000	0.1540	-0.0109	0.0000
(104, 111)	false	3.5420	0.5402	0.0000	4.1000	0.4529	0.0000	-0.5580	-0.0872	0.0000
(104, 111)	false	3.5120	0.5433	0.0000	4.1420	0.4740	0.0000	-0.6300	-0.0693	0.0000
(104, 111)	true	3.3500	0.5736	0.0000	3.2300	0.5935	0.0000	-0.1200	-0.0199	0.0000
(104, 111)	true	3.4220	0.5706	0.0000	3.2160	0.5993	0.0000	-0.2060	-0.0286	0.0000
(104, 111)	false	3.6580	0.5246	0.0000	3.6740	0.4954	0.0000	-0.0160	-0.0293	0.0000
(104, 111)	false	3.3120	0.5935	0.0000	3.9000	0.4690	0.0000	-0.5880	-0.1246	0.0000
(104, 111)	false	3.7180	0.5250	0.0000	3.6940	0.5468	0.0000	0.0240	0.0217	0.0000
(104, 111)	false	3.1860	0.6173	0.0000	3.0700	0.6258	0.0000	0.1160	0.0085	0.0000
(104, 111)	false	3.7800	0.4903	0.0000	3.8240	0.4818	0.0000	-0.0440	-0.0085	0.0000
(104, 111)	false	3.7920	0.5355	0.0000	3.8500	0.4926	0.0000	-0.0580	-0.0429	0.0000
(133, 139)	false	3.5420	0.5402	0.0000	3.9400	0.5149	0.0000	-0.3980	-0.0253	0.0000
(133, 139)	false	3.5120	0.5433	0.0000	3.6820	0.5360	0.0000	-0.1700	-0.0073	0.0000
(133, 139)	true	3.3500	0.5736	0.0000	3.1760	0.6011	0.0000	-0.1740	-0.0275	0.0000
(133, 139)	false	3.4220	0.5706	0.0000	3.1780	0.6220	0.0000	0.2440	0.0513	0.0000
(133, 139)	true	3.6580	0.5246	0.0000	3.7540	0.5334	0.0000	0.0960	-0.0088	0.0000
(133, 139)	false	3.3120	0.5935	0.0000	3.3780	0.5944	0.0000	-0.0660	0.0009	0.0000
(133, 139)	false	3.7180	0.5250	0.0000	3.3620	0.5892	0.0000	0.3560	0.0642	0.0000
(133, 139)	false	3.1860	0.6173	0.0000	3.8020	0.5185	0.0000	-0.6160	-0.0988	0.0000
(133, 139)	true	3.7800	0.4903	0.0000	3.4600	0.5185	0.0000	-0.3200	-0.0282	0.0000
(133, 139)	false	3.7920	0.5355	0.0000	3.5160	0.5746	0.0000	0.2760	0.0391	0.0000
(96, 158)	false	3.5420	0.5402	0.0000	3.1660	0.6183	0.0000	0.3760	0.0781	0.0000
(96, 158)	false	3.5120	0.5433	0.0000	3.2780	0.6026	0.0000	0.2340	0.0593	0.0000
(96, 158)	false	3.3500	0.5736	0.0000	3.6780	0.5329	0.0000	-0.3280	-0.0407	0.0000
(96, 158)	false	3.4220	0.5706	0.0000	3.6780	0.5390	0.0000	-0.2560	-0.0317	0.0000
(96, 158)	false	3.6580	0.5246	0.0000	4.1660	0.4640	0.0000	-0.5080	-0.0607	0.0000
(96, 158)	false	3.3120	0.5935	0.0000	3.3860	0.5996	0.0000	-0.0740	0.0061	0.0000
(96, 158)	false	3.7180	0.5250	0.0000	3.5940	0.5402	0.0000	0.1240	0.0152	0.0000
(96, 158)	true	3.1860	0.6173	0.0000	3.1240	0.6414	0.0000	-0.0620	-0.0240	0.0000
(96, 158)	false	3.7800	0.4903	0.0000	3.9800	0.4892	0.0000	-0.2000	-0.0011	0.0000
(96, 158)	false	3.7920	0.5355	0.0000	3.8860	0.5453	0.0000	-0.0940	0.0097	0.0000
(100, 180)	true	3.5420	0.5402	0.0000	3.5880	0.5552	0.0000	0.0460	-0.0150	0.0000
(100, 180)	true	3.5120	0.5433	0.0000	3.7680	0.5347	0.0000	0.2560	0.0086	0.0000
(100, 180)	false	3.3500	0.5736	0.0000	3.2420	0.5982	0.0000	0.1080	0.0246	0.0000
(100, 180)	false	3.4220	0.5706	0.0000	3.1840	0.6062	0.0000	0.2380	0.0356	0.0000
(100, 180)	false	3.6580	0.5246	0.0000	3.8300	0.5321	0.0000	-0.1720	0.0075	0.0000
(100, 180)	false	3.3120	0.5935	0.0000	3.1600	0.6174	0.0000	0.1520	0.0239	0.0000
(100, 180)	true	3.7180	0.5250	0.0000	3.6200	0.5526	0.0000	-0.0980	-0.0275	0.0000
(100, 180)	false	3.1860	0.6173	0.0000	3.5520	0.5531	0.0000	-0.3660	-0.0642	0.0000
(100, 180)	false	3.7800	0.4903	0.0000	3.5860	0.5014	0.0000	0.1940	0.0111	0.0000
(100, 180)	false	3.7920	0.5355	0.0000	4.0020	0.4825	0.0000	-0.2100	-0.0530	0.0000
(119, 148)	false	3.5420	0.5402	0.0000	3.3540	0.5888	0.0000	0.1880	0.0486	0.0000
(119, 148)	false	3.5120	0.5433	0.0000	3.2320	0.6011	0.0000	0.2800	0.0578	0.0000
(119, 148)	false	3.3500	0.5736	0.0000	3.2440	0.5764	0.0000	0.1060	0.0028	0.0000
(119, 148)	false	3.4220	0.5706	0.0000	3.5080	0.5613	0.0000	-0.0860	-0.0093	0.0000
(119, 148)	false	3.6580	0.5246	0.0000	3.7260	0.5419	0.0000	-0.0680	0.0173	0.0000
(119, 148)	false	3.3120	0.5935	0.0000	3.6680	0.5381	0.0000	-0.3560	-0.0554	0.0000
(119, 148)	false	3.7180	0.5250	0.0000	3.2640	0.5858	0.0000	0.4540	0.0608	0.0000
(119, 148)	false	3.1860	0.6173	0.0000	4.3260	0.4397	0.0000	-1.1400	-0.1776	0.0000
(119, 148)	false	3.7800	0.4903	0.0000	3.8280	0.4870	0.0000	-0.0480	-0.0033	0.0000
(119, 148)	false	3.7920	0.5355	0.0000	4.0140	0.4904	0.0000	-0.2220	-0.0451	0.0000
(96, 184)	false	3.5420	0.5402	0.0000	2.9800	0.6178	0.0000	0.5620	0.0776	0.0000
(96, 184)	false	3.5120	0.5433	0.0000	3.3660	0.5858	0.0000	0.1460	0.0425	0.0000
(96, 184)	false	3.3500	0.5736	0.0000	2.8000	0.6512	0.0000	0.5500	0.0776	0.0000
(96, 184)	false	3.4220	0.5706	0.0000	3.4000	0.5861	0.0000	0.0220	0.0154	0.0000
(96, 184)	false	3.6580	0.5246	0.0000	3.6060	0.5334	0.0000	0.0520	0.0088	0.0000
(96, 184)	false	3.3120	0.5935	0.0000	3.3700	0.6054	0.0000	-0.0580	0.0119	0.0000
(96, 184)	false	3.7180	0.5250	0.0000	3.4700	0.5706	0.0000	0.2480	0.0456	0.0000
(96, 184)	false	3.1860	0.6173	0.0000	3.3380	0.6098	0.0000	-0.1520	-0.0075	0.0000
(96, 184)	false	3.7800	0.4903	0.0000	3.8860	0.4867	0.0000	-0.1060	-0.0037	0.0000
(96, 184)	false	3.7920	0.5355	0.0000	3.9180	0.5079	0.0000	-0.1260	-0.0276	0.0000
(117, 123)	false	3.5420	0.5402	0.0000	3.5300	0.5765	0.0000	0.0120	0.0363	0.0000
(117, 123)	false	3.5120	0.5433	0.0000	3.7100	0.5523	0.0000	-0.1980	0.0090	0.0000
(117, 123)	true	3.3500	0.5736	0.0000	3.4340	0.5693	0.0000	0.0840	0.0043	0.0000
(117, 123)	false	3.4220	0.5706	0.0000	3.4780	0.5862	0.0000	-0.0560	0.0156	0.0000
(117, 123)	true	3.6580	0.5246	0.0000	3.7500	0.5098	0.0000	0.0920	0.0148	0.0000
(117, 123)	false	3.3120	0.5935	0.0000	3.2000	0.6147	0.0000	0.1120	0.0212	0.0000
(117, 123)	true	3.7180	0.5250	0.0000	3.2740	0.5914	0.0000	-0.4440	-0.0664	0.0000
(117, 123)	false	3.1860	0.6173	0.0000	3.1960	0.6027	0.0000	-0.0100	-0.0146	0.0000
(117, 123)	true	3.7800	0.4903	0.0000	3.6420	0.5330	0.0000	-0.1380	-0.0426	0.0000
(117, 123)	false	3.7920	0.5355	0.0000	3.3620	0.5926	0.0000	0.4300	0.0571	0.0000
(96, 183)	false	3.5420	0.5402	0.0000	3.2060	0.6239	0.0000	0.3360	0.0837	0.0000
(96, 183)	false	3.5120	0.5433	0.0000	3.0500	0.6352	0.0000	0.4620	0.0919	0.0000
(96, 183)	false	3.3500	0.5736	0.0000	3.1000	0.6110	0.0000	0.2500	0.0374	0.0000
(96, 183)	false	3.4220	0.5706	0.0000	3.0660	0.6433	0.0000	0.3560	0.0727	0.0000
(96, 183)	false	3.6580	0.5246	0.0000	3.8320	0.5076	0.0000	-0.1740	-0.0170	0.0000
(96, 183)	true	3.3120	0.5935	0.0000	4.2240	0.3779	0.0000	0.9120	0.2156	0.0000
(96, 183)	false	3.7180	0.5250	0.0000	3.7540	0.5198	0.0000	-0.0360	-0.0053	0.0000
(96, 183)	false	3.1860	0.6173	0.0000	2.9540	0.6399	0.0000	0.2320	0.0226	0.0000
(96, 183)	false	3.7800	0.4903	0.0000	3.7140	0.5230	0.0000	0.0660	0.0327	0.0000
(96, 183)	false	3.7920	0.5355	0.0000	3.2120	0.6150	0.0000	0.5800	0.0795	0.0000
(129, 144)	true	3.5420	0.5402	0.0000	3.2440	0.5902	0.0000	-0.2980	-0.0500	0.0000
(129, 144)	true	3.5120	0.5433	0.0000	3.2700	0.5807	0.0000	-0.2420	-0.0374	0.0000
(129, 144)	false	3.3500	0.5736	0.0000	3.1340	0.5993	0.0000	0.2160	0.0257	0.0000
(129, 144)	false	3.4220	0.5706	0.0000	3.4960	0.5753	0.0000	-0.0740	0.0047	0.0000
(129, 144)	false	3.6580	0.5246	0.0000	3.9560	0.4955	0.0000	-0.2980	-0.0291	0.0000
(129, 144)	true	3.3120	0.5935	0.0000	3.4200	0.5823	0.0000	0.1080	0.0112	0.0000
(129, 144)	false	3.7180	0.5250	0.0000	3.2860	0.5890	0.0000	0.4320	0.0640	0.0000
(129, 144)	true	3.1860	0.6173	0.0000	3.2080	0.6058	0.0000	0.0220	0.0115	0.0000
(129, 144)	true	3.7800	0.4903	0.0000	3.9520	0.4657	0.0000	0.1720	0.0246	0.0000
(129, 144)	false	3.7920	0.5355	0.0000	3.7420	0.4884	0.0000	0.0500	-0.0471	0.0000
(165, 174)	false	3.5420	0.5402	0.0000	3.8120	0.5428	0.0000	-0.2700	0.0026	0.0000
(165, 174)	false	3.5120	0.5433	0.0000	3.7020	0.5591	0.0000	-0.1900	0.0158	0.0000
(165, 174)	false	3.3500	0.5736	0.0000	3.2540	0.5868	0.0000	0.0960	0.0132	0.0000
(165, 174)	true	3.4220	0.5706	0.0000	3.4700	0.5781	0.0000	0.0480	-0.0075	0.0000
(165, 174)	false	3.6580	0.5246	0.0000	3.9380	0.4924	0.0000	-0.2800	-0.0322	0.0000
(165, 174)	false	3.3120	0.5935	0.0000	3.1820	0.6224	0.0000	0.1300	0.0288	0.0000
(165, 174)	false	3.7180	0.5250	0.0000	3.0760	0.6045	0.0000	0.6420	0.0795	0.0000
(165, 174)	false	3.1860	0.6173	0.0000	3.1880	0.5787	0.0000	-0.0020	-0.0386	0.0000
(165, 174)	false	3.7800	0.4903	0.0000	3.7960	0.4819	0.0000	-0.0160	-0.0084	0.0000
(165, 174)	false	3.7920	0.5355	0.0000	3.7360	0.5085	0.0000	0.0560	-0.0271	0.0000
(116, 144)	false	3.5420	0.5402	0.0000	3.6460	0.5578	0.0000	-0.1040	0.0176	0.0000
(116, 144)	false	3.5120	0.5433	0.0000	3.5960	0.5660	0.0000	-0.0840	0.0227	0.0000
(116, 144)	false	3.3500	0.5736	0.0000	2.9920	0.6237	0.0000	0.3580	0.0501	0.0000
(116, 144)	false	3.4220	0.5706	0.0000	3.4280	0.5897	0.0000	-0.0060	0.0190	0.0000
(116, 144)	false	3.6580	0.5246	0.0000	3.5640	0.5522	0.0000	0.0940	0.0276	0.0000
(116, 144)	true	3.3120	0.5935	0.0000	3.5060	0.5362	0.0000	0.1940	0.0574	0.0000
(116, 144)	false	3.7180	0.5250	0.0000	3.5940	0.5584	0.0000	0.1240	0.0334	0.0000
(116, 144)	true	3.1860	0.6173	0.0000	3.5800	0.5426	0.0000	0.3940	0.0747	0.0000
(116, 144)	true	3.7800	0.4903	0.0000	3.9420	0.4812	0.0000	0.1620	0.0091	0.0000
(116, 144)	false	3.7920	0.5355	0.0000	3.6920	0.5440	0.0000	0.1000	0.0084	0.0000
(105, 141)	true	3.5420	0.5402	0.0000	3.6440	0.5638	0.0000	0.1020	-0.0236	0.0000
(105, 141)	true	3.5120	0.5433	0.0000	3.5300	0.5896	0.0000	0.0180	-0.0463	0.0000
(105, 141)	true	3.3500	0.5736	0.0000	2.8300	0.6400	0.0000	-0.5200	-0.0664	0.0000
(105, 141)	false	3.4220	0.5706	0.0000	3.3720	0.5776	0.0000	0.0500	0.0070	0.0000
(105, 141)	false	3.6580	0.5246	0.0000	3.2780	0.6099	0.0000	0.3800	0.0853	0.0000
(105, 141)	true	3.3120	0.5935	0.0000	3.7920	0.5365	0.0000	0.4800	0.0570	0.0000
(105, 141)	false	3.7180	0.5250	0.0000	3.1040	0.6069	0.0000	0.6140	0.0819	0.0000
(105, 141)	true	3.1860	0.6173	0.0000	3.4140	0.5659	0.0000	0.2280	0.0514	0.0000
(105, 141)	false	3.7800	0.4903	0.0000	3.8980	0.4680	0.0000	-0.1180	-0.0223	0.0000
(105, 141)	false	3.7920	0.5355	0.0000	4.1100	0.3914	0.0000	-0.3180	-0.1442	0.0000
(100, 158)	false	3.5420	0.5402	0.0000	3.3300	0.5922	0.0000	0.2120	0.0520	0.0000
(100, 158)	false	3.5120	0.5433	0.0000	3.2740	0.6091	0.0000	0.2380	0.0658	0.0000
(100, 158)	false	3.3500	0.5736	0.0000	3.0640	0.6239	0.0000	0.2860	0.0503	0.0000
(100, 158)	false	3.4220	0.5706	0.0000	3.4200	0.5761	0.0000	0.0020	0.0054	0.0000
(100, 158)	false	3.6580	0.5246	0.0000	3.9100	0.5079	0.0000	-0.2520	-0.0168	0.0000
(100, 158)	false	3.3120	0.5935	0.0000	3.7720	0.5189	0.0000	-0.4600	-0.0746	0.0000
(100, 158)	true	3.7180	0.5250	0.0000	3.7740	0.5539	0.0000	0.0560	-0.0288	0.0000
(100, 158)	true	3.1860	0.6173	0.0000	3.8260	0.5038	0.0000	0.6400	0.1135	0.0000
(100, 158)	true	3.7800	0.4903	0.0000	3.7200	0.5094	0.0000	-0.0600	-0.0191	0.0000
(100, 158)	false	3.7920	0.5355	0.0000	3.7060	0.5003	0.0000	0.0860	-0.0353	0.0000
(117, 126)	false	3.5420	0.5402	0.0000	3.6940	0.5489	0.0000	-0.1520	0.0087	0.0000
(117, 126)	false	3.5120	0.5433	0.0000	3.4120	0.5701	0.0000	0.1000	0.0268	0.0000
(117, 126)	false	3.3500	0.5736	0.0000	3.0180	0.6308	0.0000	0.3320	0.0572	0.0000
(117, 126)	true	3.4220	0.5706	0.0000	3.2320	0.6061	0.0000	-0.1900	-0.0354	0.0000
(117, 126)	false	3.6580	0.5246	0.0000	3.7640	0.5293	0.0000	-0.1060	0.0047	0.0000
(117, 126)	false	3.3120	0.5935	0.0000	3.7160	0.5278	0.0000	-0.4040	-0.0657	0.0000
(117, 126)	true	3.7180	0.5250	0.0000	3.6440	0.5141	0.0000	-0.0740	0.0109	0.0000
(117, 126)	false	3.1860	0.6173	0.0000	3.0380	0.6363	0.0000	0.1480	0.0190	0.0000
(117, 126)	false	3.7800	0.4903	0.0000	3.9060	0.4748	0.0000	-0.1260	-0.0155	0.0000
(117, 126)	false	3.7920	0.5355	0.0000	3.6680	0.5775	0.0000	0.1240	0.0419	0.0000
(158, 180)	false	3.5420	0.5402	0.0000	3.6320	0.5347	0.0000	-0.0900	-0.0055	0.0000
(158, 180)	false	3.5120	0.5433	0.0000	3.6000	0.5401	0.0000	-0.0880	-0.0032	0.0000
(158, 180)	false	3.3500	0.5736	0.0000	3.2260	0.6040	0.0000	0.1240	0.0304	0.0000
(158, 180)	true	3.4220	0.5706	0.0000	3.1900	0.6064	0.0000	-0.2320	-0.0358	0.0000
(158, 180)	false	3.6580	0.5246	0.0000	3.9900	0.4598	0.0000	-0.3320	-0.0648	0.0000
(158, 180)	false	3.3120	0.5935	0.0000	3.4840	0.5779	0.0000	-0.1720	-0.0156	0.0000
(158, 180)	true	3.7180	0.5250	0.0000	3.7600	0.5235	0.0000	0.0420	0.0016	0.0000
(158, 180)	false	3.1860	0.6173	0.0000	3.5640	0.5485	0.0000	-0.3780	-0.0688	0.0000
(158, 180)	false	3.7800	0.4903	0.0000	3.7660	0.5316	0.0000	0.0140	0.0413	0.0000
(158, 180)	false	3.7920	0.5355	0.0000	3.6760	0.5245	0.0000	0.1160	-0.0111	0.0000
(96, 180)	false	3.5420	0.5402	0.0000	3.3560	0.5912	0.0000	0.1860	0.0510	0.0000
(96, 180)	false	3.5120	0.5433	0.0000	3.5480	0.5768	0.0000	-0.0360	0.0335	0.0000
(96, 180)	true	3.3500	0.5736	0.0000	3.5940	0.5349	0.0000	0.2440	0.0387	0.0000
(96, 180)	true	3.4220	0.5706	0.0000	3.8060	0.5342	0.0000	0.3840	0.0364	0.0000
(96, 180)	true	3.6580	0.5246	0.0000	4.0660	0.4595	0.0000	0.4080	0.0652	0.0000
(96, 180)	false	3.3120	0.5935	0.0000	3.4340	0.5836	0.0000	-0.1220	-0.0099	0.0000
(96, 180)	true	3.7180	0.5250	0.0000	3.5500	0.5398	0.0000	-0.1680	-0.0148	0.0000
(96, 180)	false	3.1860	0.6173	0.0000	3.1680	0.5861	0.0000	0.0180	-0.0312	0.0000
(96, 180)	false	3.7800	0.4903	0.0000	3.8740	0.4856	0.0000	-0.0940	-0.0047	0.0000
(96, 180)	false	3.7920	0.5355	0.0000	3.5840	0.5406	0.0000	0.2080	0.0050	0.0000
(119, 164)	false	3.5420	0.5402	0.0000	3.5380	0.5231	0.0000	0.0040	-0.0171	0.0000
(119, 164)	false	3.5120	0.5433	0.0000	3.5540	0.5460	0.0000	-0.0420	0.0027	0.0000
(119, 164)	true	3.3500	0.5736	0.0000	3.6320	0.5161	0.0000	0.2820	0.0575	0.0000
(119, 164)	false	3.4220	0.5706	0.0000	3.2460	0.6124	0.0000	0.1760	0.0418	0.0000
(119, 164)	false	3.6580	0.5246	0.0000	3.8120	0.5139	0.0000	-0.1540	-0.0107	0.0000
(119, 164)	false	3.3120	0.5935	0.0000	3.8300	0.4346	0.0000	-0.5180	-0.1589	0.0000
(119, 164)	false	3.7180	0.5250	0.0000	3.3120	0.5958	0.0000	0.4060	0.0708	0.0000
(119, 164)	false	3.1860	0.6173	0.0000	3.1920	0.6122	0.0000	-0.0060	-0.0051	0.0000
(119, 164)	false	3.7800	0.4903	0.0000	3.8200	0.4915	0.0000	-0.0400	0.0012	0.0000
(119, 164)	false	3.7920	0.5355	0.0000	3.9080	0.4944	0.0000	-0.1160	-0.0411	0.0000
(130, 140)	true	3.5420	0.5402	0.0000	3.1960	0.5987	0.0000	-0.3460	-0.0585	0.0000
(130, 140)	true	3.5120	0.5433	0.0000	3.4380	0.5649	0.0000	-0.0740	-0.0216	0.0000
(130, 140)	false	3.3500	0.5736	0.0000	3.2520	0.5917	0.0000	0.0980	0.0181	0.0000
(130, 140)	false	3.4220	0.5706	0.0000	3.2440	0.5989	0.0000	0.1780	0.0282	0.0000
(130, 140)	false	3.6580	0.5246	0.0000	4.0380	0.4926	0.0000	-0.3800	-0.0320	0.0000
(130, 140)	false	3.3120	0.5935	0.0000	3.6480	0.5275	0.0000	-0.3360	-0.0660	0.0000
(130, 140)	true	3.7180	0.5250	0.0000	3.4480	0.5716	0.0000	-0.2700	-0.0466	0.0000
(130, 140)	true	3.1860	0.6173	0.0000	3.5220	0.5469	0.0000	0.3360	0.0704	0.0000
(130, 140)	false	3.7800	0.4903	0.0000	4.2500	0.4574	0.0000	-0.4700	-0.0329	0.0000
(130, 140)	false	3.7920	0.5355	0.0000	3.4480	0.5738	0.0000	0.3440	0.0382	0.0000
(109, 137)	true	3.5420	0.5402	0.0000	3.3920	0.5896	0.0000	-0.1500	-0.0494	0.0000
(109, 137)	true	3.5120	0.5433	0.0000	3.6720	0.5485	0.0000	0.1600	-0.0052	0.0000
(109, 137)	true	3.3500	0.5736	0.0000	2.9300	0.6404	0.0000	-0.4200	-0.0668	0.0000
(109, 137)	false	3.4220	0.5706	0.0000	3.5920	0.5430	0.0000	-0.1700	-0.0277	0.0000
(109, 137)	false	3.6580	0.5246	0.0000	3.9200	0.5018	0.0000	-0.2620	-0.0228	0.0000
(109, 137)	false	3.3120	0.5935	0.0000	3.0400	0.6267	0.0000	0.2720	0.0332	0.0000
(109, 137)	true	3.7180	0.5250	0.0000	3.5080	0.5620	0.0000	-0.2100	-0.0370	0.0000
(109, 137)	false	3.1860	0.6173	0.0000	3.9160	0.4929	0.0000	-0.7300	-0.1244	0.0000
(109, 137)	true	3.7800	0.4903	0.0000	3.9180	0.4517	0.0000	0.1380	0.0386	0.0000
(109, 137)	false	3.7920	0.5355	0.0000	3.5420	0.5123	0.0000	0.2500	-0.0233	0.0000
(162, 174)	true	3.5420	0.5402	0.0000	3.7500	0.5608	0.0000	0.2080	-0.0206	0.0000
(162, 174)	true	3.5120	0.5433	0.0000	3.8500	0.5067	0.0000	0.3380	0.0366	0.0000
(162, 174)	false	3.3500	0.5736	0.0000	3.4200	0.5659	0.0000	-0.0700	-0.0077	0.0000
(162, 174)	true	3.4220	0.5706	0.0000	3.1960	0.6176	0.0000	-0.2260	-0.0469	0.0000
(162, 174)	false	3.6580	0.5246	0.0000	4.0060	0.5039	0.0000	-0.3480	-0.0207	0.0000
(162, 174)	true	3.3120	0.5935	0.0000	3.7180	0.5035	0.0000	0.4060	0.0900	0.0000
(162, 174)	true	3.7180	0.5250	0.0000	3.7420	0.5389	0.0000	0.0240	-0.0138	0.0000
(162, 174)	true	3.1860	0.6173	0.0000	3.4220	0.5899	0.0000	0.2360	0.0274	0.0000
(162, 174)	false	3.7800	0.4903	0.0000	3.6900	0.5145	0.0000	0.0900	0.0242	0.0000
(162, 174)	false	3.7920	0.5355	0.0000	3.5280	0.5292	0.0000	0.2640	-0.0063	0.0000
(112, 141)	true	3.5420	0.5402	0.0000	3.2520	0.6135	0.0000	-0.2900	-0.0733	0.0000
(112, 141)	true	3.5120	0.5433	0.0000	3.1940	0.6162	0.0000	-0.3180	-0.0729	0.0000
(112, 141)	false	3.3500	0.5736	0.0000	2.9000	0.6213	0.0000	0.4500	0.0477	0.0000
(112, 141)	false	3.4220	0.5706	0.0000	3.5160	0.5695	0.0000	-0.0940	-0.0011	0.0000
(112, 141)	false	3.6580	0.5246	0.0000	4.1020	0.5050	0.0000	-0.4440	-0.0197	0.0000
(112, 141)	true	3.3120	0.5935	0.0000	3.6280	0.5112	0.0000	0.3160	0.0824	0.0000
(112, 141)	false	3.7180	0.5250	0.0000	3.3800	0.5950	0.0000	0.3380	0.0700	0.0000
(112, 141)	true	3.1860	0.6173	0.0000	4.2520	0.4255	0.0000	1.0660	0.1918	0.0000
(112, 141)	false	3.7800	0.4903	0.0000	4.0620	0.4587	0.0000	-0.2820	-0.0316	0.0000
(112, 141)	false	3.7920	0.5355	0.0000	3.7060	0.4785	0.0000	0.0860	-0.0571	0.0000
(164, 174)	true	3.5420	0.5402	0.0000	3.7920	0.5360	0.0000	0.2500	0.0042	0.0000
(164, 174)	true	3.5120	0.5433	0.0000	3.7760	0.5511	0.0000	0.2640	-0.0078	0.0000
(164, 174)	false	3.3500	0.5736	0.0000	3.1660	0.6062	0.0000	0.1840	0.0326	0.0000
(164, 174)	false	3.4220	0.5706	0.0000	3.1920	0.6150	0.0000	0.2300	0.0443	0.0000
(164, 174)	false	3.6580	0.5246	0.0000	3.8920	0.5163	0.0000	-0.2340	-0.0083	0.0000
(164, 174)	true	3.3120	0.5935	0.0000	3.2920	0.5981	0.0000	-0.0200	-0.0046	0.0000
(164, 174)	true	3.7180	0.5250	0.0000	3.3520	0.5724	0.0000	-0.3660	-0.0473	0.0000
(164, 174)	false	3.1860	0.6173	0.0000	3.1120	0.6185	0.0000	0.0740	0.0012	0.0000
(164, 174)	true	3.7800	0.4903	0.0000	3.6480	0.4986	0.0000	-0.1320	-0.0083	0.0000
(164, 174)	false	3.7920	0.5355	0.0000	4.0260	0.4486	0.0000	-0.2340	-0.0870	0.0000
(104, 142)	true	3.5420	0.5402	0.0000	3.4580	0.5444	0.0000	-0.0840	-0.0042	0.0000
(104, 142)	true	3.5120	0.5433	0.0000	3.5220	0.5440	0.0000	0.0100	-0.0007	0.0000
(104, 142)	false	3.3500	0.5736	0.0000	3.1840	0.6165	0.0000	0.1660	0.0429	0.0000
(104, 142)	true	3.4220	0.5706	0.0000	3.4340	0.5835	0.0000	0.0120	-0.0129	0.0000
(104, 142)	false	3.6580	0.5246	0.0000	2.8800	0.6377	0.0000	0.7780	0.1131	0.0000
(104, 142)	false	3.3120	0.5935	0.0000	3.2360	0.6132	0.0000	0.0760	0.0197	0.0000
(104, 142)	true	3.7180	0.5250	0.0000	3.7720	0.5179	0.0000	0.0540	0.0071	0.0000
(104, 142)	true	3.1860	0.6173	0.0000	3.3480	0.5771	0.0000	0.1620	0.0402	0.0000
(104, 142)	false	3.7800	0.4903	0.0000	3.5580	0.5037	0.0000	0.2220	0.0134	0.0000
(104, 142)	false	3.7920	0.5355	0.0000	3.7820	0.5368	0.0000	0.0100	0.0013	0.0000
(103, 177)	false	3.5420	0.5402	0.0000	3.7500	0.5319	0.0000	-0.2080	-0.0082	0.0000
(103, 177)	false	3.5120	0.5433	0.0000	3.3940	0.5684	0.0000	0.1180	0.0251	0.0000
(103, 177)	true	3.3500	0.5736	0.0000	2.9020	0.6398	0.0000	-0.4480	-0.0662	0.0000
(103, 177)	false	3.4220	0.5706	0.0000	2.9760	0.6472	0.0000	0.4460	0.0765	0.0000
(103, 177)	false	3.6580	0.5246	0.0000	3.9880	0.5088	0.0000	-0.3300	-0.0159	0.0000
(103, 177)	false	3.3120	0.5935	0.0000	3.7060	0.4970	0.0000	-0.3940	-0.0965	0.0000
(103, 177)	false	3.7180	0.5250	0.0000	3.3820	0.5340	0.0000	0.3360	0.0090	0.0000
(103, 177)	false	3.1860	0.6173	0.0000	3.3220	0.5263	0.0000	-0.1360	-0.0910	0.0000
(103, 177)	false	3.7800	0.4903	0.0000	3.4380	0.5203	0.0000	0.3420	0.0300	0.0000
(103, 177)	false	3.7920	0.5355	0.0000	3.8920	0.4794	0.0000	-0.1000	-0.0562	0.0000
(129, 140)	false	3.5420	0.5402	0.0000	3.5540	0.5553	0.0000	-0.0120	0.0152	0.0000
(129, 140)	false	3.5120	0.5433	0.0000	3.5620	0.5489	0.0000	-0.0500	0.0056	0.0000
(129, 140)	false	3.3500	0.5736	0.0000	3.3140	0.5879	0.0000	0.0360	0.0143	0.0000
(129, 140)	false	3.4220	0.5706	0.0000	3.4200	0.5793	0.0000	0.0020	0.0086	0.0000
(129, 140)	false	3.6580	0.5246	0.0000	3.6640	0.5717	0.0000	-0.0060	0.0470	0.0000
(129, 140)	true	3.3120	0.5935	0.0000	3.6760	0.5260	0.0000	0.3640	0.0676	0.0000
(129, 140)	true	3.7180	0.5250	0.0000	3.5020	0.5756	0.0000	-0.2160	-0.0505	0.0000
(129, 140)	true	3.1860	0.6173	0.0000	3.4460	0.5735	0.0000	0.2600	0.0438	0.0000
(129, 140)	false	3.7800	0.4903	0.0000	3.8100	0.4917	0.0000	-0.0300	0.0014	0.0000
(129, 140)	false	3.7920	0.5355	0.0000	3.8940	0.4918	0.0000	-0.1020	-0.0438	0.0000
(121, 147)	false	3.5420	0.5402	0.0000	3.7240	0.5413	0.0000	-0.1820	0.0011	0.0000
(121, 147)	false	3.5120	0.5433	0.0000	3.7260	0.5483	0.0000	-0.2140	0.0050	0.0000
(121, 147)	true	3.3500	0.5736	0.0000	3.2540	0.5752	0.0000	-0.0960	-0.0016	0.0000
(121, 147)	false	3.4220	0.5706	0.0000	3.4660	0.5688	0.0000	-0.0440	-0.0018	0.0000
(121, 147)	true	3.6580	0.5246	0.0000	4.3280	0.4689	0.0000	0.6700	0.0557	0.0000
(121, 147)	false	3.3120	0.5935	0.0000	4.0400	0.4744	0.0000	-0.7280	-0.1191	0.0000
(121, 147)	false	3.7180	0.5250	0.0000	3.5180	0.5722	0.0000	0.2000	0.0472	0.0000
(121, 147)	false	3.1860	0.6173	0.0000	3.9080	0.5126	0.0000	-0.7220	-0.1047	0.0000
(121, 147)	false	3.7800	0.4903	0.0000	3.8800	0.4873	0.0000	-0.1000	-0.0030	0.0000
(121, 147)	false	3.7920	0.5355	0.0000	3.4800	0.5076	0.0000	0.3120	-0.0280	0.0000
(114, 168)	false	3.5420	0.5402	0.0000	3.5860	0.5770	0.0000	-0.0440	0.0369	0.0000
(114, 168)	false	3.5120	0.5433	0.0000	3.2860	0.6018	0.0000	0.2260	0.0585	0.0000
(114, 168)	false	3.3500	0.5736	0.0000	2.8000	0.6556	0.0000	0.5500	0.0820	0.0000
(114, 168)	true	3.4220	0.5706	0.0000	3.6700	0.5560	0.0000	0.2480	0.0146	0.0000
(114, 168)	false	3.6580	0.5246	0.0000	3.8140	0.5127	0.0000	-0.1560	-0.0120	0.0000
(114, 168)	true	3.3120	0.5935	0.0000	3.2860	0.5980	0.0000	-0.0260	-0.0044	0.0000
(114, 168)	false	3.7180	0.5250	0.0000	3.4940	0.5693	0.0000	0.2240	0.0442	0.0000
(114, 168)	false	3.1860	0.6173	0.0000	3.6380	0.5131	0.0000	-0.4520	-0.1042	0.0000
(114, 168)	false	3.7800	0.4903	0.0000	4.0040	0.4756	0.0000	-0.2240	-0.0147	0.0000
(114, 168)	false	3.7920	0.5355	0.0000	3.5560	0.5449	0.0000	0.2360	0.0094	0.0000
(120, 151)	false	3.5420	0.5402	0.0000	3.7280	0.5257	0.0000	-0.1860	-0.0145	0.0000
(120, 151)	false	3.5120	0.5433	0.0000	3.6340	0.5465	0.0000	-0.1220	0.0032	0.0000
(120, 151)	false	3.3500	0.5736	0.0000	3.0780	0.6312	0.0000	0.2720	0.0576	0.0000
(120, 151)	false	3.4220	0.5706	0.0000	3.5760	0.5746	0.0000	-0.1540	0.0040	0.0000
(120, 151)	false	3.6580	0.5246	0.0000	4.0100	0.5251	0.0000	-0.3520	0.0005	0.0000
(120, 151)	false	3.3120	0.5935	0.0000	3.3440	0.6027	0.0000	-0.0320	0.0091	0.0000
(120, 151)	true	3.7180	0.5250	0.0000	3.7600	0.5460	0.0000	0.0420	-0.0210	0.0000
(120, 151)	false	3.1860	0.6173	0.0000	3.2600	0.5834	0.0000	-0.0740	-0.0340	0.0000
(120, 151)	false	3.7800	0.4903	0.0000	3.9760	0.4793	0.0000	-0.1960	-0.0110	0.0000
(120, 151)	false	3.7920	0.5355	0.0000	3.4420	0.5063	0.0000	0.3500	-0.0292	0.0000
(112, 137)	true	3.5420	0.5402	0.0000	4.0680	0.4717	0.0000	0.5260	0.0685	0.0000
(112, 137)	true	3.5120	0.5433	0.0000	3.8680	0.5069	0.0000	0.3560	0.0364	0.0000
(112, 137)	false	3.3500	0.5736	0.0000	3.2940	0.5893	0.0000	0.0560	0.0157	0.0000
(112, 137)	false	3.4220	0.5706	0.0000	3.4360	0.5826	0.0000	-0.0140	0.0120	0.0000
(112, 137)	true	3.6580	0.5246	0.0000	4.1620	0.4696	0.0000	0.5040	0.0550	0.0000
(112, 137)	false	3.3120	0.5935	0.0000	3.5720	0.5598	0.0000	-0.2600	-0.0337	0.0000
(112, 137)	false	3.7180	0.5250	0.0000	3.3020	0.5935	0.0000	0.4160	0.0684	0.0000
(112, 137)	false	3.1860	0.6173	0.0000	3.0440	0.6345	0.0000	0.1420	0.0172	0.0000
(112, 137)	true	3.7800	0.4903	0.0000	4.1500	0.4320	0.0000	0.3700	0.0583	0.0000
(112, 137)	false	3.7920	0.5355	0.0000	3.7380	0.5094	0.0000	0.0540	-0.0261	0.0000
(116, 126)	true	3.5420	0.5402	0.0000	3.8320	0.5315	0.0000	0.2900	0.0087	0.0000
(116, 126)	true	3.5120	0.5433	0.0000	3.4940	0.5417	0.0000	-0.0180	0.0016	0.0000
(116, 126)	false	3.3500	0.5736	0.0000	3.0440	0.6153	0.0000	0.3060	0.0417	0.0000
(116, 126)	false	3.4220	0.5706	0.0000	3.5540	0.5619	0.0000	-0.1320	-0.0087	0.0000
(116, 126)	false	3.6580	0.5246	0.0000	3.9160	0.5324	0.0000	-0.2580	0.0077	0.0000
(116, 126)	true	3.3120	0.5935	0.0000	3.5460	0.5176	0.0000	0.2340	0.0760	0.0000
(116, 126)	false	3.7180	0.5250	0.0000	3.5480	0.5579	0.0000	0.1700	0.0329	0.0000
(116, 126)	false	3.1860	0.6173	0.0000	3.5680	0.5751	0.0000	-0.3820	-0.0422	0.0000
(116, 126)	false	3.7800	0.4903	0.0000	3.8180	0.4873	0.0000	-0.0380	-0.0031	0.0000
(116, 126)	false	3.7920	0.5355	0.0000	3.6100	0.5617	0.0000	0.1820	0.0261	0.0000
(103, 173)	false	3.5420	0.5402	0.0000	3.4340	0.5848	0.0000	0.1080	0.0446	0.0000
(103, 173)	false	3.5120	0.5433	0.0000	3.6420	0.5412	0.0000	-0.1300	-0.0021	0.0000
(103, 173)	true	3.3500	0.5736	0.0000	3.4140	0.5636	0.0000	0.0640	0.0101	0.0000
(103, 173)	false	3.4220	0.5706	0.0000	3.0100	0.6523	0.0000	0.4120	0.0816	0.0000
(103, 173)	false	3.6580	0.5246	0.0000	4.0960	0.4707	0.0000	-0.4380	-0.0539	0.0000
(103, 173)	false	3.3120	0.5935	0.0000	3.1160	0.6245	0.0000	0.1960	0.0310	0.0000
(103, 173)	false	3.7180	0.5250	0.0000	3.2240	0.5936	0.0000	0.4940	0.0686	0.0000
(103, 173)	true	3.1860	0.6173	0.0000	3.2980	0.5964	0.0000	0.1120	0.0209	0.0000
(103, 173)	false	3.7800	0.4903	0.0000	3.5420	0.5121	0.0000	0.2380	0.0218	0.0000
(103, 173)	false	3.7920	0.5355	0.0000	3.7440	0.5406	0.0000	0.0480	0.0051	0.0000
(133, 140)	false	3.5420	0.5402	0.0000	3.9700	0.5293	0.0000	-0.4280	-0.0109	0.0000
(133, 140)	false	3.5120	0.5433	0.0000	3.8520	0.5335	0.0000	-0.3400	-0.0098	0.0000
(133, 140)	true	3.3500	0.5736	0.0000	3.4120	0.5681	0.0000	0.0620	0.0055	0.0000
(133, 140)	false	3.4220	0.5706	0.0000	3.2280	0.5996	0.0000	0.1940	0.0289	0.0000
(133, 140)	false	3.6580	0.5246	0.0000	3.6240	0.5636	0.0000	0.0340	0.0390	0.0000
(133, 140)	true	3.3120	0.5935	0.0000	3.7120	0.5761	0.0000	0.4000	0.0174	0.0000
(133, 140)	false	3.7180	0.5250	0.0000	3.5060	0.5709	0.0000	0.2120	0.0459	0.0000
(133, 140)	false	3.1860	0.6173	0.0000	2.9260	0.6412	0.0000	0.2600	0.0238	0.0000
(133, 140)	false	3.7800	0.4903	0.0000	3.7180	0.5039	0.0000	0.0620	0.0136	0.0000
(133, 140)	false	3.7920	0.5355	0.0000	3.7200	0.5352	0.0000	0.0720	-0.0003	0.0000
(121, 148)	true	3.5420	0.5402	0.0000	3.4760	0.5484	0.0000	-0.0660	-0.0083	0.0000
(121, 148)	true	3.5120	0.5433	0.0000	3.5900	0.5350	0.0000	0.0780	0.0083	0.0000
(121, 148)	true	3.3500	0.5736	0.0000	3.0480	0.6194	0.0000	-0.3020	-0.0458	0.0000
(121, 148)	true	3.4220	0.5706	0.0000	3.6720	0.5627	0.0000	0.2500	0.0079	0.0000
(121, 148)	true	3.6580	0.5246	0.0000	3.6600	0.5129	0.0000	0.0020	0.0117	0.0000
(121, 148)	true	3.3120	0.5935	0.0000	3.6440	0.5028	0.0000	0.3320	0.0908	0.0000
(121, 148)	false	3.7180	0.5250	0.0000	3.6000	0.5495	0.0000	0.1180	0.0245	0.0000
(121, 148)	true	3.1860	0.6173	0.0000	4.0160	0.4662	0.0000	0.8300	0.1512	0.0000
(121, 148)	false	3.7800	0.4903	0.0000	3.7220	0.4904	0.0000	0.0580	0.0001	0.0000
(121, 148)	false	3.7920	0.5355	0.0000	3.6840	0.5242	0.0000	0.1080	-0.0114	0.0000
(107, 173)	true	3.5420	0.5402	0.0000	3.5860	0.5235	0.0000	0.0440	0.0167	0.0000
(107, 173)	true	3.5120	0.5433	0.0000	3.4560	0.5586	0.0000	-0.0560	-0.0153	0.0000
(107, 173)	false	3.3500	0.5736	0.0000	2.9300	0.6420	0.0000	0.4200	0.0684	0.0000
(107, 173)	false	3.4220	0.5706	0.0000	3.0040	0.6656	0.0000	0.4180	0.0949	0.0000
(107, 173)	true	3.6580	0.5246	0.0000	4.0920	0.4285	0.0000	0.4340	0.0961	0.0000
(107, 173)	true	3.3120	0.5935	0.0000	3.7960	0.5264	0.0000	0.4840	0.0672	0.0000
(107, 173)	false	3.7180	0.5250	0.0000	3.3460	0.5912	0.0000	0.3720	0.0662	0.0000
(107, 173)	false	3.1860	0.6173	0.0000	3.2120	0.6078	0.0000	-0.0260	-0.0095	0.0000
(107, 173)	false	3.7800	0.4903	0.0000	3.5200	0.5580	0.0000	0.2600	0.0677	0.0000
(107, 173)	false	3.7920	0.5355	0.0000	3.6800	0.5287	0.0000	0.1120	-0.0069	0.0000
(113, 126)	false	3.5420	0.5402	0.0000	3.5360	0.5688	0.0000	0.0060	0.0286	0.0000
(113, 126)	false	3.5120	0.5433	0.0000	3.7000	0.5665	0.0000	-0.1880	0.0232	0.0000
(113, 126)	false	3.3500	0.5736	0.0000	3.1040	0.6044	0.0000	0.2460	0.0308	0.0000
(113, 126)	true	3.4220	0.5706	0.0000	3.5340	0.5617	0.0000	0.1120	0.0090	0.0000
(113, 126)	false	3.6580	0.5246	0.0000	4.0900	0.5059	0.0000	-0.4320	-0.0187	0.0000
(113, 126)	false	3.3120	0.5935	0.0000	3.6120	0.5498	0.0000	-0.3000	-0.0437	0.0000
(113, 126)	false	3.7180	0.5250	0.0000	3.4640	0.5642	0.0000	0.2540	0.0391	0.0000
(113, 126)	true	3.1860	0.6173	0.0000	3.6560	0.5328	0.0000	0.4700	0.0845	0.0000
(113, 126)	true	3.7800	0.4903	0.0000	3.9460	0.4646	0.0000	0.1660	0.0257	0.0000
(113, 126)	false	3.7920	0.5355	0.0000	3.5300	0.5784	0.0000	0.2620	0.0428	0.0000
(97, 180)	false	3.5420	0.5402	0.0000	3.5480	0.5633	0.0000	-0.0060	0.0231	0.0000
(97, 180)	false	3.5120	0.5433	0.0000	3.6860	0.5227	0.0000	-0.1740	-0.0206	0.0000
(97, 180)	false	3.3500	0.5736	0.0000	3.1140	0.6156	0.0000	0.2360	0.0420	0.0000
(97, 180)	false	3.4220	0.5706	0.0000	3.2260	0.6201	0.0000	0.1960	0.0494	0.0000
(97, 180)	false	3.6580	0.5246	0.0000	3.5320	0.5436	0.0000	0.1260	0.0190	0.0000
(97, 180)	true	3.3120	0.5935	0.0000	3.2500	0.6045	0.0000	-0.0620	-0.0110	0.0000
(97, 180)	true	3.7180	0.5250	0.0000	3.3900	0.5722	0.0000	-0.3280	-0.0471	0.0000
(97, 180)	false	3.1860	0.6173	0.0000	3.6640	0.5386	0.0000	-0.4780	-0.0787	0.0000
(97, 180)	true	3.7800	0.4903	0.0000	3.8200	0.5055	0.0000	0.0400	-0.0151	0.0000
(97, 180)	false	3.7920	0.5355	0.0000	4.1780	0.4602	0.0000	-0.3860	-0.0754	0.0000
(161, 177)	false	3.5420	0.5402	0.0000	3.6180	0.5390	0.0000	-0.0760	-0.0012	0.0000
(161, 177)	false	3.5120	0.5433	0.0000	3.8580	0.4917	0.0000	-0.3460	-0.0516	0.0000
(161, 177)	true	3.3500	0.5736	0.0000	3.4000	0.5780	0.0000	0.0500	-0.0044	0.0000
(161, 177)	false	3.4220	0.5706	0.0000	3.4240	0.5916	0.0000	-0.0020	0.0209	0.0000
(161, 177)	true	3.6580	0.5246	0.0000	4.0800	0.4665	0.0000	0.4220	0.0581	0.0000
(161, 177)	true	3.3120	0.5935	0.0000	3.4320	0.6070	0.0000	0.1200	-0.0134	0.0000
(161, 177)	false	3.7180	0.5250	0.0000	3.5400	0.5665	0.0000	0.1780	0.0414	0.0000
(161, 177)	false	3.1860	0.6173	0.0000	3.4020	0.5905	0.0000	-0.2160	-0.0268	0.0000
(161, 177)	false	3.7800	0.4903	0.0000	3.8580	0.4906	0.0000	-0.0780	0.0003	0.0000
(161, 177)	false	3.7920	0.5355	0.0000	3.7660	0.5550	0.0000	0.0260	0.0195	0.0000
(96, 181)	false	3.5420	0.5402	0.0000	3.1900	0.6213	0.0000	0.3520	0.0811	0.0000
(96, 181)	false	3.5120	0.5433	0.0000	3.2500	0.6038	0.0000	0.2620	0.0605	0.0000
(96, 181)	false	3.3500	0.5736	0.0000	2.8540	0.6502	0.0000	0.4960	0.0766	0.0000
(96, 181)	false	3.4220	0.5706	0.0000	3.6520	0.5596	0.0000	-0.2300	-0.0110	0.0000
(96, 181)	false	3.6580	0.5246	0.0000	3.8780	0.5267	0.0000	-0.2200	0.0021	0.0000
(96, 181)	false	3.3120	0.5935	0.0000	3.6620	0.5292	0.0000	-0.3500	-0.0644	0.0000
(96, 181)	false	3.7180	0.5250	0.0000	3.2380	0.5928	0.0000	0.4800	0.0678	0.0000
(96, 181)	true	3.1860	0.6173	0.0000	4.0640	0.4732	0.0000	0.8780	0.1441	0.0000
(96, 181)	true	3.7800	0.4903	0.0000	3.8100	0.4883	0.0000	0.0300	0.0020	0.0000
(96, 181)	false	3.7920	0.5355	0.0000	4.2520	0.4155	0.0000	-0.4600	-0.1201	0.0000
(159, 178)	false	3.5420	0.5402	0.0000	3.4920	0.5395	0.0000	0.0500	-0.0007	0.0000
(159, 178)	false	3.5120	0.5433	0.0000	3.6180	0.5392	0.0000	-0.1060	-0.0041	0.0000
(159, 178)	false	3.3500	0.5736	0.0000	3.1580	0.6075	0.0000	0.1920	0.0339	0.0000
(159, 178)	false	3.4220	0.5706	0.0000	3.4160	0.5829	0.0000	0.0060	0.0122	0.0000
(159, 178)	false	3.6580	0.5246	0.0000	4.1000	0.4477	0.0000	-0.4420	-0.0769	0.0000
(159, 178)	false	3.3120	0.5935	0.0000	3.1500	0.6034	0.0000	0.1620	0.0099	0.0000
(159, 178)	false	3.7180	0.5250	0.0000	3.2100	0.6013	0.0000	0.5080	0.0762	0.0000
(159, 178)	false	3.1860	0.6173	0.0000	3.3740	0.5734	0.0000	-0.1880	-0.0439	0.0000
(159, 178)	false	3.7800	0.4903	0.0000	3.8220	0.5073	0.0000	-0.0420	0.0170	0.0000
(159, 178)	false	3.7920	0.5355	0.0000	3.4340	0.5022	0.0000	0.3580	-0.0334	0.0000
(109, 138)	true	3.5420	0.5402	0.0000	3.8040	0.5213	0.0000	0.2620	0.0188	0.0000
(109, 138)	true	3.5120	0.5433	0.0000	3.7840	0.5421	0.0000	0.2720	0.0012	0.0000
(109, 138)	false	3.3500	0.5736	0.0000	3.1560	0.6029	0.0000	0.1940	0.0293	0.0000
(109, 138)	false	3.4220	0.5706	0.0000	3.7180	0.5287	0.0000	-0.2960	-0.0419	0.0000
(109, 138)	true	3.6580	0.5246	0.0000	4.3360	0.4665	0.0000	0.6780	0.0582	0.0000
(109, 138)	false	3.3120	0.5935	0.0000	3.5980	0.5424	0.0000	-0.2860	-0.0511	0.0000
(109, 138)	true	3.7180	0.5250	0.0000	3.4980	0.5423	0.0000	-0.2200	-0.0172	0.0000
(109, 138)	false	3.1860	0.6173	0.0000	4.3480	0.4126	0.0000	-1.1620	-0.2047	0.0000
(109, 138)	true	3.7800	0.4903	0.0000	4.0820	0.4685	0.0000	0.3020	0.0218	0.0000
(109, 138)	false	3.7920	0.5355	0.0000	3.7520	0.4676	0.0000	0.0400	-0.0679	0.0000
(162, 175)	true	3.5420	0.5402	0.0000	3.4560	0.5775	0.0000	-0.0860	-0.0373	0.0000
(162, 175)	true	3.5120	0.5433	0.0000	3.6600	0.5562	0.0000	0.1480	-0.0129	0.0000
(162, 175)	false	3.3500	0.5736	0.0000	3.0620	0.6203	0.0000	0.2880	0.0467	0.0000
(162, 175)	false	3.4220	0.5706	0.0000	3.5640	0.5671	0.0000	-0.1420	-0.0035	0.0000
(162, 175)	false	3.6580	0.5246	0.0000	4.0200	0.4689	0.0000	-0.3620	-0.0557	0.0000
(162, 175)	false	3.3120	0.5935	0.0000	3.8200	0.4906	0.0000	-0.5080	-0.1029	0.0000
(162, 175)	false	3.7180	0.5250	0.0000	3.4520	0.5689	0.0000	0.2660	0.0439	0.0000
(162, 175)	false	3.1860	0.6173	0.0000	3.6140	0.5378	0.0000	-0.4280	-0.0795	0.0000
(162, 175)	false	3.7800	0.4903	0.0000	4.2660	0.4428	0.0000	-0.4860	-0.0475	0.0000
(162, 175)	false	3.7920	0.5355	0.0000	3.6160	0.5402	0.0000	0.1760	0.0047	0.0000
(116, 148)	false	3.5420	0.5402	0.0000	3.7300	0.5144	0.0000	-0.1880	-0.0258	0.0000
(116, 148)	false	3.5120	0.5433	0.0000	3.5980	0.5192	0.0000	-0.0860	-0.0241	0.0000
(116, 148)	false	3.3500	0.5736	0.0000	3.0360	0.6101	0.0000	0.3140	0.0365	0.0000
(116, 148)	false	3.4220	0.5706	0.0000	3.6820	0.5566	0.0000	-0.2600	-0.0141	0.0000
(116, 148)	true	3.6580	0.5246	0.0000	3.9000	0.5272	0.0000	0.2420	-0.0026	0.0000
(116, 148)	false	3.3120	0.5935	0.0000	3.2420	0.6053	0.0000	0.0700	0.0117	0.0000
(116, 148)	true	3.7180	0.5250	0.0000	3.3620	0.5800	0.0000	-0.3560	-0.0550	0.0000
(116, 148)	true	3.1860	0.6173	0.0000	3.1460	0.6175	0.0000	-0.0400	-0.0002	0.0000
(116, 148)	false	3.7800	0.4903	0.0000	4.2860	0.4356	0.0000	-0.5060	-0.0547	0.0000
(116, 148)	false	3.7920	0.5355	0.0000	3.7440	0.5269	0.0000	0.0480	-0.0087	0.0000
(130, 137)	false	3.5420	0.5402	0.0000	3.5420	0.5456	0.0000	0.0000	0.0054	0.0000
(130, 137)	false	3.5120	0.5433	0.0000	3.4800	0.5644	0.0000	0.0320	0.0211	0.0000
(130, 137)	true	3.3500	0.5736	0.0000	3.2200	0.5806	0.0000	-0.1300	-0.0070	0.0000
(130, 137)	false	3.4220	0.5706	0.0000	3.1620	0.6079	0.0000	0.2600	0.0372	0.0000
(130, 137)	false	3.6580	0.5246	0.0000	3.9340	0.5389	0.0000	-0.2760	0.0143	0.0000
(130, 137)	false	3.3120	0.5935	0.0000	3.5560	0.4710	0.0000	-0.2440	-0.1225	0.0000
(130, 137)	false	3.7180	0.5250	0.0000	3.5120	0.5792	0.0000	0.2060	0.0542	0.0000
(130, 137)	false	3.1860	0.6173	0.0000	3.8240	0.5205	0.0000	-0.6380	-0.0968	0.0000
(130, 137)	false	3.7800	0.4903	0.0000	3.6320	0.4884	0.0000	0.1480	-0.0019	0.0000
(130, 137)	false	3.7920	0.5355	0.0000	3.5600	0.5224	0.0000	0.2320	-0.0131	0.0000
(118, 164)	true	3.5420	0.5402	0.0000	4.1360	0.4498	0.0000	0.5940	0.0904	0.0000
(118, 164)	true	3.5120	0.5433	0.0000	4.0440	0.4492	0.0000	0.5320	0.0941	0.0000
(118, 164)	false	3.3500	0.5736	0.0000	3.1420	0.6076	0.0000	0.2080	0.0340	0.0000
(118, 164)	true	3.4220	0.5706	0.0000	3.3580	0.6075	0.0000	-0.0640	-0.0368	0.0000
(118, 164)	false	3.6580	0.5246	0.0000	4.1220	0.4959	0.0000	-0.4640	-0.0287	0.0000
(118, 164)	false	3.3120	0.5935	0.0000	3.4460	0.6072	0.0000	-0.1340	0.0137	0.0000
(118, 164)	false	3.7180	0.5250	0.0000	3.3020	0.5938	0.0000	0.4160	0.0687	0.0000
(118, 164)	true	3.1860	0.6173	0.0000	3.4220	0.5532	0.0000	0.2360	0.0641	0.0000
(118, 164)	true	3.7800	0.4903	0.0000	4.1980	0.3970	0.0000	0.4180	0.0933	0.0000
(118, 164)	false	3.7920	0.5355	0.0000	3.9900	0.4898	0.0000	-0.1980	-0.0458	0.0000
(120, 148)	false	3.5420	0.5402	0.0000	3.4680	0.5839	0.0000	0.0740	0.0437	0.0000
(120, 148)	false	3.5120	0.5433	0.0000	3.1660	0.6268	0.0000	0.3460	0.0835	0.0000
(120, 148)	false	3.3500	0.5736	0.0000	3.2040	0.6147	0.0000	0.1460	0.0411	0.0000
(120, 148)	false	3.4220	0.5706	0.0000	3.3500	0.5816	0.0000	0.0720	0.0110	0.0000
(120, 148)	false	3.6580	0.5246	0.0000	3.9280	0.5508	0.0000	-0.2700	0.0262	0.0000
(120, 148)	false	3.3120	0.5935	0.0000	3.2560	0.5988	0.0000	0.0560	0.0053	0.0000
(120, 148)	false	3.7180	0.5250	0.0000	3.6420	0.5541	0.0000	0.0760	0.0291	0.0000
(120, 148)	false	3.1860	0.6173	0.0000	3.3600	0.5571	0.0000	-0.1740	-0.0602	0.0000
(120, 148)	true	3.7800	0.4903	0.0000	3.8260	0.5027	0.0000	0.0460	-0.0124	0.0000
(120, 148)	false	3.7920	0.5355	0.0000	3.8840	0.5128	0.0000	-0.0920	-0.0228	0.0000
(108, 137)	false	3.5420	0.5402	0.0000	3.5040	0.5847	0.0000	0.0380	0.0445	0.0000
(108, 137)	false	3.5120	0.5433	0.0000	3.4360	0.5929	0.0000	0.0760	0.0496	0.0000
(108, 137)	false	3.3500	0.5736	0.0000	3.1880	0.6094	0.0000	0.1620	0.0358	0.0000
(108, 137)	false	3.4220	0.5706	0.0000	3.8260	0.5385	0.0000	-0.4040	-0.0321	0.0000
(108, 137)	true	3.6580	0.5246	0.0000	4.0900	0.5172	0.0000	0.4320	0.0074	0.0000
(108, 137)	false	3.3120	0.5935	0.0000	3.4740	0.5685	0.0000	-0.1620	-0.0250	0.0000
(108, 137)	false	3.7180	0.5250	0.0000	3.0780	0.6069	0.0000	0.6400	0.0819	0.0000
(108, 137)	false	3.1860	0.6173	0.0000	3.8440	0.5331	0.0000	-0.6580	-0.0842	0.0000
(108, 137)	false	3.7800	0.4903	0.0000	3.9280	0.4739	0.0000	-0.1480	-0.0164	0.0000
(108, 137)	false	3.7920	0.5355	0.0000	3.6280	0.5277	0.0000	0.1640	-0.0078	0.0000
(99, 180)	false	3.5420	0.5402	0.0000	3.0120	0.6337	0.0000	0.5300	0.0935	0.0000
(99, 180)	false	3.5120	0.5433	0.0000	3.2800	0.6018	0.0000	0.2320	0.0585	0.0000
(99, 180)	false	3.3500	0.5736	0.0000	3.2080	0.6051	0.0000	0.1420	0.0315	0.0000
(99, 180)	true	3.4220	0.5706	0.0000	3.7940	0.5433	0.0000	0.3720	0.0273	0.0000
(99, 180)	false	3.6580	0.5246	0.0000	3.9460	0.5025	0.0000	-0.2880	-0.0221	0.0000
(99, 180)	false	3.3120	0.5935	0.0000	3.6900	0.5070	0.0000	-0.3780	-0.0865	0.0000
(99, 180)	false	3.7180	0.5250	0.0000	3.3760	0.5632	0.0000	0.3420	0.0382	0.0000
(99, 180)	false	3.1860	0.6173	0.0000	3.6420	0.5069	0.0000	-0.4560	-0.1104	0.0000
(99, 180)	false	3.7800	0.4903	0.0000	3.6060	0.5037	0.0000	0.1740	0.0134	0.0000
(99, 180)	false	3.7920	0.5355	0.0000	4.0000	0.4963	0.0000	-0.2080	-0.0392	0.0000
(104, 112)	false	3.5420	0.5402	0.0000	3.4480	0.5922	0.0000	0.0940	0.0520	0.0000
(104, 112)	false	3.5120	0.5433	0.0000	3.4000	0.5493	0.0000	0.1120	0.0060	0.0000
(104, 112)	false	3.3500	0.5736	0.0000	2.9720	0.6223	0.0000	0.3780	0.0487	0.0000
(104, 112)	false	3.4220	0.5706	0.0000	3.3100	0.6000	0.0000	0.1120	0.0294	0.0000
(104, 112)	false	3.6580	0.5246	0.0000	3.6760	0.5377	0.0000	-0.0180	0.0131	0.0000
(104, 112)	false	3.3120	0.5935	0.0000	3.2300	0.6119	0.0000	0.0820	0.0183	0.0000
(104, 112)	false	3.7180	0.5250	0.0000	3.2200	0.6033	0.0000	0.4980	0.0783	0.0000
(104, 112)	false	3.1860	0.6173	0.0000	3.3120	0.5631	0.0000	-0.1260	-0.0542	0.0000
(104, 112)	true	3.7800	0.4903	0.0000	3.8960	0.4867	0.0000	0.1160	0.0036	0.0000
(104, 112)	false	3.7920	0.5355	0.0000	3.9920	0.4725	0.0000	-0.2000	-0.0630	0.0000
(149, 155)	false	3.5420	0.5402	0.0000	3.6960	0.5352	0.0000	-0.1540	-0.0050	0.0000
(149, 155)	false	3.5120	0.5433	0.0000	3.6260	0.5644	0.0000	-0.1140	0.0211	0.0000
(149, 155)	true	3.3500	0.5736	0.0000	3.2160	0.5800	0.0000	-0.1340	-0.0064	0.0000
(149, 155)	true	3.4220	0.5706	0.0000	3.4920	0.5664	0.0000	0.0700	0.0042	0.0000
(149, 155)	false	3.6580	0.5246	0.0000	3.9940	0.5211	0.0000	-0.3360	-0.0035	0.0000
(149, 155)	false	3.3120	0.5935	0.0000	3.5420	0.5416	0.0000	-0.2300	-0.0519	0.0000
(149, 155)	false	3.7180	0.5250	0.0000	3.6400	0.5621	0.0000	0.0780	0.0370	0.0000
(149, 155)	false	3.1860	0.6173	0.0000	3.6860	0.5199	0.0000	-0.5000	-0.0974	0.0000
(149, 155)	false	3.7800	0.4903	0.0000	3.9340	0.4789	0.0000	-0.1540	-0.0114	0.0000
(149, 155)	false	3.7920	0.5355	0.0000	3.5340	0.5459	0.0000	0.2580	0.0103	0.0000
(100, 162)	true	3.5420	0.5402	0.0000	3.2500	0.6006	0.0000	-0.2920	-0.0604	0.0000
(100, 162)	true	3.5120	0.5433	0.0000	3.2460	0.6095	0.0000	-0.2660	-0.0662	0.0000
(100, 162)	true	3.3500	0.5736	0.0000	3.1540	0.6093	0.0000	-0.1960	-0.0357	0.0000
(100, 162)	true	3.4220	0.5706	0.0000	3.4960	0.5754	0.0000	0.0740	-0.0047	0.0000
(100, 162)	false	3.6580	0.5246	0.0000	3.7140	0.5129	0.0000	-0.0560	-0.0117	0.0000
(100, 162)	true	3.3120	0.5935	0.0000	3.2340	0.6128	0.0000	-0.0780	-0.0193	0.0000
(100, 162)	false	3.7180	0.5250	0.0000	3.7980	0.5297	0.0000	-0.0800	0.0047	0.0000
(100, 162)	false	3.1860	0.6173	0.0000	2.8020	0.6580	0.0000	0.3840	0.0407	0.0000
(100, 162)	false	3.7800	0.4903	0.0000	3.8060	0.4999	0.0000	-0.0260	0.0096	0.0000
(100, 162)	false	3.7920	0.5355	0.0000	3.7220	0.5491	0.0000	0.0700	0.0135	0.0000
(158, 181)	true	3.5420	0.5402	0.0000	3.2880	0.6162	0.0000	-0.2540	-0.0760	0.0000
(158, 181)	true	3.5120	0.5433	0.0000	3.2180	0.6045	0.0000	-0.2940	-0.0612	0.0000
(158, 181)	true	3.3500	0.5736	0.0000	4.2800	0.3898	0.0000	0.9300	0.1838	0.0000
(158, 181)	true	3.4220	0.5706	0.0000	3.6980	0.5317	0.0000	0.2760	0.0389	0.0000
(158, 181)	false	3.6580	0.5246	0.0000	3.7040	0.4388	0.0000	-0.0460	-0.0858	0.0000
(158, 181)	false	3.3120	0.5935	0.0000	3.2820	0.6165	0.0000	0.0300	0.0230	0.0000
(158, 181)	false	3.7180	0.5250	0.0000	3.3820	0.5721	0.0000	0.3360	0.0470	0.0000
(158, 181)	true	3.1860	0.6173	0.0000	3.0620	0.6297	0.0000	-0.1240	-0.0124	0.0000
(158, 181)	false	3.7800	0.4903	0.0000	3.7720	0.4786	0.0000	0.0080	-0.0117	0.0000
(158, 181)	false	3.7920	0.5355	0.0000	3.5640	0.5462	0.0000	0.2280	0.0106	0.0000
(132, 140)	true	3.5420	0.5402	0.0000	3.2500	0.6001	0.0000	-0.2920	-0.0599	0.0000
(132, 140)	true	3.5120	0.5433	0.0000	3.5180	0.5810	0.0000	0.0060	-0.0377	0.0000
(132, 140)	false	3.3500	0.5736	0.0000	2.9800	0.6326	0.0000	0.3700	0.0590	0.0000
(132, 140)	false	3.4220	0.5706	0.0000	3.3700	0.5918	0.0000	0.0520	0.0212	0.0000
(132, 140)	false	3.6580	0.5246	0.0000	3.9320	0.5008	0.0000	-0.2740	-0.0238	0.0000
(132, 140)	true	3.3120	0.5935	0.0000	3.5040	0.5504	0.0000	0.1920	0.0431	0.0000
(132, 140)	false	3.7180	0.5250	0.0000	3.4140	0.5751	0.0000	0.3040	0.0500	0.0000
(132, 140)	false	3.1860	0.6173	0.0000	3.6700	0.5348	0.0000	-0.4840	-0.0825	0.0000
(132, 140)	false	3.7800	0.4903	0.0000	4.0080	0.4752	0.0000	-0.2280	-0.0152	0.0000
(132, 140)	false	3.7920	0.5355	0.0000	3.6540	0.5117	0.0000	0.1380	-0.0239	0.0000
(121, 144)	true	3.5420	0.5402	0.0000	3.8340	0.5261	0.0000	0.2920	0.0141	0.0000
(121, 144)	true	3.5120	0.5433	0.0000	3.8960	0.5176	0.0000	0.3840	0.0257	0.0000
(121, 144)	false	3.3500	0.5736	0.0000	3.1500	0.6094	0.0000	0.2000	0.0358	0.0000
(121, 144)	false	3.4220	0.5706	0.0000	3.3820	0.5783	0.0000	0.0400	0.0076	0.0000
(121, 144)	true	3.6580	0.5246	0.0000	3.7220	0.5169	0.0000	0.0640	0.0077	0.0000
(121, 144)	false	3.3120	0.5935	0.0000	3.1360	0.6123	0.0000	0.1760	0.0188	0.0000
(121, 144)	false	3.7180	0.5250	0.0000	3.3580	0.5801	0.0000	0.3600	0.0551	0.0000
(121, 144)	false	3.1860	0.6173	0.0000	3.3080	0.6139	0.0000	-0.1220	-0.0034	0.0000
(121, 144)	true	3.7800	0.4903	0.0000	4.0400	0.4657	0.0000	0.2600	0.0246	0.0000
(121, 144)	false	3.7920	0.5355	0.0000	3.7500	0.4855	0.0000	0.0420	-0.0500	0.0000
(161, 174)	false	3.5420	0.5402	0.0000	3.7320	0.5645	0.0000	-0.1900	0.0243	0.0000
(161, 174)	false	3.5120	0.5433	0.0000	3.4040	0.6025	0.0000	0.1080	0.0592	0.0000
(161, 174)	true	3.3500	0.5736	0.0000	3.0880	0.6269	0.0000	-0.2620	-0.0533	0.0000
(161, 174)	true	3.4220	0.5706	0.0000	3.5240	0.5773	0.0000	0.1020	-0.0066	0.0000
(161, 174)	false	3.6580	0.5246	0.0000	4.2000	0.4894	0.0000	-0.5420	-0.0352	0.0000
(161, 174)	false	3.3120	0.5935	0.0000	3.5440	0.5337	0.0000	-0.2320	-0.0598	0.0000
(161, 174)	false	3.7180	0.5250	0.0000	3.6040	0.5464	0.0000	0.1140	0.0214	0.0000
(161, 174)	true	3.1860	0.6173	0.0000	3.3120	0.5585	0.0000	0.1260	0.0588	0.0000
(161, 174)	false	3.7800	0.4903	0.0000	4.0440	0.4712	0.0000	-0.2640	-0.0191	0.0000
(161, 174)	false	3.7920	0.5355	0.0000	3.5920	0.5464	0.0000	0.2000	0.0109	0.0000
(99, 176)	false	3.5420	0.5402	0.0000	3.6660	0.5629	0.0000	-0.1240	0.0227	0.0000
(99, 176)	false	3.5120	0.5433	0.0000	3.4760	0.5668	0.0000	0.0360	0.0235	0.0000
(99, 176)	false	3.3500	0.5736	0.0000	3.3060	0.5831	0.0000	0.0440	0.0095	0.0000
(99, 176)	false	3.4220	0.5706	0.0000	3.1540	0.6190	0.0000	0.2680	0.0484	0.0000
(99, 176)	false	3.6580	0.5246	0.0000	4.1880	0.4780	0.0000	-0.5300	-0.0466	0.0000
(99, 176)	false	3.3120	0.5935	0.0000	3.8780	0.5115	0.0000	-0.5660	-0.0820	0.0000
(99, 176)	true	3.7180	0.5250	0.0000	3.6440	0.5638	0.0000	-0.0740	-0.0388	0.0000
(99, 176)	true	3.1860	0.6173	0.0000	3.2780	0.5775	0.0000	0.0920	0.0398	0.0000
(99, 176)	false	3.7800	0.4903	0.0000	3.5900	0.5272	0.0000	0.1900	0.0368	0.0000
(99, 176)	false	3.7920	0.5355	0.0000	3.6240	0.5519	0.0000	0.1680	0.0164	0.0000
(100, 161)	false	3.5420	0.5402	0.0000	3.3700	0.5929	0.0000	0.1720	0.0528	0.0000
(100, 161)	false	3.5120	0.5433	0.0000	3.4560	0.5906	0.0000	0.0560	0.0473	0.0000
(100, 161)	false	3.3500	0.5736	0.0000	3.1520	0.6131	0.0000	0.1980	0.0395	0.0000
(100, 161)	false	3.4220	0.5706	0.0000	3.6120	0.5632	0.0000	-0.1900	-0.0074	0.0000
(100, 161)	false	3.6580	0.5246	0.0000	3.7460	0.5068	0.0000	-0.0880	-0.0178	0.0000
(100, 161)	false	3.3120	0.5935	0.0000	3.4120	0.5435	0.0000	-0.1000	-0.0500	0.0000
(100, 161)	false	3.7180	0.5250	0.0000	3.6700	0.5440	0.0000	0.0480	0.0190	0.0000
(100, 161)	false	3.1860	0.6173	0.0000	2.9460	0.6405	0.0000	0.2400	0.0232	0.0000
(100, 161)	true	3.7800	0.4903	0.0000	3.9880	0.4776	0.0000	0.2080	0.0127	0.0000
(100, 161)	false	3.7920	0.5355	0.0000	4.1380	0.4818	0.0000	-0.3460	-0.0537	0.0000
(105, 138)	false	3.5420	0.5402	0.0000	3.7200	0.5445	0.0000	-0.1780	0.0043	0.0000
(105, 138)	false	3.5120	0.5433	0.0000	3.5660	0.5487	0.0000	-0.0540	0.0054	0.0000
(105, 138)	true	3.3500	0.5736	0.0000	3.1380	0.5959	0.0000	-0.2120	-0.0223	0.0000
(105, 138)	false	3.4220	0.5706	0.0000	3.3140	0.6062	0.0000	0.1080	0.0355	0.0000
(105, 138)	false	3.6580	0.5246	0.0000	3.2300	0.6127	0.0000	0.4280	0.0881	0.0000
(105, 138)	false	3.3120	0.5935	0.0000	3.5540	0.5541	0.0000	-0.2420	-0.0394	0.0000
(105, 138)	true	3.7180	0.5250	0.0000	3.4820	0.5733	0.0000	-0.2360	-0.0483	0.0000
(105, 138)	false	3.1860	0.6173	0.0000	4.3040	0.4029	0.0000	-1.1180	-0.2144	0.0000
(105, 138)	false	3.7800	0.4903	0.0000	3.4000	0.5628	0.0000	0.3800	0.0725	0.0000
(105, 138)	false	3.7920	0.5355	0.0000	3.5980	0.5354	0.0000	0.1940	-0.0001	0.0000
