(1, 22)	false	3.8060	0.3606	0.4989	3.5880	0.3684	0.5011	0.2180	0.0079	0.0022
(1, 22)	false	3.6400	0.3793	0.4472	3.6360	0.3432	0.4112	0.0040	-0.0361	-0.0360
(1, 22)	false	3.5400	0.3883	0.4382	2.8920	0.5117	0.4831	0.6480	0.1234	0.0449
(1, 22)	true	3.1240	0.4535	0.5079	3.2040	0.4485	0.5034	0.0800	0.0050	0.0045
(1, 22)	false	3.3320	0.3787	0.5618	3.4860	0.4161	0.5348	-0.1540	0.0374	-0.0270
(1, 22)	false	3.6120	0.4403	0.5348	3.7940	0.3972	0.5303	-0.1820	-0.0431	-0.0045
(1, 22)	false	3.2080	0.5000	0.4067	2.8300	0.5442	0.4989	0.3780	0.0442	0.0921
(1, 22)	false	2.8940	0.4746	0.4584	3.0320	0.4700	0.5169	-0.1380	-0.0046	0.0584
(1, 22)	false	3.4920	0.4405	0.6067	3.5380	0.4425	0.6360	-0.0460	0.0020	0.0292
(1, 22)	true	3.5480	0.4613	0.5843	3.2060	0.3369	0.5011	-0.3420	0.1243	0.0831
(7, 55)	false	3.8060	0.3606	0.4989	3.6340	0.3800	0.4562	0.1720	0.0195	-0.0427
(7, 55)	false	3.6400	0.3793	0.4472	3.8920	0.3542	0.4315	-0.2520	-0.0250	-0.0157
(7, 55)	false	3.5400	0.3883	0.4382	3.1480	0.4533	0.4764	0.3920	0.0650	0.0382
(7, 55)	false	3.1240	0.4535	0.5079	3.5300	0.4367	0.5079	-0.4060	-0.0169	0.0000
(7, 55)	true	3.3320	0.3787	0.5618	3.1600	0.4163	0.5371	-0.1720	-0.0376	0.0247
(7, 55)	false	3.6120	0.4403	0.5348	3.8040	0.4097	0.5101	-0.1920	-0.0307	-0.0247
(7, 55)	false	3.2080	0.5000	0.4067	3.4420	0.4206	0.4045	-0.2340	-0.0794	-0.0022
(7, 55)	true	2.8940	0.4746	0.4584	3.0520	0.4867	0.5303	0.1580	-0.0121	-0.0719
(7, 55)	false	3.4920	0.4405	0.6067	3.6880	0.4331	0.5551	-0.1960	-0.0073	-0.0517
(7, 55)	true	3.5480	0.4613	0.5843	3.6240	0.3895	0.5281	0.0760	0.0718	0.0562
(3, 52)	false	3.8060	0.3606	0.4989	3.4140	0.4296	0.5011	0.3920	0.0691	0.0022
(3, 52)	false	3.6400	0.3793	0.4472	3.4900	0.3590	0.4809	0.1500	-0.0203	0.0337
(3, 52)	false	3.5400	0.3883	0.4382	3.9940	0.3509	0.4584	-0.4540	-0.0374	0.0202
(3, 52)	false	3.1240	0.4535	0.5079	3.0640	0.4877	0.5820	0.0600	0.0342	0.0742
(3, 52)	false	3.3320	0.3787	0.5618	3.4780	0.3637	0.5258	-0.1460	-0.0150	-0.0360
(3, 52)	true	3.6120	0.4403	0.5348	3.5760	0.4211	0.5101	-0.0360	0.0193	0.0247
(3, 52)	false	3.2080	0.5000	0.4067	3.0060	0.4658	0.4517	0.2020	-0.0342	0.0449
(3, 52)	false	2.8940	0.4746	0.4584	3.2200	0.4652	0.5258	-0.3260	-0.0093	0.0674
(3, 52)	true	3.4920	0.4405	0.6067	3.8440	0.3786	0.5258	0.3520	0.0618	0.0809
(3, 52)	true	3.5480	0.4613	0.5843	3.4720	0.4032	0.5236	-0.0760	0.0581	0.0607
(6, 52)	false	3.8060	0.3606	0.4989	3.7200	0.4006	0.4562	0.0860	0.0400	-0.0427
(6, 52)	false	3.6400	0.3793	0.4472	3.6000	0.3753	0.4472	0.0400	-0.0039	0.0000
(6, 52)	true	3.5400	0.3883	0.4382	3.1380	0.4358	0.5034	-0.4020	-0.0475	-0.0652
(6, 52)	false	3.1240	0.4535	0.5079	3.4260	0.4529	0.5596	-0.3020	-0.0007	0.0517
(6, 52)	false	3.3320	0.3787	0.5618	3.3380	0.4013	0.5348	-0.0060	0.0226	-0.0270
(6, 52)	true	3.6120	0.4403	0.5348	3.4740	0.4266	0.5596	-0.1380	0.0138	-0.0247
(6, 52)	true	3.2080	0.5000	0.4067	3.3260	0.4768	0.4404	0.1180	0.0233	-0.0337
(6, 52)	false	2.8940	0.4746	0.4584	3.1380	0.4728	0.4831	-0.2440	-0.0018	0.0247
(6, 52)	false	3.4920	0.4405	0.6067	3.6480	0.4554	0.6022	-0.1560	0.0150	-0.0045
(6, 52)	true	3.5480	0.4613	0.5843	3.3880	0.3861	0.5843	-0.1600	0.0752	0.0000
(4, 15)	false	3.8060	0.3606	0.4989	3.5660	0.3515	0.4742	0.2400	-0.0090	-0.0247
(4, 15)	false	3.6400	0.3793	0.4472	3.7680	0.3469	0.4449	-0.1280	-0.0324	-0.0022
(4, 15)	false	3.5400	0.3883	0.4382	3.4420	0.3467	0.4809	0.0980	-0.0416	0.0427
(4, 15)	true	3.1240	0.4535	0.5079	3.3180	0.4522	0.4854	0.1940	0.0014	0.0225
(4, 15)	false	3.3320	0.3787	0.5618	3.6320	0.3313	0.5124	-0.3000	-0.0474	-0.0494
(4, 15)	false	3.6120	0.4403	0.5348	3.5320	0.4364	0.5326	0.0800	-0.0039	-0.0022
(4, 15)	false	3.2080	0.5000	0.4067	3.5100	0.4146	0.3910	-0.3020	-0.0854	-0.0157
(4, 15)	true	2.8940	0.4746	0.4584	3.0140	0.5280	0.5303	0.1200	-0.0534	-0.0719
(4, 15)	false	3.4920	0.4405	0.6067	3.6180	0.4005	0.5865	-0.1260	-0.0399	-0.0202
(4, 15)	true	3.5480	0.4613	0.5843	3.4600	0.4332	0.5640	-0.0880	0.0281	0.0202
(45, 53)	false	3.8060	0.3606	0.4989	3.5760	0.3408	0.4315	0.2300	-0.0197	-0.0674
(45, 53)	false	3.6400	0.3793	0.4472	3.6340	0.3587	0.4472	0.0060	-0.0206	0.0000
(45, 53)	false	3.5400	0.3883	0.4382	2.8820	0.5537	0.5506	0.6580	0.1654	0.1124
(45, 53)	false	3.1240	0.4535	0.5079	3.3600	0.4573	0.4831	-0.2360	0.0037	-0.0247
(45, 53)	false	3.3320	0.3787	0.5618	3.5040	0.3596	0.5056	-0.1720	-0.0191	-0.0562
(45, 53)	false	3.6120	0.4403	0.5348	3.4560	0.4297	0.5348	0.1560	-0.0106	0.0000
(45, 53)	false	3.2080	0.5000	0.4067	3.4840	0.4309	0.4180	-0.2760	-0.0692	0.0112
(45, 53)	true	2.8940	0.4746	0.4584	3.5300	0.4477	0.4472	0.6360	0.0269	0.0112
(45, 53)	false	3.4920	0.4405	0.6067	3.3820	0.4423	0.5596	0.1100	0.0019	-0.0472
(45, 53)	true	3.5480	0.4613	0.5843	3.4700	0.3882	0.5393	-0.0780	0.0731	0.0449
(43, 55)	false	3.8060	0.3606	0.4989	3.5460	0.3895	0.4809	0.2600	0.0289	-0.0180
(43, 55)	false	3.6400	0.3793	0.4472	3.8980	0.3684	0.4697	-0.2580	-0.0109	0.0225
(43, 55)	false	3.5400	0.3883	0.4382	3.2660	0.4406	0.4742	0.2740	0.0523	0.0360
(43, 55)	true	3.1240	0.4535	0.5079	3.2980	0.4468	0.4809	0.1740	0.0068	0.0270
(43, 55)	false	3.3320	0.3787	0.5618	3.4220	0.3876	0.5393	-0.0900	0.0090	-0.0225
(43, 55)	false	3.6120	0.4403	0.5348	3.6300	0.4400	0.5775	-0.0180	-0.0003	0.0427
(43, 55)	false	3.2080	0.5000	0.4067	3.5360	0.4201	0.4652	-0.3280	-0.0800	0.0584
(43, 55)	false	2.8940	0.4746	0.4584	3.0840	0.4850	0.4854	-0.1900	0.0104	0.0270
(43, 55)	false	3.4920	0.4405	0.6067	3.7920	0.4085	0.5663	-0.3000	-0.0320	-0.0404
(43, 55)	true	3.5480	0.4613	0.5843	3.4060	0.4220	0.5910	-0.1420	0.0392	-0.0067
(6, 14)	false	3.8060	0.3606	0.4989	3.5700	0.3616	0.4831	0.2360	0.0010	-0.0157
(6, 14)	false	3.6400	0.3793	0.4472	3.8380	0.3629	0.4337	-0.1980	-0.0164	-0.0135
(6, 14)	false	3.5400	0.3883	0.4382	3.3920	0.4015	0.4876	0.1480	0.0132	0.0494
(6, 14)	false	3.1240	0.4535	0.5079	3.3680	0.4391	0.5146	-0.2440	-0.0145	0.0067
(6, 14)	false	3.3320	0.3787	0.5618	3.2320	0.4144	0.5708	0.1000	0.0357	0.0090
(6, 14)	false	3.6120	0.4403	0.5348	3.8600	0.4279	0.5303	-0.2480	-0.0124	-0.0045
(6, 14)	false	3.2080	0.5000	0.4067	3.1980	0.4994	0.4000	0.0100	-0.0007	-0.0067
(6, 14)	false	2.8940	0.4746	0.4584	3.3080	0.4451	0.4831	-0.4140	-0.0295	0.0247
(6, 14)	false	3.4920	0.4405	0.6067	3.5020	0.4519	0.5685	-0.0100	0.0114	-0.0382
(6, 14)	true	3.5480	0.4613	0.5843	3.3900	0.3654	0.5169	-0.1580	0.0959	0.0674
(6, 54)	true	3.8060	0.3606	0.4989	3.5820	0.3719	0.4270	-0.2240	-0.0113	0.0719
(6, 54)	true	3.6400	0.3793	0.4472	3.8540	0.3481	0.4225	0.2140	0.0312	0.0247
(6, 54)	true	3.5400	0.3883	0.4382	3.6100	0.3619	0.4337	0.0700	0.0264	0.0045
(6, 54)	false	3.1240	0.4535	0.5079	2.9720	0.4674	0.5191	0.1520	0.0139	0.0112
(6, 54)	true	3.3320	0.3787	0.5618	3.4700	0.3793	0.5348	0.1380	-0.0006	0.0270
(6, 54)	false	3.6120	0.4403	0.5348	3.2120	0.3987	0.4876	0.4000	-0.0416	-0.0472
(6, 54)	false	3.2080	0.5000	0.4067	3.0960	0.4959	0.4719	0.1120	-0.0041	0.0652
(6, 54)	true	2.8940	0.4746	0.4584	3.2620	0.4838	0.5124	0.3680	-0.0092	-0.0539
(6, 54)	true	3.4920	0.4405	0.6067	3.3800	0.4771	0.6157	-0.1120	-0.0366	-0.0090
(6, 54)	true	3.5480	0.4613	0.5843	3.6300	0.4327	0.5596	0.0820	0.0286	0.0247
(9, 56)	false	3.8060	0.3606	0.4989	3.4840	0.3851	0.4719	0.3220	0.0245	-0.0270
(9, 56)	false	3.6400	0.3793	0.4472	3.6100	0.3634	0.4742	0.0300	-0.0159	0.0270
(9, 56)	false	3.5400	0.3883	0.4382	3.1680	0.4444	0.5146	0.3720	0.0561	0.0764
(9, 56)	false	3.1240	0.4535	0.5079	3.1880	0.4638	0.4944	-0.0640	0.0103	-0.0135
(9, 56)	true	3.3320	0.3787	0.5618	3.2820	0.3970	0.5191	-0.0500	-0.0183	0.0427
(9, 56)	true	3.6120	0.4403	0.5348	3.6600	0.4015	0.4787	0.0480	0.0388	0.0562
(9, 56)	false	3.2080	0.5000	0.4067	3.6740	0.3558	0.3775	-0.4660	-0.1442	-0.0292
(9, 56)	true	2.8940	0.4746	0.4584	3.0480	0.4932	0.4944	0.1540	-0.0186	-0.0360
(9, 56)	false	3.4920	0.4405	0.6067	3.7380	0.4054	0.5438	-0.2460	-0.0351	-0.0629
(9, 56)	true	3.5480	0.4613	0.5843	3.7040	0.3847	0.5281	0.1560	0.0765	0.0562
(44, 54)	false	3.8060	0.3606	0.4989	3.7120	0.3850	0.4539	0.0940	0.0244	-0.0449
(44, 54)	false	3.6400	0.3793	0.4472	3.7880	0.3412	0.4292	-0.1480	-0.0380	-0.0180
(44, 54)	false	3.5400	0.3883	0.4382	3.2700	0.4237	0.3865	0.2700	0.0354	-0.0517
(44, 54)	false	3.1240	0.4535	0.5079	3.1700	0.4579	0.5079	-0.0460	0.0044	0.0000
(44, 54)	false	3.3320	0.3787	0.5618	3.4220	0.3641	0.5079	-0.0900	-0.0146	-0.0539
(44, 54)	true	3.6120	0.4403	0.5348	3.5340	0.4301	0.4607	-0.0780	0.0103	0.0742
(44, 54)	false	3.2080	0.5000	0.4067	3.3720	0.4282	0.4360	-0.1640	-0.0718	0.0292
(44, 54)	false	2.8940	0.4746	0.4584	3.4500	0.4408	0.4899	-0.5560	-0.0338	0.0315
(44, 54)	true	3.4920	0.4405	0.6067	3.4960	0.4102	0.5596	0.0040	0.0302	0.0472
(44, 54)	true	3.5480	0.4613	0.5843	3.2440	0.3976	0.5169	-0.3040	0.0636	0.0674
(20, 26)	false	3.8060	0.3606	0.4989	3.5520	0.3923	0.4899	0.2540	0.0318	-0.0090
(20, 26)	false	3.6400	0.3793	0.4472	3.7880	0.3548	0.4247	-0.1480	-0.0244	-0.0225
(20, 26)	false	3.5400	0.3883	0.4382	2.9740	0.5147	0.4966	0.5660	0.1264	0.0584
(20, 26)	true	3.1240	0.4535	0.5079	3.1320	0.4733	0.4966	0.0080	-0.0197	0.0112
(20, 26)	false	3.3320	0.3787	0.5618	3.2860	0.4253	0.5551	0.0460	0.0466	-0.0067
(20, 26)	true	3.6120	0.4403	0.5348	3.8760	0.3604	0.4629	0.2640	0.0800	0.0719
(20, 26)	true	3.2080	0.5000	0.4067	3.6100	0.3633	0.3663	0.4020	0.1368	0.0404
(20, 26)	false	2.8940	0.4746	0.4584	2.8780	0.5304	0.5056	0.0160	0.0559	0.0472
(20, 26)	false	3.4920	0.4405	0.6067	3.7380	0.4490	0.5798	-0.2460	0.0085	-0.0270
(20, 26)	true	3.5480	0.4613	0.5843	3.7180	0.3995	0.5708	0.1700	0.0618	0.0135
(45, 52)	false	3.8060	0.3606	0.4989	3.6700	0.4017	0.5101	0.1360	0.0411	0.0112
(45, 52)	false	3.6400	0.3793	0.4472	3.7620	0.3556	0.4517	-0.1220	-0.0237	0.0045
(45, 52)	true	3.5400	0.3883	0.4382	3.3000	0.4629	0.5011	-0.2400	-0.0746	-0.0629
(45, 52)	false	3.1240	0.4535	0.5079	3.1880	0.4737	0.5416	-0.0640	0.0202	0.0337
(45, 52)	false	3.3320	0.3787	0.5618	3.3660	0.3746	0.5461	-0.0340	-0.0041	-0.0157
(45, 52)	false	3.6120	0.4403	0.5348	3.4700	0.4205	0.5236	0.1420	-0.0198	-0.0112
(45, 52)	false	3.2080	0.5000	0.4067	3.5380	0.3736	0.4135	-0.3300	-0.1264	0.0067
(45, 52)	false	2.8940	0.4746	0.4584	3.2360	0.4591	0.5281	-0.3420	-0.0154	0.0697
(45, 52)	false	3.4920	0.4405	0.6067	3.6780	0.3957	0.5843	-0.1860	-0.0447	-0.0225
(45, 52)	true	3.5480	0.4613	0.5843	3.6500	0.4226	0.5843	0.1020	0.0387	0.0000
(44, 52)	false	3.8060	0.3606	0.4989	3.6280	0.3715	0.4697	0.1780	0.0110	-0.0292
(44, 52)	false	3.6400	0.3793	0.4472	3.5940	0.3702	0.4764	0.0460	-0.0091	0.0292
(44, 52)	false	3.5400	0.3883	0.4382	3.2080	0.4182	0.4315	0.3320	0.0299	-0.0067
(44, 52)	false	3.1240	0.4535	0.5079	3.0860	0.4820	0.5079	0.0380	0.0284	0.0000
(44, 52)	false	3.3320	0.3787	0.5618	3.2980	0.4067	0.5483	0.0340	0.0280	-0.0135
(44, 52)	false	3.6120	0.4403	0.5348	3.8040	0.4196	0.5618	-0.1920	-0.0207	0.0270
(44, 52)	false	3.2080	0.5000	0.4067	3.3120	0.4379	0.4427	-0.1040	-0.0622	0.0360
(44, 52)	true	2.8940	0.4746	0.4584	3.0060	0.5113	0.5191	0.1120	-0.0367	-0.0607
(44, 52)	false	3.4920	0.4405	0.6067	3.7040	0.4024	0.5438	-0.2120	-0.0380	-0.0629
(44, 52)	true	3.5480	0.4613	0.5843	3.6600	0.4451	0.6180	0.1120	0.0162	-0.0337
(5, 54)	false	3.8060	0.3606	0.4989	3.5100	0.3953	0.4921	0.2960	0.0347	-0.0067
(5, 54)	false	3.6400	0.3793	0.4472	3.6560	0.3290	0.4270	-0.0160	-0.0503	-0.0202
(5, 54)	false	3.5400	0.3883	0.4382	3.0020	0.4295	0.4449	0.5380	0.0412	0.0067
(5, 54)	false	3.1240	0.4535	0.5079	3.3160	0.4568	0.4854	-0.1920	0.0033	-0.0225
(5, 54)	true	3.3320	0.3787	0.5618	3.9000	0.3536	0.4674	0.5680	0.0251	0.0944
(5, 54)	false	3.6120	0.4403	0.5348	3.5540	0.3831	0.4921	0.0580	-0.0572	-0.0427
(5, 54)	false	3.2080	0.5000	0.4067	3.1620	0.4453	0.5056	0.0460	-0.0547	0.0989
(5, 54)	true	2.8940	0.4746	0.4584	3.2160	0.4287	0.4966	0.3220	0.0458	-0.0382
(5, 54)	false	3.4920	0.4405	0.6067	3.3060	0.4974	0.6270	0.1860	0.0569	0.0202
(5, 54)	true	3.5480	0.4613	0.5843	3.6520	0.4273	0.5326	0.1040	0.0340	0.0517
(2, 18)	false	3.8060	0.3606	0.4989	3.5760	0.3344	0.4247	0.2300	-0.0261	-0.0742
(2, 18)	false	3.6400	0.3793	0.4472	3.7120	0.3538	0.4539	-0.0720	-0.0255	0.0067
(2, 18)	false	3.5400	0.3883	0.4382	3.1420	0.5037	0.5169	0.3980	0.1153	0.0787
(2, 18)	true	3.1240	0.4535	0.5079	3.2120	0.4577	0.5281	0.0880	-0.0042	-0.0202
(2, 18)	false	3.3320	0.3787	0.5618	3.3760	0.3994	0.5483	-0.0440	0.0207	-0.0135
(2, 18)	true	3.6120	0.4403	0.5348	3.7480	0.3948	0.4809	0.1360	0.0456	0.0539
(2, 18)	false	3.2080	0.5000	0.4067	3.4460	0.3786	0.3888	-0.2380	-0.1215	-0.0180
(2, 18)	false	2.8940	0.4746	0.4584	2.8620	0.5130	0.5281	0.0320	0.0384	0.0697
(2, 18)	false	3.4920	0.4405	0.6067	3.3480	0.4698	0.6270	0.1440	0.0294	0.0202
(2, 18)	true	3.5480	0.4613	0.5843	3.7900	0.4469	0.5865	0.2420	0.0143	-0.0022
(42, 53)	false	3.8060	0.3606	0.4989	3.6100	0.3992	0.5146	0.1960	0.0386	0.0157
(42, 53)	false	3.6400	0.3793	0.4472	3.7080	0.3380	0.4360	-0.0680	-0.0413	-0.0112
(42, 53)	false	3.5400	0.3883	0.4382	3.4800	0.3604	0.4225	0.0600	-0.0279	-0.0157
(42, 53)	false	3.1240	0.4535	0.5079	3.2040	0.4657	0.5011	-0.0800	0.0121	-0.0067
(42, 53)	false	3.3320	0.3787	0.5618	2.9720	0.4076	0.5618	0.3600	0.0289	0.0000
(42, 53)	false	3.6120	0.4403	0.5348	3.6840	0.4287	0.5213	-0.0720	-0.0117	-0.0135
(42, 53)	false	3.2080	0.5000	0.4067	3.4620	0.4195	0.4607	-0.2540	-0.0806	0.0539
(42, 53)	false	2.8940	0.4746	0.4584	3.2980	0.4822	0.5011	-0.4040	0.0076	0.0427
(42, 53)	false	3.4920	0.4405	0.6067	3.7380	0.4502	0.6000	-0.2460	0.0097	-0.0067
(42, 53)	true	3.5480	0.4613	0.5843	3.3620	0.4237	0.5685	-0.1860	0.0376	0.0157
(44, 53)	true	3.8060	0.3606	0.4989	3.5700	0.3631	0.4494	-0.2360	-0.0025	0.0494
(44, 53)	true	3.6400	0.3793	0.4472	3.7900	0.3807	0.4202	0.1500	-0.0014	0.0270
(44, 53)	true	3.5400	0.3883	0.4382	3.0100	0.5175	0.5146	-0.5300	-0.1292	-0.0764
(44, 53)	false	3.1240	0.4535	0.5079	3.1960	0.4646	0.5236	-0.0720	0.0111	0.0157
(44, 53)	false	3.3320	0.3787	0.5618	3.1280	0.3847	0.5011	0.2040	0.0061	-0.0607
(44, 53)	false	3.6120	0.4403	0.5348	3.5780	0.4215	0.5348	0.0340	-0.0188	0.0000
(44, 53)	false	3.2080	0.5000	0.4067	3.3520	0.4334	0.4494	-0.1440	-0.0667	0.0427
(44, 53)	false	2.8940	0.4746	0.4584	3.0460	0.4807	0.4989	-0.1520	0.0061	0.0404
(44, 53)	false	3.4920	0.4405	0.6067	3.5100	0.4662	0.6247	-0.0180	0.0257	0.0180
(44, 53)	true	3.5480	0.4613	0.5843	3.6700	0.4206	0.5820	0.1220	0.0407	0.0022
(9, 54)	true	3.8060	0.3606	0.4989	3.6580	0.3897	0.4404	-0.1480	-0.0292	0.0584
(9, 54)	true	3.6400	0.3793	0.4472	3.4380	0.3627	0.4202	-0.2020	0.0166	0.0270
(9, 54)	true	3.5400	0.3883	0.4382	3.5120	0.4225	0.4989	-0.0280	-0.0342	-0.0607
(9, 54)	false	3.1240	0.4535	0.5079	3.1200	0.5051	0.5258	0.0040	0.0515	0.0180
(9, 54)	false	3.3320	0.3787	0.5618	3.5600	0.3666	0.5191	-0.2280	-0.0121	-0.0427
(9, 54)	true	3.6120	0.4403	0.5348	3.5080	0.4362	0.4764	-0.1040	0.0042	0.0584
(9, 54)	true	3.2080	0.5000	0.4067	3.4940	0.4277	0.3753	0.2860	0.0724	0.0315
(9, 54)	false	2.8940	0.4746	0.4584	3.0480	0.4761	0.5798	-0.1540	0.0016	0.1213
(9, 54)	false	3.4920	0.4405	0.6067	3.6860	0.4173	0.5685	-0.1940	-0.0232	-0.0382
(9, 54)	true	3.5480	0.4613	0.5843	3.3620	0.3811	0.5011	-0.1860	0.0802	0.0831
(4, 16)	false	3.8060	0.3606	0.4989	3.7620	0.3549	0.4629	0.0440	-0.0056	-0.0360
(4, 16)	false	3.6400	0.3793	0.4472	3.4920	0.3682	0.4315	0.1480	-0.0111	-0.0157
(4, 16)	true	3.5400	0.3883	0.4382	3.1040	0.4846	0.4921	-0.4360	-0.0963	-0.0539
(4, 16)	false	3.1240	0.4535	0.5079	2.9980	0.4801	0.4944	0.1260	0.0265	-0.0135
(4, 16)	true	3.3320	0.3787	0.5618	3.3360	0.3700	0.5438	0.0040	0.0087	0.0180
(4, 16)	false	3.6120	0.4403	0.5348	3.5380	0.4253	0.5101	0.0740	-0.0151	-0.0247
(4, 16)	false	3.2080	0.5000	0.4067	3.1560	0.4886	0.4652	0.0520	-0.0114	0.0584
(4, 16)	false	2.8940	0.4746	0.4584	3.0800	0.5081	0.5303	-0.1860	0.0335	0.0719
(4, 16)	false	3.4920	0.4405	0.6067	3.4860	0.4192	0.6000	0.0060	-0.0213	-0.0067
(4, 16)	true	3.5480	0.4613	0.5843	3.6180	0.4473	0.5685	0.0700	0.0139	0.0157
(9, 40)	false	3.8060	0.3606	0.4989	3.7920	0.3526	0.4966	0.0140	-0.0079	-0.0022
(9, 40)	false	3.6400	0.3793	0.4472	3.7220	0.3640	0.4899	-0.0820	-0.0152	0.0427
(9, 40)	true	3.5400	0.3883	0.4382	3.2420	0.4276	0.4270	-0.2980	-0.0393	0.0112
(9, 40)	false	3.1240	0.4535	0.5079	2.9840	0.5127	0.5483	0.1400	0.0592	0.0404
(9, 40)	true	3.3320	0.3787	0.5618	3.3460	0.4015	0.5348	0.0140	-0.0228	0.0270
(9, 40)	false	3.6120	0.4403	0.5348	3.2280	0.4683	0.5438	0.3840	0.0280	0.0090
(9, 40)	false	3.2080	0.5000	0.4067	3.0420	0.5296	0.4697	0.1660	0.0296	0.0629
(9, 40)	false	2.8940	0.4746	0.4584	3.1720	0.4556	0.5034	-0.2780	-0.0190	0.0449
(9, 40)	false	3.4920	0.4405	0.6067	3.4160	0.4666	0.6135	0.0760	0.0262	0.0067
(9, 40)	true	3.5480	0.4613	0.5843	3.6940	0.3684	0.4921	0.1460	0.0929	0.0921
(3, 19)	false	3.8060	0.3606	0.4989	3.4500	0.3656	0.4472	0.3560	0.0050	-0.0517
(3, 19)	false	3.6400	0.3793	0.4472	3.5540	0.3425	0.4360	0.0860	-0.0368	-0.0112
(3, 19)	false	3.5400	0.3883	0.4382	3.4140	0.4374	0.4539	0.1260	0.0491	0.0157
(3, 19)	false	3.1240	0.4535	0.5079	3.1800	0.4563	0.5011	-0.0560	0.0027	-0.0067
(3, 19)	false	3.3320	0.3787	0.5618	3.7720	0.3302	0.5191	-0.4400	-0.0485	-0.0427
(3, 19)	false	3.6120	0.4403	0.5348	3.7380	0.3690	0.5416	-0.1260	-0.0714	0.0067
(3, 19)	false	3.2080	0.5000	0.4067	3.0880	0.5060	0.4494	0.1200	0.0060	0.0427
(3, 19)	false	2.8940	0.4746	0.4584	3.3660	0.4677	0.5416	-0.4720	-0.0069	0.0831
(3, 19)	false	3.4920	0.4405	0.6067	3.3580	0.4121	0.5618	0.1340	-0.0283	-0.0449
(3, 19)	true	3.5480	0.4613	0.5843	3.4920	0.3678	0.4854	-0.0560	0.0935	0.0989
(3, 51)	false	3.8060	0.3606	0.4989	3.5160	0.3945	0.4989	0.2900	0.0340	0.0000
(3, 51)	false	3.6400	0.3793	0.4472	3.4380	0.3737	0.4382	0.2020	-0.0055	-0.0090
(3, 51)	true	3.5400	0.3883	0.4382	3.3760	0.4477	0.4157	-0.1640	-0.0594	0.0225
(3, 51)	false	3.1240	0.4535	0.5079	3.1020	0.4768	0.4764	0.0220	0.0233	-0.0315
(3, 51)	true	3.3320	0.3787	0.5618	3.2720	0.4170	0.5506	-0.0600	-0.0383	0.0112
(3, 51)	false	3.6120	0.4403	0.5348	3.5860	0.4363	0.5213	0.0260	-0.0040	-0.0135
(3, 51)	true	3.2080	0.5000	0.4067	3.1000	0.4367	0.3955	-0.1080	0.0633	0.0112
(3, 51)	false	2.8940	0.4746	0.4584	3.1360	0.4723	0.5236	-0.2420	-0.0023	0.0652
(3, 51)	false	3.4920	0.4405	0.6067	3.4560	0.4679	0.5978	0.0360	0.0275	-0.0090
(3, 51)	true	3.5480	0.4613	0.5843	3.5540	0.4177	0.5506	0.0060	0.0435	0.0337
(5, 15)	false	3.8060	0.3606	0.4989	3.9300	0.3627	0.4787	-0.1240	0.0022	-0.0202
(5, 15)	false	3.6400	0.3793	0.4472	3.6520	0.3585	0.4472	-0.0120	-0.0208	0.0000
(5, 15)	false	3.5400	0.3883	0.4382	3.3820	0.4490	0.4652	0.1580	0.0607	0.0270
(5, 15)	true	3.1240	0.4535	0.5079	3.1380	0.4705	0.5101	0.0140	-0.0170	-0.0022
(5, 15)	false	3.3320	0.3787	0.5618	3.5560	0.3648	0.5326	-0.2240	-0.0139	-0.0292
(5, 15)	false	3.6120	0.4403	0.5348	3.7640	0.4370	0.5101	-0.1520	-0.0034	-0.0247
(5, 15)	false	3.2080	0.5000	0.4067	3.3360	0.4679	0.4090	-0.1280	-0.0322	0.0022
(5, 15)	true	2.8940	0.4746	0.4584	3.0900	0.4322	0.5034	0.1960	0.0424	-0.0449
(5, 15)	true	3.4920	0.4405	0.6067	3.5860	0.3945	0.5169	0.0940	0.0460	0.0899
(5, 15)	true	3.5480	0.4613	0.5843	3.6460	0.4176	0.5213	0.0980	0.0437	0.0629
(4, 17)	false	3.8060	0.3606	0.4989	3.7160	0.3617	0.4719	0.0900	0.0011	-0.0270
(4, 17)	false	3.6400	0.3793	0.4472	3.5640	0.3495	0.4135	0.0760	-0.0298	-0.0337
(4, 17)	false	3.5400	0.3883	0.4382	3.3800	0.4153	0.4966	0.1600	0.0270	0.0584
(4, 17)	false	3.1240	0.4535	0.5079	3.3200	0.4418	0.4944	-0.1960	-0.0117	-0.0135
(4, 17)	false	3.3320	0.3787	0.5618	3.3280	0.3589	0.5169	0.0040	-0.0198	-0.0449
(4, 17)	false	3.6120	0.4403	0.5348	3.4920	0.4275	0.5236	0.1200	-0.0128	-0.0112
(4, 17)	false	3.2080	0.5000	0.4067	3.1840	0.4394	0.4090	0.0240	-0.0606	0.0022
(4, 17)	true	2.8940	0.4746	0.4584	2.9560	0.4900	0.5169	0.0620	-0.0154	-0.0584
(4, 17)	false	3.4920	0.4405	0.6067	3.7760	0.4306	0.5730	-0.2840	-0.0098	-0.0337
(4, 17)	true	3.5480	0.4613	0.5843	3.4400	0.4498	0.5596	-0.1080	0.0115	0.0247
(41, 54)	false	3.8060	0.3606	0.4989	3.7220	0.3570	0.5146	0.0840	-0.0035	0.0157
(41, 54)	false	3.6400	0.3793	0.4472	4.0260	0.3334	0.4449	-0.3860	-0.0458	-0.0022
(41, 54)	false	3.5400	0.3883	0.4382	3.3640	0.4095	0.4764	0.1760	0.0212	0.0382
(41, 54)	false	3.1240	0.4535	0.5079	3.2620	0.4510	0.5303	-0.1380	-0.0025	0.0225
(41, 54)	false	3.3320	0.3787	0.5618	3.5000	0.4063	0.5416	-0.1680	0.0276	-0.0202
(41, 54)	true	3.6120	0.4403	0.5348	3.2580	0.3923	0.5146	-0.3540	0.0480	0.0202
(41, 54)	true	3.2080	0.5000	0.4067	3.0240	0.5090	0.4180	-0.1840	-0.0090	-0.0112
(41, 54)	true	2.8940	0.4746	0.4584	3.1320	0.4822	0.4787	0.2380	-0.0076	-0.0202
(41, 54)	true	3.4920	0.4405	0.6067	3.4940	0.4424	0.5528	0.0020	-0.0019	0.0539
(41, 54)	true	3.5480	0.4613	0.5843	3.7000	0.4090	0.5506	0.1520	0.0522	0.0337
(12, 37)	true	3.8060	0.3606	0.4989	3.5880	0.3757	0.4809	-0.2180	-0.0151	0.0180
(12, 37)	true	3.6400	0.3793	0.4472	3.5200	0.3810	0.4652	-0.1200	-0.0017	-0.0180
(12, 37)	true	3.5400	0.3883	0.4382	3.5300	0.4045	0.4764	-0.0100	-0.0162	-0.0382
(12, 37)	false	3.1240	0.4535	0.5079	2.9880	0.5008	0.4921	0.1360	0.0473	-0.0157
(12, 37)	true	3.3320	0.3787	0.5618	3.5600	0.3247	0.5011	0.2280	0.0540	0.0607
(12, 37)	false	3.6120	0.4403	0.5348	3.4680	0.3986	0.5011	0.1440	-0.0418	-0.0337
(12, 37)	true	3.2080	0.5000	0.4067	3.4120	0.4078	0.4517	0.2040	0.0922	-0.0449
(12, 37)	false	2.8940	0.4746	0.4584	2.9320	0.5157	0.5416	-0.0380	0.0411	0.0831
(12, 37)	false	3.4920	0.4405	0.6067	3.1060	0.4295	0.5820	0.3860	-0.0109	-0.0247
(12, 37)	false	3.5480	0.4613	0.5843	3.3640	0.3757	0.4989	0.1840	-0.0856	-0.0854
(1, 20)	false	3.8060	0.3606	0.4989	3.4780	0.3768	0.4607	0.3280	0.0163	-0.0382
(1, 20)	false	3.6400	0.3793	0.4472	3.7220	0.3496	0.4629	-0.0820	-0.0297	0.0157
(1, 20)	false	3.5400	0.3883	0.4382	3.3840	0.4393	0.5146	0.1560	0.0510	0.0764
(1, 20)	true	3.1240	0.4535	0.5079	3.1760	0.4619	0.5146	0.0520	-0.0084	-0.0067
(1, 20)	false	3.3320	0.3787	0.5618	3.4460	0.4314	0.5865	-0.1140	0.0527	0.0247
(1, 20)	false	3.6120	0.4403	0.5348	3.6100	0.4176	0.5281	0.0020	-0.0227	-0.0067
(1, 20)	false	3.2080	0.5000	0.4067	3.0360	0.5193	0.4899	0.1720	0.0193	0.0831
(1, 20)	false	2.8940	0.4746	0.4584	3.1080	0.4866	0.5213	-0.2140	0.0120	0.0629
(1, 20)	false	3.4920	0.4405	0.6067	3.7360	0.3942	0.5753	-0.2440	-0.0463	-0.0315
(1, 20)	false	3.5480	0.4613	0.5843	3.4680	0.4461	0.5506	0.0800	-0.0151	-0.0337
(8, 14)	false	3.8060	0.3606	0.4989	3.5400	0.3466	0.4315	0.2660	-0.0140	-0.0674
(8, 14)	false	3.6400	0.3793	0.4472	3.6560	0.3596	0.4719	-0.0160	-0.0196	0.0247
(8, 14)	false	3.5400	0.3883	0.4382	3.2660	0.3943	0.5303	0.2740	0.0060	0.0921
(8, 14)	false	3.1240	0.4535	0.5079	3.3060	0.4549	0.5326	-0.1820	0.0013	0.0247
(8, 14)	true	3.3320	0.3787	0.5618	3.5500	0.3968	0.5281	0.2180	-0.0182	0.0337
(8, 14)	false	3.6120	0.4403	0.5348	3.8340	0.4348	0.5461	-0.2220	-0.0055	0.0112
(8, 14)	false	3.2080	0.5000	0.4067	3.2600	0.4343	0.3978	-0.0520	-0.0658	-0.0090
(8, 14)	false	2.8940	0.4746	0.4584	2.9360	0.4774	0.4876	-0.0420	0.0028	0.0292
(8, 14)	false	3.4920	0.4405	0.6067	3.6160	0.4819	0.6157	-0.1240	0.0415	0.0090
(8, 14)	false	3.5480	0.4613	0.5843	3.4680	0.4142	0.5730	0.0800	-0.0471	-0.0112
(6, 53)	false	3.8060	0.3606	0.4989	3.4360	0.3553	0.4494	0.3700	-0.0053	-0.0494
(6, 53)	false	3.6400	0.3793	0.4472	3.8020	0.3320	0.4067	-0.1620	-0.0473	-0.0404
(6, 53)	false	3.5400	0.3883	0.4382	3.1980	0.4767	0.4764	0.3420	0.0884	0.0382
(6, 53)	false	3.1240	0.4535	0.5079	3.3480	0.4529	0.5281	-0.2240	-0.0007	0.0202
(6, 53)	false	3.3320	0.3787	0.5618	3.5600	0.3567	0.5146	-0.2280	-0.0220	-0.0472
(6, 53)	true	3.6120	0.4403	0.5348	3.5560	0.3741	0.4921	-0.0560	0.0662	0.0427
(6, 53)	true	3.2080	0.5000	0.4067	3.2440	0.4655	0.4562	0.0360	0.0345	-0.0494
(6, 53)	false	2.8940	0.4746	0.4584	2.8860	0.4822	0.4899	0.0080	0.0077	0.0315
(6, 53)	true	3.4920	0.4405	0.6067	3.4120	0.4037	0.5820	-0.0800	0.0367	0.0247
(6, 53)	false	3.5480	0.4613	0.5843	3.6840	0.4133	0.5461	-0.1360	-0.0480	-0.0382
(5, 52)	true	3.8060	0.3606	0.4989	3.7540	0.3469	0.4225	-0.0520	0.0137	0.0764
(5, 52)	false	3.6400	0.3793	0.4472	3.8200	0.3617	0.4337	-0.1800	-0.0176	-0.0135
(5, 52)	false	3.5400	0.3883	0.4382	3.0540	0.4748	0.5348	0.4860	0.0865	0.0966
(5, 52)	true	3.1240	0.4535	0.5079	3.0900	0.4541	0.4584	-0.0340	-0.0005	0.0494
(5, 52)	false	3.3320	0.3787	0.5618	3.4140	0.3711	0.5640	-0.0820	-0.0076	0.0022
(5, 52)	true	3.6120	0.4403	0.5348	3.8460	0.3997	0.4742	0.2340	0.0407	0.0607
(5, 52)	false	3.2080	0.5000	0.4067	3.1820	0.4452	0.3843	0.0260	-0.0548	-0.0225
(5, 52)	true	2.8940	0.4746	0.4584	3.2900	0.4862	0.5034	0.3960	-0.0116	-0.0449
(5, 52)	false	3.4920	0.4405	0.6067	3.6040	0.3989	0.5281	-0.1120	-0.0415	-0.0787
(5, 52)	false	3.5480	0.4613	0.5843	3.7740	0.4292	0.5955	-0.2260	-0.0321	0.0112
(7, 15)	false	3.8060	0.3606	0.4989	3.5740	0.3521	0.4404	0.2320	-0.0084	-0.0584
(7, 15)	false	3.6400	0.3793	0.4472	3.3660	0.3384	0.4112	0.2740	-0.0409	-0.0360
(7, 15)	false	3.5400	0.3883	0.4382	3.1440	0.4528	0.4787	0.3960	0.0645	0.0404
(7, 15)	false	3.1240	0.4535	0.5079	3.1100	0.4801	0.5124	0.0140	0.0265	0.0045
(7, 15)	false	3.3320	0.3787	0.5618	3.3760	0.3977	0.5169	-0.0440	0.0190	-0.0449
(7, 15)	true	3.6120	0.4403	0.5348	3.6560	0.4191	0.4831	0.0440	0.0212	0.0517
(7, 15)	true	3.2080	0.5000	0.4067	2.9380	0.5013	0.4876	-0.2700	-0.0012	-0.0809
(7, 15)	true	2.8940	0.4746	0.4584	3.0800	0.4193	0.4652	0.1860	0.0553	-0.0067
(7, 15)	true	3.4920	0.4405	0.6067	3.5360	0.4271	0.5326	0.0440	0.0133	0.0742
(7, 15)	false	3.5480	0.4613	0.5843	3.5640	0.4232	0.5663	-0.0160	-0.0381	-0.0180
(23, 50)	false	3.8060	0.3606	0.4989	3.4460	0.4130	0.4337	0.3600	0.0524	-0.0652
(23, 50)	false	3.6400	0.3793	0.4472	3.5240	0.4215	0.4000	0.1160	0.0422	-0.0472
(23, 50)	false	3.5400	0.3883	0.4382	3.4580	0.4015	0.4809	0.0820	0.0132	0.0427
(23, 50)	false	3.1240	0.4535	0.5079	3.0660	0.4775	0.5348	0.0580	0.0240	0.0270
(23, 50)	false	3.3320	0.3787	0.5618	3.4380	0.3674	0.5056	-0.1060	-0.0113	-0.0562
(23, 50)	false	3.6120	0.4403	0.5348	3.2720	0.4600	0.5461	0.3400	0.0196	0.0112
(23, 50)	false	3.2080	0.5000	0.4067	2.9960	0.5382	0.4742	0.2120	0.0382	0.0674
(23, 50)	true	2.8940	0.4746	0.4584	3.1900	0.3732	0.4584	0.2960	0.1014	-0.0000
(23, 50)	false	3.4920	0.4405	0.6067	3.1420	0.4964	0.6202	0.3500	0.0559	0.0135
(23, 50)	false	3.5480	0.4613	0.5843	3.2800	0.4288	0.4876	0.2680	-0.0324	-0.0966
(9, 39)	false	3.8060	0.3606	0.4989	3.5740	0.3718	0.4876	0.2320	0.0113	-0.0112
(9, 39)	false	3.6400	0.3793	0.4472	3.8580	0.3679	0.4472	-0.2180	-0.0114	0.0000
(9, 39)	false	3.5400	0.3883	0.4382	3.3000	0.4298	0.4629	0.2400	0.0415	0.0247
(9, 39)	false	3.1240	0.4535	0.5079	2.8940	0.5466	0.5101	0.2300	0.0931	0.0022
(9, 39)	false	3.3320	0.3787	0.5618	3.1200	0.3964	0.5393	0.2120	0.0177	-0.0225
(9, 39)	false	3.6120	0.4403	0.5348	3.5080	0.4253	0.5438	0.1040	-0.0151	0.0090
(9, 39)	false	3.2080	0.5000	0.4067	3.0420	0.5136	0.5146	0.1660	0.0135	0.1079
(9, 39)	false	2.8940	0.4746	0.4584	3.2840	0.4225	0.5124	-0.3900	-0.0521	0.0539
(9, 39)	true	3.4920	0.4405	0.6067	3.8160	0.4084	0.5798	0.3240	0.0320	0.0270
(9, 39)	false	3.5480	0.4613	0.5843	3.2940	0.4489	0.5618	0.2540	-0.0124	-0.0225
(4, 18)	true	3.8060	0.3606	0.4989	3.5800	0.3644	0.4876	-0.2260	-0.0039	0.0112
(4, 18)	true	3.6400	0.3793	0.4472	3.7960	0.3776	0.4247	0.1560	0.0017	0.0225
(4, 18)	false	3.5400	0.3883	0.4382	3.0540	0.5232	0.5258	0.4860	0.1349	0.0876
(4, 18)	false	3.1240	0.4535	0.5079	3.1980	0.4474	0.4876	-0.0740	-0.0061	-0.0202
(4, 18)	false	3.3320	0.3787	0.5618	3.5560	0.4318	0.5708	-0.2240	0.0532	0.0090
(4, 18)	true	3.6120	0.4403	0.5348	3.7580	0.4229	0.4629	0.1460	0.0174	0.0719
(4, 18)	true	3.2080	0.5000	0.4067	3.3700	0.4147	0.3573	0.1620	0.0853	0.0494
(4, 18)	false	2.8940	0.4746	0.4584	3.3220	0.4686	0.5663	-0.4280	-0.0060	0.1079
(4, 18)	false	3.4920	0.4405	0.6067	3.1440	0.4388	0.6000	0.3480	-0.0017	-0.0067
(4, 18)	false	3.5480	0.4613	0.5843	3.6100	0.4395	0.5955	-0.0620	-0.0218	0.0112
(42, 56)	false	3.8060	0.3606	0.4989	3.5900	0.3436	0.5056	0.2160	-0.0170	0.0067
(42, 56)	false	3.6400	0.3793	0.4472	3.4440	0.3934	0.5034	0.1960	0.0141	0.0562
(42, 56)	false	3.5400	0.3883	0.4382	3.1600	0.4373	0.5124	0.3800	0.0490	0.0742
(42, 56)	false	3.1240	0.4535	0.5079	3.2060	0.4558	0.4876	-0.0820	0.0022	-0.0202
(42, 56)	false	3.3320	0.3787	0.5618	3.7660	0.3687	0.5011	-0.4340	-0.0100	-0.0607
(42, 56)	false	3.6120	0.4403	0.5348	4.0620	0.4018	0.4876	-0.4500	-0.0385	-0.0472
(42, 56)	false	3.2080	0.5000	0.4067	3.2540	0.4766	0.4404	-0.0460	-0.0234	0.0337
(42, 56)	false	2.8940	0.4746	0.4584	2.9840	0.4793	0.5393	-0.0900	0.0047	0.0809
(42, 56)	false	3.4920	0.4405	0.6067	3.6420	0.4168	0.6045	-0.1500	-0.0236	-0.0022
(42, 56)	false	3.5480	0.4613	0.5843	3.5800	0.4053	0.5236	-0.0320	-0.0559	-0.0607
(18, 26)	true	3.8060	0.3606	0.4989	3.8280	0.3707	0.4449	0.0220	-0.0101	0.0539
(18, 26)	true	3.6400	0.3793	0.4472	3.3920	0.3562	0.4404	-0.2480	0.0231	0.0067
(18, 26)	false	3.5400	0.3883	0.4382	3.1680	0.4833	0.5124	0.3720	0.0950	0.0742
(18, 26)	true	3.1240	0.4535	0.5079	3.5780	0.3705	0.4000	0.4540	0.0830	0.1079
(18, 26)	false	3.3320	0.3787	0.5618	3.5500	0.3866	0.5416	-0.2180	0.0079	-0.0202
(18, 26)	true	3.6120	0.4403	0.5348	4.0020	0.3976	0.5079	0.3900	0.0427	0.0270
(18, 26)	false	3.2080	0.5000	0.4067	3.3980	0.4507	0.4022	-0.1900	-0.0493	-0.0045
(18, 26)	false	2.8940	0.4746	0.4584	3.2520	0.4780	0.5236	-0.3580	0.0034	0.0652
(18, 26)	false	3.4920	0.4405	0.6067	3.7120	0.4319	0.5865	-0.2200	-0.0085	-0.0202
(18, 26)	false	3.5480	0.4613	0.5843	3.6520	0.3815	0.5416	-0.1040	-0.0797	-0.0427
(7, 53)	false	3.8060	0.3606	0.4989	3.6200	0.3896	0.5213	0.1860	0.0291	0.0225
(7, 53)	false	3.6400	0.3793	0.4472	3.7100	0.3241	0.4404	-0.0700	-0.0552	-0.0067
(7, 53)	false	3.5400	0.3883	0.4382	2.6900	0.5072	0.4944	0.8500	0.1189	0.0562
(7, 53)	false	3.1240	0.4535	0.5079	3.0740	0.4729	0.4989	0.0500	0.0194	-0.0090
(7, 53)	false	3.3320	0.3787	0.5618	3.7720	0.3687	0.4989	-0.4400	-0.0100	-0.0629
(7, 53)	true	3.6120	0.4403	0.5348	3.6600	0.4419	0.5303	0.0480	-0.0016	0.0045
(7, 53)	false	3.2080	0.5000	0.4067	3.3440	0.4419	0.3955	-0.1360	-0.0582	-0.0112
(7, 53)	true	2.8940	0.4746	0.4584	3.1800	0.5057	0.4697	0.2860	-0.0311	-0.0112
(7, 53)	false	3.4920	0.4405	0.6067	3.2120	0.3977	0.5483	0.2800	-0.0427	-0.0584
(7, 53)	false	3.5480	0.4613	0.5843	3.5740	0.4362	0.5506	-0.0260	-0.0250	-0.0337
(40, 55)	false	3.8060	0.3606	0.4989	3.4540	0.4077	0.4764	0.3520	0.0472	-0.0225
(40, 55)	false	3.6400	0.3793	0.4472	4.0100	0.3396	0.3775	-0.3700	-0.0397	-0.0697
(40, 55)	false	3.5400	0.3883	0.4382	3.4460	0.4282	0.4921	0.0940	0.0399	0.0539
(40, 55)	false	3.1240	0.4535	0.5079	3.2380	0.4649	0.5079	-0.1140	0.0113	0.0000
(40, 55)	false	3.3320	0.3787	0.5618	3.7580	0.3412	0.5079	-0.4260	-0.0374	-0.0539
(40, 55)	false	3.6120	0.4403	0.5348	3.6940	0.4189	0.4697	-0.0820	-0.0214	-0.0652
(40, 55)	false	3.2080	0.5000	0.4067	2.9960	0.5423	0.4449	0.2120	0.0422	0.0382
(40, 55)	true	2.8940	0.4746	0.4584	3.1000	0.5051	0.5213	0.2060	-0.0305	-0.0629
(40, 55)	false	3.4920	0.4405	0.6067	3.7720	0.4236	0.5955	-0.2800	-0.0169	-0.0112
(40, 55)	false	3.5480	0.4613	0.5843	3.5360	0.4422	0.6180	0.0120	-0.0190	0.0337
(7, 13)	false	3.8060	0.3606	0.4989	3.5000	0.3951	0.4629	0.3060	0.0345	-0.0360
(7, 13)	false	3.6400	0.3793	0.4472	3.3200	0.3503	0.4787	0.3200	-0.0289	0.0315
(7, 13)	false	3.5400	0.3883	0.4382	3.2320	0.4642	0.5124	0.3080	0.0759	0.0742
(7, 13)	false	3.1240	0.4535	0.5079	3.1280	0.4612	0.4697	-0.0040	0.0077	-0.0382
(7, 13)	false	3.3320	0.3787	0.5618	3.4520	0.3902	0.5191	-0.1200	0.0115	-0.0427
(7, 13)	false	3.6120	0.4403	0.5348	3.4160	0.4562	0.5393	0.1960	0.0159	0.0045
(7, 13)	true	3.2080	0.5000	0.4067	3.5180	0.4206	0.3865	0.3100	0.0794	0.0202
(7, 13)	false	2.8940	0.4746	0.4584	3.1820	0.5099	0.4989	-0.2880	0.0353	0.0404
(7, 13)	true	3.4920	0.4405	0.6067	3.5840	0.4632	0.5820	0.0920	-0.0228	0.0247
(7, 13)	false	3.5480	0.4613	0.5843	3.7120	0.4104	0.5506	-0.1640	-0.0508	-0.0337
(8, 56)	false	3.8060	0.3606	0.4989	3.6300	0.3402	0.4427	0.1760	-0.0204	-0.0562
(8, 56)	false	3.6400	0.3793	0.4472	3.5560	0.3705	0.4022	0.0840	-0.0088	-0.0449
(8, 56)	false	3.5400	0.3883	0.4382	3.0160	0.4504	0.4382	0.5240	0.0620	-0.0000
(8, 56)	false	3.1240	0.4535	0.5079	3.2480	0.4554	0.4966	-0.1240	0.0018	-0.0112
(8, 56)	false	3.3320	0.3787	0.5618	3.5600	0.3558	0.4854	-0.2280	-0.0229	-0.0764
(8, 56)	true	3.6120	0.4403	0.5348	3.5260	0.4239	0.5371	-0.0860	0.0164	-0.0022
(8, 56)	false	3.2080	0.5000	0.4067	2.8040	0.5305	0.4787	0.4040	0.0304	0.0719
(8, 56)	false	2.8940	0.4746	0.4584	2.9980	0.5186	0.4787	-0.1040	0.0440	0.0202
(8, 56)	false	3.4920	0.4405	0.6067	3.7120	0.4229	0.5483	-0.2200	-0.0176	-0.0584
(8, 56)	false	3.5480	0.4613	0.5843	3.6920	0.4149	0.5798	-0.1440	-0.0464	-0.0045
(3, 50)	false	3.8060	0.3606	0.4989	3.4700	0.3934	0.4921	0.3360	0.0329	-0.0067
(3, 50)	false	3.6400	0.3793	0.4472	3.3560	0.3189	0.4000	0.2840	-0.0604	-0.0472
(3, 50)	true	3.5400	0.3883	0.4382	2.9700	0.4265	0.4449	-0.5700	-0.0382	-0.0067
(3, 50)	false	3.1240	0.4535	0.5079	3.1540	0.4794	0.5011	-0.0300	0.0259	-0.0067
(3, 50)	false	3.3320	0.3787	0.5618	3.5620	0.3640	0.4944	-0.2300	-0.0147	-0.0674
(3, 50)	false	3.6120	0.4403	0.5348	3.6740	0.4320	0.4989	-0.0620	-0.0084	-0.0360
(3, 50)	true	3.2080	0.5000	0.4067	3.1160	0.4545	0.4494	-0.0920	0.0456	-0.0427
(3, 50)	false	2.8940	0.4746	0.4584	3.0660	0.4881	0.5303	-0.1720	0.0136	0.0719
(3, 50)	false	3.4920	0.4405	0.6067	3.5640	0.4414	0.6270	-0.0720	0.0009	0.0202
(3, 50)	false	3.5480	0.4613	0.5843	3.7300	0.4119	0.5775	-0.1820	-0.0493	-0.0067
(7, 14)	false	3.8060	0.3606	0.4989	3.6820	0.3345	0.4494	0.1240	-0.0261	-0.0494
(7, 14)	false	3.6400	0.3793	0.4472	3.5840	0.3378	0.4742	0.0560	-0.0414	0.0270
(7, 14)	false	3.5400	0.3883	0.4382	3.5660	0.4264	0.4944	-0.0260	0.0381	0.0562
(7, 14)	true	3.1240	0.4535	0.5079	3.3280	0.4538	0.5124	0.2040	-0.0003	-0.0045
(7, 14)	false	3.3320	0.3787	0.5618	3.4100	0.3797	0.5079	-0.0780	0.0010	-0.0539
(7, 14)	false	3.6120	0.4403	0.5348	3.6740	0.4355	0.5461	-0.0620	-0.0048	0.0112
(7, 14)	false	3.2080	0.5000	0.4067	3.3760	0.4486	0.4067	-0.1680	-0.0515	0.0000
(7, 14)	true	2.8940	0.4746	0.4584	3.0240	0.4779	0.4539	0.1300	-0.0034	0.0045
(7, 14)	false	3.4920	0.4405	0.6067	3.4860	0.4681	0.6000	0.0060	0.0276	-0.0067
(7, 14)	false	3.5480	0.4613	0.5843	3.5780	0.3647	0.5416	-0.0300	-0.0966	-0.0427
(6, 16)	false	3.8060	0.3606	0.4989	3.5680	0.3343	0.4337	0.2380	-0.0263	-0.0652
(6, 16)	false	3.6400	0.3793	0.4472	3.4580	0.3593	0.4315	0.1820	-0.0200	-0.0157
(6, 16)	false	3.5400	0.3883	0.4382	2.9200	0.4268	0.4854	0.6200	0.0385	0.0472
(6, 16)	false	3.1240	0.4535	0.5079	3.2900	0.4438	0.5079	-0.1660	-0.0098	0.0000
(6, 16)	false	3.3320	0.3787	0.5618	3.3380	0.3668	0.5416	-0.0060	-0.0119	-0.0202
(6, 16)	false	3.6120	0.4403	0.5348	3.5440	0.4320	0.4876	0.0680	-0.0084	-0.0472
(6, 16)	false	3.2080	0.5000	0.4067	3.0900	0.5226	0.4247	0.1180	0.0225	0.0180
(6, 16)	false	2.8940	0.4746	0.4584	3.2560	0.4682	0.5551	-0.3620	-0.0064	0.0966
(6, 16)	false	3.4920	0.4405	0.6067	3.3120	0.4325	0.5888	0.1800	-0.0079	-0.0180
(6, 16)	false	3.5480	0.4613	0.5843	3.7320	0.4072	0.5573	-0.1840	-0.0540	-0.0270
(6, 15)	false	3.8060	0.3606	0.4989	3.6680	0.3353	0.4562	0.1380	-0.0253	-0.0427
(6, 15)	false	3.6400	0.3793	0.4472	3.8340	0.3352	0.4022	-0.1940	-0.0440	-0.0449
(6, 15)	false	3.5400	0.3883	0.4382	3.5020	0.4137	0.4674	0.0380	0.0254	0.0292
(6, 15)	false	3.1240	0.4535	0.5079	3.1400	0.4644	0.5236	-0.0160	0.0109	0.0157
(6, 15)	false	3.3320	0.3787	0.5618	3.4940	0.3640	0.5461	-0.1620	-0.0147	-0.0157
(6, 15)	false	3.6120	0.4403	0.5348	3.7440	0.3975	0.4787	-0.1320	-0.0428	-0.0562
(6, 15)	true	3.2080	0.5000	0.4067	3.3300	0.4349	0.4315	0.1220	0.0651	-0.0247
(6, 15)	true	2.8940	0.4746	0.4584	3.0480	0.5062	0.5551	0.1540	-0.0316	-0.0966
(6, 15)	false	3.4920	0.4405	0.6067	3.6500	0.4550	0.5506	-0.1580	0.0145	-0.0562
(6, 15)	false	3.5480	0.4613	0.5843	3.4600	0.4247	0.6112	0.0880	-0.0366	0.0270
(6, 51)	false	3.8060	0.3606	0.4989	3.4920	0.4187	0.5483	0.3140	0.0582	0.0494
(6, 51)	false	3.6400	0.3793	0.4472	3.7120	0.3533	0.4337	-0.0720	-0.0260	-0.0135
(6, 51)	false	3.5400	0.3883	0.4382	3.4980	0.4097	0.4787	0.0420	0.0214	0.0404
(6, 51)	false	3.1240	0.4535	0.5079	3.1300	0.4793	0.5236	-0.0060	0.0258	0.0157
(6, 51)	true	3.3320	0.3787	0.5618	3.5240	0.3520	0.4989	0.1920	0.0267	0.0629
(6, 51)	false	3.6120	0.4403	0.5348	3.7880	0.4367	0.5348	-0.1760	-0.0036	0.0000
(6, 51)	true	3.2080	0.5000	0.4067	3.2000	0.4885	0.4449	-0.0080	0.0115	-0.0382
(6, 51)	false	2.8940	0.4746	0.4584	2.9500	0.5045	0.5393	-0.0560	0.0299	0.0809
(6, 51)	true	3.4920	0.4405	0.6067	3.6160	0.4197	0.5955	0.1240	0.0208	0.0112
(6, 51)	false	3.5480	0.4613	0.5843	3.6360	0.4600	0.5910	-0.0880	-0.0012	0.0067
(9, 55)	true	3.8060	0.3606	0.4989	3.2580	0.3710	0.4966	-0.5480	-0.0105	0.0022
(9, 55)	true	3.6400	0.3793	0.4472	3.5720	0.3379	0.4247	-0.0680	0.0414	0.0225
(9, 55)	true	3.5400	0.3883	0.4382	3.6400	0.3871	0.4809	0.1000	0.0012	-0.0427
(9, 55)	true	3.1240	0.4535	0.5079	3.3420	0.4399	0.4831	0.2180	0.0137	0.0247
(9, 55)	false	3.3320	0.3787	0.5618	3.7680	0.3761	0.5258	-0.4360	-0.0026	-0.0360
(9, 55)	false	3.6120	0.4403	0.5348	3.5500	0.4498	0.5506	0.0620	0.0095	0.0157
(9, 55)	false	3.2080	0.5000	0.4067	3.3500	0.4088	0.4270	-0.1420	-0.0912	0.0202
(9, 55)	false	2.8940	0.4746	0.4584	2.8140	0.4889	0.5371	0.0800	0.0144	0.0787
(9, 55)	false	3.4920	0.4405	0.6067	3.6980	0.4141	0.5326	-0.2060	-0.0263	-0.0742
(9, 55)	false	3.5480	0.4613	0.5843	3.7140	0.4013	0.5663	-0.1660	-0.0599	-0.0180
(10, 56)	false	3.8060	0.3606	0.4989	3.5840	0.3649	0.4629	0.2220	0.0043	-0.0360
(10, 56)	false	3.6400	0.3793	0.4472	3.6340	0.3589	0.4404	0.0060	-0.0204	-0.0067
(10, 56)	false	3.5400	0.3883	0.4382	3.0580	0.4942	0.5079	0.4820	0.1058	0.0697
(10, 56)	false	3.1240	0.4535	0.5079	3.2380	0.4644	0.5056	-0.1140	0.0109	-0.0022
(10, 56)	false	3.3320	0.3787	0.5618	3.6220	0.3715	0.5146	-0.2900	-0.0072	-0.0472
(10, 56)	false	3.6120	0.4403	0.5348	3.6760	0.4371	0.5573	-0.0640	-0.0032	0.0225
(10, 56)	false	3.2080	0.5000	0.4067	2.9880	0.5278	0.4584	0.2200	0.0277	0.0517
(10, 56)	true	2.8940	0.4746	0.4584	2.9920	0.4990	0.5124	0.0980	-0.0244	-0.0539
(10, 56)	true	3.4920	0.4405	0.6067	3.7920	0.4434	0.6022	0.3000	-0.0029	0.0045
(10, 56)	false	3.5480	0.4613	0.5843	3.6260	0.4551	0.6067	-0.0780	-0.0061	0.0225
(3, 18)	false	3.8060	0.3606	0.4989	3.6080	0.3826	0.4764	0.1980	0.0220	-0.0225
(3, 18)	true	3.6400	0.3793	0.4472	3.6580	0.3338	0.4270	0.0180	0.0454	0.0202
(3, 18)	false	3.5400	0.3883	0.4382	2.7780	0.5014	0.4764	0.7620	0.1131	0.0382
(3, 18)	false	3.1240	0.4535	0.5079	3.1320	0.4684	0.4921	-0.0080	0.0149	-0.0157
(3, 18)	true	3.3320	0.3787	0.5618	3.4200	0.3948	0.4854	0.0880	-0.0162	0.0764
(3, 18)	false	3.6120	0.4403	0.5348	3.7280	0.4280	0.5281	-0.1160	-0.0124	-0.0067
(3, 18)	false	3.2080	0.5000	0.4067	2.9540	0.4818	0.4539	0.2540	-0.0182	0.0472
(3, 18)	true	2.8940	0.4746	0.4584	3.0540	0.5090	0.4944	0.1600	-0.0344	-0.0360
(3, 18)	true	3.4920	0.4405	0.6067	3.5900	0.4602	0.5978	0.0980	-0.0197	0.0090
(3, 18)	false	3.5480	0.4613	0.5843	3.7080	0.4083	0.5685	-0.1600	-0.0530	-0.0157
(3, 17)	false	3.8060	0.3606	0.4989	3.2820	0.3746	0.4989	0.5240	0.0140	0.0000
(3, 17)	false	3.6400	0.3793	0.4472	3.6480	0.3321	0.4427	-0.0080	-0.0472	-0.0045
(3, 17)	false	3.5400	0.3883	0.4382	3.1740	0.5091	0.5079	0.3660	0.1208	0.0697
(3, 17)	false	3.1240	0.4535	0.5079	3.1480	0.4580	0.4539	-0.0240	0.0044	-0.0539
(3, 17)	false	3.3320	0.3787	0.5618	3.7100	0.3605	0.5303	-0.3780	-0.0182	-0.0315
(3, 17)	true	3.6120	0.4403	0.5348	3.6340	0.4123	0.5011	0.0220	0.0280	0.0337
(3, 17)	true	3.2080	0.5000	0.4067	3.4440	0.4316	0.3888	0.2360	0.0684	0.0180
(3, 17)	true	2.8940	0.4746	0.4584	3.1520	0.4808	0.4921	0.2580	-0.0062	-0.0337
(3, 17)	false	3.4920	0.4405	0.6067	3.8020	0.4540	0.5798	-0.3100	0.0135	-0.0270
(3, 17)	false	3.5480	0.4613	0.5843	3.7360	0.4304	0.6045	-0.1880	-0.0308	0.0202
(39, 56)	false	3.8060	0.3606	0.4989	3.5140	0.3772	0.5213	0.2920	0.0167	0.0225
(39, 56)	false	3.6400	0.3793	0.4472	3.6960	0.3370	0.4315	-0.0560	-0.0423	-0.0157
(39, 56)	false	3.5400	0.3883	0.4382	3.2140	0.4241	0.4831	0.3260	0.0358	0.0449
(39, 56)	false	3.1240	0.4535	0.5079	3.2120	0.4573	0.4944	-0.0880	0.0038	-0.0135
(39, 56)	true	3.3320	0.3787	0.5618	3.4660	0.3335	0.4674	0.1340	0.0452	0.0944
(39, 56)	false	3.6120	0.4403	0.5348	3.7540	0.4008	0.5146	-0.1420	-0.0396	-0.0202
(39, 56)	true	3.2080	0.5000	0.4067	3.1540	0.4513	0.3843	-0.0540	0.0487	0.0225
(39, 56)	false	2.8940	0.4746	0.4584	3.1320	0.4649	0.5326	-0.2380	-0.0096	0.0742
(39, 56)	true	3.4920	0.4405	0.6067	3.6600	0.4449	0.6157	0.1680	-0.0045	-0.0090
(39, 56)	false	3.5480	0.4613	0.5843	3.6880	0.4543	0.6135	-0.1400	-0.0070	0.0292
(2, 19)	false	3.8060	0.3606	0.4989	3.3700	0.3530	0.4787	0.4360	-0.0076	-0.0202
(2, 19)	false	3.6400	0.3793	0.4472	3.4960	0.3533	0.4090	0.1440	-0.0260	-0.0382
(2, 19)	false	3.5400	0.3883	0.4382	3.1060	0.4766	0.5034	0.4340	0.0883	0.0652
(2, 19)	true	3.1240	0.4535	0.5079	3.0480	0.4772	0.4562	-0.0760	-0.0236	0.0517
(2, 19)	false	3.3320	0.3787	0.5618	3.6540	0.3806	0.5124	-0.3220	0.0019	-0.0494
(2, 19)	false	3.6120	0.4403	0.5348	3.7680	0.4208	0.5056	-0.1560	-0.0196	-0.0292
(2, 19)	false	3.2080	0.5000	0.4067	3.2020	0.4729	0.4315	0.0060	-0.0272	0.0247
(2, 19)	false	2.8940	0.4746	0.4584	3.2160	0.4626	0.5169	-0.3220	-0.0120	0.0584
(2, 19)	true	3.4920	0.4405	0.6067	3.5400	0.4780	0.5865	0.0480	-0.0375	0.0202
(2, 19)	false	3.5480	0.4613	0.5843	3.7540	0.3905	0.5281	-0.2060	-0.0707	-0.0562
(3, 26)	false	3.8060	0.3606	0.4989	3.4200	0.3645	0.4831	0.3860	0.0040	-0.0157
(3, 26)	false	3.6400	0.3793	0.4472	3.8180	0.3483	0.4157	-0.1780	-0.0310	-0.0315
(3, 26)	false	3.5400	0.3883	0.4382	3.0480	0.4969	0.5079	0.4920	0.1086	0.0697
(3, 26)	false	3.1240	0.4535	0.5079	3.0500	0.4656	0.4966	0.0740	0.0120	-0.0112
(3, 26)	false	3.3320	0.3787	0.5618	3.2420	0.4234	0.5596	0.0900	0.0447	-0.0022
(3, 26)	false	3.6120	0.4403	0.5348	3.3700	0.4120	0.5438	0.2420	-0.0283	0.0090
(3, 26)	false	3.2080	0.5000	0.4067	2.9260	0.4643	0.4382	0.2820	-0.0357	0.0315
(3, 26)	false	2.8940	0.4746	0.4584	3.3640	0.4673	0.5034	-0.4700	-0.0073	0.0449
(3, 26)	false	3.4920	0.4405	0.6067	3.6860	0.4521	0.5978	-0.1940	0.0117	-0.0090
(3, 26)	false	3.5480	0.4613	0.5843	3.2420	0.3467	0.5416	0.3060	-0.1146	-0.0427
(2, 17)	true	3.8060	0.3606	0.4989	3.5500	0.3483	0.3865	-0.2560	0.0122	0.1124
(2, 17)	true	3.6400	0.3793	0.4472	3.5800	0.3638	0.4135	-0.0600	0.0154	0.0337
(2, 17)	true	3.5400	0.3883	0.4382	3.6680	0.4237	0.4427	0.1280	-0.0354	-0.0045
(2, 17)	false	3.1240	0.4535	0.5079	3.1900	0.4554	0.4966	-0.0660	0.0019	-0.0112
(2, 17)	false	3.3320	0.3787	0.5618	3.7100	0.3562	0.5326	-0.3780	-0.0225	-0.0292
(2, 17)	false	3.6120	0.4403	0.5348	3.4960	0.4072	0.5528	0.1160	-0.0332	0.0180
(2, 17)	false	3.2080	0.5000	0.4067	3.2940	0.4119	0.4539	-0.0860	-0.0882	0.0472
(2, 17)	false	2.8940	0.4746	0.4584	3.1780	0.4639	0.5191	-0.2840	-0.0107	0.0607
(2, 17)	false	3.4920	0.4405	0.6067	3.5740	0.4347	0.6225	-0.0820	-0.0058	0.0157
(2, 17)	false	3.5480	0.4613	0.5843	3.3940	0.4030	0.5596	0.1540	-0.0583	-0.0247
(4, 52)	true	3.8060	0.3606	0.4989	3.8340	0.3743	0.4270	0.0280	-0.0137	0.0719
(4, 52)	true	3.6400	0.3793	0.4472	3.4140	0.3196	0.4539	-0.2260	0.0596	-0.0067
(4, 52)	true	3.5400	0.3883	0.4382	3.0700	0.4993	0.5011	-0.4700	-0.1110	-0.0629
(4, 52)	true	3.1240	0.4535	0.5079	3.1380	0.4444	0.4360	0.0140	0.0091	0.0719
(4, 52)	true	3.3320	0.3787	0.5618	3.7880	0.3782	0.5124	0.4560	0.0005	0.0494
(4, 52)	false	3.6120	0.4403	0.5348	3.6020	0.4106	0.4787	0.0100	-0.0297	-0.0562
(4, 52)	false	3.2080	0.5000	0.4067	3.4820	0.4118	0.4157	-0.2740	-0.0883	0.0090
(4, 52)	false	2.8940	0.4746	0.4584	3.1120	0.4844	0.4629	-0.2180	0.0098	0.0045
(4, 52)	false	3.4920	0.4405	0.6067	3.3540	0.3987	0.5416	0.1380	-0.0418	-0.0652
(4, 52)	false	3.5480	0.4613	0.5843	3.9400	0.3975	0.5326	-0.3920	-0.0638	-0.0517
(45, 51)	true	3.8060	0.3606	0.4989	3.3440	0.3426	0.4607	-0.4620	0.0179	0.0382
(45, 51)	true	3.6400	0.3793	0.4472	3.7420	0.3734	0.4427	0.1020	0.0058	0.0045
(45, 51)	true	3.5400	0.3883	0.4382	3.0400	0.4485	0.4944	-0.5000	-0.0602	-0.0562
(45, 51)	false	3.1240	0.4535	0.5079	3.3120	0.4451	0.5169	-0.1880	-0.0084	0.0090
(45, 51)	true	3.3320	0.3787	0.5618	3.6740	0.3789	0.4854	0.3420	-0.0002	0.0764
(45, 51)	true	3.6120	0.4403	0.5348	3.7460	0.3981	0.5169	0.1340	0.0423	0.0180
(45, 51)	false	3.2080	0.5000	0.4067	3.2200	0.4616	0.4315	-0.0120	-0.0384	0.0247
(45, 51)	false	2.8940	0.4746	0.4584	3.1780	0.4751	0.5326	-0.2840	0.0005	0.0742
(45, 51)	true	3.4920	0.4405	0.6067	3.5620	0.4628	0.6112	0.0700	-0.0223	-0.0045
(45, 51)	false	3.5480	0.4613	0.5843	3.9740	0.3959	0.5461	-0.4260	-0.0654	-0.0382
(1, 19)	false	3.8060	0.3606	0.4989	3.4080	0.3363	0.4382	0.3980	-0.0242	-0.0607
(1, 19)	false	3.6400	0.3793	0.4472	3.7380	0.3342	0.3730	-0.0980	-0.0451	-0.0742
(1, 19)	true	3.5400	0.3883	0.4382	3.3540	0.4248	0.4876	-0.1860	-0.0365	-0.0494
(1, 19)	true	3.1240	0.4535	0.5079	3.1880	0.4435	0.4899	0.0640	0.0100	0.0180
(1, 19)	true	3.3320	0.3787	0.5618	3.3920	0.3519	0.4809	0.0600	0.0268	0.0809
(1, 19)	false	3.6120	0.4403	0.5348	3.4240	0.4586	0.5618	0.1880	0.0183	0.0270
(1, 19)	true	3.2080	0.5000	0.4067	3.3000	0.4558	0.4427	0.0920	0.0442	-0.0360
(1, 19)	false	2.8940	0.4746	0.4584	3.3800	0.4534	0.5348	-0.4860	-0.0212	0.0764
(1, 19)	false	3.4920	0.4405	0.6067	3.5220	0.4092	0.5843	-0.0300	-0.0312	-0.0225
(1, 19)	false	3.5480	0.4613	0.5843	3.4500	0.4475	0.5213	0.0980	-0.0138	-0.0629
(12, 39)	true	3.8060	0.3606	0.4989	3.3180	0.3790	0.4921	-0.4880	-0.0185	0.0067
(12, 39)	true	3.6400	0.3793	0.4472	3.4320	0.3834	0.4876	-0.2080	-0.0042	-0.0404
(12, 39)	true	3.5400	0.3883	0.4382	3.1920	0.5156	0.4719	-0.3480	-0.1273	-0.0337
(12, 39)	false	3.1240	0.4535	0.5079	2.9660	0.5194	0.5191	0.1580	0.0658	0.0112
(12, 39)	true	3.3320	0.3787	0.5618	3.2440	0.3612	0.5124	-0.0880	0.0175	0.0494
(12, 39)	false	3.6120	0.4403	0.5348	3.2980	0.4124	0.5169	0.3140	-0.0279	-0.0180
(12, 39)	false	3.2080	0.5000	0.4067	3.1800	0.4721	0.4270	0.0280	-0.0279	0.0202
(12, 39)	true	2.8940	0.4746	0.4584	3.2600	0.4765	0.5124	0.3660	-0.0019	-0.0539
(12, 39)	false	3.4920	0.4405	0.6067	3.3720	0.4547	0.6180	0.1200	0.0142	0.0112
(12, 39)	false	3.5480	0.4613	0.5843	3.5920	0.3757	0.5348	-0.0440	-0.0855	-0.0494
(3, 20)	true	3.8060	0.3606	0.4989	3.6000	0.3552	0.4697	-0.2060	0.0053	0.0292
(3, 20)	false	3.6400	0.3793	0.4472	3.4920	0.3257	0.4157	0.1480	-0.0536	-0.0315
(3, 20)	false	3.5400	0.3883	0.4382	3.2760	0.4528	0.5124	0.2640	0.0645	0.0742
(3, 20)	true	3.1240	0.4535	0.5079	3.1800	0.4624	0.5056	0.0560	-0.0089	0.0022
(3, 20)	false	3.3320	0.3787	0.5618	3.3880	0.3560	0.5371	-0.0560	-0.0227	-0.0247
(3, 20)	false	3.6120	0.4403	0.5348	3.7360	0.4099	0.5843	-0.1240	-0.0304	0.0494
(3, 20)	false	3.2080	0.5000	0.4067	3.4200	0.3830	0.4202	-0.2120	-0.1170	0.0135
(3, 20)	false	2.8940	0.4746	0.4584	3.2520	0.4867	0.5326	-0.3580	0.0121	0.0742
(3, 20)	true	3.4920	0.4405	0.6067	3.2640	0.3681	0.5281	-0.2280	0.0724	0.0787
(3, 20)	false	3.5480	0.4613	0.5843	3.5100	0.4129	0.5910	0.0380	-0.0483	0.0067
(5, 53)	false	3.8060	0.3606	0.4989	3.5320	0.3704	0.4809	0.2740	0.0098	-0.0180
(5, 53)	false	3.6400	0.3793	0.4472	3.8640	0.3573	0.4607	-0.2240	-0.0220	0.0135
(5, 53)	false	3.5400	0.3883	0.4382	3.1980	0.4166	0.4966	0.3420	0.0283	0.0584
(5, 53)	false	3.1240	0.4535	0.5079	3.1520	0.4820	0.5348	-0.0280	0.0285	0.0270
(5, 53)	false	3.3320	0.3787	0.5618	3.4840	0.3807	0.5056	-0.1520	0.0020	-0.0562
(5, 53)	true	3.6120	0.4403	0.5348	3.7440	0.4306	0.5169	0.1320	0.0097	0.0180
(5, 53)	true	3.2080	0.5000	0.4067	3.2720	0.4466	0.4135	0.0640	0.0534	-0.0067
(5, 53)	false	2.8940	0.4746	0.4584	3.0680	0.4453	0.5011	-0.1740	-0.0293	0.0427
(5, 53)	true	3.4920	0.4405	0.6067	3.4660	0.4249	0.5528	-0.0260	0.0156	0.0539
(5, 53)	false	3.5480	0.4613	0.5843	3.2180	0.4214	0.5708	0.3300	-0.0398	-0.0135
(46, 52)	false	3.8060	0.3606	0.4989	3.4600	0.3805	0.4921	0.3460	0.0199	-0.0067
(46, 52)	false	3.6400	0.3793	0.4472	3.3060	0.3431	0.4292	0.3340	-0.0362	-0.0180
(46, 52)	false	3.5400	0.3883	0.4382	3.3540	0.4856	0.4787	0.1860	0.0973	0.0404
(46, 52)	false	3.1240	0.4535	0.5079	3.5640	0.4486	0.5169	-0.4400	-0.0050	0.0090
(46, 52)	false	3.3320	0.3787	0.5618	3.4480	0.4128	0.5326	-0.1160	0.0341	-0.0292
(46, 52)	false	3.6120	0.4403	0.5348	3.6440	0.4396	0.5573	-0.0320	-0.0008	0.0225
(46, 52)	false	3.2080	0.5000	0.4067	2.9800	0.5245	0.4899	0.2280	0.0245	0.0831
(46, 52)	true	2.8940	0.4746	0.4584	3.0400	0.5154	0.5303	0.1460	-0.0408	-0.0719
(46, 52)	false	3.4920	0.4405	0.6067	3.6320	0.4490	0.5865	-0.1400	0.0085	-0.0202
(46, 52)	false	3.5480	0.4613	0.5843	3.6340	0.4080	0.5348	-0.0860	-0.0532	-0.0494
(42, 54)	true	3.8060	0.3606	0.4989	3.5180	0.3939	0.4652	-0.2880	-0.0333	0.0337
(42, 54)	true	3.6400	0.3793	0.4472	3.6220	0.3402	0.4247	-0.0180	0.0391	0.0225
(42, 54)	true	3.5400	0.3883	0.4382	3.7320	0.3451	0.4449	0.1920	0.0432	-0.0067
(42, 54)	false	3.1240	0.4535	0.5079	3.2740	0.4434	0.4764	-0.1500	-0.0102	-0.0315
(42, 54)	false	3.3320	0.3787	0.5618	3.4360	0.3896	0.5326	-0.1040	0.0110	-0.0292
(42, 54)	false	3.6120	0.4403	0.5348	3.9220	0.4168	0.5326	-0.3100	-0.0236	-0.0022
(42, 54)	false	3.2080	0.5000	0.4067	2.9160	0.5221	0.4562	0.2920	0.0221	0.0494
(42, 54)	false	2.8940	0.4746	0.4584	3.0140	0.4991	0.5079	-0.1200	0.0245	0.0494
(42, 54)	false	3.4920	0.4405	0.6067	3.5020	0.4254	0.5798	-0.0100	-0.0151	-0.0270
(42, 54)	false	3.5480	0.4613	0.5843	3.4340	0.4547	0.5483	0.1140	-0.0065	-0.0360
(2, 50)	false	3.8060	0.3606	0.4989	3.7760	0.4049	0.4944	0.0300	0.0444	-0.0045
(2, 50)	false	3.6400	0.3793	0.4472	3.5560	0.3522	0.4180	0.0840	-0.0270	-0.0292
(2, 50)	false	3.5400	0.3883	0.4382	3.1280	0.4820	0.4921	0.4120	0.0937	0.0539
(2, 50)	false	3.1240	0.4535	0.5079	3.1260	0.4649	0.5416	-0.0020	0.0114	0.0337
(2, 50)	true	3.3320	0.3787	0.5618	3.5120	0.3684	0.4584	0.1800	0.0103	0.1034
(2, 50)	false	3.6120	0.4403	0.5348	3.6840	0.3702	0.4966	-0.0720	-0.0702	-0.0382
(2, 50)	true	3.2080	0.5000	0.4067	3.3260	0.4734	0.4135	0.1180	0.0267	-0.0067
(2, 50)	false	2.8940	0.4746	0.4584	3.0120	0.4958	0.5326	-0.1180	0.0212	0.0742
(2, 50)	false	3.4920	0.4405	0.6067	3.6760	0.4534	0.6000	-0.1840	0.0130	-0.0067
(2, 50)	false	3.5480	0.4613	0.5843	3.5100	0.4009	0.5506	0.0380	-0.0603	-0.0337
(8, 55)	false	3.8060	0.3606	0.4989	3.6660	0.3692	0.4539	0.1400	0.0086	-0.0449
(8, 55)	false	3.6400	0.3793	0.4472	3.4080	0.3478	0.4000	0.2320	-0.0315	-0.0472
(8, 55)	false	3.5400	0.3883	0.4382	3.2760	0.4029	0.4449	0.2640	0.0146	0.0067
(8, 55)	false	3.1240	0.4535	0.5079	3.4080	0.4484	0.5213	-0.2840	-0.0052	0.0135
(8, 55)	false	3.3320	0.3787	0.5618	3.4080	0.3607	0.5124	-0.0760	-0.0180	-0.0494
(8, 55)	true	3.6120	0.4403	0.5348	3.8380	0.4187	0.5348	0.2260	0.0216	0.0000
(8, 55)	false	3.2080	0.5000	0.4067	3.3800	0.4210	0.4360	-0.1720	-0.0790	0.0292
(8, 55)	false	2.8940	0.4746	0.4584	3.3220	0.4448	0.4944	-0.4280	-0.0297	0.0360
(8, 55)	true	3.4920	0.4405	0.6067	3.5940	0.4164	0.5393	0.1020	0.0241	0.0674
(8, 55)	false	3.5480	0.4613	0.5843	3.2960	0.4376	0.5685	0.2520	-0.0237	-0.0157
(7, 54)	false	3.8060	0.3606	0.4989	3.5980	0.3349	0.4517	0.2080	-0.0256	-0.0472
(7, 54)	false	3.6400	0.3793	0.4472	3.8500	0.3741	0.4629	-0.2100	-0.0052	0.0157
(7, 54)	false	3.5400	0.3883	0.4382	3.2920	0.4839	0.4944	0.2480	0.0956	0.0562
(7, 54)	true	3.1240	0.4535	0.5079	3.2720	0.4545	0.5034	0.1480	-0.0009	0.0045
(7, 54)	false	3.3320	0.3787	0.5618	3.5220	0.3883	0.5213	-0.1900	0.0096	-0.0404
(7, 54)	false	3.6120	0.4403	0.5348	3.5440	0.4242	0.5506	0.0680	-0.0162	0.0157
(7, 54)	true	3.2080	0.5000	0.4067	3.2180	0.4084	0.3573	0.0100	0.0916	0.0494
(7, 54)	false	2.8940	0.4746	0.4584	3.1260	0.5060	0.5551	-0.2320	0.0314	0.0966
(7, 54)	false	3.4920	0.4405	0.6067	3.5680	0.4369	0.6067	-0.0760	-0.0035	0.0000
(7, 54)	false	3.5480	0.4613	0.5843	3.6440	0.4266	0.5596	-0.0960	-0.0347	-0.0247
(3, 23)	false	3.8060	0.3606	0.4989	3.4280	0.4211	0.5169	0.3780	0.0606	0.0180
(3, 23)	false	3.6400	0.3793	0.4472	3.3640	0.4140	0.4809	0.2760	0.0348	0.0337
(3, 23)	false	3.5400	0.3883	0.4382	3.1040	0.4681	0.4876	0.4360	0.0798	0.0494
(3, 23)	true	3.1240	0.4535	0.5079	3.3840	0.4604	0.4764	0.2600	-0.0069	0.0315
(3, 23)	false	3.3320	0.3787	0.5618	3.3260	0.3952	0.5438	0.0060	0.0165	-0.0180
(3, 23)	true	3.6120	0.4403	0.5348	3.9400	0.3590	0.5281	0.3280	0.0813	0.0067
(3, 23)	false	3.2080	0.5000	0.4067	2.8260	0.5576	0.4831	0.3820	0.0575	0.0764
(3, 23)	true	2.8940	0.4746	0.4584	3.4500	0.4390	0.4787	0.5560	0.0356	-0.0202
(3, 23)	false	3.4920	0.4405	0.6067	3.4240	0.4275	0.5708	0.0680	-0.0129	-0.0360
(3, 23)	false	3.5480	0.4613	0.5843	3.2740	0.4526	0.5303	0.2740	-0.0087	-0.0539
(8, 54)	true	3.8060	0.3606	0.4989	3.4640	0.4083	0.4494	-0.3420	-0.0477	0.0494
(8, 54)	true	3.6400	0.3793	0.4472	3.4520	0.3771	0.3955	-0.1880	0.0022	0.0517
(8, 54)	true	3.5400	0.3883	0.4382	3.5780	0.3818	0.4719	0.0380	0.0065	-0.0337
(8, 54)	false	3.1240	0.4535	0.5079	3.0420	0.4852	0.5416	0.0820	0.0316	0.0337
(8, 54)	true	3.3320	0.3787	0.5618	3.5740	0.3626	0.4989	0.2420	0.0161	0.0629
(8, 54)	false	3.6120	0.4403	0.5348	3.8280	0.4178	0.4652	-0.2160	-0.0225	-0.0697
(8, 54)	true	3.2080	0.5000	0.4067	2.7260	0.4902	0.4539	-0.4820	0.0098	-0.0472
(8, 54)	false	2.8940	0.4746	0.4584	3.1100	0.4901	0.5461	-0.2160	0.0155	0.0876
(8, 54)	true	3.4920	0.4405	0.6067	3.5920	0.4578	0.5483	0.1000	-0.0173	0.0584
(8, 54)	false	3.5480	0.4613	0.5843	3.1640	0.4785	0.5685	0.3840	0.0172	-0.0157
(27, 52)	false	3.8060	0.3606	0.4989	3.2160	0.4647	0.4584	0.5900	0.1042	-0.0404
(27, 52)	false	3.6400	0.3793	0.4472	3.1960	0.4780	0.4764	0.4440	0.0988	0.0292
(27, 52)	true	3.5400	0.3883	0.4382	3.7260	0.3164	0.4517	0.1860	0.0719	-0.0135
(27, 52)	true	3.1240	0.4535	0.5079	3.6300	0.3948	0.5191	0.5060	0.0587	-0.0112
(27, 52)	false	3.3320	0.3787	0.5618	3.4100	0.4377	0.4629	-0.0780	0.0590	-0.0989
(27, 52)	false	3.6120	0.4403	0.5348	3.2240	0.4678	0.4989	0.3880	0.0275	-0.0360
(27, 52)	true	3.2080	0.5000	0.4067	3.7000	0.3997	0.4045	0.4920	0.1003	0.0022
(27, 52)	false	2.8940	0.4746	0.4584	3.0060	0.4903	0.5079	-0.1120	0.0157	0.0494
(27, 52)	false	3.4920	0.4405	0.6067	3.1020	0.5066	0.6180	0.3900	0.0662	0.0112
(27, 52)	false	3.5480	0.4613	0.5843	3.1740	0.4081	0.5169	0.3740	-0.0532	-0.0674
(5, 30)	false	3.8060	0.3606	0.4989	3.4760	0.3741	0.4697	0.3300	0.0136	-0.0292
(5, 30)	false	3.6400	0.3793	0.4472	3.6560	0.3592	0.4719	-0.0160	-0.0201	0.0247
(5, 30)	false	3.5400	0.3883	0.4382	2.7840	0.5267	0.5551	0.7560	0.1384	0.1169
(5, 30)	false	3.1240	0.4535	0.5079	2.8040	0.5083	0.5663	0.3200	0.0547	0.0584
(5, 30)	false	3.3320	0.3787	0.5618	3.5400	0.3805	0.5213	-0.2080	0.0018	-0.0404
(5, 30)	false	3.6120	0.4403	0.5348	3.8720	0.3921	0.4989	-0.2600	-0.0482	-0.0360
(5, 30)	false	3.2080	0.5000	0.4067	2.9020	0.5437	0.4899	0.3060	0.0437	0.0831
(5, 30)	true	2.8940	0.4746	0.4584	3.0520	0.4219	0.4989	0.1580	0.0527	-0.0404
(5, 30)	false	3.4920	0.4405	0.6067	3.1560	0.4611	0.6067	0.3360	0.0206	0.0000
(5, 30)	false	3.5480	0.4613	0.5843	2.9320	0.4012	0.5528	0.6160	-0.0601	-0.0315
(43, 53)	true	3.8060	0.3606	0.4989	3.5800	0.3649	0.4607	-0.2260	-0.0044	0.0382
(43, 53)	true	3.6400	0.3793	0.4472	3.5460	0.3669	0.4427	-0.0940	0.0124	0.0045
(43, 53)	true	3.5400	0.3883	0.4382	2.9400	0.5080	0.4809	-0.6000	-0.1196	-0.0427
(43, 53)	true	3.1240	0.4535	0.5079	3.1380	0.4791	0.4921	0.0140	-0.0255	0.0157
(43, 53)	false	3.3320	0.3787	0.5618	3.5140	0.3813	0.5056	-0.1820	0.0026	-0.0562
(43, 53)	false	3.6120	0.4403	0.5348	3.6020	0.4420	0.5303	0.0100	0.0016	-0.0045
(43, 53)	false	3.2080	0.5000	0.4067	3.0420	0.4570	0.4629	0.1660	-0.0431	0.0562
(43, 53)	false	2.8940	0.4746	0.4584	3.4920	0.4591	0.5146	-0.5980	-0.0155	0.0562
(43, 53)	false	3.4920	0.4405	0.6067	3.5580	0.4405	0.6067	-0.0660	0.0000	0.0000
(43, 53)	false	3.5480	0.4613	0.5843	3.5760	0.4168	0.5933	-0.0280	-0.0444	0.0090
(19, 26)	false	3.8060	0.3606	0.4989	3.5140	0.3867	0.4607	0.2920	0.0261	-0.0382
(19, 26)	false	3.6400	0.3793	0.4472	3.5120	0.3555	0.4337	0.1280	-0.0237	-0.0135
(19, 26)	false	3.5400	0.3883	0.4382	2.9080	0.5253	0.5034	0.6320	0.1370	0.0652
(19, 26)	false	3.1240	0.4535	0.5079	3.0940	0.4502	0.5213	0.0300	-0.0034	0.0135
(19, 26)	false	3.3320	0.3787	0.5618	3.3000	0.3675	0.5056	0.0320	-0.0112	-0.0562
(19, 26)	false	3.6120	0.4403	0.5348	3.6300	0.4257	0.5213	-0.0180	-0.0147	-0.0135
(19, 26)	false	3.2080	0.5000	0.4067	3.2180	0.4863	0.3730	-0.0100	-0.0138	-0.0337
(19, 26)	false	2.8940	0.4746	0.4584	3.0160	0.4812	0.5191	-0.1220	0.0067	0.0607
(19, 26)	false	3.4920	0.4405	0.6067	3.7280	0.4257	0.5955	-0.2360	-0.0147	-0.0112
(19, 26)	false	3.5480	0.4613	0.5843	3.5760	0.3746	0.5303	-0.0280	-0.0866	-0.0539
(4, 50)	true	3.8060	0.3606	0.4989	3.6240	0.4044	0.4742	-0.1820	-0.0439	0.0247
(4, 50)	true	3.6400	0.3793	0.4472	3.8280	0.3398	0.3978	0.1880	0.0395	0.0494
(4, 50)	true	3.5400	0.3883	0.4382	2.9320	0.4446	0.4876	-0.6080	-0.0563	-0.0494
(4, 50)	false	3.1240	0.4535	0.5079	3.2560	0.4703	0.4787	-0.1320	0.0168	-0.0292
(4, 50)	false	3.3320	0.3787	0.5618	3.3500	0.4103	0.5551	-0.0180	0.0316	-0.0067
(4, 50)	true	3.6120	0.4403	0.5348	3.5760	0.3897	0.4494	-0.0360	0.0507	0.0854
(4, 50)	false	3.2080	0.5000	0.4067	3.1940	0.4230	0.3708	0.0140	-0.0770	-0.0360
(4, 50)	false	2.8940	0.4746	0.4584	3.0580	0.4759	0.5326	-0.1640	0.0013	0.0742
(4, 50)	false	3.4920	0.4405	0.6067	3.4260	0.4401	0.5843	0.0660	-0.0004	-0.0225
(4, 50)	false	3.5480	0.4613	0.5843	3.4640	0.4130	0.5640	0.0840	-0.0483	-0.0202
(5, 17)	false	3.8060	0.3606	0.4989	3.5500	0.3515	0.4674	0.2560	-0.0090	-0.0315
(5, 17)	false	3.6400	0.3793	0.4472	3.7740	0.3686	0.4652	-0.1340	-0.0106	0.0180
(5, 17)	false	3.5400	0.3883	0.4382	3.4640	0.4114	0.4966	0.0760	0.0231	0.0584
(5, 17)	true	3.1240	0.4535	0.5079	3.2220	0.4482	0.4921	0.0980	0.0053	0.0157
(5, 17)	false	3.3320	0.3787	0.5618	3.4800	0.4056	0.5685	-0.1480	0.0269	0.0067
(5, 17)	true	3.6120	0.4403	0.5348	3.7320	0.4133	0.5281	0.1200	0.0270	0.0067
(5, 17)	true	3.2080	0.5000	0.4067	3.6440	0.3392	0.3483	0.4360	0.1609	0.0584
(5, 17)	false	2.8940	0.4746	0.4584	3.2360	0.4623	0.5640	-0.3420	-0.0122	0.1056
(5, 17)	true	3.4920	0.4405	0.6067	3.6780	0.4616	0.6090	0.1860	-0.0212	-0.0022
(5, 17)	false	3.5480	0.4613	0.5843	3.1560	0.3457	0.5079	0.3920	-0.1155	-0.0764
(8, 53)	false	3.8060	0.3606	0.4989	3.4140	0.4298	0.5708	0.3920	0.0693	0.0719
(8, 53)	false	3.6400	0.3793	0.4472	3.6020	0.3697	0.4989	0.0380	-0.0096	0.0517
(8, 53)	false	3.5400	0.3883	0.4382	3.3440	0.4781	0.5124	0.1960	0.0898	0.0742
(8, 53)	true	3.1240	0.4535	0.5079	3.3160	0.4440	0.5101	0.1920	0.0096	-0.0022
(8, 53)	true	3.3320	0.3787	0.5618	3.5620	0.3642	0.5056	0.2300	0.0145	0.0562
(8, 53)	false	3.6120	0.4403	0.5348	3.5120	0.4086	0.5146	0.1000	-0.0318	-0.0202
(8, 53)	false	3.2080	0.5000	0.4067	2.9780	0.4972	0.4449	0.2300	-0.0028	0.0382
(8, 53)	false	2.8940	0.4746	0.4584	2.9100	0.5170	0.5820	-0.0160	0.0424	0.1236
(8, 53)	true	3.4920	0.4405	0.6067	3.7980	0.4361	0.6112	0.3060	0.0044	-0.0045
(8, 53)	false	3.5480	0.4613	0.5843	3.7320	0.4157	0.5685	-0.1840	-0.0455	-0.0157
(1, 21)	false	3.8060	0.3606	0.4989	3.7020	0.3364	0.4562	0.1040	-0.0242	-0.0427
(1, 21)	false	3.6400	0.3793	0.4472	3.3940	0.3625	0.4607	0.2460	-0.0168	0.0135
(1, 21)	false	3.5400	0.3883	0.4382	3.3440	0.4391	0.4989	0.1960	0.0508	0.0607
(1, 21)	true	3.1240	0.4535	0.5079	3.1440	0.4647	0.4742	0.0200	-0.0112	0.0337
(1, 21)	false	3.3320	0.3787	0.5618	3.7760	0.3638	0.5169	-0.4440	-0.0149	-0.0449
(1, 21)	false	3.6120	0.4403	0.5348	3.6700	0.4093	0.5348	-0.0580	-0.0310	0.0000
(1, 21)	false	3.2080	0.5000	0.4067	3.3700	0.4306	0.4225	-0.1620	-0.0695	0.0157
(1, 21)	false	2.8940	0.4746	0.4584	3.2080	0.4738	0.5124	-0.3140	-0.0008	0.0539
(1, 21)	false	3.4920	0.4405	0.6067	3.5600	0.4337	0.5888	-0.0680	-0.0068	-0.0180
(1, 21)	false	3.5480	0.4613	0.5843	3.3500	0.4387	0.5933	0.1980	-0.0226	0.0090
(40, 56)	false	3.8060	0.3606	0.4989	3.5600	0.3755	0.5101	0.2460	0.0150	0.0112
(40, 56)	false	3.6400	0.3793	0.4472	3.4640	0.3978	0.5011	0.1760	0.0186	0.0539
(40, 56)	false	3.5400	0.3883	0.4382	3.2200	0.4758	0.4966	0.3200	0.0875	0.0584
(40, 56)	false	3.1240	0.4535	0.5079	3.1880	0.4573	0.4719	-0.0640	0.0038	-0.0360
(40, 56)	true	3.3320	0.3787	0.5618	3.4480	0.3691	0.5326	0.1160	0.0096	0.0292
(40, 56)	true	3.6120	0.4403	0.5348	3.7620	0.4017	0.5101	0.1500	0.0387	0.0247
(40, 56)	true	3.2080	0.5000	0.4067	3.1960	0.4503	0.4022	-0.0120	0.0497	0.0045
(40, 56)	false	2.8940	0.4746	0.4584	3.2600	0.4740	0.4876	-0.3660	-0.0006	0.0292
(40, 56)	false	3.4920	0.4405	0.6067	3.6960	0.4330	0.5978	-0.2040	-0.0075	-0.0090
(40, 56)	false	3.5480	0.4613	0.5843	3.6880	0.4258	0.5348	-0.1400	-0.0355	-0.0494
(41, 55)	false	3.8060	0.3606	0.4989	3.6140	0.3973	0.4944	0.1920	0.0367	-0.0045
(41, 55)	false	3.6400	0.3793	0.4472	3.4920	0.3844	0.4562	0.1480	0.0052	0.0090
(41, 55)	false	3.5400	0.3883	0.4382	3.3160	0.4858	0.4921	0.2240	0.0975	0.0539
(41, 55)	false	3.1240	0.4535	0.5079	3.3460	0.4295	0.4921	-0.2220	-0.0240	-0.0157
(41, 55)	false	3.3320	0.3787	0.5618	3.4800	0.3718	0.5326	-0.1480	-0.0069	-0.0292
(41, 55)	false	3.6120	0.4403	0.5348	3.7440	0.4163	0.5169	-0.1320	-0.0240	-0.0180
(41, 55)	false	3.2080	0.5000	0.4067	2.9680	0.5050	0.4787	0.2400	0.0050	0.0719
(41, 55)	false	2.8940	0.4746	0.4584	3.0240	0.4476	0.5438	-0.1300	-0.0270	0.0854
(41, 55)	false	3.4920	0.4405	0.6067	3.5200	0.4382	0.5775	-0.0280	-0.0023	-0.0292
(41, 55)	false	3.5480	0.4613	0.5843	3.0800	0.4189	0.5213	0.4680	-0.0423	-0.0629
(41, 56)	false	3.8060	0.3606	0.4989	3.5440	0.3945	0.4764	0.2620	0.0339	-0.0225
(41, 56)	false	3.6400	0.3793	0.4472	3.8360	0.3570	0.4921	-0.1960	-0.0223	0.0449
(41, 56)	false	3.5400	0.3883	0.4382	3.3640	0.4081	0.4899	0.1760	0.0198	0.0517
(41, 56)	false	3.1240	0.4535	0.5079	3.5100	0.4315	0.5011	-0.3860	-0.0221	-0.0067
(41, 56)	false	3.3320	0.3787	0.5618	3.2060	0.4093	0.5573	0.1260	0.0306	-0.0045
(41, 56)	false	3.6120	0.4403	0.5348	3.5180	0.4021	0.5169	0.0940	-0.0382	-0.0180
(41, 56)	true	3.2080	0.5000	0.4067	3.5040	0.4234	0.4157	0.2960	0.0767	-0.0090
(41, 56)	false	2.8940	0.4746	0.4584	3.2460	0.4870	0.4966	-0.3520	0.0124	0.0382
(41, 56)	false	3.4920	0.4405	0.6067	3.6220	0.4366	0.5573	-0.1300	-0.0039	-0.0494
(41, 56)	false	3.5480	0.4613	0.5843	3.6960	0.3982	0.5348	-0.1480	-0.0631	-0.0494
(4, 51)	false	3.8060	0.3606	0.4989	3.8020	0.3713	0.4225	0.0040	0.0107	-0.0764
(4, 51)	false	3.6400	0.3793	0.4472	3.6580	0.3937	0.4449	-0.0180	0.0144	-0.0022
(4, 51)	false	3.5400	0.3883	0.4382	3.3720	0.4506	0.5056	0.1680	0.0623	0.0674
(4, 51)	false	3.1240	0.4535	0.5079	3.3060	0.4728	0.5730	-0.1820	0.0193	0.0652
(4, 51)	true	3.3320	0.3787	0.5618	3.7360	0.3601	0.5393	0.4040	0.0186	0.0225
(4, 51)	false	3.6120	0.4403	0.5348	3.5500	0.4405	0.5236	0.0620	0.0001	-0.0112
(4, 51)	false	3.2080	0.5000	0.4067	3.1460	0.4310	0.3685	0.0620	-0.0690	-0.0382
(4, 51)	false	2.8940	0.4746	0.4584	3.3440	0.4779	0.5258	-0.4500	0.0034	0.0674
(4, 51)	false	3.4920	0.4405	0.6067	3.6620	0.3782	0.5753	-0.1700	-0.0623	-0.0315
(4, 51)	false	3.5480	0.4613	0.5843	3.6560	0.3756	0.4966	-0.1080	-0.0857	-0.0876
(2, 20)	true	3.8060	0.3606	0.4989	3.5000	0.3652	0.4989	-0.3060	-0.0046	-0.0000
(2, 20)	true	3.6400	0.3793	0.4472	3.5480	0.3586	0.4472	-0.0920	0.0206	0.0000
(2, 20)	true	3.5400	0.3883	0.4382	3.0680	0.4970	0.4494	-0.4720	-0.1087	-0.0112
(2, 20)	false	3.1240	0.4535	0.5079	3.0520	0.4838	0.5034	0.0720	0.0303	-0.0045
(2, 20)	false	3.3320	0.3787	0.5618	3.4120	0.3513	0.5483	-0.0800	-0.0274	-0.0135
(2, 20)	false	3.6120	0.4403	0.5348	3.3800	0.4186	0.5438	0.2320	-0.0217	0.0090
(2, 20)	false	3.2080	0.5000	0.4067	3.1720	0.4682	0.4921	0.0360	-0.0318	0.0854
(2, 20)	false	2.8940	0.4746	0.4584	2.9020	0.5024	0.5528	-0.0080	0.0278	0.0944
(2, 20)	false	3.4920	0.4405	0.6067	3.6760	0.3995	0.5730	-0.1840	-0.0410	-0.0337
(2, 20)	false	3.5480	0.4613	0.5843	3.4740	0.4265	0.5169	0.0740	-0.0347	-0.0674
(5, 16)	true	3.8060	0.3606	0.4989	3.4620	0.3589	0.4382	-0.3440	0.0016	0.0607
(5, 16)	true	3.6400	0.3793	0.4472	3.5080	0.3503	0.4337	-0.1320	0.0289	0.0135
(5, 16)	true	3.5400	0.3883	0.4382	3.3580	0.4476	0.4719	-0.1820	-0.0593	-0.0337
(5, 16)	true	3.1240	0.4535	0.5079	3.1540	0.4607	0.5371	0.0300	-0.0071	-0.0292
(5, 16)	true	3.3320	0.3787	0.5618	3.3100	0.3841	0.5236	-0.0220	-0.0055	0.0382
(5, 16)	false	3.6120	0.4403	0.5348	3.8180	0.4270	0.5438	-0.2060	-0.0133	0.0090
(5, 16)	false	3.2080	0.5000	0.4067	3.1100	0.5028	0.4562	0.0980	0.0028	0.0494
(5, 16)	false	2.8940	0.4746	0.4584	3.0040	0.4725	0.5326	-0.1100	-0.0021	0.0742
(5, 16)	false	3.4920	0.4405	0.6067	3.5880	0.4465	0.6045	-0.0960	0.0060	-0.0022
(5, 16)	false	3.5480	0.4613	0.5843	3.5660	0.4200	0.5730	-0.0180	-0.0412	-0.0112
(43, 52)	true	3.8060	0.3606	0.4989	3.8140	0.3495	0.3910	0.0080	0.0110	0.1079
(43, 52)	true	3.6400	0.3793	0.4472	3.7620	0.3569	0.4315	0.1220	0.0224	0.0157
(43, 52)	true	3.5400	0.3883	0.4382	3.5600	0.4056	0.4921	0.0200	-0.0173	-0.0539
(43, 52)	false	3.1240	0.4535	0.5079	2.9700	0.4787	0.5124	0.1540	0.0251	0.0045
(43, 52)	false	3.3320	0.3787	0.5618	3.8160	0.3549	0.5101	-0.4840	-0.0238	-0.0517
(43, 52)	false	3.6120	0.4403	0.5348	3.6660	0.4392	0.5708	-0.0540	-0.0012	0.0360
(43, 52)	true	3.2080	0.5000	0.4067	3.2820	0.4982	0.3865	0.0740	0.0019	0.0202
(43, 52)	false	2.8940	0.4746	0.4584	3.1500	0.4627	0.5124	-0.2560	-0.0118	0.0539
(43, 52)	true	3.4920	0.4405	0.6067	3.6080	0.4644	0.6000	0.1160	-0.0239	0.0067
(43, 52)	false	3.5480	0.4613	0.5843	3.5360	0.4441	0.5236	0.0120	-0.0172	-0.0607
(43, 54)	false	3.8060	0.3606	0.4989	3.6740	0.3359	0.4719	0.1320	-0.0246	-0.0270
(43, 54)	false	3.6400	0.3793	0.4472	3.6080	0.3572	0.4742	0.0320	-0.0220	0.0270
(43, 54)	false	3.5400	0.3883	0.4382	2.9280	0.4672	0.4921	0.6120	0.0789	0.0539
(43, 54)	true	3.1240	0.4535	0.5079	3.2840	0.4523	0.5551	0.1600	0.0013	-0.0472
(43, 54)	true	3.3320	0.3787	0.5618	3.3380	0.4083	0.5281	0.0060	-0.0296	0.0337
(43, 54)	true	3.6120	0.4403	0.5348	3.4720	0.4480	0.5011	-0.1400	-0.0076	0.0337
(43, 54)	false	3.2080	0.5000	0.4067	3.2880	0.3904	0.4180	-0.0800	-0.1097	0.0112
(43, 54)	true	2.8940	0.4746	0.4584	3.0180	0.4766	0.5169	0.1240	-0.0020	-0.0584
(43, 54)	false	3.4920	0.4405	0.6067	3.7140	0.4097	0.5416	-0.2220	-0.0308	-0.0652
(43, 54)	false	3.5480	0.4613	0.5843	3.5960	0.3620	0.5213	-0.0480	-0.0992	-0.0629
(42, 55)	true	3.8060	0.3606	0.4989	3.6920	0.3835	0.4899	-0.1140	-0.0229	0.0090
(42, 55)	true	3.6400	0.3793	0.4472	3.0460	0.3664	0.3888	-0.5940	0.0129	0.0584
(42, 55)	true	3.5400	0.3883	0.4382	3.3160	0.4301	0.4629	-0.2240	-0.0417	-0.0247
(42, 55)	false	3.1240	0.4535	0.5079	3.2540	0.4632	0.5056	-0.1300	0.0097	-0.0022
(42, 55)	true	3.3320	0.3787	0.5618	3.5180	0.3378	0.5146	0.1860	0.0409	0.0472
(42, 55)	true	3.6120	0.4403	0.5348	3.6740	0.4342	0.5124	0.0620	0.0062	0.0225
(42, 55)	false	3.2080	0.5000	0.4067	2.8380	0.4352	0.4067	0.3700	-0.0648	0.0000
(42, 55)	false	2.8940	0.4746	0.4584	3.2100	0.4805	0.5303	-0.3160	0.0059	0.0719
(42, 55)	true	3.4920	0.4405	0.6067	3.5380	0.4165	0.5910	0.0460	0.0240	0.0157
(42, 55)	false	3.5480	0.4613	0.5843	3.5820	0.4011	0.5483	-0.0340	-0.0601	-0.0360
(34, 40)	false	3.8060	0.3606	0.4989	3.6600	0.3826	0.4809	0.1460	0.0221	-0.0180
(34, 40)	false	3.6400	0.3793	0.4472	3.5860	0.4211	0.5011	0.0540	0.0419	0.0539
(34, 40)	false	3.5400	0.3883	0.4382	2.9320	0.4712	0.4989	0.6080	0.0829	0.0607
(34, 40)	true	3.1240	0.4535	0.5079	3.2520	0.4409	0.5124	0.1280	0.0127	-0.0045
(34, 40)	false	3.3320	0.3787	0.5618	3.5200	0.3786	0.5079	-0.1880	-0.0001	-0.0539
(34, 40)	false	3.6120	0.4403	0.5348	3.5360	0.4522	0.5213	0.0760	0.0118	-0.0135
(34, 40)	true	3.2080	0.5000	0.4067	3.3560	0.4506	0.3798	0.1480	0.0494	0.0270
(34, 40)	true	2.8940	0.4746	0.4584	3.4280	0.4442	0.4944	0.5340	0.0304	-0.0360
(34, 40)	true	3.4920	0.4405	0.6067	3.6960	0.4703	0.6157	0.2040	-0.0298	-0.0090
(34, 40)	false	3.5480	0.4613	0.5843	3.7560	0.4529	0.5978	-0.2080	-0.0083	0.0135
(9, 41)	false	3.8060	0.3606	0.4989	3.6140	0.3386	0.4989	0.1920	-0.0219	0.0000
(9, 41)	false	3.6400	0.3793	0.4472	3.5800	0.3484	0.4854	0.0600	-0.0308	0.0382
(9, 41)	false	3.5400	0.3883	0.4382	3.4840	0.3978	0.5056	0.0560	0.0095	0.0674
(9, 41)	false	3.1240	0.4535	0.5079	3.4140	0.4639	0.5371	-0.2900	0.0103	0.0292
(9, 41)	true	3.3320	0.3787	0.5618	3.0460	0.3933	0.5124	-0.2860	-0.0146	0.0494
(9, 41)	false	3.6120	0.4403	0.5348	3.4340	0.4518	0.4944	0.1780	0.0114	-0.0404
(9, 41)	false	3.2080	0.5000	0.4067	2.8860	0.5392	0.5124	0.3220	0.0391	0.1056
(9, 41)	false	2.8940	0.4746	0.4584	2.9940	0.4865	0.5753	-0.1000	0.0120	0.1169
(9, 41)	true	3.4920	0.4405	0.6067	3.4660	0.4384	0.5551	-0.0260	0.0021	0.0517
(9, 41)	false	3.5480	0.4613	0.5843	3.5940	0.4168	0.5865	-0.0460	-0.0445	0.0022
(5, 51)	false	3.8060	0.3606	0.4989	3.5320	0.3831	0.4899	0.2740	0.0225	-0.0090
(5, 51)	false	3.6400	0.3793	0.4472	3.7160	0.3900	0.4787	-0.0760	0.0107	0.0315
(5, 51)	false	3.5400	0.3883	0.4382	3.2860	0.4407	0.4899	0.2540	0.0524	0.0517
(5, 51)	false	3.1240	0.4535	0.5079	2.9740	0.4904	0.5213	0.1500	0.0369	0.0135
(5, 51)	false	3.3320	0.3787	0.5618	3.5980	0.3446	0.5124	-0.2660	-0.0341	-0.0494
(5, 51)	true	3.6120	0.4403	0.5348	3.8020	0.4088	0.5146	0.1900	0.0316	0.0202
(5, 51)	false	3.2080	0.5000	0.4067	3.0080	0.4954	0.4202	0.2000	-0.0046	0.0135
(5, 51)	false	2.8940	0.4746	0.4584	3.2120	0.4945	0.5056	-0.3180	0.0199	0.0472
(5, 51)	false	3.4920	0.4405	0.6067	3.6060	0.4252	0.5843	-0.1140	-0.0152	-0.0225
(5, 51)	false	3.5480	0.4613	0.5843	3.7580	0.4340	0.5865	-0.2100	-0.0273	0.0022
(6, 13)	false	3.8060	0.3606	0.4989	3.4000	0.3799	0.4831	0.4060	0.0193	-0.0157
(6, 13)	false	3.6400	0.3793	0.4472	3.6560	0.3583	0.4360	-0.0160	-0.0210	-0.0112
(6, 13)	false	3.5400	0.3883	0.4382	3.2120	0.4593	0.5326	0.3280	0.0710	0.0944
(6, 13)	false	3.1240	0.4535	0.5079	3.1060	0.4699	0.4742	0.0180	0.0164	-0.0337
(6, 13)	true	3.3320	0.3787	0.5618	3.5860	0.3618	0.4539	0.2540	0.0169	0.1079
(6, 13)	false	3.6120	0.4403	0.5348	3.7860	0.4212	0.5506	-0.1740	-0.0192	0.0157
(6, 13)	false	3.2080	0.5000	0.4067	2.9580	0.5116	0.4944	0.2500	0.0116	0.0876
(6, 13)	false	2.8940	0.4746	0.4584	3.2240	0.4490	0.4787	-0.3300	-0.0256	0.0202
(6, 13)	false	3.4920	0.4405	0.6067	3.7240	0.4336	0.6247	-0.2320	-0.0069	0.0180
(6, 13)	false	3.5480	0.4613	0.5843	3.6880	0.4002	0.5169	-0.1400	-0.0610	-0.0674
(40, 54)	true	3.8060	0.3606	0.4989	3.6980	0.3582	0.4360	-0.1080	0.0024	0.0629
(40, 54)	true	3.6400	0.3793	0.4472	3.6040	0.3366	0.4225	-0.0360	0.0427	0.0247
(40, 54)	true	3.5400	0.3883	0.4382	3.4620	0.4342	0.4517	-0.0780	-0.0459	-0.0135
(40, 54)	true	3.1240	0.4535	0.5079	3.3840	0.4534	0.4831	0.2600	0.0001	0.0247
(40, 54)	false	3.3320	0.3787	0.5618	3.2140	0.3489	0.4989	0.1180	-0.0298	-0.0629
(40, 54)	false	3.6120	0.4403	0.5348	3.3420	0.3868	0.5236	0.2700	-0.0535	-0.0112
(40, 54)	false	3.2080	0.5000	0.4067	2.9700	0.4539	0.3708	0.2380	-0.0462	-0.0360
(40, 54)	false	2.8940	0.4746	0.4584	3.1780	0.4815	0.5124	-0.2840	0.0069	0.0539
(40, 54)	true	3.4920	0.4405	0.6067	3.6940	0.4380	0.5865	0.2020	0.0024	0.0202
(40, 54)	false	3.5480	0.4613	0.5843	3.4600	0.4115	0.5416	0.0880	-0.0497	-0.0427